#
# A fatal error has been detected by the Java Runtime Environment:
#
#  SIGBUS (0x7) at pc=0x00007ff461351c60, pid=11451, tid=140687385253632
#
# JRE version: 6.0_27-b27
# Java VM: OpenJDK 64-Bit Server VM (20.0-b12 mixed mode linux-amd64 compressed oops)
# Derivative: IcedTea6 1.12.6
# Distribution: Debian GNU/Linux 7.1 (wheezy), package 6b27-1.12.6-1~deb7u1
# Problematic frame:
# 
[error occurred during error reporting (printing problematic frame), id 0x7]

# If you would like to submit a bug report, please include
# instructions how to reproduce the bug and visit:
#   http://icedtea.classpath.org/bugzilla
# The crash happened outside the Java Virtual Machine in native code.
# See problematic frame for where to report the bug.
#

---------------  T H R E A D  ---------------

Current thread (0x00007ff45c17d000):  JavaThread "LWJGL Application" [_thread_in_native, id=11566, stack(0x00007ff4558f5000,0x00007ff4559f6000)]

siginfo:si_signo=SIGBUS: si_errno=0, si_code=2 (BUS_ADRERR), si_addr=0x00007ff461351c60

Registers:
RAX=0x00007ff4559f49b8, RBX=0x00000000f00ed090, RCX=0x00000000011657b0, RDX=0x00007ff46ae64c80
RSP=0x00007ff4559f4918, RBP=0x00007ff4559f4960, RSI=0x00007ff4559f4950, RDI=0x00007ff45c17d1d0
R8 =0x00000000f00ed090, R9 =0x00000000f00904d8, R10=0x00007ff4655c625e, R11=0x0000000000000000
R12=0x0000000000000000, R13=0x0000000000000011, R14=0x00007ff4559f4950, R15=0x00007ff45c17d000
RIP=0x00007ff461351c60, EFLAGS=0x0000000000010246, CSGSFS=0x0000000000000033, ERR=0x0000000000000014
  TRAPNO=0x000000000000000e

Top of Stack: (sp=0x00007ff4559f4918)
0x00007ff4559f4918:   00007ff4655c62cc 00000000f00ed090
0x00007ff4559f4928:   00000000f00ed0b0 0000000000000000
0x00007ff4559f4938:   0000000000000011 00000000f00908d0
0x00007ff4559f4948:   00007ff45c17d000 00000000c3e5ebc8
0x00007ff4559f4958:   00007ff46552b6be 00000000f00ed090
0x00007ff4559f4968:   00007ff4656305c8 f00ed0b0c3e62290
0x00007ff4559f4978:   00000000f00f00e8 00000000f00ed090
0x00007ff4559f4988:   00007ff4f0167330 00000000f00ed090
0x00007ff4559f4998:   00000000f00ed090 00007ff4f0092330
0x00007ff4559f49a8:   00000000f0090b20 00000034b23d1229
0x00007ff4559f49b8:   0000000000000029 00000000c40386f8
0x00007ff4559f49c8:   0000000000000000 00000000f015afd0
0x00007ff4559f49d8:   00007ff4656219c4 0000000000000000
0x00007ff4559f49e8:   3f8000003c88c15d 00000000f00908d0
0x00007ff4559f49f8:   00007ff465618958 f00908d000000000
0x00007ff4559f4a08:   00000000f00908d0 00000000f00908d0
0x00007ff4559f4a18:   00000000f015d1b8 0000000000000029
0x00007ff4559f4a28:   0000000000000000 000000000000c1f3
0x00007ff4559f4a38:   000000001af7913d 000000000000003d
0x00007ff4559f4a48:   00007ff465629ee4 00000000f00909b8
0x00007ff4559f4a58:   00000000f0090a00 000001f400000320
0x00007ff4559f4a68:   0000000000000000 0000000000000001
0x00007ff4559f4a78:   00000000f0090ad0 00000000f0090a00
0x00007ff4559f4a88:   00000000f0090a00 00000000f0090a00
0x00007ff4559f4a98:   0000000000000007 0000000000000029
0x00007ff4559f4aa8:   0000000000000000 00007ff4559f4b10
0x00007ff4559f4ab8:   00007ff4654d48da 00000000f00909c0
0x00007ff4559f4ac8:   00000000f0090978 00007ff4559f4ad0
0x00007ff4559f4ad8:   00000000c39865cb 00007ff4559f4b28
0x00007ff4559f4ae8:   00000000c3e34028 0000000000000000
0x00007ff4559f4af8:   00000000c3986628 00007ff4559f4ac8
0x00007ff4559f4b08:   00007ff4559f4b28 00007ff4559f4b90 

Instructions: (pc=0x00007ff461351c60)
0x00007ff461351c40:   
[error occurred during error reporting (printing registers, top of stack, instructions near pc), id 0x7]

Register to memory mapping:

RAX=0x00007ff4559f49b8 is pointing into the stack for thread: 0x00007ff45c17d000
RBX=0x00000000f00ed090 is an oop
org.lwjgl.opengl.LinuxDisplayPeerInfo 
 - klass: 'org/lwjgl/opengl/LinuxDisplayPeerInfo'
RCX=0x00000000011657b0 is an unknown value
RDX=0x00007ff46ae64c80: <offset 0xbbac80> in /usr/lib/jvm/java-6-openjdk-amd64/jre/lib/amd64/server/libjvm.so at 0x00007ff46a2aa000
RSP=0x00007ff4559f4918 is pointing into the stack for thread: 0x00007ff45c17d000
RBP=0x00007ff4559f4960 is pointing into the stack for thread: 0x00007ff45c17d000
RSI=0x00007ff4559f4950 is pointing into the stack for thread: 0x00007ff45c17d000
RDI=0x00007ff45c17d1d0 is an unknown value
R8 =0x00000000f00ed090 is an oop
org.lwjgl.opengl.LinuxDisplayPeerInfo 
 - klass: 'org/lwjgl/opengl/LinuxDisplayPeerInfo'
R9 =0x00000000f00904d8 is an oop
com.badlogic.gdx.backends.lwjgl.LwjglApplication$1 
 - klass: 'com/badlogic/gdx/backends/lwjgl/LwjglApplication$1'
R10=0x00007ff4655c6090 [CodeBlob (0x00007ff4655c6090)]
Framesize: 10
R11=0x0000000000000000 is an unknown value
R12=0x0000000000000000 is an unknown value
R13=0x0000000000000011 is an unknown value
R14=0x00007ff4559f4950 is pointing into the stack for thread: 0x00007ff45c17d000
R15=0x00007ff45c17d000 is a thread


Stack: [0x00007ff4558f5000,0x00007ff4559f6000],  sp=0x00007ff4559f4918,  free space=1022k
Native frames: (J=compiled Java code, j=interpreted, Vv=VM code, C=native code)

[error occurred during error reporting (printing native stack), id 0x7]

Java frames: (J=compiled Java code, j=interpreted, Vv=VM code)
J  org.lwjgl.opengl.LinuxDisplay.nUnlockAWT()V
J  org.lwjgl.opengl.ContextGL.swapBuffers()V
J  org.lwjgl.opengl.DrawableGL.swapBuffers()V
J  org.lwjgl.opengl.Display.update(Z)V
J  com.badlogic.gdx.backends.lwjgl.LwjglApplication.mainLoop()V
j  com.badlogic.gdx.backends.lwjgl.LwjglApplication$1.run()V+27
v  ~StubRoutines::call_stub

---------------  P R O C E S S  ---------------

Java Threads: ( => current thread )
  0x00007ff45cc19000 JavaThread "AsynchExecutor-Thread" daemon [_thread_blocked, id=11571, stack(0x00007ff4557f4000,0x00007ff4558f5000)]
  0x00007ff45c1e3000 JavaThread "DestroyJavaVM" [_thread_blocked, id=11456, stack(0x00007ff46bb46000,0x00007ff46bc47000)]
=>0x00007ff45c17d000 JavaThread "LWJGL Application" [_thread_in_native, id=11566, stack(0x00007ff4558f5000,0x00007ff4559f6000)]
  0x00007ff45c143800 JavaThread "AWT-XAWT" daemon [_thread_in_native, id=11562, stack(0x00007ff461a8d000,0x00007ff461b8e000)]
  0x00007ff45c0b2800 JavaThread "Java2D Disposer" daemon [_thread_blocked, id=11561, stack(0x00007ff461e2c000,0x00007ff461f2d000)]
  0x0000000000f8e800 JavaThread "Low Memory Detector" daemon [_thread_blocked, id=11474, stack(0x00007ff463e88000,0x00007ff463f89000)]
  0x0000000000f89800 JavaThread "C2 CompilerThread1" daemon [_thread_blocked, id=11473, stack(0x00007ff463f89000,0x00007ff46408a000)]
  0x0000000000f86000 JavaThread "C2 CompilerThread0" daemon [_thread_blocked, id=11471, stack(0x00007ff46408a000,0x00007ff46418b000)]
  0x0000000000f78800 JavaThread "JDWP Command Reader" daemon [_thread_in_native, id=11469, stack(0x00007ff46418b000,0x00007ff46428c000)]
  0x0000000000f76800 JavaThread "JDWP Event Helper Thread" daemon [_thread_blocked, id=11468, stack(0x00007ff46428c000,0x00007ff46438d000)]
  0x0000000000f73000 JavaThread "JDWP Transport Listener: dt_socket" daemon [_thread_blocked, id=11465, stack(0x00007ff46438d000,0x00007ff46448e000)]
  0x0000000000f58800 JavaThread "Signal Dispatcher" daemon [_thread_blocked, id=11463, stack(0x00007ff464692000,0x00007ff464793000)]
  0x0000000000f41800 JavaThread "Finalizer" daemon [_thread_blocked, id=11462, stack(0x00007ff464793000,0x00007ff464894000)]
  0x0000000000f3f800 JavaThread "Reference Handler" daemon [_thread_blocked, id=11461, stack(0x00007ff464894000,0x00007ff464995000)]

Other Threads:
  0x0000000000f3a800 VMThread [stack: 0x00007ff464995000,0x00007ff464a96000] [id=11460]
  0x0000000000f91800 WatcherThread [stack: 0x00007ff463d87000,0x00007ff463e88000] [id=11475]

VM state:not at safepoint (normal execution)

VM Mutex/Monitor currently owned by a thread: None

Heap
 PSYoungGen      total 14656K, used 6979K [0x00000000ef400000, 0x00000000f0580000, 0x0000000100000000)
  eden space 12544K, 39% used [0x00000000ef400000,0x00000000ef8d3f40,0x00000000f0040000)
  from space 2112K, 96% used [0x00000000f0090000,0x00000000f028cdd8,0x00000000f02a0000)
  to   space 2688K, 0% used [0x00000000f02e0000,0x00000000f02e0000,0x00000000f0580000)
 PSOldGen        total 34304K, used 0K [0x00000000cdc00000, 0x00000000cfd80000, 0x00000000ef400000)
  object space 34304K, 0% used [0x00000000cdc00000,0x00000000cdc00000,0x00000000cfd80000)
 PSPermGen       total 21248K, used 14031K [0x00000000c3600000, 0x00000000c4ac0000, 0x00000000cdc00000)
  object space 21248K, 66% used [0x00000000c3600000,0x00000000c43b3e98,0x00000000c4ac0000)

Code Cache  [0x00007ff4654cf000, 0x00007ff46573f000, 0x00007ff4684cf000)
 total_blobs=900 nmethods=374 adapters=488 free_code_cache=48908288 largest_free_block=11776

Dynamic libraries:
00400000-00409000 r-xp 00000000 08:01 144298                             /usr/lib/jvm/java-6-openjdk-amd64/jre/bin/java
00608000-00609000 rw-p 00008000 08:01 144298                             /usr/lib/jvm/java-6-openjdk-amd64/jre/bin/java
00ec7000-020f1000 rw-p 00000000 00:00 0                                  [heap]
40f8c000-4100a000 rw-p 00000000 00:00 0 
41a36000-41a38000 r-xs 00000000 08:01 283050                             /tmp/glh7MOyb (deleted)
c3600000-c4ac0000 rw-p 00000000 00:00 0 
c4ac0000-cdc00000 rw-p 00000000 00:00 0 
cdc00000-cfd80000 rw-p 00000000 00:00 0 
cfd80000-ef400000 rw-p 00000000 00:00 0 
ef400000-f0580000 rw-p 00000000 00:00 0 
f0580000-100000000 rw-p 00000000 00:00 0 
7ff451d3c000-7ff451d5f000 r-xp 00000000 08:01 400708                     /tmp/libgdxnemo9955/b97b1fcd/libgdx-controllers-desktop64.so
7ff451d5f000-7ff451f5f000 ---p 00023000 08:01 400708                     /tmp/libgdxnemo9955/b97b1fcd/libgdx-controllers-desktop64.so
7ff451f5f000-7ff451f60000 r--p 00023000 08:01 400708                     /tmp/libgdxnemo9955/b97b1fcd/libgdx-controllers-desktop64.so
7ff451f60000-7ff451f61000 rw-p 00024000 08:01 400708                     /tmp/libgdxnemo9955/b97b1fcd/libgdx-controllers-desktop64.so
7ff451f61000-7ff451f76000 r-xp 00000000 08:01 144247                     /usr/lib/jvm/java-6-openjdk-amd64/jre/lib/amd64/libnet.so
7ff451f76000-7ff452175000 ---p 00015000 08:01 144247                     /usr/lib/jvm/java-6-openjdk-amd64/jre/lib/amd64/libnet.so
7ff452175000-7ff452176000 rw-p 00014000 08:01 144247                     /usr/lib/jvm/java-6-openjdk-amd64/jre/lib/amd64/libnet.so
7ff452176000-7ff452576000 rw-s 5c9b4000 00:05 4796                       /dev/nvidia0
7ff452576000-7ff452976000 rw-s 09257000 00:05 4796                       /dev/nvidia0
7ff452976000-7ff452b76000 rw-s 2b2f0000 00:05 4796                       /dev/nvidia0
7ff452b76000-7ff452d76000 rw-s 1ec2c000 00:05 4796                       /dev/nvidia0
7ff452d76000-7ff452e76000 rw-s c5cca000 00:05 4796                       /dev/nvidia0
7ff452e76000-7ff452eea000 rw-p 00000000 00:00 0 
7ff452eea000-7ff4548ba000 r-xp 00000000 08:01 282961                     /usr/lib/x86_64-linux-gnu/libnvidia-glcore.so.304.88
7ff4548ba000-7ff454ab9000 ---p 019d0000 08:01 282961                     /usr/lib/x86_64-linux-gnu/libnvidia-glcore.so.304.88
7ff454ab9000-7ff4552ba000 rwxp 019cf000 08:01 282961                     /usr/lib/x86_64-linux-gnu/libnvidia-glcore.so.304.88
7ff4552ba000-7ff4552d4000 rwxp 00000000 00:00 0 
7ff4552d4000-7ff4552d7000 r-xp 00000000 08:01 551171                     /usr/lib/x86_64-linux-gnu/tls/libnvidia-tls.so.304.88
7ff4552d7000-7ff4554d6000 ---p 00003000 08:01 551171                     /usr/lib/x86_64-linux-gnu/tls/libnvidia-tls.so.304.88
7ff4554d6000-7ff4554d7000 rw-p 00002000 08:01 551171                     /usr/lib/x86_64-linux-gnu/tls/libnvidia-tls.so.304.88
7ff4554d7000-7ff4555a1000 r-xp 00000000 08:01 678444                     /usr/lib/x86_64-linux-gnu/nvidia/current/libGL.so.304.88
7ff4555a1000-7ff4557a1000 ---p 000ca000 08:01 678444                     /usr/lib/x86_64-linux-gnu/nvidia/current/libGL.so.304.88
7ff4557a1000-7ff4557de000 rwxp 000ca000 08:01 678444                     /usr/lib/x86_64-linux-gnu/nvidia/current/libGL.so.304.88
7ff4557de000-7ff4557f4000 rwxp 00000000 00:00 0 
7ff4557f4000-7ff4557f7000 ---p 00000000 00:00 0 
7ff4557f7000-7ff4558f5000 rw-p 00000000 00:00 0 
7ff4558f5000-7ff4558f8000 ---p 00000000 00:00 0 
7ff4558f8000-7ff4559f6000 rw-p 00000000 00:00 0 
7ff4559f6000-7ff4599f7000 rw-s 00000000 00:11 925996                     /run/shm/pulse-shm-4087117850
7ff4599f7000-7ff4599f8000 ---p 00000000 00:00 0 
7ff4599f8000-7ff45a1f8000 rw-p 00000000 00:00 0 
7ff45a1f8000-7ff45a20b000 r-xp 00000000 08:01 916431                     /lib/x86_64-linux-gnu/libresolv-2.13.so
7ff45a20b000-7ff45a40a000 ---p 00013000 08:01 916431                     /lib/x86_64-linux-gnu/libresolv-2.13.so
7ff45a40a000-7ff45a40b000 r--p 00012000 08:01 916431                     /lib/x86_64-linux-gnu/libresolv-2.13.so
7ff45a40b000-7ff45a40c000 rw-p 00013000 08:01 916431                     /lib/x86_64-linux-gnu/libresolv-2.13.so
7ff45a40c000-7ff45a40e000 rw-p 00000000 00:00 0 
7ff45a40e000-7ff45a414000 r-xp 00000000 08:01 264971                     /usr/lib/x86_64-linux-gnu/libogg.so.0.8.0
7ff45a414000-7ff45a613000 ---p 00006000 08:01 264971                     /usr/lib/x86_64-linux-gnu/libogg.so.0.8.0
7ff45a613000-7ff45a614000 rw-p 00005000 08:01 264971                     /usr/lib/x86_64-linux-gnu/libogg.so.0.8.0
7ff45a614000-7ff45a640000 r-xp 00000000 08:01 265193                     /usr/lib/x86_64-linux-gnu/libvorbis.so.0.4.5
7ff45a640000-7ff45a83f000 ---p 0002c000 08:01 265193                     /usr/lib/x86_64-linux-gnu/libvorbis.so.0.4.5
7ff45a83f000-7ff45a840000 r--p 0002b000 08:01 265193                     /usr/lib/x86_64-linux-gnu/libvorbis.so.0.4.5
7ff45a840000-7ff45a841000 rw-p 0002c000 08:01 265193                     /usr/lib/x86_64-linux-gnu/libvorbis.so.0.4.5
7ff45a841000-7ff45aaf4000 r-xp 00000000 08:01 265195                     /usr/lib/x86_64-linux-gnu/libvorbisenc.so.2.0.8
7ff45aaf4000-7ff45acf3000 ---p 002b3000 08:01 265195                     /usr/lib/x86_64-linux-gnu/libvorbisenc.so.2.0.8
7ff45acf3000-7ff45ad0f000 r--p 002b2000 08:01 265195                     /usr/lib/x86_64-linux-gnu/libvorbisenc.so.2.0.8
7ff45ad0f000-7ff45ad10000 rw-p 002ce000 08:01 265195                     /usr/lib/x86_64-linux-gnu/libvorbisenc.so.2.0.8
7ff45ad10000-7ff45ad5b000 r-xp 00000000 08:01 264365                     /usr/lib/x86_64-linux-gnu/libFLAC.so.8.2.0
7ff45ad5b000-7ff45af5a000 ---p 0004b000 08:01 264365                     /usr/lib/x86_64-linux-gnu/libFLAC.so.8.2.0
7ff45af5a000-7ff45af5b000 r--p 0004a000 08:01 264365                     /usr/lib/x86_64-linux-gnu/libFLAC.so.8.2.0
7ff45af5b000-7ff45af5c000 rw-p 0004b000 08:01 264365                     /usr/lib/x86_64-linux-gnu/libFLAC.so.8.2.0
7ff45af5c000-7ff45af60000 r-xp 00000000 08:01 916163                     /lib/x86_64-linux-gnu/libuuid.so.1.3.0
7ff45af60000-7ff45b15f000 ---p 00004000 08:01 916163                     /lib/x86_64-linux-gnu/libuuid.so.1.3.0
7ff45b15f000-7ff45b160000 r--p 00003000 08:01 916163                     /lib/x86_64-linux-gnu/libuuid.so.1.3.0
7ff45b160000-7ff45b161000 rw-p 00004000 08:01 916163                     /lib/x86_64-linux-gnu/libuuid.so.1.3.0
7ff45b161000-7ff45b165000 r-xp 00000000 08:01 916027                     /lib/x86_64-linux-gnu/libattr.so.1.1.0
7ff45b165000-7ff45b364000 ---p 00004000 08:01 916027                     /lib/x86_64-linux-gnu/libattr.so.1.1.0
7ff45b364000-7ff45b365000 r--p 00003000 08:01 916027                     /lib/x86_64-linux-gnu/libattr.so.1.1.0
7ff45b365000-7ff45b366000 rw-p 00004000 08:01 916027                     /lib/x86_64-linux-gnu/libattr.so.1.1.0
7ff45b366000-7ff45b36b000 r-xp 00000000 08:01 264468                     /usr/lib/x86_64-linux-gnu/libasyncns.so.0.3.1
7ff45b36b000-7ff45b56a000 ---p 00005000 08:01 264468                     /usr/lib/x86_64-linux-gnu/libasyncns.so.0.3.1
7ff45b56a000-7ff45b56b000 rw-p 00004000 08:01 264468                     /usr/lib/x86_64-linux-gnu/libasyncns.so.0.3.1
7ff45b56b000-7ff45b5cc000 r-xp 00000000 08:01 265087                     /usr/lib/x86_64-linux-gnu/libsndfile.so.1.0.25
7ff45b5cc000-7ff45b7cb000 ---p 00061000 08:01 265087                     /usr/lib/x86_64-linux-gnu/libsndfile.so.1.0.25
7ff45b7cb000-7ff45b7cd000 r--p 00060000 08:01 265087                     /usr/lib/x86_64-linux-gnu/libsndfile.so.1.0.25
7ff45b7cd000-7ff45b7ce000 rw-p 00062000 08:01 265087                     /usr/lib/x86_64-linux-gnu/libsndfile.so.1.0.25
7ff45b7ce000-7ff45b7d2000 rw-p 00000000 00:00 0 
7ff45b7d2000-7ff45b7db000 r-xp 00000000 08:01 916165                     /lib/x86_64-linux-gnu/libwrap.so.0.7.6
7ff45b7db000-7ff45b9da000 ---p 00009000 08:01 916165                     /lib/x86_64-linux-gnu/libwrap.so.0.7.6
7ff45b9da000-7ff45b9db000 r--p 00008000 08:01 916165                     /lib/x86_64-linux-gnu/libwrap.so.0.7.6
7ff45b9db000-7ff45b9dc000 rw-p 00009000 08:01 916165                     /lib/x86_64-linux-gnu/libwrap.so.0.7.6
7ff45b9dc000-7ff45b9dd000 rw-p 00000000 00:00 0 
7ff45b9dd000-7ff45b9e4000 r-xp 00000000 08:01 264394                     /usr/lib/x86_64-linux-gnu/libSM.so.6.0.1
7ff45b9e4000-7ff45bbe3000 ---p 00007000 08:01 264394                     /usr/lib/x86_64-linux-gnu/libSM.so.6.0.1
7ff45bbe3000-7ff45bbe4000 rw-p 00006000 08:01 264394                     /usr/lib/x86_64-linux-gnu/libSM.so.6.0.1
7ff45bbe4000-7ff45bbfb000 r-xp 00000000 08:01 264375                     /usr/lib/x86_64-linux-gnu/libICE.so.6.3.0
7ff45bbfb000-7ff45bdfa000 ---p 00017000 08:01 264375                     /usr/lib/x86_64-linux-gnu/libICE.so.6.3.0
7ff45bdfa000-7ff45bdfc000 rw-p 00016000 08:01 264375                     /usr/lib/x86_64-linux-gnu/libICE.so.6.3.0
7ff45bdfc000-7ff45bdff000 rw-p 00000000 00:00 0 
7ff45bdff000-7ff45be00000 r-xp 00000000 08:01 272883                     /usr/lib/x86_64-linux-gnu/libX11-xcb.so.1.0.0
7ff45be00000-7ff45bfff000 ---p 00001000 08:01 272883                     /usr/lib/x86_64-linux-gnu/libX11-xcb.so.1.0.0
7ff45bfff000-7ff45c000000 rw-p 00000000 08:01 272883                     /usr/lib/x86_64-linux-gnu/libX11-xcb.so.1.0.0
7ff45c000000-7ff45e828000 rw-p 00000000 00:00 0 
7ff45e828000-7ff460000000 ---p 00000000 00:00 0 
7ff460002000-7ff4600a0000 rw-p 00000000 00:00 0 
7ff4600a0000-7ff4600a1000 ---p 00000000 00:00 0 
7ff4600a1000-7ff4601a1000 rw-p 00000000 00:00 0 
7ff4601a1000-7ff4601a5000 r-xp 00000000 08:01 916038                     /lib/x86_64-linux-gnu/libcap.so.2.22
7ff4601a5000-7ff4603a4000 ---p 00004000 08:01 916038                     /lib/x86_64-linux-gnu/libcap.so.2.22
7ff4603a4000-7ff4603a5000 rw-p 00003000 08:01 916038                     /lib/x86_64-linux-gnu/libcap.so.2.22
7ff4603a5000-7ff4603e9000 r-xp 00000000 08:01 916060                     /lib/x86_64-linux-gnu/libdbus-1.so.3.7.2
7ff4603e9000-7ff4605e9000 ---p 00044000 08:01 916060                     /lib/x86_64-linux-gnu/libdbus-1.so.3.7.2
7ff4605e9000-7ff4605ea000 r--p 00044000 08:01 916060                     /lib/x86_64-linux-gnu/libdbus-1.so.3.7.2
7ff4605ea000-7ff4605eb000 rw-p 00045000 08:01 916060                     /lib/x86_64-linux-gnu/libdbus-1.so.3.7.2
7ff4605eb000-7ff46064c000 r-xp 00000000 08:01 265339                     /usr/lib/x86_64-linux-gnu/pulseaudio/libpulsecommon-2.0.so
7ff46064c000-7ff46084b000 ---p 00061000 08:01 265339                     /usr/lib/x86_64-linux-gnu/pulseaudio/libpulsecommon-2.0.so
7ff46084b000-7ff46084c000 r--p 00060000 08:01 265339                     /usr/lib/x86_64-linux-gnu/pulseaudio/libpulsecommon-2.0.so
7ff46084c000-7ff46084e000 rw-p 00061000 08:01 265339                     /usr/lib/x86_64-linux-gnu/pulseaudio/libpulsecommon-2.0.so
7ff46084e000-7ff460857000 r-xp 00000000 08:01 916072                     /lib/x86_64-linux-gnu/libjson.so.0.1.0
7ff460857000-7ff460a56000 ---p 00009000 08:01 916072                     /lib/x86_64-linux-gnu/libjson.so.0.1.0
7ff460a56000-7ff460a57000 r--p 00008000 08:01 916072                     /lib/x86_64-linux-gnu/libjson.so.0.1.0
7ff460a57000-7ff460a58000 rw-p 00009000 08:01 916072                     /lib/x86_64-linux-gnu/libjson.so.0.1.0
7ff460a58000-7ff460aa1000 r-xp 00000000 08:01 265053                     /usr/lib/x86_64-linux-gnu/libpulse.so.0.14.2
7ff460aa1000-7ff460ca0000 ---p 00049000 08:01 265053                     /usr/lib/x86_64-linux-gnu/libpulse.so.0.14.2
7ff460ca0000-7ff460ca1000 r--p 00048000 08:01 265053                     /usr/lib/x86_64-linux-gnu/libpulse.so.0.14.2
7ff460ca1000-7ff460ca2000 rw-p 00049000 08:01 265053                     /usr/lib/x86_64-linux-gnu/libpulse.so.0.14.2
7ff460ca2000-7ff460cf7000 r-xp 00000000 08:01 283048                     /tmp/libgdxnemo9955/7b43be9b/libopenal64.so
7ff460cf7000-7ff460ef6000 ---p 00055000 08:01 283048                     /tmp/libgdxnemo9955/7b43be9b/libopenal64.so
7ff460ef6000-7ff460ef9000 r--p 00054000 08:01 283048                     /tmp/libgdxnemo9955/7b43be9b/libopenal64.so
7ff460ef9000-7ff460efa000 rw-p 00057000 08:01 283048                     /tmp/libgdxnemo9955/7b43be9b/libopenal64.so
7ff460efa000-7ff460efb000 rw-p 00000000 00:00 0 
7ff460efb000-7ff460eff000 r-xp 00000000 08:01 273334                     /usr/lib/x86_64-linux-gnu/libXxf86vm.so.1.0.0
7ff460eff000-7ff4610ff000 ---p 00004000 08:01 273334                     /usr/lib/x86_64-linux-gnu/libXxf86vm.so.1.0.0
7ff4610ff000-7ff461100000 r--p 00004000 08:01 273334                     /usr/lib/x86_64-linux-gnu/libXxf86vm.so.1.0.0
7ff461100000-7ff461101000 rw-p 00005000 08:01 273334                     /usr/lib/x86_64-linux-gnu/libXxf86vm.so.1.0.0
7ff461101000-7ff461108000 r-xp 00000000 08:01 265883                     /usr/lib/x86_64-linux-gnu/libXrandr.so.2.2.0
7ff461108000-7ff461308000 ---p 00007000 08:01 265883                     /usr/lib/x86_64-linux-gnu/libXrandr.so.2.2.0
7ff461308000-7ff461309000 rw-p 00007000 08:01 265883                     /usr/lib/x86_64-linux-gnu/libXrandr.so.2.2.0
7ff461309000-7ff461375000 r-xp 00000000 08:01 282252                     /tmp/libgdxnemo9955/7b43be9b/liblwjgl64.so (deleted)
7ff461375000-7ff461574000 ---p 0006c000 08:01 282252                     /tmp/libgdxnemo9955/7b43be9b/liblwjgl64.so (deleted)
7ff461574000-7ff461576000 r--p 0006b000 08:01 282252                     /tmp/libgdxnemo9955/7b43be9b/liblwjgl64.so (deleted)
7ff461576000-7ff461577000 rw-p 0006d000 08:01 282252                     /tmp/libgdxnemo9955/7b43be9b/liblwjgl64.so (deleted)
7ff461577000-7ff461578000 r-xp 00000000 08:01 144229                     /usr/lib/jvm/java-6-openjdk-amd64/jre/lib/amd64/libjawt.so
7ff461578000-7ff461777000 ---p 00001000 08:01 144229                     /usr/lib/jvm/java-6-openjdk-amd64/jre/lib/amd64/libjawt.so
7ff461777000-7ff461778000 rw-p 00000000 08:01 144229                     /usr/lib/jvm/java-6-openjdk-amd64/jre/lib/amd64/libjawt.so
7ff461778000-7ff46177d000 r-xp 00000000 08:01 273531                     /usr/lib/x86_64-linux-gnu/libXfixes.so.3.1.0
7ff46177d000-7ff46197c000 ---p 00005000 08:01 273531                     /usr/lib/x86_64-linux-gnu/libXfixes.so.3.1.0
7ff46197c000-7ff46197d000 r--p 00004000 08:01 273531                     /usr/lib/x86_64-linux-gnu/libXfixes.so.3.1.0
7ff46197d000-7ff46197e000 rw-p 00005000 08:01 273531                     /usr/lib/x86_64-linux-gnu/libXfixes.so.3.1.0
7ff46197e000-7ff461987000 r--s 00000000 08:01 277048                     /var/cache/fontconfig/945677eb7aeaf62f1d50efc3fb3ec7d8-le64.cache-3
7ff461987000-7ff46198c000 r--s 00000000 08:01 271253                     /var/cache/fontconfig/6eb3985aa4124903f6ff08ba781cd364-le64.cache-3
7ff46198c000-7ff461995000 r--s 00000000 08:01 278568                     /var/cache/fontconfig/6d41288fd70b0be22e8c3a91e032eec0-le64.cache-3
7ff461995000-7ff4619c3000 r--s 00000000 08:01 271260                     /var/cache/fontconfig/365b55f210c0a22e9a19e35191240f32-le64.cache-3
7ff4619c3000-7ff4619c6000 r--s 00000000 08:01 271247                     /var/cache/fontconfig/c57959a16110560c8d0fcea73374aeeb-le64.cache-3
7ff4619c6000-7ff4619cb000 r--s 00000000 08:01 271264                     /var/cache/fontconfig/3047814df9a2f067bd2d96a2b9c36e5a-le64.cache-3
7ff4619d3000-7ff461a13000 rw-s 65052000 00:05 4796                       /dev/nvidia0
7ff461a33000-7ff461a50000 rw-s 373f9000 00:05 4796                       /dev/nvidia0
7ff461a50000-7ff461a8d000 rw-p 00000000 00:00 0 
7ff461a8d000-7ff461a90000 ---p 00000000 00:00 0 
7ff461a90000-7ff461b8e000 rw-p 00000000 00:00 0 
7ff461b8e000-7ff461b97000 r--s 00000000 08:01 277048                     /var/cache/fontconfig/945677eb7aeaf62f1d50efc3fb3ec7d8-le64.cache-3
7ff461b97000-7ff461b9c000 r--s 00000000 08:01 271253                     /var/cache/fontconfig/6eb3985aa4124903f6ff08ba781cd364-le64.cache-3
7ff461b9c000-7ff461ba5000 r--s 00000000 08:01 278568                     /var/cache/fontconfig/6d41288fd70b0be22e8c3a91e032eec0-le64.cache-3
7ff461ba5000-7ff461bd3000 r--s 00000000 08:01 271260                     /var/cache/fontconfig/365b55f210c0a22e9a19e35191240f32-le64.cache-3
7ff461bd3000-7ff461bd6000 r--s 00000000 08:01 271247                     /var/cache/fontconfig/c57959a16110560c8d0fcea73374aeeb-le64.cache-3
7ff461bd6000-7ff461bdb000 r--s 00000000 08:01 271264                     /var/cache/fontconfig/3047814df9a2f067bd2d96a2b9c36e5a-le64.cache-3
7ff461bee000-7ff461bf8000 r-xp 00000000 08:01 264474                     /usr/lib/x86_64-linux-gnu/libXcursor.so.1.0.2
7ff461bf8000-7ff461df7000 ---p 0000a000 08:01 264474                     /usr/lib/x86_64-linux-gnu/libXcursor.so.1.0.2
7ff461df7000-7ff461df8000 rw-p 00009000 08:01 264474                     /usr/lib/x86_64-linux-gnu/libXcursor.so.1.0.2
7ff461df8000-7ff461dfa000 rw-p 00000000 00:00 0 
7ff461dfa000-7ff461dfc000 rw-s 00000000 08:01 283050                     /tmp/glh7MOyb (deleted)
7ff461dfc000-7ff461e00000 rw-s c6a48000 00:05 4796                       /dev/nvidia0
7ff461e00000-7ff461e01000 rw-s d0005000 00:05 4796                       /dev/nvidia0
7ff461e01000-7ff461e02000 rw-s 4d750000 00:05 4796                       /dev/nvidia0
7ff461e02000-7ff461e06000 rw-s 4152f000 00:05 4796                       /dev/nvidia0
7ff461e06000-7ff461e07000 rw-s fdc08000 00:05 4796                       /dev/nvidia0
7ff461e07000-7ff461e08000 rw-s fd641000 00:05 4796                       /dev/nvidia0
7ff461e08000-7ff461e09000 rw-s 3724b000 00:05 4796                       /dev/nvidia0
7ff461e09000-7ff461e0a000 rw-s 4154f000 00:05 4796                       /dev/nvidia0
7ff461e0a000-7ff461e0b000 rw-s fd060000 00:05 4796                       /dev/nvidia0
7ff461e0b000-7ff461e12000 r--s 00000000 08:01 282750                     /usr/lib/x86_64-linux-gnu/gconv/gconv-modules.cache
7ff461e12000-7ff461e23000 r--s 00000000 08:01 271249                     /var/cache/fontconfig/d52a8644073d54c13679302ca1180695-le64.cache-3
7ff461e23000-7ff461e2a000 r--s 00000000 08:01 271258                     /var/cache/fontconfig/3f7329c5293ffd510edef78f73874cfd-le64.cache-3
7ff461e2a000-7ff461e2c000 r--s 00000000 08:01 271267                     /var/cache/fontconfig/e13b20fdb08344e0e664864cc2ede53d-le64.cache-3
7ff461e2c000-7ff461e2f000 ---p 00000000 00:00 0 
7ff461e2f000-7ff461f2d000 rw-p 00000000 00:00 0 
7ff461f2d000-7ff461fc6000 r-xp 00000000 08:01 264650                     /usr/lib/x86_64-linux-gnu/libfreetype.so.6.8.1
7ff461fc6000-7ff4621c5000 ---p 00099000 08:01 264650                     /usr/lib/x86_64-linux-gnu/libfreetype.so.6.8.1
7ff4621c5000-7ff4621cb000 r--p 00098000 08:01 264650                     /usr/lib/x86_64-linux-gnu/libfreetype.so.6.8.1
7ff4621cb000-7ff4621cc000 rw-p 0009e000 08:01 264650                     /usr/lib/x86_64-linux-gnu/libfreetype.so.6.8.1
7ff4621cc000-7ff462214000 r-xp 00000000 08:01 144223                     /usr/lib/jvm/java-6-openjdk-amd64/jre/lib/amd64/libfontmanager.so
7ff462214000-7ff462414000 ---p 00048000 08:01 144223                     /usr/lib/jvm/java-6-openjdk-amd64/jre/lib/amd64/libfontmanager.so
7ff462414000-7ff462417000 rw-p 00048000 08:01 144223                     /usr/lib/jvm/java-6-openjdk-amd64/jre/lib/amd64/libfontmanager.so
7ff462417000-7ff46241c000 r-xp 00000000 08:01 264417                     /usr/lib/x86_64-linux-gnu/libXdmcp.so.6.0.0
7ff46241c000-7ff46261b000 ---p 00005000 08:01 264417                     /usr/lib/x86_64-linux-gnu/libXdmcp.so.6.0.0
7ff46261b000-7ff46261c000 rw-p 00004000 08:01 264417                     /usr/lib/x86_64-linux-gnu/libXdmcp.so.6.0.0
7ff46261c000-7ff46261e000 r-xp 00000000 08:01 264406                     /usr/lib/x86_64-linux-gnu/libXau.so.6.0.0
7ff46261e000-7ff46281e000 ---p 00002000 08:01 264406                     /usr/lib/x86_64-linux-gnu/libXau.so.6.0.0
7ff46281e000-7ff46281f000 rw-p 00002000 08:01 264406                     /usr/lib/x86_64-linux-gnu/libXau.so.6.0.0
7ff46281f000-7ff46283e000 r-xp 00000000 08:01 265852                     /usr/lib/x86_64-linux-gnu/libxcb.so.1.1.0
7ff46283e000-7ff462a3d000 ---p 0001f000 08:01 265852                     /usr/lib/x86_64-linux-gnu/libxcb.so.1.1.0
7ff462a3d000-7ff462a3e000 r--p 0001e000 08:01 265852                     /usr/lib/x86_64-linux-gnu/libxcb.so.1.1.0
7ff462a3e000-7ff462a3f000 rw-p 0001f000 08:01 265852                     /usr/lib/x86_64-linux-gnu/libxcb.so.1.1.0
7ff462a3f000-7ff462a4d000 r-xp 00000000 08:01 265075                     /usr/lib/x86_64-linux-gnu/libXi.so.6.1.0
7ff462a4d000-7ff462c4d000 ---p 0000e000 08:01 265075                     /usr/lib/x86_64-linux-gnu/libXi.so.6.1.0
7ff462c4d000-7ff462c4e000 rw-p 0000e000 08:01 265075                     /usr/lib/x86_64-linux-gnu/libXi.so.6.1.0
7ff462c4e000-7ff462c53000 r-xp 00000000 08:01 274483                     /usr/lib/x86_64-linux-gnu/libXtst.so.6.1.0
7ff462c53000-7ff462e52000 ---p 00005000 08:01 274483                     /usr/lib/x86_64-linux-gnu/libXtst.so.6.1.0
7ff462e52000-7ff462e53000 rw-p 00004000 08:01 274483                     /usr/lib/x86_64-linux-gnu/libXtst.so.6.1.0
7ff462e53000-7ff462e5c000 r-xp 00000000 08:01 264343                     /usr/lib/x86_64-linux-gnu/libXrender.so.1.3.0
7ff462e5c000-7ff46305b000 ---p 00009000 08:01 264343                     /usr/lib/x86_64-linux-gnu/libXrender.so.1.3.0
7ff46305b000-7ff46305c000 rw-p 00008000 08:01 264343                     /usr/lib/x86_64-linux-gnu/libXrender.so.1.3.0
7ff46305c000-7ff463191000 r-xp 00000000 08:01 265870                     /usr/lib/x86_64-linux-gnu/libX11.so.6.3.0
7ff463191000-7ff463391000 ---p 00135000 08:01 265870                     /usr/lib/x86_64-linux-gnu/libX11.so.6.3.0
7ff463391000-7ff463397000 rw-p 00135000 08:01 265870                     /usr/lib/x86_64-linux-gnu/libX11.so.6.3.0
7ff463397000-7ff4633a8000 r-xp 00000000 08:01 264595                     /usr/lib/x86_64-linux-gnu/libXext.so.6.4.0
7ff4633a8000-7ff4635a8000 ---p 00011000 08:01 264595                     /usr/lib/x86_64-linux-gnu/libXext.so.6.4.0
7ff4635a8000-7ff4635a9000 rw-p 00011000 08:01 264595                     /usr/lib/x86_64-linux-gnu/libXext.so.6.4.0
7ff4635a9000-7ff4635ba000 r--s 00000000 08:01 271249                     /var/cache/fontconfig/d52a8644073d54c13679302ca1180695-le64.cache-3
7ff4635ba000-7ff4635c1000 r--s 00000000 08:01 271258                     /var/cache/fontconfig/3f7329c5293ffd510edef78f73874cfd-le64.cache-3
7ff4635c1000-7ff4635c3000 r--s 00000000 08:01 271267                     /var/cache/fontconfig/e13b20fdb08344e0e664864cc2ede53d-le64.cache-3
7ff4635c3000-7ff463610000 r-xp 00000000 08:01 144391                     /usr/lib/jvm/java-6-openjdk-amd64/jre/lib/amd64/xawt/libmawt.so
7ff463610000-7ff46380f000 ---p 0004d000 08:01 144391                     /usr/lib/jvm/java-6-openjdk-amd64/jre/lib/amd64/xawt/libmawt.so
7ff46380f000-7ff463813000 rw-p 0004c000 08:01 144391                     /usr/lib/jvm/java-6-openjdk-amd64/jre/lib/amd64/xawt/libmawt.so
7ff463813000-7ff463814000 rw-p 00000000 00:00 0 
7ff463814000-7ff4638c4000 r-xp 00000000 08:01 144230                     /usr/lib/jvm/java-6-openjdk-amd64/jre/lib/amd64/libawt.so
7ff4638c4000-7ff463ac3000 ---p 000b0000 08:01 144230                     /usr/lib/jvm/java-6-openjdk-amd64/jre/lib/amd64/libawt.so
7ff463ac3000-7ff463acf000 rw-p 000af000 08:01 144230                     /usr/lib/jvm/java-6-openjdk-amd64/jre/lib/amd64/libawt.so
7ff463acf000-7ff463af3000 rw-p 00000000 00:00 0 
7ff463af3000-7ff463b62000 r-xp 00000000 08:01 283042                     /tmp/libgdxnemo9955/b4a54a2/libgdx64.so
7ff463b62000-7ff463d61000 ---p 0006f000 08:01 283042                     /tmp/libgdxnemo9955/b4a54a2/libgdx64.so
7ff463d61000-7ff463d63000 r--p 0006e000 08:01 283042                     /tmp/libgdxnemo9955/b4a54a2/libgdx64.so
7ff463d63000-7ff463d64000 rw-p 00070000 08:01 283042                     /tmp/libgdxnemo9955/b4a54a2/libgdx64.so
7ff463d64000-7ff463d65000 rw-p 00000000 00:00 0 
7ff463d65000-7ff463d6c000 r--s 000fc000 08:01 143749                     /usr/lib/jvm/java-6-openjdk-common/jre/lib/resources.jar
7ff463d6c000-7ff463d6d000 r--s 00127000 08:06 9437307                    /home/nemo9955/CodeStation/proiecte/Garden_Revolution/Garden_Revolution-desktop/libs/gdx-natives.jar
7ff463d6d000-7ff463d6e000 r--s 00004000 08:06 9437342                    /home/nemo9955/CodeStation/proiecte/Garden_Revolution/Garden_Revolution-desktop/libs/gdx-controllers-desktop.jar
7ff463d6e000-7ff463d6f000 r--s 00100000 08:06 9437237                    /home/nemo9955/CodeStation/proiecte/Garden_Revolution/Garden_Revolution-desktop/libs/gdx-controllers-desktop-natives.jar
7ff463d6f000-7ff463d80000 r--s 0012b000 08:06 9437394                    /home/nemo9955/CodeStation/proiecte/Garden_Revolution/Garden_Revolution-desktop/libs/gdx-backend-lwjgl.jar
7ff463d80000-7ff463d87000 r--s 0004c000 08:06 9437312                    /home/nemo9955/CodeStation/proiecte/Garden_Revolution/Garden_Revolution-main/libs/kryonet-2.21-all.jar
7ff463d87000-7ff463d88000 ---p 00000000 00:00 0 
7ff463d88000-7ff463e88000 rw-p 00000000 00:00 0 
7ff463e88000-7ff463e8b000 ---p 00000000 00:00 0 
7ff463e8b000-7ff463f89000 rw-p 00000000 00:00 0 
7ff463f89000-7ff463f8c000 ---p 00000000 00:00 0 
7ff463f8c000-7ff46408a000 rw-p 00000000 00:00 0 
7ff46408a000-7ff46408d000 ---p 00000000 00:00 0 
7ff46408d000-7ff46418b000 rw-p 00000000 00:00 0 
7ff46418b000-7ff46418e000 ---p 00000000 00:00 0 
7ff46418e000-7ff46428c000 rw-p 00000000 00:00 0 
7ff46428c000-7ff46428f000 ---p 00000000 00:00 0 
7ff46428f000-7ff46438d000 rw-p 00000000 00:00 0 
7ff46438d000-7ff464390000 ---p 00000000 00:00 0 
7ff464390000-7ff46448e000 rw-p 00000000 00:00 0 
7ff46448e000-7ff464492000 r-xp 00000000 08:01 144238                     /usr/lib/jvm/java-6-openjdk-amd64/jre/lib/amd64/libdt_socket.so
7ff464492000-7ff464691000 ---p 00004000 08:01 144238                     /usr/lib/jvm/java-6-openjdk-amd64/jre/lib/amd64/libdt_socket.so
7ff464691000-7ff464692000 rw-p 00003000 08:01 144238                     /usr/lib/jvm/java-6-openjdk-amd64/jre/lib/amd64/libdt_socket.so
7ff464692000-7ff464695000 ---p 00000000 00:00 0 
7ff464695000-7ff464793000 rw-p 00000000 00:00 0 
7ff464793000-7ff464796000 ---p 00000000 00:00 0 
7ff464796000-7ff464894000 rw-p 00000000 00:00 0 
7ff464894000-7ff464897000 ---p 00000000 00:00 0 
7ff464897000-7ff464995000 rw-p 00000000 00:00 0 
7ff464995000-7ff464996000 ---p 00000000 00:00 0 
7ff464996000-7ff464dcc000 rw-p 00000000 00:00 0 
7ff464dcc000-7ff464f60000 r--s 03807000 08:01 144270                     /usr/lib/jvm/java-6-openjdk-amd64/jre/lib/rt.jar
7ff464f60000-7ff464f88000 rw-p 00000000 00:00 0 
7ff464f88000-7ff464f89000 ---p 00000000 00:00 0 
7ff464f89000-7ff465089000 rw-p 00000000 00:00 0 
7ff465089000-7ff46508a000 ---p 00000000 00:00 0 
7ff46508a000-7ff465195000 rw-p 00000000 00:00 0 
7ff465195000-7ff4651dd000 rw-p 00000000 00:00 0 
7ff4651dd000-7ff4651ee000 rw-p 00000000 00:00 0 
7ff4651ee000-7ff4652e9000 rw-p 00000000 00:00 0 
7ff4652e9000-7ff4652f4000 rw-p 00000000 00:00 0 
7ff4652f4000-7ff46533c000 rw-p 00000000 00:00 0 
7ff46533c000-7ff46534d000 rw-p 00000000 00:00 0 
7ff46534d000-7ff465448000 rw-p 00000000 00:00 0 
7ff465448000-7ff465451000 rw-p 00000000 00:00 0 
7ff465451000-7ff4654ce000 rw-p 00000000 00:00 0 
7ff4654ce000-7ff4654cf000 rw-p 00000000 00:00 0 
7ff4654cf000-7ff46573f000 rwxp 00000000 00:00 0 
7ff46573f000-7ff4684cf000 rw-p 00000000 00:00 0 
7ff4684cf000-7ff4684d6000 r-xp 00000000 08:01 144259                     /usr/lib/jvm/java-6-openjdk-amd64/jre/lib/amd64/libzip.so
7ff4684d6000-7ff4686d5000 ---p 00007000 08:01 144259                     /usr/lib/jvm/java-6-openjdk-amd64/jre/lib/amd64/libzip.so
7ff4686d5000-7ff4686d6000 rw-p 00006000 08:01 144259                     /usr/lib/jvm/java-6-openjdk-amd64/jre/lib/amd64/libzip.so
7ff4686d6000-7ff4686e1000 r-xp 00000000 08:01 916446                     /lib/x86_64-linux-gnu/libnss_files-2.13.so
7ff4686e1000-7ff4688e0000 ---p 0000b000 08:01 916446                     /lib/x86_64-linux-gnu/libnss_files-2.13.so
7ff4688e0000-7ff4688e1000 r--p 0000a000 08:01 916446                     /lib/x86_64-linux-gnu/libnss_files-2.13.so
7ff4688e1000-7ff4688e2000 rw-p 0000b000 08:01 916446                     /lib/x86_64-linux-gnu/libnss_files-2.13.so
7ff4688e2000-7ff4688ec000 r-xp 00000000 08:01 916442                     /lib/x86_64-linux-gnu/libnss_nis-2.13.so
7ff4688ec000-7ff468aeb000 ---p 0000a000 08:01 916442                     /lib/x86_64-linux-gnu/libnss_nis-2.13.so
7ff468aeb000-7ff468aec000 r--p 00009000 08:01 916442                     /lib/x86_64-linux-gnu/libnss_nis-2.13.so
7ff468aec000-7ff468aed000 rw-p 0000a000 08:01 916442                     /lib/x86_64-linux-gnu/libnss_nis-2.13.so
7ff468aed000-7ff468af4000 r-xp 00000000 08:01 916435                     /lib/x86_64-linux-gnu/libnss_compat-2.13.so
7ff468af4000-7ff468cf3000 ---p 00007000 08:01 916435                     /lib/x86_64-linux-gnu/libnss_compat-2.13.so
7ff468cf3000-7ff468cf4000 r--p 00006000 08:01 916435                     /lib/x86_64-linux-gnu/libnss_compat-2.13.so
7ff468cf4000-7ff468cf5000 rw-p 00007000 08:01 916435                     /lib/x86_64-linux-gnu/libnss_compat-2.13.so
7ff468cf5000-7ff468e6c000 r--p 00000000 08:01 139605                     /usr/lib/locale/locale-archive
7ff468e6c000-7ff468e6f000 r-xp 00000000 08:01 144258                     /usr/lib/jvm/java-6-openjdk-amd64/jre/lib/amd64/libnpt.so
7ff468e6f000-7ff46906e000 ---p 00003000 08:01 144258                     /usr/lib/jvm/java-6-openjdk-amd64/jre/lib/amd64/libnpt.so
7ff46906e000-7ff46906f000 rw-p 00002000 08:01 144258                     /usr/lib/jvm/java-6-openjdk-amd64/jre/lib/amd64/libnpt.so
7ff46906f000-7ff4690a9000 r-xp 00000000 08:01 144255                     /usr/lib/jvm/java-6-openjdk-amd64/jre/lib/amd64/libjdwp.so
7ff4690a9000-7ff4692a8000 ---p 0003a000 08:01 144255                     /usr/lib/jvm/java-6-openjdk-amd64/jre/lib/amd64/libjdwp.so
7ff4692a8000-7ff4692a9000 rw-p 00039000 08:01 144255                     /usr/lib/jvm/java-6-openjdk-amd64/jre/lib/amd64/libjdwp.so
7ff4692a9000-7ff4692aa000 rw-p 00000000 00:00 0 
7ff4692aa000-7ff4692bf000 r-xp 00000000 08:01 916440                     /lib/x86_64-linux-gnu/libnsl-2.13.so
7ff4692bf000-7ff4694be000 ---p 00015000 08:01 916440                     /lib/x86_64-linux-gnu/libnsl-2.13.so
7ff4694be000-7ff4694bf000 r--p 00014000 08:01 916440                     /lib/x86_64-linux-gnu/libnsl-2.13.so
7ff4694bf000-7ff4694c0000 rw-p 00015000 08:01 916440                     /lib/x86_64-linux-gnu/libnsl-2.13.so
7ff4694c0000-7ff4694c2000 rw-p 00000000 00:00 0 
7ff4694c2000-7ff4694f0000 r-xp 00000000 08:01 144245                     /usr/lib/jvm/java-6-openjdk-amd64/jre/lib/amd64/libjava.so
7ff4694f0000-7ff4696ef000 ---p 0002e000 08:01 144245                     /usr/lib/jvm/java-6-openjdk-amd64/jre/lib/amd64/libjava.so
7ff4696ef000-7ff4696f3000 rw-p 0002d000 08:01 144245                     /usr/lib/jvm/java-6-openjdk-amd64/jre/lib/amd64/libjava.so
7ff4696f3000-7ff469702000 r-xp 00000000 08:01 144228                     /usr/lib/jvm/java-6-openjdk-amd64/jre/lib/amd64/libverify.so
7ff469702000-7ff469901000 ---p 0000f000 08:01 144228                     /usr/lib/jvm/java-6-openjdk-amd64/jre/lib/amd64/libverify.so
7ff469901000-7ff469903000 rw-p 0000e000 08:01 144228                     /usr/lib/jvm/java-6-openjdk-amd64/jre/lib/amd64/libverify.so
7ff469903000-7ff46990a000 r-xp 00000000 08:01 916450                     /lib/x86_64-linux-gnu/librt-2.13.so
7ff46990a000-7ff469b09000 ---p 00007000 08:01 916450                     /lib/x86_64-linux-gnu/librt-2.13.so
7ff469b09000-7ff469b0a000 r--p 00006000 08:01 916450                     /lib/x86_64-linux-gnu/librt-2.13.so
7ff469b0a000-7ff469b0b000 rw-p 00007000 08:01 916450                     /lib/x86_64-linux-gnu/librt-2.13.so
7ff469b0b000-7ff469b20000 r-xp 00000000 08:01 916059                     /lib/x86_64-linux-gnu/libgcc_s.so.1
7ff469b20000-7ff469d20000 ---p 00015000 08:01 916059                     /lib/x86_64-linux-gnu/libgcc_s.so.1
7ff469d20000-7ff469d21000 rw-p 00015000 08:01 916059                     /lib/x86_64-linux-gnu/libgcc_s.so.1
7ff469d21000-7ff469da2000 r-xp 00000000 08:01 916437                     /lib/x86_64-linux-gnu/libm-2.13.so
7ff469da2000-7ff469fa1000 ---p 00081000 08:01 916437                     /lib/x86_64-linux-gnu/libm-2.13.so
7ff469fa1000-7ff469fa2000 r--p 00080000 08:01 916437                     /lib/x86_64-linux-gnu/libm-2.13.so
7ff469fa2000-7ff469fa3000 rw-p 00081000 08:01 916437                     /lib/x86_64-linux-gnu/libm-2.13.so
7ff469fa3000-7ff46a08b000 r-xp 00000000 08:01 265105                     /usr/lib/x86_64-linux-gnu/libstdc++.so.6.0.17
7ff46a08b000-7ff46a28b000 ---p 000e8000 08:01 265105                     /usr/lib/x86_64-linux-gnu/libstdc++.so.6.0.17
7ff46a28b000-7ff46a293000 r--p 000e8000 08:01 265105                     /usr/lib/x86_64-linux-gnu/libstdc++.so.6.0.17
7ff46a293000-7ff46a295000 rw-p 000f0000 08:01 265105                     /usr/lib/x86_64-linux-gnu/libstdc++.so.6.0.17
7ff46a295000-7ff46a2aa000 rw-p 00000000 00:00 0 
7ff46a2aa000-7ff46abbe000 r-xp 00000000 08:01 144235                     /usr/lib/jvm/java-6-openjdk-amd64/jre/lib/amd64/server/libjvm.so
7ff46abbe000-7ff46adbd000 ---p 00914000 08:01 144235                     /usr/lib/jvm/java-6-openjdk-amd64/jre/lib/amd64/server/libjvm.so
7ff46adbd000-7ff46ae59000 rw-p 00913000 08:01 144235                     /usr/lib/jvm/java-6-openjdk-amd64/jre/lib/amd64/server/libjvm.so
7ff46ae59000-7ff46ae82000 rw-p 00000000 00:00 0 
7ff46ae82000-7ff46b004000 r-xp 00000000 08:01 916430                     /lib/x86_64-linux-gnu/libc-2.13.so
7ff46b004000-7ff46b203000 ---p 00182000 08:01 916430                     /lib/x86_64-linux-gnu/libc-2.13.so
7ff46b203000-7ff46b207000 r--p 00181000 08:01 916430                     /lib/x86_64-linux-gnu/libc-2.13.so
7ff46b207000-7ff46b208000 rw-p 00185000 08:01 916430                     /lib/x86_64-linux-gnu/libc-2.13.so
7ff46b208000-7ff46b20d000 rw-p 00000000 00:00 0 
7ff46b20d000-7ff46b20f000 r-xp 00000000 08:01 916444                     /lib/x86_64-linux-gnu/libdl-2.13.so
7ff46b20f000-7ff46b40f000 ---p 00002000 08:01 916444                     /lib/x86_64-linux-gnu/libdl-2.13.so
7ff46b40f000-7ff46b410000 r--p 00002000 08:01 916444                     /lib/x86_64-linux-gnu/libdl-2.13.so
7ff46b410000-7ff46b411000 rw-p 00003000 08:01 916444                     /lib/x86_64-linux-gnu/libdl-2.13.so
7ff46b411000-7ff46b415000 r-xp 00000000 08:01 144232                     /usr/lib/jvm/java-6-openjdk-amd64/jre/lib/amd64/jli/libjli.so
7ff46b415000-7ff46b614000 ---p 00004000 08:01 144232                     /usr/lib/jvm/java-6-openjdk-amd64/jre/lib/amd64/jli/libjli.so
7ff46b614000-7ff46b615000 rw-p 00003000 08:01 144232                     /usr/lib/jvm/java-6-openjdk-amd64/jre/lib/amd64/jli/libjli.so
7ff46b615000-7ff46b62c000 r-xp 00000000 08:01 916448                     /lib/x86_64-linux-gnu/libpthread-2.13.so
7ff46b62c000-7ff46b82b000 ---p 00017000 08:01 916448                     /lib/x86_64-linux-gnu/libpthread-2.13.so
7ff46b82b000-7ff46b82c000 r--p 00016000 08:01 916448                     /lib/x86_64-linux-gnu/libpthread-2.13.so
7ff46b82c000-7ff46b82d000 rw-p 00017000 08:01 916448                     /lib/x86_64-linux-gnu/libpthread-2.13.so
7ff46b82d000-7ff46b831000 rw-p 00000000 00:00 0 
7ff46b831000-7ff46b847000 r-xp 00000000 08:01 916168                     /lib/x86_64-linux-gnu/libz.so.1.2.7
7ff46b847000-7ff46ba46000 ---p 00016000 08:01 916168                     /lib/x86_64-linux-gnu/libz.so.1.2.7
7ff46ba46000-7ff46ba47000 r--p 00015000 08:01 916168                     /lib/x86_64-linux-gnu/libz.so.1.2.7
7ff46ba47000-7ff46ba48000 rw-p 00016000 08:01 916168                     /lib/x86_64-linux-gnu/libz.so.1.2.7
7ff46ba48000-7ff46ba68000 r-xp 00000000 08:01 32                         /lib64/ld-2.13.so
7ff46ba68000-7ff46ba6a000 r--s 001a1000 08:06 9437380                    /home/nemo9955/CodeStation/proiecte/Garden_Revolution/Garden_Revolution-desktop/libs/gdx-backend-lwjgl-natives.jar
7ff46ba6a000-7ff46ba6d000 r--s 0000b000 08:06 9437369                    /home/nemo9955/CodeStation/proiecte/Garden_Revolution/Garden_Revolution-main/libs/tween-engine-api.jar
7ff46ba6d000-7ff46ba70000 r--s 0007f000 08:01 143741                     /usr/lib/jvm/java-6-openjdk-common/jre/lib/jsse.jar
7ff46ba70000-7ff46ba86000 r--s 00157000 08:06 9437270                    /home/nemo9955/CodeStation/proiecte/Garden_Revolution/Garden_Revolution-main/libs/gdx.jar
7ff46ba86000-7ff46ba90000 rw-p 00000000 00:00 0 
7ff46ba90000-7ff46bb46000 rw-p 00000000 00:00 0 
7ff46bb46000-7ff46bb49000 ---p 00000000 00:00 0 
7ff46bb49000-7ff46bc4c000 rw-p 00000000 00:00 0 
7ff46bc4c000-7ff46bc4d000 r--s 00002000 08:06 9437214                    /home/nemo9955/CodeStation/proiecte/Garden_Revolution/Garden_Revolution-main/libs/gdx-controllers.jar
7ff46bc4d000-7ff46bc51000 r--s 00039000 08:01 143733                     /usr/lib/jvm/java-6-openjdk-common/jre/lib/ext/sunpkcs11.jar
7ff46bc51000-7ff46bc53000 r--s 0000f000 08:01 143734                     /usr/lib/jvm/java-6-openjdk-common/jre/lib/ext/pulse-java.jar
7ff46bc53000-7ff46bc56000 r--s 00031000 08:01 143736                     /usr/lib/jvm/java-6-openjdk-common/jre/lib/ext/sunjce_provider.jar
7ff46bc56000-7ff46bc59000 r--s 00077000 08:01 143735                     /usr/lib/jvm/java-6-openjdk-common/jre/lib/ext/localedata.jar
7ff46bc59000-7ff46bc5b000 r--s 00001000 08:01 143737                     /usr/lib/jvm/java-6-openjdk-common/jre/lib/ext/dnsns.jar
7ff46bc5b000-7ff46bc5c000 r--s 00007000 08:01 916596                     /usr/share/java/java-atk-wrapper.jar
7ff46bc5c000-7ff46bc64000 rw-s 00000000 08:01 283052                     /tmp/hsperfdata_nemo9955/11451
7ff46bc64000-7ff46bc65000 rw-p 00000000 00:00 0 
7ff46bc65000-7ff46bc66000 r--p 00000000 00:00 0 
7ff46bc66000-7ff46bc67000 rw-p 00000000 00:00 0 
7ff46bc67000-7ff46bc68000 r--p 0001f000 08:01 32                         /lib64/ld-2.13.so
7ff46bc68000-7ff46bc69000 rw-p 00020000 08:01 32                         /lib64/ld-2.13.so
7ff46bc69000-7ff46bc6a000 rw-p 00000000 00:00 0 
7fff61cab000-7fff61ccc000 rw-p 00000000 00:00 0                          [stack]
7fff61dff000-7fff61e00000 r-xp 00000000 00:00 0                          [vdso]
ffffffffff600000-ffffffffff601000 r-xp 00000000 00:00 0                  [vsyscall]

VM Arguments:
jvm_args: -agentlib:jdwp=transport=dt_socket,suspend=y,address=localhost:46742 -Dfile.encoding=UTF-8 
java_command: com.nemo9955.garden_revolution.Main
Launcher Type: SUN_STANDARD

Environment Variables:
PATH=/home/nemo9955/bin:/usr/sbin:/sbin:/usr/local/bin:/usr/bin:/bin:/usr/local/games:/usr/games
LD_LIBRARY_PATH=/usr/lib/jvm/java-6-openjdk-amd64/jre/lib/amd64/server:/usr/lib/jvm/java-6-openjdk-amd64/jre/lib/amd64:/usr/lib/jvm/java-6-openjdk-amd64/jre/../lib/amd64
SHELL=/bin/bash
DISPLAY=:0.0

Signal Handlers:
SIGSEGV: [libjvm.so+0x791b10], sa_mask[0]=0x7ffbfeff, sa_flags=0x10000004
SIGBUS: [libjvm.so+0x791b10], sa_mask[0]=0x7ffbfeff, sa_flags=0x10000004
SIGFPE: [libjvm.so+0x65ace0], sa_mask[0]=0x7ffbfeff, sa_flags=0x10000004
SIGPIPE: [libjvm.so+0x65ace0], sa_mask[0]=0x7ffbfeff, sa_flags=0x10000004
SIGXFSZ: [libjvm.so+0x65ace0], sa_mask[0]=0x7ffbfeff, sa_flags=0x10000004
SIGILL: [libjvm.so+0x65ace0], sa_mask[0]=0x7ffbfeff, sa_flags=0x10000004
SIGUSR1: SIG_DFL, sa_mask[0]=0x00000000, sa_flags=0x00000000
SIGUSR2: [libjvm.so+0x65aec0], sa_mask[0]=0x00000004, sa_flags=0x10000004
SIGHUP: [libjvm.so+0x65d500], sa_mask[0]=0x7ffbfeff, sa_flags=0x10000004
SIGINT: [libjvm.so+0x65d500], sa_mask[0]=0x7ffbfeff, sa_flags=0x10000004
SIGTERM: [libjvm.so+0x65d500], sa_mask[0]=0x7ffbfeff, sa_flags=0x10000004
SIGQUIT: [libjvm.so+0x65d500], sa_mask[0]=0x7ffbfeff, sa_flags=0x10000004


---------------  S Y S T E M  ---------------

OS:7.3

uname:Linux 3.2.0-4-amd64 #1 SMP Debian 3.2.51-1 x86_64
libc:glibc 2.13 NPTL 2.13 
rlimit: STACK 8192k, CORE 0k, NPROC 25587, NOFILE 4096, AS infinity
load average:0.59 0.57 0.57

/proc/meminfo:
MemTotal:        3287396 kB
MemFree:          270268 kB
Buffers:           21620 kB
Cached:           399936 kB
SwapCached:         4436 kB
Active:          2214032 kB
Inactive:         631056 kB
Active(anon):    2001320 kB
Inactive(anon):   436516 kB
Active(file):     212712 kB
Inactive(file):   194540 kB
Unevictable:           0 kB
Mlocked:               0 kB
SwapTotal:       3025916 kB
SwapFree:        2932724 kB
Dirty:               200 kB
Writeback:             0 kB
AnonPages:       2419380 kB
Mapped:           144560 kB
Shmem:             14348 kB
Slab:              71292 kB
SReclaimable:      41760 kB
SUnreclaim:        29532 kB
KernelStack:        4464 kB
PageTables:        29940 kB
NFS_Unstable:          0 kB
Bounce:                0 kB
WritebackTmp:          0 kB
CommitLimit:     4669612 kB
Committed_AS:    5045640 kB
VmallocTotal:   34359738367 kB
VmallocUsed:      321804 kB
VmallocChunk:   34359414004 kB
HardwareCorrupted:     0 kB
AnonHugePages:         0 kB
HugePages_Total:       0
HugePages_Free:        0
HugePages_Rsvd:        0
HugePages_Surp:        0
Hugepagesize:       2048 kB
DirectMap4k:      149184 kB
DirectMap2M:     3192832 kB


CPU:total 2 (2 cores per cpu, 1 threads per core) family 6 model 23 stepping 10, cmov, cx8, fxsr, mmx, sse, sse2, sse3, ssse3, sse4.1

Memory: 4k page, physical 3287396k(270268k free), swap 3025916k(2932724k free)

vm_info: OpenJDK 64-Bit Server VM (20.0-b12) for linux-amd64 JRE (1.6.0_27-b27), built on Jul 12 2013 09:04:12 by "jmm" with gcc 4.7.2

time: Sun Feb 23 23:32:04 2014
elapsed time: 952 seconds

