#
# A fatal error has been detected by the Java Runtime Environment:
#
#  SIGBUS (0x7) at pc=0x00007f970f9d3c60, pid=10021, tid=140286653204224
#
# JRE version: 6.0_27-b27
# Java VM: OpenJDK 64-Bit Server VM (20.0-b12 mixed mode linux-amd64 compressed oops)
# Derivative: IcedTea6 1.12.6
# Distribution: Debian GNU/Linux 7.1 (wheezy), package 6b27-1.12.6-1~deb7u1
# Problematic frame:
# 
[error occurred during error reporting (printing problematic frame), id 0x7]

# If you would like to submit a bug report, please include
# instructions how to reproduce the bug and visit:
#   http://icedtea.classpath.org/bugzilla
# The crash happened outside the Java Virtual Machine in native code.
# See problematic frame for where to report the bug.
#

---------------  T H R E A D  ---------------

Current thread (0x0000000000b4d000):  JavaThread "LWJGL Application" [_thread_in_native, id=10042, stack(0x00007f9708118000,0x00007f9708219000)]

siginfo:si_signo=SIGBUS: si_errno=0, si_code=2 (BUS_ADRERR), si_addr=0x00007f970f9d3c60

Registers:
RAX=0x00007f970f9d3c60, RBX=0x00000000c3e42340, RCX=0x00000000000033b9, RDX=0x00000000c3e50778
RSP=0x00007f9708217718, RBP=0x00007f9708217760, RSI=0x00007f9708217770, RDI=0x0000000000b4d1d0
R8 =0x0000000000000001, R9 =0x0000000000000001, R10=0x00007f97179cad3b, R11=0x00007f971c8b2ca0
R12=0x0000000000000000, R13=0x00000000c3e42338, R14=0x00007f9708217778, R15=0x0000000000b4d000
RIP=0x00007f970f9d3c60, EFLAGS=0x0000000000010287, CSGSFS=0x0000000000000033, ERR=0x0000000000000014
  TRAPNO=0x000000000000000e

Top of Stack: (sp=0x00007f9708217718)
0x00007f9708217718:   00007f97179cad68 00007f9708217720
0x00007f9708217728:   0000000000000000 00007f9708217778
0x00007f9708217738:   00000000c3e50778 0000000000000000
0x00007f9708217748:   00000000c3e42340 0000000000000000
0x00007f9708217758:   00007f9708217780 00007f97082177c0
0x00007f9708217768:   00007f97179bf85a 00000000c3e4c418
0x00007f9708217778:   00007f97179c7f58 00007f9708217780
0x00007f9708217788:   00000000c3e42240 00007f97082177d0
0x00007f9708217798:   00000000c3e50778 0000000000000000
0x00007f97082177a8:   00000000c3e42278 00007f9708217780
0x00007f97082177b8:   00007f97082177d8 00007f9708217828
0x00007f97082177c8:   00007f97179bf85a 0000000000000000
0x00007f97082177d8:   0000002b76e55211 00000000f0348c90
0x00007f97082177e8:   00007f97082177d8 00000000c3e95ed1
0x00007f97082177f8:   00007f9708217870 00000000c3e97130
0x00007f9708217808:   0000000000000000 00000000c3e95f40
0x00007f9708217818:   00007f97082177d8 00007f9708217870
0x00007f9708217828:   00007f97082178b8 00007f97179bfd34
0x00007f9708217838:   0000000000000000 0000000000000000
0x00007f9708217848:   0000000000000000 00000000f0348d10
0x00007f9708217858:   00000000f0348cf0 00000000f0348c90
0x00007f9708217868:   00000000f0348c90 00000000f037cca8
0x00007f9708217878:   00007f9708217878 00000000c3e92aa3
0x00007f9708217888:   00007f97082178c0 00000000c3e94668
0x00007f9708217898:   0000000000000000 00000000c3e92ab8
0x00007f97082178a8:   00007f9708217870 00007f97082178c8
0x00007f97082178b8:   00007f9708217908 00007f97179bf85a
0x00007f97082178c8:   00007f97082178c8 00000000c3e367e8
0x00007f97082178d8:   00007f9708217918 00000000c3e7d0f0
0x00007f97082178e8:   0000000000000000 00000000c3e36808
0x00007f97082178f8:   00007f97082178c8 00007f9708217918
0x00007f9708217908:   00007f9708217970 00007f97179bfd34 

Instructions: (pc=0x00007f970f9d3c60)
0x00007f970f9d3c40:   
[error occurred during error reporting (printing registers, top of stack, instructions near pc), id 0x7]

Register to memory mapping:

RAX=
[error occurred during error reporting (printing register info), id 0x7]

Stack: [0x00007f9708118000,0x00007f9708219000],  sp=0x00007f9708217718,  free space=1021k
Native frames: (J=compiled Java code, j=interpreted, Vv=VM code, C=native code)

[error occurred during error reporting (printing native stack), id 0x7]

Java frames: (J=compiled Java code, j=interpreted, Vv=VM code)
j  org.lwjgl.opengl.LinuxDisplay.nUnlockAWT()V+0
j  org.lwjgl.opengl.LinuxDisplay.unlockAWT()V+0
j  org.lwjgl.opengl.LinuxContextImplementation.swapBuffers()V+57
j  org.lwjgl.opengl.ContextGL.swapBuffers()V+3
j  org.lwjgl.opengl.DrawableGL.swapBuffers()V+0
j  org.lwjgl.opengl.Display.swapBuffers()V+39
j  org.lwjgl.opengl.Display.update(Z)V+44
j  com.badlogic.gdx.backends.lwjgl.LwjglApplication.mainLoop()V+648
j  com.badlogic.gdx.backends.lwjgl.LwjglApplication$1.run()V+27
v  ~StubRoutines::call_stub

---------------  P R O C E S S  ---------------

Java Threads: ( => current thread )
  0x0000000001338000 JavaThread "AsynchExecutor-Thread" daemon [_thread_blocked, id=10047, stack(0x00007f9708017000,0x00007f9708118000)]
  0x000000000075c800 JavaThread "DestroyJavaVM" [_thread_blocked, id=10026, stack(0x00007f971da7c000,0x00007f971db7d000)]
=>0x0000000000b4d000 JavaThread "LWJGL Application" [_thread_in_native, id=10042, stack(0x00007f9708118000,0x00007f9708219000)]
  0x0000000000aaf000 JavaThread "AWT-XAWT" daemon [_thread_blocked, id=10038, stack(0x00007f97142f9000,0x00007f97143fa000)]
  0x0000000000a40800 JavaThread "Java2D Disposer" daemon [_thread_blocked, id=10037, stack(0x00007f9714693000,0x00007f9714794000)]
  0x00007f9710001800 JavaThread "Low Memory Detector" daemon [_thread_blocked, id=10035, stack(0x00007f9716703000,0x00007f9716804000)]
  0x00000000007f4800 JavaThread "C2 CompilerThread1" daemon [_thread_blocked, id=10034, stack(0x00007f9716804000,0x00007f9716905000)]
  0x00000000007ef000 JavaThread "C2 CompilerThread0" daemon [_thread_blocked, id=10033, stack(0x00007f9716905000,0x00007f9716a06000)]
  0x00000000007ed800 JavaThread "Signal Dispatcher" daemon [_thread_blocked, id=10032, stack(0x00007f9716a06000,0x00007f9716b07000)]
  0x00000000007ce800 JavaThread "Finalizer" daemon [_thread_blocked, id=10031, stack(0x00007f9716c7e000,0x00007f9716d7f000)]
  0x00000000007c7000 JavaThread "Reference Handler" daemon [_thread_blocked, id=10030, stack(0x00007f9716d7f000,0x00007f9716e80000)]

Other Threads:
  0x00000000007c2000 VMThread [stack: 0x00007f9716e80000,0x00007f9716f81000] [id=10029]
  0x00007f9710004800 WatcherThread [stack: 0x00007f9716602000,0x00007f9716703000] [id=10036]

VM state:not at safepoint (normal execution)

VM Mutex/Monitor currently owned by a thread: None

Heap
 PSYoungGen      total 14976K, used 4653K [0x00000000ef400000, 0x00000000f04b0000, 0x0000000100000000)
  eden space 12864K, 27% used [0x00000000ef400000,0x00000000ef7704c0,0x00000000f0090000)
  from space 2112K, 53% used [0x00000000f02a0000,0x00000000f03bb130,0x00000000f04b0000)
  to   space 2112K, 0% used [0x00000000f0090000,0x00000000f0090000,0x00000000f02a0000)
 PSOldGen        total 34304K, used 0K [0x00000000cdc00000, 0x00000000cfd80000, 0x00000000ef400000)
  object space 34304K, 0% used [0x00000000cdc00000,0x00000000cdc00000,0x00000000cfd80000)
 PSPermGen       total 21248K, used 13272K [0x00000000c3600000, 0x00000000c4ac0000, 0x00000000cdc00000)
  object space 21248K, 62% used [0x00000000c3600000,0x00000000c42f6178,0x00000000c4ac0000)

Code Cache  [0x00007f97179ba000, 0x00007f9717c2a000, 0x00007f971a9ba000)
 total_blobs=608 nmethods=87 adapters=475 free_code_cache=49596224 largest_free_block=17408

Dynamic libraries:
00400000-00409000 r-xp 00000000 08:01 144298                             /usr/lib/jvm/java-6-openjdk-amd64/jre/bin/java
00608000-00609000 rw-p 00008000 08:01 144298                             /usr/lib/jvm/java-6-openjdk-amd64/jre/bin/java
00751000-02cbb000 rw-p 00000000 00:00 0                                  [heap]
401bc000-401be000 r-xs 00000000 08:01 283052                             /tmp/gliNguKr (deleted)
41295000-41313000 rw-p 00000000 00:00 0 
c3600000-c4ac0000 rw-p 00000000 00:00 0 
c4ac0000-cdc00000 rw-p 00000000 00:00 0 
cdc00000-cfd80000 rw-p 00000000 00:00 0 
cfd80000-ef400000 rw-p 00000000 00:00 0 
ef400000-f04b0000 rw-p 00000000 00:00 0 
f04b0000-100000000 rw-p 00000000 00:00 0 
7f9704535000-7f9704558000 r-xp 00000000 08:01 400708                     /tmp/libgdxnemo9955/b97b1fcd/libgdx-controllers-desktop64.so
7f9704558000-7f9704758000 ---p 00023000 08:01 400708                     /tmp/libgdxnemo9955/b97b1fcd/libgdx-controllers-desktop64.so
7f9704758000-7f9704759000 r--p 00023000 08:01 400708                     /tmp/libgdxnemo9955/b97b1fcd/libgdx-controllers-desktop64.so
7f9704759000-7f970475a000 rw-p 00024000 08:01 400708                     /tmp/libgdxnemo9955/b97b1fcd/libgdx-controllers-desktop64.so
7f970475a000-7f970476f000 r-xp 00000000 08:01 144247                     /usr/lib/jvm/java-6-openjdk-amd64/jre/lib/amd64/libnet.so
7f970476f000-7f970496e000 ---p 00015000 08:01 144247                     /usr/lib/jvm/java-6-openjdk-amd64/jre/lib/amd64/libnet.so
7f970496e000-7f970496f000 rw-p 00014000 08:01 144247                     /usr/lib/jvm/java-6-openjdk-amd64/jre/lib/amd64/libnet.so
7f970496f000-7f9704d6f000 rw-s 4178a000 00:05 4796                       /dev/nvidia0
7f9704d6f000-7f970516f000 rw-s 0906c000 00:05 4796                       /dev/nvidia0
7f970516f000-7f970536f000 rw-s b373d000 00:05 4796                       /dev/nvidia0
7f970536f000-7f970556f000 rw-s c60a8000 00:05 4796                       /dev/nvidia0
7f970556f000-7f970566f000 rw-s 5c975000 00:05 4796                       /dev/nvidia0
7f970566f000-7f970570d000 rw-p 00000000 00:00 0 
7f970570d000-7f97070dd000 r-xp 00000000 08:01 282961                     /usr/lib/x86_64-linux-gnu/libnvidia-glcore.so.304.88
7f97070dd000-7f97072dc000 ---p 019d0000 08:01 282961                     /usr/lib/x86_64-linux-gnu/libnvidia-glcore.so.304.88
7f97072dc000-7f9707add000 rwxp 019cf000 08:01 282961                     /usr/lib/x86_64-linux-gnu/libnvidia-glcore.so.304.88
7f9707add000-7f9707af7000 rwxp 00000000 00:00 0 
7f9707af7000-7f9707afa000 r-xp 00000000 08:01 551171                     /usr/lib/x86_64-linux-gnu/tls/libnvidia-tls.so.304.88
7f9707afa000-7f9707cf9000 ---p 00003000 08:01 551171                     /usr/lib/x86_64-linux-gnu/tls/libnvidia-tls.so.304.88
7f9707cf9000-7f9707cfa000 rw-p 00002000 08:01 551171                     /usr/lib/x86_64-linux-gnu/tls/libnvidia-tls.so.304.88
7f9707cfa000-7f9707dc4000 r-xp 00000000 08:01 678444                     /usr/lib/x86_64-linux-gnu/nvidia/current/libGL.so.304.88
7f9707dc4000-7f9707fc4000 ---p 000ca000 08:01 678444                     /usr/lib/x86_64-linux-gnu/nvidia/current/libGL.so.304.88
7f9707fc4000-7f9708001000 rwxp 000ca000 08:01 678444                     /usr/lib/x86_64-linux-gnu/nvidia/current/libGL.so.304.88
7f9708001000-7f9708017000 rwxp 00000000 00:00 0 
7f9708017000-7f970801a000 ---p 00000000 00:00 0 
7f970801a000-7f9708118000 rw-p 00000000 00:00 0 
7f9708118000-7f970811b000 ---p 00000000 00:00 0 
7f970811b000-7f9708219000 rw-p 00000000 00:00 0 
7f9708219000-7f970c21a000 rw-s 00000000 00:11 877609                     /run/shm/pulse-shm-3165501942
7f970c21a000-7f970c21b000 ---p 00000000 00:00 0 
7f970c21b000-7f970ca1b000 rw-p 00000000 00:00 0 
7f970ca1b000-7f970ca2e000 r-xp 00000000 08:01 916431                     /lib/x86_64-linux-gnu/libresolv-2.13.so
7f970ca2e000-7f970cc2d000 ---p 00013000 08:01 916431                     /lib/x86_64-linux-gnu/libresolv-2.13.so
7f970cc2d000-7f970cc2e000 r--p 00012000 08:01 916431                     /lib/x86_64-linux-gnu/libresolv-2.13.so
7f970cc2e000-7f970cc2f000 rw-p 00013000 08:01 916431                     /lib/x86_64-linux-gnu/libresolv-2.13.so
7f970cc2f000-7f970cc31000 rw-p 00000000 00:00 0 
7f970cc31000-7f970cc37000 r-xp 00000000 08:01 264971                     /usr/lib/x86_64-linux-gnu/libogg.so.0.8.0
7f970cc37000-7f970ce36000 ---p 00006000 08:01 264971                     /usr/lib/x86_64-linux-gnu/libogg.so.0.8.0
7f970ce36000-7f970ce37000 rw-p 00005000 08:01 264971                     /usr/lib/x86_64-linux-gnu/libogg.so.0.8.0
7f970ce37000-7f970ce63000 r-xp 00000000 08:01 265193                     /usr/lib/x86_64-linux-gnu/libvorbis.so.0.4.5
7f970ce63000-7f970d062000 ---p 0002c000 08:01 265193                     /usr/lib/x86_64-linux-gnu/libvorbis.so.0.4.5
7f970d062000-7f970d063000 r--p 0002b000 08:01 265193                     /usr/lib/x86_64-linux-gnu/libvorbis.so.0.4.5
7f970d063000-7f970d064000 rw-p 0002c000 08:01 265193                     /usr/lib/x86_64-linux-gnu/libvorbis.so.0.4.5
7f970d064000-7f970d317000 r-xp 00000000 08:01 265195                     /usr/lib/x86_64-linux-gnu/libvorbisenc.so.2.0.8
7f970d317000-7f970d516000 ---p 002b3000 08:01 265195                     /usr/lib/x86_64-linux-gnu/libvorbisenc.so.2.0.8
7f970d516000-7f970d532000 r--p 002b2000 08:01 265195                     /usr/lib/x86_64-linux-gnu/libvorbisenc.so.2.0.8
7f970d532000-7f970d533000 rw-p 002ce000 08:01 265195                     /usr/lib/x86_64-linux-gnu/libvorbisenc.so.2.0.8
7f970d533000-7f970d57e000 r-xp 00000000 08:01 264365                     /usr/lib/x86_64-linux-gnu/libFLAC.so.8.2.0
7f970d57e000-7f970d77d000 ---p 0004b000 08:01 264365                     /usr/lib/x86_64-linux-gnu/libFLAC.so.8.2.0
7f970d77d000-7f970d77e000 r--p 0004a000 08:01 264365                     /usr/lib/x86_64-linux-gnu/libFLAC.so.8.2.0
7f970d77e000-7f970d77f000 rw-p 0004b000 08:01 264365                     /usr/lib/x86_64-linux-gnu/libFLAC.so.8.2.0
7f970d77f000-7f970d783000 r-xp 00000000 08:01 916163                     /lib/x86_64-linux-gnu/libuuid.so.1.3.0
7f970d783000-7f970d982000 ---p 00004000 08:01 916163                     /lib/x86_64-linux-gnu/libuuid.so.1.3.0
7f970d982000-7f970d983000 r--p 00003000 08:01 916163                     /lib/x86_64-linux-gnu/libuuid.so.1.3.0
7f970d983000-7f970d984000 rw-p 00004000 08:01 916163                     /lib/x86_64-linux-gnu/libuuid.so.1.3.0
7f970d984000-7f970d988000 r-xp 00000000 08:01 916027                     /lib/x86_64-linux-gnu/libattr.so.1.1.0
7f970d988000-7f970db87000 ---p 00004000 08:01 916027                     /lib/x86_64-linux-gnu/libattr.so.1.1.0
7f970db87000-7f970db88000 r--p 00003000 08:01 916027                     /lib/x86_64-linux-gnu/libattr.so.1.1.0
7f970db88000-7f970db89000 rw-p 00004000 08:01 916027                     /lib/x86_64-linux-gnu/libattr.so.1.1.0
7f970db89000-7f970db8e000 r-xp 00000000 08:01 264468                     /usr/lib/x86_64-linux-gnu/libasyncns.so.0.3.1
7f970db8e000-7f970dd8d000 ---p 00005000 08:01 264468                     /usr/lib/x86_64-linux-gnu/libasyncns.so.0.3.1
7f970dd8d000-7f970dd8e000 rw-p 00004000 08:01 264468                     /usr/lib/x86_64-linux-gnu/libasyncns.so.0.3.1
7f970dd8e000-7f970ddef000 r-xp 00000000 08:01 265087                     /usr/lib/x86_64-linux-gnu/libsndfile.so.1.0.25
7f970ddef000-7f970dfee000 ---p 00061000 08:01 265087                     /usr/lib/x86_64-linux-gnu/libsndfile.so.1.0.25
7f970dfee000-7f970dff0000 r--p 00060000 08:01 265087                     /usr/lib/x86_64-linux-gnu/libsndfile.so.1.0.25
7f970dff0000-7f970dff1000 rw-p 00062000 08:01 265087                     /usr/lib/x86_64-linux-gnu/libsndfile.so.1.0.25
7f970dff1000-7f970dff5000 rw-p 00000000 00:00 0 
7f970dff5000-7f970dffe000 r-xp 00000000 08:01 916165                     /lib/x86_64-linux-gnu/libwrap.so.0.7.6
7f970dffe000-7f970e1fd000 ---p 00009000 08:01 916165                     /lib/x86_64-linux-gnu/libwrap.so.0.7.6
7f970e1fd000-7f970e1fe000 r--p 00008000 08:01 916165                     /lib/x86_64-linux-gnu/libwrap.so.0.7.6
7f970e1fe000-7f970e1ff000 rw-p 00009000 08:01 916165                     /lib/x86_64-linux-gnu/libwrap.so.0.7.6
7f970e1ff000-7f970e200000 rw-p 00000000 00:00 0 
7f970e200000-7f970e207000 r-xp 00000000 08:01 264394                     /usr/lib/x86_64-linux-gnu/libSM.so.6.0.1
7f970e207000-7f970e406000 ---p 00007000 08:01 264394                     /usr/lib/x86_64-linux-gnu/libSM.so.6.0.1
7f970e406000-7f970e407000 rw-p 00006000 08:01 264394                     /usr/lib/x86_64-linux-gnu/libSM.so.6.0.1
7f970e407000-7f970e41e000 r-xp 00000000 08:01 264375                     /usr/lib/x86_64-linux-gnu/libICE.so.6.3.0
7f970e41e000-7f970e61d000 ---p 00017000 08:01 264375                     /usr/lib/x86_64-linux-gnu/libICE.so.6.3.0
7f970e61d000-7f970e61f000 rw-p 00016000 08:01 264375                     /usr/lib/x86_64-linux-gnu/libICE.so.6.3.0
7f970e61f000-7f970e622000 rw-p 00000000 00:00 0 
7f970e622000-7f970e623000 r-xp 00000000 08:01 272883                     /usr/lib/x86_64-linux-gnu/libX11-xcb.so.1.0.0
7f970e623000-7f970e822000 ---p 00001000 08:01 272883                     /usr/lib/x86_64-linux-gnu/libX11-xcb.so.1.0.0
7f970e822000-7f970e823000 rw-p 00000000 08:01 272883                     /usr/lib/x86_64-linux-gnu/libX11-xcb.so.1.0.0
7f970e823000-7f970e827000 r-xp 00000000 08:01 916038                     /lib/x86_64-linux-gnu/libcap.so.2.22
7f970e827000-7f970ea26000 ---p 00004000 08:01 916038                     /lib/x86_64-linux-gnu/libcap.so.2.22
7f970ea26000-7f970ea27000 rw-p 00003000 08:01 916038                     /lib/x86_64-linux-gnu/libcap.so.2.22
7f970ea27000-7f970ea6b000 r-xp 00000000 08:01 916060                     /lib/x86_64-linux-gnu/libdbus-1.so.3.7.2
7f970ea6b000-7f970ec6b000 ---p 00044000 08:01 916060                     /lib/x86_64-linux-gnu/libdbus-1.so.3.7.2
7f970ec6b000-7f970ec6c000 r--p 00044000 08:01 916060                     /lib/x86_64-linux-gnu/libdbus-1.so.3.7.2
7f970ec6c000-7f970ec6d000 rw-p 00045000 08:01 916060                     /lib/x86_64-linux-gnu/libdbus-1.so.3.7.2
7f970ec6d000-7f970ecce000 r-xp 00000000 08:01 265339                     /usr/lib/x86_64-linux-gnu/pulseaudio/libpulsecommon-2.0.so
7f970ecce000-7f970eecd000 ---p 00061000 08:01 265339                     /usr/lib/x86_64-linux-gnu/pulseaudio/libpulsecommon-2.0.so
7f970eecd000-7f970eece000 r--p 00060000 08:01 265339                     /usr/lib/x86_64-linux-gnu/pulseaudio/libpulsecommon-2.0.so
7f970eece000-7f970eed0000 rw-p 00061000 08:01 265339                     /usr/lib/x86_64-linux-gnu/pulseaudio/libpulsecommon-2.0.so
7f970eed0000-7f970eed9000 r-xp 00000000 08:01 916072                     /lib/x86_64-linux-gnu/libjson.so.0.1.0
7f970eed9000-7f970f0d8000 ---p 00009000 08:01 916072                     /lib/x86_64-linux-gnu/libjson.so.0.1.0
7f970f0d8000-7f970f0d9000 r--p 00008000 08:01 916072                     /lib/x86_64-linux-gnu/libjson.so.0.1.0
7f970f0d9000-7f970f0da000 rw-p 00009000 08:01 916072                     /lib/x86_64-linux-gnu/libjson.so.0.1.0
7f970f0da000-7f970f123000 r-xp 00000000 08:01 265053                     /usr/lib/x86_64-linux-gnu/libpulse.so.0.14.2
7f970f123000-7f970f322000 ---p 00049000 08:01 265053                     /usr/lib/x86_64-linux-gnu/libpulse.so.0.14.2
7f970f322000-7f970f323000 r--p 00048000 08:01 265053                     /usr/lib/x86_64-linux-gnu/libpulse.so.0.14.2
7f970f323000-7f970f324000 rw-p 00049000 08:01 265053                     /usr/lib/x86_64-linux-gnu/libpulse.so.0.14.2
7f970f324000-7f970f379000 r-xp 00000000 08:01 283050                     /tmp/libgdxnemo9955/7b43be9b/libopenal64.so
7f970f379000-7f970f578000 ---p 00055000 08:01 283050                     /tmp/libgdxnemo9955/7b43be9b/libopenal64.so
7f970f578000-7f970f57b000 r--p 00054000 08:01 283050                     /tmp/libgdxnemo9955/7b43be9b/libopenal64.so
7f970f57b000-7f970f57c000 rw-p 00057000 08:01 283050                     /tmp/libgdxnemo9955/7b43be9b/libopenal64.so
7f970f57c000-7f970f57d000 rw-p 00000000 00:00 0 
7f970f57d000-7f970f581000 r-xp 00000000 08:01 273334                     /usr/lib/x86_64-linux-gnu/libXxf86vm.so.1.0.0
7f970f581000-7f970f781000 ---p 00004000 08:01 273334                     /usr/lib/x86_64-linux-gnu/libXxf86vm.so.1.0.0
7f970f781000-7f970f782000 r--p 00004000 08:01 273334                     /usr/lib/x86_64-linux-gnu/libXxf86vm.so.1.0.0
7f970f782000-7f970f783000 rw-p 00005000 08:01 273334                     /usr/lib/x86_64-linux-gnu/libXxf86vm.so.1.0.0
7f970f783000-7f970f78a000 r-xp 00000000 08:01 265883                     /usr/lib/x86_64-linux-gnu/libXrandr.so.2.2.0
7f970f78a000-7f970f98a000 ---p 00007000 08:01 265883                     /usr/lib/x86_64-linux-gnu/libXrandr.so.2.2.0
7f970f98a000-7f970f98b000 rw-p 00007000 08:01 265883                     /usr/lib/x86_64-linux-gnu/libXrandr.so.2.2.0
7f970f98b000-7f970f9f7000 r-xp 00000000 08:01 283048                     /tmp/libgdxnemo9955/7b43be9b/liblwjgl64.so (deleted)
7f970f9f7000-7f970fbf6000 ---p 0006c000 08:01 283048                     /tmp/libgdxnemo9955/7b43be9b/liblwjgl64.so (deleted)
7f970fbf6000-7f970fbf8000 r--p 0006b000 08:01 283048                     /tmp/libgdxnemo9955/7b43be9b/liblwjgl64.so (deleted)
7f970fbf8000-7f970fbf9000 rw-p 0006d000 08:01 283048                     /tmp/libgdxnemo9955/7b43be9b/liblwjgl64.so (deleted)
7f970fbf9000-7f970fbfa000 r-xp 00000000 08:01 144229                     /usr/lib/jvm/java-6-openjdk-amd64/jre/lib/amd64/libjawt.so
7f970fbfa000-7f970fdf9000 ---p 00001000 08:01 144229                     /usr/lib/jvm/java-6-openjdk-amd64/jre/lib/amd64/libjawt.so
7f970fdf9000-7f970fdfa000 rw-p 00000000 08:01 144229                     /usr/lib/jvm/java-6-openjdk-amd64/jre/lib/amd64/libjawt.so
7f970fdfa000-7f970fdff000 r-xp 00000000 08:01 273531                     /usr/lib/x86_64-linux-gnu/libXfixes.so.3.1.0
7f970fdff000-7f970fffe000 ---p 00005000 08:01 273531                     /usr/lib/x86_64-linux-gnu/libXfixes.so.3.1.0
7f970fffe000-7f970ffff000 r--p 00004000 08:01 273531                     /usr/lib/x86_64-linux-gnu/libXfixes.so.3.1.0
7f970ffff000-7f9710000000 rw-p 00005000 08:01 273531                     /usr/lib/x86_64-linux-gnu/libXfixes.so.3.1.0
7f9710000000-7f9711040000 rw-p 00000000 00:00 0 
7f9711040000-7f9714000000 ---p 00000000 00:00 0 
7f9714026000-7f971409a000 rw-p 00000000 00:00 0 
7f97140f1000-7f97140f2000 ---p 00000000 00:00 0 
7f97140f2000-7f97141f2000 rw-p 00000000 00:00 0 
7f97141f2000-7f97141fb000 r--s 00000000 08:01 277048                     /var/cache/fontconfig/945677eb7aeaf62f1d50efc3fb3ec7d8-le64.cache-3
7f97141fb000-7f9714204000 r--s 00000000 08:01 278568                     /var/cache/fontconfig/6d41288fd70b0be22e8c3a91e032eec0-le64.cache-3
7f9714204000-7f9714232000 r--s 00000000 08:01 271260                     /var/cache/fontconfig/365b55f210c0a22e9a19e35191240f32-le64.cache-3
7f971423f000-7f971427f000 rw-s b6c23000 00:05 4796                       /dev/nvidia0
7f971429f000-7f97142bc000 rw-s 373f9000 00:05 4796                       /dev/nvidia0
7f97142bc000-7f97142f9000 rw-p 00000000 00:00 0 
7f97142f9000-7f97142fc000 ---p 00000000 00:00 0 
7f97142fc000-7f97143fa000 rw-p 00000000 00:00 0 
7f97143fa000-7f9714403000 r--s 00000000 08:01 277048                     /var/cache/fontconfig/945677eb7aeaf62f1d50efc3fb3ec7d8-le64.cache-3
7f9714403000-7f9714408000 r--s 00000000 08:01 271253                     /var/cache/fontconfig/6eb3985aa4124903f6ff08ba781cd364-le64.cache-3
7f9714408000-7f9714411000 r--s 00000000 08:01 278568                     /var/cache/fontconfig/6d41288fd70b0be22e8c3a91e032eec0-le64.cache-3
7f9714411000-7f971443f000 r--s 00000000 08:01 271260                     /var/cache/fontconfig/365b55f210c0a22e9a19e35191240f32-le64.cache-3
7f971443f000-7f9714442000 r--s 00000000 08:01 271247                     /var/cache/fontconfig/c57959a16110560c8d0fcea73374aeeb-le64.cache-3
7f9714457000-7f9714461000 r-xp 00000000 08:01 264474                     /usr/lib/x86_64-linux-gnu/libXcursor.so.1.0.2
7f9714461000-7f9714660000 ---p 0000a000 08:01 264474                     /usr/lib/x86_64-linux-gnu/libXcursor.so.1.0.2
7f9714660000-7f9714661000 rw-p 00009000 08:01 264474                     /usr/lib/x86_64-linux-gnu/libXcursor.so.1.0.2
7f9714661000-7f9714663000 rw-p 00000000 00:00 0 
7f9714663000-7f9714665000 rw-s 00000000 08:01 283052                     /tmp/gliNguKr (deleted)
7f9714665000-7f9714669000 rw-s 4d441000 00:05 4796                       /dev/nvidia0
7f9714669000-7f971466a000 rw-s d0005000 00:05 4796                       /dev/nvidia0
7f971466a000-7f971466b000 rw-s 2b6db000 00:05 4796                       /dev/nvidia0
7f971466b000-7f971466f000 rw-s 0930b000 00:05 4796                       /dev/nvidia0
7f971466f000-7f9714670000 rw-s fdc08000 00:05 4796                       /dev/nvidia0
7f9714670000-7f9714671000 rw-s fd641000 00:05 4796                       /dev/nvidia0
7f9714671000-7f9714672000 rw-s 3724b000 00:05 4796                       /dev/nvidia0
7f9714672000-7f9714673000 rw-s 4d6ac000 00:05 4796                       /dev/nvidia0
7f9714673000-7f9714674000 rw-s fd060000 00:05 4796                       /dev/nvidia0
7f9714674000-7f971467b000 r--s 00000000 08:01 282750                     /usr/lib/x86_64-linux-gnu/gconv/gconv-modules.cache
7f971467b000-7f971468c000 r--s 00000000 08:01 271249                     /var/cache/fontconfig/d52a8644073d54c13679302ca1180695-le64.cache-3
7f971468c000-7f9714693000 r--s 00000000 08:01 271258                     /var/cache/fontconfig/3f7329c5293ffd510edef78f73874cfd-le64.cache-3
7f9714693000-7f9714696000 ---p 00000000 00:00 0 
7f9714696000-7f9714794000 rw-p 00000000 00:00 0 
7f9714794000-7f971482d000 r-xp 00000000 08:01 264650                     /usr/lib/x86_64-linux-gnu/libfreetype.so.6.8.1
7f971482d000-7f9714a2c000 ---p 00099000 08:01 264650                     /usr/lib/x86_64-linux-gnu/libfreetype.so.6.8.1
7f9714a2c000-7f9714a32000 r--p 00098000 08:01 264650                     /usr/lib/x86_64-linux-gnu/libfreetype.so.6.8.1
7f9714a32000-7f9714a33000 rw-p 0009e000 08:01 264650                     /usr/lib/x86_64-linux-gnu/libfreetype.so.6.8.1
7f9714a33000-7f9714a7b000 r-xp 00000000 08:01 144223                     /usr/lib/jvm/java-6-openjdk-amd64/jre/lib/amd64/libfontmanager.so
7f9714a7b000-7f9714c7b000 ---p 00048000 08:01 144223                     /usr/lib/jvm/java-6-openjdk-amd64/jre/lib/amd64/libfontmanager.so
7f9714c7b000-7f9714c7e000 rw-p 00048000 08:01 144223                     /usr/lib/jvm/java-6-openjdk-amd64/jre/lib/amd64/libfontmanager.so
7f9714c7e000-7f9714c83000 r-xp 00000000 08:01 264417                     /usr/lib/x86_64-linux-gnu/libXdmcp.so.6.0.0
7f9714c83000-7f9714e82000 ---p 00005000 08:01 264417                     /usr/lib/x86_64-linux-gnu/libXdmcp.so.6.0.0
7f9714e82000-7f9714e83000 rw-p 00004000 08:01 264417                     /usr/lib/x86_64-linux-gnu/libXdmcp.so.6.0.0
7f9714e83000-7f9714e85000 r-xp 00000000 08:01 264406                     /usr/lib/x86_64-linux-gnu/libXau.so.6.0.0
7f9714e85000-7f9715085000 ---p 00002000 08:01 264406                     /usr/lib/x86_64-linux-gnu/libXau.so.6.0.0
7f9715085000-7f9715086000 rw-p 00002000 08:01 264406                     /usr/lib/x86_64-linux-gnu/libXau.so.6.0.0
7f9715086000-7f97150a5000 r-xp 00000000 08:01 265852                     /usr/lib/x86_64-linux-gnu/libxcb.so.1.1.0
7f97150a5000-7f97152a4000 ---p 0001f000 08:01 265852                     /usr/lib/x86_64-linux-gnu/libxcb.so.1.1.0
7f97152a4000-7f97152a5000 r--p 0001e000 08:01 265852                     /usr/lib/x86_64-linux-gnu/libxcb.so.1.1.0
7f97152a5000-7f97152a6000 rw-p 0001f000 08:01 265852                     /usr/lib/x86_64-linux-gnu/libxcb.so.1.1.0
7f97152a6000-7f97152b4000 r-xp 00000000 08:01 265075                     /usr/lib/x86_64-linux-gnu/libXi.so.6.1.0
7f97152b4000-7f97154b4000 ---p 0000e000 08:01 265075                     /usr/lib/x86_64-linux-gnu/libXi.so.6.1.0
7f97154b4000-7f97154b5000 rw-p 0000e000 08:01 265075                     /usr/lib/x86_64-linux-gnu/libXi.so.6.1.0
7f97154b5000-7f97154ba000 r-xp 00000000 08:01 274483                     /usr/lib/x86_64-linux-gnu/libXtst.so.6.1.0
7f97154ba000-7f97156b9000 ---p 00005000 08:01 274483                     /usr/lib/x86_64-linux-gnu/libXtst.so.6.1.0
7f97156b9000-7f97156ba000 rw-p 00004000 08:01 274483                     /usr/lib/x86_64-linux-gnu/libXtst.so.6.1.0
7f97156ba000-7f97156c3000 r-xp 00000000 08:01 264343                     /usr/lib/x86_64-linux-gnu/libXrender.so.1.3.0
7f97156c3000-7f97158c2000 ---p 00009000 08:01 264343                     /usr/lib/x86_64-linux-gnu/libXrender.so.1.3.0
7f97158c2000-7f97158c3000 rw-p 00008000 08:01 264343                     /usr/lib/x86_64-linux-gnu/libXrender.so.1.3.0
7f97158c3000-7f97159f8000 r-xp 00000000 08:01 265870                     /usr/lib/x86_64-linux-gnu/libX11.so.6.3.0
7f97159f8000-7f9715bf8000 ---p 00135000 08:01 265870                     /usr/lib/x86_64-linux-gnu/libX11.so.6.3.0
7f9715bf8000-7f9715bfe000 rw-p 00135000 08:01 265870                     /usr/lib/x86_64-linux-gnu/libX11.so.6.3.0
7f9715bfe000-7f9715c0f000 r-xp 00000000 08:01 264595                     /usr/lib/x86_64-linux-gnu/libXext.so.6.4.0
7f9715c0f000-7f9715e0f000 ---p 00011000 08:01 264595                     /usr/lib/x86_64-linux-gnu/libXext.so.6.4.0
7f9715e0f000-7f9715e10000 rw-p 00011000 08:01 264595                     /usr/lib/x86_64-linux-gnu/libXext.so.6.4.0
7f9715e10000-7f9715e5d000 r-xp 00000000 08:01 144391                     /usr/lib/jvm/java-6-openjdk-amd64/jre/lib/amd64/xawt/libmawt.so
7f9715e5d000-7f971605c000 ---p 0004d000 08:01 144391                     /usr/lib/jvm/java-6-openjdk-amd64/jre/lib/amd64/xawt/libmawt.so
7f971605c000-7f9716060000 rw-p 0004c000 08:01 144391                     /usr/lib/jvm/java-6-openjdk-amd64/jre/lib/amd64/xawt/libmawt.so
7f9716060000-7f9716061000 rw-p 00000000 00:00 0 
7f9716061000-7f9716111000 r-xp 00000000 08:01 144230                     /usr/lib/jvm/java-6-openjdk-amd64/jre/lib/amd64/libawt.so
7f9716111000-7f9716310000 ---p 000b0000 08:01 144230                     /usr/lib/jvm/java-6-openjdk-amd64/jre/lib/amd64/libawt.so
7f9716310000-7f971631c000 rw-p 000af000 08:01 144230                     /usr/lib/jvm/java-6-openjdk-amd64/jre/lib/amd64/libawt.so
7f971631c000-7f9716340000 rw-p 00000000 00:00 0 
7f9716340000-7f97163af000 r-xp 00000000 08:01 283042                     /tmp/libgdxnemo9955/b4a54a2/libgdx64.so
7f97163af000-7f97165ae000 ---p 0006f000 08:01 283042                     /tmp/libgdxnemo9955/b4a54a2/libgdx64.so
7f97165ae000-7f97165b0000 r--p 0006e000 08:01 283042                     /tmp/libgdxnemo9955/b4a54a2/libgdx64.so
7f97165b0000-7f97165b1000 rw-p 00070000 08:01 283042                     /tmp/libgdxnemo9955/b4a54a2/libgdx64.so
7f97165b1000-7f97165b2000 rw-p 00000000 00:00 0 
7f97165b2000-7f97165b9000 r--s 000fc000 08:01 143749                     /usr/lib/jvm/java-6-openjdk-common/jre/lib/resources.jar
7f97165b9000-7f97165ba000 r--s 00127000 08:06 9437307                    /home/nemo9955/CodeStation/proiecte/Garden_Revolution/Garden_Revolution-desktop/libs/gdx-natives.jar
7f97165ba000-7f97165bb000 r--s 00004000 08:06 9437342                    /home/nemo9955/CodeStation/proiecte/Garden_Revolution/Garden_Revolution-desktop/libs/gdx-controllers-desktop.jar
7f97165bb000-7f97165bc000 r--s 00100000 08:06 9437237                    /home/nemo9955/CodeStation/proiecte/Garden_Revolution/Garden_Revolution-desktop/libs/gdx-controllers-desktop-natives.jar
7f97165bc000-7f97165cd000 r--s 0012b000 08:06 9437394                    /home/nemo9955/CodeStation/proiecte/Garden_Revolution/Garden_Revolution-desktop/libs/gdx-backend-lwjgl.jar
7f97165cd000-7f97165cf000 r--s 001a1000 08:06 9437380                    /home/nemo9955/CodeStation/proiecte/Garden_Revolution/Garden_Revolution-desktop/libs/gdx-backend-lwjgl-natives.jar
7f97165cf000-7f97165d2000 r--s 0000b000 08:06 9437369                    /home/nemo9955/CodeStation/proiecte/Garden_Revolution/Garden_Revolution-main/libs/tween-engine-api.jar
7f97165d2000-7f97165d9000 r--s 0004c000 08:06 9437312                    /home/nemo9955/CodeStation/proiecte/Garden_Revolution/Garden_Revolution-main/libs/kryonet-2.21-all.jar
7f97165d9000-7f97165dc000 r--s 0007f000 08:01 143741                     /usr/lib/jvm/java-6-openjdk-common/jre/lib/jsse.jar
7f97165dc000-7f97165f2000 r--s 00157000 08:06 9437270                    /home/nemo9955/CodeStation/proiecte/Garden_Revolution/Garden_Revolution-main/libs/gdx.jar
7f97165f2000-7f97165f3000 r--s 00002000 08:06 9437214                    /home/nemo9955/CodeStation/proiecte/Garden_Revolution/Garden_Revolution-main/libs/gdx-controllers.jar
7f97165f3000-7f97165f7000 r--s 00039000 08:01 143733                     /usr/lib/jvm/java-6-openjdk-common/jre/lib/ext/sunpkcs11.jar
7f97165f7000-7f97165f9000 r--s 0000f000 08:01 143734                     /usr/lib/jvm/java-6-openjdk-common/jre/lib/ext/pulse-java.jar
7f97165f9000-7f97165fc000 r--s 00031000 08:01 143736                     /usr/lib/jvm/java-6-openjdk-common/jre/lib/ext/sunjce_provider.jar
7f97165fc000-7f97165ff000 r--s 00077000 08:01 143735                     /usr/lib/jvm/java-6-openjdk-common/jre/lib/ext/localedata.jar
7f97165ff000-7f9716601000 r--s 00001000 08:01 143737                     /usr/lib/jvm/java-6-openjdk-common/jre/lib/ext/dnsns.jar
7f9716601000-7f9716602000 r--s 00007000 08:01 916596                     /usr/share/java/java-atk-wrapper.jar
7f9716602000-7f9716603000 ---p 00000000 00:00 0 
7f9716603000-7f9716703000 rw-p 00000000 00:00 0 
7f9716703000-7f9716706000 ---p 00000000 00:00 0 
7f9716706000-7f9716804000 rw-p 00000000 00:00 0 
7f9716804000-7f9716807000 ---p 00000000 00:00 0 
7f9716807000-7f9716905000 rw-p 00000000 00:00 0 
7f9716905000-7f9716908000 ---p 00000000 00:00 0 
7f9716908000-7f9716a06000 rw-p 00000000 00:00 0 
7f9716a06000-7f9716a09000 ---p 00000000 00:00 0 
7f9716a09000-7f9716b07000 rw-p 00000000 00:00 0 
7f9716b07000-7f9716c7e000 r--p 00000000 08:01 139605                     /usr/lib/locale/locale-archive
7f9716c7e000-7f9716c81000 ---p 00000000 00:00 0 
7f9716c81000-7f9716d7f000 rw-p 00000000 00:00 0 
7f9716d7f000-7f9716d82000 ---p 00000000 00:00 0 
7f9716d82000-7f9716e80000 rw-p 00000000 00:00 0 
7f9716e80000-7f9716e81000 ---p 00000000 00:00 0 
7f9716e81000-7f97172b7000 rw-p 00000000 00:00 0 
7f97172b7000-7f971744b000 r--s 03807000 08:01 144270                     /usr/lib/jvm/java-6-openjdk-amd64/jre/lib/rt.jar
7f971744b000-7f9717473000 rw-p 00000000 00:00 0 
7f9717473000-7f9717474000 ---p 00000000 00:00 0 
7f9717474000-7f9717574000 rw-p 00000000 00:00 0 
7f9717574000-7f9717575000 ---p 00000000 00:00 0 
7f9717575000-7f9717680000 rw-p 00000000 00:00 0 
7f9717680000-7f97176c8000 rw-p 00000000 00:00 0 
7f97176c8000-7f97176d9000 rw-p 00000000 00:00 0 
7f97176d9000-7f97177d4000 rw-p 00000000 00:00 0 
7f97177d4000-7f97177df000 rw-p 00000000 00:00 0 
7f97177df000-7f9717827000 rw-p 00000000 00:00 0 
7f9717827000-7f9717838000 rw-p 00000000 00:00 0 
7f9717838000-7f9717933000 rw-p 00000000 00:00 0 
7f9717933000-7f971793c000 rw-p 00000000 00:00 0 
7f971793c000-7f97179b9000 rw-p 00000000 00:00 0 
7f97179b9000-7f97179ba000 rw-p 00000000 00:00 0 
7f97179ba000-7f9717c2a000 rwxp 00000000 00:00 0 
7f9717c2a000-7f971a9ba000 rw-p 00000000 00:00 0 
7f971a9ba000-7f971a9c1000 r-xp 00000000 08:01 144259                     /usr/lib/jvm/java-6-openjdk-amd64/jre/lib/amd64/libzip.so
7f971a9c1000-7f971abc0000 ---p 00007000 08:01 144259                     /usr/lib/jvm/java-6-openjdk-amd64/jre/lib/amd64/libzip.so
7f971abc0000-7f971abc1000 rw-p 00006000 08:01 144259                     /usr/lib/jvm/java-6-openjdk-amd64/jre/lib/amd64/libzip.so
7f971abc1000-7f971abcc000 r-xp 00000000 08:01 916446                     /lib/x86_64-linux-gnu/libnss_files-2.13.so
7f971abcc000-7f971adcb000 ---p 0000b000 08:01 916446                     /lib/x86_64-linux-gnu/libnss_files-2.13.so
7f971adcb000-7f971adcc000 r--p 0000a000 08:01 916446                     /lib/x86_64-linux-gnu/libnss_files-2.13.so
7f971adcc000-7f971adcd000 rw-p 0000b000 08:01 916446                     /lib/x86_64-linux-gnu/libnss_files-2.13.so
7f971adcd000-7f971add7000 r-xp 00000000 08:01 916442                     /lib/x86_64-linux-gnu/libnss_nis-2.13.so
7f971add7000-7f971afd6000 ---p 0000a000 08:01 916442                     /lib/x86_64-linux-gnu/libnss_nis-2.13.so
7f971afd6000-7f971afd7000 r--p 00009000 08:01 916442                     /lib/x86_64-linux-gnu/libnss_nis-2.13.so
7f971afd7000-7f971afd8000 rw-p 0000a000 08:01 916442                     /lib/x86_64-linux-gnu/libnss_nis-2.13.so
7f971afd8000-7f971afdf000 r-xp 00000000 08:01 916435                     /lib/x86_64-linux-gnu/libnss_compat-2.13.so
7f971afdf000-7f971b1de000 ---p 00007000 08:01 916435                     /lib/x86_64-linux-gnu/libnss_compat-2.13.so
7f971b1de000-7f971b1df000 r--p 00006000 08:01 916435                     /lib/x86_64-linux-gnu/libnss_compat-2.13.so
7f971b1df000-7f971b1e0000 rw-p 00007000 08:01 916435                     /lib/x86_64-linux-gnu/libnss_compat-2.13.so
7f971b1e0000-7f971b1f5000 r-xp 00000000 08:01 916440                     /lib/x86_64-linux-gnu/libnsl-2.13.so
7f971b1f5000-7f971b3f4000 ---p 00015000 08:01 916440                     /lib/x86_64-linux-gnu/libnsl-2.13.so
7f971b3f4000-7f971b3f5000 r--p 00014000 08:01 916440                     /lib/x86_64-linux-gnu/libnsl-2.13.so
7f971b3f5000-7f971b3f6000 rw-p 00015000 08:01 916440                     /lib/x86_64-linux-gnu/libnsl-2.13.so
7f971b3f6000-7f971b3f8000 rw-p 00000000 00:00 0 
7f971b3f8000-7f971b426000 r-xp 00000000 08:01 144245                     /usr/lib/jvm/java-6-openjdk-amd64/jre/lib/amd64/libjava.so
7f971b426000-7f971b625000 ---p 0002e000 08:01 144245                     /usr/lib/jvm/java-6-openjdk-amd64/jre/lib/amd64/libjava.so
7f971b625000-7f971b629000 rw-p 0002d000 08:01 144245                     /usr/lib/jvm/java-6-openjdk-amd64/jre/lib/amd64/libjava.so
7f971b629000-7f971b638000 r-xp 00000000 08:01 144228                     /usr/lib/jvm/java-6-openjdk-amd64/jre/lib/amd64/libverify.so
7f971b638000-7f971b837000 ---p 0000f000 08:01 144228                     /usr/lib/jvm/java-6-openjdk-amd64/jre/lib/amd64/libverify.so
7f971b837000-7f971b839000 rw-p 0000e000 08:01 144228                     /usr/lib/jvm/java-6-openjdk-amd64/jre/lib/amd64/libverify.so
7f971b839000-7f971b840000 r-xp 00000000 08:01 916450                     /lib/x86_64-linux-gnu/librt-2.13.so
7f971b840000-7f971ba3f000 ---p 00007000 08:01 916450                     /lib/x86_64-linux-gnu/librt-2.13.so
7f971ba3f000-7f971ba40000 r--p 00006000 08:01 916450                     /lib/x86_64-linux-gnu/librt-2.13.so
7f971ba40000-7f971ba41000 rw-p 00007000 08:01 916450                     /lib/x86_64-linux-gnu/librt-2.13.so
7f971ba41000-7f971ba56000 r-xp 00000000 08:01 916059                     /lib/x86_64-linux-gnu/libgcc_s.so.1
7f971ba56000-7f971bc56000 ---p 00015000 08:01 916059                     /lib/x86_64-linux-gnu/libgcc_s.so.1
7f971bc56000-7f971bc57000 rw-p 00015000 08:01 916059                     /lib/x86_64-linux-gnu/libgcc_s.so.1
7f971bc57000-7f971bcd8000 r-xp 00000000 08:01 916437                     /lib/x86_64-linux-gnu/libm-2.13.so
7f971bcd8000-7f971bed7000 ---p 00081000 08:01 916437                     /lib/x86_64-linux-gnu/libm-2.13.so
7f971bed7000-7f971bed8000 r--p 00080000 08:01 916437                     /lib/x86_64-linux-gnu/libm-2.13.so
7f971bed8000-7f971bed9000 rw-p 00081000 08:01 916437                     /lib/x86_64-linux-gnu/libm-2.13.so
7f971bed9000-7f971bfc1000 r-xp 00000000 08:01 265105                     /usr/lib/x86_64-linux-gnu/libstdc++.so.6.0.17
7f971bfc1000-7f971c1c1000 ---p 000e8000 08:01 265105                     /usr/lib/x86_64-linux-gnu/libstdc++.so.6.0.17
7f971c1c1000-7f971c1c9000 r--p 000e8000 08:01 265105                     /usr/lib/x86_64-linux-gnu/libstdc++.so.6.0.17
7f971c1c9000-7f971c1cb000 rw-p 000f0000 08:01 265105                     /usr/lib/x86_64-linux-gnu/libstdc++.so.6.0.17
7f971c1cb000-7f971c1e0000 rw-p 00000000 00:00 0 
7f971c1e0000-7f971caf4000 r-xp 00000000 08:01 144235                     /usr/lib/jvm/java-6-openjdk-amd64/jre/lib/amd64/server/libjvm.so
7f971caf4000-7f971ccf3000 ---p 00914000 08:01 144235                     /usr/lib/jvm/java-6-openjdk-amd64/jre/lib/amd64/server/libjvm.so
7f971ccf3000-7f971cd8f000 rw-p 00913000 08:01 144235                     /usr/lib/jvm/java-6-openjdk-amd64/jre/lib/amd64/server/libjvm.so
7f971cd8f000-7f971cdb8000 rw-p 00000000 00:00 0 
7f971cdb8000-7f971cf3a000 r-xp 00000000 08:01 916430                     /lib/x86_64-linux-gnu/libc-2.13.so
7f971cf3a000-7f971d139000 ---p 00182000 08:01 916430                     /lib/x86_64-linux-gnu/libc-2.13.so
7f971d139000-7f971d13d000 r--p 00181000 08:01 916430                     /lib/x86_64-linux-gnu/libc-2.13.so
7f971d13d000-7f971d13e000 rw-p 00185000 08:01 916430                     /lib/x86_64-linux-gnu/libc-2.13.so
7f971d13e000-7f971d143000 rw-p 00000000 00:00 0 
7f971d143000-7f971d145000 r-xp 00000000 08:01 916444                     /lib/x86_64-linux-gnu/libdl-2.13.so
7f971d145000-7f971d345000 ---p 00002000 08:01 916444                     /lib/x86_64-linux-gnu/libdl-2.13.so
7f971d345000-7f971d346000 r--p 00002000 08:01 916444                     /lib/x86_64-linux-gnu/libdl-2.13.so
7f971d346000-7f971d347000 rw-p 00003000 08:01 916444                     /lib/x86_64-linux-gnu/libdl-2.13.so
7f971d347000-7f971d34b000 r-xp 00000000 08:01 144232                     /usr/lib/jvm/java-6-openjdk-amd64/jre/lib/amd64/jli/libjli.so
7f971d34b000-7f971d54a000 ---p 00004000 08:01 144232                     /usr/lib/jvm/java-6-openjdk-amd64/jre/lib/amd64/jli/libjli.so
7f971d54a000-7f971d54b000 rw-p 00003000 08:01 144232                     /usr/lib/jvm/java-6-openjdk-amd64/jre/lib/amd64/jli/libjli.so
7f971d54b000-7f971d562000 r-xp 00000000 08:01 916448                     /lib/x86_64-linux-gnu/libpthread-2.13.so
7f971d562000-7f971d761000 ---p 00017000 08:01 916448                     /lib/x86_64-linux-gnu/libpthread-2.13.so
7f971d761000-7f971d762000 r--p 00016000 08:01 916448                     /lib/x86_64-linux-gnu/libpthread-2.13.so
7f971d762000-7f971d763000 rw-p 00017000 08:01 916448                     /lib/x86_64-linux-gnu/libpthread-2.13.so
7f971d763000-7f971d767000 rw-p 00000000 00:00 0 
7f971d767000-7f971d77d000 r-xp 00000000 08:01 916168                     /lib/x86_64-linux-gnu/libz.so.1.2.7
7f971d77d000-7f971d97c000 ---p 00016000 08:01 916168                     /lib/x86_64-linux-gnu/libz.so.1.2.7
7f971d97c000-7f971d97d000 r--p 00015000 08:01 916168                     /lib/x86_64-linux-gnu/libz.so.1.2.7
7f971d97d000-7f971d97e000 rw-p 00016000 08:01 916168                     /lib/x86_64-linux-gnu/libz.so.1.2.7
7f971d97e000-7f971d99e000 r-xp 00000000 08:01 32                         /lib64/ld-2.13.so
7f971d99e000-7f971d9a3000 r--s 00000000 08:01 271264                     /var/cache/fontconfig/3047814df9a2f067bd2d96a2b9c36e5a-le64.cache-3
7f971d9a3000-7f971d9a8000 r--s 00000000 08:01 271253                     /var/cache/fontconfig/6eb3985aa4124903f6ff08ba781cd364-le64.cache-3
7f971d9a8000-7f971d9ab000 r--s 00000000 08:01 271247                     /var/cache/fontconfig/c57959a16110560c8d0fcea73374aeeb-le64.cache-3
7f971d9ab000-7f971d9bc000 r--s 00000000 08:01 271249                     /var/cache/fontconfig/d52a8644073d54c13679302ca1180695-le64.cache-3
7f971d9bc000-7f971d9c6000 rw-p 00000000 00:00 0 
7f971d9c6000-7f971da7c000 rw-p 00000000 00:00 0 
7f971da7c000-7f971da7f000 ---p 00000000 00:00 0 
7f971da7f000-7f971db82000 rw-p 00000000 00:00 0 
7f971db82000-7f971db84000 r--s 00000000 08:01 271267                     /var/cache/fontconfig/e13b20fdb08344e0e664864cc2ede53d-le64.cache-3
7f971db84000-7f971db89000 r--s 00000000 08:01 271264                     /var/cache/fontconfig/3047814df9a2f067bd2d96a2b9c36e5a-le64.cache-3
7f971db89000-7f971db90000 r--s 00000000 08:01 271258                     /var/cache/fontconfig/3f7329c5293ffd510edef78f73874cfd-le64.cache-3
7f971db90000-7f971db92000 r--s 00000000 08:01 271267                     /var/cache/fontconfig/e13b20fdb08344e0e664864cc2ede53d-le64.cache-3
7f971db92000-7f971db9a000 rw-s 00000000 08:01 283038                     /tmp/hsperfdata_nemo9955/10021
7f971db9a000-7f971db9b000 rw-p 00000000 00:00 0 
7f971db9b000-7f971db9c000 r--p 00000000 00:00 0 
7f971db9c000-7f971db9d000 rw-p 00000000 00:00 0 
7f971db9d000-7f971db9e000 r--p 0001f000 08:01 32                         /lib64/ld-2.13.so
7f971db9e000-7f971db9f000 rw-p 00020000 08:01 32                         /lib64/ld-2.13.so
7f971db9f000-7f971dba0000 rw-p 00000000 00:00 0 
7fff1f9f1000-7fff1fa12000 rw-p 00000000 00:00 0                          [stack]
7fff1fbb7000-7fff1fbb8000 r-xp 00000000 00:00 0                          [vdso]
ffffffffff600000-ffffffffff601000 r-xp 00000000 00:00 0                  [vsyscall]

VM Arguments:
jvm_args: -Dfile.encoding=UTF-8 
java_command: com.nemo9955.garden_revolution.Main
Launcher Type: SUN_STANDARD

Environment Variables:
PATH=/home/nemo9955/bin:/usr/sbin:/sbin:/usr/local/bin:/usr/bin:/bin:/usr/local/games:/usr/games
LD_LIBRARY_PATH=/usr/lib/jvm/java-6-openjdk-amd64/jre/lib/amd64/server:/usr/lib/jvm/java-6-openjdk-amd64/jre/lib/amd64:/usr/lib/jvm/java-6-openjdk-amd64/jre/../lib/amd64
SHELL=/bin/bash
DISPLAY=:0.0

Signal Handlers:
SIGSEGV: [libjvm.so+0x791b10], sa_mask[0]=0x7ffbfeff, sa_flags=0x10000004
SIGBUS: [libjvm.so+0x791b10], sa_mask[0]=0x7ffbfeff, sa_flags=0x10000004
SIGFPE: [libjvm.so+0x65ace0], sa_mask[0]=0x7ffbfeff, sa_flags=0x10000004
SIGPIPE: [libjvm.so+0x65ace0], sa_mask[0]=0x7ffbfeff, sa_flags=0x10000004
SIGXFSZ: [libjvm.so+0x65ace0], sa_mask[0]=0x7ffbfeff, sa_flags=0x10000004
SIGILL: [libjvm.so+0x65ace0], sa_mask[0]=0x7ffbfeff, sa_flags=0x10000004
SIGUSR1: SIG_DFL, sa_mask[0]=0x00000000, sa_flags=0x00000000
SIGUSR2: [libjvm.so+0x65aec0], sa_mask[0]=0x00000004, sa_flags=0x10000004
SIGHUP: [libjvm.so+0x65d500], sa_mask[0]=0x7ffbfeff, sa_flags=0x10000004
SIGINT: [libjvm.so+0x65d500], sa_mask[0]=0x7ffbfeff, sa_flags=0x10000004
SIGTERM: [libjvm.so+0x65d500], sa_mask[0]=0x7ffbfeff, sa_flags=0x10000004
SIGQUIT: [libjvm.so+0x65d500], sa_mask[0]=0x7ffbfeff, sa_flags=0x10000004


---------------  S Y S T E M  ---------------

OS:7.3

uname:Linux 3.2.0-4-amd64 #1 SMP Debian 3.2.51-1 x86_64
libc:glibc 2.13 NPTL 2.13 
rlimit: STACK 8192k, CORE 0k, NPROC 25587, NOFILE 4096, AS infinity
load average:0.92 0.64 0.45

/proc/meminfo:
MemTotal:        3287396 kB
MemFree:          127304 kB
Buffers:           19192 kB
Cached:           585104 kB
SwapCached:         1488 kB
Active:          2296972 kB
Inactive:         690456 kB
Active(anon):    1988512 kB
Inactive(anon):   408204 kB
Active(file):     308460 kB
Inactive(file):   282252 kB
Unevictable:           0 kB
Mlocked:               0 kB
SwapTotal:       3025916 kB
SwapFree:        2954756 kB
Dirty:               816 kB
Writeback:             0 kB
AnonPages:       2381932 kB
Mapped:           136336 kB
Shmem:             13580 kB
Slab:              75364 kB
SReclaimable:      46336 kB
SUnreclaim:        29028 kB
KernelStack:        3880 kB
PageTables:        28836 kB
NFS_Unstable:          0 kB
Bounce:                0 kB
WritebackTmp:          0 kB
CommitLimit:     4669612 kB
Committed_AS:    4851440 kB
VmallocTotal:   34359738367 kB
VmallocUsed:      321804 kB
VmallocChunk:   34359414004 kB
HardwareCorrupted:     0 kB
AnonHugePages:         0 kB
HugePages_Total:       0
HugePages_Free:        0
HugePages_Rsvd:        0
HugePages_Surp:        0
Hugepagesize:       2048 kB
DirectMap4k:      149184 kB
DirectMap2M:     3192832 kB


CPU:total 2 (2 cores per cpu, 1 threads per core) family 6 model 23 stepping 10, cmov, cx8, fxsr, mmx, sse, sse2, sse3, ssse3, sse4.1

Memory: 4k page, physical 3287396k(127304k free), swap 3025916k(2954756k free)

vm_info: OpenJDK 64-Bit Server VM (20.0-b12) for linux-amd64 JRE (1.6.0_27-b27), built on Jul 12 2013 09:04:12 by "jmm" with gcc 4.7.2

time: Sun Feb 23 22:15:00 2014
elapsed time: 5 seconds

