#
# A fatal error has been detected by the Java Runtime Environment:
#
#  SIGBUS (0x7) at pc=0x00007f97a6f43c60, pid=5100, tid=140289191212800
#
# JRE version: 6.0_27-b27
# Java VM: OpenJDK 64-Bit Server VM (20.0-b12 mixed mode linux-amd64 compressed oops)
# Derivative: IcedTea6 1.12.6
# Distribution: Debian GNU/Linux 7.1 (wheezy), package 6b27-1.12.6-1~deb7u1
# Problematic frame:
# 
[error occurred during error reporting (printing problematic frame), id 0x7]

# If you would like to submit a bug report, please include
# instructions how to reproduce the bug and visit:
#   http://icedtea.classpath.org/bugzilla
# The crash happened outside the Java Virtual Machine in native code.
# See problematic frame for where to report the bug.
#

---------------  T H R E A D  ---------------

Current thread (0x00000000015b1000):  JavaThread "LWJGL Application" [_thread_in_native, id=5175, stack(0x00007f979f587000,0x00007f979f688000)]

siginfo:si_signo=SIGBUS: si_errno=0, si_code=2 (BUS_ADRERR), si_addr=0x00007f97a6f43c60

Registers:
RAX=0x00007f979f686a28, RBX=0x00000000c3608730, RCX=0x00007f97a8042bd0, RDX=0x0000000000000000
RSP=0x00007f979f686958, RBP=0x00007f979f6869a0, RSI=0x00007f979f686990, RDI=0x00000000015b11d0
R8 =0x00000000f034ad88, R9 =0x0000000000000001, R10=0x00007f97af0f795e, R11=0x00000000f034ad88
R12=0x0000000000000000, R13=0x00000000c3608730, R14=0x00007f979f686990, R15=0x00000000015b1000
RIP=0x00007f97a6f43c60, EFLAGS=0x0000000000010246, CSGSFS=0x0000000000000033, ERR=0x0000000000000014
  TRAPNO=0x000000000000000e

Top of Stack: (sp=0x00007f979f686958)
0x00007f979f686958:   00007f97af0f79cc 00000000c36b1218
0x00007f979f686968:   0000000000000000 00000000c3608730
0x00007f979f686978:   0000000000000000 00007f979f6869b0
0x00007f979f686988:   00000000f034ad88 00000000c3e5eda8
0x00007f979f686998:   0000000000000000 00000000f034ad88
0x00007f979f6869a8:   00007f97af157758 f035f2f000000000
0x00007f979f6869b8:   00000000f035f2f0 f034ad88f035f2f0
0x00007f979f6869c8:   00000000f035f2f0 00000000f034ad28
0x00007f979f6869d8:   00000000f0384378 c3e62470f0384ae8
0x00007f979f6869e8:   00000000f034ad88 f02a04d8f034ada8
0x00007f979f6869f8:   00000000f034ad88 00000000ef6a72a8
0x00007f979f686a08:   3f8000003c8b1c8d 0000000000000011
0x00007f979f686a18:   0000000000000000 00000051f6f27b11
0x00007f979f686a28:   0000000000000011 0000000000002505
0x00007f979f686a38:   000000003668337b 000000000000003d
0x00007f979f686a48:   00007f97af1717c0 00000000f02a1118
0x00007f979f686a58:   00000000f02a1160 000001f400000320
0x00007f979f686a68:   0000000000000000 0000000000000001
0x00007f979f686a78:   00000000f02a11d0 00000000f02a1160
0x00007f979f686a88:   00000000f02a1160 00000000f02a1160
0x00007f979f686a98:   0000000000000007 0000000000000011
0x00007f979f686aa8:   0000000000000000 00007f979f686b10
0x00007f979f686ab8:   00007f97af0288da 00000000f02a1160
0x00007f979f686ac8:   00000000f02a1118 00007f979f686ad0
0x00007f979f686ad8:   00000000c39865cb 00007f979f686b28
0x00007f979f686ae8:   00000000c3e34208 0000000000000000
0x00007f979f686af8:   00000000c3986628 00007f979f686ac8
0x00007f979f686b08:   00007f979f686b28 00007f979f686b90
0x00007f979f686b18:   00007f97af023438 0000000000000000
0x00007f979f686b28:   00000000f02a04d8 00007f9700001fa0
0x00007f979f686b38:   00007f97af0233af 00007f979f686d50
0x00007f979f686b48:   00007f979f686de0 00000000015b1000 

Instructions: (pc=0x00007f97a6f43c60)
0x00007f97a6f43c40:   
[error occurred during error reporting (printing registers, top of stack, instructions near pc), id 0x7]

Register to memory mapping:

RAX=0x00007f979f686a28 is pointing into the stack for thread: 0x00000000015b1000
RBX=0x00000000c3608730 is an oop
{method} 
 - klass: {other class}
RCX=0x00007f97a8042bd0 is an unknown value
RDX=0x0000000000000000 is an unknown value
RSP=0x00007f979f686958 is pointing into the stack for thread: 0x00000000015b1000
RBP=0x00007f979f6869a0 is pointing into the stack for thread: 0x00000000015b1000
RSI=0x00007f979f686990 is pointing into the stack for thread: 0x00000000015b1000
RDI=0x00000000015b11d0 is an unknown value
R8 =0x00000000f034ad88 is an oop
org.lwjgl.opengl.LinuxDisplayPeerInfo 
 - klass: 'org/lwjgl/opengl/LinuxDisplayPeerInfo'
R9 =0x0000000000000001 is an unknown value
R10=0x00007f97af0f7790 [CodeBlob (0x00007f97af0f7790)]
Framesize: 10
R11=0x00000000f034ad88 is an oop
org.lwjgl.opengl.LinuxDisplayPeerInfo 
 - klass: 'org/lwjgl/opengl/LinuxDisplayPeerInfo'
R12=0x0000000000000000 is an unknown value
R13=0x00000000c3608730 is an oop
{method} 
 - klass: {other class}
R14=0x00007f979f686990 is pointing into the stack for thread: 0x00000000015b1000
R15=0x00000000015b1000 is a thread


Stack: [0x00007f979f587000,0x00007f979f688000],  sp=0x00007f979f686958,  free space=1022k
Native frames: (J=compiled Java code, j=interpreted, Vv=VM code, C=native code)

[error occurred during error reporting (printing native stack), id 0x7]

Java frames: (J=compiled Java code, j=interpreted, Vv=VM code)
J  org.lwjgl.opengl.LinuxDisplay.nUnlockAWT()V
J  org.lwjgl.opengl.Display.update(Z)V
J  com.badlogic.gdx.backends.lwjgl.LwjglApplication.mainLoop()V
j  com.badlogic.gdx.backends.lwjgl.LwjglApplication$1.run()V+27
v  ~StubRoutines::call_stub

---------------  P R O C E S S  ---------------

Java Threads: ( => current thread )
  0x00000000020ae000 JavaThread "AsynchExecutor-Thread" daemon [_thread_blocked, id=5181, stack(0x00007f979f486000,0x00007f979f587000)]
  0x0000000001258000 JavaThread "DestroyJavaVM" [_thread_blocked, id=5105, stack(0x00007f97b569a000,0x00007f97b579b000)]
=>0x00000000015b1000 JavaThread "LWJGL Application" [_thread_in_native, id=5175, stack(0x00007f979f587000,0x00007f979f688000)]
  0x0000000001665000 JavaThread "AWT-XAWT" daemon [_thread_blocked, id=5171, stack(0x00007f97a736a000,0x00007f97a746b000)]
  0x00000000014cc000 JavaThread "Java2D Disposer" daemon [_thread_blocked, id=5170, stack(0x00007f97ac06f000,0x00007f97ac170000)]
  0x0000000001311800 JavaThread "Low Memory Detector" daemon [_thread_blocked, id=5124, stack(0x00007f97ad9dc000,0x00007f97adadd000)]
  0x000000000130c800 JavaThread "C2 CompilerThread1" daemon [_thread_blocked, id=5123, stack(0x00007f97adadd000,0x00007f97adbde000)]
  0x0000000001309000 JavaThread "C2 CompilerThread0" daemon [_thread_blocked, id=5122, stack(0x00007f97adbde000,0x00007f97adcdf000)]
  0x00000000012fb800 JavaThread "JDWP Command Reader" daemon [_thread_in_native, id=5118, stack(0x00007f97adcdf000,0x00007f97adde0000)]
  0x00000000012f9800 JavaThread "JDWP Event Helper Thread" daemon [_thread_blocked, id=5117, stack(0x00007f97adde0000,0x00007f97adee1000)]
  0x00000000012f6000 JavaThread "JDWP Transport Listener: dt_socket" daemon [_thread_blocked, id=5114, stack(0x00007f97adee1000,0x00007f97adfe2000)]
  0x00000000012e8000 JavaThread "Signal Dispatcher" daemon [_thread_blocked, id=5112, stack(0x00007f97ae1e6000,0x00007f97ae2e7000)]
  0x00000000012c4800 JavaThread "Finalizer" daemon [_thread_blocked, id=5111, stack(0x00007f97ae2e7000,0x00007f97ae3e8000)]
  0x00000000012c2800 JavaThread "Reference Handler" daemon [_thread_blocked, id=5110, stack(0x00007f97ae3e8000,0x00007f97ae4e9000)]

Other Threads:
  0x00000000012bd800 VMThread [stack: 0x00007f97ae4e9000,0x00007f97ae5ea000] [id=5109]
  0x0000000001314800 WatcherThread [stack: 0x00007f97ad8db000,0x00007f97ad9dc000] [id=5125]

VM state:not at safepoint (normal execution)

VM Mutex/Monitor currently owned by a thread: None

Heap
 PSYoungGen      total 14976K, used 13335K [0x00000000ef400000, 0x00000000f04b0000, 0x0000000100000000)
  eden space 12864K, 94% used [0x00000000ef400000,0x00000000effea530,0x00000000f0090000)
  from space 2112K, 53% used [0x00000000f02a0000,0x00000000f03bbab0,0x00000000f04b0000)
  to   space 2112K, 0% used [0x00000000f0090000,0x00000000f0090000,0x00000000f02a0000)
 PSOldGen        total 34304K, used 0K [0x00000000cdc00000, 0x00000000cfd80000, 0x00000000ef400000)
  object space 34304K, 0% used [0x00000000cdc00000,0x00000000cdc00000,0x00000000cfd80000)
 PSPermGen       total 21248K, used 13515K [0x00000000c3600000, 0x00000000c4ac0000, 0x00000000cdc00000)
  object space 21248K, 63% used [0x00000000c3600000,0x00000000c4332fb0,0x00000000c4ac0000)

Code Cache  [0x00007f97af023000, 0x00007f97af293000, 0x00007f97b2023000)
 total_blobs=849 nmethods=336 adapters=475 free_code_cache=48979008 largest_free_block=22784

Dynamic libraries:
00400000-00409000 r-xp 00000000 08:01 144298                             /usr/lib/jvm/java-6-openjdk-amd64/jre/bin/java
00608000-00609000 rw-p 00008000 08:01 144298                             /usr/lib/jvm/java-6-openjdk-amd64/jre/bin/java
0124a000-03b59000 rw-p 00000000 00:00 0                                  [heap]
41a8e000-41b0c000 rw-p 00000000 00:00 0 
41c98000-41c9a000 r-xs 00000000 08:01 263726                             /tmp/glmrEXNa (deleted)
c3600000-c4ac0000 rw-p 00000000 00:00 0 
c4ac0000-cdc00000 rw-p 00000000 00:00 0 
cdc00000-cfd80000 rw-p 00000000 00:00 0 
cfd80000-ef400000 rw-p 00000000 00:00 0 
ef400000-f04b0000 rw-p 00000000 00:00 0 
f04b0000-100000000 rw-p 00000000 00:00 0 
7f979b879000-7f979b89c000 r-xp 00000000 08:01 551347                     /tmp/libgdxnemo9955/b97b1fcd/libgdx-controllers-desktop64.so
7f979b89c000-7f979ba9c000 ---p 00023000 08:01 551347                     /tmp/libgdxnemo9955/b97b1fcd/libgdx-controllers-desktop64.so
7f979ba9c000-7f979ba9d000 r--p 00023000 08:01 551347                     /tmp/libgdxnemo9955/b97b1fcd/libgdx-controllers-desktop64.so
7f979ba9d000-7f979ba9e000 rw-p 00024000 08:01 551347                     /tmp/libgdxnemo9955/b97b1fcd/libgdx-controllers-desktop64.so
7f979ba9e000-7f979bab3000 r-xp 00000000 08:01 144247                     /usr/lib/jvm/java-6-openjdk-amd64/jre/lib/amd64/libnet.so
7f979bab3000-7f979bcb2000 ---p 00015000 08:01 144247                     /usr/lib/jvm/java-6-openjdk-amd64/jre/lib/amd64/libnet.so
7f979bcb2000-7f979bcb3000 rw-p 00014000 08:01 144247                     /usr/lib/jvm/java-6-openjdk-amd64/jre/lib/amd64/libnet.so
7f979bcb3000-7f979c0b3000 rw-s 03e6a000 00:05 5680                       /dev/nvidia0
7f979c0b3000-7f979c4b3000 rw-s 043ae000 00:05 5680                       /dev/nvidia0
7f979c4b3000-7f979c6b3000 rw-s 028e2000 00:05 5680                       /dev/nvidia0
7f979c6b3000-7f979c8b3000 rw-s 06719000 00:05 5680                       /dev/nvidia0
7f979c8b3000-7f979c9b3000 rw-s 690b5000 00:05 5680                       /dev/nvidia0
7f979c9b3000-7f979c9b4000 rw-s fdc08000 00:05 5680                       /dev/nvidia0
7f979c9b4000-7f979c9f4000 rw-s 78d62000 00:05 5680                       /dev/nvidia0
7f979c9f4000-7f979ca68000 rw-p 00000000 00:00 0 
7f979caa1000-7f979cb7c000 rw-p 00000000 00:00 0 
7f979cb7c000-7f979e54c000 r-xp 00000000 08:01 282961                     /usr/lib/x86_64-linux-gnu/libnvidia-glcore.so.304.88
7f979e54c000-7f979e74b000 ---p 019d0000 08:01 282961                     /usr/lib/x86_64-linux-gnu/libnvidia-glcore.so.304.88
7f979e74b000-7f979ef4c000 rwxp 019cf000 08:01 282961                     /usr/lib/x86_64-linux-gnu/libnvidia-glcore.so.304.88
7f979ef4c000-7f979ef66000 rwxp 00000000 00:00 0 
7f979ef66000-7f979ef69000 r-xp 00000000 08:01 551171                     /usr/lib/x86_64-linux-gnu/tls/libnvidia-tls.so.304.88
7f979ef69000-7f979f168000 ---p 00003000 08:01 551171                     /usr/lib/x86_64-linux-gnu/tls/libnvidia-tls.so.304.88
7f979f168000-7f979f169000 rw-p 00002000 08:01 551171                     /usr/lib/x86_64-linux-gnu/tls/libnvidia-tls.so.304.88
7f979f169000-7f979f233000 r-xp 00000000 08:01 678444                     /usr/lib/x86_64-linux-gnu/nvidia/current/libGL.so.304.88
7f979f233000-7f979f433000 ---p 000ca000 08:01 678444                     /usr/lib/x86_64-linux-gnu/nvidia/current/libGL.so.304.88
7f979f433000-7f979f470000 rwxp 000ca000 08:01 678444                     /usr/lib/x86_64-linux-gnu/nvidia/current/libGL.so.304.88
7f979f470000-7f979f486000 rwxp 00000000 00:00 0 
7f979f486000-7f979f489000 ---p 00000000 00:00 0 
7f979f489000-7f979f587000 rw-p 00000000 00:00 0 
7f979f587000-7f979f58a000 ---p 00000000 00:00 0 
7f979f58a000-7f979f688000 rw-p 00000000 00:00 0 
7f979f688000-7f979f689000 ---p 00000000 00:00 0 
7f979f689000-7f979f789000 rw-p 00000000 00:00 0 
7f979f789000-7f97a378a000 rw-s 00000000 00:11 158757                     /run/shm/pulse-shm-3521312638
7f97a378a000-7f97a378b000 ---p 00000000 00:00 0 
7f97a378b000-7f97a3f8b000 rw-p 00000000 00:00 0 
7f97a3f8b000-7f97a3f9e000 r-xp 00000000 08:01 916431                     /lib/x86_64-linux-gnu/libresolv-2.13.so
7f97a3f9e000-7f97a419d000 ---p 00013000 08:01 916431                     /lib/x86_64-linux-gnu/libresolv-2.13.so
7f97a419d000-7f97a419e000 r--p 00012000 08:01 916431                     /lib/x86_64-linux-gnu/libresolv-2.13.so
7f97a419e000-7f97a419f000 rw-p 00013000 08:01 916431                     /lib/x86_64-linux-gnu/libresolv-2.13.so
7f97a419f000-7f97a41a1000 rw-p 00000000 00:00 0 
7f97a41a1000-7f97a41a7000 r-xp 00000000 08:01 264971                     /usr/lib/x86_64-linux-gnu/libogg.so.0.8.0
7f97a41a7000-7f97a43a6000 ---p 00006000 08:01 264971                     /usr/lib/x86_64-linux-gnu/libogg.so.0.8.0
7f97a43a6000-7f97a43a7000 rw-p 00005000 08:01 264971                     /usr/lib/x86_64-linux-gnu/libogg.so.0.8.0
7f97a43a7000-7f97a43d3000 r-xp 00000000 08:01 265193                     /usr/lib/x86_64-linux-gnu/libvorbis.so.0.4.5
7f97a43d3000-7f97a45d2000 ---p 0002c000 08:01 265193                     /usr/lib/x86_64-linux-gnu/libvorbis.so.0.4.5
7f97a45d2000-7f97a45d3000 r--p 0002b000 08:01 265193                     /usr/lib/x86_64-linux-gnu/libvorbis.so.0.4.5
7f97a45d3000-7f97a45d4000 rw-p 0002c000 08:01 265193                     /usr/lib/x86_64-linux-gnu/libvorbis.so.0.4.5
7f97a45d4000-7f97a4887000 r-xp 00000000 08:01 265195                     /usr/lib/x86_64-linux-gnu/libvorbisenc.so.2.0.8
7f97a4887000-7f97a4a86000 ---p 002b3000 08:01 265195                     /usr/lib/x86_64-linux-gnu/libvorbisenc.so.2.0.8
7f97a4a86000-7f97a4aa2000 r--p 002b2000 08:01 265195                     /usr/lib/x86_64-linux-gnu/libvorbisenc.so.2.0.8
7f97a4aa2000-7f97a4aa3000 rw-p 002ce000 08:01 265195                     /usr/lib/x86_64-linux-gnu/libvorbisenc.so.2.0.8
7f97a4aa3000-7f97a4aee000 r-xp 00000000 08:01 264365                     /usr/lib/x86_64-linux-gnu/libFLAC.so.8.2.0
7f97a4aee000-7f97a4ced000 ---p 0004b000 08:01 264365                     /usr/lib/x86_64-linux-gnu/libFLAC.so.8.2.0
7f97a4ced000-7f97a4cee000 r--p 0004a000 08:01 264365                     /usr/lib/x86_64-linux-gnu/libFLAC.so.8.2.0
7f97a4cee000-7f97a4cef000 rw-p 0004b000 08:01 264365                     /usr/lib/x86_64-linux-gnu/libFLAC.so.8.2.0
7f97a4cef000-7f97a4cf3000 r-xp 00000000 08:01 916163                     /lib/x86_64-linux-gnu/libuuid.so.1.3.0
7f97a4cf3000-7f97a4ef2000 ---p 00004000 08:01 916163                     /lib/x86_64-linux-gnu/libuuid.so.1.3.0
7f97a4ef2000-7f97a4ef3000 r--p 00003000 08:01 916163                     /lib/x86_64-linux-gnu/libuuid.so.1.3.0
7f97a4ef3000-7f97a4ef4000 rw-p 00004000 08:01 916163                     /lib/x86_64-linux-gnu/libuuid.so.1.3.0
7f97a4ef4000-7f97a4ef8000 r-xp 00000000 08:01 916027                     /lib/x86_64-linux-gnu/libattr.so.1.1.0
7f97a4ef8000-7f97a50f7000 ---p 00004000 08:01 916027                     /lib/x86_64-linux-gnu/libattr.so.1.1.0
7f97a50f7000-7f97a50f8000 r--p 00003000 08:01 916027                     /lib/x86_64-linux-gnu/libattr.so.1.1.0
7f97a50f8000-7f97a50f9000 rw-p 00004000 08:01 916027                     /lib/x86_64-linux-gnu/libattr.so.1.1.0
7f97a50f9000-7f97a50fe000 r-xp 00000000 08:01 264468                     /usr/lib/x86_64-linux-gnu/libasyncns.so.0.3.1
7f97a50fe000-7f97a52fd000 ---p 00005000 08:01 264468                     /usr/lib/x86_64-linux-gnu/libasyncns.so.0.3.1
7f97a52fd000-7f97a52fe000 rw-p 00004000 08:01 264468                     /usr/lib/x86_64-linux-gnu/libasyncns.so.0.3.1
7f97a52fe000-7f97a535f000 r-xp 00000000 08:01 265087                     /usr/lib/x86_64-linux-gnu/libsndfile.so.1.0.25
7f97a535f000-7f97a555e000 ---p 00061000 08:01 265087                     /usr/lib/x86_64-linux-gnu/libsndfile.so.1.0.25
7f97a555e000-7f97a5560000 r--p 00060000 08:01 265087                     /usr/lib/x86_64-linux-gnu/libsndfile.so.1.0.25
7f97a5560000-7f97a5561000 rw-p 00062000 08:01 265087                     /usr/lib/x86_64-linux-gnu/libsndfile.so.1.0.25
7f97a5561000-7f97a5565000 rw-p 00000000 00:00 0 
7f97a5565000-7f97a556e000 r-xp 00000000 08:01 916165                     /lib/x86_64-linux-gnu/libwrap.so.0.7.6
7f97a556e000-7f97a576d000 ---p 00009000 08:01 916165                     /lib/x86_64-linux-gnu/libwrap.so.0.7.6
7f97a576d000-7f97a576e000 r--p 00008000 08:01 916165                     /lib/x86_64-linux-gnu/libwrap.so.0.7.6
7f97a576e000-7f97a576f000 rw-p 00009000 08:01 916165                     /lib/x86_64-linux-gnu/libwrap.so.0.7.6
7f97a576f000-7f97a5770000 rw-p 00000000 00:00 0 
7f97a5770000-7f97a5777000 r-xp 00000000 08:01 264394                     /usr/lib/x86_64-linux-gnu/libSM.so.6.0.1
7f97a5777000-7f97a5976000 ---p 00007000 08:01 264394                     /usr/lib/x86_64-linux-gnu/libSM.so.6.0.1
7f97a5976000-7f97a5977000 rw-p 00006000 08:01 264394                     /usr/lib/x86_64-linux-gnu/libSM.so.6.0.1
7f97a5977000-7f97a598e000 r-xp 00000000 08:01 264375                     /usr/lib/x86_64-linux-gnu/libICE.so.6.3.0
7f97a598e000-7f97a5b8d000 ---p 00017000 08:01 264375                     /usr/lib/x86_64-linux-gnu/libICE.so.6.3.0
7f97a5b8d000-7f97a5b8f000 rw-p 00016000 08:01 264375                     /usr/lib/x86_64-linux-gnu/libICE.so.6.3.0
7f97a5b8f000-7f97a5b92000 rw-p 00000000 00:00 0 
7f97a5b92000-7f97a5b93000 r-xp 00000000 08:01 272883                     /usr/lib/x86_64-linux-gnu/libX11-xcb.so.1.0.0
7f97a5b93000-7f97a5d92000 ---p 00001000 08:01 272883                     /usr/lib/x86_64-linux-gnu/libX11-xcb.so.1.0.0
7f97a5d92000-7f97a5d93000 rw-p 00000000 08:01 272883                     /usr/lib/x86_64-linux-gnu/libX11-xcb.so.1.0.0
7f97a5d93000-7f97a5d97000 r-xp 00000000 08:01 916038                     /lib/x86_64-linux-gnu/libcap.so.2.22
7f97a5d97000-7f97a5f96000 ---p 00004000 08:01 916038                     /lib/x86_64-linux-gnu/libcap.so.2.22
7f97a5f96000-7f97a5f97000 rw-p 00003000 08:01 916038                     /lib/x86_64-linux-gnu/libcap.so.2.22
7f97a5f97000-7f97a5fdb000 r-xp 00000000 08:01 916060                     /lib/x86_64-linux-gnu/libdbus-1.so.3.7.2
7f97a5fdb000-7f97a61db000 ---p 00044000 08:01 916060                     /lib/x86_64-linux-gnu/libdbus-1.so.3.7.2
7f97a61db000-7f97a61dc000 r--p 00044000 08:01 916060                     /lib/x86_64-linux-gnu/libdbus-1.so.3.7.2
7f97a61dc000-7f97a61dd000 rw-p 00045000 08:01 916060                     /lib/x86_64-linux-gnu/libdbus-1.so.3.7.2
7f97a61dd000-7f97a623e000 r-xp 00000000 08:01 265339                     /usr/lib/x86_64-linux-gnu/pulseaudio/libpulsecommon-2.0.so
7f97a623e000-7f97a643d000 ---p 00061000 08:01 265339                     /usr/lib/x86_64-linux-gnu/pulseaudio/libpulsecommon-2.0.so
7f97a643d000-7f97a643e000 r--p 00060000 08:01 265339                     /usr/lib/x86_64-linux-gnu/pulseaudio/libpulsecommon-2.0.so
7f97a643e000-7f97a6440000 rw-p 00061000 08:01 265339                     /usr/lib/x86_64-linux-gnu/pulseaudio/libpulsecommon-2.0.so
7f97a6440000-7f97a6449000 r-xp 00000000 08:01 916072                     /lib/x86_64-linux-gnu/libjson.so.0.1.0
7f97a6449000-7f97a6648000 ---p 00009000 08:01 916072                     /lib/x86_64-linux-gnu/libjson.so.0.1.0
7f97a6648000-7f97a6649000 r--p 00008000 08:01 916072                     /lib/x86_64-linux-gnu/libjson.so.0.1.0
7f97a6649000-7f97a664a000 rw-p 00009000 08:01 916072                     /lib/x86_64-linux-gnu/libjson.so.0.1.0
7f97a664a000-7f97a6693000 r-xp 00000000 08:01 265053                     /usr/lib/x86_64-linux-gnu/libpulse.so.0.14.2
7f97a6693000-7f97a6892000 ---p 00049000 08:01 265053                     /usr/lib/x86_64-linux-gnu/libpulse.so.0.14.2
7f97a6892000-7f97a6893000 r--p 00048000 08:01 265053                     /usr/lib/x86_64-linux-gnu/libpulse.so.0.14.2
7f97a6893000-7f97a6894000 rw-p 00049000 08:01 265053                     /usr/lib/x86_64-linux-gnu/libpulse.so.0.14.2
7f97a6894000-7f97a68e9000 r-xp 00000000 08:01 551339                     /tmp/libgdxnemo9955/7b43be9b/libopenal64.so
7f97a68e9000-7f97a6ae8000 ---p 00055000 08:01 551339                     /tmp/libgdxnemo9955/7b43be9b/libopenal64.so
7f97a6ae8000-7f97a6aeb000 r--p 00054000 08:01 551339                     /tmp/libgdxnemo9955/7b43be9b/libopenal64.so
7f97a6aeb000-7f97a6aec000 rw-p 00057000 08:01 551339                     /tmp/libgdxnemo9955/7b43be9b/libopenal64.so
7f97a6aec000-7f97a6aed000 rw-p 00000000 00:00 0 
7f97a6aed000-7f97a6af1000 r-xp 00000000 08:01 273334                     /usr/lib/x86_64-linux-gnu/libXxf86vm.so.1.0.0
7f97a6af1000-7f97a6cf1000 ---p 00004000 08:01 273334                     /usr/lib/x86_64-linux-gnu/libXxf86vm.so.1.0.0
7f97a6cf1000-7f97a6cf2000 r--p 00004000 08:01 273334                     /usr/lib/x86_64-linux-gnu/libXxf86vm.so.1.0.0
7f97a6cf2000-7f97a6cf3000 rw-p 00005000 08:01 273334                     /usr/lib/x86_64-linux-gnu/libXxf86vm.so.1.0.0
7f97a6cf3000-7f97a6cfa000 r-xp 00000000 08:01 265883                     /usr/lib/x86_64-linux-gnu/libXrandr.so.2.2.0
7f97a6cfa000-7f97a6efa000 ---p 00007000 08:01 265883                     /usr/lib/x86_64-linux-gnu/libXrandr.so.2.2.0
7f97a6efa000-7f97a6efb000 rw-p 00007000 08:01 265883                     /usr/lib/x86_64-linux-gnu/libXrandr.so.2.2.0
7f97a6efb000-7f97a6f67000 r-xp 00000000 08:01 551340                     /tmp/libgdxnemo9955/7b43be9b/liblwjgl64.so (deleted)
7f97a6f67000-7f97a7166000 ---p 0006c000 08:01 551340                     /tmp/libgdxnemo9955/7b43be9b/liblwjgl64.so (deleted)
7f97a7166000-7f97a7168000 r--p 0006b000 08:01 551340                     /tmp/libgdxnemo9955/7b43be9b/liblwjgl64.so (deleted)
7f97a7168000-7f97a7169000 rw-p 0006d000 08:01 551340                     /tmp/libgdxnemo9955/7b43be9b/liblwjgl64.so (deleted)
7f97a7169000-7f97a716a000 r-xp 00000000 08:01 144229                     /usr/lib/jvm/java-6-openjdk-amd64/jre/lib/amd64/libjawt.so
7f97a716a000-7f97a7369000 ---p 00001000 08:01 144229                     /usr/lib/jvm/java-6-openjdk-amd64/jre/lib/amd64/libjawt.so
7f97a7369000-7f97a736a000 rw-p 00000000 08:01 144229                     /usr/lib/jvm/java-6-openjdk-amd64/jre/lib/amd64/libjawt.so
7f97a736a000-7f97a736d000 ---p 00000000 00:00 0 
7f97a736d000-7f97a746b000 rw-p 00000000 00:00 0 
7f97a746b000-7f97a7474000 r--s 00000000 08:01 277048                     /var/cache/fontconfig/945677eb7aeaf62f1d50efc3fb3ec7d8-le64.cache-3
7f97a7474000-7f97a7479000 r--s 00000000 08:01 271253                     /var/cache/fontconfig/6eb3985aa4124903f6ff08ba781cd364-le64.cache-3
7f97a7479000-7f97a7482000 r--s 00000000 08:01 278568                     /var/cache/fontconfig/6d41288fd70b0be22e8c3a91e032eec0-le64.cache-3
7f97a7482000-7f97a74b0000 r--s 00000000 08:01 271260                     /var/cache/fontconfig/365b55f210c0a22e9a19e35191240f32-le64.cache-3
7f97a74ca000-7f97a74e7000 rw-s 36c61000 00:05 5680                       /dev/nvidia0
7f97a74e7000-7f97a74ec000 r-xp 00000000 08:01 273531                     /usr/lib/x86_64-linux-gnu/libXfixes.so.3.1.0
7f97a74ec000-7f97a76eb000 ---p 00005000 08:01 273531                     /usr/lib/x86_64-linux-gnu/libXfixes.so.3.1.0
7f97a76eb000-7f97a76ec000 r--p 00004000 08:01 273531                     /usr/lib/x86_64-linux-gnu/libXfixes.so.3.1.0
7f97a76ec000-7f97a76ed000 rw-p 00005000 08:01 273531                     /usr/lib/x86_64-linux-gnu/libXfixes.so.3.1.0
7f97a76ed000-7f97a76f7000 r-xp 00000000 08:01 264474                     /usr/lib/x86_64-linux-gnu/libXcursor.so.1.0.2
7f97a76f7000-7f97a78f6000 ---p 0000a000 08:01 264474                     /usr/lib/x86_64-linux-gnu/libXcursor.so.1.0.2
7f97a78f6000-7f97a78f7000 rw-p 00009000 08:01 264474                     /usr/lib/x86_64-linux-gnu/libXcursor.so.1.0.2
7f97a78f8000-7f97a78fa000 rw-p 00000000 00:00 0 
7f97a78fa000-7f97a78fc000 rw-s 00000000 08:01 263726                     /tmp/glmrEXNa (deleted)
7f97a78fc000-7f97a7900000 rw-s 3ed72000 00:05 5680                       /dev/nvidia0
7f97a7900000-7f97a7901000 rw-s d0005000 00:05 5680                       /dev/nvidia0
7f97a7901000-7f97a7902000 rw-s 0671b000 00:05 5680                       /dev/nvidia0
7f97a7902000-7f97a7906000 rw-s 693ce000 00:05 5680                       /dev/nvidia0
7f97a7906000-7f97a7907000 rw-s fd641000 00:05 5680                       /dev/nvidia0
7f97a7907000-7f97a7908000 rw-s 36deb000 00:05 5680                       /dev/nvidia0
7f97a7908000-7f97a7909000 rw-s 1fa0b000 00:05 5680                       /dev/nvidia0
7f97a7909000-7f97a790a000 rw-s fd060000 00:05 5680                       /dev/nvidia0
7f97a790a000-7f97a7911000 r--s 00000000 08:01 282750                     /usr/lib/x86_64-linux-gnu/gconv/gconv-modules.cache
7f97a7911000-7f97a79aa000 r-xp 00000000 08:01 264650                     /usr/lib/x86_64-linux-gnu/libfreetype.so.6.8.1
7f97a79aa000-7f97a7ba9000 ---p 00099000 08:01 264650                     /usr/lib/x86_64-linux-gnu/libfreetype.so.6.8.1
7f97a7ba9000-7f97a7baf000 r--p 00098000 08:01 264650                     /usr/lib/x86_64-linux-gnu/libfreetype.so.6.8.1
7f97a7baf000-7f97a7bb0000 rw-p 0009e000 08:01 264650                     /usr/lib/x86_64-linux-gnu/libfreetype.so.6.8.1
7f97a7bb0000-7f97a7bf8000 r-xp 00000000 08:01 144223                     /usr/lib/jvm/java-6-openjdk-amd64/jre/lib/amd64/libfontmanager.so
7f97a7bf8000-7f97a7df8000 ---p 00048000 08:01 144223                     /usr/lib/jvm/java-6-openjdk-amd64/jre/lib/amd64/libfontmanager.so
7f97a7df8000-7f97a7dfb000 rw-p 00048000 08:01 144223                     /usr/lib/jvm/java-6-openjdk-amd64/jre/lib/amd64/libfontmanager.so
7f97a7dfb000-7f97a7e00000 r-xp 00000000 08:01 264417                     /usr/lib/x86_64-linux-gnu/libXdmcp.so.6.0.0
7f97a7e00000-7f97a7fff000 ---p 00005000 08:01 264417                     /usr/lib/x86_64-linux-gnu/libXdmcp.so.6.0.0
7f97a7fff000-7f97a8000000 rw-p 00004000 08:01 264417                     /usr/lib/x86_64-linux-gnu/libXdmcp.so.6.0.0
7f97a8000000-7f97a8795000 rw-p 00000000 00:00 0 
7f97a8795000-7f97ac000000 ---p 00000000 00:00 0 
7f97ac000000-7f97ac003000 r--s 00000000 08:01 271247                     /var/cache/fontconfig/c57959a16110560c8d0fcea73374aeeb-le64.cache-3
7f97ac003000-7f97ac008000 r--s 00000000 08:01 271264                     /var/cache/fontconfig/3047814df9a2f067bd2d96a2b9c36e5a-le64.cache-3
7f97ac008000-7f97ac019000 r--s 00000000 08:01 271249                     /var/cache/fontconfig/d52a8644073d54c13679302ca1180695-le64.cache-3
7f97ac019000-7f97ac020000 r--s 00000000 08:01 271258                     /var/cache/fontconfig/3f7329c5293ffd510edef78f73874cfd-le64.cache-3
7f97ac020000-7f97ac022000 r--s 00000000 08:01 271267                     /var/cache/fontconfig/e13b20fdb08344e0e664864cc2ede53d-le64.cache-3
7f97ac022000-7f97ac02b000 r--s 00000000 08:01 277048                     /var/cache/fontconfig/945677eb7aeaf62f1d50efc3fb3ec7d8-le64.cache-3
7f97ac02b000-7f97ac030000 r--s 00000000 08:01 271253                     /var/cache/fontconfig/6eb3985aa4124903f6ff08ba781cd364-le64.cache-3
7f97ac030000-7f97ac039000 r--s 00000000 08:01 278568                     /var/cache/fontconfig/6d41288fd70b0be22e8c3a91e032eec0-le64.cache-3
7f97ac039000-7f97ac067000 r--s 00000000 08:01 271260                     /var/cache/fontconfig/365b55f210c0a22e9a19e35191240f32-le64.cache-3
7f97ac067000-7f97ac06a000 r--s 00000000 08:01 271247                     /var/cache/fontconfig/c57959a16110560c8d0fcea73374aeeb-le64.cache-3
7f97ac06a000-7f97ac06f000 r--s 00000000 08:01 271264                     /var/cache/fontconfig/3047814df9a2f067bd2d96a2b9c36e5a-le64.cache-3
7f97ac06f000-7f97ac072000 ---p 00000000 00:00 0 
7f97ac072000-7f97ac170000 rw-p 00000000 00:00 0 
7f97ac170000-7f97ac172000 r-xp 00000000 08:01 264406                     /usr/lib/x86_64-linux-gnu/libXau.so.6.0.0
7f97ac172000-7f97ac372000 ---p 00002000 08:01 264406                     /usr/lib/x86_64-linux-gnu/libXau.so.6.0.0
7f97ac372000-7f97ac373000 rw-p 00002000 08:01 264406                     /usr/lib/x86_64-linux-gnu/libXau.so.6.0.0
7f97ac373000-7f97ac392000 r-xp 00000000 08:01 265852                     /usr/lib/x86_64-linux-gnu/libxcb.so.1.1.0
7f97ac392000-7f97ac591000 ---p 0001f000 08:01 265852                     /usr/lib/x86_64-linux-gnu/libxcb.so.1.1.0
7f97ac591000-7f97ac592000 r--p 0001e000 08:01 265852                     /usr/lib/x86_64-linux-gnu/libxcb.so.1.1.0
7f97ac592000-7f97ac593000 rw-p 0001f000 08:01 265852                     /usr/lib/x86_64-linux-gnu/libxcb.so.1.1.0
7f97ac593000-7f97ac5a1000 r-xp 00000000 08:01 265075                     /usr/lib/x86_64-linux-gnu/libXi.so.6.1.0
7f97ac5a1000-7f97ac7a1000 ---p 0000e000 08:01 265075                     /usr/lib/x86_64-linux-gnu/libXi.so.6.1.0
7f97ac7a1000-7f97ac7a2000 rw-p 0000e000 08:01 265075                     /usr/lib/x86_64-linux-gnu/libXi.so.6.1.0
7f97ac7a2000-7f97ac7a7000 r-xp 00000000 08:01 274483                     /usr/lib/x86_64-linux-gnu/libXtst.so.6.1.0
7f97ac7a7000-7f97ac9a6000 ---p 00005000 08:01 274483                     /usr/lib/x86_64-linux-gnu/libXtst.so.6.1.0
7f97ac9a6000-7f97ac9a7000 rw-p 00004000 08:01 274483                     /usr/lib/x86_64-linux-gnu/libXtst.so.6.1.0
7f97ac9a7000-7f97ac9b0000 r-xp 00000000 08:01 264343                     /usr/lib/x86_64-linux-gnu/libXrender.so.1.3.0
7f97ac9b0000-7f97acbaf000 ---p 00009000 08:01 264343                     /usr/lib/x86_64-linux-gnu/libXrender.so.1.3.0
7f97acbaf000-7f97acbb0000 rw-p 00008000 08:01 264343                     /usr/lib/x86_64-linux-gnu/libXrender.so.1.3.0
7f97acbb0000-7f97acce5000 r-xp 00000000 08:01 265870                     /usr/lib/x86_64-linux-gnu/libX11.so.6.3.0
7f97acce5000-7f97acee5000 ---p 00135000 08:01 265870                     /usr/lib/x86_64-linux-gnu/libX11.so.6.3.0
7f97acee5000-7f97aceeb000 rw-p 00135000 08:01 265870                     /usr/lib/x86_64-linux-gnu/libX11.so.6.3.0
7f97aceeb000-7f97acefc000 r-xp 00000000 08:01 264595                     /usr/lib/x86_64-linux-gnu/libXext.so.6.4.0
7f97acefc000-7f97ad0fc000 ---p 00011000 08:01 264595                     /usr/lib/x86_64-linux-gnu/libXext.so.6.4.0
7f97ad0fc000-7f97ad0fd000 rw-p 00011000 08:01 264595                     /usr/lib/x86_64-linux-gnu/libXext.so.6.4.0
7f97ad0fd000-7f97ad10e000 r--s 00000000 08:01 271249                     /var/cache/fontconfig/d52a8644073d54c13679302ca1180695-le64.cache-3
7f97ad10e000-7f97ad115000 r--s 00000000 08:01 271258                     /var/cache/fontconfig/3f7329c5293ffd510edef78f73874cfd-le64.cache-3
7f97ad115000-7f97ad117000 r--s 00000000 08:01 271267                     /var/cache/fontconfig/e13b20fdb08344e0e664864cc2ede53d-le64.cache-3
7f97ad117000-7f97ad164000 r-xp 00000000 08:01 144391                     /usr/lib/jvm/java-6-openjdk-amd64/jre/lib/amd64/xawt/libmawt.so
7f97ad164000-7f97ad363000 ---p 0004d000 08:01 144391                     /usr/lib/jvm/java-6-openjdk-amd64/jre/lib/amd64/xawt/libmawt.so
7f97ad363000-7f97ad367000 rw-p 0004c000 08:01 144391                     /usr/lib/jvm/java-6-openjdk-amd64/jre/lib/amd64/xawt/libmawt.so
7f97ad367000-7f97ad368000 rw-p 00000000 00:00 0 
7f97ad368000-7f97ad418000 r-xp 00000000 08:01 144230                     /usr/lib/jvm/java-6-openjdk-amd64/jre/lib/amd64/libawt.so
7f97ad418000-7f97ad617000 ---p 000b0000 08:01 144230                     /usr/lib/jvm/java-6-openjdk-amd64/jre/lib/amd64/libawt.so
7f97ad617000-7f97ad623000 rw-p 000af000 08:01 144230                     /usr/lib/jvm/java-6-openjdk-amd64/jre/lib/amd64/libawt.so
7f97ad623000-7f97ad647000 rw-p 00000000 00:00 0 
7f97ad647000-7f97ad6b6000 r-xp 00000000 08:01 551337                     /tmp/libgdxnemo9955/b4a54a2/libgdx64.so
7f97ad6b6000-7f97ad8b5000 ---p 0006f000 08:01 551337                     /tmp/libgdxnemo9955/b4a54a2/libgdx64.so
7f97ad8b5000-7f97ad8b7000 r--p 0006e000 08:01 551337                     /tmp/libgdxnemo9955/b4a54a2/libgdx64.so
7f97ad8b7000-7f97ad8b8000 rw-p 00070000 08:01 551337                     /tmp/libgdxnemo9955/b4a54a2/libgdx64.so
7f97ad8b8000-7f97ad8b9000 rw-p 00000000 00:00 0 
7f97ad8b9000-7f97ad8c0000 r--s 000fc000 08:01 143749                     /usr/lib/jvm/java-6-openjdk-common/jre/lib/resources.jar
7f97ad8c0000-7f97ad8c1000 r--s 00127000 08:06 9437307                    /home/nemo9955/CodeStation/proiecte/Garden_Revolution/Garden_Revolution-desktop/libs/gdx-natives.jar
7f97ad8c1000-7f97ad8c2000 r--s 00004000 08:06 9437342                    /home/nemo9955/CodeStation/proiecte/Garden_Revolution/Garden_Revolution-desktop/libs/gdx-controllers-desktop.jar
7f97ad8c2000-7f97ad8c3000 r--s 00100000 08:06 9437237                    /home/nemo9955/CodeStation/proiecte/Garden_Revolution/Garden_Revolution-desktop/libs/gdx-controllers-desktop-natives.jar
7f97ad8c3000-7f97ad8d4000 r--s 0012b000 08:06 9437394                    /home/nemo9955/CodeStation/proiecte/Garden_Revolution/Garden_Revolution-desktop/libs/gdx-backend-lwjgl.jar
7f97ad8d4000-7f97ad8db000 r--s 0004c000 08:06 9437312                    /home/nemo9955/CodeStation/proiecte/Garden_Revolution/Garden_Revolution-main/libs/kryonet-2.21-all.jar
7f97ad8db000-7f97ad8dc000 ---p 00000000 00:00 0 
7f97ad8dc000-7f97ad9dc000 rw-p 00000000 00:00 0 
7f97ad9dc000-7f97ad9df000 ---p 00000000 00:00 0 
7f97ad9df000-7f97adadd000 rw-p 00000000 00:00 0 
7f97adadd000-7f97adae0000 ---p 00000000 00:00 0 
7f97adae0000-7f97adbde000 rw-p 00000000 00:00 0 
7f97adbde000-7f97adbe1000 ---p 00000000 00:00 0 
7f97adbe1000-7f97adcdf000 rw-p 00000000 00:00 0 
7f97adcdf000-7f97adce2000 ---p 00000000 00:00 0 
7f97adce2000-7f97adde0000 rw-p 00000000 00:00 0 
7f97adde0000-7f97adde3000 ---p 00000000 00:00 0 
7f97adde3000-7f97adee1000 rw-p 00000000 00:00 0 
7f97adee1000-7f97adee4000 ---p 00000000 00:00 0 
7f97adee4000-7f97adfe2000 rw-p 00000000 00:00 0 
7f97adfe2000-7f97adfe6000 r-xp 00000000 08:01 144238                     /usr/lib/jvm/java-6-openjdk-amd64/jre/lib/amd64/libdt_socket.so
7f97adfe6000-7f97ae1e5000 ---p 00004000 08:01 144238                     /usr/lib/jvm/java-6-openjdk-amd64/jre/lib/amd64/libdt_socket.so
7f97ae1e5000-7f97ae1e6000 rw-p 00003000 08:01 144238                     /usr/lib/jvm/java-6-openjdk-amd64/jre/lib/amd64/libdt_socket.so
7f97ae1e6000-7f97ae1e9000 ---p 00000000 00:00 0 
7f97ae1e9000-7f97ae2e7000 rw-p 00000000 00:00 0 
7f97ae2e7000-7f97ae2ea000 ---p 00000000 00:00 0 
7f97ae2ea000-7f97ae3e8000 rw-p 00000000 00:00 0 
7f97ae3e8000-7f97ae3eb000 ---p 00000000 00:00 0 
7f97ae3eb000-7f97ae4e9000 rw-p 00000000 00:00 0 
7f97ae4e9000-7f97ae4ea000 ---p 00000000 00:00 0 
7f97ae4ea000-7f97ae920000 rw-p 00000000 00:00 0 
7f97ae920000-7f97aeab4000 r--s 03807000 08:01 144270                     /usr/lib/jvm/java-6-openjdk-amd64/jre/lib/rt.jar
7f97aeab4000-7f97aeadc000 rw-p 00000000 00:00 0 
7f97aeadc000-7f97aeadd000 ---p 00000000 00:00 0 
7f97aeadd000-7f97aebdd000 rw-p 00000000 00:00 0 
7f97aebdd000-7f97aebde000 ---p 00000000 00:00 0 
7f97aebde000-7f97aece9000 rw-p 00000000 00:00 0 
7f97aece9000-7f97aed31000 rw-p 00000000 00:00 0 
7f97aed31000-7f97aed42000 rw-p 00000000 00:00 0 
7f97aed42000-7f97aee3d000 rw-p 00000000 00:00 0 
7f97aee3d000-7f97aee48000 rw-p 00000000 00:00 0 
7f97aee48000-7f97aee90000 rw-p 00000000 00:00 0 
7f97aee90000-7f97aeea1000 rw-p 00000000 00:00 0 
7f97aeea1000-7f97aef9c000 rw-p 00000000 00:00 0 
7f97aef9c000-7f97aefa5000 rw-p 00000000 00:00 0 
7f97aefa5000-7f97af022000 rw-p 00000000 00:00 0 
7f97af022000-7f97af023000 rw-p 00000000 00:00 0 
7f97af023000-7f97af293000 rwxp 00000000 00:00 0 
7f97af293000-7f97b2023000 rw-p 00000000 00:00 0 
7f97b2023000-7f97b202a000 r-xp 00000000 08:01 144259                     /usr/lib/jvm/java-6-openjdk-amd64/jre/lib/amd64/libzip.so
7f97b202a000-7f97b2229000 ---p 00007000 08:01 144259                     /usr/lib/jvm/java-6-openjdk-amd64/jre/lib/amd64/libzip.so
7f97b2229000-7f97b222a000 rw-p 00006000 08:01 144259                     /usr/lib/jvm/java-6-openjdk-amd64/jre/lib/amd64/libzip.so
7f97b222a000-7f97b2235000 r-xp 00000000 08:01 916446                     /lib/x86_64-linux-gnu/libnss_files-2.13.so
7f97b2235000-7f97b2434000 ---p 0000b000 08:01 916446                     /lib/x86_64-linux-gnu/libnss_files-2.13.so
7f97b2434000-7f97b2435000 r--p 0000a000 08:01 916446                     /lib/x86_64-linux-gnu/libnss_files-2.13.so
7f97b2435000-7f97b2436000 rw-p 0000b000 08:01 916446                     /lib/x86_64-linux-gnu/libnss_files-2.13.so
7f97b2436000-7f97b2440000 r-xp 00000000 08:01 916442                     /lib/x86_64-linux-gnu/libnss_nis-2.13.so
7f97b2440000-7f97b263f000 ---p 0000a000 08:01 916442                     /lib/x86_64-linux-gnu/libnss_nis-2.13.so
7f97b263f000-7f97b2640000 r--p 00009000 08:01 916442                     /lib/x86_64-linux-gnu/libnss_nis-2.13.so
7f97b2640000-7f97b2641000 rw-p 0000a000 08:01 916442                     /lib/x86_64-linux-gnu/libnss_nis-2.13.so
7f97b2641000-7f97b2648000 r-xp 00000000 08:01 916435                     /lib/x86_64-linux-gnu/libnss_compat-2.13.so
7f97b2648000-7f97b2847000 ---p 00007000 08:01 916435                     /lib/x86_64-linux-gnu/libnss_compat-2.13.so
7f97b2847000-7f97b2848000 r--p 00006000 08:01 916435                     /lib/x86_64-linux-gnu/libnss_compat-2.13.so
7f97b2848000-7f97b2849000 rw-p 00007000 08:01 916435                     /lib/x86_64-linux-gnu/libnss_compat-2.13.so
7f97b2849000-7f97b29c0000 r--p 00000000 08:01 139605                     /usr/lib/locale/locale-archive
7f97b29c0000-7f97b29c3000 r-xp 00000000 08:01 144258                     /usr/lib/jvm/java-6-openjdk-amd64/jre/lib/amd64/libnpt.so
7f97b29c3000-7f97b2bc2000 ---p 00003000 08:01 144258                     /usr/lib/jvm/java-6-openjdk-amd64/jre/lib/amd64/libnpt.so
7f97b2bc2000-7f97b2bc3000 rw-p 00002000 08:01 144258                     /usr/lib/jvm/java-6-openjdk-amd64/jre/lib/amd64/libnpt.so
7f97b2bc3000-7f97b2bfd000 r-xp 00000000 08:01 144255                     /usr/lib/jvm/java-6-openjdk-amd64/jre/lib/amd64/libjdwp.so
7f97b2bfd000-7f97b2dfc000 ---p 0003a000 08:01 144255                     /usr/lib/jvm/java-6-openjdk-amd64/jre/lib/amd64/libjdwp.so
7f97b2dfc000-7f97b2dfd000 rw-p 00039000 08:01 144255                     /usr/lib/jvm/java-6-openjdk-amd64/jre/lib/amd64/libjdwp.so
7f97b2dfd000-7f97b2dfe000 rw-p 00000000 00:00 0 
7f97b2dfe000-7f97b2e13000 r-xp 00000000 08:01 916440                     /lib/x86_64-linux-gnu/libnsl-2.13.so
7f97b2e13000-7f97b3012000 ---p 00015000 08:01 916440                     /lib/x86_64-linux-gnu/libnsl-2.13.so
7f97b3012000-7f97b3013000 r--p 00014000 08:01 916440                     /lib/x86_64-linux-gnu/libnsl-2.13.so
7f97b3013000-7f97b3014000 rw-p 00015000 08:01 916440                     /lib/x86_64-linux-gnu/libnsl-2.13.so
7f97b3014000-7f97b3016000 rw-p 00000000 00:00 0 
7f97b3016000-7f97b3044000 r-xp 00000000 08:01 144245                     /usr/lib/jvm/java-6-openjdk-amd64/jre/lib/amd64/libjava.so
7f97b3044000-7f97b3243000 ---p 0002e000 08:01 144245                     /usr/lib/jvm/java-6-openjdk-amd64/jre/lib/amd64/libjava.so
7f97b3243000-7f97b3247000 rw-p 0002d000 08:01 144245                     /usr/lib/jvm/java-6-openjdk-amd64/jre/lib/amd64/libjava.so
7f97b3247000-7f97b3256000 r-xp 00000000 08:01 144228                     /usr/lib/jvm/java-6-openjdk-amd64/jre/lib/amd64/libverify.so
7f97b3256000-7f97b3455000 ---p 0000f000 08:01 144228                     /usr/lib/jvm/java-6-openjdk-amd64/jre/lib/amd64/libverify.so
7f97b3455000-7f97b3457000 rw-p 0000e000 08:01 144228                     /usr/lib/jvm/java-6-openjdk-amd64/jre/lib/amd64/libverify.so
7f97b3457000-7f97b345e000 r-xp 00000000 08:01 916450                     /lib/x86_64-linux-gnu/librt-2.13.so
7f97b345e000-7f97b365d000 ---p 00007000 08:01 916450                     /lib/x86_64-linux-gnu/librt-2.13.so
7f97b365d000-7f97b365e000 r--p 00006000 08:01 916450                     /lib/x86_64-linux-gnu/librt-2.13.so
7f97b365e000-7f97b365f000 rw-p 00007000 08:01 916450                     /lib/x86_64-linux-gnu/librt-2.13.so
7f97b365f000-7f97b3674000 r-xp 00000000 08:01 916059                     /lib/x86_64-linux-gnu/libgcc_s.so.1
7f97b3674000-7f97b3874000 ---p 00015000 08:01 916059                     /lib/x86_64-linux-gnu/libgcc_s.so.1
7f97b3874000-7f97b3875000 rw-p 00015000 08:01 916059                     /lib/x86_64-linux-gnu/libgcc_s.so.1
7f97b3875000-7f97b38f6000 r-xp 00000000 08:01 916437                     /lib/x86_64-linux-gnu/libm-2.13.so
7f97b38f6000-7f97b3af5000 ---p 00081000 08:01 916437                     /lib/x86_64-linux-gnu/libm-2.13.so
7f97b3af5000-7f97b3af6000 r--p 00080000 08:01 916437                     /lib/x86_64-linux-gnu/libm-2.13.so
7f97b3af6000-7f97b3af7000 rw-p 00081000 08:01 916437                     /lib/x86_64-linux-gnu/libm-2.13.so
7f97b3af7000-7f97b3bdf000 r-xp 00000000 08:01 265105                     /usr/lib/x86_64-linux-gnu/libstdc++.so.6.0.17
7f97b3bdf000-7f97b3ddf000 ---p 000e8000 08:01 265105                     /usr/lib/x86_64-linux-gnu/libstdc++.so.6.0.17
7f97b3ddf000-7f97b3de7000 r--p 000e8000 08:01 265105                     /usr/lib/x86_64-linux-gnu/libstdc++.so.6.0.17
7f97b3de7000-7f97b3de9000 rw-p 000f0000 08:01 265105                     /usr/lib/x86_64-linux-gnu/libstdc++.so.6.0.17
7f97b3de9000-7f97b3dfe000 rw-p 00000000 00:00 0 
7f97b3dfe000-7f97b4712000 r-xp 00000000 08:01 144235                     /usr/lib/jvm/java-6-openjdk-amd64/jre/lib/amd64/server/libjvm.so
7f97b4712000-7f97b4911000 ---p 00914000 08:01 144235                     /usr/lib/jvm/java-6-openjdk-amd64/jre/lib/amd64/server/libjvm.so
7f97b4911000-7f97b49ad000 rw-p 00913000 08:01 144235                     /usr/lib/jvm/java-6-openjdk-amd64/jre/lib/amd64/server/libjvm.so
7f97b49ad000-7f97b49d6000 rw-p 00000000 00:00 0 
7f97b49d6000-7f97b4b58000 r-xp 00000000 08:01 916430                     /lib/x86_64-linux-gnu/libc-2.13.so
7f97b4b58000-7f97b4d57000 ---p 00182000 08:01 916430                     /lib/x86_64-linux-gnu/libc-2.13.so
7f97b4d57000-7f97b4d5b000 r--p 00181000 08:01 916430                     /lib/x86_64-linux-gnu/libc-2.13.so
7f97b4d5b000-7f97b4d5c000 rw-p 00185000 08:01 916430                     /lib/x86_64-linux-gnu/libc-2.13.so
7f97b4d5c000-7f97b4d61000 rw-p 00000000 00:00 0 
7f97b4d61000-7f97b4d63000 r-xp 00000000 08:01 916444                     /lib/x86_64-linux-gnu/libdl-2.13.so
7f97b4d63000-7f97b4f63000 ---p 00002000 08:01 916444                     /lib/x86_64-linux-gnu/libdl-2.13.so
7f97b4f63000-7f97b4f64000 r--p 00002000 08:01 916444                     /lib/x86_64-linux-gnu/libdl-2.13.so
7f97b4f64000-7f97b4f65000 rw-p 00003000 08:01 916444                     /lib/x86_64-linux-gnu/libdl-2.13.so
7f97b4f65000-7f97b4f69000 r-xp 00000000 08:01 144232                     /usr/lib/jvm/java-6-openjdk-amd64/jre/lib/amd64/jli/libjli.so
7f97b4f69000-7f97b5168000 ---p 00004000 08:01 144232                     /usr/lib/jvm/java-6-openjdk-amd64/jre/lib/amd64/jli/libjli.so
7f97b5168000-7f97b5169000 rw-p 00003000 08:01 144232                     /usr/lib/jvm/java-6-openjdk-amd64/jre/lib/amd64/jli/libjli.so
7f97b5169000-7f97b5180000 r-xp 00000000 08:01 916448                     /lib/x86_64-linux-gnu/libpthread-2.13.so
7f97b5180000-7f97b537f000 ---p 00017000 08:01 916448                     /lib/x86_64-linux-gnu/libpthread-2.13.so
7f97b537f000-7f97b5380000 r--p 00016000 08:01 916448                     /lib/x86_64-linux-gnu/libpthread-2.13.so
7f97b5380000-7f97b5381000 rw-p 00017000 08:01 916448                     /lib/x86_64-linux-gnu/libpthread-2.13.so
7f97b5381000-7f97b5385000 rw-p 00000000 00:00 0 
7f97b5385000-7f97b539b000 r-xp 00000000 08:01 916168                     /lib/x86_64-linux-gnu/libz.so.1.2.7
7f97b539b000-7f97b559a000 ---p 00016000 08:01 916168                     /lib/x86_64-linux-gnu/libz.so.1.2.7
7f97b559a000-7f97b559b000 r--p 00015000 08:01 916168                     /lib/x86_64-linux-gnu/libz.so.1.2.7
7f97b559b000-7f97b559c000 rw-p 00016000 08:01 916168                     /lib/x86_64-linux-gnu/libz.so.1.2.7
7f97b559c000-7f97b55bc000 r-xp 00000000 08:01 32                         /lib64/ld-2.13.so
7f97b55bc000-7f97b55be000 r--s 001a1000 08:06 9437380                    /home/nemo9955/CodeStation/proiecte/Garden_Revolution/Garden_Revolution-desktop/libs/gdx-backend-lwjgl-natives.jar
7f97b55be000-7f97b55c1000 r--s 0000b000 08:06 9437369                    /home/nemo9955/CodeStation/proiecte/Garden_Revolution/Garden_Revolution-main/libs/tween-engine-api.jar
7f97b55c1000-7f97b55c4000 r--s 0007f000 08:01 143741                     /usr/lib/jvm/java-6-openjdk-common/jre/lib/jsse.jar
7f97b55c4000-7f97b55da000 r--s 00157000 08:06 9437270                    /home/nemo9955/CodeStation/proiecte/Garden_Revolution/Garden_Revolution-main/libs/gdx.jar
7f97b55da000-7f97b55e4000 rw-p 00000000 00:00 0 
7f97b55e4000-7f97b569a000 rw-p 00000000 00:00 0 
7f97b569a000-7f97b569d000 ---p 00000000 00:00 0 
7f97b569d000-7f97b57a0000 rw-p 00000000 00:00 0 
7f97b57a0000-7f97b57a1000 r--s 00002000 08:06 9437214                    /home/nemo9955/CodeStation/proiecte/Garden_Revolution/Garden_Revolution-main/libs/gdx-controllers.jar
7f97b57a1000-7f97b57a5000 r--s 00039000 08:01 143733                     /usr/lib/jvm/java-6-openjdk-common/jre/lib/ext/sunpkcs11.jar
7f97b57a5000-7f97b57a7000 r--s 0000f000 08:01 143734                     /usr/lib/jvm/java-6-openjdk-common/jre/lib/ext/pulse-java.jar
7f97b57a7000-7f97b57aa000 r--s 00031000 08:01 143736                     /usr/lib/jvm/java-6-openjdk-common/jre/lib/ext/sunjce_provider.jar
7f97b57aa000-7f97b57ad000 r--s 00077000 08:01 143735                     /usr/lib/jvm/java-6-openjdk-common/jre/lib/ext/localedata.jar
7f97b57ad000-7f97b57af000 r--s 00001000 08:01 143737                     /usr/lib/jvm/java-6-openjdk-common/jre/lib/ext/dnsns.jar
7f97b57af000-7f97b57b0000 r--s 00007000 08:01 916596                     /usr/share/java/java-atk-wrapper.jar
7f97b57b0000-7f97b57b8000 rw-s 00000000 08:01 400812                     /tmp/hsperfdata_nemo9955/5100
7f97b57b8000-7f97b57b9000 rw-p 00000000 00:00 0 
7f97b57b9000-7f97b57ba000 r--p 00000000 00:00 0 
7f97b57ba000-7f97b57bb000 rw-p 00000000 00:00 0 
7f97b57bb000-7f97b57bc000 r--p 0001f000 08:01 32                         /lib64/ld-2.13.so
7f97b57bc000-7f97b57bd000 rw-p 00020000 08:01 32                         /lib64/ld-2.13.so
7f97b57bd000-7f97b57be000 rw-p 00000000 00:00 0 
7fff780d4000-7fff780f5000 rw-p 00000000 00:00 0                          [stack]
7fff781ff000-7fff78200000 r-xp 00000000 00:00 0                          [vdso]
ffffffffff600000-ffffffffff601000 r-xp 00000000 00:00 0                  [vsyscall]

VM Arguments:
jvm_args: -agentlib:jdwp=transport=dt_socket,suspend=y,address=localhost:58714 -Dfile.encoding=UTF-8 
java_command: com.nemo9955.garden_revolution.Main
Launcher Type: SUN_STANDARD

Environment Variables:
PATH=/home/nemo9955/bin:/usr/sbin:/sbin:/usr/local/bin:/usr/bin:/bin:/usr/local/games:/usr/games
LD_LIBRARY_PATH=/usr/lib/jvm/java-6-openjdk-amd64/jre/lib/amd64/server:/usr/lib/jvm/java-6-openjdk-amd64/jre/lib/amd64:/usr/lib/jvm/java-6-openjdk-amd64/jre/../lib/amd64
SHELL=/bin/bash
DISPLAY=:0.0

Signal Handlers:
SIGSEGV: [libjvm.so+0x791b10], sa_mask[0]=0x7ffbfeff, sa_flags=0x10000004
SIGBUS: [libjvm.so+0x791b10], sa_mask[0]=0x7ffbfeff, sa_flags=0x10000004
SIGFPE: [libjvm.so+0x65ace0], sa_mask[0]=0x7ffbfeff, sa_flags=0x10000004
SIGPIPE: [libjvm.so+0x65ace0], sa_mask[0]=0x7ffbfeff, sa_flags=0x10000004
SIGXFSZ: [libjvm.so+0x65ace0], sa_mask[0]=0x7ffbfeff, sa_flags=0x10000004
SIGILL: [libjvm.so+0x65ace0], sa_mask[0]=0x7ffbfeff, sa_flags=0x10000004
SIGUSR1: SIG_DFL, sa_mask[0]=0x00000000, sa_flags=0x00000000
SIGUSR2: [libjvm.so+0x65aec0], sa_mask[0]=0x00000004, sa_flags=0x10000004
SIGHUP: [libjvm.so+0x65d500], sa_mask[0]=0x7ffbfeff, sa_flags=0x10000004
SIGINT: [libjvm.so+0x65d500], sa_mask[0]=0x7ffbfeff, sa_flags=0x10000004
SIGTERM: [libjvm.so+0x65d500], sa_mask[0]=0x7ffbfeff, sa_flags=0x10000004
SIGQUIT: [libjvm.so+0x65d500], sa_mask[0]=0x7ffbfeff, sa_flags=0x10000004


---------------  S Y S T E M  ---------------

OS:7.3

uname:Linux 3.2.0-4-amd64 #1 SMP Debian 3.2.51-1 x86_64
libc:glibc 2.13 NPTL 2.13 
rlimit: STACK 8192k, CORE 0k, NPROC 25587, NOFILE 4096, AS infinity
load average:0.34 0.34 0.35

/proc/meminfo:
MemTotal:        3287396 kB
MemFree:          739648 kB
Buffers:           23072 kB
Cached:           333028 kB
SwapCached:         8952 kB
Active:          1708384 kB
Inactive:         681396 kB
Active(anon):    1565092 kB
Inactive(anon):   478392 kB
Active(file):     143292 kB
Inactive(file):   203004 kB
Unevictable:           0 kB
Mlocked:               0 kB
SwapTotal:       3025916 kB
SwapFree:        2941900 kB
Dirty:               528 kB
Writeback:             0 kB
AnonPages:       2025656 kB
Mapped:           162272 kB
Shmem:              9848 kB
Slab:              72540 kB
SReclaimable:      45620 kB
SUnreclaim:        26920 kB
KernelStack:        3888 kB
PageTables:        24728 kB
NFS_Unstable:          0 kB
Bounce:                0 kB
WritebackTmp:          0 kB
CommitLimit:     4669612 kB
Committed_AS:    4343096 kB
VmallocTotal:   34359738367 kB
VmallocUsed:      315844 kB
VmallocChunk:   34359419900 kB
HardwareCorrupted:     0 kB
AnonHugePages:         0 kB
HugePages_Total:       0
HugePages_Free:        0
HugePages_Rsvd:        0
HugePages_Surp:        0
Hugepagesize:       2048 kB
DirectMap4k:      114368 kB
DirectMap2M:     3227648 kB


CPU:total 2 (2 cores per cpu, 1 threads per core) family 6 model 23 stepping 10, cmov, cx8, fxsr, mmx, sse, sse2, sse3, ssse3, sse4.1

Memory: 4k page, physical 3287396k(739648k free), swap 3025916k(2941900k free)

vm_info: OpenJDK 64-Bit Server VM (20.0-b12) for linux-amd64 JRE (1.6.0_27-b27), built on Jul 12 2013 09:04:12 by "jmm" with gcc 4.7.2

time: Mon Feb 24 15:18:33 2014
elapsed time: 449 seconds

