#
# A fatal error has been detected by the Java Runtime Environment:
#
#  SIGBUS (0x7) at pc=0x00007f2aa9321740, pid=7996, tid=139821185836800
#
# JRE version: 6.0_27-b27
# Java VM: OpenJDK 64-Bit Server VM (20.0-b12 mixed mode linux-amd64 compressed oops)
# Derivative: IcedTea6 1.12.6
# Distribution: Debian GNU/Linux 7.1 (wheezy), package 6b27-1.12.6-1~deb7u1
# Problematic frame:
# 
[error occurred during error reporting (printing problematic frame), id 0x7]

# If you would like to submit a bug report, please include
# instructions how to reproduce the bug and visit:
#   http://icedtea.classpath.org/bugzilla
#

---------------  T H R E A D  ---------------

Current thread is native thread

siginfo:si_signo=SIGBUS: si_errno=0, si_code=2 (BUS_ADRERR), si_addr=0x00007f2aa9321740

Registers:
RAX=0x0000000000000000, RBX=0x00007f2aa81d1e40, RCX=0x00007f2ab33338ad, RDX=0x0000000000000000
RSP=0x00007f2aa81d1e30, RBP=0x00007f2aa4055f40, RSI=0x00007f2aa81d1e30, RDI=0x0000000000000000
R8 =0x00007f2aa4054240, R9 =0x0000000000000001, R10=0x00007f2aa406aba4, R11=0x0000000000000000
R12=0x0000000000000000, R13=0x00007f2aa406ab80, R14=0x0000000000000008, R15=0x00007f2aa81d1e98
RIP=0x00007f2aa9321740, EFLAGS=0x0000000000010217, CSGSFS=0x0000000000000033, ERR=0x0000000000000014
  TRAPNO=0x000000000000000e

Top of Stack: (sp=0x00007f2aa81d1e30)
0x00007f2aa81d1e30:   00007f2aa4055e70 00007f2aa8c836be
0x00007f2aa81d1e40:   0000000000000000 00000000000f4240
0x00007f2aa81d1e50:   00007f2aa406ab80 0000000000000838
0x00007f2aa81d1e60:   00007f2aa4055f40 00007f2aa932d5d3
0x00007f2aa81d1e70:   0000000000000000 00007f2aa81d1e90
0x00007f2aa81d1e80:   0000000000002000 0000000000006000
0x00007f2aa81d1e90:   00007f2a9e019040 0000000000004000
0x00007f2aa81d1ea0:   0000000000000000 00007f2aa40558a0
0x00007f2aa81d1eb0:   0000000000000000 00007f2ab39553f0
0x00007f2aa81d1ec0:   00007f2aa81d29c0 00007f2ab3978040
0x00007f2aa81d1ed0:   0000000000000003 00007f2aa932073a
0x00007f2aa81d1ee0:   0000000000000000 00007f2ab332bb50
0x00007f2aa81d1ef0:   0000000000000000 00007f2aa81d2700
0x00007f2aa81d1f00:   0000000000000000 0000000000000000
0x00007f2aa81d1f10:   0000000000000000 0000000000000000
0x00007f2aa81d1f20:   0000000000000000 0000000000000000
0x00007f2aa81d1f30:   0000000000000000 0000000000000000
0x00007f2aa81d1f40:   0000000000000000 0000000000000000
0x00007f2aa81d1f50:   0000000000000000 0000000000000000
0x00007f2aa81d1f60:   0000000000000000 0000000000000000
0x00007f2aa81d1f70:   0000000000000000 0000000000000000
0x00007f2aa81d1f80:   00007f2aa81d2700 581fa2fa95685d84
0x00007f2aa81d1f90:   00007f2ab39553f0 00007f2aa81d29c0
0x00007f2aa81d1fa0:   00007f2ab3978040 0000000000000003
0x00007f2aa81d1fb0:   a64af2c0a8885d84 a64ac49fe3445d84
0x00007f2aa81d1fc0:   0000000000000000 0000000000000000
0x00007f2aa81d1fd0:   0000000000000000 0000000000000000
0x00007f2aa81d1fe0:   0000000000000000 0000000000000000
0x00007f2aa81d1ff0:   00007f2aa81d2700 00007f2ab2c6e0ed
0x00007f2aa81d2000:   0000000000000000 0000000000000000
0x00007f2aa81d2010:   0000000000000000 0000000000000000
0x00007f2aa81d2020:   0000000000000000 0000000000000000 

Instructions: (pc=0x00007f2aa9321740)
0x00007f2aa9321720:   
[error occurred during error reporting (printing registers, top of stack, instructions near pc), id 0x7]

Register to memory mapping:

RAX=0x0000000000000000 is an unknown value
RBX=0x00007f2aa81d1e40 is an unknown value
RCX=0x00007f2ab33338ad: __nanosleep+0x2d in /lib/x86_64-linux-gnu/libpthread.so.0 at 0x00007f2ab3325000
RDX=0x0000000000000000 is an unknown value
RSP=0x00007f2aa81d1e30 is an unknown value
RBP=0x00007f2aa4055f40 is an unknown value
RSI=0x00007f2aa81d1e30 is an unknown value
RDI=0x0000000000000000 is an unknown value
R8 =0x00007f2aa4054240 is an unknown value
R9 =0x0000000000000001 is an unknown value
R10=0x00007f2aa406aba4 is an unknown value
R11=0x0000000000000000 is an unknown value
R12=0x0000000000000000 is an unknown value
R13=0x00007f2aa406ab80 is an unknown value
R14=0x0000000000000008 is an unknown value
R15=0x00007f2aa81d1e98 is an unknown value


Stack: [0x00007f2aa80d2000,0x00007f2aa81d3000],  sp=0x00007f2aa81d1e30,  free space=1023k
Native frames: (J=compiled Java code, j=interpreted, Vv=VM code, C=native code)

[error occurred during error reporting (printing native stack), id 0x7]


---------------  P R O C E S S  ---------------

VM state:not at safepoint (normal execution)

VM Mutex/Monitor currently owned by a thread: None

Heap
 PSYoungGen      total 14976K, used 3631K [0x00000000ef400000, 0x00000000f04b0000, 0x0000000100000000)
  eden space 12864K, 11% used [0x00000000ef400000,0x00000000ef57e9a8,0x00000000f0090000)
  from space 2112K, 99% used [0x00000000f0090000,0x00000000f029d2c0,0x00000000f02a0000)
  to   space 2112K, 0% used [0x00000000f02a0000,0x00000000f02a0000,0x00000000f04b0000)
 PSOldGen        total 34304K, used 705K [0x00000000cdc00000, 0x00000000cfd80000, 0x00000000ef400000)
  object space 34304K, 2% used [0x00000000cdc00000,0x00000000cdcb07e0,0x00000000cfd80000)
 PSPermGen       total 21248K, used 14959K [0x00000000c3600000, 0x00000000c4ac0000, 0x00000000cdc00000)
  object space 21248K, 70% used [0x00000000c3600000,0x00000000c449bda0,0x00000000c4ac0000)

Code Cache  [0x00007f2aad794000, 0x00007f2aada04000, 0x00007f2ab0794000)
 total_blobs=1011 nmethods=403 adapters=562 free_code_cache=48828608 largest_free_block=25728

Dynamic libraries:
00400000-00409000 r-xp 00000000 08:01 144298                             /usr/lib/jvm/java-6-openjdk-amd64/jre/bin/java
00608000-00609000 rw-p 00008000 08:01 144298                             /usr/lib/jvm/java-6-openjdk-amd64/jre/bin/java
020f9000-04b91000 rw-p 00000000 00:00 0                                  [heap]
4035a000-403d8000 rw-p 00000000 00:00 0 
40bd2000-40bd4000 r-xs 00000000 08:01 279135                             /tmp/glDnpfFB (deleted)
c3600000-c4ac0000 rw-p 00000000 00:00 0 
c4ac0000-cdc00000 rw-p 00000000 00:00 0 
cdc00000-cfd80000 rw-p 00000000 00:00 0 
cfd80000-ef400000 rw-p 00000000 00:00 0 
ef400000-f04b0000 rw-p 00000000 00:00 0 
f04b0000-100000000 rw-p 00000000 00:00 0 
7f2a9a25e000-7f2a9a261000 ---p 00000000 00:00 0 
7f2a9a261000-7f2a9a35f000 rw-p 00000000 00:00 0 
7f2a9a35f000-7f2a9a382000 r-xp 00000000 08:01 551347                     /tmp/libgdxnemo9955/b97b1fcd/libgdx-controllers-desktop64.so
7f2a9a382000-7f2a9a582000 ---p 00023000 08:01 551347                     /tmp/libgdxnemo9955/b97b1fcd/libgdx-controllers-desktop64.so
7f2a9a582000-7f2a9a583000 r--p 00023000 08:01 551347                     /tmp/libgdxnemo9955/b97b1fcd/libgdx-controllers-desktop64.so
7f2a9a583000-7f2a9a584000 rw-p 00024000 08:01 551347                     /tmp/libgdxnemo9955/b97b1fcd/libgdx-controllers-desktop64.so
7f2a9a584000-7f2a9a599000 r-xp 00000000 08:01 144247                     /usr/lib/jvm/java-6-openjdk-amd64/jre/lib/amd64/libnet.so
7f2a9a599000-7f2a9a798000 ---p 00015000 08:01 144247                     /usr/lib/jvm/java-6-openjdk-amd64/jre/lib/amd64/libnet.so
7f2a9a798000-7f2a9a799000 rw-p 00014000 08:01 144247                     /usr/lib/jvm/java-6-openjdk-amd64/jre/lib/amd64/libnet.so
7f2a9a799000-7f2a9ab99000 rw-s 43b26000 00:05 5680                       /dev/nvidia0
7f2a9ab99000-7f2a9af99000 rw-s b4a03000 00:05 5680                       /dev/nvidia0
7f2a9af99000-7f2a9b199000 rw-s 692d1000 00:05 5680                       /dev/nvidia0
7f2a9b199000-7f2a9b399000 rw-s 37777000 00:05 5680                       /dev/nvidia0
7f2a9b399000-7f2a9b499000 rw-s c20af000 00:05 5680                       /dev/nvidia0
7f2a9b499000-7f2a9b50d000 rw-p 00000000 00:00 0 
7f2a9b50d000-7f2a9cedd000 r-xp 00000000 08:01 282961                     /usr/lib/x86_64-linux-gnu/libnvidia-glcore.so.304.88
7f2a9cedd000-7f2a9d0dc000 ---p 019d0000 08:01 282961                     /usr/lib/x86_64-linux-gnu/libnvidia-glcore.so.304.88
7f2a9d0dc000-7f2a9d8dd000 rwxp 019cf000 08:01 282961                     /usr/lib/x86_64-linux-gnu/libnvidia-glcore.so.304.88
7f2a9d8dd000-7f2a9d8f7000 rwxp 00000000 00:00 0 
7f2a9d8f7000-7f2a9d8fa000 r-xp 00000000 08:01 551171                     /usr/lib/x86_64-linux-gnu/tls/libnvidia-tls.so.304.88
7f2a9d8fa000-7f2a9daf9000 ---p 00003000 08:01 551171                     /usr/lib/x86_64-linux-gnu/tls/libnvidia-tls.so.304.88
7f2a9daf9000-7f2a9dafa000 rw-p 00002000 08:01 551171                     /usr/lib/x86_64-linux-gnu/tls/libnvidia-tls.so.304.88
7f2a9dafa000-7f2a9dbc4000 r-xp 00000000 08:01 678444                     /usr/lib/x86_64-linux-gnu/nvidia/current/libGL.so.304.88
7f2a9dbc4000-7f2a9ddc4000 ---p 000ca000 08:01 678444                     /usr/lib/x86_64-linux-gnu/nvidia/current/libGL.so.304.88
7f2a9ddc4000-7f2a9de01000 rwxp 000ca000 08:01 678444                     /usr/lib/x86_64-linux-gnu/nvidia/current/libGL.so.304.88
7f2a9de01000-7f2a9de17000 rwxp 00000000 00:00 0 
7f2a9de17000-7f2a9de1a000 ---p 00000000 00:00 0 
7f2a9de1a000-7f2a9df18000 rw-p 00000000 00:00 0 
7f2a9df18000-7f2a9df1b000 ---p 00000000 00:00 0 
7f2a9df1b000-7f2a9e019000 rw-p 00000000 00:00 0 
7f2a9e019000-7f2aa201a000 rw-s 00000000 00:11 311325                     /run/shm/pulse-shm-1701940954
7f2aa201a000-7f2aa201b000 ---p 00000000 00:00 0 
7f2aa201b000-7f2aa281b000 rw-p 00000000 00:00 0 
7f2aa281b000-7f2aa282e000 r-xp 00000000 08:01 916431                     /lib/x86_64-linux-gnu/libresolv-2.13.so
7f2aa282e000-7f2aa2a2d000 ---p 00013000 08:01 916431                     /lib/x86_64-linux-gnu/libresolv-2.13.so
7f2aa2a2d000-7f2aa2a2e000 r--p 00012000 08:01 916431                     /lib/x86_64-linux-gnu/libresolv-2.13.so
7f2aa2a2e000-7f2aa2a2f000 rw-p 00013000 08:01 916431                     /lib/x86_64-linux-gnu/libresolv-2.13.so
7f2aa2a2f000-7f2aa2a31000 rw-p 00000000 00:00 0 
7f2aa2a31000-7f2aa2a37000 r-xp 00000000 08:01 264971                     /usr/lib/x86_64-linux-gnu/libogg.so.0.8.0
7f2aa2a37000-7f2aa2c36000 ---p 00006000 08:01 264971                     /usr/lib/x86_64-linux-gnu/libogg.so.0.8.0
7f2aa2c36000-7f2aa2c37000 rw-p 00005000 08:01 264971                     /usr/lib/x86_64-linux-gnu/libogg.so.0.8.0
7f2aa2c37000-7f2aa2c63000 r-xp 00000000 08:01 265193                     /usr/lib/x86_64-linux-gnu/libvorbis.so.0.4.5
7f2aa2c63000-7f2aa2e62000 ---p 0002c000 08:01 265193                     /usr/lib/x86_64-linux-gnu/libvorbis.so.0.4.5
7f2aa2e62000-7f2aa2e63000 r--p 0002b000 08:01 265193                     /usr/lib/x86_64-linux-gnu/libvorbis.so.0.4.5
7f2aa2e63000-7f2aa2e64000 rw-p 0002c000 08:01 265193                     /usr/lib/x86_64-linux-gnu/libvorbis.so.0.4.5
7f2aa2e64000-7f2aa3117000 r-xp 00000000 08:01 265195                     /usr/lib/x86_64-linux-gnu/libvorbisenc.so.2.0.8
7f2aa3117000-7f2aa3316000 ---p 002b3000 08:01 265195                     /usr/lib/x86_64-linux-gnu/libvorbisenc.so.2.0.8
7f2aa3316000-7f2aa3332000 r--p 002b2000 08:01 265195                     /usr/lib/x86_64-linux-gnu/libvorbisenc.so.2.0.8
7f2aa3332000-7f2aa3333000 rw-p 002ce000 08:01 265195                     /usr/lib/x86_64-linux-gnu/libvorbisenc.so.2.0.8
7f2aa3333000-7f2aa337e000 r-xp 00000000 08:01 264365                     /usr/lib/x86_64-linux-gnu/libFLAC.so.8.2.0
7f2aa337e000-7f2aa357d000 ---p 0004b000 08:01 264365                     /usr/lib/x86_64-linux-gnu/libFLAC.so.8.2.0
7f2aa357d000-7f2aa357e000 r--p 0004a000 08:01 264365                     /usr/lib/x86_64-linux-gnu/libFLAC.so.8.2.0
7f2aa357e000-7f2aa357f000 rw-p 0004b000 08:01 264365                     /usr/lib/x86_64-linux-gnu/libFLAC.so.8.2.0
7f2aa357f000-7f2aa3583000 r-xp 00000000 08:01 916163                     /lib/x86_64-linux-gnu/libuuid.so.1.3.0
7f2aa3583000-7f2aa3782000 ---p 00004000 08:01 916163                     /lib/x86_64-linux-gnu/libuuid.so.1.3.0
7f2aa3782000-7f2aa3783000 r--p 00003000 08:01 916163                     /lib/x86_64-linux-gnu/libuuid.so.1.3.0
7f2aa3783000-7f2aa3784000 rw-p 00004000 08:01 916163                     /lib/x86_64-linux-gnu/libuuid.so.1.3.0
7f2aa3784000-7f2aa3788000 r-xp 00000000 08:01 916027                     /lib/x86_64-linux-gnu/libattr.so.1.1.0
7f2aa3788000-7f2aa3987000 ---p 00004000 08:01 916027                     /lib/x86_64-linux-gnu/libattr.so.1.1.0
7f2aa3987000-7f2aa3988000 r--p 00003000 08:01 916027                     /lib/x86_64-linux-gnu/libattr.so.1.1.0
7f2aa3988000-7f2aa3989000 rw-p 00004000 08:01 916027                     /lib/x86_64-linux-gnu/libattr.so.1.1.0
7f2aa3989000-7f2aa398e000 r-xp 00000000 08:01 264468                     /usr/lib/x86_64-linux-gnu/libasyncns.so.0.3.1
7f2aa398e000-7f2aa3b8d000 ---p 00005000 08:01 264468                     /usr/lib/x86_64-linux-gnu/libasyncns.so.0.3.1
7f2aa3b8d000-7f2aa3b8e000 rw-p 00004000 08:01 264468                     /usr/lib/x86_64-linux-gnu/libasyncns.so.0.3.1
7f2aa3b8e000-7f2aa3bef000 r-xp 00000000 08:01 265087                     /usr/lib/x86_64-linux-gnu/libsndfile.so.1.0.25
7f2aa3bef000-7f2aa3dee000 ---p 00061000 08:01 265087                     /usr/lib/x86_64-linux-gnu/libsndfile.so.1.0.25
7f2aa3dee000-7f2aa3df0000 r--p 00060000 08:01 265087                     /usr/lib/x86_64-linux-gnu/libsndfile.so.1.0.25
7f2aa3df0000-7f2aa3df1000 rw-p 00062000 08:01 265087                     /usr/lib/x86_64-linux-gnu/libsndfile.so.1.0.25
7f2aa3df1000-7f2aa3df5000 rw-p 00000000 00:00 0 
7f2aa3df5000-7f2aa3dfe000 r-xp 00000000 08:01 916165                     /lib/x86_64-linux-gnu/libwrap.so.0.7.6
7f2aa3dfe000-7f2aa3ffd000 ---p 00009000 08:01 916165                     /lib/x86_64-linux-gnu/libwrap.so.0.7.6
7f2aa3ffd000-7f2aa3ffe000 r--p 00008000 08:01 916165                     /lib/x86_64-linux-gnu/libwrap.so.0.7.6
7f2aa3ffe000-7f2aa3fff000 rw-p 00009000 08:01 916165                     /lib/x86_64-linux-gnu/libwrap.so.0.7.6
7f2aa3fff000-7f2aa4000000 rw-p 00000000 00:00 0 
7f2aa4000000-7f2aa4ac9000 rw-p 00000000 00:00 0 
7f2aa4ac9000-7f2aa8000000 ---p 00000000 00:00 0 
7f2aa8034000-7f2aa80d2000 rw-p 00000000 00:00 0 
7f2aa80d2000-7f2aa80d3000 ---p 00000000 00:00 0 
7f2aa80d3000-7f2aa81d3000 rw-p 00000000 00:00 0 
7f2aa81d3000-7f2aa81da000 r-xp 00000000 08:01 264394                     /usr/lib/x86_64-linux-gnu/libSM.so.6.0.1
7f2aa81da000-7f2aa83d9000 ---p 00007000 08:01 264394                     /usr/lib/x86_64-linux-gnu/libSM.so.6.0.1
7f2aa83d9000-7f2aa83da000 rw-p 00006000 08:01 264394                     /usr/lib/x86_64-linux-gnu/libSM.so.6.0.1
7f2aa83da000-7f2aa83f1000 r-xp 00000000 08:01 264375                     /usr/lib/x86_64-linux-gnu/libICE.so.6.3.0
7f2aa83f1000-7f2aa85f0000 ---p 00017000 08:01 264375                     /usr/lib/x86_64-linux-gnu/libICE.so.6.3.0
7f2aa85f0000-7f2aa85f2000 rw-p 00016000 08:01 264375                     /usr/lib/x86_64-linux-gnu/libICE.so.6.3.0
7f2aa85f2000-7f2aa85f5000 rw-p 00000000 00:00 0 
7f2aa85f5000-7f2aa85f6000 r-xp 00000000 08:01 272883                     /usr/lib/x86_64-linux-gnu/libX11-xcb.so.1.0.0
7f2aa85f6000-7f2aa87f5000 ---p 00001000 08:01 272883                     /usr/lib/x86_64-linux-gnu/libX11-xcb.so.1.0.0
7f2aa87f5000-7f2aa87f6000 rw-p 00000000 08:01 272883                     /usr/lib/x86_64-linux-gnu/libX11-xcb.so.1.0.0
7f2aa87f6000-7f2aa87fa000 r-xp 00000000 08:01 916038                     /lib/x86_64-linux-gnu/libcap.so.2.22
7f2aa87fa000-7f2aa89f9000 ---p 00004000 08:01 916038                     /lib/x86_64-linux-gnu/libcap.so.2.22
7f2aa89f9000-7f2aa89fa000 rw-p 00003000 08:01 916038                     /lib/x86_64-linux-gnu/libcap.so.2.22
7f2aa89fa000-7f2aa8a3e000 r-xp 00000000 08:01 916060                     /lib/x86_64-linux-gnu/libdbus-1.so.3.7.2
7f2aa8a3e000-7f2aa8c3e000 ---p 00044000 08:01 916060                     /lib/x86_64-linux-gnu/libdbus-1.so.3.7.2
7f2aa8c3e000-7f2aa8c3f000 r--p 00044000 08:01 916060                     /lib/x86_64-linux-gnu/libdbus-1.so.3.7.2
7f2aa8c3f000-7f2aa8c40000 rw-p 00045000 08:01 916060                     /lib/x86_64-linux-gnu/libdbus-1.so.3.7.2
7f2aa8c40000-7f2aa8ca1000 r-xp 00000000 08:01 265339                     /usr/lib/x86_64-linux-gnu/pulseaudio/libpulsecommon-2.0.so
7f2aa8ca1000-7f2aa8ea0000 ---p 00061000 08:01 265339                     /usr/lib/x86_64-linux-gnu/pulseaudio/libpulsecommon-2.0.so
7f2aa8ea0000-7f2aa8ea1000 r--p 00060000 08:01 265339                     /usr/lib/x86_64-linux-gnu/pulseaudio/libpulsecommon-2.0.so
7f2aa8ea1000-7f2aa8ea3000 rw-p 00061000 08:01 265339                     /usr/lib/x86_64-linux-gnu/pulseaudio/libpulsecommon-2.0.so
7f2aa8ea3000-7f2aa8eac000 r-xp 00000000 08:01 916072                     /lib/x86_64-linux-gnu/libjson.so.0.1.0
7f2aa8eac000-7f2aa90ab000 ---p 00009000 08:01 916072                     /lib/x86_64-linux-gnu/libjson.so.0.1.0
7f2aa90ab000-7f2aa90ac000 r--p 00008000 08:01 916072                     /lib/x86_64-linux-gnu/libjson.so.0.1.0
7f2aa90ac000-7f2aa90ad000 rw-p 00009000 08:01 916072                     /lib/x86_64-linux-gnu/libjson.so.0.1.0
7f2aa90ad000-7f2aa90f6000 r-xp 00000000 08:01 265053                     /usr/lib/x86_64-linux-gnu/libpulse.so.0.14.2
7f2aa90f6000-7f2aa92f5000 ---p 00049000 08:01 265053                     /usr/lib/x86_64-linux-gnu/libpulse.so.0.14.2
7f2aa92f5000-7f2aa92f6000 r--p 00048000 08:01 265053                     /usr/lib/x86_64-linux-gnu/libpulse.so.0.14.2
7f2aa92f6000-7f2aa92f7000 rw-p 00049000 08:01 265053                     /usr/lib/x86_64-linux-gnu/libpulse.so.0.14.2
7f2aa92f7000-7f2aa934c000 r-xp 00000000 08:01 551339                     /tmp/libgdxnemo9955/7b43be9b/libopenal64.so (deleted)
7f2aa934c000-7f2aa954b000 ---p 00055000 08:01 551339                     /tmp/libgdxnemo9955/7b43be9b/libopenal64.so (deleted)
7f2aa954b000-7f2aa954e000 r--p 00054000 08:01 551339                     /tmp/libgdxnemo9955/7b43be9b/libopenal64.so (deleted)
7f2aa954e000-7f2aa954f000 rw-p 00057000 08:01 551339                     /tmp/libgdxnemo9955/7b43be9b/libopenal64.so (deleted)
7f2aa954f000-7f2aa9550000 rw-p 00000000 00:00 0 
7f2aa9550000-7f2aa9554000 r-xp 00000000 08:01 273334                     /usr/lib/x86_64-linux-gnu/libXxf86vm.so.1.0.0
7f2aa9554000-7f2aa9754000 ---p 00004000 08:01 273334                     /usr/lib/x86_64-linux-gnu/libXxf86vm.so.1.0.0
7f2aa9754000-7f2aa9755000 r--p 00004000 08:01 273334                     /usr/lib/x86_64-linux-gnu/libXxf86vm.so.1.0.0
7f2aa9755000-7f2aa9756000 rw-p 00005000 08:01 273334                     /usr/lib/x86_64-linux-gnu/libXxf86vm.so.1.0.0
7f2aa9756000-7f2aa975d000 r-xp 00000000 08:01 265883                     /usr/lib/x86_64-linux-gnu/libXrandr.so.2.2.0
7f2aa975d000-7f2aa995d000 ---p 00007000 08:01 265883                     /usr/lib/x86_64-linux-gnu/libXrandr.so.2.2.0
7f2aa995d000-7f2aa995e000 rw-p 00007000 08:01 265883                     /usr/lib/x86_64-linux-gnu/libXrandr.so.2.2.0
7f2aa995e000-7f2aa99ca000 r-xp 00000000 08:01 551355                     /tmp/libgdxnemo9955/7b43be9b/liblwjgl64.so (deleted)
7f2aa99ca000-7f2aa9bc9000 ---p 0006c000 08:01 551355                     /tmp/libgdxnemo9955/7b43be9b/liblwjgl64.so (deleted)
7f2aa9bc9000-7f2aa9bcb000 r--p 0006b000 08:01 551355                     /tmp/libgdxnemo9955/7b43be9b/liblwjgl64.so (deleted)
7f2aa9bcb000-7f2aa9bcc000 rw-p 0006d000 08:01 551355                     /tmp/libgdxnemo9955/7b43be9b/liblwjgl64.so (deleted)
7f2aa9bcc000-7f2aa9bcd000 r-xp 00000000 08:01 144229                     /usr/lib/jvm/java-6-openjdk-amd64/jre/lib/amd64/libjawt.so
7f2aa9bcd000-7f2aa9dcc000 ---p 00001000 08:01 144229                     /usr/lib/jvm/java-6-openjdk-amd64/jre/lib/amd64/libjawt.so
7f2aa9dcc000-7f2aa9dcd000 rw-p 00000000 08:01 144229                     /usr/lib/jvm/java-6-openjdk-amd64/jre/lib/amd64/libjawt.so
7f2aa9dcd000-7f2aa9dd2000 r-xp 00000000 08:01 273531                     /usr/lib/x86_64-linux-gnu/libXfixes.so.3.1.0
7f2aa9dd2000-7f2aa9fd1000 ---p 00005000 08:01 273531                     /usr/lib/x86_64-linux-gnu/libXfixes.so.3.1.0
7f2aa9fd1000-7f2aa9fd2000 r--p 00004000 08:01 273531                     /usr/lib/x86_64-linux-gnu/libXfixes.so.3.1.0
7f2aa9fd2000-7f2aa9fd3000 rw-p 00005000 08:01 273531                     /usr/lib/x86_64-linux-gnu/libXfixes.so.3.1.0
7f2aa9fd3000-7f2aa9fdc000 r--s 00000000 08:01 277048                     /var/cache/fontconfig/945677eb7aeaf62f1d50efc3fb3ec7d8-le64.cache-3
7f2aa9fdc000-7f2aa9fe1000 r--s 00000000 08:01 271253                     /var/cache/fontconfig/6eb3985aa4124903f6ff08ba781cd364-le64.cache-3
7f2aa9fe1000-7f2aa9fea000 r--s 00000000 08:01 278568                     /var/cache/fontconfig/6d41288fd70b0be22e8c3a91e032eec0-le64.cache-3
7f2aa9fea000-7f2aaa018000 r--s 00000000 08:01 271260                     /var/cache/fontconfig/365b55f210c0a22e9a19e35191240f32-le64.cache-3
7f2aaa018000-7f2aaa01b000 r--s 00000000 08:01 271247                     /var/cache/fontconfig/c57959a16110560c8d0fcea73374aeeb-le64.cache-3
7f2aaa01b000-7f2aaa020000 r--s 00000000 08:01 271264                     /var/cache/fontconfig/3047814df9a2f067bd2d96a2b9c36e5a-le64.cache-3
7f2aaa028000-7f2aaa068000 rw-s 02b79000 00:05 5680                       /dev/nvidia0
7f2aaa088000-7f2aaa0a5000 rw-s 36c61000 00:05 5680                       /dev/nvidia0
7f2aaa0a5000-7f2aaa0e2000 rw-p 00000000 00:00 0 
7f2aaa0e2000-7f2aaa0e5000 ---p 00000000 00:00 0 
7f2aaa0e5000-7f2aaa1e3000 rw-p 00000000 00:00 0 
7f2aaa1e3000-7f2aaa1ec000 r--s 00000000 08:01 277048                     /var/cache/fontconfig/945677eb7aeaf62f1d50efc3fb3ec7d8-le64.cache-3
7f2aaa1ec000-7f2aaa1f1000 r--s 00000000 08:01 271253                     /var/cache/fontconfig/6eb3985aa4124903f6ff08ba781cd364-le64.cache-3
7f2aaa1f1000-7f2aaa1fa000 r--s 00000000 08:01 278568                     /var/cache/fontconfig/6d41288fd70b0be22e8c3a91e032eec0-le64.cache-3
7f2aaa1fa000-7f2aaa228000 r--s 00000000 08:01 271260                     /var/cache/fontconfig/365b55f210c0a22e9a19e35191240f32-le64.cache-3
7f2aaa228000-7f2aaa22b000 r--s 00000000 08:01 271247                     /var/cache/fontconfig/c57959a16110560c8d0fcea73374aeeb-le64.cache-3
7f2aaa22b000-7f2aaa230000 r--s 00000000 08:01 271264                     /var/cache/fontconfig/3047814df9a2f067bd2d96a2b9c36e5a-le64.cache-3
7f2aaa243000-7f2aaa24d000 r-xp 00000000 08:01 264474                     /usr/lib/x86_64-linux-gnu/libXcursor.so.1.0.2
7f2aaa24d000-7f2aaa44c000 ---p 0000a000 08:01 264474                     /usr/lib/x86_64-linux-gnu/libXcursor.so.1.0.2
7f2aaa44c000-7f2aaa44d000 rw-p 00009000 08:01 264474                     /usr/lib/x86_64-linux-gnu/libXcursor.so.1.0.2
7f2aaa44d000-7f2aaa44f000 rw-p 00000000 00:00 0 
7f2aaa44f000-7f2aaa451000 rw-s 00000000 08:01 279135                     /tmp/glDnpfFB (deleted)
7f2aaa451000-7f2aaa455000 rw-s 37523000 00:05 5680                       /dev/nvidia0
7f2aaa455000-7f2aaa456000 rw-s d0008000 00:05 5680                       /dev/nvidia0
7f2aaa456000-7f2aaa457000 rw-s 0646c000 00:05 5680                       /dev/nvidia0
7f2aaa457000-7f2aaa45b000 rw-s 78d54000 00:05 5680                       /dev/nvidia0
7f2aaa45b000-7f2aaa45c000 rw-s fdc0a000 00:05 5680                       /dev/nvidia0
7f2aaa45c000-7f2aaa45d000 rw-s fd641000 00:05 5680                       /dev/nvidia0
7f2aaa45d000-7f2aaa45e000 rw-s 36deb000 00:05 5680                       /dev/nvidia0
7f2aaa45e000-7f2aaa45f000 rw-s 47453000 00:05 5680                       /dev/nvidia0
7f2aaa45f000-7f2aaa460000 rw-s fd060000 00:05 5680                       /dev/nvidia0
7f2aaa460000-7f2aaa467000 r--s 00000000 08:01 282750                     /usr/lib/x86_64-linux-gnu/gconv/gconv-modules.cache
7f2aaa467000-7f2aaa478000 r--s 00000000 08:01 271249                     /var/cache/fontconfig/d52a8644073d54c13679302ca1180695-le64.cache-3
7f2aaa478000-7f2aaa47f000 r--s 00000000 08:01 271258                     /var/cache/fontconfig/3f7329c5293ffd510edef78f73874cfd-le64.cache-3
7f2aaa47f000-7f2aaa481000 r--s 00000000 08:01 271267                     /var/cache/fontconfig/e13b20fdb08344e0e664864cc2ede53d-le64.cache-3
7f2aaa481000-7f2aaa484000 ---p 00000000 00:00 0 
7f2aaa484000-7f2aaa582000 rw-p 00000000 00:00 0 
7f2aaa582000-7f2aaa61b000 r-xp 00000000 08:01 264650                     /usr/lib/x86_64-linux-gnu/libfreetype.so.6.8.1
7f2aaa61b000-7f2aaa81a000 ---p 00099000 08:01 264650                     /usr/lib/x86_64-linux-gnu/libfreetype.so.6.8.1
7f2aaa81a000-7f2aaa820000 r--p 00098000 08:01 264650                     /usr/lib/x86_64-linux-gnu/libfreetype.so.6.8.1
7f2aaa820000-7f2aaa821000 rw-p 0009e000 08:01 264650                     /usr/lib/x86_64-linux-gnu/libfreetype.so.6.8.1
7f2aaa821000-7f2aaa869000 r-xp 00000000 08:01 144223                     /usr/lib/jvm/java-6-openjdk-amd64/jre/lib/amd64/libfontmanager.so
7f2aaa869000-7f2aaaa69000 ---p 00048000 08:01 144223                     /usr/lib/jvm/java-6-openjdk-amd64/jre/lib/amd64/libfontmanager.so
7f2aaaa69000-7f2aaaa6c000 rw-p 00048000 08:01 144223                     /usr/lib/jvm/java-6-openjdk-amd64/jre/lib/amd64/libfontmanager.so
7f2aaaa6c000-7f2aaaa71000 r-xp 00000000 08:01 264417                     /usr/lib/x86_64-linux-gnu/libXdmcp.so.6.0.0
7f2aaaa71000-7f2aaac70000 ---p 00005000 08:01 264417                     /usr/lib/x86_64-linux-gnu/libXdmcp.so.6.0.0
7f2aaac70000-7f2aaac71000 rw-p 00004000 08:01 264417                     /usr/lib/x86_64-linux-gnu/libXdmcp.so.6.0.0
7f2aaac71000-7f2aaac73000 r-xp 00000000 08:01 264406                     /usr/lib/x86_64-linux-gnu/libXau.so.6.0.0
7f2aaac73000-7f2aaae73000 ---p 00002000 08:01 264406                     /usr/lib/x86_64-linux-gnu/libXau.so.6.0.0
7f2aaae73000-7f2aaae74000 rw-p 00002000 08:01 264406                     /usr/lib/x86_64-linux-gnu/libXau.so.6.0.0
7f2aaae74000-7f2aaae93000 r-xp 00000000 08:01 265852                     /usr/lib/x86_64-linux-gnu/libxcb.so.1.1.0
7f2aaae93000-7f2aab092000 ---p 0001f000 08:01 265852                     /usr/lib/x86_64-linux-gnu/libxcb.so.1.1.0
7f2aab092000-7f2aab093000 r--p 0001e000 08:01 265852                     /usr/lib/x86_64-linux-gnu/libxcb.so.1.1.0
7f2aab093000-7f2aab094000 rw-p 0001f000 08:01 265852                     /usr/lib/x86_64-linux-gnu/libxcb.so.1.1.0
7f2aab094000-7f2aab0a2000 r-xp 00000000 08:01 265075                     /usr/lib/x86_64-linux-gnu/libXi.so.6.1.0
7f2aab0a2000-7f2aab2a2000 ---p 0000e000 08:01 265075                     /usr/lib/x86_64-linux-gnu/libXi.so.6.1.0
7f2aab2a2000-7f2aab2a3000 rw-p 0000e000 08:01 265075                     /usr/lib/x86_64-linux-gnu/libXi.so.6.1.0
7f2aab2a3000-7f2aab2a8000 r-xp 00000000 08:01 274483                     /usr/lib/x86_64-linux-gnu/libXtst.so.6.1.0
7f2aab2a8000-7f2aab4a7000 ---p 00005000 08:01 274483                     /usr/lib/x86_64-linux-gnu/libXtst.so.6.1.0
7f2aab4a7000-7f2aab4a8000 rw-p 00004000 08:01 274483                     /usr/lib/x86_64-linux-gnu/libXtst.so.6.1.0
7f2aab4a8000-7f2aab4b1000 r-xp 00000000 08:01 264343                     /usr/lib/x86_64-linux-gnu/libXrender.so.1.3.0
7f2aab4b1000-7f2aab6b0000 ---p 00009000 08:01 264343                     /usr/lib/x86_64-linux-gnu/libXrender.so.1.3.0
7f2aab6b0000-7f2aab6b1000 rw-p 00008000 08:01 264343                     /usr/lib/x86_64-linux-gnu/libXrender.so.1.3.0
7f2aab6b1000-7f2aab7e6000 r-xp 00000000 08:01 265870                     /usr/lib/x86_64-linux-gnu/libX11.so.6.3.0
7f2aab7e6000-7f2aab9e6000 ---p 00135000 08:01 265870                     /usr/lib/x86_64-linux-gnu/libX11.so.6.3.0
7f2aab9e6000-7f2aab9ec000 rw-p 00135000 08:01 265870                     /usr/lib/x86_64-linux-gnu/libX11.so.6.3.0
7f2aab9ec000-7f2aab9fd000 r-xp 00000000 08:01 264595                     /usr/lib/x86_64-linux-gnu/libXext.so.6.4.0
7f2aab9fd000-7f2aabbfd000 ---p 00011000 08:01 264595                     /usr/lib/x86_64-linux-gnu/libXext.so.6.4.0
7f2aabbfd000-7f2aabbfe000 rw-p 00011000 08:01 264595                     /usr/lib/x86_64-linux-gnu/libXext.so.6.4.0
7f2aabbfe000-7f2aabc0f000 r--s 00000000 08:01 271249                     /var/cache/fontconfig/d52a8644073d54c13679302ca1180695-le64.cache-3
7f2aabc0f000-7f2aabc16000 r--s 00000000 08:01 271258                     /var/cache/fontconfig/3f7329c5293ffd510edef78f73874cfd-le64.cache-3
7f2aabc16000-7f2aabc18000 r--s 00000000 08:01 271267                     /var/cache/fontconfig/e13b20fdb08344e0e664864cc2ede53d-le64.cache-3
7f2aabc18000-7f2aabc65000 r-xp 00000000 08:01 144391                     /usr/lib/jvm/java-6-openjdk-amd64/jre/lib/amd64/xawt/libmawt.so
7f2aabc65000-7f2aabe64000 ---p 0004d000 08:01 144391                     /usr/lib/jvm/java-6-openjdk-amd64/jre/lib/amd64/xawt/libmawt.so
7f2aabe64000-7f2aabe68000 rw-p 0004c000 08:01 144391                     /usr/lib/jvm/java-6-openjdk-amd64/jre/lib/amd64/xawt/libmawt.so
7f2aabe68000-7f2aabe69000 rw-p 00000000 00:00 0 
7f2aabe69000-7f2aabf19000 r-xp 00000000 08:01 144230                     /usr/lib/jvm/java-6-openjdk-amd64/jre/lib/amd64/libawt.so
7f2aabf19000-7f2aac118000 ---p 000b0000 08:01 144230                     /usr/lib/jvm/java-6-openjdk-amd64/jre/lib/amd64/libawt.so
7f2aac118000-7f2aac124000 rw-p 000af000 08:01 144230                     /usr/lib/jvm/java-6-openjdk-amd64/jre/lib/amd64/libawt.so
7f2aac124000-7f2aac148000 rw-p 00000000 00:00 0 
7f2aac148000-7f2aac1b7000 r-xp 00000000 08:01 551337                     /tmp/libgdxnemo9955/b4a54a2/libgdx64.so
7f2aac1b7000-7f2aac3b6000 ---p 0006f000 08:01 551337                     /tmp/libgdxnemo9955/b4a54a2/libgdx64.so
7f2aac3b6000-7f2aac3b8000 r--p 0006e000 08:01 551337                     /tmp/libgdxnemo9955/b4a54a2/libgdx64.so
7f2aac3b8000-7f2aac3b9000 rw-p 00070000 08:01 551337                     /tmp/libgdxnemo9955/b4a54a2/libgdx64.so
7f2aac3b9000-7f2aac3ba000 rw-p 00000000 00:00 0 
7f2aac3ba000-7f2aac3c1000 r--s 000fc000 08:01 143749                     /usr/lib/jvm/java-6-openjdk-common/jre/lib/resources.jar
7f2aac3c1000-7f2aac3c2000 r--s 00127000 08:06 9437307                    /home/nemo9955/CodeStation/proiecte/Garden_Revolution/Garden_Revolution-desktop/libs/gdx-natives.jar
7f2aac3c2000-7f2aac3c3000 r--s 00004000 08:06 9437342                    /home/nemo9955/CodeStation/proiecte/Garden_Revolution/Garden_Revolution-desktop/libs/gdx-controllers-desktop.jar
7f2aac3c3000-7f2aac3c4000 r--s 00100000 08:06 9437237                    /home/nemo9955/CodeStation/proiecte/Garden_Revolution/Garden_Revolution-desktop/libs/gdx-controllers-desktop-natives.jar
7f2aac3c4000-7f2aac3d5000 r--s 0012b000 08:06 9437394                    /home/nemo9955/CodeStation/proiecte/Garden_Revolution/Garden_Revolution-desktop/libs/gdx-backend-lwjgl.jar
7f2aac3d5000-7f2aac3dc000 r--s 0004c000 08:06 9437312                    /home/nemo9955/CodeStation/proiecte/Garden_Revolution/Garden_Revolution-main/libs/kryonet-2.21-all.jar
7f2aac3dc000-7f2aac3dd000 ---p 00000000 00:00 0 
7f2aac3dd000-7f2aac4dd000 rw-p 00000000 00:00 0 
7f2aac4dd000-7f2aac4e0000 ---p 00000000 00:00 0 
7f2aac4e0000-7f2aac5de000 rw-p 00000000 00:00 0 
7f2aac5de000-7f2aac5e1000 ---p 00000000 00:00 0 
7f2aac5e1000-7f2aac6df000 rw-p 00000000 00:00 0 
7f2aac6df000-7f2aac6e2000 ---p 00000000 00:00 0 
7f2aac6e2000-7f2aac7e0000 rw-p 00000000 00:00 0 
7f2aac7e0000-7f2aac7e3000 ---p 00000000 00:00 0 
7f2aac7e3000-7f2aac8e1000 rw-p 00000000 00:00 0 
7f2aac8e1000-7f2aaca58000 r--p 00000000 08:01 139605                     /usr/lib/locale/locale-archive
7f2aaca58000-7f2aaca5b000 ---p 00000000 00:00 0 
7f2aaca5b000-7f2aacb59000 rw-p 00000000 00:00 0 
7f2aacb59000-7f2aacb5c000 ---p 00000000 00:00 0 
7f2aacb5c000-7f2aacc5a000 rw-p 00000000 00:00 0 
7f2aacc5a000-7f2aacc5b000 ---p 00000000 00:00 0 
7f2aacc5b000-7f2aad091000 rw-p 00000000 00:00 0 
7f2aad091000-7f2aad225000 r--s 03807000 08:01 144270                     /usr/lib/jvm/java-6-openjdk-amd64/jre/lib/rt.jar
7f2aad225000-7f2aad24d000 rw-p 00000000 00:00 0 
7f2aad24d000-7f2aad24e000 ---p 00000000 00:00 0 
7f2aad24e000-7f2aad34e000 rw-p 00000000 00:00 0 
7f2aad34e000-7f2aad34f000 ---p 00000000 00:00 0 
7f2aad34f000-7f2aad45a000 rw-p 00000000 00:00 0 
7f2aad45a000-7f2aad4a2000 rw-p 00000000 00:00 0 
7f2aad4a2000-7f2aad4b3000 rw-p 00000000 00:00 0 
7f2aad4b3000-7f2aad5ae000 rw-p 00000000 00:00 0 
7f2aad5ae000-7f2aad5b9000 rw-p 00000000 00:00 0 
7f2aad5b9000-7f2aad601000 rw-p 00000000 00:00 0 
7f2aad601000-7f2aad612000 rw-p 00000000 00:00 0 
7f2aad612000-7f2aad70d000 rw-p 00000000 00:00 0 
7f2aad70d000-7f2aad716000 rw-p 00000000 00:00 0 
7f2aad716000-7f2aad793000 rw-p 00000000 00:00 0 
7f2aad793000-7f2aad794000 rw-p 00000000 00:00 0 
7f2aad794000-7f2aada04000 rwxp 00000000 00:00 0 
7f2aada04000-7f2ab0794000 rw-p 00000000 00:00 0 
7f2ab0794000-7f2ab079b000 r-xp 00000000 08:01 144259                     /usr/lib/jvm/java-6-openjdk-amd64/jre/lib/amd64/libzip.so
7f2ab079b000-7f2ab099a000 ---p 00007000 08:01 144259                     /usr/lib/jvm/java-6-openjdk-amd64/jre/lib/amd64/libzip.so
7f2ab099a000-7f2ab099b000 rw-p 00006000 08:01 144259                     /usr/lib/jvm/java-6-openjdk-amd64/jre/lib/amd64/libzip.so
7f2ab099b000-7f2ab09a6000 r-xp 00000000 08:01 916446                     /lib/x86_64-linux-gnu/libnss_files-2.13.so
7f2ab09a6000-7f2ab0ba5000 ---p 0000b000 08:01 916446                     /lib/x86_64-linux-gnu/libnss_files-2.13.so
7f2ab0ba5000-7f2ab0ba6000 r--p 0000a000 08:01 916446                     /lib/x86_64-linux-gnu/libnss_files-2.13.so
7f2ab0ba6000-7f2ab0ba7000 rw-p 0000b000 08:01 916446                     /lib/x86_64-linux-gnu/libnss_files-2.13.so
7f2ab0ba7000-7f2ab0bb1000 r-xp 00000000 08:01 916442                     /lib/x86_64-linux-gnu/libnss_nis-2.13.so
7f2ab0bb1000-7f2ab0db0000 ---p 0000a000 08:01 916442                     /lib/x86_64-linux-gnu/libnss_nis-2.13.so
7f2ab0db0000-7f2ab0db1000 r--p 00009000 08:01 916442                     /lib/x86_64-linux-gnu/libnss_nis-2.13.so
7f2ab0db1000-7f2ab0db2000 rw-p 0000a000 08:01 916442                     /lib/x86_64-linux-gnu/libnss_nis-2.13.so
7f2ab0db2000-7f2ab0db9000 r-xp 00000000 08:01 916435                     /lib/x86_64-linux-gnu/libnss_compat-2.13.so
7f2ab0db9000-7f2ab0fb8000 ---p 00007000 08:01 916435                     /lib/x86_64-linux-gnu/libnss_compat-2.13.so
7f2ab0fb8000-7f2ab0fb9000 r--p 00006000 08:01 916435                     /lib/x86_64-linux-gnu/libnss_compat-2.13.so
7f2ab0fb9000-7f2ab0fba000 rw-p 00007000 08:01 916435                     /lib/x86_64-linux-gnu/libnss_compat-2.13.so
7f2ab0fba000-7f2ab0fcf000 r-xp 00000000 08:01 916440                     /lib/x86_64-linux-gnu/libnsl-2.13.so
7f2ab0fcf000-7f2ab11ce000 ---p 00015000 08:01 916440                     /lib/x86_64-linux-gnu/libnsl-2.13.so
7f2ab11ce000-7f2ab11cf000 r--p 00014000 08:01 916440                     /lib/x86_64-linux-gnu/libnsl-2.13.so
7f2ab11cf000-7f2ab11d0000 rw-p 00015000 08:01 916440                     /lib/x86_64-linux-gnu/libnsl-2.13.so
7f2ab11d0000-7f2ab11d2000 rw-p 00000000 00:00 0 
7f2ab11d2000-7f2ab1200000 r-xp 00000000 08:01 144245                     /usr/lib/jvm/java-6-openjdk-amd64/jre/lib/amd64/libjava.so
7f2ab1200000-7f2ab13ff000 ---p 0002e000 08:01 144245                     /usr/lib/jvm/java-6-openjdk-amd64/jre/lib/amd64/libjava.so
7f2ab13ff000-7f2ab1403000 rw-p 0002d000 08:01 144245                     /usr/lib/jvm/java-6-openjdk-amd64/jre/lib/amd64/libjava.so
7f2ab1403000-7f2ab1412000 r-xp 00000000 08:01 144228                     /usr/lib/jvm/java-6-openjdk-amd64/jre/lib/amd64/libverify.so
7f2ab1412000-7f2ab1611000 ---p 0000f000 08:01 144228                     /usr/lib/jvm/java-6-openjdk-amd64/jre/lib/amd64/libverify.so
7f2ab1611000-7f2ab1613000 rw-p 0000e000 08:01 144228                     /usr/lib/jvm/java-6-openjdk-amd64/jre/lib/amd64/libverify.so
7f2ab1613000-7f2ab161a000 r-xp 00000000 08:01 916450                     /lib/x86_64-linux-gnu/librt-2.13.so
7f2ab161a000-7f2ab1819000 ---p 00007000 08:01 916450                     /lib/x86_64-linux-gnu/librt-2.13.so
7f2ab1819000-7f2ab181a000 r--p 00006000 08:01 916450                     /lib/x86_64-linux-gnu/librt-2.13.so
7f2ab181a000-7f2ab181b000 rw-p 00007000 08:01 916450                     /lib/x86_64-linux-gnu/librt-2.13.so
7f2ab181b000-7f2ab1830000 r-xp 00000000 08:01 916059                     /lib/x86_64-linux-gnu/libgcc_s.so.1
7f2ab1830000-7f2ab1a30000 ---p 00015000 08:01 916059                     /lib/x86_64-linux-gnu/libgcc_s.so.1
7f2ab1a30000-7f2ab1a31000 rw-p 00015000 08:01 916059                     /lib/x86_64-linux-gnu/libgcc_s.so.1
7f2ab1a31000-7f2ab1ab2000 r-xp 00000000 08:01 916437                     /lib/x86_64-linux-gnu/libm-2.13.so
7f2ab1ab2000-7f2ab1cb1000 ---p 00081000 08:01 916437                     /lib/x86_64-linux-gnu/libm-2.13.so
7f2ab1cb1000-7f2ab1cb2000 r--p 00080000 08:01 916437                     /lib/x86_64-linux-gnu/libm-2.13.so
7f2ab1cb2000-7f2ab1cb3000 rw-p 00081000 08:01 916437                     /lib/x86_64-linux-gnu/libm-2.13.so
7f2ab1cb3000-7f2ab1d9b000 r-xp 00000000 08:01 265105                     /usr/lib/x86_64-linux-gnu/libstdc++.so.6.0.17
7f2ab1d9b000-7f2ab1f9b000 ---p 000e8000 08:01 265105                     /usr/lib/x86_64-linux-gnu/libstdc++.so.6.0.17
7f2ab1f9b000-7f2ab1fa3000 r--p 000e8000 08:01 265105                     /usr/lib/x86_64-linux-gnu/libstdc++.so.6.0.17
7f2ab1fa3000-7f2ab1fa5000 rw-p 000f0000 08:01 265105                     /usr/lib/x86_64-linux-gnu/libstdc++.so.6.0.17
7f2ab1fa5000-7f2ab1fba000 rw-p 00000000 00:00 0 
7f2ab1fba000-7f2ab28ce000 r-xp 00000000 08:01 144235                     /usr/lib/jvm/java-6-openjdk-amd64/jre/lib/amd64/server/libjvm.so
7f2ab28ce000-7f2ab2acd000 ---p 00914000 08:01 144235                     /usr/lib/jvm/java-6-openjdk-amd64/jre/lib/amd64/server/libjvm.so
7f2ab2acd000-7f2ab2b69000 rw-p 00913000 08:01 144235                     /usr/lib/jvm/java-6-openjdk-amd64/jre/lib/amd64/server/libjvm.so
7f2ab2b69000-7f2ab2b92000 rw-p 00000000 00:00 0 
7f2ab2b92000-7f2ab2d14000 r-xp 00000000 08:01 916430                     /lib/x86_64-linux-gnu/libc-2.13.so
7f2ab2d14000-7f2ab2f13000 ---p 00182000 08:01 916430                     /lib/x86_64-linux-gnu/libc-2.13.so
7f2ab2f13000-7f2ab2f17000 r--p 00181000 08:01 916430                     /lib/x86_64-linux-gnu/libc-2.13.so
7f2ab2f17000-7f2ab2f18000 rw-p 00185000 08:01 916430                     /lib/x86_64-linux-gnu/libc-2.13.so
7f2ab2f18000-7f2ab2f1d000 rw-p 00000000 00:00 0 
7f2ab2f1d000-7f2ab2f1f000 r-xp 00000000 08:01 916444                     /lib/x86_64-linux-gnu/libdl-2.13.so
7f2ab2f1f000-7f2ab311f000 ---p 00002000 08:01 916444                     /lib/x86_64-linux-gnu/libdl-2.13.so
7f2ab311f000-7f2ab3120000 r--p 00002000 08:01 916444                     /lib/x86_64-linux-gnu/libdl-2.13.so
7f2ab3120000-7f2ab3121000 rw-p 00003000 08:01 916444                     /lib/x86_64-linux-gnu/libdl-2.13.so
7f2ab3121000-7f2ab3125000 r-xp 00000000 08:01 144232                     /usr/lib/jvm/java-6-openjdk-amd64/jre/lib/amd64/jli/libjli.so
7f2ab3125000-7f2ab3324000 ---p 00004000 08:01 144232                     /usr/lib/jvm/java-6-openjdk-amd64/jre/lib/amd64/jli/libjli.so
7f2ab3324000-7f2ab3325000 rw-p 00003000 08:01 144232                     /usr/lib/jvm/java-6-openjdk-amd64/jre/lib/amd64/jli/libjli.so
7f2ab3325000-7f2ab333c000 r-xp 00000000 08:01 916448                     /lib/x86_64-linux-gnu/libpthread-2.13.so
7f2ab333c000-7f2ab353b000 ---p 00017000 08:01 916448                     /lib/x86_64-linux-gnu/libpthread-2.13.so
7f2ab353b000-7f2ab353c000 r--p 00016000 08:01 916448                     /lib/x86_64-linux-gnu/libpthread-2.13.so
7f2ab353c000-7f2ab353d000 rw-p 00017000 08:01 916448                     /lib/x86_64-linux-gnu/libpthread-2.13.so
7f2ab353d000-7f2ab3541000 rw-p 00000000 00:00 0 
7f2ab3541000-7f2ab3557000 r-xp 00000000 08:01 916168                     /lib/x86_64-linux-gnu/libz.so.1.2.7
7f2ab3557000-7f2ab3756000 ---p 00016000 08:01 916168                     /lib/x86_64-linux-gnu/libz.so.1.2.7
7f2ab3756000-7f2ab3757000 r--p 00015000 08:01 916168                     /lib/x86_64-linux-gnu/libz.so.1.2.7
7f2ab3757000-7f2ab3758000 rw-p 00016000 08:01 916168                     /lib/x86_64-linux-gnu/libz.so.1.2.7
7f2ab3758000-7f2ab3778000 r-xp 00000000 08:01 32                         /lib64/ld-2.13.so
7f2ab3778000-7f2ab377a000 r--s 001a1000 08:06 9437380                    /home/nemo9955/CodeStation/proiecte/Garden_Revolution/Garden_Revolution-desktop/libs/gdx-backend-lwjgl-natives.jar
7f2ab377a000-7f2ab377d000 r--s 0000b000 08:06 9437369                    /home/nemo9955/CodeStation/proiecte/Garden_Revolution/Garden_Revolution-main/libs/tween-engine-api.jar
7f2ab377d000-7f2ab3780000 r--s 0007f000 08:01 143741                     /usr/lib/jvm/java-6-openjdk-common/jre/lib/jsse.jar
7f2ab3780000-7f2ab3796000 r--s 00157000 08:06 9437270                    /home/nemo9955/CodeStation/proiecte/Garden_Revolution/Garden_Revolution-main/libs/gdx.jar
7f2ab3796000-7f2ab37a0000 rw-p 00000000 00:00 0 
7f2ab37a0000-7f2ab3856000 rw-p 00000000 00:00 0 
7f2ab3856000-7f2ab3859000 ---p 00000000 00:00 0 
7f2ab3859000-7f2ab395c000 rw-p 00000000 00:00 0 
7f2ab395c000-7f2ab395d000 r--s 00002000 08:06 9437214                    /home/nemo9955/CodeStation/proiecte/Garden_Revolution/Garden_Revolution-main/libs/gdx-controllers.jar
7f2ab395d000-7f2ab3961000 r--s 00039000 08:01 143733                     /usr/lib/jvm/java-6-openjdk-common/jre/lib/ext/sunpkcs11.jar
7f2ab3961000-7f2ab3963000 r--s 0000f000 08:01 143734                     /usr/lib/jvm/java-6-openjdk-common/jre/lib/ext/pulse-java.jar
7f2ab3963000-7f2ab3966000 r--s 00031000 08:01 143736                     /usr/lib/jvm/java-6-openjdk-common/jre/lib/ext/sunjce_provider.jar
7f2ab3966000-7f2ab3969000 r--s 00077000 08:01 143735                     /usr/lib/jvm/java-6-openjdk-common/jre/lib/ext/localedata.jar
7f2ab3969000-7f2ab396b000 r--s 00001000 08:01 143737                     /usr/lib/jvm/java-6-openjdk-common/jre/lib/ext/dnsns.jar
7f2ab396b000-7f2ab396c000 r--s 00007000 08:01 916596                     /usr/share/java/java-atk-wrapper.jar
7f2ab396c000-7f2ab3974000 rw-s 00000000 08:01 400816                     /tmp/hsperfdata_nemo9955/7996
7f2ab3974000-7f2ab3975000 rw-p 00000000 00:00 0 
7f2ab3975000-7f2ab3976000 r--p 00000000 00:00 0 
7f2ab3976000-7f2ab3977000 rw-p 00000000 00:00 0 
7f2ab3977000-7f2ab3978000 r--p 0001f000 08:01 32                         /lib64/ld-2.13.so
7f2ab3978000-7f2ab3979000 rw-p 00020000 08:01 32                         /lib64/ld-2.13.so
7f2ab3979000-7f2ab397a000 rw-p 00000000 00:00 0 
7fff9e1e4000-7fff9e205000 rw-p 00000000 00:00 0                          [stack]
7fff9e3d6000-7fff9e3d7000 r-xp 00000000 00:00 0                          [vdso]
ffffffffff600000-ffffffffff601000 r-xp 00000000 00:00 0                  [vsyscall]

VM Arguments:
jvm_args: -Dfile.encoding=UTF-8 
java_command: com.nemo9955.garden_revolution.Main
Launcher Type: SUN_STANDARD

Environment Variables:
PATH=/home/nemo9955/bin:/usr/sbin:/sbin:/usr/local/bin:/usr/bin:/bin:/usr/local/games:/usr/games
LD_LIBRARY_PATH=/usr/lib/jvm/java-6-openjdk-amd64/jre/lib/amd64/server:/usr/lib/jvm/java-6-openjdk-amd64/jre/lib/amd64:/usr/lib/jvm/java-6-openjdk-amd64/jre/../lib/amd64
SHELL=/bin/bash
DISPLAY=:0.0

Signal Handlers:
SIGSEGV: [libjvm.so+0x791b10], sa_mask[0]=0x7ffbfeff, sa_flags=0x10000004
SIGBUS: [libjvm.so+0x791b10], sa_mask[0]=0x7ffbfeff, sa_flags=0x10000004
SIGFPE: [libjvm.so+0x65ace0], sa_mask[0]=0x7ffbfeff, sa_flags=0x10000004
SIGPIPE: [libjvm.so+0x65ace0], sa_mask[0]=0x7ffbfeff, sa_flags=0x10000004
SIGXFSZ: [libjvm.so+0x65ace0], sa_mask[0]=0x7ffbfeff, sa_flags=0x10000004
SIGILL: [libjvm.so+0x65ace0], sa_mask[0]=0x7ffbfeff, sa_flags=0x10000004
SIGUSR1: SIG_DFL, sa_mask[0]=0x00000000, sa_flags=0x00000000
SIGUSR2: [libjvm.so+0x65aec0], sa_mask[0]=0x00000004, sa_flags=0x10000004
SIGHUP: [libjvm.so+0x65d500], sa_mask[0]=0x7ffbfeff, sa_flags=0x10000004
SIGINT: [libjvm.so+0x65d500], sa_mask[0]=0x7ffbfeff, sa_flags=0x10000004
SIGTERM: [libjvm.so+0x65d500], sa_mask[0]=0x7ffbfeff, sa_flags=0x10000004
SIGQUIT: [libjvm.so+0x65d500], sa_mask[0]=0x7ffbfeff, sa_flags=0x10000004


---------------  S Y S T E M  ---------------

OS:7.3

uname:Linux 3.2.0-4-amd64 #1 SMP Debian 3.2.51-1 x86_64
libc:glibc 2.13 NPTL 2.13 
rlimit: STACK 8192k, CORE 0k, NPROC 25587, NOFILE 4096, AS infinity
load average:0.48 0.31 0.54

/proc/meminfo:
MemTotal:        3287396 kB
MemFree:          203240 kB
Buffers:           13704 kB
Cached:           424512 kB
SwapCached:         4712 kB
Active:          2203228 kB
Inactive:         677792 kB
Active(anon):    2023212 kB
Inactive(anon):   433096 kB
Active(file):     180016 kB
Inactive(file):   244696 kB
Unevictable:           0 kB
Mlocked:               0 kB
SwapTotal:       3025916 kB
SwapFree:        2864352 kB
Dirty:               932 kB
Writeback:             0 kB
AnonPages:       2439280 kB
Mapped:           186796 kB
Shmem:             13500 kB
Slab:              70476 kB
SReclaimable:      40248 kB
SUnreclaim:        30228 kB
KernelStack:        4344 kB
PageTables:        27612 kB
NFS_Unstable:          0 kB
Bounce:                0 kB
WritebackTmp:          0 kB
CommitLimit:     4669612 kB
Committed_AS:    5075008 kB
VmallocTotal:   34359738367 kB
VmallocUsed:      315860 kB
VmallocChunk:   34359419900 kB
HardwareCorrupted:     0 kB
AnonHugePages:         0 kB
HugePages_Total:       0
HugePages_Free:        0
HugePages_Rsvd:        0
HugePages_Surp:        0
Hugepagesize:       2048 kB
DirectMap4k:      548544 kB
DirectMap2M:     2793472 kB


CPU:total 2 (2 cores per cpu, 1 threads per core) family 6 model 23 stepping 10, cmov, cx8, fxsr, mmx, sse, sse2, sse3, ssse3, sse4.1

Memory: 4k page, physical 3287396k(203240k free), swap 3025916k(2864352k free)

vm_info: OpenJDK 64-Bit Server VM (20.0-b12) for linux-amd64 JRE (1.6.0_27-b27), built on Jul 12 2013 09:04:12 by "jmm" with gcc 4.7.2

time: Mon Feb 24 17:54:19 2014
elapsed time: 99 seconds

