#
# A fatal error has been detected by the Java Runtime Environment:
#
#  SIGBUS (0x7) at pc=0x00007f7431ef2ca0, pid=6250, tid=140136837347072
#
# JRE version: 6.0_27-b27
# Java VM: OpenJDK 64-Bit Server VM (20.0-b12 mixed mode linux-amd64 compressed oops)
# Derivative: IcedTea6 1.12.6
# Distribution: Debian GNU/Linux 7.1 (wheezy), package 6b27-1.12.6-1~deb7u1
# Problematic frame:
# 
[error occurred during error reporting (printing problematic frame), id 0x7]

# If you would like to submit a bug report, please include
# instructions how to reproduce the bug and visit:
#   http://icedtea.classpath.org/bugzilla
# The crash happened outside the Java Virtual Machine in native code.
# See problematic frame for where to report the bug.
#

---------------  T H R E A D  ---------------

Current thread (0x0000000001016000):  JavaThread "Thread-1" [_thread_in_native, id=6659, stack(0x00007f742658f000,0x00007f7426690000)]

siginfo:si_signo=SIGBUS: si_errno=0, si_code=2 (BUS_ADRERR), si_addr=0x00007f7431ef2ca0

Registers:
RAX=0x00007f7431ef2ca0, RBX=0x00000000c3e42150, RCX=0x0000000000004c31, RDX=0x00000000c3e50778
RSP=0x00007f742668e908, RBP=0x00007f742668e958, RSI=0x00007f742668e968, RDI=0x00000000010161d0
R8 =0x0000000000000000, R9 =0x0000000000000000, R10=0x00007f7435cf0d3b, R11=0x00007f743abd8ca0
R12=0x0000000000000000, R13=0x00000000c3e42148, R14=0x00007f742668e970, R15=0x0000000001016000
RIP=0x00007f7431ef2ca0, EFLAGS=0x0000000000010287, CSGSFS=0x0000000000000033, ERR=0x0000000000000014
  TRAPNO=0x000000000000000e

Top of Stack: (sp=0x00007f742668e908)
0x00007f742668e908:   00007f7435cf0d68 0000000001016000
0x00007f742668e918:   00007f742668e918 0000000000000000
0x00007f742668e928:   00007f742668e970 00000000c3e50778
0x00007f742668e938:   0000000000000000 00000000c3e42150
0x00007f742668e948:   0000000000000000 00007f742668e978
0x00007f742668e958:   00007f742668e9b8 00007f7435ce585a
0x00007f742668e968:   00000000c3e4c418 00007f7435cedf58
0x00007f742668e978:   00007f742668e978 00000000c3e42050
0x00007f742668e988:   00007f742668e9c8 00000000c3e50778
0x00007f742668e998:   0000000000000000 00000000c3e42088
0x00007f742668e9a8:   00007f742668e978 00007f742668e9d0
0x00007f742668e9b8:   00007f742668ea10 00007f7435ce585a
0x00007f742668e9c8:   0000000000000000 00007f742668e9d0
0x00007f742668e9d8:   00000000c3e45ab0 00007f742668ea30
0x00007f742668e9e8:   00000000c3e50778 0000000000000000
0x00007f742668e9f8:   00000000c3e45b50 00007f742668e9d0
0x00007f742668ea08:   00007f742668ea30 00007f742668ea78
0x00007f742668ea18:   00007f7435ce5d34 0000000000000000
0x00007f742668ea28:   0000000000000000 00000000f0372f70
0x00007f742668ea38:   00007f742668ea38 00000000c3e29afb
0x00007f742668ea48:   00007f742668ea80 00000000c3e391c0
0x00007f742668ea58:   0000000000000000 00000000c3e29b10
0x00007f742668ea68:   00007f742668ea30 00007f742668ea88
0x00007f742668ea78:   00007f742668eac8 00007f7435ce585a
0x00007f742668ea88:   00007f742668ea88 00000000c3e2ac38
0x00007f742668ea98:   00007f742668ead0 00000000c3e391c0
0x00007f742668eaa8:   0000000000000000 00000000c3e2ac40
0x00007f742668eab8:   00007f742668ea88 00007f742668ead8
0x00007f742668eac8:   00007f742668eb18 00007f7435ce585a
0x00007f742668ead8:   00007f742668ead8 00000000c3e38668
0x00007f742668eae8:   00007f742668eb28 00000000c3e3a7c8
0x00007f742668eaf8:   0000000000000000 00000000c3e38680 

Instructions: (pc=0x00007f7431ef2ca0)
0x00007f7431ef2c80:   
[error occurred during error reporting (printing registers, top of stack, instructions near pc), id 0x7]

Register to memory mapping:

RAX=
[error occurred during error reporting (printing register info), id 0x7]

Stack: [0x00007f742658f000,0x00007f7426690000],  sp=0x00007f742668e908,  free space=1022k
Native frames: (J=compiled Java code, j=interpreted, Vv=VM code, C=native code)

[error occurred during error reporting (printing native stack), id 0x7]

Java frames: (J=compiled Java code, j=interpreted, Vv=VM code)
j  org.lwjgl.opengl.LinuxDisplay.nLockAWT()V+0
j  org.lwjgl.opengl.LinuxDisplay.lockAWT()V+0
j  org.lwjgl.opengl.LinuxDisplay.resetDisplayMode()V+0
j  org.lwjgl.opengl.Display.reset()V+3
j  org.lwjgl.opengl.Display.access$000()V+0
j  org.lwjgl.opengl.Display$1.run()V+0
v  ~StubRoutines::call_stub

---------------  P R O C E S S  ---------------

Java Threads: ( => current thread )
=>0x0000000001016000 JavaThread "Thread-1" [_thread_in_native, id=6659, stack(0x00007f742658f000,0x00007f7426690000)]
  0x0000000000e34000 JavaThread "SIGTERM handler" daemon [_thread_blocked, id=6658, stack(0x00007f742648e000,0x00007f742658f000)]
  0x0000000001a0a000 JavaThread "Timer" [_thread_blocked, id=6278, stack(0x00007f74227d4000,0x00007f74228d5000)]
  0x0000000001869800 JavaThread "AsynchExecutor-Thread" daemon [_thread_blocked, id=6277, stack(0x00007f742638d000,0x00007f742648e000)]
  0x0000000000971800 JavaThread "DestroyJavaVM" [_thread_blocked, id=6252, stack(0x00007f743bda2000,0x00007f743bea3000)]
  0x0000000000ced000 JavaThread "AWT-XAWT" daemon [_thread_in_native, id=6267, stack(0x00007f743262e000,0x00007f743272f000)]
  0x0000000000c9e000 JavaThread "Java2D Disposer" daemon [_thread_blocked, id=6266, stack(0x00007f74329cd000,0x00007f7432ace000)]
  0x0000000000a0e000 JavaThread "Low Memory Detector" daemon [_thread_blocked, id=6264, stack(0x00007f7434a29000,0x00007f7434b2a000)]
  0x0000000000a09800 JavaThread "C2 CompilerThread1" daemon [_thread_blocked, id=6263, stack(0x00007f7434b2a000,0x00007f7434c2b000)]
  0x0000000000a04000 JavaThread "C2 CompilerThread0" daemon [_thread_blocked, id=6262, stack(0x00007f7434c2b000,0x00007f7434d2c000)]
  0x00000000009f6000 JavaThread "Signal Dispatcher" daemon [_thread_blocked, id=6261, stack(0x00007f7434d2c000,0x00007f7434e2d000)]
  0x00000000009de000 JavaThread "Finalizer" daemon [_thread_blocked, id=6260, stack(0x00007f7434fa4000,0x00007f74350a5000)]
  0x00000000009dc000 JavaThread "Reference Handler" daemon [_thread_blocked, id=6259, stack(0x00007f74350a5000,0x00007f74351a6000)]

Other Threads:
  0x00000000009d7000 VMThread [stack: 0x00007f74351a6000,0x00007f74352a7000] [id=6258]
  0x0000000000a10800 WatcherThread [stack: 0x00007f7434928000,0x00007f7434a29000] [id=6265]

VM state:not at safepoint (normal execution)

VM Mutex/Monitor currently owned by a thread: None

Heap
 PSYoungGen      total 14976K, used 10534K [0x00000000ef400000, 0x00000000f04b0000, 0x0000000100000000)
  eden space 12864K, 73% used [0x00000000ef400000,0x00000000efd2e7e0,0x00000000f0090000)
  from space 2112K, 53% used [0x00000000f02a0000,0x00000000f03bb130,0x00000000f04b0000)
  to   space 2112K, 0% used [0x00000000f0090000,0x00000000f0090000,0x00000000f02a0000)
 PSOldGen        total 34304K, used 0K [0x00000000cdc00000, 0x00000000cfd80000, 0x00000000ef400000)
  object space 34304K, 0% used [0x00000000cdc00000,0x00000000cdc00000,0x00000000cfd80000)
 PSPermGen       total 21248K, used 14556K [0x00000000c3600000, 0x00000000c4ac0000, 0x00000000cdc00000)
  object space 21248K, 68% used [0x00000000c3600000,0x00000000c4437298,0x00000000c4ac0000)

Code Cache  [0x00007f7435ce0000, 0x00007f7435f50000, 0x00007f7438ce0000)
 total_blobs=694 nmethods=137 adapters=511 free_code_cache=49480320 largest_free_block=14912

Dynamic libraries:
00400000-00409000 r-xp 00000000 08:01 144298                             /usr/lib/jvm/java-6-openjdk-amd64/jre/bin/java
00608000-00609000 rw-p 00008000 08:01 144298                             /usr/lib/jvm/java-6-openjdk-amd64/jre/bin/java
00966000-032ec000 rw-p 00000000 00:00 0                                  [heap]
40309000-4030b000 r-xs 00000000 08:01 279135                             /tmp/glxrY4GA (deleted)
41ee1000-41f5f000 rw-p 00000000 00:00 0 
c3600000-c4ac0000 rw-p 00000000 00:00 0 
c4ac0000-cdc00000 rw-p 00000000 00:00 0 
cdc00000-cfd80000 rw-p 00000000 00:00 0 
cfd80000-ef400000 rw-p 00000000 00:00 0 
ef400000-f04b0000 rw-p 00000000 00:00 0 
f04b0000-100000000 rw-p 00000000 00:00 0 
7f74227d4000-7f74227d7000 ---p 00000000 00:00 0 
7f74227d7000-7f74228d5000 rw-p 00000000 00:00 0 
7f74228d5000-7f74228f8000 r-xp 00000000 08:01 551347                     /tmp/libgdxnemo9955/b97b1fcd/libgdx-controllers-desktop64.so
7f74228f8000-7f7422af8000 ---p 00023000 08:01 551347                     /tmp/libgdxnemo9955/b97b1fcd/libgdx-controllers-desktop64.so
7f7422af8000-7f7422af9000 r--p 00023000 08:01 551347                     /tmp/libgdxnemo9955/b97b1fcd/libgdx-controllers-desktop64.so
7f7422af9000-7f7422afa000 rw-p 00024000 08:01 551347                     /tmp/libgdxnemo9955/b97b1fcd/libgdx-controllers-desktop64.so
7f7422afa000-7f7422b0f000 r-xp 00000000 08:01 144247                     /usr/lib/jvm/java-6-openjdk-amd64/jre/lib/amd64/libnet.so
7f7422b0f000-7f7422d0e000 ---p 00015000 08:01 144247                     /usr/lib/jvm/java-6-openjdk-amd64/jre/lib/amd64/libnet.so
7f7422d0e000-7f7422d0f000 rw-p 00014000 08:01 144247                     /usr/lib/jvm/java-6-openjdk-amd64/jre/lib/amd64/libnet.so
7f7422d0f000-7f742310f000 rw-s 03fec000 00:05 5680                       /dev/nvidia0
7f742310f000-7f742350f000 rw-s 474ac000 00:05 5680                       /dev/nvidia0
7f742350f000-7f742370f000 rw-s 03191000 00:05 5680                       /dev/nvidia0
7f742370f000-7f742390f000 rw-s 0311d000 00:05 5680                       /dev/nvidia0
7f742390f000-7f7423a0f000 rw-s 475d1000 00:05 5680                       /dev/nvidia0
7f7423a0f000-7f7423a83000 rw-p 00000000 00:00 0 
7f7423a83000-7f7425453000 r-xp 00000000 08:01 282961                     /usr/lib/x86_64-linux-gnu/libnvidia-glcore.so.304.88
7f7425453000-7f7425652000 ---p 019d0000 08:01 282961                     /usr/lib/x86_64-linux-gnu/libnvidia-glcore.so.304.88
7f7425652000-7f7425e53000 rwxp 019cf000 08:01 282961                     /usr/lib/x86_64-linux-gnu/libnvidia-glcore.so.304.88
7f7425e53000-7f7425e6d000 rwxp 00000000 00:00 0 
7f7425e6d000-7f7425e70000 r-xp 00000000 08:01 551171                     /usr/lib/x86_64-linux-gnu/tls/libnvidia-tls.so.304.88
7f7425e70000-7f742606f000 ---p 00003000 08:01 551171                     /usr/lib/x86_64-linux-gnu/tls/libnvidia-tls.so.304.88
7f742606f000-7f7426070000 rw-p 00002000 08:01 551171                     /usr/lib/x86_64-linux-gnu/tls/libnvidia-tls.so.304.88
7f7426070000-7f742613a000 r-xp 00000000 08:01 678444                     /usr/lib/x86_64-linux-gnu/nvidia/current/libGL.so.304.88
7f742613a000-7f742633a000 ---p 000ca000 08:01 678444                     /usr/lib/x86_64-linux-gnu/nvidia/current/libGL.so.304.88
7f742633a000-7f7426377000 rwxp 000ca000 08:01 678444                     /usr/lib/x86_64-linux-gnu/nvidia/current/libGL.so.304.88
7f7426377000-7f742638d000 rwxp 00000000 00:00 0 
7f742638d000-7f7426390000 ---p 00000000 00:00 0 
7f7426390000-7f742648e000 rw-p 00000000 00:00 0 
7f742648e000-7f7426491000 ---p 00000000 00:00 0 
7f7426491000-7f742658f000 rw-p 00000000 00:00 0 
7f742658f000-7f7426592000 ---p 00000000 00:00 0 
7f7426592000-7f7426690000 rw-p 00000000 00:00 0 
7f742a691000-7f742a692000 ---p 00000000 00:00 0 
7f742a692000-7f742ae92000 rw-p 00000000 00:00 0 
7f742ae92000-7f742aea5000 r-xp 00000000 08:01 916431                     /lib/x86_64-linux-gnu/libresolv-2.13.so
7f742aea5000-7f742b0a4000 ---p 00013000 08:01 916431                     /lib/x86_64-linux-gnu/libresolv-2.13.so
7f742b0a4000-7f742b0a5000 r--p 00012000 08:01 916431                     /lib/x86_64-linux-gnu/libresolv-2.13.so
7f742b0a5000-7f742b0a6000 rw-p 00013000 08:01 916431                     /lib/x86_64-linux-gnu/libresolv-2.13.so
7f742b0a6000-7f742b0a8000 rw-p 00000000 00:00 0 
7f742b0a8000-7f742b0ae000 r-xp 00000000 08:01 264971                     /usr/lib/x86_64-linux-gnu/libogg.so.0.8.0
7f742b0ae000-7f742b2ad000 ---p 00006000 08:01 264971                     /usr/lib/x86_64-linux-gnu/libogg.so.0.8.0
7f742b2ad000-7f742b2ae000 rw-p 00005000 08:01 264971                     /usr/lib/x86_64-linux-gnu/libogg.so.0.8.0
7f742b2ae000-7f742b2da000 r-xp 00000000 08:01 265193                     /usr/lib/x86_64-linux-gnu/libvorbis.so.0.4.5
7f742b2da000-7f742b4d9000 ---p 0002c000 08:01 265193                     /usr/lib/x86_64-linux-gnu/libvorbis.so.0.4.5
7f742b4d9000-7f742b4da000 r--p 0002b000 08:01 265193                     /usr/lib/x86_64-linux-gnu/libvorbis.so.0.4.5
7f742b4da000-7f742b4db000 rw-p 0002c000 08:01 265193                     /usr/lib/x86_64-linux-gnu/libvorbis.so.0.4.5
7f742b4db000-7f742b78e000 r-xp 00000000 08:01 265195                     /usr/lib/x86_64-linux-gnu/libvorbisenc.so.2.0.8
7f742b78e000-7f742b98d000 ---p 002b3000 08:01 265195                     /usr/lib/x86_64-linux-gnu/libvorbisenc.so.2.0.8
7f742b98d000-7f742b9a9000 r--p 002b2000 08:01 265195                     /usr/lib/x86_64-linux-gnu/libvorbisenc.so.2.0.8
7f742b9a9000-7f742b9aa000 rw-p 002ce000 08:01 265195                     /usr/lib/x86_64-linux-gnu/libvorbisenc.so.2.0.8
7f742b9aa000-7f742b9f5000 r-xp 00000000 08:01 264365                     /usr/lib/x86_64-linux-gnu/libFLAC.so.8.2.0
7f742b9f5000-7f742bbf4000 ---p 0004b000 08:01 264365                     /usr/lib/x86_64-linux-gnu/libFLAC.so.8.2.0
7f742bbf4000-7f742bbf5000 r--p 0004a000 08:01 264365                     /usr/lib/x86_64-linux-gnu/libFLAC.so.8.2.0
7f742bbf5000-7f742bbf6000 rw-p 0004b000 08:01 264365                     /usr/lib/x86_64-linux-gnu/libFLAC.so.8.2.0
7f742bbf6000-7f742bbfa000 r-xp 00000000 08:01 916163                     /lib/x86_64-linux-gnu/libuuid.so.1.3.0
7f742bbfa000-7f742bdf9000 ---p 00004000 08:01 916163                     /lib/x86_64-linux-gnu/libuuid.so.1.3.0
7f742bdf9000-7f742bdfa000 r--p 00003000 08:01 916163                     /lib/x86_64-linux-gnu/libuuid.so.1.3.0
7f742bdfa000-7f742bdfb000 rw-p 00004000 08:01 916163                     /lib/x86_64-linux-gnu/libuuid.so.1.3.0
7f742bdfb000-7f742bdff000 r-xp 00000000 08:01 916027                     /lib/x86_64-linux-gnu/libattr.so.1.1.0
7f742bdff000-7f742bffe000 ---p 00004000 08:01 916027                     /lib/x86_64-linux-gnu/libattr.so.1.1.0
7f742bffe000-7f742bfff000 r--p 00003000 08:01 916027                     /lib/x86_64-linux-gnu/libattr.so.1.1.0
7f742bfff000-7f742c000000 rw-p 00004000 08:01 916027                     /lib/x86_64-linux-gnu/libattr.so.1.1.0
7f742c000000-7f742c7bf000 rw-p 00000000 00:00 0 
7f742c7bf000-7f7430000000 ---p 00000000 00:00 0 
7f74300a8000-7f74300ad000 r-xp 00000000 08:01 264468                     /usr/lib/x86_64-linux-gnu/libasyncns.so.0.3.1
7f74300ad000-7f74302ac000 ---p 00005000 08:01 264468                     /usr/lib/x86_64-linux-gnu/libasyncns.so.0.3.1
7f74302ac000-7f74302ad000 rw-p 00004000 08:01 264468                     /usr/lib/x86_64-linux-gnu/libasyncns.so.0.3.1
7f74302ad000-7f743030e000 r-xp 00000000 08:01 265087                     /usr/lib/x86_64-linux-gnu/libsndfile.so.1.0.25
7f743030e000-7f743050d000 ---p 00061000 08:01 265087                     /usr/lib/x86_64-linux-gnu/libsndfile.so.1.0.25
7f743050d000-7f743050f000 r--p 00060000 08:01 265087                     /usr/lib/x86_64-linux-gnu/libsndfile.so.1.0.25
7f743050f000-7f7430510000 rw-p 00062000 08:01 265087                     /usr/lib/x86_64-linux-gnu/libsndfile.so.1.0.25
7f7430510000-7f7430514000 rw-p 00000000 00:00 0 
7f7430514000-7f743051d000 r-xp 00000000 08:01 916165                     /lib/x86_64-linux-gnu/libwrap.so.0.7.6
7f743051d000-7f743071c000 ---p 00009000 08:01 916165                     /lib/x86_64-linux-gnu/libwrap.so.0.7.6
7f743071c000-7f743071d000 r--p 00008000 08:01 916165                     /lib/x86_64-linux-gnu/libwrap.so.0.7.6
7f743071d000-7f743071e000 rw-p 00009000 08:01 916165                     /lib/x86_64-linux-gnu/libwrap.so.0.7.6
7f743071e000-7f743071f000 rw-p 00000000 00:00 0 
7f743071f000-7f7430726000 r-xp 00000000 08:01 264394                     /usr/lib/x86_64-linux-gnu/libSM.so.6.0.1
7f7430726000-7f7430925000 ---p 00007000 08:01 264394                     /usr/lib/x86_64-linux-gnu/libSM.so.6.0.1
7f7430925000-7f7430926000 rw-p 00006000 08:01 264394                     /usr/lib/x86_64-linux-gnu/libSM.so.6.0.1
7f7430926000-7f743093d000 r-xp 00000000 08:01 264375                     /usr/lib/x86_64-linux-gnu/libICE.so.6.3.0
7f743093d000-7f7430b3c000 ---p 00017000 08:01 264375                     /usr/lib/x86_64-linux-gnu/libICE.so.6.3.0
7f7430b3c000-7f7430b3e000 rw-p 00016000 08:01 264375                     /usr/lib/x86_64-linux-gnu/libICE.so.6.3.0
7f7430b3e000-7f7430b41000 rw-p 00000000 00:00 0 
7f7430b41000-7f7430b42000 r-xp 00000000 08:01 272883                     /usr/lib/x86_64-linux-gnu/libX11-xcb.so.1.0.0
7f7430b42000-7f7430d41000 ---p 00001000 08:01 272883                     /usr/lib/x86_64-linux-gnu/libX11-xcb.so.1.0.0
7f7430d41000-7f7430d42000 rw-p 00000000 08:01 272883                     /usr/lib/x86_64-linux-gnu/libX11-xcb.so.1.0.0
7f7430d42000-7f7430d46000 r-xp 00000000 08:01 916038                     /lib/x86_64-linux-gnu/libcap.so.2.22
7f7430d46000-7f7430f45000 ---p 00004000 08:01 916038                     /lib/x86_64-linux-gnu/libcap.so.2.22
7f7430f45000-7f7430f46000 rw-p 00003000 08:01 916038                     /lib/x86_64-linux-gnu/libcap.so.2.22
7f7430f46000-7f7430f8a000 r-xp 00000000 08:01 916060                     /lib/x86_64-linux-gnu/libdbus-1.so.3.7.2
7f7430f8a000-7f743118a000 ---p 00044000 08:01 916060                     /lib/x86_64-linux-gnu/libdbus-1.so.3.7.2
7f743118a000-7f743118b000 r--p 00044000 08:01 916060                     /lib/x86_64-linux-gnu/libdbus-1.so.3.7.2
7f743118b000-7f743118c000 rw-p 00045000 08:01 916060                     /lib/x86_64-linux-gnu/libdbus-1.so.3.7.2
7f743118c000-7f74311ed000 r-xp 00000000 08:01 265339                     /usr/lib/x86_64-linux-gnu/pulseaudio/libpulsecommon-2.0.so
7f74311ed000-7f74313ec000 ---p 00061000 08:01 265339                     /usr/lib/x86_64-linux-gnu/pulseaudio/libpulsecommon-2.0.so
7f74313ec000-7f74313ed000 r--p 00060000 08:01 265339                     /usr/lib/x86_64-linux-gnu/pulseaudio/libpulsecommon-2.0.so
7f74313ed000-7f74313ef000 rw-p 00061000 08:01 265339                     /usr/lib/x86_64-linux-gnu/pulseaudio/libpulsecommon-2.0.so
7f74313ef000-7f74313f8000 r-xp 00000000 08:01 916072                     /lib/x86_64-linux-gnu/libjson.so.0.1.0
7f74313f8000-7f74315f7000 ---p 00009000 08:01 916072                     /lib/x86_64-linux-gnu/libjson.so.0.1.0
7f74315f7000-7f74315f8000 r--p 00008000 08:01 916072                     /lib/x86_64-linux-gnu/libjson.so.0.1.0
7f74315f8000-7f74315f9000 rw-p 00009000 08:01 916072                     /lib/x86_64-linux-gnu/libjson.so.0.1.0
7f74315f9000-7f7431642000 r-xp 00000000 08:01 265053                     /usr/lib/x86_64-linux-gnu/libpulse.so.0.14.2
7f7431642000-7f7431841000 ---p 00049000 08:01 265053                     /usr/lib/x86_64-linux-gnu/libpulse.so.0.14.2
7f7431841000-7f7431842000 r--p 00048000 08:01 265053                     /usr/lib/x86_64-linux-gnu/libpulse.so.0.14.2
7f7431842000-7f7431843000 rw-p 00049000 08:01 265053                     /usr/lib/x86_64-linux-gnu/libpulse.so.0.14.2
7f743199b000-7f743199e000 ---p 00000000 00:00 0 
7f743199e000-7f7431a9c000 rw-p 00000000 00:00 0 
7f7431a9c000-7f7431aa0000 r-xp 00000000 08:01 273334                     /usr/lib/x86_64-linux-gnu/libXxf86vm.so.1.0.0
7f7431aa0000-7f7431ca0000 ---p 00004000 08:01 273334                     /usr/lib/x86_64-linux-gnu/libXxf86vm.so.1.0.0
7f7431ca0000-7f7431ca1000 r--p 00004000 08:01 273334                     /usr/lib/x86_64-linux-gnu/libXxf86vm.so.1.0.0
7f7431ca1000-7f7431ca2000 rw-p 00005000 08:01 273334                     /usr/lib/x86_64-linux-gnu/libXxf86vm.so.1.0.0
7f7431ca2000-7f7431ca9000 r-xp 00000000 08:01 265883                     /usr/lib/x86_64-linux-gnu/libXrandr.so.2.2.0
7f7431ca9000-7f7431ea9000 ---p 00007000 08:01 265883                     /usr/lib/x86_64-linux-gnu/libXrandr.so.2.2.0
7f7431ea9000-7f7431eaa000 rw-p 00007000 08:01 265883                     /usr/lib/x86_64-linux-gnu/libXrandr.so.2.2.0
7f7431eaa000-7f7431f16000 r-xp 00000000 08:01 551348                     /tmp/libgdxnemo9955/7b43be9b/liblwjgl64.so (deleted)
7f7431f16000-7f7432115000 ---p 0006c000 08:01 551348                     /tmp/libgdxnemo9955/7b43be9b/liblwjgl64.so (deleted)
7f7432115000-7f7432117000 r--p 0006b000 08:01 551348                     /tmp/libgdxnemo9955/7b43be9b/liblwjgl64.so (deleted)
7f7432117000-7f7432118000 rw-p 0006d000 08:01 551348                     /tmp/libgdxnemo9955/7b43be9b/liblwjgl64.so (deleted)
7f7432118000-7f7432119000 r-xp 00000000 08:01 144229                     /usr/lib/jvm/java-6-openjdk-amd64/jre/lib/amd64/libjawt.so
7f7432119000-7f7432318000 ---p 00001000 08:01 144229                     /usr/lib/jvm/java-6-openjdk-amd64/jre/lib/amd64/libjawt.so
7f7432318000-7f7432319000 rw-p 00000000 08:01 144229                     /usr/lib/jvm/java-6-openjdk-amd64/jre/lib/amd64/libjawt.so
7f7432319000-7f743231e000 r-xp 00000000 08:01 273531                     /usr/lib/x86_64-linux-gnu/libXfixes.so.3.1.0
7f743231e000-7f743251d000 ---p 00005000 08:01 273531                     /usr/lib/x86_64-linux-gnu/libXfixes.so.3.1.0
7f743251d000-7f743251e000 r--p 00004000 08:01 273531                     /usr/lib/x86_64-linux-gnu/libXfixes.so.3.1.0
7f743251e000-7f743251f000 rw-p 00005000 08:01 273531                     /usr/lib/x86_64-linux-gnu/libXfixes.so.3.1.0
7f743251f000-7f7432528000 r--s 00000000 08:01 277048                     /var/cache/fontconfig/945677eb7aeaf62f1d50efc3fb3ec7d8-le64.cache-3
7f7432528000-7f743252d000 r--s 00000000 08:01 271253                     /var/cache/fontconfig/6eb3985aa4124903f6ff08ba781cd364-le64.cache-3
7f743252d000-7f7432536000 r--s 00000000 08:01 278568                     /var/cache/fontconfig/6d41288fd70b0be22e8c3a91e032eec0-le64.cache-3
7f7432536000-7f7432564000 r--s 00000000 08:01 271260                     /var/cache/fontconfig/365b55f210c0a22e9a19e35191240f32-le64.cache-3
7f7432564000-7f7432567000 r--s 00000000 08:01 271247                     /var/cache/fontconfig/c57959a16110560c8d0fcea73374aeeb-le64.cache-3
7f7432567000-7f743256c000 r--s 00000000 08:01 271264                     /var/cache/fontconfig/3047814df9a2f067bd2d96a2b9c36e5a-le64.cache-3
7f74325d4000-7f74325f1000 rw-s 36c61000 00:05 5680                       /dev/nvidia0
7f74325f1000-7f743262e000 rw-p 00000000 00:00 0 
7f743262e000-7f7432631000 ---p 00000000 00:00 0 
7f7432631000-7f743272f000 rw-p 00000000 00:00 0 
7f743272f000-7f7432738000 r--s 00000000 08:01 277048                     /var/cache/fontconfig/945677eb7aeaf62f1d50efc3fb3ec7d8-le64.cache-3
7f7432738000-7f743273d000 r--s 00000000 08:01 271253                     /var/cache/fontconfig/6eb3985aa4124903f6ff08ba781cd364-le64.cache-3
7f743273d000-7f7432746000 r--s 00000000 08:01 278568                     /var/cache/fontconfig/6d41288fd70b0be22e8c3a91e032eec0-le64.cache-3
7f7432746000-7f7432774000 r--s 00000000 08:01 271260                     /var/cache/fontconfig/365b55f210c0a22e9a19e35191240f32-le64.cache-3
7f7432774000-7f7432777000 r--s 00000000 08:01 271247                     /var/cache/fontconfig/c57959a16110560c8d0fcea73374aeeb-le64.cache-3
7f7432777000-7f743277c000 r--s 00000000 08:01 271264                     /var/cache/fontconfig/3047814df9a2f067bd2d96a2b9c36e5a-le64.cache-3
7f743278f000-7f7432799000 r-xp 00000000 08:01 264474                     /usr/lib/x86_64-linux-gnu/libXcursor.so.1.0.2
7f7432799000-7f7432998000 ---p 0000a000 08:01 264474                     /usr/lib/x86_64-linux-gnu/libXcursor.so.1.0.2
7f7432998000-7f7432999000 rw-p 00009000 08:01 264474                     /usr/lib/x86_64-linux-gnu/libXcursor.so.1.0.2
7f7432999000-7f743299b000 rw-p 00000000 00:00 0 
7f743299b000-7f743299d000 rw-s 00000000 08:01 279135                     /tmp/glxrY4GA (deleted)
7f74329a3000-7f74329a7000 rw-s 47547000 00:05 5680                       /dev/nvidia0
7f74329ab000-7f74329ac000 rw-s fd060000 00:05 5680                       /dev/nvidia0
7f74329ac000-7f74329b3000 r--s 00000000 08:01 282750                     /usr/lib/x86_64-linux-gnu/gconv/gconv-modules.cache
7f74329b3000-7f74329c4000 r--s 00000000 08:01 271249                     /var/cache/fontconfig/d52a8644073d54c13679302ca1180695-le64.cache-3
7f74329c4000-7f74329cb000 r--s 00000000 08:01 271258                     /var/cache/fontconfig/3f7329c5293ffd510edef78f73874cfd-le64.cache-3
7f74329cb000-7f74329cd000 r--s 00000000 08:01 271267                     /var/cache/fontconfig/e13b20fdb08344e0e664864cc2ede53d-le64.cache-3
7f74329cd000-7f74329d0000 ---p 00000000 00:00 0 
7f74329d0000-7f7432ace000 rw-p 00000000 00:00 0 
7f7432ace000-7f7432b67000 r-xp 00000000 08:01 264650                     /usr/lib/x86_64-linux-gnu/libfreetype.so.6.8.1
7f7432b67000-7f7432d66000 ---p 00099000 08:01 264650                     /usr/lib/x86_64-linux-gnu/libfreetype.so.6.8.1
7f7432d66000-7f7432d6c000 r--p 00098000 08:01 264650                     /usr/lib/x86_64-linux-gnu/libfreetype.so.6.8.1
7f7432d6c000-7f7432d6d000 rw-p 0009e000 08:01 264650                     /usr/lib/x86_64-linux-gnu/libfreetype.so.6.8.1
7f7432d6d000-7f7432db5000 r-xp 00000000 08:01 144223                     /usr/lib/jvm/java-6-openjdk-amd64/jre/lib/amd64/libfontmanager.so
7f7432db5000-7f7432fb5000 ---p 00048000 08:01 144223                     /usr/lib/jvm/java-6-openjdk-amd64/jre/lib/amd64/libfontmanager.so
7f7432fb5000-7f7432fb8000 rw-p 00048000 08:01 144223                     /usr/lib/jvm/java-6-openjdk-amd64/jre/lib/amd64/libfontmanager.so
7f7432fb8000-7f7432fbd000 r-xp 00000000 08:01 264417                     /usr/lib/x86_64-linux-gnu/libXdmcp.so.6.0.0
7f7432fbd000-7f74331bc000 ---p 00005000 08:01 264417                     /usr/lib/x86_64-linux-gnu/libXdmcp.so.6.0.0
7f74331bc000-7f74331bd000 rw-p 00004000 08:01 264417                     /usr/lib/x86_64-linux-gnu/libXdmcp.so.6.0.0
7f74331bd000-7f74331bf000 r-xp 00000000 08:01 264406                     /usr/lib/x86_64-linux-gnu/libXau.so.6.0.0
7f74331bf000-7f74333bf000 ---p 00002000 08:01 264406                     /usr/lib/x86_64-linux-gnu/libXau.so.6.0.0
7f74333bf000-7f74333c0000 rw-p 00002000 08:01 264406                     /usr/lib/x86_64-linux-gnu/libXau.so.6.0.0
7f74333c0000-7f74333df000 r-xp 00000000 08:01 265852                     /usr/lib/x86_64-linux-gnu/libxcb.so.1.1.0
7f74333df000-7f74335de000 ---p 0001f000 08:01 265852                     /usr/lib/x86_64-linux-gnu/libxcb.so.1.1.0
7f74335de000-7f74335df000 r--p 0001e000 08:01 265852                     /usr/lib/x86_64-linux-gnu/libxcb.so.1.1.0
7f74335df000-7f74335e0000 rw-p 0001f000 08:01 265852                     /usr/lib/x86_64-linux-gnu/libxcb.so.1.1.0
7f74335e0000-7f74335ee000 r-xp 00000000 08:01 265075                     /usr/lib/x86_64-linux-gnu/libXi.so.6.1.0
7f74335ee000-7f74337ee000 ---p 0000e000 08:01 265075                     /usr/lib/x86_64-linux-gnu/libXi.so.6.1.0
7f74337ee000-7f74337ef000 rw-p 0000e000 08:01 265075                     /usr/lib/x86_64-linux-gnu/libXi.so.6.1.0
7f74337ef000-7f74337f4000 r-xp 00000000 08:01 274483                     /usr/lib/x86_64-linux-gnu/libXtst.so.6.1.0
7f74337f4000-7f74339f3000 ---p 00005000 08:01 274483                     /usr/lib/x86_64-linux-gnu/libXtst.so.6.1.0
7f74339f3000-7f74339f4000 rw-p 00004000 08:01 274483                     /usr/lib/x86_64-linux-gnu/libXtst.so.6.1.0
7f74339f4000-7f74339fd000 r-xp 00000000 08:01 264343                     /usr/lib/x86_64-linux-gnu/libXrender.so.1.3.0
7f74339fd000-7f7433bfc000 ---p 00009000 08:01 264343                     /usr/lib/x86_64-linux-gnu/libXrender.so.1.3.0
7f7433bfc000-7f7433bfd000 rw-p 00008000 08:01 264343                     /usr/lib/x86_64-linux-gnu/libXrender.so.1.3.0
7f7433bfd000-7f7433d32000 r-xp 00000000 08:01 265870                     /usr/lib/x86_64-linux-gnu/libX11.so.6.3.0
7f7433d32000-7f7433f32000 ---p 00135000 08:01 265870                     /usr/lib/x86_64-linux-gnu/libX11.so.6.3.0
7f7433f32000-7f7433f38000 rw-p 00135000 08:01 265870                     /usr/lib/x86_64-linux-gnu/libX11.so.6.3.0
7f7433f38000-7f7433f49000 r-xp 00000000 08:01 264595                     /usr/lib/x86_64-linux-gnu/libXext.so.6.4.0
7f7433f49000-7f7434149000 ---p 00011000 08:01 264595                     /usr/lib/x86_64-linux-gnu/libXext.so.6.4.0
7f7434149000-7f743414a000 rw-p 00011000 08:01 264595                     /usr/lib/x86_64-linux-gnu/libXext.so.6.4.0
7f743414a000-7f743415b000 r--s 00000000 08:01 271249                     /var/cache/fontconfig/d52a8644073d54c13679302ca1180695-le64.cache-3
7f743415b000-7f7434162000 r--s 00000000 08:01 271258                     /var/cache/fontconfig/3f7329c5293ffd510edef78f73874cfd-le64.cache-3
7f7434162000-7f7434164000 r--s 00000000 08:01 271267                     /var/cache/fontconfig/e13b20fdb08344e0e664864cc2ede53d-le64.cache-3
7f7434164000-7f74341b1000 r-xp 00000000 08:01 144391                     /usr/lib/jvm/java-6-openjdk-amd64/jre/lib/amd64/xawt/libmawt.so
7f74341b1000-7f74343b0000 ---p 0004d000 08:01 144391                     /usr/lib/jvm/java-6-openjdk-amd64/jre/lib/amd64/xawt/libmawt.so
7f74343b0000-7f74343b4000 rw-p 0004c000 08:01 144391                     /usr/lib/jvm/java-6-openjdk-amd64/jre/lib/amd64/xawt/libmawt.so
7f74343b4000-7f74343b5000 rw-p 00000000 00:00 0 
7f74343b5000-7f7434465000 r-xp 00000000 08:01 144230                     /usr/lib/jvm/java-6-openjdk-amd64/jre/lib/amd64/libawt.so
7f7434465000-7f7434664000 ---p 000b0000 08:01 144230                     /usr/lib/jvm/java-6-openjdk-amd64/jre/lib/amd64/libawt.so
7f7434664000-7f7434670000 rw-p 000af000 08:01 144230                     /usr/lib/jvm/java-6-openjdk-amd64/jre/lib/amd64/libawt.so
7f7434670000-7f7434694000 rw-p 00000000 00:00 0 
7f7434694000-7f7434703000 r-xp 00000000 08:01 551337                     /tmp/libgdxnemo9955/b4a54a2/libgdx64.so
7f7434703000-7f7434902000 ---p 0006f000 08:01 551337                     /tmp/libgdxnemo9955/b4a54a2/libgdx64.so
7f7434902000-7f7434904000 r--p 0006e000 08:01 551337                     /tmp/libgdxnemo9955/b4a54a2/libgdx64.so
7f7434904000-7f7434905000 rw-p 00070000 08:01 551337                     /tmp/libgdxnemo9955/b4a54a2/libgdx64.so
7f7434905000-7f7434906000 rw-p 00000000 00:00 0 
7f7434906000-7f743490d000 r--s 000fc000 08:01 143749                     /usr/lib/jvm/java-6-openjdk-common/jre/lib/resources.jar
7f743490d000-7f743490e000 r--s 00127000 08:06 9437307                    /home/nemo9955/CodeStation/proiecte/Garden_Revolution/Garden_Revolution-desktop/libs/gdx-natives.jar
7f743490e000-7f743490f000 r--s 00004000 08:06 9437342                    /home/nemo9955/CodeStation/proiecte/Garden_Revolution/Garden_Revolution-desktop/libs/gdx-controllers-desktop.jar
7f743490f000-7f7434910000 r--s 00100000 08:06 9437237                    /home/nemo9955/CodeStation/proiecte/Garden_Revolution/Garden_Revolution-desktop/libs/gdx-controllers-desktop-natives.jar
7f7434910000-7f7434921000 r--s 0012b000 08:06 9437394                    /home/nemo9955/CodeStation/proiecte/Garden_Revolution/Garden_Revolution-desktop/libs/gdx-backend-lwjgl.jar
7f7434921000-7f7434928000 r--s 0004c000 08:06 9437312                    /home/nemo9955/CodeStation/proiecte/Garden_Revolution/Garden_Revolution-main/libs/kryonet-2.21-all.jar
7f7434928000-7f7434929000 ---p 00000000 00:00 0 
7f7434929000-7f7434a29000 rw-p 00000000 00:00 0 
7f7434a29000-7f7434a2c000 ---p 00000000 00:00 0 
7f7434a2c000-7f7434b2a000 rw-p 00000000 00:00 0 
7f7434b2a000-7f7434b2d000 ---p 00000000 00:00 0 
7f7434b2d000-7f7434c2b000 rw-p 00000000 00:00 0 
7f7434c2b000-7f7434c2e000 ---p 00000000 00:00 0 
7f7434c2e000-7f7434d2c000 rw-p 00000000 00:00 0 
7f7434d2c000-7f7434d2f000 ---p 00000000 00:00 0 
7f7434d2f000-7f7434e2d000 rw-p 00000000 00:00 0 
7f7434e2d000-7f7434fa4000 r--p 00000000 08:01 139605                     /usr/lib/locale/locale-archive
7f7434fa4000-7f7434fa7000 ---p 00000000 00:00 0 
7f7434fa7000-7f74350a5000 rw-p 00000000 00:00 0 
7f74350a5000-7f74350a8000 ---p 00000000 00:00 0 
7f74350a8000-7f74351a6000 rw-p 00000000 00:00 0 
7f74351a6000-7f74351a7000 ---p 00000000 00:00 0 
7f74351a7000-7f74355dd000 rw-p 00000000 00:00 0 
7f74355dd000-7f7435771000 r--s 03807000 08:01 144270                     /usr/lib/jvm/java-6-openjdk-amd64/jre/lib/rt.jar
7f7435771000-7f7435799000 rw-p 00000000 00:00 0 
7f7435799000-7f743579a000 ---p 00000000 00:00 0 
7f743579a000-7f743589a000 rw-p 00000000 00:00 0 
7f743589a000-7f743589b000 ---p 00000000 00:00 0 
7f743589b000-7f74359a6000 rw-p 00000000 00:00 0 
7f74359a6000-7f74359ee000 rw-p 00000000 00:00 0 
7f74359ee000-7f74359ff000 rw-p 00000000 00:00 0 
7f74359ff000-7f7435afa000 rw-p 00000000 00:00 0 
7f7435afa000-7f7435b05000 rw-p 00000000 00:00 0 
7f7435b05000-7f7435b4d000 rw-p 00000000 00:00 0 
7f7435b4d000-7f7435b5e000 rw-p 00000000 00:00 0 
7f7435b5e000-7f7435c59000 rw-p 00000000 00:00 0 
7f7435c59000-7f7435c62000 rw-p 00000000 00:00 0 
7f7435c62000-7f7435cdf000 rw-p 00000000 00:00 0 
7f7435cdf000-7f7435ce0000 rw-p 00000000 00:00 0 
7f7435ce0000-7f7435f50000 rwxp 00000000 00:00 0 
7f7435f50000-7f7438ce0000 rw-p 00000000 00:00 0 
7f7438ce0000-7f7438ce7000 r-xp 00000000 08:01 144259                     /usr/lib/jvm/java-6-openjdk-amd64/jre/lib/amd64/libzip.so
7f7438ce7000-7f7438ee6000 ---p 00007000 08:01 144259                     /usr/lib/jvm/java-6-openjdk-amd64/jre/lib/amd64/libzip.so
7f7438ee6000-7f7438ee7000 rw-p 00006000 08:01 144259                     /usr/lib/jvm/java-6-openjdk-amd64/jre/lib/amd64/libzip.so
7f7438ee7000-7f7438ef2000 r-xp 00000000 08:01 916446                     /lib/x86_64-linux-gnu/libnss_files-2.13.so
7f7438ef2000-7f74390f1000 ---p 0000b000 08:01 916446                     /lib/x86_64-linux-gnu/libnss_files-2.13.so
7f74390f1000-7f74390f2000 r--p 0000a000 08:01 916446                     /lib/x86_64-linux-gnu/libnss_files-2.13.so
7f74390f2000-7f74390f3000 rw-p 0000b000 08:01 916446                     /lib/x86_64-linux-gnu/libnss_files-2.13.so
7f74390f3000-7f74390fd000 r-xp 00000000 08:01 916442                     /lib/x86_64-linux-gnu/libnss_nis-2.13.so
7f74390fd000-7f74392fc000 ---p 0000a000 08:01 916442                     /lib/x86_64-linux-gnu/libnss_nis-2.13.so
7f74392fc000-7f74392fd000 r--p 00009000 08:01 916442                     /lib/x86_64-linux-gnu/libnss_nis-2.13.so
7f74392fd000-7f74392fe000 rw-p 0000a000 08:01 916442                     /lib/x86_64-linux-gnu/libnss_nis-2.13.so
7f74392fe000-7f7439305000 r-xp 00000000 08:01 916435                     /lib/x86_64-linux-gnu/libnss_compat-2.13.so
7f7439305000-7f7439504000 ---p 00007000 08:01 916435                     /lib/x86_64-linux-gnu/libnss_compat-2.13.so
7f7439504000-7f7439505000 r--p 00006000 08:01 916435                     /lib/x86_64-linux-gnu/libnss_compat-2.13.so
7f7439505000-7f7439506000 rw-p 00007000 08:01 916435                     /lib/x86_64-linux-gnu/libnss_compat-2.13.so
7f7439506000-7f743951b000 r-xp 00000000 08:01 916440                     /lib/x86_64-linux-gnu/libnsl-2.13.so
7f743951b000-7f743971a000 ---p 00015000 08:01 916440                     /lib/x86_64-linux-gnu/libnsl-2.13.so
7f743971a000-7f743971b000 r--p 00014000 08:01 916440                     /lib/x86_64-linux-gnu/libnsl-2.13.so
7f743971b000-7f743971c000 rw-p 00015000 08:01 916440                     /lib/x86_64-linux-gnu/libnsl-2.13.so
7f743971c000-7f743971e000 rw-p 00000000 00:00 0 
7f743971e000-7f743974c000 r-xp 00000000 08:01 144245                     /usr/lib/jvm/java-6-openjdk-amd64/jre/lib/amd64/libjava.so
7f743974c000-7f743994b000 ---p 0002e000 08:01 144245                     /usr/lib/jvm/java-6-openjdk-amd64/jre/lib/amd64/libjava.so
7f743994b000-7f743994f000 rw-p 0002d000 08:01 144245                     /usr/lib/jvm/java-6-openjdk-amd64/jre/lib/amd64/libjava.so
7f743994f000-7f743995e000 r-xp 00000000 08:01 144228                     /usr/lib/jvm/java-6-openjdk-amd64/jre/lib/amd64/libverify.so
7f743995e000-7f7439b5d000 ---p 0000f000 08:01 144228                     /usr/lib/jvm/java-6-openjdk-amd64/jre/lib/amd64/libverify.so
7f7439b5d000-7f7439b5f000 rw-p 0000e000 08:01 144228                     /usr/lib/jvm/java-6-openjdk-amd64/jre/lib/amd64/libverify.so
7f7439b5f000-7f7439b66000 r-xp 00000000 08:01 916450                     /lib/x86_64-linux-gnu/librt-2.13.so
7f7439b66000-7f7439d65000 ---p 00007000 08:01 916450                     /lib/x86_64-linux-gnu/librt-2.13.so
7f7439d65000-7f7439d66000 r--p 00006000 08:01 916450                     /lib/x86_64-linux-gnu/librt-2.13.so
7f7439d66000-7f7439d67000 rw-p 00007000 08:01 916450                     /lib/x86_64-linux-gnu/librt-2.13.so
7f7439d67000-7f7439d7c000 r-xp 00000000 08:01 916059                     /lib/x86_64-linux-gnu/libgcc_s.so.1
7f7439d7c000-7f7439f7c000 ---p 00015000 08:01 916059                     /lib/x86_64-linux-gnu/libgcc_s.so.1
7f7439f7c000-7f7439f7d000 rw-p 00015000 08:01 916059                     /lib/x86_64-linux-gnu/libgcc_s.so.1
7f7439f7d000-7f7439ffe000 r-xp 00000000 08:01 916437                     /lib/x86_64-linux-gnu/libm-2.13.so
7f7439ffe000-7f743a1fd000 ---p 00081000 08:01 916437                     /lib/x86_64-linux-gnu/libm-2.13.so
7f743a1fd000-7f743a1fe000 r--p 00080000 08:01 916437                     /lib/x86_64-linux-gnu/libm-2.13.so
7f743a1fe000-7f743a1ff000 rw-p 00081000 08:01 916437                     /lib/x86_64-linux-gnu/libm-2.13.so
7f743a1ff000-7f743a2e7000 r-xp 00000000 08:01 265105                     /usr/lib/x86_64-linux-gnu/libstdc++.so.6.0.17
7f743a2e7000-7f743a4e7000 ---p 000e8000 08:01 265105                     /usr/lib/x86_64-linux-gnu/libstdc++.so.6.0.17
7f743a4e7000-7f743a4ef000 r--p 000e8000 08:01 265105                     /usr/lib/x86_64-linux-gnu/libstdc++.so.6.0.17
7f743a4ef000-7f743a4f1000 rw-p 000f0000 08:01 265105                     /usr/lib/x86_64-linux-gnu/libstdc++.so.6.0.17
7f743a4f1000-7f743a506000 rw-p 00000000 00:00 0 
7f743a506000-7f743ae1a000 r-xp 00000000 08:01 144235                     /usr/lib/jvm/java-6-openjdk-amd64/jre/lib/amd64/server/libjvm.so
7f743ae1a000-7f743b019000 ---p 00914000 08:01 144235                     /usr/lib/jvm/java-6-openjdk-amd64/jre/lib/amd64/server/libjvm.so
7f743b019000-7f743b0b5000 rw-p 00913000 08:01 144235                     /usr/lib/jvm/java-6-openjdk-amd64/jre/lib/amd64/server/libjvm.so
7f743b0b5000-7f743b0de000 rw-p 00000000 00:00 0 
7f743b0de000-7f743b260000 r-xp 00000000 08:01 916430                     /lib/x86_64-linux-gnu/libc-2.13.so
7f743b260000-7f743b45f000 ---p 00182000 08:01 916430                     /lib/x86_64-linux-gnu/libc-2.13.so
7f743b45f000-7f743b463000 r--p 00181000 08:01 916430                     /lib/x86_64-linux-gnu/libc-2.13.so
7f743b463000-7f743b464000 rw-p 00185000 08:01 916430                     /lib/x86_64-linux-gnu/libc-2.13.so
7f743b464000-7f743b469000 rw-p 00000000 00:00 0 
7f743b469000-7f743b46b000 r-xp 00000000 08:01 916444                     /lib/x86_64-linux-gnu/libdl-2.13.so
7f743b46b000-7f743b66b000 ---p 00002000 08:01 916444                     /lib/x86_64-linux-gnu/libdl-2.13.so
7f743b66b000-7f743b66c000 r--p 00002000 08:01 916444                     /lib/x86_64-linux-gnu/libdl-2.13.so
7f743b66c000-7f743b66d000 rw-p 00003000 08:01 916444                     /lib/x86_64-linux-gnu/libdl-2.13.so
7f743b66d000-7f743b671000 r-xp 00000000 08:01 144232                     /usr/lib/jvm/java-6-openjdk-amd64/jre/lib/amd64/jli/libjli.so
7f743b671000-7f743b870000 ---p 00004000 08:01 144232                     /usr/lib/jvm/java-6-openjdk-amd64/jre/lib/amd64/jli/libjli.so
7f743b870000-7f743b871000 rw-p 00003000 08:01 144232                     /usr/lib/jvm/java-6-openjdk-amd64/jre/lib/amd64/jli/libjli.so
7f743b871000-7f743b888000 r-xp 00000000 08:01 916448                     /lib/x86_64-linux-gnu/libpthread-2.13.so
7f743b888000-7f743ba87000 ---p 00017000 08:01 916448                     /lib/x86_64-linux-gnu/libpthread-2.13.so
7f743ba87000-7f743ba88000 r--p 00016000 08:01 916448                     /lib/x86_64-linux-gnu/libpthread-2.13.so
7f743ba88000-7f743ba89000 rw-p 00017000 08:01 916448                     /lib/x86_64-linux-gnu/libpthread-2.13.so
7f743ba89000-7f743ba8d000 rw-p 00000000 00:00 0 
7f743ba8d000-7f743baa3000 r-xp 00000000 08:01 916168                     /lib/x86_64-linux-gnu/libz.so.1.2.7
7f743baa3000-7f743bca2000 ---p 00016000 08:01 916168                     /lib/x86_64-linux-gnu/libz.so.1.2.7
7f743bca2000-7f743bca3000 r--p 00015000 08:01 916168                     /lib/x86_64-linux-gnu/libz.so.1.2.7
7f743bca3000-7f743bca4000 rw-p 00016000 08:01 916168                     /lib/x86_64-linux-gnu/libz.so.1.2.7
7f743bca4000-7f743bcc4000 r-xp 00000000 08:01 32                         /lib64/ld-2.13.so
7f743bcc4000-7f743bcc6000 r--s 001a1000 08:06 9437380                    /home/nemo9955/CodeStation/proiecte/Garden_Revolution/Garden_Revolution-desktop/libs/gdx-backend-lwjgl-natives.jar
7f743bcc6000-7f743bcc9000 r--s 0000b000 08:06 9437369                    /home/nemo9955/CodeStation/proiecte/Garden_Revolution/Garden_Revolution-main/libs/tween-engine-api.jar
7f743bcc9000-7f743bccc000 r--s 0007f000 08:01 143741                     /usr/lib/jvm/java-6-openjdk-common/jre/lib/jsse.jar
7f743bccc000-7f743bce2000 r--s 00157000 08:06 9437270                    /home/nemo9955/CodeStation/proiecte/Garden_Revolution/Garden_Revolution-main/libs/gdx.jar
7f743bce2000-7f743bcec000 rw-p 00000000 00:00 0 
7f743bcec000-7f743bda2000 rw-p 00000000 00:00 0 
7f743bda2000-7f743bda5000 ---p 00000000 00:00 0 
7f743bda5000-7f743bea8000 rw-p 00000000 00:00 0 
7f743bea8000-7f743bea9000 r--s 00002000 08:06 9437214                    /home/nemo9955/CodeStation/proiecte/Garden_Revolution/Garden_Revolution-main/libs/gdx-controllers.jar
7f743bea9000-7f743bead000 r--s 00039000 08:01 143733                     /usr/lib/jvm/java-6-openjdk-common/jre/lib/ext/sunpkcs11.jar
7f743bead000-7f743beaf000 r--s 0000f000 08:01 143734                     /usr/lib/jvm/java-6-openjdk-common/jre/lib/ext/pulse-java.jar
7f743beaf000-7f743beb2000 r--s 00031000 08:01 143736                     /usr/lib/jvm/java-6-openjdk-common/jre/lib/ext/sunjce_provider.jar
7f743beb2000-7f743beb5000 r--s 00077000 08:01 143735                     /usr/lib/jvm/java-6-openjdk-common/jre/lib/ext/localedata.jar
7f743beb5000-7f743beb7000 r--s 00001000 08:01 143737                     /usr/lib/jvm/java-6-openjdk-common/jre/lib/ext/dnsns.jar
7f743beb7000-7f743beb8000 r--s 00007000 08:01 916596                     /usr/share/java/java-atk-wrapper.jar
7f743beb8000-7f743bec0000 rw-s 00000000 08:01 400814                     /tmp/hsperfdata_nemo9955/6250
7f743bec0000-7f743bec1000 rw-p 00000000 00:00 0 
7f743bec1000-7f743bec2000 r--p 00000000 00:00 0 
7f743bec2000-7f743bec3000 rw-p 00000000 00:00 0 
7f743bec3000-7f743bec4000 r--p 0001f000 08:01 32                         /lib64/ld-2.13.so
7f743bec4000-7f743bec5000 rw-p 00020000 08:01 32                         /lib64/ld-2.13.so
7f743bec5000-7f743bec6000 rw-p 00000000 00:00 0 
7fff63be9000-7fff63c0a000 rw-p 00000000 00:00 0                          [stack]
7fff63ddb000-7fff63ddc000 r-xp 00000000 00:00 0                          [vdso]
ffffffffff600000-ffffffffff601000 r-xp 00000000 00:00 0                  [vsyscall]

VM Arguments:
jvm_args: -Dfile.encoding=UTF-8 
java_command: com.nemo9955.garden_revolution.Main
Launcher Type: SUN_STANDARD

Environment Variables:
PATH=/home/nemo9955/bin:/usr/sbin:/sbin:/usr/local/bin:/usr/bin:/bin:/usr/local/games:/usr/games
LD_LIBRARY_PATH=/usr/lib/jvm/java-6-openjdk-amd64/jre/lib/amd64/server:/usr/lib/jvm/java-6-openjdk-amd64/jre/lib/amd64:/usr/lib/jvm/java-6-openjdk-amd64/jre/../lib/amd64
SHELL=/bin/bash
DISPLAY=:0.0

Signal Handlers:
SIGSEGV: [libjvm.so+0x791b10], sa_mask[0]=0x7ffbfeff, sa_flags=0x10000004
SIGBUS: [libjvm.so+0x791b10], sa_mask[0]=0x7ffbfeff, sa_flags=0x10000004
SIGFPE: [libjvm.so+0x65ace0], sa_mask[0]=0x7ffbfeff, sa_flags=0x10000004
SIGPIPE: [libjvm.so+0x65ace0], sa_mask[0]=0x7ffbfeff, sa_flags=0x10000004
SIGXFSZ: [libjvm.so+0x65ace0], sa_mask[0]=0x7ffbfeff, sa_flags=0x10000004
SIGILL: [libjvm.so+0x65ace0], sa_mask[0]=0x7ffbfeff, sa_flags=0x10000004
SIGUSR1: SIG_DFL, sa_mask[0]=0x00000000, sa_flags=0x00000000
SIGUSR2: [libjvm.so+0x65aec0], sa_mask[0]=0x00000004, sa_flags=0x10000004
SIGHUP: [libjvm.so+0x65d500], sa_mask[0]=0x7ffbfeff, sa_flags=0x10000004
SIGINT: [libjvm.so+0x65d500], sa_mask[0]=0x7ffbfeff, sa_flags=0x10000004
SIGTERM: [libjvm.so+0x65d500], sa_mask[0]=0x7ffbfeff, sa_flags=0x10000004
SIGQUIT: [libjvm.so+0x65d500], sa_mask[0]=0x7ffbfeff, sa_flags=0x10000004


---------------  S Y S T E M  ---------------

OS:7.3

uname:Linux 3.2.0-4-amd64 #1 SMP Debian 3.2.51-1 x86_64
libc:glibc 2.13 NPTL 2.13 
rlimit: STACK 8192k, CORE 0k, NPROC 25587, NOFILE 4096, AS infinity
load average:0.50 0.55 0.64

/proc/meminfo:
MemTotal:        3287396 kB
MemFree:          305292 kB
Buffers:           11220 kB
Cached:           293600 kB
SwapCached:         4776 kB
Active:          2136812 kB
Inactive:         583024 kB
Active(anon):    1985144 kB
Inactive(anon):   439608 kB
Active(file):     151668 kB
Inactive(file):   143416 kB
Unevictable:           0 kB
Mlocked:               0 kB
SwapTotal:       3025916 kB
SwapFree:        2902164 kB
Dirty:              2012 kB
Writeback:             0 kB
AnonPages:       2411440 kB
Mapped:           230148 kB
Shmem:              9736 kB
Slab:              79184 kB
SReclaimable:      46336 kB
SUnreclaim:        32848 kB
KernelStack:        4400 kB
PageTables:        27552 kB
NFS_Unstable:          0 kB
Bounce:                0 kB
WritebackTmp:          0 kB
CommitLimit:     4669612 kB
Committed_AS:    4734828 kB
VmallocTotal:   34359738367 kB
VmallocUsed:      315844 kB
VmallocChunk:   34359419900 kB
HardwareCorrupted:     0 kB
AnonHugePages:         0 kB
HugePages_Total:       0
HugePages_Free:        0
HugePages_Rsvd:        0
HugePages_Surp:        0
Hugepagesize:       2048 kB
DirectMap4k:      546496 kB
DirectMap2M:     2795520 kB


CPU:total 2 (2 cores per cpu, 1 threads per core) family 6 model 23 stepping 10, cmov, cx8, fxsr, mmx, sse, sse2, sse3, ssse3, sse4.1

Memory: 4k page, physical 3287396k(305292k free), swap 3025916k(2902164k free)

vm_info: OpenJDK 64-Bit Server VM (20.0-b12) for linux-amd64 JRE (1.6.0_27-b27), built on Jul 12 2013 09:04:12 by "jmm" with gcc 4.7.2

time: Mon Feb 24 16:21:10 2014
elapsed time: 694 seconds

