#
# A fatal error has been detected by the Java Runtime Environment:
#
#  SIGBUS (0x7) at pc=0x00007f2bc2b2eca0, pid=6473, tid=139825922275072
#
# JRE version: 6.0_27-b27
# Java VM: OpenJDK 64-Bit Server VM (20.0-b12 mixed mode linux-amd64 compressed oops)
# Derivative: IcedTea6 1.12.6
# Distribution: Debian GNU/Linux 7.1 (wheezy), package 6b27-1.12.6-1~deb7u1
# Problematic frame:
# 
[error occurred during error reporting (printing problematic frame), id 0x7]

# If you would like to submit a bug report, please include
# instructions how to reproduce the bug and visit:
#   http://icedtea.classpath.org/bugzilla
# The crash happened outside the Java Virtual Machine in native code.
# See problematic frame for where to report the bug.
#

---------------  T H R E A D  ---------------

Current thread (0x00000000022f6800):  JavaThread "Thread-1" [_thread_in_native, id=6666, stack(0x00007f2bc25d7000,0x00007f2bc26d8000)]

siginfo:si_signo=SIGBUS: si_errno=0, si_code=2 (BUS_ADRERR), si_addr=0x00007f2bc2b2eca0

Registers:
RAX=0x00007f2bc2b2eca0, RBX=0x00000000c3e42150, RCX=0x0000000000004ff9, RDX=0x00000000c3e50778
RSP=0x00007f2bc26d6908, RBP=0x00007f2bc26d6958, RSI=0x00007f2bc26d6968, RDI=0x00000000022f69d0
R8 =0x0000000000000000, R9 =0x0000000000000000, R10=0x00007f2bca89dd3b, R11=0x00007f2bcf785ca0
R12=0x0000000000000000, R13=0x00000000c3e42148, R14=0x00007f2bc26d6970, R15=0x00000000022f6800
RIP=0x00007f2bc2b2eca0, EFLAGS=0x0000000000010287, CSGSFS=0x0000000000000033, ERR=0x0000000000000014
  TRAPNO=0x000000000000000e

Top of Stack: (sp=0x00007f2bc26d6908)
0x00007f2bc26d6908:   00007f2bca89dd68 00000000022f6800
0x00007f2bc26d6918:   00007f2bc26d6918 0000000000000000
0x00007f2bc26d6928:   00007f2bc26d6970 00000000c3e50778
0x00007f2bc26d6938:   0000000000000000 00000000c3e42150
0x00007f2bc26d6948:   0000000000000000 00007f2bc26d6978
0x00007f2bc26d6958:   00007f2bc26d69b8 00007f2bca89285a
0x00007f2bc26d6968:   00000000c3e4c418 00007f2bca89af58
0x00007f2bc26d6978:   00007f2bc26d6978 00000000c3e42050
0x00007f2bc26d6988:   00007f2bc26d69c8 00000000c3e50778
0x00007f2bc26d6998:   0000000000000000 00000000c3e42088
0x00007f2bc26d69a8:   00007f2bc26d6978 00007f2bc26d69d0
0x00007f2bc26d69b8:   00007f2bc26d6a10 00007f2bca89285a
0x00007f2bc26d69c8:   0000000000000000 00007f2bc26d69d0
0x00007f2bc26d69d8:   00000000c3e45ab0 00007f2bc26d6a30
0x00007f2bc26d69e8:   00000000c3e50778 0000000000000000
0x00007f2bc26d69f8:   00000000c3e45b50 00007f2bc26d69d0
0x00007f2bc26d6a08:   00007f2bc26d6a30 00007f2bc26d6a78
0x00007f2bc26d6a18:   00007f2bca892d34 0000000000000000
0x00007f2bc26d6a28:   0000000000000000 00000000f03682e8
0x00007f2bc26d6a38:   00007f2bc26d6a38 00000000c3e29afb
0x00007f2bc26d6a48:   00007f2bc26d6a80 00000000c3e391c0
0x00007f2bc26d6a58:   0000000000000000 00000000c3e29b10
0x00007f2bc26d6a68:   00007f2bc26d6a30 00007f2bc26d6a88
0x00007f2bc26d6a78:   00007f2bc26d6ac8 00007f2bca89285a
0x00007f2bc26d6a88:   00007f2bc26d6a88 00000000c3e2ac38
0x00007f2bc26d6a98:   00007f2bc26d6ad0 00000000c3e391c0
0x00007f2bc26d6aa8:   0000000000000000 00000000c3e2ac40
0x00007f2bc26d6ab8:   00007f2bc26d6a88 00007f2bc26d6ad8
0x00007f2bc26d6ac8:   00007f2bc26d6b18 00007f2bca89285a
0x00007f2bc26d6ad8:   00007f2bc26d6ad8 00000000c3e38668
0x00007f2bc26d6ae8:   00007f2bc26d6b28 00000000c3e3a7c8
0x00007f2bc26d6af8:   0000000000000000 00000000c3e38680 

Instructions: (pc=0x00007f2bc2b2eca0)
0x00007f2bc2b2ec80:   
[error occurred during error reporting (printing registers, top of stack, instructions near pc), id 0x7]

Register to memory mapping:

RAX=
[error occurred during error reporting (printing register info), id 0x7]

Stack: [0x00007f2bc25d7000,0x00007f2bc26d8000],  sp=0x00007f2bc26d6908,  free space=1022k
Native frames: (J=compiled Java code, j=interpreted, Vv=VM code, C=native code)

[error occurred during error reporting (printing native stack), id 0x7]

Java frames: (J=compiled Java code, j=interpreted, Vv=VM code)
j  org.lwjgl.opengl.LinuxDisplay.nLockAWT()V+0
j  org.lwjgl.opengl.LinuxDisplay.lockAWT()V+0
j  org.lwjgl.opengl.LinuxDisplay.resetDisplayMode()V+0
j  org.lwjgl.opengl.Display.reset()V+3
j  org.lwjgl.opengl.Display.access$000()V+0
j  org.lwjgl.opengl.Display$1.run()V+0
v  ~StubRoutines::call_stub

---------------  P R O C E S S  ---------------

Java Threads: ( => current thread )
=>0x00000000022f6800 JavaThread "Thread-1" [_thread_in_native, id=6666, stack(0x00007f2bc25d7000,0x00007f2bc26d8000)]
  0x0000000002415800 JavaThread "SIGTERM handler" daemon [_thread_blocked, id=6664, stack(0x00007f2bbb172000,0x00007f2bbb273000)]
  0x00000000030f7000 JavaThread "Timer" [_thread_blocked, id=6502, stack(0x00007f2bb7346000,0x00007f2bb7447000)]
  0x0000000002fa3000 JavaThread "AsynchExecutor-Thread" daemon [_thread_blocked, id=6501, stack(0x00007f2bbb071000,0x00007f2bbb172000)]
  0x00007f2bc4196800 JavaThread "DestroyJavaVM" [_thread_blocked, id=6478, stack(0x00007f2bd094f000,0x00007f2bd0a50000)]
  0x00007f2bc40ff800 JavaThread "AWT-XAWT" daemon [_thread_in_native, id=6492, stack(0x00007f2bc2f55000,0x00007f2bc3056000)]
  0x00007f2bc407b000 JavaThread "Java2D Disposer" daemon [_thread_blocked, id=6491, stack(0x00007f2bc808c000,0x00007f2bc818d000)]
  0x00000000021e3000 JavaThread "Low Memory Detector" daemon [_thread_blocked, id=6487, stack(0x00007f2bc95d6000,0x00007f2bc96d7000)]
  0x00000000021de800 JavaThread "C2 CompilerThread1" daemon [_thread_blocked, id=6486, stack(0x00007f2bc96d7000,0x00007f2bc97d8000)]
  0x00000000021d9800 JavaThread "C2 CompilerThread0" daemon [_thread_blocked, id=6485, stack(0x00007f2bc97d8000,0x00007f2bc98d9000)]
  0x00000000021d7800 JavaThread "Signal Dispatcher" daemon [_thread_blocked, id=6484, stack(0x00007f2bc98d9000,0x00007f2bc99da000)]
  0x00000000021b3000 JavaThread "Finalizer" daemon [_thread_blocked, id=6483, stack(0x00007f2bc9b51000,0x00007f2bc9c52000)]
  0x00000000021b1000 JavaThread "Reference Handler" daemon [_thread_blocked, id=6482, stack(0x00007f2bc9c52000,0x00007f2bc9d53000)]

Other Threads:
  0x00000000021ac000 VMThread [stack: 0x00007f2bc9d53000,0x00007f2bc9e54000] [id=6481]
  0x00000000021e5800 WatcherThread [stack: 0x00007f2bc94d5000,0x00007f2bc95d6000] [id=6488]

VM state:not at safepoint (normal execution)

VM Mutex/Monitor currently owned by a thread: None

Heap
 PSYoungGen      total 14976K, used 11271K [0x00000000ef400000, 0x00000000f04b0000, 0x0000000100000000)
  eden space 12864K, 78% used [0x00000000ef400000,0x00000000efde2ba0,0x00000000f0090000)
  from space 2112K, 54% used [0x00000000f02a0000,0x00000000f03bf120,0x00000000f04b0000)
  to   space 2112K, 0% used [0x00000000f0090000,0x00000000f0090000,0x00000000f02a0000)
 PSOldGen        total 34304K, used 0K [0x00000000cdc00000, 0x00000000cfd80000, 0x00000000ef400000)
  object space 34304K, 0% used [0x00000000cdc00000,0x00000000cdc00000,0x00000000cfd80000)
 PSPermGen       total 21248K, used 14728K [0x00000000c3600000, 0x00000000c4ac0000, 0x00000000cdc00000)
  object space 21248K, 69% used [0x00000000c3600000,0x00000000c44622d8,0x00000000c4ac0000)

Code Cache  [0x00007f2bca88d000, 0x00007f2bcaafd000, 0x00007f2bcd88d000)
 total_blobs=743 nmethods=136 adapters=561 free_code_cache=49453376 largest_free_block=448

Dynamic libraries:
00400000-00409000 r-xp 00000000 08:01 144298                             /usr/lib/jvm/java-6-openjdk-amd64/jre/bin/java
00608000-00609000 rw-p 00008000 08:01 144298                             /usr/lib/jvm/java-6-openjdk-amd64/jre/bin/java
0213b000-04b26000 rw-p 00000000 00:00 0                                  [heap]
41a35000-41a37000 r-xs 00000000 08:01 281934                             /tmp/glH78EXa (deleted)
41ca8000-41d26000 rw-p 00000000 00:00 0 
c3600000-c4ac0000 rw-p 00000000 00:00 0 
c4ac0000-cdc00000 rw-p 00000000 00:00 0 
cdc00000-cfd80000 rw-p 00000000 00:00 0 
cfd80000-ef400000 rw-p 00000000 00:00 0 
ef400000-f04b0000 rw-p 00000000 00:00 0 
f04b0000-100000000 rw-p 00000000 00:00 0 
7f2bb7346000-7f2bb7349000 ---p 00000000 00:00 0 
7f2bb7349000-7f2bb7447000 rw-p 00000000 00:00 0 
7f2bb7447000-7f2bb746a000 r-xp 00000000 08:01 551347                     /tmp/libgdxnemo9955/b97b1fcd/libgdx-controllers-desktop64.so
7f2bb746a000-7f2bb766a000 ---p 00023000 08:01 551347                     /tmp/libgdxnemo9955/b97b1fcd/libgdx-controllers-desktop64.so
7f2bb766a000-7f2bb766b000 r--p 00023000 08:01 551347                     /tmp/libgdxnemo9955/b97b1fcd/libgdx-controllers-desktop64.so
7f2bb766b000-7f2bb766c000 rw-p 00024000 08:01 551347                     /tmp/libgdxnemo9955/b97b1fcd/libgdx-controllers-desktop64.so
7f2bb766c000-7f2bb7681000 r-xp 00000000 08:01 144247                     /usr/lib/jvm/java-6-openjdk-amd64/jre/lib/amd64/libnet.so
7f2bb7681000-7f2bb7880000 ---p 00015000 08:01 144247                     /usr/lib/jvm/java-6-openjdk-amd64/jre/lib/amd64/libnet.so
7f2bb7880000-7f2bb7881000 rw-p 00014000 08:01 144247                     /usr/lib/jvm/java-6-openjdk-amd64/jre/lib/amd64/libnet.so
7f2bb7881000-7f2bb7c81000 rw-s 02fa2000 00:05 5680                       /dev/nvidia0
7f2bb7c81000-7f2bb8081000 rw-s 02df1000 00:05 5680                       /dev/nvidia0
7f2bb8081000-7f2bb8281000 rw-s 02f47000 00:05 5680                       /dev/nvidia0
7f2bb8281000-7f2bb8481000 rw-s 4ee0e000 00:05 5680                       /dev/nvidia0
7f2bb8481000-7f2bb8581000 rw-s 2d052000 00:05 5680                       /dev/nvidia0
7f2bb861f000-7f2bb8693000 rw-p 00000000 00:00 0 
7f2bb872a000-7f2bb8767000 rw-p 00000000 00:00 0 
7f2bb8767000-7f2bba137000 r-xp 00000000 08:01 282961                     /usr/lib/x86_64-linux-gnu/libnvidia-glcore.so.304.88
7f2bba137000-7f2bba336000 ---p 019d0000 08:01 282961                     /usr/lib/x86_64-linux-gnu/libnvidia-glcore.so.304.88
7f2bba336000-7f2bbab37000 rwxp 019cf000 08:01 282961                     /usr/lib/x86_64-linux-gnu/libnvidia-glcore.so.304.88
7f2bbab37000-7f2bbab51000 rwxp 00000000 00:00 0 
7f2bbab51000-7f2bbab54000 r-xp 00000000 08:01 551171                     /usr/lib/x86_64-linux-gnu/tls/libnvidia-tls.so.304.88
7f2bbab54000-7f2bbad53000 ---p 00003000 08:01 551171                     /usr/lib/x86_64-linux-gnu/tls/libnvidia-tls.so.304.88
7f2bbad53000-7f2bbad54000 rw-p 00002000 08:01 551171                     /usr/lib/x86_64-linux-gnu/tls/libnvidia-tls.so.304.88
7f2bbad54000-7f2bbae1e000 r-xp 00000000 08:01 678444                     /usr/lib/x86_64-linux-gnu/nvidia/current/libGL.so.304.88
7f2bbae1e000-7f2bbb01e000 ---p 000ca000 08:01 678444                     /usr/lib/x86_64-linux-gnu/nvidia/current/libGL.so.304.88
7f2bbb01e000-7f2bbb05b000 rwxp 000ca000 08:01 678444                     /usr/lib/x86_64-linux-gnu/nvidia/current/libGL.so.304.88
7f2bbb05b000-7f2bbb071000 rwxp 00000000 00:00 0 
7f2bbb071000-7f2bbb074000 ---p 00000000 00:00 0 
7f2bbb074000-7f2bbb172000 rw-p 00000000 00:00 0 
7f2bbb172000-7f2bbb175000 ---p 00000000 00:00 0 
7f2bbb175000-7f2bbb273000 rw-p 00000000 00:00 0 
7f2bbb273000-7f2bbb276000 ---p 00000000 00:00 0 
7f2bbb276000-7f2bbb374000 rw-p 00000000 00:00 0 
7f2bbf375000-7f2bbf376000 ---p 00000000 00:00 0 
7f2bbf376000-7f2bbfb76000 rw-p 00000000 00:00 0 
7f2bbfb76000-7f2bbfb89000 r-xp 00000000 08:01 916431                     /lib/x86_64-linux-gnu/libresolv-2.13.so
7f2bbfb89000-7f2bbfd88000 ---p 00013000 08:01 916431                     /lib/x86_64-linux-gnu/libresolv-2.13.so
7f2bbfd88000-7f2bbfd89000 r--p 00012000 08:01 916431                     /lib/x86_64-linux-gnu/libresolv-2.13.so
7f2bbfd89000-7f2bbfd8a000 rw-p 00013000 08:01 916431                     /lib/x86_64-linux-gnu/libresolv-2.13.so
7f2bbfd8a000-7f2bbfd8c000 rw-p 00000000 00:00 0 
7f2bbfd8c000-7f2bbfd92000 r-xp 00000000 08:01 264971                     /usr/lib/x86_64-linux-gnu/libogg.so.0.8.0
7f2bbfd92000-7f2bbff91000 ---p 00006000 08:01 264971                     /usr/lib/x86_64-linux-gnu/libogg.so.0.8.0
7f2bbff91000-7f2bbff92000 rw-p 00005000 08:01 264971                     /usr/lib/x86_64-linux-gnu/libogg.so.0.8.0
7f2bbff92000-7f2bbffbe000 r-xp 00000000 08:01 265193                     /usr/lib/x86_64-linux-gnu/libvorbis.so.0.4.5
7f2bbffbe000-7f2bc01bd000 ---p 0002c000 08:01 265193                     /usr/lib/x86_64-linux-gnu/libvorbis.so.0.4.5
7f2bc01bd000-7f2bc01be000 r--p 0002b000 08:01 265193                     /usr/lib/x86_64-linux-gnu/libvorbis.so.0.4.5
7f2bc01be000-7f2bc01bf000 rw-p 0002c000 08:01 265193                     /usr/lib/x86_64-linux-gnu/libvorbis.so.0.4.5
7f2bc01bf000-7f2bc0472000 r-xp 00000000 08:01 265195                     /usr/lib/x86_64-linux-gnu/libvorbisenc.so.2.0.8
7f2bc0472000-7f2bc0671000 ---p 002b3000 08:01 265195                     /usr/lib/x86_64-linux-gnu/libvorbisenc.so.2.0.8
7f2bc0671000-7f2bc068d000 r--p 002b2000 08:01 265195                     /usr/lib/x86_64-linux-gnu/libvorbisenc.so.2.0.8
7f2bc068d000-7f2bc068e000 rw-p 002ce000 08:01 265195                     /usr/lib/x86_64-linux-gnu/libvorbisenc.so.2.0.8
7f2bc068e000-7f2bc06d9000 r-xp 00000000 08:01 264365                     /usr/lib/x86_64-linux-gnu/libFLAC.so.8.2.0
7f2bc06d9000-7f2bc08d8000 ---p 0004b000 08:01 264365                     /usr/lib/x86_64-linux-gnu/libFLAC.so.8.2.0
7f2bc08d8000-7f2bc08d9000 r--p 0004a000 08:01 264365                     /usr/lib/x86_64-linux-gnu/libFLAC.so.8.2.0
7f2bc08d9000-7f2bc08da000 rw-p 0004b000 08:01 264365                     /usr/lib/x86_64-linux-gnu/libFLAC.so.8.2.0
7f2bc08da000-7f2bc08de000 r-xp 00000000 08:01 916163                     /lib/x86_64-linux-gnu/libuuid.so.1.3.0
7f2bc08de000-7f2bc0add000 ---p 00004000 08:01 916163                     /lib/x86_64-linux-gnu/libuuid.so.1.3.0
7f2bc0add000-7f2bc0ade000 r--p 00003000 08:01 916163                     /lib/x86_64-linux-gnu/libuuid.so.1.3.0
7f2bc0ade000-7f2bc0adf000 rw-p 00004000 08:01 916163                     /lib/x86_64-linux-gnu/libuuid.so.1.3.0
7f2bc0adf000-7f2bc0ae3000 r-xp 00000000 08:01 916027                     /lib/x86_64-linux-gnu/libattr.so.1.1.0
7f2bc0ae3000-7f2bc0ce2000 ---p 00004000 08:01 916027                     /lib/x86_64-linux-gnu/libattr.so.1.1.0
7f2bc0ce2000-7f2bc0ce3000 r--p 00003000 08:01 916027                     /lib/x86_64-linux-gnu/libattr.so.1.1.0
7f2bc0ce3000-7f2bc0ce4000 rw-p 00004000 08:01 916027                     /lib/x86_64-linux-gnu/libattr.so.1.1.0
7f2bc0ce4000-7f2bc0ce9000 r-xp 00000000 08:01 264468                     /usr/lib/x86_64-linux-gnu/libasyncns.so.0.3.1
7f2bc0ce9000-7f2bc0ee8000 ---p 00005000 08:01 264468                     /usr/lib/x86_64-linux-gnu/libasyncns.so.0.3.1
7f2bc0ee8000-7f2bc0ee9000 rw-p 00004000 08:01 264468                     /usr/lib/x86_64-linux-gnu/libasyncns.so.0.3.1
7f2bc0ee9000-7f2bc0f4a000 r-xp 00000000 08:01 265087                     /usr/lib/x86_64-linux-gnu/libsndfile.so.1.0.25
7f2bc0f4a000-7f2bc1149000 ---p 00061000 08:01 265087                     /usr/lib/x86_64-linux-gnu/libsndfile.so.1.0.25
7f2bc1149000-7f2bc114b000 r--p 00060000 08:01 265087                     /usr/lib/x86_64-linux-gnu/libsndfile.so.1.0.25
7f2bc114b000-7f2bc114c000 rw-p 00062000 08:01 265087                     /usr/lib/x86_64-linux-gnu/libsndfile.so.1.0.25
7f2bc114c000-7f2bc1150000 rw-p 00000000 00:00 0 
7f2bc1150000-7f2bc1159000 r-xp 00000000 08:01 916165                     /lib/x86_64-linux-gnu/libwrap.so.0.7.6
7f2bc1159000-7f2bc1358000 ---p 00009000 08:01 916165                     /lib/x86_64-linux-gnu/libwrap.so.0.7.6
7f2bc1358000-7f2bc1359000 r--p 00008000 08:01 916165                     /lib/x86_64-linux-gnu/libwrap.so.0.7.6
7f2bc1359000-7f2bc135a000 rw-p 00009000 08:01 916165                     /lib/x86_64-linux-gnu/libwrap.so.0.7.6
7f2bc135a000-7f2bc135b000 rw-p 00000000 00:00 0 
7f2bc135b000-7f2bc1362000 r-xp 00000000 08:01 264394                     /usr/lib/x86_64-linux-gnu/libSM.so.6.0.1
7f2bc1362000-7f2bc1561000 ---p 00007000 08:01 264394                     /usr/lib/x86_64-linux-gnu/libSM.so.6.0.1
7f2bc1561000-7f2bc1562000 rw-p 00006000 08:01 264394                     /usr/lib/x86_64-linux-gnu/libSM.so.6.0.1
7f2bc1562000-7f2bc1579000 r-xp 00000000 08:01 264375                     /usr/lib/x86_64-linux-gnu/libICE.so.6.3.0
7f2bc1579000-7f2bc1778000 ---p 00017000 08:01 264375                     /usr/lib/x86_64-linux-gnu/libICE.so.6.3.0
7f2bc1778000-7f2bc177a000 rw-p 00016000 08:01 264375                     /usr/lib/x86_64-linux-gnu/libICE.so.6.3.0
7f2bc177a000-7f2bc177d000 rw-p 00000000 00:00 0 
7f2bc177d000-7f2bc177e000 r-xp 00000000 08:01 272883                     /usr/lib/x86_64-linux-gnu/libX11-xcb.so.1.0.0
7f2bc177e000-7f2bc197d000 ---p 00001000 08:01 272883                     /usr/lib/x86_64-linux-gnu/libX11-xcb.so.1.0.0
7f2bc197d000-7f2bc197e000 rw-p 00000000 08:01 272883                     /usr/lib/x86_64-linux-gnu/libX11-xcb.so.1.0.0
7f2bc197e000-7f2bc1982000 r-xp 00000000 08:01 916038                     /lib/x86_64-linux-gnu/libcap.so.2.22
7f2bc1982000-7f2bc1b81000 ---p 00004000 08:01 916038                     /lib/x86_64-linux-gnu/libcap.so.2.22
7f2bc1b81000-7f2bc1b82000 rw-p 00003000 08:01 916038                     /lib/x86_64-linux-gnu/libcap.so.2.22
7f2bc1b82000-7f2bc1bc6000 r-xp 00000000 08:01 916060                     /lib/x86_64-linux-gnu/libdbus-1.so.3.7.2
7f2bc1bc6000-7f2bc1dc6000 ---p 00044000 08:01 916060                     /lib/x86_64-linux-gnu/libdbus-1.so.3.7.2
7f2bc1dc6000-7f2bc1dc7000 r--p 00044000 08:01 916060                     /lib/x86_64-linux-gnu/libdbus-1.so.3.7.2
7f2bc1dc7000-7f2bc1dc8000 rw-p 00045000 08:01 916060                     /lib/x86_64-linux-gnu/libdbus-1.so.3.7.2
7f2bc1dc8000-7f2bc1e29000 r-xp 00000000 08:01 265339                     /usr/lib/x86_64-linux-gnu/pulseaudio/libpulsecommon-2.0.so
7f2bc1e29000-7f2bc2028000 ---p 00061000 08:01 265339                     /usr/lib/x86_64-linux-gnu/pulseaudio/libpulsecommon-2.0.so
7f2bc2028000-7f2bc2029000 r--p 00060000 08:01 265339                     /usr/lib/x86_64-linux-gnu/pulseaudio/libpulsecommon-2.0.so
7f2bc2029000-7f2bc202b000 rw-p 00061000 08:01 265339                     /usr/lib/x86_64-linux-gnu/pulseaudio/libpulsecommon-2.0.so
7f2bc202b000-7f2bc2034000 r-xp 00000000 08:01 916072                     /lib/x86_64-linux-gnu/libjson.so.0.1.0
7f2bc2034000-7f2bc2233000 ---p 00009000 08:01 916072                     /lib/x86_64-linux-gnu/libjson.so.0.1.0
7f2bc2233000-7f2bc2234000 r--p 00008000 08:01 916072                     /lib/x86_64-linux-gnu/libjson.so.0.1.0
7f2bc2234000-7f2bc2235000 rw-p 00009000 08:01 916072                     /lib/x86_64-linux-gnu/libjson.so.0.1.0
7f2bc2235000-7f2bc227e000 r-xp 00000000 08:01 265053                     /usr/lib/x86_64-linux-gnu/libpulse.so.0.14.2
7f2bc227e000-7f2bc247d000 ---p 00049000 08:01 265053                     /usr/lib/x86_64-linux-gnu/libpulse.so.0.14.2
7f2bc247d000-7f2bc247e000 r--p 00048000 08:01 265053                     /usr/lib/x86_64-linux-gnu/libpulse.so.0.14.2
7f2bc247e000-7f2bc247f000 rw-p 00049000 08:01 265053                     /usr/lib/x86_64-linux-gnu/libpulse.so.0.14.2
7f2bc25d7000-7f2bc25da000 ---p 00000000 00:00 0 
7f2bc25da000-7f2bc26d8000 rw-p 00000000 00:00 0 
7f2bc26d8000-7f2bc26dc000 r-xp 00000000 08:01 273334                     /usr/lib/x86_64-linux-gnu/libXxf86vm.so.1.0.0
7f2bc26dc000-7f2bc28dc000 ---p 00004000 08:01 273334                     /usr/lib/x86_64-linux-gnu/libXxf86vm.so.1.0.0
7f2bc28dc000-7f2bc28dd000 r--p 00004000 08:01 273334                     /usr/lib/x86_64-linux-gnu/libXxf86vm.so.1.0.0
7f2bc28dd000-7f2bc28de000 rw-p 00005000 08:01 273334                     /usr/lib/x86_64-linux-gnu/libXxf86vm.so.1.0.0
7f2bc28de000-7f2bc28e5000 r-xp 00000000 08:01 265883                     /usr/lib/x86_64-linux-gnu/libXrandr.so.2.2.0
7f2bc28e5000-7f2bc2ae5000 ---p 00007000 08:01 265883                     /usr/lib/x86_64-linux-gnu/libXrandr.so.2.2.0
7f2bc2ae5000-7f2bc2ae6000 rw-p 00007000 08:01 265883                     /usr/lib/x86_64-linux-gnu/libXrandr.so.2.2.0
7f2bc2ae6000-7f2bc2b52000 r-xp 00000000 08:01 551355                     /tmp/libgdxnemo9955/7b43be9b/liblwjgl64.so (deleted)
7f2bc2b52000-7f2bc2d51000 ---p 0006c000 08:01 551355                     /tmp/libgdxnemo9955/7b43be9b/liblwjgl64.so (deleted)
7f2bc2d51000-7f2bc2d53000 r--p 0006b000 08:01 551355                     /tmp/libgdxnemo9955/7b43be9b/liblwjgl64.so (deleted)
7f2bc2d53000-7f2bc2d54000 rw-p 0006d000 08:01 551355                     /tmp/libgdxnemo9955/7b43be9b/liblwjgl64.so (deleted)
7f2bc2d54000-7f2bc2d55000 r-xp 00000000 08:01 144229                     /usr/lib/jvm/java-6-openjdk-amd64/jre/lib/amd64/libjawt.so
7f2bc2d55000-7f2bc2f54000 ---p 00001000 08:01 144229                     /usr/lib/jvm/java-6-openjdk-amd64/jre/lib/amd64/libjawt.so
7f2bc2f54000-7f2bc2f55000 rw-p 00000000 08:01 144229                     /usr/lib/jvm/java-6-openjdk-amd64/jre/lib/amd64/libjawt.so
7f2bc2f55000-7f2bc2f58000 ---p 00000000 00:00 0 
7f2bc2f58000-7f2bc3056000 rw-p 00000000 00:00 0 
7f2bc3056000-7f2bc305f000 r--s 00000000 08:01 278568                     /var/cache/fontconfig/6d41288fd70b0be22e8c3a91e032eec0-le64.cache-3
7f2bc305f000-7f2bc308d000 r--s 00000000 08:01 271260                     /var/cache/fontconfig/365b55f210c0a22e9a19e35191240f32-le64.cache-3
7f2bc30a7000-7f2bc30c4000 rw-s 36c61000 00:05 5680                       /dev/nvidia0
7f2bc30c4000-7f2bc30c9000 r-xp 00000000 08:01 273531                     /usr/lib/x86_64-linux-gnu/libXfixes.so.3.1.0
7f2bc30c9000-7f2bc32c8000 ---p 00005000 08:01 273531                     /usr/lib/x86_64-linux-gnu/libXfixes.so.3.1.0
7f2bc32c8000-7f2bc32c9000 r--p 00004000 08:01 273531                     /usr/lib/x86_64-linux-gnu/libXfixes.so.3.1.0
7f2bc32c9000-7f2bc32ca000 rw-p 00005000 08:01 273531                     /usr/lib/x86_64-linux-gnu/libXfixes.so.3.1.0
7f2bc32ca000-7f2bc32d4000 r-xp 00000000 08:01 264474                     /usr/lib/x86_64-linux-gnu/libXcursor.so.1.0.2
7f2bc32d4000-7f2bc34d3000 ---p 0000a000 08:01 264474                     /usr/lib/x86_64-linux-gnu/libXcursor.so.1.0.2
7f2bc34d3000-7f2bc34d4000 rw-p 00009000 08:01 264474                     /usr/lib/x86_64-linux-gnu/libXcursor.so.1.0.2
7f2bc34e4000-7f2bc34e6000 rw-p 00000000 00:00 0 
7f2bc34e6000-7f2bc34e8000 rw-s 00000000 08:01 281934                     /tmp/glH78EXa (deleted)
7f2bc34ee000-7f2bc3587000 r-xp 00000000 08:01 264650                     /usr/lib/x86_64-linux-gnu/libfreetype.so.6.8.1
7f2bc3587000-7f2bc3786000 ---p 00099000 08:01 264650                     /usr/lib/x86_64-linux-gnu/libfreetype.so.6.8.1
7f2bc3786000-7f2bc378c000 r--p 00098000 08:01 264650                     /usr/lib/x86_64-linux-gnu/libfreetype.so.6.8.1
7f2bc378c000-7f2bc378d000 rw-p 0009e000 08:01 264650                     /usr/lib/x86_64-linux-gnu/libfreetype.so.6.8.1
7f2bc378d000-7f2bc37d5000 r-xp 00000000 08:01 144223                     /usr/lib/jvm/java-6-openjdk-amd64/jre/lib/amd64/libfontmanager.so
7f2bc37d5000-7f2bc39d5000 ---p 00048000 08:01 144223                     /usr/lib/jvm/java-6-openjdk-amd64/jre/lib/amd64/libfontmanager.so
7f2bc39d5000-7f2bc39d8000 rw-p 00048000 08:01 144223                     /usr/lib/jvm/java-6-openjdk-amd64/jre/lib/amd64/libfontmanager.so
7f2bc39d8000-7f2bc39dd000 r-xp 00000000 08:01 264417                     /usr/lib/x86_64-linux-gnu/libXdmcp.so.6.0.0
7f2bc39dd000-7f2bc3bdc000 ---p 00005000 08:01 264417                     /usr/lib/x86_64-linux-gnu/libXdmcp.so.6.0.0
7f2bc3bdc000-7f2bc3bdd000 rw-p 00004000 08:01 264417                     /usr/lib/x86_64-linux-gnu/libXdmcp.so.6.0.0
7f2bc3bdd000-7f2bc3bdf000 r-xp 00000000 08:01 264406                     /usr/lib/x86_64-linux-gnu/libXau.so.6.0.0
7f2bc3bdf000-7f2bc3ddf000 ---p 00002000 08:01 264406                     /usr/lib/x86_64-linux-gnu/libXau.so.6.0.0
7f2bc3ddf000-7f2bc3de0000 rw-p 00002000 08:01 264406                     /usr/lib/x86_64-linux-gnu/libXau.so.6.0.0
7f2bc3de0000-7f2bc3dff000 r-xp 00000000 08:01 265852                     /usr/lib/x86_64-linux-gnu/libxcb.so.1.1.0
7f2bc3dff000-7f2bc3ffe000 ---p 0001f000 08:01 265852                     /usr/lib/x86_64-linux-gnu/libxcb.so.1.1.0
7f2bc3ffe000-7f2bc3fff000 r--p 0001e000 08:01 265852                     /usr/lib/x86_64-linux-gnu/libxcb.so.1.1.0
7f2bc3fff000-7f2bc4000000 rw-p 0001f000 08:01 265852                     /usr/lib/x86_64-linux-gnu/libxcb.so.1.1.0
7f2bc4000000-7f2bc4817000 rw-p 00000000 00:00 0 
7f2bc4817000-7f2bc8000000 ---p 00000000 00:00 0 
7f2bc8000000-7f2bc8004000 rw-s 2d042000 00:05 5680                       /dev/nvidia0
7f2bc8007000-7f2bc8008000 rw-s fd060000 00:05 5680                       /dev/nvidia0
7f2bc8008000-7f2bc800f000 r--s 00000000 08:01 282750                     /usr/lib/x86_64-linux-gnu/gconv/gconv-modules.cache
7f2bc800f000-7f2bc8018000 r--s 00000000 08:01 277048                     /var/cache/fontconfig/945677eb7aeaf62f1d50efc3fb3ec7d8-le64.cache-3
7f2bc8018000-7f2bc801d000 r--s 00000000 08:01 271253                     /var/cache/fontconfig/6eb3985aa4124903f6ff08ba781cd364-le64.cache-3
7f2bc801d000-7f2bc8020000 r--s 00000000 08:01 271247                     /var/cache/fontconfig/c57959a16110560c8d0fcea73374aeeb-le64.cache-3
7f2bc8020000-7f2bc8025000 r--s 00000000 08:01 271264                     /var/cache/fontconfig/3047814df9a2f067bd2d96a2b9c36e5a-le64.cache-3
7f2bc8025000-7f2bc8036000 r--s 00000000 08:01 271249                     /var/cache/fontconfig/d52a8644073d54c13679302ca1180695-le64.cache-3
7f2bc8036000-7f2bc803d000 r--s 00000000 08:01 271258                     /var/cache/fontconfig/3f7329c5293ffd510edef78f73874cfd-le64.cache-3
7f2bc803d000-7f2bc803f000 r--s 00000000 08:01 271267                     /var/cache/fontconfig/e13b20fdb08344e0e664864cc2ede53d-le64.cache-3
7f2bc803f000-7f2bc8048000 r--s 00000000 08:01 277048                     /var/cache/fontconfig/945677eb7aeaf62f1d50efc3fb3ec7d8-le64.cache-3
7f2bc8048000-7f2bc804d000 r--s 00000000 08:01 271253                     /var/cache/fontconfig/6eb3985aa4124903f6ff08ba781cd364-le64.cache-3
7f2bc804d000-7f2bc8056000 r--s 00000000 08:01 278568                     /var/cache/fontconfig/6d41288fd70b0be22e8c3a91e032eec0-le64.cache-3
7f2bc8056000-7f2bc8084000 r--s 00000000 08:01 271260                     /var/cache/fontconfig/365b55f210c0a22e9a19e35191240f32-le64.cache-3
7f2bc8084000-7f2bc8087000 r--s 00000000 08:01 271247                     /var/cache/fontconfig/c57959a16110560c8d0fcea73374aeeb-le64.cache-3
7f2bc8087000-7f2bc808c000 r--s 00000000 08:01 271264                     /var/cache/fontconfig/3047814df9a2f067bd2d96a2b9c36e5a-le64.cache-3
7f2bc808c000-7f2bc808f000 ---p 00000000 00:00 0 
7f2bc808f000-7f2bc818d000 rw-p 00000000 00:00 0 
7f2bc818d000-7f2bc819b000 r-xp 00000000 08:01 265075                     /usr/lib/x86_64-linux-gnu/libXi.so.6.1.0
7f2bc819b000-7f2bc839b000 ---p 0000e000 08:01 265075                     /usr/lib/x86_64-linux-gnu/libXi.so.6.1.0
7f2bc839b000-7f2bc839c000 rw-p 0000e000 08:01 265075                     /usr/lib/x86_64-linux-gnu/libXi.so.6.1.0
7f2bc839c000-7f2bc83a1000 r-xp 00000000 08:01 274483                     /usr/lib/x86_64-linux-gnu/libXtst.so.6.1.0
7f2bc83a1000-7f2bc85a0000 ---p 00005000 08:01 274483                     /usr/lib/x86_64-linux-gnu/libXtst.so.6.1.0
7f2bc85a0000-7f2bc85a1000 rw-p 00004000 08:01 274483                     /usr/lib/x86_64-linux-gnu/libXtst.so.6.1.0
7f2bc85a1000-7f2bc85aa000 r-xp 00000000 08:01 264343                     /usr/lib/x86_64-linux-gnu/libXrender.so.1.3.0
7f2bc85aa000-7f2bc87a9000 ---p 00009000 08:01 264343                     /usr/lib/x86_64-linux-gnu/libXrender.so.1.3.0
7f2bc87a9000-7f2bc87aa000 rw-p 00008000 08:01 264343                     /usr/lib/x86_64-linux-gnu/libXrender.so.1.3.0
7f2bc87aa000-7f2bc88df000 r-xp 00000000 08:01 265870                     /usr/lib/x86_64-linux-gnu/libX11.so.6.3.0
7f2bc88df000-7f2bc8adf000 ---p 00135000 08:01 265870                     /usr/lib/x86_64-linux-gnu/libX11.so.6.3.0
7f2bc8adf000-7f2bc8ae5000 rw-p 00135000 08:01 265870                     /usr/lib/x86_64-linux-gnu/libX11.so.6.3.0
7f2bc8ae5000-7f2bc8af6000 r-xp 00000000 08:01 264595                     /usr/lib/x86_64-linux-gnu/libXext.so.6.4.0
7f2bc8af6000-7f2bc8cf6000 ---p 00011000 08:01 264595                     /usr/lib/x86_64-linux-gnu/libXext.so.6.4.0
7f2bc8cf6000-7f2bc8cf7000 rw-p 00011000 08:01 264595                     /usr/lib/x86_64-linux-gnu/libXext.so.6.4.0
7f2bc8cf7000-7f2bc8d08000 r--s 00000000 08:01 271249                     /var/cache/fontconfig/d52a8644073d54c13679302ca1180695-le64.cache-3
7f2bc8d08000-7f2bc8d0f000 r--s 00000000 08:01 271258                     /var/cache/fontconfig/3f7329c5293ffd510edef78f73874cfd-le64.cache-3
7f2bc8d0f000-7f2bc8d11000 r--s 00000000 08:01 271267                     /var/cache/fontconfig/e13b20fdb08344e0e664864cc2ede53d-le64.cache-3
7f2bc8d11000-7f2bc8d5e000 r-xp 00000000 08:01 144391                     /usr/lib/jvm/java-6-openjdk-amd64/jre/lib/amd64/xawt/libmawt.so
7f2bc8d5e000-7f2bc8f5d000 ---p 0004d000 08:01 144391                     /usr/lib/jvm/java-6-openjdk-amd64/jre/lib/amd64/xawt/libmawt.so
7f2bc8f5d000-7f2bc8f61000 rw-p 0004c000 08:01 144391                     /usr/lib/jvm/java-6-openjdk-amd64/jre/lib/amd64/xawt/libmawt.so
7f2bc8f61000-7f2bc8f62000 rw-p 00000000 00:00 0 
7f2bc8f62000-7f2bc9012000 r-xp 00000000 08:01 144230                     /usr/lib/jvm/java-6-openjdk-amd64/jre/lib/amd64/libawt.so
7f2bc9012000-7f2bc9211000 ---p 000b0000 08:01 144230                     /usr/lib/jvm/java-6-openjdk-amd64/jre/lib/amd64/libawt.so
7f2bc9211000-7f2bc921d000 rw-p 000af000 08:01 144230                     /usr/lib/jvm/java-6-openjdk-amd64/jre/lib/amd64/libawt.so
7f2bc921d000-7f2bc9241000 rw-p 00000000 00:00 0 
7f2bc9241000-7f2bc92b0000 r-xp 00000000 08:01 551337                     /tmp/libgdxnemo9955/b4a54a2/libgdx64.so
7f2bc92b0000-7f2bc94af000 ---p 0006f000 08:01 551337                     /tmp/libgdxnemo9955/b4a54a2/libgdx64.so
7f2bc94af000-7f2bc94b1000 r--p 0006e000 08:01 551337                     /tmp/libgdxnemo9955/b4a54a2/libgdx64.so
7f2bc94b1000-7f2bc94b2000 rw-p 00070000 08:01 551337                     /tmp/libgdxnemo9955/b4a54a2/libgdx64.so
7f2bc94b2000-7f2bc94b3000 rw-p 00000000 00:00 0 
7f2bc94b3000-7f2bc94ba000 r--s 000fc000 08:01 143749                     /usr/lib/jvm/java-6-openjdk-common/jre/lib/resources.jar
7f2bc94ba000-7f2bc94bb000 r--s 00127000 08:06 9437307                    /home/nemo9955/CodeStation/proiecte/Garden_Revolution/Garden_Revolution-desktop/libs/gdx-natives.jar
7f2bc94bb000-7f2bc94bc000 r--s 00004000 08:06 9437342                    /home/nemo9955/CodeStation/proiecte/Garden_Revolution/Garden_Revolution-desktop/libs/gdx-controllers-desktop.jar
7f2bc94bc000-7f2bc94bd000 r--s 00100000 08:06 9437237                    /home/nemo9955/CodeStation/proiecte/Garden_Revolution/Garden_Revolution-desktop/libs/gdx-controllers-desktop-natives.jar
7f2bc94bd000-7f2bc94ce000 r--s 0012b000 08:06 9437394                    /home/nemo9955/CodeStation/proiecte/Garden_Revolution/Garden_Revolution-desktop/libs/gdx-backend-lwjgl.jar
7f2bc94ce000-7f2bc94d5000 r--s 0004c000 08:06 9437312                    /home/nemo9955/CodeStation/proiecte/Garden_Revolution/Garden_Revolution-main/libs/kryonet-2.21-all.jar
7f2bc94d5000-7f2bc94d6000 ---p 00000000 00:00 0 
7f2bc94d6000-7f2bc95d6000 rw-p 00000000 00:00 0 
7f2bc95d6000-7f2bc95d9000 ---p 00000000 00:00 0 
7f2bc95d9000-7f2bc96d7000 rw-p 00000000 00:00 0 
7f2bc96d7000-7f2bc96da000 ---p 00000000 00:00 0 
7f2bc96da000-7f2bc97d8000 rw-p 00000000 00:00 0 
7f2bc97d8000-7f2bc97db000 ---p 00000000 00:00 0 
7f2bc97db000-7f2bc98d9000 rw-p 00000000 00:00 0 
7f2bc98d9000-7f2bc98dc000 ---p 00000000 00:00 0 
7f2bc98dc000-7f2bc99da000 rw-p 00000000 00:00 0 
7f2bc99da000-7f2bc9b51000 r--p 00000000 08:01 139605                     /usr/lib/locale/locale-archive
7f2bc9b51000-7f2bc9b54000 ---p 00000000 00:00 0 
7f2bc9b54000-7f2bc9c52000 rw-p 00000000 00:00 0 
7f2bc9c52000-7f2bc9c55000 ---p 00000000 00:00 0 
7f2bc9c55000-7f2bc9d53000 rw-p 00000000 00:00 0 
7f2bc9d53000-7f2bc9d54000 ---p 00000000 00:00 0 
7f2bc9d54000-7f2bca18a000 rw-p 00000000 00:00 0 
7f2bca18a000-7f2bca31e000 r--s 03807000 08:01 144270                     /usr/lib/jvm/java-6-openjdk-amd64/jre/lib/rt.jar
7f2bca31e000-7f2bca346000 rw-p 00000000 00:00 0 
7f2bca346000-7f2bca347000 ---p 00000000 00:00 0 
7f2bca347000-7f2bca447000 rw-p 00000000 00:00 0 
7f2bca447000-7f2bca448000 ---p 00000000 00:00 0 
7f2bca448000-7f2bca553000 rw-p 00000000 00:00 0 
7f2bca553000-7f2bca59b000 rw-p 00000000 00:00 0 
7f2bca59b000-7f2bca5ac000 rw-p 00000000 00:00 0 
7f2bca5ac000-7f2bca6a7000 rw-p 00000000 00:00 0 
7f2bca6a7000-7f2bca6b2000 rw-p 00000000 00:00 0 
7f2bca6b2000-7f2bca6fa000 rw-p 00000000 00:00 0 
7f2bca6fa000-7f2bca70b000 rw-p 00000000 00:00 0 
7f2bca70b000-7f2bca806000 rw-p 00000000 00:00 0 
7f2bca806000-7f2bca80f000 rw-p 00000000 00:00 0 
7f2bca80f000-7f2bca88c000 rw-p 00000000 00:00 0 
7f2bca88c000-7f2bca88d000 rw-p 00000000 00:00 0 
7f2bca88d000-7f2bcaafd000 rwxp 00000000 00:00 0 
7f2bcaafd000-7f2bcd88d000 rw-p 00000000 00:00 0 
7f2bcd88d000-7f2bcd894000 r-xp 00000000 08:01 144259                     /usr/lib/jvm/java-6-openjdk-amd64/jre/lib/amd64/libzip.so
7f2bcd894000-7f2bcda93000 ---p 00007000 08:01 144259                     /usr/lib/jvm/java-6-openjdk-amd64/jre/lib/amd64/libzip.so
7f2bcda93000-7f2bcda94000 rw-p 00006000 08:01 144259                     /usr/lib/jvm/java-6-openjdk-amd64/jre/lib/amd64/libzip.so
7f2bcda94000-7f2bcda9f000 r-xp 00000000 08:01 916446                     /lib/x86_64-linux-gnu/libnss_files-2.13.so
7f2bcda9f000-7f2bcdc9e000 ---p 0000b000 08:01 916446                     /lib/x86_64-linux-gnu/libnss_files-2.13.so
7f2bcdc9e000-7f2bcdc9f000 r--p 0000a000 08:01 916446                     /lib/x86_64-linux-gnu/libnss_files-2.13.so
7f2bcdc9f000-7f2bcdca0000 rw-p 0000b000 08:01 916446                     /lib/x86_64-linux-gnu/libnss_files-2.13.so
7f2bcdca0000-7f2bcdcaa000 r-xp 00000000 08:01 916442                     /lib/x86_64-linux-gnu/libnss_nis-2.13.so
7f2bcdcaa000-7f2bcdea9000 ---p 0000a000 08:01 916442                     /lib/x86_64-linux-gnu/libnss_nis-2.13.so
7f2bcdea9000-7f2bcdeaa000 r--p 00009000 08:01 916442                     /lib/x86_64-linux-gnu/libnss_nis-2.13.so
7f2bcdeaa000-7f2bcdeab000 rw-p 0000a000 08:01 916442                     /lib/x86_64-linux-gnu/libnss_nis-2.13.so
7f2bcdeab000-7f2bcdeb2000 r-xp 00000000 08:01 916435                     /lib/x86_64-linux-gnu/libnss_compat-2.13.so
7f2bcdeb2000-7f2bce0b1000 ---p 00007000 08:01 916435                     /lib/x86_64-linux-gnu/libnss_compat-2.13.so
7f2bce0b1000-7f2bce0b2000 r--p 00006000 08:01 916435                     /lib/x86_64-linux-gnu/libnss_compat-2.13.so
7f2bce0b2000-7f2bce0b3000 rw-p 00007000 08:01 916435                     /lib/x86_64-linux-gnu/libnss_compat-2.13.so
7f2bce0b3000-7f2bce0c8000 r-xp 00000000 08:01 916440                     /lib/x86_64-linux-gnu/libnsl-2.13.so
7f2bce0c8000-7f2bce2c7000 ---p 00015000 08:01 916440                     /lib/x86_64-linux-gnu/libnsl-2.13.so
7f2bce2c7000-7f2bce2c8000 r--p 00014000 08:01 916440                     /lib/x86_64-linux-gnu/libnsl-2.13.so
7f2bce2c8000-7f2bce2c9000 rw-p 00015000 08:01 916440                     /lib/x86_64-linux-gnu/libnsl-2.13.so
7f2bce2c9000-7f2bce2cb000 rw-p 00000000 00:00 0 
7f2bce2cb000-7f2bce2f9000 r-xp 00000000 08:01 144245                     /usr/lib/jvm/java-6-openjdk-amd64/jre/lib/amd64/libjava.so
7f2bce2f9000-7f2bce4f8000 ---p 0002e000 08:01 144245                     /usr/lib/jvm/java-6-openjdk-amd64/jre/lib/amd64/libjava.so
7f2bce4f8000-7f2bce4fc000 rw-p 0002d000 08:01 144245                     /usr/lib/jvm/java-6-openjdk-amd64/jre/lib/amd64/libjava.so
7f2bce4fc000-7f2bce50b000 r-xp 00000000 08:01 144228                     /usr/lib/jvm/java-6-openjdk-amd64/jre/lib/amd64/libverify.so
7f2bce50b000-7f2bce70a000 ---p 0000f000 08:01 144228                     /usr/lib/jvm/java-6-openjdk-amd64/jre/lib/amd64/libverify.so
7f2bce70a000-7f2bce70c000 rw-p 0000e000 08:01 144228                     /usr/lib/jvm/java-6-openjdk-amd64/jre/lib/amd64/libverify.so
7f2bce70c000-7f2bce713000 r-xp 00000000 08:01 916450                     /lib/x86_64-linux-gnu/librt-2.13.so
7f2bce713000-7f2bce912000 ---p 00007000 08:01 916450                     /lib/x86_64-linux-gnu/librt-2.13.so
7f2bce912000-7f2bce913000 r--p 00006000 08:01 916450                     /lib/x86_64-linux-gnu/librt-2.13.so
7f2bce913000-7f2bce914000 rw-p 00007000 08:01 916450                     /lib/x86_64-linux-gnu/librt-2.13.so
7f2bce914000-7f2bce929000 r-xp 00000000 08:01 916059                     /lib/x86_64-linux-gnu/libgcc_s.so.1
7f2bce929000-7f2bceb29000 ---p 00015000 08:01 916059                     /lib/x86_64-linux-gnu/libgcc_s.so.1
7f2bceb29000-7f2bceb2a000 rw-p 00015000 08:01 916059                     /lib/x86_64-linux-gnu/libgcc_s.so.1
7f2bceb2a000-7f2bcebab000 r-xp 00000000 08:01 916437                     /lib/x86_64-linux-gnu/libm-2.13.so
7f2bcebab000-7f2bcedaa000 ---p 00081000 08:01 916437                     /lib/x86_64-linux-gnu/libm-2.13.so
7f2bcedaa000-7f2bcedab000 r--p 00080000 08:01 916437                     /lib/x86_64-linux-gnu/libm-2.13.so
7f2bcedab000-7f2bcedac000 rw-p 00081000 08:01 916437                     /lib/x86_64-linux-gnu/libm-2.13.so
7f2bcedac000-7f2bcee94000 r-xp 00000000 08:01 265105                     /usr/lib/x86_64-linux-gnu/libstdc++.so.6.0.17
7f2bcee94000-7f2bcf094000 ---p 000e8000 08:01 265105                     /usr/lib/x86_64-linux-gnu/libstdc++.so.6.0.17
7f2bcf094000-7f2bcf09c000 r--p 000e8000 08:01 265105                     /usr/lib/x86_64-linux-gnu/libstdc++.so.6.0.17
7f2bcf09c000-7f2bcf09e000 rw-p 000f0000 08:01 265105                     /usr/lib/x86_64-linux-gnu/libstdc++.so.6.0.17
7f2bcf09e000-7f2bcf0b3000 rw-p 00000000 00:00 0 
7f2bcf0b3000-7f2bcf9c7000 r-xp 00000000 08:01 144235                     /usr/lib/jvm/java-6-openjdk-amd64/jre/lib/amd64/server/libjvm.so
7f2bcf9c7000-7f2bcfbc6000 ---p 00914000 08:01 144235                     /usr/lib/jvm/java-6-openjdk-amd64/jre/lib/amd64/server/libjvm.so
7f2bcfbc6000-7f2bcfc62000 rw-p 00913000 08:01 144235                     /usr/lib/jvm/java-6-openjdk-amd64/jre/lib/amd64/server/libjvm.so
7f2bcfc62000-7f2bcfc8b000 rw-p 00000000 00:00 0 
7f2bcfc8b000-7f2bcfe0d000 r-xp 00000000 08:01 916430                     /lib/x86_64-linux-gnu/libc-2.13.so
7f2bcfe0d000-7f2bd000c000 ---p 00182000 08:01 916430                     /lib/x86_64-linux-gnu/libc-2.13.so
7f2bd000c000-7f2bd0010000 r--p 00181000 08:01 916430                     /lib/x86_64-linux-gnu/libc-2.13.so
7f2bd0010000-7f2bd0011000 rw-p 00185000 08:01 916430                     /lib/x86_64-linux-gnu/libc-2.13.so
7f2bd0011000-7f2bd0016000 rw-p 00000000 00:00 0 
7f2bd0016000-7f2bd0018000 r-xp 00000000 08:01 916444                     /lib/x86_64-linux-gnu/libdl-2.13.so
7f2bd0018000-7f2bd0218000 ---p 00002000 08:01 916444                     /lib/x86_64-linux-gnu/libdl-2.13.so
7f2bd0218000-7f2bd0219000 r--p 00002000 08:01 916444                     /lib/x86_64-linux-gnu/libdl-2.13.so
7f2bd0219000-7f2bd021a000 rw-p 00003000 08:01 916444                     /lib/x86_64-linux-gnu/libdl-2.13.so
7f2bd021a000-7f2bd021e000 r-xp 00000000 08:01 144232                     /usr/lib/jvm/java-6-openjdk-amd64/jre/lib/amd64/jli/libjli.so
7f2bd021e000-7f2bd041d000 ---p 00004000 08:01 144232                     /usr/lib/jvm/java-6-openjdk-amd64/jre/lib/amd64/jli/libjli.so
7f2bd041d000-7f2bd041e000 rw-p 00003000 08:01 144232                     /usr/lib/jvm/java-6-openjdk-amd64/jre/lib/amd64/jli/libjli.so
7f2bd041e000-7f2bd0435000 r-xp 00000000 08:01 916448                     /lib/x86_64-linux-gnu/libpthread-2.13.so
7f2bd0435000-7f2bd0634000 ---p 00017000 08:01 916448                     /lib/x86_64-linux-gnu/libpthread-2.13.so
7f2bd0634000-7f2bd0635000 r--p 00016000 08:01 916448                     /lib/x86_64-linux-gnu/libpthread-2.13.so
7f2bd0635000-7f2bd0636000 rw-p 00017000 08:01 916448                     /lib/x86_64-linux-gnu/libpthread-2.13.so
7f2bd0636000-7f2bd063a000 rw-p 00000000 00:00 0 
7f2bd063a000-7f2bd0650000 r-xp 00000000 08:01 916168                     /lib/x86_64-linux-gnu/libz.so.1.2.7
7f2bd0650000-7f2bd084f000 ---p 00016000 08:01 916168                     /lib/x86_64-linux-gnu/libz.so.1.2.7
7f2bd084f000-7f2bd0850000 r--p 00015000 08:01 916168                     /lib/x86_64-linux-gnu/libz.so.1.2.7
7f2bd0850000-7f2bd0851000 rw-p 00016000 08:01 916168                     /lib/x86_64-linux-gnu/libz.so.1.2.7
7f2bd0851000-7f2bd0871000 r-xp 00000000 08:01 32                         /lib64/ld-2.13.so
7f2bd0871000-7f2bd0873000 r--s 001a1000 08:06 9437380                    /home/nemo9955/CodeStation/proiecte/Garden_Revolution/Garden_Revolution-desktop/libs/gdx-backend-lwjgl-natives.jar
7f2bd0873000-7f2bd0876000 r--s 0000b000 08:06 9437369                    /home/nemo9955/CodeStation/proiecte/Garden_Revolution/Garden_Revolution-main/libs/tween-engine-api.jar
7f2bd0876000-7f2bd0879000 r--s 0007f000 08:01 143741                     /usr/lib/jvm/java-6-openjdk-common/jre/lib/jsse.jar
7f2bd0879000-7f2bd088f000 r--s 00157000 08:06 9437270                    /home/nemo9955/CodeStation/proiecte/Garden_Revolution/Garden_Revolution-main/libs/gdx.jar
7f2bd088f000-7f2bd0899000 rw-p 00000000 00:00 0 
7f2bd0899000-7f2bd094f000 rw-p 00000000 00:00 0 
7f2bd094f000-7f2bd0952000 ---p 00000000 00:00 0 
7f2bd0952000-7f2bd0a55000 rw-p 00000000 00:00 0 
7f2bd0a55000-7f2bd0a56000 r--s 00002000 08:06 9437214                    /home/nemo9955/CodeStation/proiecte/Garden_Revolution/Garden_Revolution-main/libs/gdx-controllers.jar
7f2bd0a56000-7f2bd0a5a000 r--s 00039000 08:01 143733                     /usr/lib/jvm/java-6-openjdk-common/jre/lib/ext/sunpkcs11.jar
7f2bd0a5a000-7f2bd0a5c000 r--s 0000f000 08:01 143734                     /usr/lib/jvm/java-6-openjdk-common/jre/lib/ext/pulse-java.jar
7f2bd0a5c000-7f2bd0a5f000 r--s 00031000 08:01 143736                     /usr/lib/jvm/java-6-openjdk-common/jre/lib/ext/sunjce_provider.jar
7f2bd0a5f000-7f2bd0a62000 r--s 00077000 08:01 143735                     /usr/lib/jvm/java-6-openjdk-common/jre/lib/ext/localedata.jar
7f2bd0a62000-7f2bd0a64000 r--s 00001000 08:01 143737                     /usr/lib/jvm/java-6-openjdk-common/jre/lib/ext/dnsns.jar
7f2bd0a64000-7f2bd0a65000 r--s 00007000 08:01 916596                     /usr/share/java/java-atk-wrapper.jar
7f2bd0a65000-7f2bd0a6d000 rw-s 00000000 08:01 400816                     /tmp/hsperfdata_nemo9955/6473
7f2bd0a6d000-7f2bd0a6e000 rw-p 00000000 00:00 0 
7f2bd0a6e000-7f2bd0a6f000 r--p 00000000 00:00 0 
7f2bd0a6f000-7f2bd0a70000 rw-p 00000000 00:00 0 
7f2bd0a70000-7f2bd0a71000 r--p 0001f000 08:01 32                         /lib64/ld-2.13.so
7f2bd0a71000-7f2bd0a72000 rw-p 00020000 08:01 32                         /lib64/ld-2.13.so
7f2bd0a72000-7f2bd0a73000 rw-p 00000000 00:00 0 
7fff922e6000-7fff92307000 rw-p 00000000 00:00 0                          [stack]
7fff92391000-7fff92392000 r-xp 00000000 00:00 0                          [vdso]
ffffffffff600000-ffffffffff601000 r-xp 00000000 00:00 0                  [vsyscall]

VM Arguments:
jvm_args: -Dfile.encoding=UTF-8 
java_command: com.nemo9955.garden_revolution.Main
Launcher Type: SUN_STANDARD

Environment Variables:
PATH=/home/nemo9955/bin:/usr/sbin:/sbin:/usr/local/bin:/usr/bin:/bin:/usr/local/games:/usr/games
LD_LIBRARY_PATH=/usr/lib/jvm/java-6-openjdk-amd64/jre/lib/amd64/server:/usr/lib/jvm/java-6-openjdk-amd64/jre/lib/amd64:/usr/lib/jvm/java-6-openjdk-amd64/jre/../lib/amd64
SHELL=/bin/bash
DISPLAY=:0.0

Signal Handlers:
SIGSEGV: [libjvm.so+0x791b10], sa_mask[0]=0x7ffbfeff, sa_flags=0x10000004
SIGBUS: [libjvm.so+0x791b10], sa_mask[0]=0x7ffbfeff, sa_flags=0x10000004
SIGFPE: [libjvm.so+0x65ace0], sa_mask[0]=0x7ffbfeff, sa_flags=0x10000004
SIGPIPE: [libjvm.so+0x65ace0], sa_mask[0]=0x7ffbfeff, sa_flags=0x10000004
SIGXFSZ: [libjvm.so+0x65ace0], sa_mask[0]=0x7ffbfeff, sa_flags=0x10000004
SIGILL: [libjvm.so+0x65ace0], sa_mask[0]=0x7ffbfeff, sa_flags=0x10000004
SIGUSR1: SIG_DFL, sa_mask[0]=0x00000000, sa_flags=0x00000000
SIGUSR2: [libjvm.so+0x65aec0], sa_mask[0]=0x00000004, sa_flags=0x10000004
SIGHUP: [libjvm.so+0x65d500], sa_mask[0]=0x7ffbfeff, sa_flags=0x10000004
SIGINT: [libjvm.so+0x65d500], sa_mask[0]=0x7ffbfeff, sa_flags=0x10000004
SIGTERM: [libjvm.so+0x65d500], sa_mask[0]=0x7ffbfeff, sa_flags=0x10000004
SIGQUIT: [libjvm.so+0x65d500], sa_mask[0]=0x7ffbfeff, sa_flags=0x10000004


---------------  S Y S T E M  ---------------

OS:7.3

uname:Linux 3.2.0-4-amd64 #1 SMP Debian 3.2.51-1 x86_64
libc:glibc 2.13 NPTL 2.13 
rlimit: STACK 8192k, CORE 0k, NPROC 25587, NOFILE 4096, AS infinity
load average:0.46 0.54 0.63

/proc/meminfo:
MemTotal:        3287396 kB
MemFree:          534444 kB
Buffers:           11228 kB
Cached:           293620 kB
SwapCached:         4776 kB
Active:          1937016 kB
Inactive:         583036 kB
Active(anon):    1785332 kB
Inactive(anon):   439608 kB
Active(file):     151684 kB
Inactive(file):   143428 kB
Unevictable:           0 kB
Mlocked:               0 kB
SwapTotal:       3025916 kB
SwapFree:        2902164 kB
Dirty:              2116 kB
Writeback:             0 kB
AnonPages:       2211628 kB
Mapped:           203412 kB
Shmem:              9736 kB
Slab:              78216 kB
SReclaimable:      46244 kB
SUnreclaim:        31972 kB
KernelStack:        4064 kB
PageTables:        26240 kB
NFS_Unstable:          0 kB
Bounce:                0 kB
WritebackTmp:          0 kB
CommitLimit:     4669612 kB
Committed_AS:    4414316 kB
VmallocTotal:   34359738367 kB
VmallocUsed:      315844 kB
VmallocChunk:   34359419900 kB
HardwareCorrupted:     0 kB
AnonHugePages:         0 kB
HugePages_Total:       0
HugePages_Free:        0
HugePages_Rsvd:        0
HugePages_Surp:        0
Hugepagesize:       2048 kB
DirectMap4k:      546496 kB
DirectMap2M:     2795520 kB


CPU:total 2 (2 cores per cpu, 1 threads per core) family 6 model 23 stepping 10, cmov, cx8, fxsr, mmx, sse, sse2, sse3, ssse3, sse4.1

Memory: 4k page, physical 3287396k(534444k free), swap 3025916k(2902164k free)

vm_info: OpenJDK 64-Bit Server VM (20.0-b12) for linux-amd64 JRE (1.6.0_27-b27), built on Jul 12 2013 09:04:12 by "jmm" with gcc 4.7.2

time: Mon Feb 24 16:21:11 2014
elapsed time: 408 seconds

