#
# A fatal error has been detected by the Java Runtime Environment:
#
#  SIGBUS (0x7) at pc=0x00007fc140060c60, pid=4775, tid=140467785746176
#
# JRE version: 6.0_27-b27
# Java VM: OpenJDK 64-Bit Server VM (20.0-b12 mixed mode linux-amd64 compressed oops)
# Derivative: IcedTea6 1.12.6
# Distribution: Debian GNU/Linux 7.1 (wheezy), package 6b27-1.12.6-1~deb7u1
# Problematic frame:
# 
[error occurred during error reporting (printing problematic frame), id 0x7]

# If you would like to submit a bug report, please include
# instructions how to reproduce the bug and visit:
#   http://icedtea.classpath.org/bugzilla
# The crash happened outside the Java Virtual Machine in native code.
# See problematic frame for where to report the bug.
#

---------------  T H R E A D  ---------------

Current thread (0x00007fc13c1f1000):  JavaThread "LWJGL Application" [_thread_in_native, id=4823, stack(0x00007fc13468c000,0x00007fc13478d000)]

siginfo:si_signo=SIGBUS: si_errno=0, si_code=2 (BUS_ADRERR), si_addr=0x00007fc140060c60

Registers:
RAX=0x00000000c3e54b70, RBX=0x00000000c3e54b70, RCX=0x00000000c3eaa818, RDX=0x00007fc1441e38da
RSP=0x00007fc13478b758, RBP=0x00007fc13478b7a0, RSI=0x00007fc13478b790, RDI=0x00007fc13c1f11d0
R8 =0x0000000000000001, R9 =0x0000000000000001, R10=0x00007fc1442ab21e, R11=0x00007fc1442b6960
R12=0x0000000000000000, R13=0x00007fc13478b7d8, R14=0x00007fc13478b790, R15=0x00007fc13c1f1000
RIP=0x00007fc140060c60, EFLAGS=0x0000000000010246, CSGSFS=0x0000000000000033, ERR=0x0000000000000014
  TRAPNO=0x000000000000000e

Top of Stack: (sp=0x00007fc13478b758)
0x00007fc13478b758:   00007fc1442ab28c 00007fc1441f0298
0x00007fc13478b768:   00000000f02b6e10 0000000000000011
0x00007fc13478b778:   0000000000000000 00007fc13478b770
0x00007fc13478b788:   00000000c3e5f897 00000000c3e5ef98
0x00007fc13478b798:   00000000c3e90b38 00007fc13478b828
0x00007fc13478b7a8:   00007fc1442b6974 0000000000000000
0x00007fc13478b7b8:   00007fc13478b7d0 00007fc13478b828
0x00007fc13478b7c8:   00007fc1441e38da 00007fc1441e38da
0x00007fc13478b7d8:   0000007a2d189c11 00000000f02b6380
0x00007fc13478b7e8:   00007fc13478b7d8 00000000c3ea9559
0x00007fc13478b7f8:   00007fc13478b870 00000000c3eaa818
0x00007fc13478b808:   0000000000000000 00000000c3ea95c8
0x00007fc13478b818:   00007fc13478b7d8 00007fc13478b870
0x00007fc13478b828:   00007fc13478b8b8 00007fc1441e3db4
0x00007fc13478b838:   0000000000000000 0000000000000000
0x00007fc13478b848:   0000000000000000 00000000f02b6e30
0x00007fc13478b858:   00000000f02b6e10 00000000f02b6380
0x00007fc13478b868:   00000000f02b6380 00000000f0383368
0x00007fc13478b878:   00007fc13478b878 00000000c3ea61a3
0x00007fc13478b888:   00007fc13478b8c0 00000000c3ea7e00
0x00007fc13478b898:   0000000000000000 00000000c3ea61b8
0x00007fc13478b8a8:   00007fc13478b870 00007fc13478b8c8
0x00007fc13478b8b8:   00007fc13478b908 00007fc1441e38da
0x00007fc13478b8c8:   00007fc13478b8c8 00000000c3e49098
0x00007fc13478b8d8:   00007fc13478b918 00000000c3e905a8
0x00007fc13478b8e8:   0000000000000000 00000000c3e490b8
0x00007fc13478b8f8:   00007fc13478b8c8 00007fc13478b918
0x00007fc13478b908:   00007fc13478b970 00007fc1441e3db4
0x00007fc13478b918:   00000000f03831b8 0000000000000000
0x00007fc13478b928:   00000000f03631e8 00007fc13478b920
0x00007fc13478b938:   00000000c3e3a297 00007fc13478b988
0x00007fc13478b948:   00000000c3e4ba78 0000000000000000 

Instructions: (pc=0x00007fc140060c60)
0x00007fc140060c40:   
[error occurred during error reporting (printing registers, top of stack, instructions near pc), id 0x7]

Register to memory mapping:

RAX=0x00000000c3e54b70 is an oop
{method} 
 - klass: {other class}
RBX=0x00000000c3e54b70 is an oop
{method} 
 - klass: {other class}
RCX=0x00000000c3eaa818 is an oop
{constant pool cache} 
 - klass: {other class}
RDX=0x00007fc1441e38da is an Interpreter codelet
return entry points  [0x00007fc1441e31c0, 0x00007fc1441e4780]  5568 bytes
RSP=0x00007fc13478b758 is pointing into the stack for thread: 0x00007fc13c1f1000
RBP=0x00007fc13478b7a0 is pointing into the stack for thread: 0x00007fc13c1f1000
RSI=0x00007fc13478b790 is pointing into the stack for thread: 0x00007fc13c1f1000
RDI=0x00007fc13c1f11d0 is an unknown value
R8 =0x0000000000000001 is an unknown value
R9 =0x0000000000000001 is an unknown value
R10=0x00007fc1442ab050 [CodeBlob (0x00007fc1442ab050)]
Framesize: 10
R11=0x00007fc1442b6810 [CodeBlob (0x00007fc1442b6810)]
Framesize: 4
R12=0x0000000000000000 is an unknown value
R13=0x00007fc13478b7d8 is pointing into the stack for thread: 0x00007fc13c1f1000
R14=0x00007fc13478b790 is pointing into the stack for thread: 0x00007fc13c1f1000
R15=0x00007fc13c1f1000 is a thread


Stack: [0x00007fc13468c000,0x00007fc13478d000],  sp=0x00007fc13478b758,  free space=1021k
Native frames: (J=compiled Java code, j=interpreted, Vv=VM code, C=native code)

[error occurred during error reporting (printing native stack), id 0x7]

Java frames: (J=compiled Java code, j=interpreted, Vv=VM code)
J  org.lwjgl.opengl.LinuxDisplay.nUnlockAWT()V
J  org.lwjgl.opengl.LinuxDisplay.unlockAWT()V
j  org.lwjgl.opengl.LinuxContextImplementation.swapBuffers()V+57
j  org.lwjgl.opengl.ContextGL.swapBuffers()V+3
j  org.lwjgl.opengl.DrawableGL.swapBuffers()V+0
j  org.lwjgl.opengl.Display.swapBuffers()V+39
j  org.lwjgl.opengl.Display.update(Z)V+44
j  com.badlogic.gdx.backends.lwjgl.LwjglApplication.mainLoop()V+648
j  com.badlogic.gdx.backends.lwjgl.LwjglApplication$1.run()V+27
v  ~StubRoutines::call_stub

---------------  P R O C E S S  ---------------

Java Threads: ( => current thread )
  0x000000000254a000 JavaThread "AsynchExecutor-Thread" daemon [_thread_blocked, id=4828, stack(0x00007fc13458b000,0x00007fc13468c000)]
  0x00007fc13c272000 JavaThread "DestroyJavaVM" [_thread_blocked, id=4776, stack(0x00007fc14a855000,0x00007fc14a956000)]
=>0x00007fc13c1f1000 JavaThread "LWJGL Application" [_thread_in_native, id=4823, stack(0x00007fc13468c000,0x00007fc13478d000)]
  0x00000000022e0000 JavaThread "AWT-XAWT" daemon [_thread_blocked, id=4819, stack(0x00007fc14079c000,0x00007fc14089d000)]
  0x00000000021fa000 JavaThread "Java2D Disposer" daemon [_thread_blocked, id=4818, stack(0x00007fc140b3b000,0x00007fc140c3c000)]
  0x0000000002055000 JavaThread "Low Memory Detector" daemon [_thread_blocked, id=4802, stack(0x00007fc142b97000,0x00007fc142c98000)]
  0x0000000002050000 JavaThread "C2 CompilerThread1" daemon [_thread_blocked, id=4801, stack(0x00007fc142c98000,0x00007fc142d99000)]
  0x000000000204d800 JavaThread "C2 CompilerThread0" daemon [_thread_blocked, id=4800, stack(0x00007fc142d99000,0x00007fc142e9a000)]
  0x00007fc13c001000 JavaThread "JDWP Command Reader" daemon [_thread_in_native, id=4797, stack(0x00007fc142e9a000,0x00007fc142f9b000)]
  0x0000000002040800 JavaThread "JDWP Event Helper Thread" daemon [_thread_blocked, id=4796, stack(0x00007fc142f9b000,0x00007fc14309c000)]
  0x000000000203d000 JavaThread "JDWP Transport Listener: dt_socket" daemon [_thread_blocked, id=4793, stack(0x00007fc14309c000,0x00007fc14319d000)]
  0x0000000002022800 JavaThread "Signal Dispatcher" daemon [_thread_blocked, id=4787, stack(0x00007fc1433a1000,0x00007fc1434a2000)]
  0x0000000002011000 JavaThread "Finalizer" daemon [_thread_blocked, id=4782, stack(0x00007fc1434a2000,0x00007fc1435a3000)]
  0x0000000002009800 JavaThread "Reference Handler" daemon [_thread_blocked, id=4781, stack(0x00007fc1435a3000,0x00007fc1436a4000)]

Other Threads:
  0x0000000002004800 VMThread [stack: 0x00007fc1436a4000,0x00007fc1437a5000] [id=4780]
  0x0000000002057800 WatcherThread [stack: 0x00007fc142a96000,0x00007fc142b97000] [id=4803]

VM state:not at safepoint (normal execution)

VM Mutex/Monitor currently owned by a thread: None

Heap
 PSYoungGen      total 14976K, used 5729K [0x00000000ef400000, 0x00000000f04b0000, 0x0000000100000000)
  eden space 12864K, 35% used [0x00000000ef400000,0x00000000ef881660,0x00000000f0090000)
  from space 2112K, 52% used [0x00000000f02a0000,0x00000000f03b7140,0x00000000f04b0000)
  to   space 2112K, 0% used [0x00000000f0090000,0x00000000f0090000,0x00000000f02a0000)
 PSOldGen        total 34304K, used 0K [0x00000000cdc00000, 0x00000000cfd80000, 0x00000000ef400000)
  object space 34304K, 0% used [0x00000000cdc00000,0x00000000cdc00000,0x00000000cfd80000)
 PSPermGen       total 21248K, used 13469K [0x00000000c3600000, 0x00000000c4ac0000, 0x00000000cdc00000)
  object space 21248K, 63% used [0x00000000c3600000,0x00000000c4327470,0x00000000c4ac0000)

Code Cache  [0x00007fc1441de000, 0x00007fc14444e000, 0x00007fc1471de000)
 total_blobs=673 nmethods=160 adapters=475 free_code_cache=49427712 largest_free_block=6528

Dynamic libraries:
00400000-00409000 r-xp 00000000 08:01 144298                             /usr/lib/jvm/java-6-openjdk-amd64/jre/bin/java
00608000-00609000 rw-p 00008000 08:01 144298                             /usr/lib/jvm/java-6-openjdk-amd64/jre/bin/java
01f91000-048cb000 rw-p 00000000 00:00 0                                  [heap]
40085000-40087000 r-xs 00000000 08:01 263726                             /tmp/gl6bRpug (deleted)
41bc5000-41c43000 rw-p 00000000 00:00 0 
c3600000-c4ac0000 rw-p 00000000 00:00 0 
c4ac0000-cdc00000 rw-p 00000000 00:00 0 
cdc00000-cfd80000 rw-p 00000000 00:00 0 
cfd80000-ef400000 rw-p 00000000 00:00 0 
ef400000-f04b0000 rw-p 00000000 00:00 0 
f04b0000-100000000 rw-p 00000000 00:00 0 
7fc130a2b000-7fc130a4e000 r-xp 00000000 08:01 551347                     /tmp/libgdxnemo9955/b97b1fcd/libgdx-controllers-desktop64.so
7fc130a4e000-7fc130c4e000 ---p 00023000 08:01 551347                     /tmp/libgdxnemo9955/b97b1fcd/libgdx-controllers-desktop64.so
7fc130c4e000-7fc130c4f000 r--p 00023000 08:01 551347                     /tmp/libgdxnemo9955/b97b1fcd/libgdx-controllers-desktop64.so
7fc130c4f000-7fc130c50000 rw-p 00024000 08:01 551347                     /tmp/libgdxnemo9955/b97b1fcd/libgdx-controllers-desktop64.so
7fc130c50000-7fc130c65000 r-xp 00000000 08:01 144247                     /usr/lib/jvm/java-6-openjdk-amd64/jre/lib/amd64/libnet.so
7fc130c65000-7fc130e64000 ---p 00015000 08:01 144247                     /usr/lib/jvm/java-6-openjdk-amd64/jre/lib/amd64/libnet.so
7fc130e64000-7fc130e65000 rw-p 00014000 08:01 144247                     /usr/lib/jvm/java-6-openjdk-amd64/jre/lib/amd64/libnet.so
7fc130e65000-7fc131265000 rw-s 74461000 00:05 5680                       /dev/nvidia0
7fc131265000-7fc131665000 rw-s 067cd000 00:05 5680                       /dev/nvidia0
7fc131665000-7fc131865000 rw-s 3ed71000 00:05 5680                       /dev/nvidia0
7fc131865000-7fc131a65000 rw-s 74409000 00:05 5680                       /dev/nvidia0
7fc131a65000-7fc131b65000 rw-s 36d52000 00:05 5680                       /dev/nvidia0
7fc131b65000-7fc131b66000 rw-s fdc08000 00:05 5680                       /dev/nvidia0
7fc131b66000-7fc131ba6000 rw-s 3700b000 00:05 5680                       /dev/nvidia0
7fc131bc6000-7fc131c64000 rw-p 00000000 00:00 0 
7fc131c64000-7fc131c81000 rw-s 36c61000 00:05 5680                       /dev/nvidia0
7fc131c81000-7fc133651000 r-xp 00000000 08:01 282961                     /usr/lib/x86_64-linux-gnu/libnvidia-glcore.so.304.88
7fc133651000-7fc133850000 ---p 019d0000 08:01 282961                     /usr/lib/x86_64-linux-gnu/libnvidia-glcore.so.304.88
7fc133850000-7fc134051000 rwxp 019cf000 08:01 282961                     /usr/lib/x86_64-linux-gnu/libnvidia-glcore.so.304.88
7fc134051000-7fc13406b000 rwxp 00000000 00:00 0 
7fc13406b000-7fc13406e000 r-xp 00000000 08:01 551171                     /usr/lib/x86_64-linux-gnu/tls/libnvidia-tls.so.304.88
7fc13406e000-7fc13426d000 ---p 00003000 08:01 551171                     /usr/lib/x86_64-linux-gnu/tls/libnvidia-tls.so.304.88
7fc13426d000-7fc13426e000 rw-p 00002000 08:01 551171                     /usr/lib/x86_64-linux-gnu/tls/libnvidia-tls.so.304.88
7fc13426e000-7fc134338000 r-xp 00000000 08:01 678444                     /usr/lib/x86_64-linux-gnu/nvidia/current/libGL.so.304.88
7fc134338000-7fc134538000 ---p 000ca000 08:01 678444                     /usr/lib/x86_64-linux-gnu/nvidia/current/libGL.so.304.88
7fc134538000-7fc134575000 rwxp 000ca000 08:01 678444                     /usr/lib/x86_64-linux-gnu/nvidia/current/libGL.so.304.88
7fc134575000-7fc13458b000 rwxp 00000000 00:00 0 
7fc13458b000-7fc13458e000 ---p 00000000 00:00 0 
7fc13458e000-7fc13468c000 rw-p 00000000 00:00 0 
7fc13468c000-7fc13468f000 ---p 00000000 00:00 0 
7fc13468f000-7fc13478d000 rw-p 00000000 00:00 0 
7fc13478d000-7fc13478e000 ---p 00000000 00:00 0 
7fc13478e000-7fc13488e000 rw-p 00000000 00:00 0 
7fc13488e000-7fc13888f000 rw-s 00000000 00:11 150596                     /run/shm/pulse-shm-4026699362
7fc13888f000-7fc138890000 ---p 00000000 00:00 0 
7fc138890000-7fc139090000 rw-p 00000000 00:00 0 
7fc139090000-7fc1390a3000 r-xp 00000000 08:01 916431                     /lib/x86_64-linux-gnu/libresolv-2.13.so
7fc1390a3000-7fc1392a2000 ---p 00013000 08:01 916431                     /lib/x86_64-linux-gnu/libresolv-2.13.so
7fc1392a2000-7fc1392a3000 r--p 00012000 08:01 916431                     /lib/x86_64-linux-gnu/libresolv-2.13.so
7fc1392a3000-7fc1392a4000 rw-p 00013000 08:01 916431                     /lib/x86_64-linux-gnu/libresolv-2.13.so
7fc1392a4000-7fc1392a6000 rw-p 00000000 00:00 0 
7fc1392a6000-7fc1392ac000 r-xp 00000000 08:01 264971                     /usr/lib/x86_64-linux-gnu/libogg.so.0.8.0
7fc1392ac000-7fc1394ab000 ---p 00006000 08:01 264971                     /usr/lib/x86_64-linux-gnu/libogg.so.0.8.0
7fc1394ab000-7fc1394ac000 rw-p 00005000 08:01 264971                     /usr/lib/x86_64-linux-gnu/libogg.so.0.8.0
7fc1394ac000-7fc1394d8000 r-xp 00000000 08:01 265193                     /usr/lib/x86_64-linux-gnu/libvorbis.so.0.4.5
7fc1394d8000-7fc1396d7000 ---p 0002c000 08:01 265193                     /usr/lib/x86_64-linux-gnu/libvorbis.so.0.4.5
7fc1396d7000-7fc1396d8000 r--p 0002b000 08:01 265193                     /usr/lib/x86_64-linux-gnu/libvorbis.so.0.4.5
7fc1396d8000-7fc1396d9000 rw-p 0002c000 08:01 265193                     /usr/lib/x86_64-linux-gnu/libvorbis.so.0.4.5
7fc1396d9000-7fc13998c000 r-xp 00000000 08:01 265195                     /usr/lib/x86_64-linux-gnu/libvorbisenc.so.2.0.8
7fc13998c000-7fc139b8b000 ---p 002b3000 08:01 265195                     /usr/lib/x86_64-linux-gnu/libvorbisenc.so.2.0.8
7fc139b8b000-7fc139ba7000 r--p 002b2000 08:01 265195                     /usr/lib/x86_64-linux-gnu/libvorbisenc.so.2.0.8
7fc139ba7000-7fc139ba8000 rw-p 002ce000 08:01 265195                     /usr/lib/x86_64-linux-gnu/libvorbisenc.so.2.0.8
7fc139ba8000-7fc139bf3000 r-xp 00000000 08:01 264365                     /usr/lib/x86_64-linux-gnu/libFLAC.so.8.2.0
7fc139bf3000-7fc139df2000 ---p 0004b000 08:01 264365                     /usr/lib/x86_64-linux-gnu/libFLAC.so.8.2.0
7fc139df2000-7fc139df3000 r--p 0004a000 08:01 264365                     /usr/lib/x86_64-linux-gnu/libFLAC.so.8.2.0
7fc139df3000-7fc139df4000 rw-p 0004b000 08:01 264365                     /usr/lib/x86_64-linux-gnu/libFLAC.so.8.2.0
7fc139df4000-7fc139df8000 r-xp 00000000 08:01 916163                     /lib/x86_64-linux-gnu/libuuid.so.1.3.0
7fc139df8000-7fc139ff7000 ---p 00004000 08:01 916163                     /lib/x86_64-linux-gnu/libuuid.so.1.3.0
7fc139ff7000-7fc139ff8000 r--p 00003000 08:01 916163                     /lib/x86_64-linux-gnu/libuuid.so.1.3.0
7fc139ff8000-7fc139ff9000 rw-p 00004000 08:01 916163                     /lib/x86_64-linux-gnu/libuuid.so.1.3.0
7fc139ff9000-7fc139ffd000 r-xp 00000000 08:01 916027                     /lib/x86_64-linux-gnu/libattr.so.1.1.0
7fc139ffd000-7fc13a1fc000 ---p 00004000 08:01 916027                     /lib/x86_64-linux-gnu/libattr.so.1.1.0
7fc13a1fc000-7fc13a1fd000 r--p 00003000 08:01 916027                     /lib/x86_64-linux-gnu/libattr.so.1.1.0
7fc13a1fd000-7fc13a1fe000 rw-p 00004000 08:01 916027                     /lib/x86_64-linux-gnu/libattr.so.1.1.0
7fc13a1fe000-7fc13a203000 r-xp 00000000 08:01 264468                     /usr/lib/x86_64-linux-gnu/libasyncns.so.0.3.1
7fc13a203000-7fc13a402000 ---p 00005000 08:01 264468                     /usr/lib/x86_64-linux-gnu/libasyncns.so.0.3.1
7fc13a402000-7fc13a403000 rw-p 00004000 08:01 264468                     /usr/lib/x86_64-linux-gnu/libasyncns.so.0.3.1
7fc13a403000-7fc13a464000 r-xp 00000000 08:01 265087                     /usr/lib/x86_64-linux-gnu/libsndfile.so.1.0.25
7fc13a464000-7fc13a663000 ---p 00061000 08:01 265087                     /usr/lib/x86_64-linux-gnu/libsndfile.so.1.0.25
7fc13a663000-7fc13a665000 r--p 00060000 08:01 265087                     /usr/lib/x86_64-linux-gnu/libsndfile.so.1.0.25
7fc13a665000-7fc13a666000 rw-p 00062000 08:01 265087                     /usr/lib/x86_64-linux-gnu/libsndfile.so.1.0.25
7fc13a666000-7fc13a66a000 rw-p 00000000 00:00 0 
7fc13a66a000-7fc13a673000 r-xp 00000000 08:01 916165                     /lib/x86_64-linux-gnu/libwrap.so.0.7.6
7fc13a673000-7fc13a872000 ---p 00009000 08:01 916165                     /lib/x86_64-linux-gnu/libwrap.so.0.7.6
7fc13a872000-7fc13a873000 r--p 00008000 08:01 916165                     /lib/x86_64-linux-gnu/libwrap.so.0.7.6
7fc13a873000-7fc13a874000 rw-p 00009000 08:01 916165                     /lib/x86_64-linux-gnu/libwrap.so.0.7.6
7fc13a874000-7fc13a875000 rw-p 00000000 00:00 0 
7fc13a875000-7fc13a87c000 r-xp 00000000 08:01 264394                     /usr/lib/x86_64-linux-gnu/libSM.so.6.0.1
7fc13a87c000-7fc13aa7b000 ---p 00007000 08:01 264394                     /usr/lib/x86_64-linux-gnu/libSM.so.6.0.1
7fc13aa7b000-7fc13aa7c000 rw-p 00006000 08:01 264394                     /usr/lib/x86_64-linux-gnu/libSM.so.6.0.1
7fc13aa7c000-7fc13aa93000 r-xp 00000000 08:01 264375                     /usr/lib/x86_64-linux-gnu/libICE.so.6.3.0
7fc13aa93000-7fc13ac92000 ---p 00017000 08:01 264375                     /usr/lib/x86_64-linux-gnu/libICE.so.6.3.0
7fc13ac92000-7fc13ac94000 rw-p 00016000 08:01 264375                     /usr/lib/x86_64-linux-gnu/libICE.so.6.3.0
7fc13ac94000-7fc13ac97000 rw-p 00000000 00:00 0 
7fc13ac97000-7fc13ac98000 r-xp 00000000 08:01 272883                     /usr/lib/x86_64-linux-gnu/libX11-xcb.so.1.0.0
7fc13ac98000-7fc13ae97000 ---p 00001000 08:01 272883                     /usr/lib/x86_64-linux-gnu/libX11-xcb.so.1.0.0
7fc13ae97000-7fc13ae98000 rw-p 00000000 08:01 272883                     /usr/lib/x86_64-linux-gnu/libX11-xcb.so.1.0.0
7fc13ae98000-7fc13ae9c000 r-xp 00000000 08:01 916038                     /lib/x86_64-linux-gnu/libcap.so.2.22
7fc13ae9c000-7fc13b09b000 ---p 00004000 08:01 916038                     /lib/x86_64-linux-gnu/libcap.so.2.22
7fc13b09b000-7fc13b09c000 rw-p 00003000 08:01 916038                     /lib/x86_64-linux-gnu/libcap.so.2.22
7fc13b09c000-7fc13b0e0000 r-xp 00000000 08:01 916060                     /lib/x86_64-linux-gnu/libdbus-1.so.3.7.2
7fc13b0e0000-7fc13b2e0000 ---p 00044000 08:01 916060                     /lib/x86_64-linux-gnu/libdbus-1.so.3.7.2
7fc13b2e0000-7fc13b2e1000 r--p 00044000 08:01 916060                     /lib/x86_64-linux-gnu/libdbus-1.so.3.7.2
7fc13b2e1000-7fc13b2e2000 rw-p 00045000 08:01 916060                     /lib/x86_64-linux-gnu/libdbus-1.so.3.7.2
7fc13b2e2000-7fc13b343000 r-xp 00000000 08:01 265339                     /usr/lib/x86_64-linux-gnu/pulseaudio/libpulsecommon-2.0.so
7fc13b343000-7fc13b542000 ---p 00061000 08:01 265339                     /usr/lib/x86_64-linux-gnu/pulseaudio/libpulsecommon-2.0.so
7fc13b542000-7fc13b543000 r--p 00060000 08:01 265339                     /usr/lib/x86_64-linux-gnu/pulseaudio/libpulsecommon-2.0.so
7fc13b543000-7fc13b545000 rw-p 00061000 08:01 265339                     /usr/lib/x86_64-linux-gnu/pulseaudio/libpulsecommon-2.0.so
7fc13b545000-7fc13b54e000 r-xp 00000000 08:01 916072                     /lib/x86_64-linux-gnu/libjson.so.0.1.0
7fc13b54e000-7fc13b74d000 ---p 00009000 08:01 916072                     /lib/x86_64-linux-gnu/libjson.so.0.1.0
7fc13b74d000-7fc13b74e000 r--p 00008000 08:01 916072                     /lib/x86_64-linux-gnu/libjson.so.0.1.0
7fc13b74e000-7fc13b74f000 rw-p 00009000 08:01 916072                     /lib/x86_64-linux-gnu/libjson.so.0.1.0
7fc13b74f000-7fc13b798000 r-xp 00000000 08:01 265053                     /usr/lib/x86_64-linux-gnu/libpulse.so.0.14.2
7fc13b798000-7fc13b997000 ---p 00049000 08:01 265053                     /usr/lib/x86_64-linux-gnu/libpulse.so.0.14.2
7fc13b997000-7fc13b998000 r--p 00048000 08:01 265053                     /usr/lib/x86_64-linux-gnu/libpulse.so.0.14.2
7fc13b998000-7fc13b999000 rw-p 00049000 08:01 265053                     /usr/lib/x86_64-linux-gnu/libpulse.so.0.14.2
7fc13b999000-7fc13b9ee000 r-xp 00000000 08:01 551340                     /tmp/libgdxnemo9955/7b43be9b/libopenal64.so
7fc13b9ee000-7fc13bbed000 ---p 00055000 08:01 551340                     /tmp/libgdxnemo9955/7b43be9b/libopenal64.so
7fc13bbed000-7fc13bbf0000 r--p 00054000 08:01 551340                     /tmp/libgdxnemo9955/7b43be9b/libopenal64.so
7fc13bbf0000-7fc13bbf1000 rw-p 00057000 08:01 551340                     /tmp/libgdxnemo9955/7b43be9b/libopenal64.so
7fc13bbf1000-7fc13bbf2000 rw-p 00000000 00:00 0 
7fc13bbf2000-7fc13bbf6000 r-xp 00000000 08:01 273334                     /usr/lib/x86_64-linux-gnu/libXxf86vm.so.1.0.0
7fc13bbf6000-7fc13bdf6000 ---p 00004000 08:01 273334                     /usr/lib/x86_64-linux-gnu/libXxf86vm.so.1.0.0
7fc13bdf6000-7fc13bdf7000 r--p 00004000 08:01 273334                     /usr/lib/x86_64-linux-gnu/libXxf86vm.so.1.0.0
7fc13bdf7000-7fc13bdf8000 rw-p 00005000 08:01 273334                     /usr/lib/x86_64-linux-gnu/libXxf86vm.so.1.0.0
7fc13bdf8000-7fc13bdff000 r-xp 00000000 08:01 265883                     /usr/lib/x86_64-linux-gnu/libXrandr.so.2.2.0
7fc13bdff000-7fc13bfff000 ---p 00007000 08:01 265883                     /usr/lib/x86_64-linux-gnu/libXrandr.so.2.2.0
7fc13bfff000-7fc13c000000 rw-p 00007000 08:01 265883                     /usr/lib/x86_64-linux-gnu/libXrandr.so.2.2.0
7fc13c000000-7fc13c7f2000 rw-p 00000000 00:00 0 
7fc13c7f2000-7fc140000000 ---p 00000000 00:00 0 
7fc140018000-7fc140084000 r-xp 00000000 08:01 551339                     /tmp/libgdxnemo9955/7b43be9b/liblwjgl64.so
7fc140084000-7fc140283000 ---p 0006c000 08:01 551339                     /tmp/libgdxnemo9955/7b43be9b/liblwjgl64.so
7fc140283000-7fc140285000 r--p 0006b000 08:01 551339                     /tmp/libgdxnemo9955/7b43be9b/liblwjgl64.so
7fc140285000-7fc140286000 rw-p 0006d000 08:01 551339                     /tmp/libgdxnemo9955/7b43be9b/liblwjgl64.so
7fc140286000-7fc140287000 r-xp 00000000 08:01 144229                     /usr/lib/jvm/java-6-openjdk-amd64/jre/lib/amd64/libjawt.so
7fc140287000-7fc140486000 ---p 00001000 08:01 144229                     /usr/lib/jvm/java-6-openjdk-amd64/jre/lib/amd64/libjawt.so
7fc140486000-7fc140487000 rw-p 00000000 08:01 144229                     /usr/lib/jvm/java-6-openjdk-amd64/jre/lib/amd64/libjawt.so
7fc140487000-7fc14048c000 r-xp 00000000 08:01 273531                     /usr/lib/x86_64-linux-gnu/libXfixes.so.3.1.0
7fc14048c000-7fc14068b000 ---p 00005000 08:01 273531                     /usr/lib/x86_64-linux-gnu/libXfixes.so.3.1.0
7fc14068b000-7fc14068c000 r--p 00004000 08:01 273531                     /usr/lib/x86_64-linux-gnu/libXfixes.so.3.1.0
7fc14068c000-7fc14068d000 rw-p 00005000 08:01 273531                     /usr/lib/x86_64-linux-gnu/libXfixes.so.3.1.0
7fc14068d000-7fc140696000 r--s 00000000 08:01 277048                     /var/cache/fontconfig/945677eb7aeaf62f1d50efc3fb3ec7d8-le64.cache-3
7fc140696000-7fc14069b000 r--s 00000000 08:01 271253                     /var/cache/fontconfig/6eb3985aa4124903f6ff08ba781cd364-le64.cache-3
7fc14069b000-7fc1406a4000 r--s 00000000 08:01 278568                     /var/cache/fontconfig/6d41288fd70b0be22e8c3a91e032eec0-le64.cache-3
7fc1406a4000-7fc1406d2000 r--s 00000000 08:01 271260                     /var/cache/fontconfig/365b55f210c0a22e9a19e35191240f32-le64.cache-3
7fc1406d2000-7fc1406d5000 r--s 00000000 08:01 271247                     /var/cache/fontconfig/c57959a16110560c8d0fcea73374aeeb-le64.cache-3
7fc1406d5000-7fc1406da000 r--s 00000000 08:01 271264                     /var/cache/fontconfig/3047814df9a2f067bd2d96a2b9c36e5a-le64.cache-3
7fc1406de000-7fc140752000 rw-p 00000000 00:00 0 
7fc14075f000-7fc14079c000 rw-p 00000000 00:00 0 
7fc14079c000-7fc14079f000 ---p 00000000 00:00 0 
7fc14079f000-7fc14089d000 rw-p 00000000 00:00 0 
7fc14089d000-7fc1408a6000 r--s 00000000 08:01 277048                     /var/cache/fontconfig/945677eb7aeaf62f1d50efc3fb3ec7d8-le64.cache-3
7fc1408a6000-7fc1408ab000 r--s 00000000 08:01 271253                     /var/cache/fontconfig/6eb3985aa4124903f6ff08ba781cd364-le64.cache-3
7fc1408ab000-7fc1408b4000 r--s 00000000 08:01 278568                     /var/cache/fontconfig/6d41288fd70b0be22e8c3a91e032eec0-le64.cache-3
7fc1408b4000-7fc1408e2000 r--s 00000000 08:01 271260                     /var/cache/fontconfig/365b55f210c0a22e9a19e35191240f32-le64.cache-3
7fc1408e2000-7fc1408e5000 r--s 00000000 08:01 271247                     /var/cache/fontconfig/c57959a16110560c8d0fcea73374aeeb-le64.cache-3
7fc1408e5000-7fc1408ea000 r--s 00000000 08:01 271264                     /var/cache/fontconfig/3047814df9a2f067bd2d96a2b9c36e5a-le64.cache-3
7fc1408fd000-7fc140907000 r-xp 00000000 08:01 264474                     /usr/lib/x86_64-linux-gnu/libXcursor.so.1.0.2
7fc140907000-7fc140b06000 ---p 0000a000 08:01 264474                     /usr/lib/x86_64-linux-gnu/libXcursor.so.1.0.2
7fc140b06000-7fc140b07000 rw-p 00009000 08:01 264474                     /usr/lib/x86_64-linux-gnu/libXcursor.so.1.0.2
7fc140b08000-7fc140b0a000 rw-p 00000000 00:00 0 
7fc140b0a000-7fc140b0c000 rw-s 00000000 08:01 263726                     /tmp/gl6bRpug (deleted)
7fc140b0c000-7fc140b10000 rw-s c6318000 00:05 5680                       /dev/nvidia0
7fc140b10000-7fc140b11000 rw-s d0005000 00:05 5680                       /dev/nvidia0
7fc140b11000-7fc140b12000 rw-s 78f36000 00:05 5680                       /dev/nvidia0
7fc140b12000-7fc140b16000 rw-s 69251000 00:05 5680                       /dev/nvidia0
7fc140b16000-7fc140b17000 rw-s fd641000 00:05 5680                       /dev/nvidia0
7fc140b17000-7fc140b18000 rw-s 36deb000 00:05 5680                       /dev/nvidia0
7fc140b18000-7fc140b19000 rw-s 1f9f4000 00:05 5680                       /dev/nvidia0
7fc140b19000-7fc140b1a000 rw-s fd060000 00:05 5680                       /dev/nvidia0
7fc140b1a000-7fc140b21000 r--s 00000000 08:01 282750                     /usr/lib/x86_64-linux-gnu/gconv/gconv-modules.cache
7fc140b21000-7fc140b32000 r--s 00000000 08:01 271249                     /var/cache/fontconfig/d52a8644073d54c13679302ca1180695-le64.cache-3
7fc140b32000-7fc140b39000 r--s 00000000 08:01 271258                     /var/cache/fontconfig/3f7329c5293ffd510edef78f73874cfd-le64.cache-3
7fc140b39000-7fc140b3b000 r--s 00000000 08:01 271267                     /var/cache/fontconfig/e13b20fdb08344e0e664864cc2ede53d-le64.cache-3
7fc140b3b000-7fc140b3e000 ---p 00000000 00:00 0 
7fc140b3e000-7fc140c3c000 rw-p 00000000 00:00 0 
7fc140c3c000-7fc140cd5000 r-xp 00000000 08:01 264650                     /usr/lib/x86_64-linux-gnu/libfreetype.so.6.8.1
7fc140cd5000-7fc140ed4000 ---p 00099000 08:01 264650                     /usr/lib/x86_64-linux-gnu/libfreetype.so.6.8.1
7fc140ed4000-7fc140eda000 r--p 00098000 08:01 264650                     /usr/lib/x86_64-linux-gnu/libfreetype.so.6.8.1
7fc140eda000-7fc140edb000 rw-p 0009e000 08:01 264650                     /usr/lib/x86_64-linux-gnu/libfreetype.so.6.8.1
7fc140edb000-7fc140f23000 r-xp 00000000 08:01 144223                     /usr/lib/jvm/java-6-openjdk-amd64/jre/lib/amd64/libfontmanager.so
7fc140f23000-7fc141123000 ---p 00048000 08:01 144223                     /usr/lib/jvm/java-6-openjdk-amd64/jre/lib/amd64/libfontmanager.so
7fc141123000-7fc141126000 rw-p 00048000 08:01 144223                     /usr/lib/jvm/java-6-openjdk-amd64/jre/lib/amd64/libfontmanager.so
7fc141126000-7fc14112b000 r-xp 00000000 08:01 264417                     /usr/lib/x86_64-linux-gnu/libXdmcp.so.6.0.0
7fc14112b000-7fc14132a000 ---p 00005000 08:01 264417                     /usr/lib/x86_64-linux-gnu/libXdmcp.so.6.0.0
7fc14132a000-7fc14132b000 rw-p 00004000 08:01 264417                     /usr/lib/x86_64-linux-gnu/libXdmcp.so.6.0.0
7fc14132b000-7fc14132d000 r-xp 00000000 08:01 264406                     /usr/lib/x86_64-linux-gnu/libXau.so.6.0.0
7fc14132d000-7fc14152d000 ---p 00002000 08:01 264406                     /usr/lib/x86_64-linux-gnu/libXau.so.6.0.0
7fc14152d000-7fc14152e000 rw-p 00002000 08:01 264406                     /usr/lib/x86_64-linux-gnu/libXau.so.6.0.0
7fc14152e000-7fc14154d000 r-xp 00000000 08:01 265852                     /usr/lib/x86_64-linux-gnu/libxcb.so.1.1.0
7fc14154d000-7fc14174c000 ---p 0001f000 08:01 265852                     /usr/lib/x86_64-linux-gnu/libxcb.so.1.1.0
7fc14174c000-7fc14174d000 r--p 0001e000 08:01 265852                     /usr/lib/x86_64-linux-gnu/libxcb.so.1.1.0
7fc14174d000-7fc14174e000 rw-p 0001f000 08:01 265852                     /usr/lib/x86_64-linux-gnu/libxcb.so.1.1.0
7fc14174e000-7fc14175c000 r-xp 00000000 08:01 265075                     /usr/lib/x86_64-linux-gnu/libXi.so.6.1.0
7fc14175c000-7fc14195c000 ---p 0000e000 08:01 265075                     /usr/lib/x86_64-linux-gnu/libXi.so.6.1.0
7fc14195c000-7fc14195d000 rw-p 0000e000 08:01 265075                     /usr/lib/x86_64-linux-gnu/libXi.so.6.1.0
7fc14195d000-7fc141962000 r-xp 00000000 08:01 274483                     /usr/lib/x86_64-linux-gnu/libXtst.so.6.1.0
7fc141962000-7fc141b61000 ---p 00005000 08:01 274483                     /usr/lib/x86_64-linux-gnu/libXtst.so.6.1.0
7fc141b61000-7fc141b62000 rw-p 00004000 08:01 274483                     /usr/lib/x86_64-linux-gnu/libXtst.so.6.1.0
7fc141b62000-7fc141b6b000 r-xp 00000000 08:01 264343                     /usr/lib/x86_64-linux-gnu/libXrender.so.1.3.0
7fc141b6b000-7fc141d6a000 ---p 00009000 08:01 264343                     /usr/lib/x86_64-linux-gnu/libXrender.so.1.3.0
7fc141d6a000-7fc141d6b000 rw-p 00008000 08:01 264343                     /usr/lib/x86_64-linux-gnu/libXrender.so.1.3.0
7fc141d6b000-7fc141ea0000 r-xp 00000000 08:01 265870                     /usr/lib/x86_64-linux-gnu/libX11.so.6.3.0
7fc141ea0000-7fc1420a0000 ---p 00135000 08:01 265870                     /usr/lib/x86_64-linux-gnu/libX11.so.6.3.0
7fc1420a0000-7fc1420a6000 rw-p 00135000 08:01 265870                     /usr/lib/x86_64-linux-gnu/libX11.so.6.3.0
7fc1420a6000-7fc1420b7000 r-xp 00000000 08:01 264595                     /usr/lib/x86_64-linux-gnu/libXext.so.6.4.0
7fc1420b7000-7fc1422b7000 ---p 00011000 08:01 264595                     /usr/lib/x86_64-linux-gnu/libXext.so.6.4.0
7fc1422b7000-7fc1422b8000 rw-p 00011000 08:01 264595                     /usr/lib/x86_64-linux-gnu/libXext.so.6.4.0
7fc1422b8000-7fc1422c9000 r--s 00000000 08:01 271249                     /var/cache/fontconfig/d52a8644073d54c13679302ca1180695-le64.cache-3
7fc1422c9000-7fc1422d0000 r--s 00000000 08:01 271258                     /var/cache/fontconfig/3f7329c5293ffd510edef78f73874cfd-le64.cache-3
7fc1422d0000-7fc1422d2000 r--s 00000000 08:01 271267                     /var/cache/fontconfig/e13b20fdb08344e0e664864cc2ede53d-le64.cache-3
7fc1422d2000-7fc14231f000 r-xp 00000000 08:01 144391                     /usr/lib/jvm/java-6-openjdk-amd64/jre/lib/amd64/xawt/libmawt.so
7fc14231f000-7fc14251e000 ---p 0004d000 08:01 144391                     /usr/lib/jvm/java-6-openjdk-amd64/jre/lib/amd64/xawt/libmawt.so
7fc14251e000-7fc142522000 rw-p 0004c000 08:01 144391                     /usr/lib/jvm/java-6-openjdk-amd64/jre/lib/amd64/xawt/libmawt.so
7fc142522000-7fc142523000 rw-p 00000000 00:00 0 
7fc142523000-7fc1425d3000 r-xp 00000000 08:01 144230                     /usr/lib/jvm/java-6-openjdk-amd64/jre/lib/amd64/libawt.so
7fc1425d3000-7fc1427d2000 ---p 000b0000 08:01 144230                     /usr/lib/jvm/java-6-openjdk-amd64/jre/lib/amd64/libawt.so
7fc1427d2000-7fc1427de000 rw-p 000af000 08:01 144230                     /usr/lib/jvm/java-6-openjdk-amd64/jre/lib/amd64/libawt.so
7fc1427de000-7fc142802000 rw-p 00000000 00:00 0 
7fc142802000-7fc142871000 r-xp 00000000 08:01 551337                     /tmp/libgdxnemo9955/b4a54a2/libgdx64.so
7fc142871000-7fc142a70000 ---p 0006f000 08:01 551337                     /tmp/libgdxnemo9955/b4a54a2/libgdx64.so
7fc142a70000-7fc142a72000 r--p 0006e000 08:01 551337                     /tmp/libgdxnemo9955/b4a54a2/libgdx64.so
7fc142a72000-7fc142a73000 rw-p 00070000 08:01 551337                     /tmp/libgdxnemo9955/b4a54a2/libgdx64.so
7fc142a73000-7fc142a74000 rw-p 00000000 00:00 0 
7fc142a74000-7fc142a7b000 r--s 000fc000 08:01 143749                     /usr/lib/jvm/java-6-openjdk-common/jre/lib/resources.jar
7fc142a7b000-7fc142a7c000 r--s 00127000 08:06 9437307                    /home/nemo9955/CodeStation/proiecte/Garden_Revolution/Garden_Revolution-desktop/libs/gdx-natives.jar
7fc142a7c000-7fc142a7d000 r--s 00004000 08:06 9437342                    /home/nemo9955/CodeStation/proiecte/Garden_Revolution/Garden_Revolution-desktop/libs/gdx-controllers-desktop.jar
7fc142a7d000-7fc142a7e000 r--s 00100000 08:06 9437237                    /home/nemo9955/CodeStation/proiecte/Garden_Revolution/Garden_Revolution-desktop/libs/gdx-controllers-desktop-natives.jar
7fc142a7e000-7fc142a8f000 r--s 0012b000 08:06 9437394                    /home/nemo9955/CodeStation/proiecte/Garden_Revolution/Garden_Revolution-desktop/libs/gdx-backend-lwjgl.jar
7fc142a8f000-7fc142a96000 r--s 0004c000 08:06 9437312                    /home/nemo9955/CodeStation/proiecte/Garden_Revolution/Garden_Revolution-main/libs/kryonet-2.21-all.jar
7fc142a96000-7fc142a97000 ---p 00000000 00:00 0 
7fc142a97000-7fc142b97000 rw-p 00000000 00:00 0 
7fc142b97000-7fc142b9a000 ---p 00000000 00:00 0 
7fc142b9a000-7fc142c98000 rw-p 00000000 00:00 0 
7fc142c98000-7fc142c9b000 ---p 00000000 00:00 0 
7fc142c9b000-7fc142d99000 rw-p 00000000 00:00 0 
7fc142d99000-7fc142d9c000 ---p 00000000 00:00 0 
7fc142d9c000-7fc142e9a000 rw-p 00000000 00:00 0 
7fc142e9a000-7fc142e9d000 ---p 00000000 00:00 0 
7fc142e9d000-7fc142f9b000 rw-p 00000000 00:00 0 
7fc142f9b000-7fc142f9e000 ---p 00000000 00:00 0 
7fc142f9e000-7fc14309c000 rw-p 00000000 00:00 0 
7fc14309c000-7fc14309f000 ---p 00000000 00:00 0 
7fc14309f000-7fc14319d000 rw-p 00000000 00:00 0 
7fc14319d000-7fc1431a1000 r-xp 00000000 08:01 144238                     /usr/lib/jvm/java-6-openjdk-amd64/jre/lib/amd64/libdt_socket.so
7fc1431a1000-7fc1433a0000 ---p 00004000 08:01 144238                     /usr/lib/jvm/java-6-openjdk-amd64/jre/lib/amd64/libdt_socket.so
7fc1433a0000-7fc1433a1000 rw-p 00003000 08:01 144238                     /usr/lib/jvm/java-6-openjdk-amd64/jre/lib/amd64/libdt_socket.so
7fc1433a1000-7fc1433a4000 ---p 00000000 00:00 0 
7fc1433a4000-7fc1434a2000 rw-p 00000000 00:00 0 
7fc1434a2000-7fc1434a5000 ---p 00000000 00:00 0 
7fc1434a5000-7fc1435a3000 rw-p 00000000 00:00 0 
7fc1435a3000-7fc1435a6000 ---p 00000000 00:00 0 
7fc1435a6000-7fc1436a4000 rw-p 00000000 00:00 0 
7fc1436a4000-7fc1436a5000 ---p 00000000 00:00 0 
7fc1436a5000-7fc143adb000 rw-p 00000000 00:00 0 
7fc143adb000-7fc143c6f000 r--s 03807000 08:01 144270                     /usr/lib/jvm/java-6-openjdk-amd64/jre/lib/rt.jar
7fc143c6f000-7fc143c97000 rw-p 00000000 00:00 0 
7fc143c97000-7fc143c98000 ---p 00000000 00:00 0 
7fc143c98000-7fc143d98000 rw-p 00000000 00:00 0 
7fc143d98000-7fc143d99000 ---p 00000000 00:00 0 
7fc143d99000-7fc143ea4000 rw-p 00000000 00:00 0 
7fc143ea4000-7fc143eec000 rw-p 00000000 00:00 0 
7fc143eec000-7fc143efd000 rw-p 00000000 00:00 0 
7fc143efd000-7fc143ff8000 rw-p 00000000 00:00 0 
7fc143ff8000-7fc144003000 rw-p 00000000 00:00 0 
7fc144003000-7fc14404b000 rw-p 00000000 00:00 0 
7fc14404b000-7fc14405c000 rw-p 00000000 00:00 0 
7fc14405c000-7fc144157000 rw-p 00000000 00:00 0 
7fc144157000-7fc144160000 rw-p 00000000 00:00 0 
7fc144160000-7fc1441dd000 rw-p 00000000 00:00 0 
7fc1441dd000-7fc1441de000 rw-p 00000000 00:00 0 
7fc1441de000-7fc14444e000 rwxp 00000000 00:00 0 
7fc14444e000-7fc1471de000 rw-p 00000000 00:00 0 
7fc1471de000-7fc1471e5000 r-xp 00000000 08:01 144259                     /usr/lib/jvm/java-6-openjdk-amd64/jre/lib/amd64/libzip.so
7fc1471e5000-7fc1473e4000 ---p 00007000 08:01 144259                     /usr/lib/jvm/java-6-openjdk-amd64/jre/lib/amd64/libzip.so
7fc1473e4000-7fc1473e5000 rw-p 00006000 08:01 144259                     /usr/lib/jvm/java-6-openjdk-amd64/jre/lib/amd64/libzip.so
7fc1473e5000-7fc1473f0000 r-xp 00000000 08:01 916446                     /lib/x86_64-linux-gnu/libnss_files-2.13.so
7fc1473f0000-7fc1475ef000 ---p 0000b000 08:01 916446                     /lib/x86_64-linux-gnu/libnss_files-2.13.so
7fc1475ef000-7fc1475f0000 r--p 0000a000 08:01 916446                     /lib/x86_64-linux-gnu/libnss_files-2.13.so
7fc1475f0000-7fc1475f1000 rw-p 0000b000 08:01 916446                     /lib/x86_64-linux-gnu/libnss_files-2.13.so
7fc1475f1000-7fc1475fb000 r-xp 00000000 08:01 916442                     /lib/x86_64-linux-gnu/libnss_nis-2.13.so
7fc1475fb000-7fc1477fa000 ---p 0000a000 08:01 916442                     /lib/x86_64-linux-gnu/libnss_nis-2.13.so
7fc1477fa000-7fc1477fb000 r--p 00009000 08:01 916442                     /lib/x86_64-linux-gnu/libnss_nis-2.13.so
7fc1477fb000-7fc1477fc000 rw-p 0000a000 08:01 916442                     /lib/x86_64-linux-gnu/libnss_nis-2.13.so
7fc1477fc000-7fc147803000 r-xp 00000000 08:01 916435                     /lib/x86_64-linux-gnu/libnss_compat-2.13.so
7fc147803000-7fc147a02000 ---p 00007000 08:01 916435                     /lib/x86_64-linux-gnu/libnss_compat-2.13.so
7fc147a02000-7fc147a03000 r--p 00006000 08:01 916435                     /lib/x86_64-linux-gnu/libnss_compat-2.13.so
7fc147a03000-7fc147a04000 rw-p 00007000 08:01 916435                     /lib/x86_64-linux-gnu/libnss_compat-2.13.so
7fc147a04000-7fc147b7b000 r--p 00000000 08:01 139605                     /usr/lib/locale/locale-archive
7fc147b7b000-7fc147b7e000 r-xp 00000000 08:01 144258                     /usr/lib/jvm/java-6-openjdk-amd64/jre/lib/amd64/libnpt.so
7fc147b7e000-7fc147d7d000 ---p 00003000 08:01 144258                     /usr/lib/jvm/java-6-openjdk-amd64/jre/lib/amd64/libnpt.so
7fc147d7d000-7fc147d7e000 rw-p 00002000 08:01 144258                     /usr/lib/jvm/java-6-openjdk-amd64/jre/lib/amd64/libnpt.so
7fc147d7e000-7fc147db8000 r-xp 00000000 08:01 144255                     /usr/lib/jvm/java-6-openjdk-amd64/jre/lib/amd64/libjdwp.so
7fc147db8000-7fc147fb7000 ---p 0003a000 08:01 144255                     /usr/lib/jvm/java-6-openjdk-amd64/jre/lib/amd64/libjdwp.so
7fc147fb7000-7fc147fb8000 rw-p 00039000 08:01 144255                     /usr/lib/jvm/java-6-openjdk-amd64/jre/lib/amd64/libjdwp.so
7fc147fb8000-7fc147fb9000 rw-p 00000000 00:00 0 
7fc147fb9000-7fc147fce000 r-xp 00000000 08:01 916440                     /lib/x86_64-linux-gnu/libnsl-2.13.so
7fc147fce000-7fc1481cd000 ---p 00015000 08:01 916440                     /lib/x86_64-linux-gnu/libnsl-2.13.so
7fc1481cd000-7fc1481ce000 r--p 00014000 08:01 916440                     /lib/x86_64-linux-gnu/libnsl-2.13.so
7fc1481ce000-7fc1481cf000 rw-p 00015000 08:01 916440                     /lib/x86_64-linux-gnu/libnsl-2.13.so
7fc1481cf000-7fc1481d1000 rw-p 00000000 00:00 0 
7fc1481d1000-7fc1481ff000 r-xp 00000000 08:01 144245                     /usr/lib/jvm/java-6-openjdk-amd64/jre/lib/amd64/libjava.so
7fc1481ff000-7fc1483fe000 ---p 0002e000 08:01 144245                     /usr/lib/jvm/java-6-openjdk-amd64/jre/lib/amd64/libjava.so
7fc1483fe000-7fc148402000 rw-p 0002d000 08:01 144245                     /usr/lib/jvm/java-6-openjdk-amd64/jre/lib/amd64/libjava.so
7fc148402000-7fc148411000 r-xp 00000000 08:01 144228                     /usr/lib/jvm/java-6-openjdk-amd64/jre/lib/amd64/libverify.so
7fc148411000-7fc148610000 ---p 0000f000 08:01 144228                     /usr/lib/jvm/java-6-openjdk-amd64/jre/lib/amd64/libverify.so
7fc148610000-7fc148612000 rw-p 0000e000 08:01 144228                     /usr/lib/jvm/java-6-openjdk-amd64/jre/lib/amd64/libverify.so
7fc148612000-7fc148619000 r-xp 00000000 08:01 916450                     /lib/x86_64-linux-gnu/librt-2.13.so
7fc148619000-7fc148818000 ---p 00007000 08:01 916450                     /lib/x86_64-linux-gnu/librt-2.13.so
7fc148818000-7fc148819000 r--p 00006000 08:01 916450                     /lib/x86_64-linux-gnu/librt-2.13.so
7fc148819000-7fc14881a000 rw-p 00007000 08:01 916450                     /lib/x86_64-linux-gnu/librt-2.13.so
7fc14881a000-7fc14882f000 r-xp 00000000 08:01 916059                     /lib/x86_64-linux-gnu/libgcc_s.so.1
7fc14882f000-7fc148a2f000 ---p 00015000 08:01 916059                     /lib/x86_64-linux-gnu/libgcc_s.so.1
7fc148a2f000-7fc148a30000 rw-p 00015000 08:01 916059                     /lib/x86_64-linux-gnu/libgcc_s.so.1
7fc148a30000-7fc148ab1000 r-xp 00000000 08:01 916437                     /lib/x86_64-linux-gnu/libm-2.13.so
7fc148ab1000-7fc148cb0000 ---p 00081000 08:01 916437                     /lib/x86_64-linux-gnu/libm-2.13.so
7fc148cb0000-7fc148cb1000 r--p 00080000 08:01 916437                     /lib/x86_64-linux-gnu/libm-2.13.so
7fc148cb1000-7fc148cb2000 rw-p 00081000 08:01 916437                     /lib/x86_64-linux-gnu/libm-2.13.so
7fc148cb2000-7fc148d9a000 r-xp 00000000 08:01 265105                     /usr/lib/x86_64-linux-gnu/libstdc++.so.6.0.17
7fc148d9a000-7fc148f9a000 ---p 000e8000 08:01 265105                     /usr/lib/x86_64-linux-gnu/libstdc++.so.6.0.17
7fc148f9a000-7fc148fa2000 r--p 000e8000 08:01 265105                     /usr/lib/x86_64-linux-gnu/libstdc++.so.6.0.17
7fc148fa2000-7fc148fa4000 rw-p 000f0000 08:01 265105                     /usr/lib/x86_64-linux-gnu/libstdc++.so.6.0.17
7fc148fa4000-7fc148fb9000 rw-p 00000000 00:00 0 
7fc148fb9000-7fc1498cd000 r-xp 00000000 08:01 144235                     /usr/lib/jvm/java-6-openjdk-amd64/jre/lib/amd64/server/libjvm.so
7fc1498cd000-7fc149acc000 ---p 00914000 08:01 144235                     /usr/lib/jvm/java-6-openjdk-amd64/jre/lib/amd64/server/libjvm.so
7fc149acc000-7fc149b68000 rw-p 00913000 08:01 144235                     /usr/lib/jvm/java-6-openjdk-amd64/jre/lib/amd64/server/libjvm.so
7fc149b68000-7fc149b91000 rw-p 00000000 00:00 0 
7fc149b91000-7fc149d13000 r-xp 00000000 08:01 916430                     /lib/x86_64-linux-gnu/libc-2.13.so
7fc149d13000-7fc149f12000 ---p 00182000 08:01 916430                     /lib/x86_64-linux-gnu/libc-2.13.so
7fc149f12000-7fc149f16000 r--p 00181000 08:01 916430                     /lib/x86_64-linux-gnu/libc-2.13.so
7fc149f16000-7fc149f17000 rw-p 00185000 08:01 916430                     /lib/x86_64-linux-gnu/libc-2.13.so
7fc149f17000-7fc149f1c000 rw-p 00000000 00:00 0 
7fc149f1c000-7fc149f1e000 r-xp 00000000 08:01 916444                     /lib/x86_64-linux-gnu/libdl-2.13.so
7fc149f1e000-7fc14a11e000 ---p 00002000 08:01 916444                     /lib/x86_64-linux-gnu/libdl-2.13.so
7fc14a11e000-7fc14a11f000 r--p 00002000 08:01 916444                     /lib/x86_64-linux-gnu/libdl-2.13.so
7fc14a11f000-7fc14a120000 rw-p 00003000 08:01 916444                     /lib/x86_64-linux-gnu/libdl-2.13.so
7fc14a120000-7fc14a124000 r-xp 00000000 08:01 144232                     /usr/lib/jvm/java-6-openjdk-amd64/jre/lib/amd64/jli/libjli.so
7fc14a124000-7fc14a323000 ---p 00004000 08:01 144232                     /usr/lib/jvm/java-6-openjdk-amd64/jre/lib/amd64/jli/libjli.so
7fc14a323000-7fc14a324000 rw-p 00003000 08:01 144232                     /usr/lib/jvm/java-6-openjdk-amd64/jre/lib/amd64/jli/libjli.so
7fc14a324000-7fc14a33b000 r-xp 00000000 08:01 916448                     /lib/x86_64-linux-gnu/libpthread-2.13.so
7fc14a33b000-7fc14a53a000 ---p 00017000 08:01 916448                     /lib/x86_64-linux-gnu/libpthread-2.13.so
7fc14a53a000-7fc14a53b000 r--p 00016000 08:01 916448                     /lib/x86_64-linux-gnu/libpthread-2.13.so
7fc14a53b000-7fc14a53c000 rw-p 00017000 08:01 916448                     /lib/x86_64-linux-gnu/libpthread-2.13.so
7fc14a53c000-7fc14a540000 rw-p 00000000 00:00 0 
7fc14a540000-7fc14a556000 r-xp 00000000 08:01 916168                     /lib/x86_64-linux-gnu/libz.so.1.2.7
7fc14a556000-7fc14a755000 ---p 00016000 08:01 916168                     /lib/x86_64-linux-gnu/libz.so.1.2.7
7fc14a755000-7fc14a756000 r--p 00015000 08:01 916168                     /lib/x86_64-linux-gnu/libz.so.1.2.7
7fc14a756000-7fc14a757000 rw-p 00016000 08:01 916168                     /lib/x86_64-linux-gnu/libz.so.1.2.7
7fc14a757000-7fc14a777000 r-xp 00000000 08:01 32                         /lib64/ld-2.13.so
7fc14a777000-7fc14a779000 r--s 001a1000 08:06 9437380                    /home/nemo9955/CodeStation/proiecte/Garden_Revolution/Garden_Revolution-desktop/libs/gdx-backend-lwjgl-natives.jar
7fc14a779000-7fc14a77c000 r--s 0000b000 08:06 9437369                    /home/nemo9955/CodeStation/proiecte/Garden_Revolution/Garden_Revolution-main/libs/tween-engine-api.jar
7fc14a77c000-7fc14a77f000 r--s 0007f000 08:01 143741                     /usr/lib/jvm/java-6-openjdk-common/jre/lib/jsse.jar
7fc14a77f000-7fc14a795000 r--s 00157000 08:06 9437270                    /home/nemo9955/CodeStation/proiecte/Garden_Revolution/Garden_Revolution-main/libs/gdx.jar
7fc14a795000-7fc14a79f000 rw-p 00000000 00:00 0 
7fc14a79f000-7fc14a855000 rw-p 00000000 00:00 0 
7fc14a855000-7fc14a858000 ---p 00000000 00:00 0 
7fc14a858000-7fc14a95b000 rw-p 00000000 00:00 0 
7fc14a95b000-7fc14a95c000 r--s 00002000 08:06 9437214                    /home/nemo9955/CodeStation/proiecte/Garden_Revolution/Garden_Revolution-main/libs/gdx-controllers.jar
7fc14a95c000-7fc14a960000 r--s 00039000 08:01 143733                     /usr/lib/jvm/java-6-openjdk-common/jre/lib/ext/sunpkcs11.jar
7fc14a960000-7fc14a962000 r--s 0000f000 08:01 143734                     /usr/lib/jvm/java-6-openjdk-common/jre/lib/ext/pulse-java.jar
7fc14a962000-7fc14a965000 r--s 00031000 08:01 143736                     /usr/lib/jvm/java-6-openjdk-common/jre/lib/ext/sunjce_provider.jar
7fc14a965000-7fc14a968000 r--s 00077000 08:01 143735                     /usr/lib/jvm/java-6-openjdk-common/jre/lib/ext/localedata.jar
7fc14a968000-7fc14a96a000 r--s 00001000 08:01 143737                     /usr/lib/jvm/java-6-openjdk-common/jre/lib/ext/dnsns.jar
7fc14a96a000-7fc14a96b000 r--s 00007000 08:01 916596                     /usr/share/java/java-atk-wrapper.jar
7fc14a96b000-7fc14a973000 rw-s 00000000 08:01 400812                     /tmp/hsperfdata_nemo9955/4775
7fc14a973000-7fc14a974000 rw-p 00000000 00:00 0 
7fc14a974000-7fc14a975000 r--p 00000000 00:00 0 
7fc14a975000-7fc14a976000 rw-p 00000000 00:00 0 
7fc14a976000-7fc14a977000 r--p 0001f000 08:01 32                         /lib64/ld-2.13.so
7fc14a977000-7fc14a978000 rw-p 00020000 08:01 32                         /lib64/ld-2.13.so
7fc14a978000-7fc14a979000 rw-p 00000000 00:00 0 
7fffaeeec000-7fffaef0d000 rw-p 00000000 00:00 0                          [stack]
7fffaefff000-7fffaf000000 r-xp 00000000 00:00 0                          [vdso]
ffffffffff600000-ffffffffff601000 r-xp 00000000 00:00 0                  [vsyscall]

VM Arguments:
jvm_args: -agentlib:jdwp=transport=dt_socket,suspend=y,address=localhost:49356 -Dfile.encoding=UTF-8 
java_command: com.nemo9955.garden_revolution.Main
Launcher Type: SUN_STANDARD

Environment Variables:
PATH=/home/nemo9955/bin:/usr/sbin:/sbin:/usr/local/bin:/usr/bin:/bin:/usr/local/games:/usr/games
LD_LIBRARY_PATH=/usr/lib/jvm/java-6-openjdk-amd64/jre/lib/amd64/server:/usr/lib/jvm/java-6-openjdk-amd64/jre/lib/amd64:/usr/lib/jvm/java-6-openjdk-amd64/jre/../lib/amd64
SHELL=/bin/bash
DISPLAY=:0.0

Signal Handlers:
SIGSEGV: [libjvm.so+0x791b10], sa_mask[0]=0x7ffbfeff, sa_flags=0x10000004
SIGBUS: [libjvm.so+0x791b10], sa_mask[0]=0x7ffbfeff, sa_flags=0x10000004
SIGFPE: [libjvm.so+0x65ace0], sa_mask[0]=0x7ffbfeff, sa_flags=0x10000004
SIGPIPE: [libjvm.so+0x65ace0], sa_mask[0]=0x7ffbfeff, sa_flags=0x10000004
SIGXFSZ: [libjvm.so+0x65ace0], sa_mask[0]=0x7ffbfeff, sa_flags=0x10000004
SIGILL: [libjvm.so+0x65ace0], sa_mask[0]=0x7ffbfeff, sa_flags=0x10000004
SIGUSR1: SIG_DFL, sa_mask[0]=0x00000000, sa_flags=0x00000000
SIGUSR2: [libjvm.so+0x65aec0], sa_mask[0]=0x00000004, sa_flags=0x10000004
SIGHUP: [libjvm.so+0x65d500], sa_mask[0]=0x7ffbfeff, sa_flags=0x10000004
SIGINT: [libjvm.so+0x65d500], sa_mask[0]=0x7ffbfeff, sa_flags=0x10000004
SIGTERM: [libjvm.so+0x65d500], sa_mask[0]=0x7ffbfeff, sa_flags=0x10000004
SIGQUIT: [libjvm.so+0x65d500], sa_mask[0]=0x7ffbfeff, sa_flags=0x10000004


---------------  S Y S T E M  ---------------

OS:7.3

uname:Linux 3.2.0-4-amd64 #1 SMP Debian 3.2.51-1 x86_64
libc:glibc 2.13 NPTL 2.13 
rlimit: STACK 8192k, CORE 0k, NPROC 25587, NOFILE 4096, AS infinity
load average:0.66 0.54 0.45

/proc/meminfo:
MemTotal:        3287396 kB
MemFree:          725348 kB
Buffers:           14408 kB
Cached:           314432 kB
SwapCached:         8952 kB
Active:          1737572 kB
Inactive:         666780 kB
Active(anon):    1607504 kB
Inactive(anon):   487176 kB
Active(file):     130068 kB
Inactive(file):   179604 kB
Unevictable:           0 kB
Mlocked:               0 kB
SwapTotal:       3025916 kB
SwapFree:        2941900 kB
Dirty:               676 kB
Writeback:             0 kB
AnonPages:       2067536 kB
Mapped:           169160 kB
Shmem:             19164 kB
Slab:              71368 kB
SReclaimable:      44776 kB
SUnreclaim:        26592 kB
KernelStack:        3952 kB
PageTables:        25444 kB
NFS_Unstable:          0 kB
Bounce:                0 kB
WritebackTmp:          0 kB
CommitLimit:     4669612 kB
Committed_AS:    4403732 kB
VmallocTotal:   34359738367 kB
VmallocUsed:      315844 kB
VmallocChunk:   34359419900 kB
HardwareCorrupted:     0 kB
AnonHugePages:         0 kB
HugePages_Total:       0
HugePages_Free:        0
HugePages_Rsvd:        0
HugePages_Surp:        0
Hugepagesize:       2048 kB
DirectMap4k:      114368 kB
DirectMap2M:     3227648 kB


CPU:total 2 (2 cores per cpu, 1 threads per core) family 6 model 23 stepping 10, cmov, cx8, fxsr, mmx, sse, sse2, sse3, ssse3, sse4.1

Memory: 4k page, physical 3287396k(725348k free), swap 3025916k(2941900k free)

vm_info: OpenJDK 64-Bit Server VM (20.0-b12) for linux-amd64 JRE (1.6.0_27-b27), built on Jul 12 2013 09:04:12 by "jmm" with gcc 4.7.2

time: Mon Feb 24 15:05:50 2014
elapsed time: 43 seconds

