#
# A fatal error has been detected by the Java Runtime Environment:
#
#  SIGBUS (0x7) at pc=0x00007f7239480ca0, pid=6511, tid=140128559470336
#
# JRE version: 6.0_27-b27
# Java VM: OpenJDK 64-Bit Server VM (20.0-b12 mixed mode linux-amd64 compressed oops)
# Derivative: IcedTea6 1.12.6
# Distribution: Debian GNU/Linux 7.1 (wheezy), package 6b27-1.12.6-1~deb7u1
# Problematic frame:
# 
[error occurred during error reporting (printing problematic frame), id 0x7]

# If you would like to submit a bug report, please include
# instructions how to reproduce the bug and visit:
#   http://icedtea.classpath.org/bugzilla
# The crash happened outside the Java Virtual Machine in native code.
# See problematic frame for where to report the bug.
#

---------------  T H R E A D  ---------------

Current thread (0x0000000002276000):  JavaThread "Thread-1" [_thread_in_native, id=6669, stack(0x00007f7238f29000,0x00007f723902a000)]

siginfo:si_signo=SIGBUS: si_errno=0, si_code=2 (BUS_ADRERR), si_addr=0x00007f7239480ca0

Registers:
RAX=0x00007f7239480ca0, RBX=0x00000000c3e42150, RCX=0x0000000000005731, RDX=0x00000000c3e50778
RSP=0x00007f7239028908, RBP=0x00007f7239028958, RSI=0x00007f7239028968, RDI=0x00000000022761d0
R8 =0x0000000000000000, R9 =0x0000000000000000, R10=0x00007f723d27ed3b, R11=0x00007f7242166ca0
R12=0x0000000000000000, R13=0x00000000c3e42148, R14=0x00007f7239028970, R15=0x0000000002276000
RIP=0x00007f7239480ca0, EFLAGS=0x0000000000010287, CSGSFS=0x0000000000000033, ERR=0x0000000000000014
  TRAPNO=0x000000000000000e

Top of Stack: (sp=0x00007f7239028908)
0x00007f7239028908:   00007f723d27ed68 0000000002276000
0x00007f7239028918:   00007f7239028918 0000000000000000
0x00007f7239028928:   00007f7239028970 00000000c3e50778
0x00007f7239028938:   0000000000000000 00000000c3e42150
0x00007f7239028948:   0000000000000000 00007f7239028978
0x00007f7239028958:   00007f72390289b8 00007f723d27385a
0x00007f7239028968:   00000000c3e4c418 00007f723d27bf58
0x00007f7239028978:   00007f7239028978 00000000c3e42050
0x00007f7239028988:   00007f72390289c8 00000000c3e50778
0x00007f7239028998:   0000000000000000 00000000c3e42088
0x00007f72390289a8:   00007f7239028978 00007f72390289d0
0x00007f72390289b8:   00007f7239028a10 00007f723d27385a
0x00007f72390289c8:   0000000000000000 00007f72390289d0
0x00007f72390289d8:   00000000c3e45ab0 00007f7239028a30
0x00007f72390289e8:   00000000c3e50778 0000000000000000
0x00007f72390289f8:   00000000c3e45b50 00007f72390289d0
0x00007f7239028a08:   00007f7239028a30 00007f7239028a78
0x00007f7239028a18:   00007f723d273d34 0000000000000000
0x00007f7239028a28:   0000000000000000 00000000f0333500
0x00007f7239028a38:   00007f7239028a38 00000000c3e29a4b
0x00007f7239028a48:   00007f7239028a80 00000000c3e391c0
0x00007f7239028a58:   0000000000000000 00000000c3e29a60
0x00007f7239028a68:   00007f7239028a30 00007f7239028a88
0x00007f7239028a78:   00007f7239028ac8 00007f723d27385a
0x00007f7239028a88:   00007f7239028a88 00000000c3e2ab88
0x00007f7239028a98:   00007f7239028ad0 00000000c3e391c0
0x00007f7239028aa8:   0000000000000000 00000000c3e2ab90
0x00007f7239028ab8:   00007f7239028a88 00007f7239028ad8
0x00007f7239028ac8:   00007f7239028b18 00007f723d27385a
0x00007f7239028ad8:   00007f7239028ad8 00000000c3e38668
0x00007f7239028ae8:   00007f7239028b28 00000000c3e3a7c8
0x00007f7239028af8:   0000000000000000 00000000c3e38680 

Instructions: (pc=0x00007f7239480ca0)
0x00007f7239480c80:   
[error occurred during error reporting (printing registers, top of stack, instructions near pc), id 0x7]

Register to memory mapping:

RAX=
[error occurred during error reporting (printing register info), id 0x7]

Stack: [0x00007f7238f29000,0x00007f723902a000],  sp=0x00007f7239028908,  free space=1022k
Native frames: (J=compiled Java code, j=interpreted, Vv=VM code, C=native code)

[error occurred during error reporting (printing native stack), id 0x7]

Java frames: (J=compiled Java code, j=interpreted, Vv=VM code)
j  org.lwjgl.opengl.LinuxDisplay.nLockAWT()V+0
j  org.lwjgl.opengl.LinuxDisplay.lockAWT()V+0
j  org.lwjgl.opengl.LinuxDisplay.resetDisplayMode()V+0
j  org.lwjgl.opengl.Display.reset()V+3
j  org.lwjgl.opengl.Display.access$000()V+0
j  org.lwjgl.opengl.Display$1.run()V+0
v  ~StubRoutines::call_stub

---------------  P R O C E S S  ---------------

Java Threads: ( => current thread )
=>0x0000000002276000 JavaThread "Thread-1" [_thread_in_native, id=6669, stack(0x00007f7238f29000,0x00007f723902a000)]
  0x0000000002439000 JavaThread "SIGTERM handler" daemon [_thread_blocked, id=6667, stack(0x00007f722d9f5000,0x00007f722daf6000)]
  0x00007f723638b800 JavaThread "Timer" [_thread_blocked, id=6539, stack(0x00007f7229d3b000,0x00007f7229e3c000)]
  0x00007f7234aee000 JavaThread "AsynchExecutor-Thread" daemon [_thread_blocked, id=6538, stack(0x00007f722d8f4000,0x00007f722d9f5000)]
  0x00007f72340f8000 JavaThread "DestroyJavaVM" [_thread_blocked, id=6514, stack(0x00007f7243330000,0x00007f7243431000)]
  0x00007f723405d000 JavaThread "AWT-XAWT" daemon [_thread_in_native, id=6529, stack(0x00007f7239bbc000,0x00007f7239cbd000)]
  0x00000000022de000 JavaThread "Java2D Disposer" daemon [_thread_blocked, id=6528, stack(0x00007f7239f5b000,0x00007f723a05c000)]
  0x000000000204b000 JavaThread "Low Memory Detector" daemon [_thread_blocked, id=6525, stack(0x00007f723bfb7000,0x00007f723c0b8000)]
  0x0000000002046800 JavaThread "C2 CompilerThread1" daemon [_thread_blocked, id=6524, stack(0x00007f723c0b8000,0x00007f723c1b9000)]
  0x0000000002041800 JavaThread "C2 CompilerThread0" daemon [_thread_blocked, id=6523, stack(0x00007f723c1b9000,0x00007f723c2ba000)]
  0x000000000203f800 JavaThread "Signal Dispatcher" daemon [_thread_blocked, id=6522, stack(0x00007f723c2ba000,0x00007f723c3bb000)]
  0x000000000201b000 JavaThread "Finalizer" daemon [_thread_blocked, id=6521, stack(0x00007f723c532000,0x00007f723c633000)]
  0x0000000002019000 JavaThread "Reference Handler" daemon [_thread_blocked, id=6520, stack(0x00007f723c633000,0x00007f723c734000)]

Other Threads:
  0x0000000002014000 VMThread [stack: 0x00007f723c734000,0x00007f723c835000] [id=6518]
  0x000000000204d800 WatcherThread [stack: 0x00007f723beb6000,0x00007f723bfb7000] [id=6526]

VM state:not at safepoint (normal execution)

VM Mutex/Monitor currently owned by a thread: None

Heap
 PSYoungGen      total 14976K, used 11090K [0x00000000ef400000, 0x00000000f04b0000, 0x0000000100000000)
  eden space 12864K, 77% used [0x00000000ef400000,0x00000000efdb99e0,0x00000000f0090000)
  from space 2112K, 53% used [0x00000000f02a0000,0x00000000f03bb130,0x00000000f04b0000)
  to   space 2112K, 0% used [0x00000000f0090000,0x00000000f0090000,0x00000000f02a0000)
 PSOldGen        total 34304K, used 0K [0x00000000cdc00000, 0x00000000cfd80000, 0x00000000ef400000)
  object space 34304K, 0% used [0x00000000cdc00000,0x00000000cdc00000,0x00000000cfd80000)
 PSPermGen       total 21248K, used 14729K [0x00000000c3600000, 0x00000000c4ac0000, 0x00000000cdc00000)
  object space 21248K, 69% used [0x00000000c3600000,0x00000000c4462728,0x00000000c4ac0000)

Code Cache  [0x00007f723d26e000, 0x00007f723d4de000, 0x00007f724026e000)
 total_blobs=755 nmethods=148 adapters=561 free_code_cache=49432768 largest_free_block=448

Dynamic libraries:
00400000-00409000 r-xp 00000000 08:01 144298                             /usr/lib/jvm/java-6-openjdk-amd64/jre/bin/java
00608000-00609000 rw-p 00008000 08:01 144298                             /usr/lib/jvm/java-6-openjdk-amd64/jre/bin/java
01fa3000-0315c000 rw-p 00000000 00:00 0                                  [heap]
4113e000-411bc000 rw-p 00000000 00:00 0 
41aef000-41af1000 r-xs 00000000 08:01 282064                             /tmp/glZupTQq (deleted)
c3600000-c4ac0000 rw-p 00000000 00:00 0 
c4ac0000-cdc00000 rw-p 00000000 00:00 0 
cdc00000-cfd80000 rw-p 00000000 00:00 0 
cfd80000-ef400000 rw-p 00000000 00:00 0 
ef400000-f04b0000 rw-p 00000000 00:00 0 
f04b0000-100000000 rw-p 00000000 00:00 0 
7f7229d3b000-7f7229d3e000 ---p 00000000 00:00 0 
7f7229d3e000-7f7229e3c000 rw-p 00000000 00:00 0 
7f7229e3c000-7f7229e5f000 r-xp 00000000 08:01 551347                     /tmp/libgdxnemo9955/b97b1fcd/libgdx-controllers-desktop64.so
7f7229e5f000-7f722a05f000 ---p 00023000 08:01 551347                     /tmp/libgdxnemo9955/b97b1fcd/libgdx-controllers-desktop64.so
7f722a05f000-7f722a060000 r--p 00023000 08:01 551347                     /tmp/libgdxnemo9955/b97b1fcd/libgdx-controllers-desktop64.so
7f722a060000-7f722a061000 rw-p 00024000 08:01 551347                     /tmp/libgdxnemo9955/b97b1fcd/libgdx-controllers-desktop64.so
7f722a061000-7f722a076000 r-xp 00000000 08:01 144247                     /usr/lib/jvm/java-6-openjdk-amd64/jre/lib/amd64/libnet.so
7f722a076000-7f722a275000 ---p 00015000 08:01 144247                     /usr/lib/jvm/java-6-openjdk-amd64/jre/lib/amd64/libnet.so
7f722a275000-7f722a276000 rw-p 00014000 08:01 144247                     /usr/lib/jvm/java-6-openjdk-amd64/jre/lib/amd64/libnet.so
7f722a276000-7f722a676000 rw-s bcf98000 00:05 5680                       /dev/nvidia0
7f722a676000-7f722aa76000 rw-s 02c6a000 00:05 5680                       /dev/nvidia0
7f722aa76000-7f722ac76000 rw-s 67bed000 00:05 5680                       /dev/nvidia0
7f722ac76000-7f722ae76000 rw-s 600fd000 00:05 5680                       /dev/nvidia0
7f722ae76000-7f722af76000 rw-s 62633000 00:05 5680                       /dev/nvidia0
7f722af76000-7f722afea000 rw-p 00000000 00:00 0 
7f722afea000-7f722c9ba000 r-xp 00000000 08:01 282961                     /usr/lib/x86_64-linux-gnu/libnvidia-glcore.so.304.88
7f722c9ba000-7f722cbb9000 ---p 019d0000 08:01 282961                     /usr/lib/x86_64-linux-gnu/libnvidia-glcore.so.304.88
7f722cbb9000-7f722d3ba000 rwxp 019cf000 08:01 282961                     /usr/lib/x86_64-linux-gnu/libnvidia-glcore.so.304.88
7f722d3ba000-7f722d3d4000 rwxp 00000000 00:00 0 
7f722d3d4000-7f722d3d7000 r-xp 00000000 08:01 551171                     /usr/lib/x86_64-linux-gnu/tls/libnvidia-tls.so.304.88
7f722d3d7000-7f722d5d6000 ---p 00003000 08:01 551171                     /usr/lib/x86_64-linux-gnu/tls/libnvidia-tls.so.304.88
7f722d5d6000-7f722d5d7000 rw-p 00002000 08:01 551171                     /usr/lib/x86_64-linux-gnu/tls/libnvidia-tls.so.304.88
7f722d5d7000-7f722d6a1000 r-xp 00000000 08:01 678444                     /usr/lib/x86_64-linux-gnu/nvidia/current/libGL.so.304.88
7f722d6a1000-7f722d8a1000 ---p 000ca000 08:01 678444                     /usr/lib/x86_64-linux-gnu/nvidia/current/libGL.so.304.88
7f722d8a1000-7f722d8de000 rwxp 000ca000 08:01 678444                     /usr/lib/x86_64-linux-gnu/nvidia/current/libGL.so.304.88
7f722d8de000-7f722d8f4000 rwxp 00000000 00:00 0 
7f722d8f4000-7f722d8f7000 ---p 00000000 00:00 0 
7f722d8f7000-7f722d9f5000 rw-p 00000000 00:00 0 
7f722d9f5000-7f722d9f8000 ---p 00000000 00:00 0 
7f722d9f8000-7f722daf6000 rw-p 00000000 00:00 0 
7f722daf6000-7f722daf9000 ---p 00000000 00:00 0 
7f722daf9000-7f722dbf7000 rw-p 00000000 00:00 0 
7f7231bf8000-7f7231bf9000 ---p 00000000 00:00 0 
7f7231bf9000-7f72323f9000 rw-p 00000000 00:00 0 
7f72323f9000-7f723240c000 r-xp 00000000 08:01 916431                     /lib/x86_64-linux-gnu/libresolv-2.13.so
7f723240c000-7f723260b000 ---p 00013000 08:01 916431                     /lib/x86_64-linux-gnu/libresolv-2.13.so
7f723260b000-7f723260c000 r--p 00012000 08:01 916431                     /lib/x86_64-linux-gnu/libresolv-2.13.so
7f723260c000-7f723260d000 rw-p 00013000 08:01 916431                     /lib/x86_64-linux-gnu/libresolv-2.13.so
7f723260d000-7f723260f000 rw-p 00000000 00:00 0 
7f723260f000-7f7232615000 r-xp 00000000 08:01 264971                     /usr/lib/x86_64-linux-gnu/libogg.so.0.8.0
7f7232615000-7f7232814000 ---p 00006000 08:01 264971                     /usr/lib/x86_64-linux-gnu/libogg.so.0.8.0
7f7232814000-7f7232815000 rw-p 00005000 08:01 264971                     /usr/lib/x86_64-linux-gnu/libogg.so.0.8.0
7f7232815000-7f7232841000 r-xp 00000000 08:01 265193                     /usr/lib/x86_64-linux-gnu/libvorbis.so.0.4.5
7f7232841000-7f7232a40000 ---p 0002c000 08:01 265193                     /usr/lib/x86_64-linux-gnu/libvorbis.so.0.4.5
7f7232a40000-7f7232a41000 r--p 0002b000 08:01 265193                     /usr/lib/x86_64-linux-gnu/libvorbis.so.0.4.5
7f7232a41000-7f7232a42000 rw-p 0002c000 08:01 265193                     /usr/lib/x86_64-linux-gnu/libvorbis.so.0.4.5
7f7232a42000-7f7232cf5000 r-xp 00000000 08:01 265195                     /usr/lib/x86_64-linux-gnu/libvorbisenc.so.2.0.8
7f7232cf5000-7f7232ef4000 ---p 002b3000 08:01 265195                     /usr/lib/x86_64-linux-gnu/libvorbisenc.so.2.0.8
7f7232ef4000-7f7232f10000 r--p 002b2000 08:01 265195                     /usr/lib/x86_64-linux-gnu/libvorbisenc.so.2.0.8
7f7232f10000-7f7232f11000 rw-p 002ce000 08:01 265195                     /usr/lib/x86_64-linux-gnu/libvorbisenc.so.2.0.8
7f7232f11000-7f7232f5c000 r-xp 00000000 08:01 264365                     /usr/lib/x86_64-linux-gnu/libFLAC.so.8.2.0
7f7232f5c000-7f723315b000 ---p 0004b000 08:01 264365                     /usr/lib/x86_64-linux-gnu/libFLAC.so.8.2.0
7f723315b000-7f723315c000 r--p 0004a000 08:01 264365                     /usr/lib/x86_64-linux-gnu/libFLAC.so.8.2.0
7f723315c000-7f723315d000 rw-p 0004b000 08:01 264365                     /usr/lib/x86_64-linux-gnu/libFLAC.so.8.2.0
7f723315d000-7f7233161000 r-xp 00000000 08:01 916163                     /lib/x86_64-linux-gnu/libuuid.so.1.3.0
7f7233161000-7f7233360000 ---p 00004000 08:01 916163                     /lib/x86_64-linux-gnu/libuuid.so.1.3.0
7f7233360000-7f7233361000 r--p 00003000 08:01 916163                     /lib/x86_64-linux-gnu/libuuid.so.1.3.0
7f7233361000-7f7233362000 rw-p 00004000 08:01 916163                     /lib/x86_64-linux-gnu/libuuid.so.1.3.0
7f7233362000-7f7233366000 r-xp 00000000 08:01 916027                     /lib/x86_64-linux-gnu/libattr.so.1.1.0
7f7233366000-7f7233565000 ---p 00004000 08:01 916027                     /lib/x86_64-linux-gnu/libattr.so.1.1.0
7f7233565000-7f7233566000 r--p 00003000 08:01 916027                     /lib/x86_64-linux-gnu/libattr.so.1.1.0
7f7233566000-7f7233567000 rw-p 00004000 08:01 916027                     /lib/x86_64-linux-gnu/libattr.so.1.1.0
7f7233567000-7f723356c000 r-xp 00000000 08:01 264468                     /usr/lib/x86_64-linux-gnu/libasyncns.so.0.3.1
7f723356c000-7f723376b000 ---p 00005000 08:01 264468                     /usr/lib/x86_64-linux-gnu/libasyncns.so.0.3.1
7f723376b000-7f723376c000 rw-p 00004000 08:01 264468                     /usr/lib/x86_64-linux-gnu/libasyncns.so.0.3.1
7f723376c000-7f72337cd000 r-xp 00000000 08:01 265087                     /usr/lib/x86_64-linux-gnu/libsndfile.so.1.0.25
7f72337cd000-7f72339cc000 ---p 00061000 08:01 265087                     /usr/lib/x86_64-linux-gnu/libsndfile.so.1.0.25
7f72339cc000-7f72339ce000 r--p 00060000 08:01 265087                     /usr/lib/x86_64-linux-gnu/libsndfile.so.1.0.25
7f72339ce000-7f72339cf000 rw-p 00062000 08:01 265087                     /usr/lib/x86_64-linux-gnu/libsndfile.so.1.0.25
7f72339cf000-7f72339d3000 rw-p 00000000 00:00 0 
7f72339d3000-7f72339dc000 r-xp 00000000 08:01 916165                     /lib/x86_64-linux-gnu/libwrap.so.0.7.6
7f72339dc000-7f7233bdb000 ---p 00009000 08:01 916165                     /lib/x86_64-linux-gnu/libwrap.so.0.7.6
7f7233bdb000-7f7233bdc000 r--p 00008000 08:01 916165                     /lib/x86_64-linux-gnu/libwrap.so.0.7.6
7f7233bdc000-7f7233bdd000 rw-p 00009000 08:01 916165                     /lib/x86_64-linux-gnu/libwrap.so.0.7.6
7f7233bdd000-7f7233bde000 rw-p 00000000 00:00 0 
7f7233bde000-7f7233be5000 r-xp 00000000 08:01 264394                     /usr/lib/x86_64-linux-gnu/libSM.so.6.0.1
7f7233be5000-7f7233de4000 ---p 00007000 08:01 264394                     /usr/lib/x86_64-linux-gnu/libSM.so.6.0.1
7f7233de4000-7f7233de5000 rw-p 00006000 08:01 264394                     /usr/lib/x86_64-linux-gnu/libSM.so.6.0.1
7f7233de5000-7f7233dfc000 r-xp 00000000 08:01 264375                     /usr/lib/x86_64-linux-gnu/libICE.so.6.3.0
7f7233dfc000-7f7233ffb000 ---p 00017000 08:01 264375                     /usr/lib/x86_64-linux-gnu/libICE.so.6.3.0
7f7233ffb000-7f7233ffd000 rw-p 00016000 08:01 264375                     /usr/lib/x86_64-linux-gnu/libICE.so.6.3.0
7f7233ffd000-7f7234000000 rw-p 00000000 00:00 0 
7f7234000000-7f7236638000 rw-p 00000000 00:00 0 
7f7236638000-7f7238000000 ---p 00000000 00:00 0 
7f72380cf000-7f72380d0000 r-xp 00000000 08:01 272883                     /usr/lib/x86_64-linux-gnu/libX11-xcb.so.1.0.0
7f72380d0000-7f72382cf000 ---p 00001000 08:01 272883                     /usr/lib/x86_64-linux-gnu/libX11-xcb.so.1.0.0
7f72382cf000-7f72382d0000 rw-p 00000000 08:01 272883                     /usr/lib/x86_64-linux-gnu/libX11-xcb.so.1.0.0
7f72382d0000-7f72382d4000 r-xp 00000000 08:01 916038                     /lib/x86_64-linux-gnu/libcap.so.2.22
7f72382d4000-7f72384d3000 ---p 00004000 08:01 916038                     /lib/x86_64-linux-gnu/libcap.so.2.22
7f72384d3000-7f72384d4000 rw-p 00003000 08:01 916038                     /lib/x86_64-linux-gnu/libcap.so.2.22
7f72384d4000-7f7238518000 r-xp 00000000 08:01 916060                     /lib/x86_64-linux-gnu/libdbus-1.so.3.7.2
7f7238518000-7f7238718000 ---p 00044000 08:01 916060                     /lib/x86_64-linux-gnu/libdbus-1.so.3.7.2
7f7238718000-7f7238719000 r--p 00044000 08:01 916060                     /lib/x86_64-linux-gnu/libdbus-1.so.3.7.2
7f7238719000-7f723871a000 rw-p 00045000 08:01 916060                     /lib/x86_64-linux-gnu/libdbus-1.so.3.7.2
7f723871a000-7f723877b000 r-xp 00000000 08:01 265339                     /usr/lib/x86_64-linux-gnu/pulseaudio/libpulsecommon-2.0.so
7f723877b000-7f723897a000 ---p 00061000 08:01 265339                     /usr/lib/x86_64-linux-gnu/pulseaudio/libpulsecommon-2.0.so
7f723897a000-7f723897b000 r--p 00060000 08:01 265339                     /usr/lib/x86_64-linux-gnu/pulseaudio/libpulsecommon-2.0.so
7f723897b000-7f723897d000 rw-p 00061000 08:01 265339                     /usr/lib/x86_64-linux-gnu/pulseaudio/libpulsecommon-2.0.so
7f723897d000-7f7238986000 r-xp 00000000 08:01 916072                     /lib/x86_64-linux-gnu/libjson.so.0.1.0
7f7238986000-7f7238b85000 ---p 00009000 08:01 916072                     /lib/x86_64-linux-gnu/libjson.so.0.1.0
7f7238b85000-7f7238b86000 r--p 00008000 08:01 916072                     /lib/x86_64-linux-gnu/libjson.so.0.1.0
7f7238b86000-7f7238b87000 rw-p 00009000 08:01 916072                     /lib/x86_64-linux-gnu/libjson.so.0.1.0
7f7238b87000-7f7238bd0000 r-xp 00000000 08:01 265053                     /usr/lib/x86_64-linux-gnu/libpulse.so.0.14.2
7f7238bd0000-7f7238dcf000 ---p 00049000 08:01 265053                     /usr/lib/x86_64-linux-gnu/libpulse.so.0.14.2
7f7238dcf000-7f7238dd0000 r--p 00048000 08:01 265053                     /usr/lib/x86_64-linux-gnu/libpulse.so.0.14.2
7f7238dd0000-7f7238dd1000 rw-p 00049000 08:01 265053                     /usr/lib/x86_64-linux-gnu/libpulse.so.0.14.2
7f7238f29000-7f7238f2c000 ---p 00000000 00:00 0 
7f7238f2c000-7f723902a000 rw-p 00000000 00:00 0 
7f723902a000-7f723902e000 r-xp 00000000 08:01 273334                     /usr/lib/x86_64-linux-gnu/libXxf86vm.so.1.0.0
7f723902e000-7f723922e000 ---p 00004000 08:01 273334                     /usr/lib/x86_64-linux-gnu/libXxf86vm.so.1.0.0
7f723922e000-7f723922f000 r--p 00004000 08:01 273334                     /usr/lib/x86_64-linux-gnu/libXxf86vm.so.1.0.0
7f723922f000-7f7239230000 rw-p 00005000 08:01 273334                     /usr/lib/x86_64-linux-gnu/libXxf86vm.so.1.0.0
7f7239230000-7f7239237000 r-xp 00000000 08:01 265883                     /usr/lib/x86_64-linux-gnu/libXrandr.so.2.2.0
7f7239237000-7f7239437000 ---p 00007000 08:01 265883                     /usr/lib/x86_64-linux-gnu/libXrandr.so.2.2.0
7f7239437000-7f7239438000 rw-p 00007000 08:01 265883                     /usr/lib/x86_64-linux-gnu/libXrandr.so.2.2.0
7f7239438000-7f72394a4000 r-xp 00000000 08:01 551356                     /tmp/libgdxnemo9955/7b43be9b/liblwjgl64.so (deleted)
7f72394a4000-7f72396a3000 ---p 0006c000 08:01 551356                     /tmp/libgdxnemo9955/7b43be9b/liblwjgl64.so (deleted)
7f72396a3000-7f72396a5000 r--p 0006b000 08:01 551356                     /tmp/libgdxnemo9955/7b43be9b/liblwjgl64.so (deleted)
7f72396a5000-7f72396a6000 rw-p 0006d000 08:01 551356                     /tmp/libgdxnemo9955/7b43be9b/liblwjgl64.so (deleted)
7f72396a6000-7f72396a7000 r-xp 00000000 08:01 144229                     /usr/lib/jvm/java-6-openjdk-amd64/jre/lib/amd64/libjawt.so
7f72396a7000-7f72398a6000 ---p 00001000 08:01 144229                     /usr/lib/jvm/java-6-openjdk-amd64/jre/lib/amd64/libjawt.so
7f72398a6000-7f72398a7000 rw-p 00000000 08:01 144229                     /usr/lib/jvm/java-6-openjdk-amd64/jre/lib/amd64/libjawt.so
7f72398a7000-7f72398ac000 r-xp 00000000 08:01 273531                     /usr/lib/x86_64-linux-gnu/libXfixes.so.3.1.0
7f72398ac000-7f7239aab000 ---p 00005000 08:01 273531                     /usr/lib/x86_64-linux-gnu/libXfixes.so.3.1.0
7f7239aab000-7f7239aac000 r--p 00004000 08:01 273531                     /usr/lib/x86_64-linux-gnu/libXfixes.so.3.1.0
7f7239aac000-7f7239aad000 rw-p 00005000 08:01 273531                     /usr/lib/x86_64-linux-gnu/libXfixes.so.3.1.0
7f7239aad000-7f7239ab6000 r--s 00000000 08:01 277048                     /var/cache/fontconfig/945677eb7aeaf62f1d50efc3fb3ec7d8-le64.cache-3
7f7239ab6000-7f7239abb000 r--s 00000000 08:01 271253                     /var/cache/fontconfig/6eb3985aa4124903f6ff08ba781cd364-le64.cache-3
7f7239abb000-7f7239ac4000 r--s 00000000 08:01 278568                     /var/cache/fontconfig/6d41288fd70b0be22e8c3a91e032eec0-le64.cache-3
7f7239ac4000-7f7239af2000 r--s 00000000 08:01 271260                     /var/cache/fontconfig/365b55f210c0a22e9a19e35191240f32-le64.cache-3
7f7239af2000-7f7239af5000 r--s 00000000 08:01 271247                     /var/cache/fontconfig/c57959a16110560c8d0fcea73374aeeb-le64.cache-3
7f7239af5000-7f7239afa000 r--s 00000000 08:01 271264                     /var/cache/fontconfig/3047814df9a2f067bd2d96a2b9c36e5a-le64.cache-3
7f7239b62000-7f7239b7f000 rw-s 36c61000 00:05 5680                       /dev/nvidia0
7f7239b7f000-7f7239bbc000 rw-p 00000000 00:00 0 
7f7239bbc000-7f7239bbf000 ---p 00000000 00:00 0 
7f7239bbf000-7f7239cbd000 rw-p 00000000 00:00 0 
7f7239cbd000-7f7239cc6000 r--s 00000000 08:01 277048                     /var/cache/fontconfig/945677eb7aeaf62f1d50efc3fb3ec7d8-le64.cache-3
7f7239cc6000-7f7239ccb000 r--s 00000000 08:01 271253                     /var/cache/fontconfig/6eb3985aa4124903f6ff08ba781cd364-le64.cache-3
7f7239ccb000-7f7239cd4000 r--s 00000000 08:01 278568                     /var/cache/fontconfig/6d41288fd70b0be22e8c3a91e032eec0-le64.cache-3
7f7239cd4000-7f7239d02000 r--s 00000000 08:01 271260                     /var/cache/fontconfig/365b55f210c0a22e9a19e35191240f32-le64.cache-3
7f7239d02000-7f7239d05000 r--s 00000000 08:01 271247                     /var/cache/fontconfig/c57959a16110560c8d0fcea73374aeeb-le64.cache-3
7f7239d05000-7f7239d0a000 r--s 00000000 08:01 271264                     /var/cache/fontconfig/3047814df9a2f067bd2d96a2b9c36e5a-le64.cache-3
7f7239d1d000-7f7239d27000 r-xp 00000000 08:01 264474                     /usr/lib/x86_64-linux-gnu/libXcursor.so.1.0.2
7f7239d27000-7f7239f26000 ---p 0000a000 08:01 264474                     /usr/lib/x86_64-linux-gnu/libXcursor.so.1.0.2
7f7239f26000-7f7239f27000 rw-p 00009000 08:01 264474                     /usr/lib/x86_64-linux-gnu/libXcursor.so.1.0.2
7f7239f27000-7f7239f29000 rw-p 00000000 00:00 0 
7f7239f29000-7f7239f2b000 rw-s 00000000 08:01 282064                     /tmp/glZupTQq (deleted)
7f7239f31000-7f7239f35000 rw-s 62621000 00:05 5680                       /dev/nvidia0
7f7239f39000-7f7239f3a000 rw-s fd060000 00:05 5680                       /dev/nvidia0
7f7239f3a000-7f7239f41000 r--s 00000000 08:01 282750                     /usr/lib/x86_64-linux-gnu/gconv/gconv-modules.cache
7f7239f41000-7f7239f52000 r--s 00000000 08:01 271249                     /var/cache/fontconfig/d52a8644073d54c13679302ca1180695-le64.cache-3
7f7239f52000-7f7239f59000 r--s 00000000 08:01 271258                     /var/cache/fontconfig/3f7329c5293ffd510edef78f73874cfd-le64.cache-3
7f7239f59000-7f7239f5b000 r--s 00000000 08:01 271267                     /var/cache/fontconfig/e13b20fdb08344e0e664864cc2ede53d-le64.cache-3
7f7239f5b000-7f7239f5e000 ---p 00000000 00:00 0 
7f7239f5e000-7f723a05c000 rw-p 00000000 00:00 0 
7f723a05c000-7f723a0f5000 r-xp 00000000 08:01 264650                     /usr/lib/x86_64-linux-gnu/libfreetype.so.6.8.1
7f723a0f5000-7f723a2f4000 ---p 00099000 08:01 264650                     /usr/lib/x86_64-linux-gnu/libfreetype.so.6.8.1
7f723a2f4000-7f723a2fa000 r--p 00098000 08:01 264650                     /usr/lib/x86_64-linux-gnu/libfreetype.so.6.8.1
7f723a2fa000-7f723a2fb000 rw-p 0009e000 08:01 264650                     /usr/lib/x86_64-linux-gnu/libfreetype.so.6.8.1
7f723a2fb000-7f723a343000 r-xp 00000000 08:01 144223                     /usr/lib/jvm/java-6-openjdk-amd64/jre/lib/amd64/libfontmanager.so
7f723a343000-7f723a543000 ---p 00048000 08:01 144223                     /usr/lib/jvm/java-6-openjdk-amd64/jre/lib/amd64/libfontmanager.so
7f723a543000-7f723a546000 rw-p 00048000 08:01 144223                     /usr/lib/jvm/java-6-openjdk-amd64/jre/lib/amd64/libfontmanager.so
7f723a546000-7f723a54b000 r-xp 00000000 08:01 264417                     /usr/lib/x86_64-linux-gnu/libXdmcp.so.6.0.0
7f723a54b000-7f723a74a000 ---p 00005000 08:01 264417                     /usr/lib/x86_64-linux-gnu/libXdmcp.so.6.0.0
7f723a74a000-7f723a74b000 rw-p 00004000 08:01 264417                     /usr/lib/x86_64-linux-gnu/libXdmcp.so.6.0.0
7f723a74b000-7f723a74d000 r-xp 00000000 08:01 264406                     /usr/lib/x86_64-linux-gnu/libXau.so.6.0.0
7f723a74d000-7f723a94d000 ---p 00002000 08:01 264406                     /usr/lib/x86_64-linux-gnu/libXau.so.6.0.0
7f723a94d000-7f723a94e000 rw-p 00002000 08:01 264406                     /usr/lib/x86_64-linux-gnu/libXau.so.6.0.0
7f723a94e000-7f723a96d000 r-xp 00000000 08:01 265852                     /usr/lib/x86_64-linux-gnu/libxcb.so.1.1.0
7f723a96d000-7f723ab6c000 ---p 0001f000 08:01 265852                     /usr/lib/x86_64-linux-gnu/libxcb.so.1.1.0
7f723ab6c000-7f723ab6d000 r--p 0001e000 08:01 265852                     /usr/lib/x86_64-linux-gnu/libxcb.so.1.1.0
7f723ab6d000-7f723ab6e000 rw-p 0001f000 08:01 265852                     /usr/lib/x86_64-linux-gnu/libxcb.so.1.1.0
7f723ab6e000-7f723ab7c000 r-xp 00000000 08:01 265075                     /usr/lib/x86_64-linux-gnu/libXi.so.6.1.0
7f723ab7c000-7f723ad7c000 ---p 0000e000 08:01 265075                     /usr/lib/x86_64-linux-gnu/libXi.so.6.1.0
7f723ad7c000-7f723ad7d000 rw-p 0000e000 08:01 265075                     /usr/lib/x86_64-linux-gnu/libXi.so.6.1.0
7f723ad7d000-7f723ad82000 r-xp 00000000 08:01 274483                     /usr/lib/x86_64-linux-gnu/libXtst.so.6.1.0
7f723ad82000-7f723af81000 ---p 00005000 08:01 274483                     /usr/lib/x86_64-linux-gnu/libXtst.so.6.1.0
7f723af81000-7f723af82000 rw-p 00004000 08:01 274483                     /usr/lib/x86_64-linux-gnu/libXtst.so.6.1.0
7f723af82000-7f723af8b000 r-xp 00000000 08:01 264343                     /usr/lib/x86_64-linux-gnu/libXrender.so.1.3.0
7f723af8b000-7f723b18a000 ---p 00009000 08:01 264343                     /usr/lib/x86_64-linux-gnu/libXrender.so.1.3.0
7f723b18a000-7f723b18b000 rw-p 00008000 08:01 264343                     /usr/lib/x86_64-linux-gnu/libXrender.so.1.3.0
7f723b18b000-7f723b2c0000 r-xp 00000000 08:01 265870                     /usr/lib/x86_64-linux-gnu/libX11.so.6.3.0
7f723b2c0000-7f723b4c0000 ---p 00135000 08:01 265870                     /usr/lib/x86_64-linux-gnu/libX11.so.6.3.0
7f723b4c0000-7f723b4c6000 rw-p 00135000 08:01 265870                     /usr/lib/x86_64-linux-gnu/libX11.so.6.3.0
7f723b4c6000-7f723b4d7000 r-xp 00000000 08:01 264595                     /usr/lib/x86_64-linux-gnu/libXext.so.6.4.0
7f723b4d7000-7f723b6d7000 ---p 00011000 08:01 264595                     /usr/lib/x86_64-linux-gnu/libXext.so.6.4.0
7f723b6d7000-7f723b6d8000 rw-p 00011000 08:01 264595                     /usr/lib/x86_64-linux-gnu/libXext.so.6.4.0
7f723b6d8000-7f723b6e9000 r--s 00000000 08:01 271249                     /var/cache/fontconfig/d52a8644073d54c13679302ca1180695-le64.cache-3
7f723b6e9000-7f723b6f0000 r--s 00000000 08:01 271258                     /var/cache/fontconfig/3f7329c5293ffd510edef78f73874cfd-le64.cache-3
7f723b6f0000-7f723b6f2000 r--s 00000000 08:01 271267                     /var/cache/fontconfig/e13b20fdb08344e0e664864cc2ede53d-le64.cache-3
7f723b6f2000-7f723b73f000 r-xp 00000000 08:01 144391                     /usr/lib/jvm/java-6-openjdk-amd64/jre/lib/amd64/xawt/libmawt.so
7f723b73f000-7f723b93e000 ---p 0004d000 08:01 144391                     /usr/lib/jvm/java-6-openjdk-amd64/jre/lib/amd64/xawt/libmawt.so
7f723b93e000-7f723b942000 rw-p 0004c000 08:01 144391                     /usr/lib/jvm/java-6-openjdk-amd64/jre/lib/amd64/xawt/libmawt.so
7f723b942000-7f723b943000 rw-p 00000000 00:00 0 
7f723b943000-7f723b9f3000 r-xp 00000000 08:01 144230                     /usr/lib/jvm/java-6-openjdk-amd64/jre/lib/amd64/libawt.so
7f723b9f3000-7f723bbf2000 ---p 000b0000 08:01 144230                     /usr/lib/jvm/java-6-openjdk-amd64/jre/lib/amd64/libawt.so
7f723bbf2000-7f723bbfe000 rw-p 000af000 08:01 144230                     /usr/lib/jvm/java-6-openjdk-amd64/jre/lib/amd64/libawt.so
7f723bbfe000-7f723bc22000 rw-p 00000000 00:00 0 
7f723bc22000-7f723bc91000 r-xp 00000000 08:01 551337                     /tmp/libgdxnemo9955/b4a54a2/libgdx64.so
7f723bc91000-7f723be90000 ---p 0006f000 08:01 551337                     /tmp/libgdxnemo9955/b4a54a2/libgdx64.so
7f723be90000-7f723be92000 r--p 0006e000 08:01 551337                     /tmp/libgdxnemo9955/b4a54a2/libgdx64.so
7f723be92000-7f723be93000 rw-p 00070000 08:01 551337                     /tmp/libgdxnemo9955/b4a54a2/libgdx64.so
7f723be93000-7f723be94000 rw-p 00000000 00:00 0 
7f723be94000-7f723be9b000 r--s 000fc000 08:01 143749                     /usr/lib/jvm/java-6-openjdk-common/jre/lib/resources.jar
7f723be9b000-7f723be9c000 r--s 00127000 08:06 9437307                    /home/nemo9955/CodeStation/proiecte/Garden_Revolution/Garden_Revolution-desktop/libs/gdx-natives.jar
7f723be9c000-7f723be9d000 r--s 00004000 08:06 9437342                    /home/nemo9955/CodeStation/proiecte/Garden_Revolution/Garden_Revolution-desktop/libs/gdx-controllers-desktop.jar
7f723be9d000-7f723be9e000 r--s 00100000 08:06 9437237                    /home/nemo9955/CodeStation/proiecte/Garden_Revolution/Garden_Revolution-desktop/libs/gdx-controllers-desktop-natives.jar
7f723be9e000-7f723beaf000 r--s 0012b000 08:06 9437394                    /home/nemo9955/CodeStation/proiecte/Garden_Revolution/Garden_Revolution-desktop/libs/gdx-backend-lwjgl.jar
7f723beaf000-7f723beb6000 r--s 0004c000 08:06 9437312                    /home/nemo9955/CodeStation/proiecte/Garden_Revolution/Garden_Revolution-main/libs/kryonet-2.21-all.jar
7f723beb6000-7f723beb7000 ---p 00000000 00:00 0 
7f723beb7000-7f723bfb7000 rw-p 00000000 00:00 0 
7f723bfb7000-7f723bfba000 ---p 00000000 00:00 0 
7f723bfba000-7f723c0b8000 rw-p 00000000 00:00 0 
7f723c0b8000-7f723c0bb000 ---p 00000000 00:00 0 
7f723c0bb000-7f723c1b9000 rw-p 00000000 00:00 0 
7f723c1b9000-7f723c1bc000 ---p 00000000 00:00 0 
7f723c1bc000-7f723c2ba000 rw-p 00000000 00:00 0 
7f723c2ba000-7f723c2bd000 ---p 00000000 00:00 0 
7f723c2bd000-7f723c3bb000 rw-p 00000000 00:00 0 
7f723c3bb000-7f723c532000 r--p 00000000 08:01 139605                     /usr/lib/locale/locale-archive
7f723c532000-7f723c535000 ---p 00000000 00:00 0 
7f723c535000-7f723c633000 rw-p 00000000 00:00 0 
7f723c633000-7f723c636000 ---p 00000000 00:00 0 
7f723c636000-7f723c734000 rw-p 00000000 00:00 0 
7f723c734000-7f723c735000 ---p 00000000 00:00 0 
7f723c735000-7f723cb6b000 rw-p 00000000 00:00 0 
7f723cb6b000-7f723ccff000 r--s 03807000 08:01 144270                     /usr/lib/jvm/java-6-openjdk-amd64/jre/lib/rt.jar
7f723ccff000-7f723cd27000 rw-p 00000000 00:00 0 
7f723cd27000-7f723cd28000 ---p 00000000 00:00 0 
7f723cd28000-7f723ce28000 rw-p 00000000 00:00 0 
7f723ce28000-7f723ce29000 ---p 00000000 00:00 0 
7f723ce29000-7f723cf34000 rw-p 00000000 00:00 0 
7f723cf34000-7f723cf7c000 rw-p 00000000 00:00 0 
7f723cf7c000-7f723cf8d000 rw-p 00000000 00:00 0 
7f723cf8d000-7f723d088000 rw-p 00000000 00:00 0 
7f723d088000-7f723d093000 rw-p 00000000 00:00 0 
7f723d093000-7f723d0db000 rw-p 00000000 00:00 0 
7f723d0db000-7f723d0ec000 rw-p 00000000 00:00 0 
7f723d0ec000-7f723d1e7000 rw-p 00000000 00:00 0 
7f723d1e7000-7f723d1f0000 rw-p 00000000 00:00 0 
7f723d1f0000-7f723d26d000 rw-p 00000000 00:00 0 
7f723d26d000-7f723d26e000 rw-p 00000000 00:00 0 
7f723d26e000-7f723d4de000 rwxp 00000000 00:00 0 
7f723d4de000-7f724026e000 rw-p 00000000 00:00 0 
7f724026e000-7f7240275000 r-xp 00000000 08:01 144259                     /usr/lib/jvm/java-6-openjdk-amd64/jre/lib/amd64/libzip.so
7f7240275000-7f7240474000 ---p 00007000 08:01 144259                     /usr/lib/jvm/java-6-openjdk-amd64/jre/lib/amd64/libzip.so
7f7240474000-7f7240475000 rw-p 00006000 08:01 144259                     /usr/lib/jvm/java-6-openjdk-amd64/jre/lib/amd64/libzip.so
7f7240475000-7f7240480000 r-xp 00000000 08:01 916446                     /lib/x86_64-linux-gnu/libnss_files-2.13.so
7f7240480000-7f724067f000 ---p 0000b000 08:01 916446                     /lib/x86_64-linux-gnu/libnss_files-2.13.so
7f724067f000-7f7240680000 r--p 0000a000 08:01 916446                     /lib/x86_64-linux-gnu/libnss_files-2.13.so
7f7240680000-7f7240681000 rw-p 0000b000 08:01 916446                     /lib/x86_64-linux-gnu/libnss_files-2.13.so
7f7240681000-7f724068b000 r-xp 00000000 08:01 916442                     /lib/x86_64-linux-gnu/libnss_nis-2.13.so
7f724068b000-7f724088a000 ---p 0000a000 08:01 916442                     /lib/x86_64-linux-gnu/libnss_nis-2.13.so
7f724088a000-7f724088b000 r--p 00009000 08:01 916442                     /lib/x86_64-linux-gnu/libnss_nis-2.13.so
7f724088b000-7f724088c000 rw-p 0000a000 08:01 916442                     /lib/x86_64-linux-gnu/libnss_nis-2.13.so
7f724088c000-7f7240893000 r-xp 00000000 08:01 916435                     /lib/x86_64-linux-gnu/libnss_compat-2.13.so
7f7240893000-7f7240a92000 ---p 00007000 08:01 916435                     /lib/x86_64-linux-gnu/libnss_compat-2.13.so
7f7240a92000-7f7240a93000 r--p 00006000 08:01 916435                     /lib/x86_64-linux-gnu/libnss_compat-2.13.so
7f7240a93000-7f7240a94000 rw-p 00007000 08:01 916435                     /lib/x86_64-linux-gnu/libnss_compat-2.13.so
7f7240a94000-7f7240aa9000 r-xp 00000000 08:01 916440                     /lib/x86_64-linux-gnu/libnsl-2.13.so
7f7240aa9000-7f7240ca8000 ---p 00015000 08:01 916440                     /lib/x86_64-linux-gnu/libnsl-2.13.so
7f7240ca8000-7f7240ca9000 r--p 00014000 08:01 916440                     /lib/x86_64-linux-gnu/libnsl-2.13.so
7f7240ca9000-7f7240caa000 rw-p 00015000 08:01 916440                     /lib/x86_64-linux-gnu/libnsl-2.13.so
7f7240caa000-7f7240cac000 rw-p 00000000 00:00 0 
7f7240cac000-7f7240cda000 r-xp 00000000 08:01 144245                     /usr/lib/jvm/java-6-openjdk-amd64/jre/lib/amd64/libjava.so
7f7240cda000-7f7240ed9000 ---p 0002e000 08:01 144245                     /usr/lib/jvm/java-6-openjdk-amd64/jre/lib/amd64/libjava.so
7f7240ed9000-7f7240edd000 rw-p 0002d000 08:01 144245                     /usr/lib/jvm/java-6-openjdk-amd64/jre/lib/amd64/libjava.so
7f7240edd000-7f7240eec000 r-xp 00000000 08:01 144228                     /usr/lib/jvm/java-6-openjdk-amd64/jre/lib/amd64/libverify.so
7f7240eec000-7f72410eb000 ---p 0000f000 08:01 144228                     /usr/lib/jvm/java-6-openjdk-amd64/jre/lib/amd64/libverify.so
7f72410eb000-7f72410ed000 rw-p 0000e000 08:01 144228                     /usr/lib/jvm/java-6-openjdk-amd64/jre/lib/amd64/libverify.so
7f72410ed000-7f72410f4000 r-xp 00000000 08:01 916450                     /lib/x86_64-linux-gnu/librt-2.13.so
7f72410f4000-7f72412f3000 ---p 00007000 08:01 916450                     /lib/x86_64-linux-gnu/librt-2.13.so
7f72412f3000-7f72412f4000 r--p 00006000 08:01 916450                     /lib/x86_64-linux-gnu/librt-2.13.so
7f72412f4000-7f72412f5000 rw-p 00007000 08:01 916450                     /lib/x86_64-linux-gnu/librt-2.13.so
7f72412f5000-7f724130a000 r-xp 00000000 08:01 916059                     /lib/x86_64-linux-gnu/libgcc_s.so.1
7f724130a000-7f724150a000 ---p 00015000 08:01 916059                     /lib/x86_64-linux-gnu/libgcc_s.so.1
7f724150a000-7f724150b000 rw-p 00015000 08:01 916059                     /lib/x86_64-linux-gnu/libgcc_s.so.1
7f724150b000-7f724158c000 r-xp 00000000 08:01 916437                     /lib/x86_64-linux-gnu/libm-2.13.so
7f724158c000-7f724178b000 ---p 00081000 08:01 916437                     /lib/x86_64-linux-gnu/libm-2.13.so
7f724178b000-7f724178c000 r--p 00080000 08:01 916437                     /lib/x86_64-linux-gnu/libm-2.13.so
7f724178c000-7f724178d000 rw-p 00081000 08:01 916437                     /lib/x86_64-linux-gnu/libm-2.13.so
7f724178d000-7f7241875000 r-xp 00000000 08:01 265105                     /usr/lib/x86_64-linux-gnu/libstdc++.so.6.0.17
7f7241875000-7f7241a75000 ---p 000e8000 08:01 265105                     /usr/lib/x86_64-linux-gnu/libstdc++.so.6.0.17
7f7241a75000-7f7241a7d000 r--p 000e8000 08:01 265105                     /usr/lib/x86_64-linux-gnu/libstdc++.so.6.0.17
7f7241a7d000-7f7241a7f000 rw-p 000f0000 08:01 265105                     /usr/lib/x86_64-linux-gnu/libstdc++.so.6.0.17
7f7241a7f000-7f7241a94000 rw-p 00000000 00:00 0 
7f7241a94000-7f72423a8000 r-xp 00000000 08:01 144235                     /usr/lib/jvm/java-6-openjdk-amd64/jre/lib/amd64/server/libjvm.so
7f72423a8000-7f72425a7000 ---p 00914000 08:01 144235                     /usr/lib/jvm/java-6-openjdk-amd64/jre/lib/amd64/server/libjvm.so
7f72425a7000-7f7242643000 rw-p 00913000 08:01 144235                     /usr/lib/jvm/java-6-openjdk-amd64/jre/lib/amd64/server/libjvm.so
7f7242643000-7f724266c000 rw-p 00000000 00:00 0 
7f724266c000-7f72427ee000 r-xp 00000000 08:01 916430                     /lib/x86_64-linux-gnu/libc-2.13.so
7f72427ee000-7f72429ed000 ---p 00182000 08:01 916430                     /lib/x86_64-linux-gnu/libc-2.13.so
7f72429ed000-7f72429f1000 r--p 00181000 08:01 916430                     /lib/x86_64-linux-gnu/libc-2.13.so
7f72429f1000-7f72429f2000 rw-p 00185000 08:01 916430                     /lib/x86_64-linux-gnu/libc-2.13.so
7f72429f2000-7f72429f7000 rw-p 00000000 00:00 0 
7f72429f7000-7f72429f9000 r-xp 00000000 08:01 916444                     /lib/x86_64-linux-gnu/libdl-2.13.so
7f72429f9000-7f7242bf9000 ---p 00002000 08:01 916444                     /lib/x86_64-linux-gnu/libdl-2.13.so
7f7242bf9000-7f7242bfa000 r--p 00002000 08:01 916444                     /lib/x86_64-linux-gnu/libdl-2.13.so
7f7242bfa000-7f7242bfb000 rw-p 00003000 08:01 916444                     /lib/x86_64-linux-gnu/libdl-2.13.so
7f7242bfb000-7f7242bff000 r-xp 00000000 08:01 144232                     /usr/lib/jvm/java-6-openjdk-amd64/jre/lib/amd64/jli/libjli.so
7f7242bff000-7f7242dfe000 ---p 00004000 08:01 144232                     /usr/lib/jvm/java-6-openjdk-amd64/jre/lib/amd64/jli/libjli.so
7f7242dfe000-7f7242dff000 rw-p 00003000 08:01 144232                     /usr/lib/jvm/java-6-openjdk-amd64/jre/lib/amd64/jli/libjli.so
7f7242dff000-7f7242e16000 r-xp 00000000 08:01 916448                     /lib/x86_64-linux-gnu/libpthread-2.13.so
7f7242e16000-7f7243015000 ---p 00017000 08:01 916448                     /lib/x86_64-linux-gnu/libpthread-2.13.so
7f7243015000-7f7243016000 r--p 00016000 08:01 916448                     /lib/x86_64-linux-gnu/libpthread-2.13.so
7f7243016000-7f7243017000 rw-p 00017000 08:01 916448                     /lib/x86_64-linux-gnu/libpthread-2.13.so
7f7243017000-7f724301b000 rw-p 00000000 00:00 0 
7f724301b000-7f7243031000 r-xp 00000000 08:01 916168                     /lib/x86_64-linux-gnu/libz.so.1.2.7
7f7243031000-7f7243230000 ---p 00016000 08:01 916168                     /lib/x86_64-linux-gnu/libz.so.1.2.7
7f7243230000-7f7243231000 r--p 00015000 08:01 916168                     /lib/x86_64-linux-gnu/libz.so.1.2.7
7f7243231000-7f7243232000 rw-p 00016000 08:01 916168                     /lib/x86_64-linux-gnu/libz.so.1.2.7
7f7243232000-7f7243252000 r-xp 00000000 08:01 32                         /lib64/ld-2.13.so
7f7243252000-7f7243254000 r--s 001a1000 08:06 9437380                    /home/nemo9955/CodeStation/proiecte/Garden_Revolution/Garden_Revolution-desktop/libs/gdx-backend-lwjgl-natives.jar
7f7243254000-7f7243257000 r--s 0000b000 08:06 9437369                    /home/nemo9955/CodeStation/proiecte/Garden_Revolution/Garden_Revolution-main/libs/tween-engine-api.jar
7f7243257000-7f724325a000 r--s 0007f000 08:01 143741                     /usr/lib/jvm/java-6-openjdk-common/jre/lib/jsse.jar
7f724325a000-7f7243270000 r--s 00157000 08:06 9437270                    /home/nemo9955/CodeStation/proiecte/Garden_Revolution/Garden_Revolution-main/libs/gdx.jar
7f7243270000-7f724327a000 rw-p 00000000 00:00 0 
7f724327a000-7f7243330000 rw-p 00000000 00:00 0 
7f7243330000-7f7243333000 ---p 00000000 00:00 0 
7f7243333000-7f7243436000 rw-p 00000000 00:00 0 
7f7243436000-7f7243437000 r--s 00002000 08:06 9437214                    /home/nemo9955/CodeStation/proiecte/Garden_Revolution/Garden_Revolution-main/libs/gdx-controllers.jar
7f7243437000-7f724343b000 r--s 00039000 08:01 143733                     /usr/lib/jvm/java-6-openjdk-common/jre/lib/ext/sunpkcs11.jar
7f724343b000-7f724343d000 r--s 0000f000 08:01 143734                     /usr/lib/jvm/java-6-openjdk-common/jre/lib/ext/pulse-java.jar
7f724343d000-7f7243440000 r--s 00031000 08:01 143736                     /usr/lib/jvm/java-6-openjdk-common/jre/lib/ext/sunjce_provider.jar
7f7243440000-7f7243443000 r--s 00077000 08:01 143735                     /usr/lib/jvm/java-6-openjdk-common/jre/lib/ext/localedata.jar
7f7243443000-7f7243445000 r--s 00001000 08:01 143737                     /usr/lib/jvm/java-6-openjdk-common/jre/lib/ext/dnsns.jar
7f7243445000-7f7243446000 r--s 00007000 08:01 916596                     /usr/share/java/java-atk-wrapper.jar
7f7243446000-7f724344e000 rw-s 00000000 08:01 400817                     /tmp/hsperfdata_nemo9955/6511
7f724344e000-7f724344f000 rw-p 00000000 00:00 0 
7f724344f000-7f7243450000 r--p 00000000 00:00 0 
7f7243450000-7f7243451000 rw-p 00000000 00:00 0 
7f7243451000-7f7243452000 r--p 0001f000 08:01 32                         /lib64/ld-2.13.so
7f7243452000-7f7243453000 rw-p 00020000 08:01 32                         /lib64/ld-2.13.so
7f7243453000-7f7243454000 rw-p 00000000 00:00 0 
7fff2b807000-7fff2b828000 rw-p 00000000 00:00 0                          [stack]
7fff2b90b000-7fff2b90c000 r-xp 00000000 00:00 0                          [vdso]
ffffffffff600000-ffffffffff601000 r-xp 00000000 00:00 0                  [vsyscall]

VM Arguments:
jvm_args: -Dfile.encoding=UTF-8 
java_command: com.nemo9955.garden_revolution.Main
Launcher Type: SUN_STANDARD

Environment Variables:
PATH=/home/nemo9955/bin:/usr/sbin:/sbin:/usr/local/bin:/usr/bin:/bin:/usr/local/games:/usr/games
LD_LIBRARY_PATH=/usr/lib/jvm/java-6-openjdk-amd64/jre/lib/amd64/server:/usr/lib/jvm/java-6-openjdk-amd64/jre/lib/amd64:/usr/lib/jvm/java-6-openjdk-amd64/jre/../lib/amd64
SHELL=/bin/bash
DISPLAY=:0.0

Signal Handlers:
SIGSEGV: [libjvm.so+0x791b10], sa_mask[0]=0x7ffbfeff, sa_flags=0x10000004
SIGBUS: [libjvm.so+0x791b10], sa_mask[0]=0x7ffbfeff, sa_flags=0x10000004
SIGFPE: [libjvm.so+0x65ace0], sa_mask[0]=0x7ffbfeff, sa_flags=0x10000004
SIGPIPE: [libjvm.so+0x65ace0], sa_mask[0]=0x7ffbfeff, sa_flags=0x10000004
SIGXFSZ: [libjvm.so+0x65ace0], sa_mask[0]=0x7ffbfeff, sa_flags=0x10000004
SIGILL: [libjvm.so+0x65ace0], sa_mask[0]=0x7ffbfeff, sa_flags=0x10000004
SIGUSR1: SIG_DFL, sa_mask[0]=0x00000000, sa_flags=0x00000000
SIGUSR2: [libjvm.so+0x65aec0], sa_mask[0]=0x00000004, sa_flags=0x10000004
SIGHUP: [libjvm.so+0x65d500], sa_mask[0]=0x7ffbfeff, sa_flags=0x10000004
SIGINT: [libjvm.so+0x65d500], sa_mask[0]=0x7ffbfeff, sa_flags=0x10000004
SIGTERM: [libjvm.so+0x65d500], sa_mask[0]=0x7ffbfeff, sa_flags=0x10000004
SIGQUIT: [libjvm.so+0x65d500], sa_mask[0]=0x7ffbfeff, sa_flags=0x10000004


---------------  S Y S T E M  ---------------

OS:7.3

uname:Linux 3.2.0-4-amd64 #1 SMP Debian 3.2.51-1 x86_64
libc:glibc 2.13 NPTL 2.13 
rlimit: STACK 8192k, CORE 0k, NPROC 25587, NOFILE 4096, AS infinity
load average:0.46 0.54 0.63

/proc/meminfo:
MemTotal:        3287396 kB
MemFree:          638628 kB
Buffers:           11228 kB
Cached:           293620 kB
SwapCached:         4776 kB
Active:          1847916 kB
Inactive:         583036 kB
Active(anon):    1696232 kB
Inactive(anon):   439608 kB
Active(file):     151684 kB
Inactive(file):   143428 kB
Unevictable:           0 kB
Mlocked:               0 kB
SwapTotal:       3025916 kB
SwapFree:        2902164 kB
Dirty:              2116 kB
Writeback:             0 kB
AnonPages:       2122532 kB
Mapped:           190092 kB
Shmem:              9736 kB
Slab:              77400 kB
SReclaimable:      46144 kB
SUnreclaim:        31256 kB
KernelStack:        4064 kB
PageTables:        25648 kB
NFS_Unstable:          0 kB
Bounce:                0 kB
WritebackTmp:          0 kB
CommitLimit:     4669612 kB
Committed_AS:    4249928 kB
VmallocTotal:   34359738367 kB
VmallocUsed:      315844 kB
VmallocChunk:   34359419900 kB
HardwareCorrupted:     0 kB
AnonHugePages:         0 kB
HugePages_Total:       0
HugePages_Free:        0
HugePages_Rsvd:        0
HugePages_Surp:        0
Hugepagesize:       2048 kB
DirectMap4k:      546496 kB
DirectMap2M:     2795520 kB


CPU:total 2 (2 cores per cpu, 1 threads per core) family 6 model 23 stepping 10, cmov, cx8, fxsr, mmx, sse, sse2, sse3, ssse3, sse4.1

Memory: 4k page, physical 3287396k(638628k free), swap 3025916k(2902164k free)

vm_info: OpenJDK 64-Bit Server VM (20.0-b12) for linux-amd64 JRE (1.6.0_27-b27), built on Jul 12 2013 09:04:12 by "jmm" with gcc 4.7.2

time: Mon Feb 24 16:21:11 2014
elapsed time: 349 seconds

