#
# A fatal error has been detected by the Java Runtime Environment:
#
#  SIGBUS (0x7) at pc=0x00007f6bec7e3740, pid=8161, tid=140101387212544
#
# JRE version: 6.0_27-b27
# Java VM: OpenJDK 64-Bit Server VM (20.0-b12 mixed mode linux-amd64 compressed oops)
# Derivative: IcedTea6 1.12.6
# Distribution: Debian GNU/Linux 7.1 (wheezy), package 6b27-1.12.6-1~deb7u1
# Problematic frame:
# 
[error occurred during error reporting (printing problematic frame), id 0x7]

# If you would like to submit a bug report, please include
# instructions how to reproduce the bug and visit:
#   http://icedtea.classpath.org/bugzilla
#

---------------  T H R E A D  ---------------

Current thread is native thread

siginfo:si_signo=SIGBUS: si_errno=0, si_code=2 (BUS_ADRERR), si_addr=0x00007f6bec7e3740

Registers:
RAX=0x0000000000000000, RBX=0x00007f6be56ace40, RCX=0x00007f6bfa7f68ad, RDX=0x0000000000000000
RSP=0x00007f6be56ace30, RBP=0x00007f6bf0090a60, RSI=0x00007f6be56ace30, RDI=0x0000000000000000
R8 =0x00007f6bf0090a00, R9 =0x0000000000000001, R10=0x00007f6bf00a68a4, R11=0x0000000000000000
R12=0x0000000000000000, R13=0x00007f6bf00a6880, R14=0x0000000000000008, R15=0x00007f6be56ace98
RIP=0x00007f6bec7e3740, EFLAGS=0x0000000000010217, CSGSFS=0x0000000000000033, ERR=0x0000000000000014
  TRAPNO=0x000000000000000e

Top of Stack: (sp=0x00007f6be56ace30)
0x00007f6be56ace30:   00007f6bf0090ae0 00007f6bec1456be
0x00007f6be56ace40:   0000000000000000 00000000000f4240
0x00007f6be56ace50:   00007f6bf00a6880 0000000000001f00
0x00007f6be56ace60:   00007f6bf0090a60 00007f6bec7ef5d3
0x00007f6be56ace70:   0000000000000000 00007f6be56ace90
0x00007f6be56ace80:   0000000000002000 0000000000006000
0x00007f6be56ace90:   00007f6be578e040 0000000000002000
0x00007f6be56acea0:   0000000000000000 00007f6bf00912f0
0x00007f6be56aceb0:   0000000000000000 00007f6bfae183f0
0x00007f6be56acec0:   00007f6be56ad9c0 00007f6bfae3b040
0x00007f6be56aced0:   0000000000000003 00007f6bec7e273a
0x00007f6be56acee0:   0000000000000000 00007f6bfa7eeb50
0x00007f6be56acef0:   0000000000000000 00007f6be56ad700
0x00007f6be56acf00:   0000000000000000 0000000000000000
0x00007f6be56acf10:   0000000000000000 0000000000000000
0x00007f6be56acf20:   0000000000000000 0000000000000000
0x00007f6be56acf30:   0000000000000000 0000000000000000
0x00007f6be56acf40:   0000000000000000 0000000000000000
0x00007f6be56acf50:   0000000000000000 0000000000000000
0x00007f6be56acf60:   0000000000000000 0000000000000000
0x00007f6be56acf70:   0000000000000000 0000000000000000
0x00007f6be56acf80:   00007f6be56ad700 75d0b1144ae9cbea
0x00007f6be56acf90:   00007f6bfae183f0 00007f6be56ad9c0
0x00007f6be56acfa0:   00007f6bfae3b040 0000000000000003
0x00007f6be56acfb0:   8b077bc1d709cbea 8b0745e99cc5cbea
0x00007f6be56acfc0:   0000000000000000 0000000000000000
0x00007f6be56acfd0:   0000000000000000 0000000000000000
0x00007f6be56acfe0:   0000000000000000 0000000000000000
0x00007f6be56acff0:   00007f6be56ad700 00007f6bfa1310ed
0x00007f6be56ad000:   0000000000000000 0000000000000000
0x00007f6be56ad010:   0000000000000000 0000000000000000
0x00007f6be56ad020:   0000000000000000 0000000000000000 

Instructions: (pc=0x00007f6bec7e3740)
0x00007f6bec7e3720:   
[error occurred during error reporting (printing registers, top of stack, instructions near pc), id 0x7]

Register to memory mapping:

RAX=0x0000000000000000 is an unknown value
RBX=0x00007f6be56ace40 is an unknown value
RCX=0x00007f6bfa7f68ad: __nanosleep+0x2d in /lib/x86_64-linux-gnu/libpthread.so.0 at 0x00007f6bfa7e8000
RDX=0x0000000000000000 is an unknown value
RSP=0x00007f6be56ace30 is an unknown value
RBP=0x00007f6bf0090a60 is an unknown value
RSI=0x00007f6be56ace30 is an unknown value
RDI=0x0000000000000000 is an unknown value
R8 =0x00007f6bf0090a00 is an unknown value
R9 =0x0000000000000001 is an unknown value
R10=0x00007f6bf00a68a4 is an unknown value
R11=0x0000000000000000 is an unknown value
R12=0x0000000000000000 is an unknown value
R13=0x00007f6bf00a6880 is an unknown value
R14=0x0000000000000008 is an unknown value
R15=0x00007f6be56ace98 is an unknown value


Stack: [0x00007f6be55ad000,0x00007f6be56ae000],  sp=0x00007f6be56ace30,  free space=1023k
Native frames: (J=compiled Java code, j=interpreted, Vv=VM code, C=native code)

[error occurred during error reporting (printing native stack), id 0x7]


---------------  P R O C E S S  ---------------

VM state:not at safepoint (normal execution)

VM Mutex/Monitor currently owned by a thread: None

Heap
 PSYoungGen      total 14976K, used 1863K [0x00000000ef400000, 0x00000000f04b0000, 0x0000000100000000)
  eden space 12864K, 6% used [0x00000000ef400000,0x00000000ef4d6740,0x00000000f0090000)
  from space 2112K, 47% used [0x00000000f0090000,0x00000000f018b8b0,0x00000000f02a0000)
  to   space 2112K, 0% used [0x00000000f02a0000,0x00000000f02a0000,0x00000000f04b0000)
 PSOldGen        total 34304K, used 0K [0x00000000cdc00000, 0x00000000cfd80000, 0x00000000ef400000)
  object space 34304K, 0% used [0x00000000cdc00000,0x00000000cdc00000,0x00000000cfd80000)
 PSPermGen       total 21248K, used 11067K [0x00000000c3600000, 0x00000000c4ac0000, 0x00000000cdc00000)
  object space 21248K, 52% used [0x00000000c3600000,0x00000000c40cefe0,0x00000000c4ac0000)

Code Cache  [0x00007f6bf4c57000, 0x00007f6bf4ec7000, 0x00007f6bf7c57000)
 total_blobs=526 nmethods=44 adapters=437 free_code_cache=49680960 largest_free_block=12544

Dynamic libraries:
00400000-00409000 r-xp 00000000 08:01 144298                             /usr/lib/jvm/java-6-openjdk-amd64/jre/bin/java
00608000-00609000 rw-p 00008000 08:01 144298                             /usr/lib/jvm/java-6-openjdk-amd64/jre/bin/java
01ef9000-02b05000 rw-p 00000000 00:00 0                                  [heap]
41085000-41087000 r-xs 00000000 08:01 283054                             /tmp/glQLu62p (deleted)
4163e000-416bc000 rw-p 00000000 00:00 0 
c3600000-c4ac0000 rw-p 00000000 00:00 0 
c4ac0000-cdc00000 rw-p 00000000 00:00 0 
cdc00000-cfd80000 rw-p 00000000 00:00 0 
cfd80000-ef400000 rw-p 00000000 00:00 0 
ef400000-f04b0000 rw-p 00000000 00:00 0 
f04b0000-100000000 rw-p 00000000 00:00 0 
7f6be2405000-7f6be2605000 rw-s b3902000 00:05 4796                       /dev/nvidia0
7f6be2605000-7f6be2805000 rw-s 09051000 00:05 4796                       /dev/nvidia0
7f6be2805000-7f6be2905000 rw-s 205ac000 00:05 4796                       /dev/nvidia0
7f6be2905000-7f6be29a3000 rw-p 00000000 00:00 0 
7f6be29a3000-7f6be2a17000 rw-p 00000000 00:00 0 
7f6be2aa1000-7f6be4471000 r-xp 00000000 08:01 282961                     /usr/lib/x86_64-linux-gnu/libnvidia-glcore.so.304.88
7f6be4471000-7f6be4670000 ---p 019d0000 08:01 282961                     /usr/lib/x86_64-linux-gnu/libnvidia-glcore.so.304.88
7f6be4670000-7f6be4e71000 rwxp 019cf000 08:01 282961                     /usr/lib/x86_64-linux-gnu/libnvidia-glcore.so.304.88
7f6be4e71000-7f6be4e8b000 rwxp 00000000 00:00 0 
7f6be4e8b000-7f6be4e8e000 r-xp 00000000 08:01 551171                     /usr/lib/x86_64-linux-gnu/tls/libnvidia-tls.so.304.88
7f6be4e8e000-7f6be508d000 ---p 00003000 08:01 551171                     /usr/lib/x86_64-linux-gnu/tls/libnvidia-tls.so.304.88
7f6be508d000-7f6be508e000 rw-p 00002000 08:01 551171                     /usr/lib/x86_64-linux-gnu/tls/libnvidia-tls.so.304.88
7f6be508e000-7f6be5158000 r-xp 00000000 08:01 678444                     /usr/lib/x86_64-linux-gnu/nvidia/current/libGL.so.304.88
7f6be5158000-7f6be5358000 ---p 000ca000 08:01 678444                     /usr/lib/x86_64-linux-gnu/nvidia/current/libGL.so.304.88
7f6be5358000-7f6be5395000 rwxp 000ca000 08:01 678444                     /usr/lib/x86_64-linux-gnu/nvidia/current/libGL.so.304.88
7f6be5395000-7f6be53ab000 rwxp 00000000 00:00 0 
7f6be53ab000-7f6be53ae000 ---p 00000000 00:00 0 
7f6be53ae000-7f6be54ac000 rw-p 00000000 00:00 0 
7f6be54ac000-7f6be54af000 ---p 00000000 00:00 0 
7f6be54af000-7f6be55ad000 rw-p 00000000 00:00 0 
7f6be55ad000-7f6be55ae000 ---p 00000000 00:00 0 
7f6be55ae000-7f6be56ae000 rw-p 00000000 00:00 0 
7f6be56ae000-7f6be96af000 rw-s 00000000 00:11 707379                     /run/shm/pulse-shm-4069034754
7f6be96af000-7f6be96b0000 ---p 00000000 00:00 0 
7f6be96b0000-7f6be9eb0000 rw-p 00000000 00:00 0 
7f6be9eb0000-7f6be9ec3000 r-xp 00000000 08:01 916431                     /lib/x86_64-linux-gnu/libresolv-2.13.so
7f6be9ec3000-7f6bea0c2000 ---p 00013000 08:01 916431                     /lib/x86_64-linux-gnu/libresolv-2.13.so
7f6bea0c2000-7f6bea0c3000 r--p 00012000 08:01 916431                     /lib/x86_64-linux-gnu/libresolv-2.13.so
7f6bea0c3000-7f6bea0c4000 rw-p 00013000 08:01 916431                     /lib/x86_64-linux-gnu/libresolv-2.13.so
7f6bea0c4000-7f6bea0c6000 rw-p 00000000 00:00 0 
7f6bea0c6000-7f6bea0cc000 r-xp 00000000 08:01 264971                     /usr/lib/x86_64-linux-gnu/libogg.so.0.8.0
7f6bea0cc000-7f6bea2cb000 ---p 00006000 08:01 264971                     /usr/lib/x86_64-linux-gnu/libogg.so.0.8.0
7f6bea2cb000-7f6bea2cc000 rw-p 00005000 08:01 264971                     /usr/lib/x86_64-linux-gnu/libogg.so.0.8.0
7f6bea2cc000-7f6bea2f8000 r-xp 00000000 08:01 265193                     /usr/lib/x86_64-linux-gnu/libvorbis.so.0.4.5
7f6bea2f8000-7f6bea4f7000 ---p 0002c000 08:01 265193                     /usr/lib/x86_64-linux-gnu/libvorbis.so.0.4.5
7f6bea4f7000-7f6bea4f8000 r--p 0002b000 08:01 265193                     /usr/lib/x86_64-linux-gnu/libvorbis.so.0.4.5
7f6bea4f8000-7f6bea4f9000 rw-p 0002c000 08:01 265193                     /usr/lib/x86_64-linux-gnu/libvorbis.so.0.4.5
7f6bea4f9000-7f6bea7ac000 r-xp 00000000 08:01 265195                     /usr/lib/x86_64-linux-gnu/libvorbisenc.so.2.0.8
7f6bea7ac000-7f6bea9ab000 ---p 002b3000 08:01 265195                     /usr/lib/x86_64-linux-gnu/libvorbisenc.so.2.0.8
7f6bea9ab000-7f6bea9c7000 r--p 002b2000 08:01 265195                     /usr/lib/x86_64-linux-gnu/libvorbisenc.so.2.0.8
7f6bea9c7000-7f6bea9c8000 rw-p 002ce000 08:01 265195                     /usr/lib/x86_64-linux-gnu/libvorbisenc.so.2.0.8
7f6bea9c8000-7f6beaa13000 r-xp 00000000 08:01 264365                     /usr/lib/x86_64-linux-gnu/libFLAC.so.8.2.0
7f6beaa13000-7f6beac12000 ---p 0004b000 08:01 264365                     /usr/lib/x86_64-linux-gnu/libFLAC.so.8.2.0
7f6beac12000-7f6beac13000 r--p 0004a000 08:01 264365                     /usr/lib/x86_64-linux-gnu/libFLAC.so.8.2.0
7f6beac13000-7f6beac14000 rw-p 0004b000 08:01 264365                     /usr/lib/x86_64-linux-gnu/libFLAC.so.8.2.0
7f6beac14000-7f6beac18000 r-xp 00000000 08:01 916163                     /lib/x86_64-linux-gnu/libuuid.so.1.3.0
7f6beac18000-7f6beae17000 ---p 00004000 08:01 916163                     /lib/x86_64-linux-gnu/libuuid.so.1.3.0
7f6beae17000-7f6beae18000 r--p 00003000 08:01 916163                     /lib/x86_64-linux-gnu/libuuid.so.1.3.0
7f6beae18000-7f6beae19000 rw-p 00004000 08:01 916163                     /lib/x86_64-linux-gnu/libuuid.so.1.3.0
7f6beae19000-7f6beae1d000 r-xp 00000000 08:01 916027                     /lib/x86_64-linux-gnu/libattr.so.1.1.0
7f6beae1d000-7f6beb01c000 ---p 00004000 08:01 916027                     /lib/x86_64-linux-gnu/libattr.so.1.1.0
7f6beb01c000-7f6beb01d000 r--p 00003000 08:01 916027                     /lib/x86_64-linux-gnu/libattr.so.1.1.0
7f6beb01d000-7f6beb01e000 rw-p 00004000 08:01 916027                     /lib/x86_64-linux-gnu/libattr.so.1.1.0
7f6beb01e000-7f6beb023000 r-xp 00000000 08:01 264468                     /usr/lib/x86_64-linux-gnu/libasyncns.so.0.3.1
7f6beb023000-7f6beb222000 ---p 00005000 08:01 264468                     /usr/lib/x86_64-linux-gnu/libasyncns.so.0.3.1
7f6beb222000-7f6beb223000 rw-p 00004000 08:01 264468                     /usr/lib/x86_64-linux-gnu/libasyncns.so.0.3.1
7f6beb223000-7f6beb284000 r-xp 00000000 08:01 265087                     /usr/lib/x86_64-linux-gnu/libsndfile.so.1.0.25
7f6beb284000-7f6beb483000 ---p 00061000 08:01 265087                     /usr/lib/x86_64-linux-gnu/libsndfile.so.1.0.25
7f6beb483000-7f6beb485000 r--p 00060000 08:01 265087                     /usr/lib/x86_64-linux-gnu/libsndfile.so.1.0.25
7f6beb485000-7f6beb486000 rw-p 00062000 08:01 265087                     /usr/lib/x86_64-linux-gnu/libsndfile.so.1.0.25
7f6beb486000-7f6beb48a000 rw-p 00000000 00:00 0 
7f6beb48a000-7f6beb493000 r-xp 00000000 08:01 916165                     /lib/x86_64-linux-gnu/libwrap.so.0.7.6
7f6beb493000-7f6beb692000 ---p 00009000 08:01 916165                     /lib/x86_64-linux-gnu/libwrap.so.0.7.6
7f6beb692000-7f6beb693000 r--p 00008000 08:01 916165                     /lib/x86_64-linux-gnu/libwrap.so.0.7.6
7f6beb693000-7f6beb694000 rw-p 00009000 08:01 916165                     /lib/x86_64-linux-gnu/libwrap.so.0.7.6
7f6beb694000-7f6beb695000 rw-p 00000000 00:00 0 
7f6beb695000-7f6beb69c000 r-xp 00000000 08:01 264394                     /usr/lib/x86_64-linux-gnu/libSM.so.6.0.1
7f6beb69c000-7f6beb89b000 ---p 00007000 08:01 264394                     /usr/lib/x86_64-linux-gnu/libSM.so.6.0.1
7f6beb89b000-7f6beb89c000 rw-p 00006000 08:01 264394                     /usr/lib/x86_64-linux-gnu/libSM.so.6.0.1
7f6beb89c000-7f6beb8b3000 r-xp 00000000 08:01 264375                     /usr/lib/x86_64-linux-gnu/libICE.so.6.3.0
7f6beb8b3000-7f6bebab2000 ---p 00017000 08:01 264375                     /usr/lib/x86_64-linux-gnu/libICE.so.6.3.0
7f6bebab2000-7f6bebab4000 rw-p 00016000 08:01 264375                     /usr/lib/x86_64-linux-gnu/libICE.so.6.3.0
7f6bebab4000-7f6bebab7000 rw-p 00000000 00:00 0 
7f6bebab7000-7f6bebab8000 r-xp 00000000 08:01 272883                     /usr/lib/x86_64-linux-gnu/libX11-xcb.so.1.0.0
7f6bebab8000-7f6bebcb7000 ---p 00001000 08:01 272883                     /usr/lib/x86_64-linux-gnu/libX11-xcb.so.1.0.0
7f6bebcb7000-7f6bebcb8000 rw-p 00000000 08:01 272883                     /usr/lib/x86_64-linux-gnu/libX11-xcb.so.1.0.0
7f6bebcb8000-7f6bebcbc000 r-xp 00000000 08:01 916038                     /lib/x86_64-linux-gnu/libcap.so.2.22
7f6bebcbc000-7f6bebebb000 ---p 00004000 08:01 916038                     /lib/x86_64-linux-gnu/libcap.so.2.22
7f6bebebb000-7f6bebebc000 rw-p 00003000 08:01 916038                     /lib/x86_64-linux-gnu/libcap.so.2.22
7f6bebebc000-7f6bebf00000 r-xp 00000000 08:01 916060                     /lib/x86_64-linux-gnu/libdbus-1.so.3.7.2
7f6bebf00000-7f6bec100000 ---p 00044000 08:01 916060                     /lib/x86_64-linux-gnu/libdbus-1.so.3.7.2
7f6bec100000-7f6bec101000 r--p 00044000 08:01 916060                     /lib/x86_64-linux-gnu/libdbus-1.so.3.7.2
7f6bec101000-7f6bec102000 rw-p 00045000 08:01 916060                     /lib/x86_64-linux-gnu/libdbus-1.so.3.7.2
7f6bec102000-7f6bec163000 r-xp 00000000 08:01 265339                     /usr/lib/x86_64-linux-gnu/pulseaudio/libpulsecommon-2.0.so
7f6bec163000-7f6bec362000 ---p 00061000 08:01 265339                     /usr/lib/x86_64-linux-gnu/pulseaudio/libpulsecommon-2.0.so
7f6bec362000-7f6bec363000 r--p 00060000 08:01 265339                     /usr/lib/x86_64-linux-gnu/pulseaudio/libpulsecommon-2.0.so
7f6bec363000-7f6bec365000 rw-p 00061000 08:01 265339                     /usr/lib/x86_64-linux-gnu/pulseaudio/libpulsecommon-2.0.so
7f6bec365000-7f6bec36e000 r-xp 00000000 08:01 916072                     /lib/x86_64-linux-gnu/libjson.so.0.1.0
7f6bec36e000-7f6bec56d000 ---p 00009000 08:01 916072                     /lib/x86_64-linux-gnu/libjson.so.0.1.0
7f6bec56d000-7f6bec56e000 r--p 00008000 08:01 916072                     /lib/x86_64-linux-gnu/libjson.so.0.1.0
7f6bec56e000-7f6bec56f000 rw-p 00009000 08:01 916072                     /lib/x86_64-linux-gnu/libjson.so.0.1.0
7f6bec56f000-7f6bec5b8000 r-xp 00000000 08:01 265053                     /usr/lib/x86_64-linux-gnu/libpulse.so.0.14.2
7f6bec5b8000-7f6bec7b7000 ---p 00049000 08:01 265053                     /usr/lib/x86_64-linux-gnu/libpulse.so.0.14.2
7f6bec7b7000-7f6bec7b8000 r--p 00048000 08:01 265053                     /usr/lib/x86_64-linux-gnu/libpulse.so.0.14.2
7f6bec7b8000-7f6bec7b9000 rw-p 00049000 08:01 265053                     /usr/lib/x86_64-linux-gnu/libpulse.so.0.14.2
7f6bec7b9000-7f6bec80e000 r-xp 00000000 08:01 283053                     /tmp/libgdxnemo9955/7b43be9b/libopenal64.so (deleted)
7f6bec80e000-7f6beca0d000 ---p 00055000 08:01 283053                     /tmp/libgdxnemo9955/7b43be9b/libopenal64.so (deleted)
7f6beca0d000-7f6beca10000 r--p 00054000 08:01 283053                     /tmp/libgdxnemo9955/7b43be9b/libopenal64.so (deleted)
7f6beca10000-7f6beca11000 rw-p 00057000 08:01 283053                     /tmp/libgdxnemo9955/7b43be9b/libopenal64.so (deleted)
7f6beca11000-7f6beca12000 rw-p 00000000 00:00 0 
7f6beca12000-7f6beca16000 r-xp 00000000 08:01 273334                     /usr/lib/x86_64-linux-gnu/libXxf86vm.so.1.0.0
7f6beca16000-7f6becc16000 ---p 00004000 08:01 273334                     /usr/lib/x86_64-linux-gnu/libXxf86vm.so.1.0.0
7f6becc16000-7f6becc17000 r--p 00004000 08:01 273334                     /usr/lib/x86_64-linux-gnu/libXxf86vm.so.1.0.0
7f6becc17000-7f6becc18000 rw-p 00005000 08:01 273334                     /usr/lib/x86_64-linux-gnu/libXxf86vm.so.1.0.0
7f6becc18000-7f6becc1f000 r-xp 00000000 08:01 265883                     /usr/lib/x86_64-linux-gnu/libXrandr.so.2.2.0
7f6becc1f000-7f6bece1f000 ---p 00007000 08:01 265883                     /usr/lib/x86_64-linux-gnu/libXrandr.so.2.2.0
7f6bece1f000-7f6bece20000 rw-p 00007000 08:01 265883                     /usr/lib/x86_64-linux-gnu/libXrandr.so.2.2.0
7f6bece20000-7f6bece8c000 r-xp 00000000 08:01 283052                     /tmp/libgdxnemo9955/7b43be9b/liblwjgl64.so (deleted)
7f6bece8c000-7f6bed08b000 ---p 0006c000 08:01 283052                     /tmp/libgdxnemo9955/7b43be9b/liblwjgl64.so (deleted)
7f6bed08b000-7f6bed08d000 r--p 0006b000 08:01 283052                     /tmp/libgdxnemo9955/7b43be9b/liblwjgl64.so (deleted)
7f6bed08d000-7f6bed08e000 rw-p 0006d000 08:01 283052                     /tmp/libgdxnemo9955/7b43be9b/liblwjgl64.so (deleted)
7f6bed08e000-7f6bed08f000 r-xp 00000000 08:01 144229                     /usr/lib/jvm/java-6-openjdk-amd64/jre/lib/amd64/libjawt.so
7f6bed08f000-7f6bed28e000 ---p 00001000 08:01 144229                     /usr/lib/jvm/java-6-openjdk-amd64/jre/lib/amd64/libjawt.so
7f6bed28e000-7f6bed28f000 rw-p 00000000 08:01 144229                     /usr/lib/jvm/java-6-openjdk-amd64/jre/lib/amd64/libjawt.so
7f6bed28f000-7f6bed294000 r-xp 00000000 08:01 273531                     /usr/lib/x86_64-linux-gnu/libXfixes.so.3.1.0
7f6bed294000-7f6bed493000 ---p 00005000 08:01 273531                     /usr/lib/x86_64-linux-gnu/libXfixes.so.3.1.0
7f6bed493000-7f6bed494000 r--p 00004000 08:01 273531                     /usr/lib/x86_64-linux-gnu/libXfixes.so.3.1.0
7f6bed494000-7f6bed495000 rw-p 00005000 08:01 273531                     /usr/lib/x86_64-linux-gnu/libXfixes.so.3.1.0
7f6bed495000-7f6bed49e000 r--s 00000000 08:01 277048                     /var/cache/fontconfig/945677eb7aeaf62f1d50efc3fb3ec7d8-le64.cache-3
7f6bed49e000-7f6bed4a3000 r--s 00000000 08:01 271253                     /var/cache/fontconfig/6eb3985aa4124903f6ff08ba781cd364-le64.cache-3
7f6bed4a3000-7f6bed4ac000 r--s 00000000 08:01 278568                     /var/cache/fontconfig/6d41288fd70b0be22e8c3a91e032eec0-le64.cache-3
7f6bed4ac000-7f6bed4da000 r--s 00000000 08:01 271260                     /var/cache/fontconfig/365b55f210c0a22e9a19e35191240f32-le64.cache-3
7f6bed4da000-7f6bed4dd000 r--s 00000000 08:01 271247                     /var/cache/fontconfig/c57959a16110560c8d0fcea73374aeeb-le64.cache-3
7f6bed4dd000-7f6bed4e2000 r--s 00000000 08:01 271264                     /var/cache/fontconfig/3047814df9a2f067bd2d96a2b9c36e5a-le64.cache-3
7f6bed4ea000-7f6bed52a000 rw-s 2cc38000 00:05 4796                       /dev/nvidia0
7f6bed52a000-7f6bed54a000 rw-s c57fc000 00:05 4796                       /dev/nvidia0
7f6bed54a000-7f6bed567000 rw-s 373f9000 00:05 4796                       /dev/nvidia0
7f6bed567000-7f6bed5a4000 rw-p 00000000 00:00 0 
7f6bed5a4000-7f6bed5a7000 ---p 00000000 00:00 0 
7f6bed5a7000-7f6bed6a5000 rw-p 00000000 00:00 0 
7f6bed6a5000-7f6bed6ae000 r--s 00000000 08:01 277048                     /var/cache/fontconfig/945677eb7aeaf62f1d50efc3fb3ec7d8-le64.cache-3
7f6bed6ae000-7f6bed6b3000 r--s 00000000 08:01 271253                     /var/cache/fontconfig/6eb3985aa4124903f6ff08ba781cd364-le64.cache-3
7f6bed6b3000-7f6bed6bc000 r--s 00000000 08:01 278568                     /var/cache/fontconfig/6d41288fd70b0be22e8c3a91e032eec0-le64.cache-3
7f6bed6bc000-7f6bed6ea000 r--s 00000000 08:01 271260                     /var/cache/fontconfig/365b55f210c0a22e9a19e35191240f32-le64.cache-3
7f6bed6ea000-7f6bed6ed000 r--s 00000000 08:01 271247                     /var/cache/fontconfig/c57959a16110560c8d0fcea73374aeeb-le64.cache-3
7f6bed6ed000-7f6bed6f2000 r--s 00000000 08:01 271264                     /var/cache/fontconfig/3047814df9a2f067bd2d96a2b9c36e5a-le64.cache-3
7f6bed705000-7f6bed70f000 r-xp 00000000 08:01 264474                     /usr/lib/x86_64-linux-gnu/libXcursor.so.1.0.2
7f6bed70f000-7f6bed90e000 ---p 0000a000 08:01 264474                     /usr/lib/x86_64-linux-gnu/libXcursor.so.1.0.2
7f6bed90e000-7f6bed90f000 rw-p 00009000 08:01 264474                     /usr/lib/x86_64-linux-gnu/libXcursor.so.1.0.2
7f6bed910000-7f6bed912000 rw-p 00000000 00:00 0 
7f6bed912000-7f6bed914000 rw-s 00000000 08:01 283054                     /tmp/glQLu62p (deleted)
7f6bed914000-7f6bed918000 rw-s 70d9c000 00:05 4796                       /dev/nvidia0
7f6bed918000-7f6bed919000 rw-s d0005000 00:05 4796                       /dev/nvidia0
7f6bed919000-7f6bed91a000 rw-s c6477000 00:05 4796                       /dev/nvidia0
7f6bed91a000-7f6bed91e000 rw-s 091c2000 00:05 4796                       /dev/nvidia0
7f6bed91e000-7f6bed91f000 rw-s fdc08000 00:05 4796                       /dev/nvidia0
7f6bed91f000-7f6bed920000 rw-s fd641000 00:05 4796                       /dev/nvidia0
7f6bed920000-7f6bed921000 rw-s 3724b000 00:05 4796                       /dev/nvidia0
7f6bed921000-7f6bed922000 rw-s b3851000 00:05 4796                       /dev/nvidia0
7f6bed922000-7f6bed929000 r--s 00000000 08:01 282750                     /usr/lib/x86_64-linux-gnu/gconv/gconv-modules.cache
7f6bed929000-7f6bed93a000 r--s 00000000 08:01 271249                     /var/cache/fontconfig/d52a8644073d54c13679302ca1180695-le64.cache-3
7f6bed93a000-7f6bed941000 r--s 00000000 08:01 271258                     /var/cache/fontconfig/3f7329c5293ffd510edef78f73874cfd-le64.cache-3
7f6bed941000-7f6bed943000 r--s 00000000 08:01 271267                     /var/cache/fontconfig/e13b20fdb08344e0e664864cc2ede53d-le64.cache-3
7f6bed943000-7f6bed946000 ---p 00000000 00:00 0 
7f6bed946000-7f6beda44000 rw-p 00000000 00:00 0 
7f6beda44000-7f6bedadd000 r-xp 00000000 08:01 264650                     /usr/lib/x86_64-linux-gnu/libfreetype.so.6.8.1
7f6bedadd000-7f6bedcdc000 ---p 00099000 08:01 264650                     /usr/lib/x86_64-linux-gnu/libfreetype.so.6.8.1
7f6bedcdc000-7f6bedce2000 r--p 00098000 08:01 264650                     /usr/lib/x86_64-linux-gnu/libfreetype.so.6.8.1
7f6bedce2000-7f6bedce3000 rw-p 0009e000 08:01 264650                     /usr/lib/x86_64-linux-gnu/libfreetype.so.6.8.1
7f6bedce3000-7f6bedd2b000 r-xp 00000000 08:01 144223                     /usr/lib/jvm/java-6-openjdk-amd64/jre/lib/amd64/libfontmanager.so
7f6bedd2b000-7f6bedf2b000 ---p 00048000 08:01 144223                     /usr/lib/jvm/java-6-openjdk-amd64/jre/lib/amd64/libfontmanager.so
7f6bedf2b000-7f6bedf2e000 rw-p 00048000 08:01 144223                     /usr/lib/jvm/java-6-openjdk-amd64/jre/lib/amd64/libfontmanager.so
7f6bedf2e000-7f6bedf33000 r-xp 00000000 08:01 264417                     /usr/lib/x86_64-linux-gnu/libXdmcp.so.6.0.0
7f6bedf33000-7f6bee132000 ---p 00005000 08:01 264417                     /usr/lib/x86_64-linux-gnu/libXdmcp.so.6.0.0
7f6bee132000-7f6bee133000 rw-p 00004000 08:01 264417                     /usr/lib/x86_64-linux-gnu/libXdmcp.so.6.0.0
7f6bee133000-7f6bee135000 r-xp 00000000 08:01 264406                     /usr/lib/x86_64-linux-gnu/libXau.so.6.0.0
7f6bee135000-7f6bee335000 ---p 00002000 08:01 264406                     /usr/lib/x86_64-linux-gnu/libXau.so.6.0.0
7f6bee335000-7f6bee336000 rw-p 00002000 08:01 264406                     /usr/lib/x86_64-linux-gnu/libXau.so.6.0.0
7f6bee336000-7f6bee355000 r-xp 00000000 08:01 265852                     /usr/lib/x86_64-linux-gnu/libxcb.so.1.1.0
7f6bee355000-7f6bee554000 ---p 0001f000 08:01 265852                     /usr/lib/x86_64-linux-gnu/libxcb.so.1.1.0
7f6bee554000-7f6bee555000 r--p 0001e000 08:01 265852                     /usr/lib/x86_64-linux-gnu/libxcb.so.1.1.0
7f6bee555000-7f6bee556000 rw-p 0001f000 08:01 265852                     /usr/lib/x86_64-linux-gnu/libxcb.so.1.1.0
7f6bee556000-7f6bee564000 r-xp 00000000 08:01 265075                     /usr/lib/x86_64-linux-gnu/libXi.so.6.1.0
7f6bee564000-7f6bee764000 ---p 0000e000 08:01 265075                     /usr/lib/x86_64-linux-gnu/libXi.so.6.1.0
7f6bee764000-7f6bee765000 rw-p 0000e000 08:01 265075                     /usr/lib/x86_64-linux-gnu/libXi.so.6.1.0
7f6bee765000-7f6bee76a000 r-xp 00000000 08:01 274483                     /usr/lib/x86_64-linux-gnu/libXtst.so.6.1.0
7f6bee76a000-7f6bee969000 ---p 00005000 08:01 274483                     /usr/lib/x86_64-linux-gnu/libXtst.so.6.1.0
7f6bee969000-7f6bee96a000 rw-p 00004000 08:01 274483                     /usr/lib/x86_64-linux-gnu/libXtst.so.6.1.0
7f6bee96a000-7f6bee973000 r-xp 00000000 08:01 264343                     /usr/lib/x86_64-linux-gnu/libXrender.so.1.3.0
7f6bee973000-7f6beeb72000 ---p 00009000 08:01 264343                     /usr/lib/x86_64-linux-gnu/libXrender.so.1.3.0
7f6beeb72000-7f6beeb73000 rw-p 00008000 08:01 264343                     /usr/lib/x86_64-linux-gnu/libXrender.so.1.3.0
7f6beeb73000-7f6beeca8000 r-xp 00000000 08:01 265870                     /usr/lib/x86_64-linux-gnu/libX11.so.6.3.0
7f6beeca8000-7f6beeea8000 ---p 00135000 08:01 265870                     /usr/lib/x86_64-linux-gnu/libX11.so.6.3.0
7f6beeea8000-7f6beeeae000 rw-p 00135000 08:01 265870                     /usr/lib/x86_64-linux-gnu/libX11.so.6.3.0
7f6beeeae000-7f6beeebf000 r-xp 00000000 08:01 264595                     /usr/lib/x86_64-linux-gnu/libXext.so.6.4.0
7f6beeebf000-7f6bef0bf000 ---p 00011000 08:01 264595                     /usr/lib/x86_64-linux-gnu/libXext.so.6.4.0
7f6bef0bf000-7f6bef0c0000 rw-p 00011000 08:01 264595                     /usr/lib/x86_64-linux-gnu/libXext.so.6.4.0
7f6bef0c0000-7f6bef0d1000 r--s 00000000 08:01 271249                     /var/cache/fontconfig/d52a8644073d54c13679302ca1180695-le64.cache-3
7f6bef0d1000-7f6bef0d8000 r--s 00000000 08:01 271258                     /var/cache/fontconfig/3f7329c5293ffd510edef78f73874cfd-le64.cache-3
7f6bef0d8000-7f6bef0da000 r--s 00000000 08:01 271267                     /var/cache/fontconfig/e13b20fdb08344e0e664864cc2ede53d-le64.cache-3
7f6bef0da000-7f6bef127000 r-xp 00000000 08:01 144391                     /usr/lib/jvm/java-6-openjdk-amd64/jre/lib/amd64/xawt/libmawt.so
7f6bef127000-7f6bef326000 ---p 0004d000 08:01 144391                     /usr/lib/jvm/java-6-openjdk-amd64/jre/lib/amd64/xawt/libmawt.so
7f6bef326000-7f6bef32a000 rw-p 0004c000 08:01 144391                     /usr/lib/jvm/java-6-openjdk-amd64/jre/lib/amd64/xawt/libmawt.so
7f6bef32a000-7f6bef32b000 rw-p 00000000 00:00 0 
7f6bef32b000-7f6bef3db000 r-xp 00000000 08:01 144230                     /usr/lib/jvm/java-6-openjdk-amd64/jre/lib/amd64/libawt.so
7f6bef3db000-7f6bef5da000 ---p 000b0000 08:01 144230                     /usr/lib/jvm/java-6-openjdk-amd64/jre/lib/amd64/libawt.so
7f6bef5da000-7f6bef5e6000 rw-p 000af000 08:01 144230                     /usr/lib/jvm/java-6-openjdk-amd64/jre/lib/amd64/libawt.so
7f6bef5e6000-7f6bef60a000 rw-p 00000000 00:00 0 
7f6bef60a000-7f6bef679000 r-xp 00000000 08:01 283042                     /tmp/libgdxnemo9955/b4a54a2/libgdx64.so
7f6bef679000-7f6bef878000 ---p 0006f000 08:01 283042                     /tmp/libgdxnemo9955/b4a54a2/libgdx64.so
7f6bef878000-7f6bef87a000 r--p 0006e000 08:01 283042                     /tmp/libgdxnemo9955/b4a54a2/libgdx64.so
7f6bef87a000-7f6bef87b000 rw-p 00070000 08:01 283042                     /tmp/libgdxnemo9955/b4a54a2/libgdx64.so
7f6bef87b000-7f6bef87c000 rw-p 00000000 00:00 0 
7f6bef87c000-7f6bef883000 r--s 000fc000 08:01 143749                     /usr/lib/jvm/java-6-openjdk-common/jre/lib/resources.jar
7f6bef883000-7f6bef884000 ---p 00000000 00:00 0 
7f6bef884000-7f6bef984000 rw-p 00000000 00:00 0 
7f6bef984000-7f6bef987000 ---p 00000000 00:00 0 
7f6bef987000-7f6befa85000 rw-p 00000000 00:00 0 
7f6befa85000-7f6befa88000 ---p 00000000 00:00 0 
7f6befa88000-7f6befb86000 rw-p 00000000 00:00 0 
7f6befb86000-7f6befb89000 ---p 00000000 00:00 0 
7f6befb89000-7f6befc87000 rw-p 00000000 00:00 0 
7f6befc87000-7f6befc8a000 ---p 00000000 00:00 0 
7f6befc8a000-7f6befd88000 rw-p 00000000 00:00 0 
7f6befd88000-7f6befeff000 r--p 00000000 08:01 139605                     /usr/lib/locale/locale-archive
7f6befeff000-7f6beff02000 ---p 00000000 00:00 0 
7f6beff02000-7f6bf0000000 rw-p 00000000 00:00 0 
7f6bf0000000-7f6bf0acf000 rw-p 00000000 00:00 0 
7f6bf0acf000-7f6bf4000000 ---p 00000000 00:00 0 
7f6bf4000000-7f6bf4001000 rw-s fd060000 00:05 4796                       /dev/nvidia0
7f6bf4001000-7f6bf4002000 r--s 00127000 08:06 9437307                    /home/nemo9955/CodeStation/proiecte/Garden_Revolution/Garden_Revolution-desktop/libs/gdx-natives.jar
7f6bf4002000-7f6bf4003000 r--s 00004000 08:06 9437342                    /home/nemo9955/CodeStation/proiecte/Garden_Revolution/Garden_Revolution-desktop/libs/gdx-controllers-desktop.jar
7f6bf4003000-7f6bf4004000 r--s 00100000 08:06 9437237                    /home/nemo9955/CodeStation/proiecte/Garden_Revolution/Garden_Revolution-desktop/libs/gdx-controllers-desktop-natives.jar
7f6bf4004000-7f6bf4015000 r--s 0012b000 08:06 9437394                    /home/nemo9955/CodeStation/proiecte/Garden_Revolution/Garden_Revolution-desktop/libs/gdx-backend-lwjgl.jar
7f6bf4015000-7f6bf401c000 r--s 0004c000 08:06 9437312                    /home/nemo9955/CodeStation/proiecte/Garden_Revolution/Garden_Revolution-main/libs/kryonet-2.21-all.jar
7f6bf401c000-7f6bf401f000 ---p 00000000 00:00 0 
7f6bf401f000-7f6bf411d000 rw-p 00000000 00:00 0 
7f6bf411d000-7f6bf411e000 ---p 00000000 00:00 0 
7f6bf411e000-7f6bf4554000 rw-p 00000000 00:00 0 
7f6bf4554000-7f6bf46e8000 r--s 03807000 08:01 144270                     /usr/lib/jvm/java-6-openjdk-amd64/jre/lib/rt.jar
7f6bf46e8000-7f6bf4710000 rw-p 00000000 00:00 0 
7f6bf4710000-7f6bf4711000 ---p 00000000 00:00 0 
7f6bf4711000-7f6bf4811000 rw-p 00000000 00:00 0 
7f6bf4811000-7f6bf4812000 ---p 00000000 00:00 0 
7f6bf4812000-7f6bf491d000 rw-p 00000000 00:00 0 
7f6bf491d000-7f6bf4965000 rw-p 00000000 00:00 0 
7f6bf4965000-7f6bf4976000 rw-p 00000000 00:00 0 
7f6bf4976000-7f6bf4a71000 rw-p 00000000 00:00 0 
7f6bf4a71000-7f6bf4a7c000 rw-p 00000000 00:00 0 
7f6bf4a7c000-7f6bf4ac4000 rw-p 00000000 00:00 0 
7f6bf4ac4000-7f6bf4ad5000 rw-p 00000000 00:00 0 
7f6bf4ad5000-7f6bf4bd0000 rw-p 00000000 00:00 0 
7f6bf4bd0000-7f6bf4bd9000 rw-p 00000000 00:00 0 
7f6bf4bd9000-7f6bf4c56000 rw-p 00000000 00:00 0 
7f6bf4c56000-7f6bf4c57000 rw-p 00000000 00:00 0 
7f6bf4c57000-7f6bf4ec7000 rwxp 00000000 00:00 0 
7f6bf4ec7000-7f6bf7c57000 rw-p 00000000 00:00 0 
7f6bf7c57000-7f6bf7c5e000 r-xp 00000000 08:01 144259                     /usr/lib/jvm/java-6-openjdk-amd64/jre/lib/amd64/libzip.so
7f6bf7c5e000-7f6bf7e5d000 ---p 00007000 08:01 144259                     /usr/lib/jvm/java-6-openjdk-amd64/jre/lib/amd64/libzip.so
7f6bf7e5d000-7f6bf7e5e000 rw-p 00006000 08:01 144259                     /usr/lib/jvm/java-6-openjdk-amd64/jre/lib/amd64/libzip.so
7f6bf7e5e000-7f6bf7e69000 r-xp 00000000 08:01 916446                     /lib/x86_64-linux-gnu/libnss_files-2.13.so
7f6bf7e69000-7f6bf8068000 ---p 0000b000 08:01 916446                     /lib/x86_64-linux-gnu/libnss_files-2.13.so
7f6bf8068000-7f6bf8069000 r--p 0000a000 08:01 916446                     /lib/x86_64-linux-gnu/libnss_files-2.13.so
7f6bf8069000-7f6bf806a000 rw-p 0000b000 08:01 916446                     /lib/x86_64-linux-gnu/libnss_files-2.13.so
7f6bf806a000-7f6bf8074000 r-xp 00000000 08:01 916442                     /lib/x86_64-linux-gnu/libnss_nis-2.13.so
7f6bf8074000-7f6bf8273000 ---p 0000a000 08:01 916442                     /lib/x86_64-linux-gnu/libnss_nis-2.13.so
7f6bf8273000-7f6bf8274000 r--p 00009000 08:01 916442                     /lib/x86_64-linux-gnu/libnss_nis-2.13.so
7f6bf8274000-7f6bf8275000 rw-p 0000a000 08:01 916442                     /lib/x86_64-linux-gnu/libnss_nis-2.13.so
7f6bf8275000-7f6bf827c000 r-xp 00000000 08:01 916435                     /lib/x86_64-linux-gnu/libnss_compat-2.13.so
7f6bf827c000-7f6bf847b000 ---p 00007000 08:01 916435                     /lib/x86_64-linux-gnu/libnss_compat-2.13.so
7f6bf847b000-7f6bf847c000 r--p 00006000 08:01 916435                     /lib/x86_64-linux-gnu/libnss_compat-2.13.so
7f6bf847c000-7f6bf847d000 rw-p 00007000 08:01 916435                     /lib/x86_64-linux-gnu/libnss_compat-2.13.so
7f6bf847d000-7f6bf8492000 r-xp 00000000 08:01 916440                     /lib/x86_64-linux-gnu/libnsl-2.13.so
7f6bf8492000-7f6bf8691000 ---p 00015000 08:01 916440                     /lib/x86_64-linux-gnu/libnsl-2.13.so
7f6bf8691000-7f6bf8692000 r--p 00014000 08:01 916440                     /lib/x86_64-linux-gnu/libnsl-2.13.so
7f6bf8692000-7f6bf8693000 rw-p 00015000 08:01 916440                     /lib/x86_64-linux-gnu/libnsl-2.13.so
7f6bf8693000-7f6bf8695000 rw-p 00000000 00:00 0 
7f6bf8695000-7f6bf86c3000 r-xp 00000000 08:01 144245                     /usr/lib/jvm/java-6-openjdk-amd64/jre/lib/amd64/libjava.so
7f6bf86c3000-7f6bf88c2000 ---p 0002e000 08:01 144245                     /usr/lib/jvm/java-6-openjdk-amd64/jre/lib/amd64/libjava.so
7f6bf88c2000-7f6bf88c6000 rw-p 0002d000 08:01 144245                     /usr/lib/jvm/java-6-openjdk-amd64/jre/lib/amd64/libjava.so
7f6bf88c6000-7f6bf88d5000 r-xp 00000000 08:01 144228                     /usr/lib/jvm/java-6-openjdk-amd64/jre/lib/amd64/libverify.so
7f6bf88d5000-7f6bf8ad4000 ---p 0000f000 08:01 144228                     /usr/lib/jvm/java-6-openjdk-amd64/jre/lib/amd64/libverify.so
7f6bf8ad4000-7f6bf8ad6000 rw-p 0000e000 08:01 144228                     /usr/lib/jvm/java-6-openjdk-amd64/jre/lib/amd64/libverify.so
7f6bf8ad6000-7f6bf8add000 r-xp 00000000 08:01 916450                     /lib/x86_64-linux-gnu/librt-2.13.so
7f6bf8add000-7f6bf8cdc000 ---p 00007000 08:01 916450                     /lib/x86_64-linux-gnu/librt-2.13.so
7f6bf8cdc000-7f6bf8cdd000 r--p 00006000 08:01 916450                     /lib/x86_64-linux-gnu/librt-2.13.so
7f6bf8cdd000-7f6bf8cde000 rw-p 00007000 08:01 916450                     /lib/x86_64-linux-gnu/librt-2.13.so
7f6bf8cde000-7f6bf8cf3000 r-xp 00000000 08:01 916059                     /lib/x86_64-linux-gnu/libgcc_s.so.1
7f6bf8cf3000-7f6bf8ef3000 ---p 00015000 08:01 916059                     /lib/x86_64-linux-gnu/libgcc_s.so.1
7f6bf8ef3000-7f6bf8ef4000 rw-p 00015000 08:01 916059                     /lib/x86_64-linux-gnu/libgcc_s.so.1
7f6bf8ef4000-7f6bf8f75000 r-xp 00000000 08:01 916437                     /lib/x86_64-linux-gnu/libm-2.13.so
7f6bf8f75000-7f6bf9174000 ---p 00081000 08:01 916437                     /lib/x86_64-linux-gnu/libm-2.13.so
7f6bf9174000-7f6bf9175000 r--p 00080000 08:01 916437                     /lib/x86_64-linux-gnu/libm-2.13.so
7f6bf9175000-7f6bf9176000 rw-p 00081000 08:01 916437                     /lib/x86_64-linux-gnu/libm-2.13.so
7f6bf9176000-7f6bf925e000 r-xp 00000000 08:01 265105                     /usr/lib/x86_64-linux-gnu/libstdc++.so.6.0.17
7f6bf925e000-7f6bf945e000 ---p 000e8000 08:01 265105                     /usr/lib/x86_64-linux-gnu/libstdc++.so.6.0.17
7f6bf945e000-7f6bf9466000 r--p 000e8000 08:01 265105                     /usr/lib/x86_64-linux-gnu/libstdc++.so.6.0.17
7f6bf9466000-7f6bf9468000 rw-p 000f0000 08:01 265105                     /usr/lib/x86_64-linux-gnu/libstdc++.so.6.0.17
7f6bf9468000-7f6bf947d000 rw-p 00000000 00:00 0 
7f6bf947d000-7f6bf9d91000 r-xp 00000000 08:01 144235                     /usr/lib/jvm/java-6-openjdk-amd64/jre/lib/amd64/server/libjvm.so
7f6bf9d91000-7f6bf9f90000 ---p 00914000 08:01 144235                     /usr/lib/jvm/java-6-openjdk-amd64/jre/lib/amd64/server/libjvm.so
7f6bf9f90000-7f6bfa02c000 rw-p 00913000 08:01 144235                     /usr/lib/jvm/java-6-openjdk-amd64/jre/lib/amd64/server/libjvm.so
7f6bfa02c000-7f6bfa055000 rw-p 00000000 00:00 0 
7f6bfa055000-7f6bfa1d7000 r-xp 00000000 08:01 916430                     /lib/x86_64-linux-gnu/libc-2.13.so
7f6bfa1d7000-7f6bfa3d6000 ---p 00182000 08:01 916430                     /lib/x86_64-linux-gnu/libc-2.13.so
7f6bfa3d6000-7f6bfa3da000 r--p 00181000 08:01 916430                     /lib/x86_64-linux-gnu/libc-2.13.so
7f6bfa3da000-7f6bfa3db000 rw-p 00185000 08:01 916430                     /lib/x86_64-linux-gnu/libc-2.13.so
7f6bfa3db000-7f6bfa3e0000 rw-p 00000000 00:00 0 
7f6bfa3e0000-7f6bfa3e2000 r-xp 00000000 08:01 916444                     /lib/x86_64-linux-gnu/libdl-2.13.so
7f6bfa3e2000-7f6bfa5e2000 ---p 00002000 08:01 916444                     /lib/x86_64-linux-gnu/libdl-2.13.so
7f6bfa5e2000-7f6bfa5e3000 r--p 00002000 08:01 916444                     /lib/x86_64-linux-gnu/libdl-2.13.so
7f6bfa5e3000-7f6bfa5e4000 rw-p 00003000 08:01 916444                     /lib/x86_64-linux-gnu/libdl-2.13.so
7f6bfa5e4000-7f6bfa5e8000 r-xp 00000000 08:01 144232                     /usr/lib/jvm/java-6-openjdk-amd64/jre/lib/amd64/jli/libjli.so
7f6bfa5e8000-7f6bfa7e7000 ---p 00004000 08:01 144232                     /usr/lib/jvm/java-6-openjdk-amd64/jre/lib/amd64/jli/libjli.so
7f6bfa7e7000-7f6bfa7e8000 rw-p 00003000 08:01 144232                     /usr/lib/jvm/java-6-openjdk-amd64/jre/lib/amd64/jli/libjli.so
7f6bfa7e8000-7f6bfa7ff000 r-xp 00000000 08:01 916448                     /lib/x86_64-linux-gnu/libpthread-2.13.so
7f6bfa7ff000-7f6bfa9fe000 ---p 00017000 08:01 916448                     /lib/x86_64-linux-gnu/libpthread-2.13.so
7f6bfa9fe000-7f6bfa9ff000 r--p 00016000 08:01 916448                     /lib/x86_64-linux-gnu/libpthread-2.13.so
7f6bfa9ff000-7f6bfaa00000 rw-p 00017000 08:01 916448                     /lib/x86_64-linux-gnu/libpthread-2.13.so
7f6bfaa00000-7f6bfaa04000 rw-p 00000000 00:00 0 
7f6bfaa04000-7f6bfaa1a000 r-xp 00000000 08:01 916168                     /lib/x86_64-linux-gnu/libz.so.1.2.7
7f6bfaa1a000-7f6bfac19000 ---p 00016000 08:01 916168                     /lib/x86_64-linux-gnu/libz.so.1.2.7
7f6bfac19000-7f6bfac1a000 r--p 00015000 08:01 916168                     /lib/x86_64-linux-gnu/libz.so.1.2.7
7f6bfac1a000-7f6bfac1b000 rw-p 00016000 08:01 916168                     /lib/x86_64-linux-gnu/libz.so.1.2.7
7f6bfac1b000-7f6bfac3b000 r-xp 00000000 08:01 32                         /lib64/ld-2.13.so
7f6bfac3b000-7f6bfac3d000 r--s 001a1000 08:06 9437380                    /home/nemo9955/CodeStation/proiecte/Garden_Revolution/Garden_Revolution-desktop/libs/gdx-backend-lwjgl-natives.jar
7f6bfac3d000-7f6bfac40000 r--s 0000b000 08:06 9437369                    /home/nemo9955/CodeStation/proiecte/Garden_Revolution/Garden_Revolution-main/libs/tween-engine-api.jar
7f6bfac40000-7f6bfac43000 r--s 0007f000 08:01 143741                     /usr/lib/jvm/java-6-openjdk-common/jre/lib/jsse.jar
7f6bfac43000-7f6bfac59000 r--s 00157000 08:06 9437270                    /home/nemo9955/CodeStation/proiecte/Garden_Revolution/Garden_Revolution-main/libs/gdx.jar
7f6bfac59000-7f6bfac63000 rw-p 00000000 00:00 0 
7f6bfac63000-7f6bfad19000 rw-p 00000000 00:00 0 
7f6bfad19000-7f6bfad1c000 ---p 00000000 00:00 0 
7f6bfad1c000-7f6bfae1f000 rw-p 00000000 00:00 0 
7f6bfae1f000-7f6bfae20000 r--s 00002000 08:06 9437214                    /home/nemo9955/CodeStation/proiecte/Garden_Revolution/Garden_Revolution-main/libs/gdx-controllers.jar
7f6bfae20000-7f6bfae24000 r--s 00039000 08:01 143733                     /usr/lib/jvm/java-6-openjdk-common/jre/lib/ext/sunpkcs11.jar
7f6bfae24000-7f6bfae26000 r--s 0000f000 08:01 143734                     /usr/lib/jvm/java-6-openjdk-common/jre/lib/ext/pulse-java.jar
7f6bfae26000-7f6bfae29000 r--s 00031000 08:01 143736                     /usr/lib/jvm/java-6-openjdk-common/jre/lib/ext/sunjce_provider.jar
7f6bfae29000-7f6bfae2c000 r--s 00077000 08:01 143735                     /usr/lib/jvm/java-6-openjdk-common/jre/lib/ext/localedata.jar
7f6bfae2c000-7f6bfae2e000 r--s 00001000 08:01 143737                     /usr/lib/jvm/java-6-openjdk-common/jre/lib/ext/dnsns.jar
7f6bfae2e000-7f6bfae2f000 r--s 00007000 08:01 916596                     /usr/share/java/java-atk-wrapper.jar
7f6bfae2f000-7f6bfae37000 rw-s 00000000 08:01 282252                     /tmp/hsperfdata_nemo9955/8161
7f6bfae37000-7f6bfae38000 rw-p 00000000 00:00 0 
7f6bfae38000-7f6bfae39000 r--p 00000000 00:00 0 
7f6bfae39000-7f6bfae3a000 rw-p 00000000 00:00 0 
7f6bfae3a000-7f6bfae3b000 r--p 0001f000 08:01 32                         /lib64/ld-2.13.so
7f6bfae3b000-7f6bfae3c000 rw-p 00020000 08:01 32                         /lib64/ld-2.13.so
7f6bfae3c000-7f6bfae3d000 rw-p 00000000 00:00 0 
7ffff66b1000-7ffff66d2000 rw-p 00000000 00:00 0                          [stack]
7ffff6730000-7ffff6731000 r-xp 00000000 00:00 0                          [vdso]
ffffffffff600000-ffffffffff601000 r-xp 00000000 00:00 0                  [vsyscall]

VM Arguments:
jvm_args: -Dfile.encoding=UTF-8 
java_command: com.nemo9955.garden_revolution.Main
Launcher Type: SUN_STANDARD

Environment Variables:
PATH=/home/nemo9955/bin:/usr/sbin:/sbin:/usr/local/bin:/usr/bin:/bin:/usr/local/games:/usr/games
LD_LIBRARY_PATH=/usr/lib/jvm/java-6-openjdk-amd64/jre/lib/amd64/server:/usr/lib/jvm/java-6-openjdk-amd64/jre/lib/amd64:/usr/lib/jvm/java-6-openjdk-amd64/jre/../lib/amd64
SHELL=/bin/bash
DISPLAY=:0.0

Signal Handlers:
SIGSEGV: [libjvm.so+0x791b10], sa_mask[0]=0x7ffbfeff, sa_flags=0x10000004
SIGBUS: [libjvm.so+0x791b10], sa_mask[0]=0x7ffbfeff, sa_flags=0x10000004
SIGFPE: [libjvm.so+0x65ace0], sa_mask[0]=0x7ffbfeff, sa_flags=0x10000004
SIGPIPE: [libjvm.so+0x65ace0], sa_mask[0]=0x7ffbfeff, sa_flags=0x10000004
SIGXFSZ: [libjvm.so+0x65ace0], sa_mask[0]=0x7ffbfeff, sa_flags=0x10000004
SIGILL: [libjvm.so+0x65ace0], sa_mask[0]=0x7ffbfeff, sa_flags=0x10000004
SIGUSR1: SIG_DFL, sa_mask[0]=0x00000000, sa_flags=0x00000000
SIGUSR2: [libjvm.so+0x65aec0], sa_mask[0]=0x00000004, sa_flags=0x10000004
SIGHUP: [libjvm.so+0x65d500], sa_mask[0]=0x7ffbfeff, sa_flags=0x10000004
SIGINT: [libjvm.so+0x65d500], sa_mask[0]=0x7ffbfeff, sa_flags=0x10000004
SIGTERM: [libjvm.so+0x65d500], sa_mask[0]=0x7ffbfeff, sa_flags=0x10000004
SIGQUIT: [libjvm.so+0x65d500], sa_mask[0]=0x7ffbfeff, sa_flags=0x10000004


---------------  S Y S T E M  ---------------

OS:7.3

uname:Linux 3.2.0-4-amd64 #1 SMP Debian 3.2.51-1 x86_64
libc:glibc 2.13 NPTL 2.13 
rlimit: STACK 8192k, CORE 0k, NPROC 25587, NOFILE 4096, AS infinity
load average:0.13 0.16 0.27

/proc/meminfo:
MemTotal:        3287396 kB
MemFree:           77128 kB
Buffers:           23724 kB
Cached:           722028 kB
SwapCached:         1476 kB
Active:          2268012 kB
Inactive:         774852 kB
Active(anon):    1901216 kB
Inactive(anon):   404380 kB
Active(file):     366796 kB
Inactive(file):   370472 kB
Unevictable:           0 kB
Mlocked:               0 kB
SwapTotal:       3025916 kB
SwapFree:        2967612 kB
Dirty:              1300 kB
Writeback:             0 kB
AnonPages:       2296236 kB
Mapped:           124728 kB
Shmem:              8332 kB
Slab:              76908 kB
SReclaimable:      47320 kB
SUnreclaim:        29588 kB
KernelStack:        3984 kB
PageTables:        29608 kB
NFS_Unstable:          0 kB
Bounce:                0 kB
WritebackTmp:          0 kB
CommitLimit:     4669612 kB
Committed_AS:    4798624 kB
VmallocTotal:   34359738367 kB
VmallocUsed:      321804 kB
VmallocChunk:   34359414004 kB
HardwareCorrupted:     0 kB
AnonHugePages:         0 kB
HugePages_Total:       0
HugePages_Free:        0
HugePages_Rsvd:        0
HugePages_Surp:        0
Hugepagesize:       2048 kB
DirectMap4k:      149184 kB
DirectMap2M:     3192832 kB


CPU:total 2 (2 cores per cpu, 1 threads per core) family 6 model 23 stepping 10, cmov, cx8, fxsr, mmx, sse, sse2, sse3, ssse3, sse4.1

Memory: 4k page, physical 3287396k(77128k free), swap 3025916k(2967612k free)

vm_info: OpenJDK 64-Bit Server VM (20.0-b12) for linux-amd64 JRE (1.6.0_27-b27), built on Jul 12 2013 09:04:12 by "jmm" with gcc 4.7.2

time: Sun Feb 23 18:45:42 2014
elapsed time: 1 seconds

