#
# A fatal error has been detected by the Java Runtime Environment:
#
#  SIGBUS (0x7) at pc=0x00007fb83358c120, pid=10957, tid=140429061052160
#
# JRE version: 6.0_27-b27
# Java VM: OpenJDK 64-Bit Server VM (20.0-b12 mixed mode linux-amd64 compressed oops)
# Derivative: IcedTea6 1.12.6
# Distribution: Debian GNU/Linux 7.1 (wheezy), package 6b27-1.12.6-1~deb7u1
# Problematic frame:
# 
[error occurred during error reporting (printing problematic frame), id 0x7]

# If you would like to submit a bug report, please include
# instructions how to reproduce the bug and visit:
#   http://icedtea.classpath.org/bugzilla
# The crash happened outside the Java Virtual Machine in native code.
# See problematic frame for where to report the bug.
#

---------------  T H R E A D  ---------------

Current thread (0x00007fb82c0d4800):  JavaThread "LWJGL Application" [_thread_in_native, id=10978, stack(0x00007fb8303cd000,0x00007fb8304ce000)]

siginfo:si_signo=SIGBUS: si_errno=0, si_code=2 (BUS_ADRERR), si_addr=0x00007fb83358c120

Registers:
RAX=0x00007fb83358c120, RBX=0x00000000c3f1cff8, RCX=0x0000000000000011, RDX=0x0000000000000de1
RSP=0x00007fb8304cbba8, RBP=0x00007fb8304cbc10, RSI=0x00007fb8304cbc20, RDI=0x00007fb82c0d49d0
R8 =0x00007fb8277da160, R9 =0x0000000000100000, R10=0x00007fb837385d3b, R11=0x00007fb83c26dca0
R12=0x0000000000000000, R13=0x00000000c3f1cff8, R14=0x00007fb8304cbc48, R15=0x00007fb82c0d4800
RIP=0x00007fb83358c120, EFLAGS=0x0000000000010283, CSGSFS=0x0000000000000033, ERR=0x0000000000000014
  TRAPNO=0x000000000000000e

Top of Stack: (sp=0x00007fb8304cbba8)
0x00007fb8304cbba8:   00007fb837385d68 00007fb8304cbbf0
0x00007fb8304cbbb8:   00000000c3e684a0 00000000c410e300
0x00007fb8304cbbc8:   00000000c3e66488 00007fb8304cbbd0
0x00007fb8304cbbd8:   0000000000000000 00007fb8304cbc48
0x00007fb8304cbbe8:   00000000c3f40600 0000000000000000
0x00007fb8304cbbf8:   00000000c3f1cff8 0000000000000000
0x00007fb8304cbc08:   00007fb8304cbc30 00007fb8304cbc90
0x00007fb8304cbc18:   00007fb83737a85a 00000000c3f40598
0x00007fb8304cbc28:   00007fb837382f58 00007fb8277da160
0x00007fb8304cbc38:   00007fb83737a85a 0000000000000011
0x00007fb8304cbc48:   0000000000000de1 00007fb8304cbc50
0x00007fb8304cbc58:   00000000c3f1cef8 00007fb8304cbcc0
0x00007fb8304cbc68:   00000000c3f40600 0000000000000000
0x00007fb8304cbc78:   00000000c3f1cf38 00007fb8304cbc30
0x00007fb8304cbc88:   00007fb8304cbcb8 00007fb8304cbd08
0x00007fb8304cbc98:   00007fb83737a85a 00007fb8277da160
0x00007fb8304cbca8:   0000000000000000 00000000f00ba398
0x00007fb8304cbcb8:   0000000000000011 0000000000000de1
0x00007fb8304cbcc8:   00007fb8304cbcc8 00000000c3f8c41a
0x00007fb8304cbcd8:   00007fb8304cbd28 00000000c3f95bf0
0x00007fb8304cbce8:   0000000000000000 00000000c3f8c450
0x00007fb8304cbcf8:   00007fb8304cbcb8 00007fb8304cbd18
0x00007fb8304cbd08:   00007fb8304cbd70 00007fb83737ad34
0x00007fb8304cbd18:   0000000000000011 0000000000000de1
0x00007fb8304cbd28:   00000000f00be8f8 00007fb8304cbd30
0x00007fb8304cbd38:   00000000c3fda8ab 00007fb8304cbd80
0x00007fb8304cbd48:   00000000c4023258 0000000000000000
0x00007fb8304cbd58:   00000000c3fda8c8 00007fb8304cbd18
0x00007fb8304cbd68:   00007fb8304cbd80 00007fb8304cbdc8
0x00007fb8304cbd78:   00007fb83737a85a 00000000efcb9650
0x00007fb8304cbd88:   00007fb8304cbd88 00000000c3fd7dc8
0x00007fb8304cbd98:   00007fb8304cbde0 00000000c407c7f8 

Instructions: (pc=0x00007fb83358c120)
0x00007fb83358c100:   
[error occurred during error reporting (printing registers, top of stack, instructions near pc), id 0x7]

Register to memory mapping:

RAX=
[error occurred during error reporting (printing register info), id 0x7]

Stack: [0x00007fb8303cd000,0x00007fb8304ce000],  sp=0x00007fb8304cbba8,  free space=1018k
Native frames: (J=compiled Java code, j=interpreted, Vv=VM code, C=native code)

[error occurred during error reporting (printing native stack), id 0x7]

Java frames: (J=compiled Java code, j=interpreted, Vv=VM code)
j  org.lwjgl.opengl.GL11.nglBindTexture(IIJ)V+0
j  org.lwjgl.opengl.GL11.glBindTexture(II)V+16
j  com.badlogic.gdx.backends.lwjgl.LwjglGL20.glBindTexture(II)V+2
j  com.badlogic.gdx.graphics.GLTexture.bind()V+11
j  com.badlogic.gdx.graphics.Texture.load(Lcom/badlogic/gdx/graphics/TextureData;)V+56
j  com.badlogic.gdx.graphics.Texture.<init>(Lcom/badlogic/gdx/graphics/TextureData;)V+12
j  com.badlogic.gdx.graphics.Texture.<init>(Lcom/badlogic/gdx/files/FileHandle;Lcom/badlogic/gdx/graphics/Pixmap$Format;Z)V+7
j  com.badlogic.gdx.graphics.Texture.<init>(Lcom/badlogic/gdx/files/FileHandle;Z)V+4
j  com.badlogic.gdx.graphics.g2d.BitmapFont.<init>(Lcom/badlogic/gdx/graphics/g2d/BitmapFont$BitmapFontData;[Lcom/badlogic/gdx/graphics/g2d/TextureRegion;Z)V+122
j  com.badlogic.gdx.graphics.g2d.BitmapFont.<init>(Lcom/badlogic/gdx/graphics/g2d/BitmapFont$BitmapFontData;Lcom/badlogic/gdx/graphics/g2d/TextureRegion;Z)V+19
j  com.badlogic.gdx.graphics.g2d.BitmapFont.<init>(Lcom/badlogic/gdx/files/FileHandle;Z)V+15
j  com.badlogic.gdx.scenes.scene2d.ui.Skin$3.read(Lcom/badlogic/gdx/utils/Json;Lcom/badlogic/gdx/utils/JsonValue;Ljava/lang/Class;)Lcom/badlogic/gdx/graphics/g2d/BitmapFont;+246
j  com.badlogic.gdx.scenes.scene2d.ui.Skin$3.read(Lcom/badlogic/gdx/utils/Json;Lcom/badlogic/gdx/utils/JsonValue;Ljava/lang/Class;)Ljava/lang/Object;+4
j  com.badlogic.gdx.utils.Json.readValue(Ljava/lang/Class;Ljava/lang/Class;Lcom/badlogic/gdx/utils/JsonValue;)Ljava/lang/Object;+196
j  com.badlogic.gdx.scenes.scene2d.ui.Skin$1.readValue(Ljava/lang/Class;Ljava/lang/Class;Lcom/badlogic/gdx/utils/JsonValue;)Ljava/lang/Object;+34
j  com.badlogic.gdx.utils.Json.readValue(Ljava/lang/Class;Lcom/badlogic/gdx/utils/JsonValue;)Ljava/lang/Object;+4
j  com.badlogic.gdx.scenes.scene2d.ui.Skin$2.readNamedObjects(Lcom/badlogic/gdx/utils/Json;Ljava/lang/Class;Lcom/badlogic/gdx/utils/JsonValue;)V+31
j  com.badlogic.gdx.scenes.scene2d.ui.Skin$2.read(Lcom/badlogic/gdx/utils/Json;Lcom/badlogic/gdx/utils/JsonValue;Ljava/lang/Class;)Lcom/badlogic/gdx/scenes/scene2d/ui/Skin;+23
j  com.badlogic.gdx.scenes.scene2d.ui.Skin$2.read(Lcom/badlogic/gdx/utils/Json;Lcom/badlogic/gdx/utils/JsonValue;Ljava/lang/Class;)Ljava/lang/Object;+4
j  com.badlogic.gdx.utils.Json.readValue(Ljava/lang/Class;Ljava/lang/Class;Lcom/badlogic/gdx/utils/JsonValue;)Ljava/lang/Object;+196
j  com.badlogic.gdx.scenes.scene2d.ui.Skin$1.readValue(Ljava/lang/Class;Ljava/lang/Class;Lcom/badlogic/gdx/utils/JsonValue;)Ljava/lang/Object;+34
j  com.badlogic.gdx.utils.Json.fromJson(Ljava/lang/Class;Lcom/badlogic/gdx/files/FileHandle;)Ljava/lang/Object;+14
j  com.badlogic.gdx.scenes.scene2d.ui.Skin.load(Lcom/badlogic/gdx/files/FileHandle;)V+9
j  com.badlogic.gdx.assets.loaders.SkinLoader.loadSync(Lcom/badlogic/gdx/assets/AssetManager;Ljava/lang/String;Lcom/badlogic/gdx/files/FileHandle;Lcom/badlogic/gdx/assets/loaders/SkinLoader$SkinParameter;)Lcom/badlogic/gdx/scenes/scene2d/ui/Skin;+135
j  com.badlogic.gdx.assets.loaders.SkinLoader.loadSync(Lcom/badlogic/gdx/assets/AssetManager;Ljava/lang/String;Lcom/badlogic/gdx/files/FileHandle;Lcom/badlogic/gdx/assets/AssetLoaderParameters;)Ljava/lang/Object;+9
j  com.badlogic.gdx.assets.AssetLoadingTask.handleAsyncLoader()V+311
j  com.badlogic.gdx.assets.AssetLoadingTask.update()Z+28
j  com.badlogic.gdx.assets.AssetManager.updateTask()Z+12
j  com.badlogic.gdx.assets.AssetManager.update()Z+50
j  com.nemo9955.garden_revolution.states.SplashScreen.render(F)V+14
j  com.badlogic.gdx.Game.render()V+19
j  com.badlogic.gdx.backends.lwjgl.LwjglApplication.mainLoop()V+642
j  com.badlogic.gdx.backends.lwjgl.LwjglApplication$1.run()V+27
v  ~StubRoutines::call_stub

---------------  P R O C E S S  ---------------

Java Threads: ( => current thread )
  0x00007fb82c2a8800 JavaThread "AsynchExecutor-Thread" daemon [_thread_blocked, id=10983, stack(0x00007fb8302cc000,0x00007fb8303cd000)]
  0x00007fb82c0d5800 JavaThread "DestroyJavaVM" [_thread_blocked, id=10959, stack(0x00007fb83d437000,0x00007fb83d538000)]
=>0x00007fb82c0d4800 JavaThread "LWJGL Application" [_thread_in_native, id=10978, stack(0x00007fb8303cd000,0x00007fb8304ce000)]
  0x00007fb82c061000 JavaThread "AWT-XAWT" daemon [_thread_in_native, id=10974, stack(0x00007fb833cc3000,0x00007fb833dc4000)]
  0x000000000278c800 JavaThread "Java2D Disposer" daemon [_thread_blocked, id=10973, stack(0x00007fb834062000,0x00007fb834163000)]
  0x00000000024f5000 JavaThread "Low Memory Detector" daemon [_thread_blocked, id=10971, stack(0x00007fb8360be000,0x00007fb8361bf000)]
  0x00000000024f0800 JavaThread "C2 CompilerThread1" daemon [_thread_blocked, id=10970, stack(0x00007fb8361bf000,0x00007fb8362c0000)]
  0x00000000024eb000 JavaThread "C2 CompilerThread0" daemon [_thread_blocked, id=10969, stack(0x00007fb8362c0000,0x00007fb8363c1000)]
  0x00000000024e9800 JavaThread "Signal Dispatcher" daemon [_thread_blocked, id=10968, stack(0x00007fb8363c1000,0x00007fb8364c2000)]
  0x00000000024c5000 JavaThread "Finalizer" daemon [_thread_blocked, id=10967, stack(0x00007fb836639000,0x00007fb83673a000)]
  0x00000000024c3000 JavaThread "Reference Handler" daemon [_thread_blocked, id=10966, stack(0x00007fb83673a000,0x00007fb83683b000)]

Other Threads:
  0x00000000024be000 VMThread [stack: 0x00007fb83683b000,0x00007fb83693c000] [id=10965]
  0x00000000024f7800 WatcherThread [stack: 0x00007fb835fbd000,0x00007fb8360be000] [id=10972]

VM state:not at safepoint (normal execution)

VM Mutex/Monitor currently owned by a thread: None

Heap
 PSYoungGen      total 14976K, used 9985K [0x00000000ef400000, 0x00000000f04b0000, 0x0000000100000000)
  eden space 12864K, 70% used [0x00000000ef400000,0x00000000efcccda0,0x00000000f0090000)
  from space 2112K, 46% used [0x00000000f0090000,0x00000000f01838b0,0x00000000f02a0000)
  to   space 2112K, 0% used [0x00000000f02a0000,0x00000000f02a0000,0x00000000f04b0000)
 PSOldGen        total 34304K, used 0K [0x00000000cdc00000, 0x00000000cfd80000, 0x00000000ef400000)
  object space 34304K, 0% used [0x00000000cdc00000,0x00000000cdc00000,0x00000000cfd80000)
 PSPermGen       total 21248K, used 11503K [0x00000000c3600000, 0x00000000c4ac0000, 0x00000000cdc00000)
  object space 21248K, 54% used [0x00000000c3600000,0x00000000c413bc00,0x00000000c4ac0000)

Code Cache  [0x00007fb837375000, 0x00007fb8375e5000, 0x00007fb83a375000)
 total_blobs=560 nmethods=69 adapters=445 free_code_cache=49628672 largest_free_block=11840

Dynamic libraries:
00400000-00409000 r-xp 00000000 08:01 144298                             /usr/lib/jvm/java-6-openjdk-amd64/jre/bin/java
00608000-00609000 rw-p 00008000 08:01 144298                             /usr/lib/jvm/java-6-openjdk-amd64/jre/bin/java
0244d000-03d8d000 rw-p 00000000 00:00 0                                  [heap]
41814000-41816000 r-xs 00000000 08:01 283050                             /tmp/gl5QDZgV (deleted)
41bd3000-41c51000 rw-p 00000000 00:00 0 
c3600000-c4ac0000 rw-p 00000000 00:00 0 
c4ac0000-cdc00000 rw-p 00000000 00:00 0 
cdc00000-cfd80000 rw-p 00000000 00:00 0 
cfd80000-ef400000 rw-p 00000000 00:00 0 
ef400000-f04b0000 rw-p 00000000 00:00 0 
f04b0000-100000000 rw-p 00000000 00:00 0 
7fb824383000-7fb824783000 rw-s b38c4000 00:05 4796                       /dev/nvidia0
7fb824783000-7fb824b83000 rw-s b83f3000 00:05 4796                       /dev/nvidia0
7fb824b83000-7fb824d83000 rw-s 2acea000 00:05 4796                       /dev/nvidia0
7fb824d83000-7fb824f83000 rw-s b82dc000 00:05 4796                       /dev/nvidia0
7fb824f83000-7fb825083000 rw-s 10375000 00:05 4796                       /dev/nvidia0
7fb825083000-7fb8250f7000 rw-p 00000000 00:00 0 
7fb8250f7000-7fb826ac7000 r-xp 00000000 08:01 282961                     /usr/lib/x86_64-linux-gnu/libnvidia-glcore.so.304.88
7fb826ac7000-7fb826cc6000 ---p 019d0000 08:01 282961                     /usr/lib/x86_64-linux-gnu/libnvidia-glcore.so.304.88
7fb826cc6000-7fb8274c7000 rwxp 019cf000 08:01 282961                     /usr/lib/x86_64-linux-gnu/libnvidia-glcore.so.304.88
7fb8274c7000-7fb8274e1000 rwxp 00000000 00:00 0 
7fb8274e1000-7fb8275ab000 r-xp 00000000 08:01 678444                     /usr/lib/x86_64-linux-gnu/nvidia/current/libGL.so.304.88
7fb8275ab000-7fb8277ab000 ---p 000ca000 08:01 678444                     /usr/lib/x86_64-linux-gnu/nvidia/current/libGL.so.304.88
7fb8277ab000-7fb8277e8000 rwxp 000ca000 08:01 678444                     /usr/lib/x86_64-linux-gnu/nvidia/current/libGL.so.304.88
7fb8277e8000-7fb8277fe000 rwxp 00000000 00:00 0 
7fb8277fe000-7fb82b7ff000 rw-s 00000000 00:11 912377                     /run/shm/pulse-shm-163775263
7fb82b7ff000-7fb82b800000 ---p 00000000 00:00 0 
7fb82b800000-7fb82c000000 rw-p 00000000 00:00 0 
7fb82c000000-7fb82dd39000 rw-p 00000000 00:00 0 
7fb82dd39000-7fb830000000 ---p 00000000 00:00 0 
7fb83002b000-7fb8300c9000 rw-p 00000000 00:00 0 
7fb8300c9000-7fb8300cc000 r-xp 00000000 08:01 551171                     /usr/lib/x86_64-linux-gnu/tls/libnvidia-tls.so.304.88
7fb8300cc000-7fb8302cb000 ---p 00003000 08:01 551171                     /usr/lib/x86_64-linux-gnu/tls/libnvidia-tls.so.304.88
7fb8302cb000-7fb8302cc000 rw-p 00002000 08:01 551171                     /usr/lib/x86_64-linux-gnu/tls/libnvidia-tls.so.304.88
7fb8302cc000-7fb8302cf000 ---p 00000000 00:00 0 
7fb8302cf000-7fb8303cd000 rw-p 00000000 00:00 0 
7fb8303cd000-7fb8303d0000 ---p 00000000 00:00 0 
7fb8303d0000-7fb8304ce000 rw-p 00000000 00:00 0 
7fb8304ce000-7fb8304cf000 ---p 00000000 00:00 0 
7fb8304cf000-7fb8305cf000 rw-p 00000000 00:00 0 
7fb8305cf000-7fb8305e2000 r-xp 00000000 08:01 916431                     /lib/x86_64-linux-gnu/libresolv-2.13.so
7fb8305e2000-7fb8307e1000 ---p 00013000 08:01 916431                     /lib/x86_64-linux-gnu/libresolv-2.13.so
7fb8307e1000-7fb8307e2000 r--p 00012000 08:01 916431                     /lib/x86_64-linux-gnu/libresolv-2.13.so
7fb8307e2000-7fb8307e3000 rw-p 00013000 08:01 916431                     /lib/x86_64-linux-gnu/libresolv-2.13.so
7fb8307e3000-7fb8307e5000 rw-p 00000000 00:00 0 
7fb8307e5000-7fb8307eb000 r-xp 00000000 08:01 264971                     /usr/lib/x86_64-linux-gnu/libogg.so.0.8.0
7fb8307eb000-7fb8309ea000 ---p 00006000 08:01 264971                     /usr/lib/x86_64-linux-gnu/libogg.so.0.8.0
7fb8309ea000-7fb8309eb000 rw-p 00005000 08:01 264971                     /usr/lib/x86_64-linux-gnu/libogg.so.0.8.0
7fb8309eb000-7fb830a17000 r-xp 00000000 08:01 265193                     /usr/lib/x86_64-linux-gnu/libvorbis.so.0.4.5
7fb830a17000-7fb830c16000 ---p 0002c000 08:01 265193                     /usr/lib/x86_64-linux-gnu/libvorbis.so.0.4.5
7fb830c16000-7fb830c17000 r--p 0002b000 08:01 265193                     /usr/lib/x86_64-linux-gnu/libvorbis.so.0.4.5
7fb830c17000-7fb830c18000 rw-p 0002c000 08:01 265193                     /usr/lib/x86_64-linux-gnu/libvorbis.so.0.4.5
7fb830c18000-7fb830ecb000 r-xp 00000000 08:01 265195                     /usr/lib/x86_64-linux-gnu/libvorbisenc.so.2.0.8
7fb830ecb000-7fb8310ca000 ---p 002b3000 08:01 265195                     /usr/lib/x86_64-linux-gnu/libvorbisenc.so.2.0.8
7fb8310ca000-7fb8310e6000 r--p 002b2000 08:01 265195                     /usr/lib/x86_64-linux-gnu/libvorbisenc.so.2.0.8
7fb8310e6000-7fb8310e7000 rw-p 002ce000 08:01 265195                     /usr/lib/x86_64-linux-gnu/libvorbisenc.so.2.0.8
7fb8310e7000-7fb831132000 r-xp 00000000 08:01 264365                     /usr/lib/x86_64-linux-gnu/libFLAC.so.8.2.0
7fb831132000-7fb831331000 ---p 0004b000 08:01 264365                     /usr/lib/x86_64-linux-gnu/libFLAC.so.8.2.0
7fb831331000-7fb831332000 r--p 0004a000 08:01 264365                     /usr/lib/x86_64-linux-gnu/libFLAC.so.8.2.0
7fb831332000-7fb831333000 rw-p 0004b000 08:01 264365                     /usr/lib/x86_64-linux-gnu/libFLAC.so.8.2.0
7fb831333000-7fb831337000 r-xp 00000000 08:01 916163                     /lib/x86_64-linux-gnu/libuuid.so.1.3.0
7fb831337000-7fb831536000 ---p 00004000 08:01 916163                     /lib/x86_64-linux-gnu/libuuid.so.1.3.0
7fb831536000-7fb831537000 r--p 00003000 08:01 916163                     /lib/x86_64-linux-gnu/libuuid.so.1.3.0
7fb831537000-7fb831538000 rw-p 00004000 08:01 916163                     /lib/x86_64-linux-gnu/libuuid.so.1.3.0
7fb831538000-7fb83153c000 r-xp 00000000 08:01 916027                     /lib/x86_64-linux-gnu/libattr.so.1.1.0
7fb83153c000-7fb83173b000 ---p 00004000 08:01 916027                     /lib/x86_64-linux-gnu/libattr.so.1.1.0
7fb83173b000-7fb83173c000 r--p 00003000 08:01 916027                     /lib/x86_64-linux-gnu/libattr.so.1.1.0
7fb83173c000-7fb83173d000 rw-p 00004000 08:01 916027                     /lib/x86_64-linux-gnu/libattr.so.1.1.0
7fb83173d000-7fb831742000 r-xp 00000000 08:01 264468                     /usr/lib/x86_64-linux-gnu/libasyncns.so.0.3.1
7fb831742000-7fb831941000 ---p 00005000 08:01 264468                     /usr/lib/x86_64-linux-gnu/libasyncns.so.0.3.1
7fb831941000-7fb831942000 rw-p 00004000 08:01 264468                     /usr/lib/x86_64-linux-gnu/libasyncns.so.0.3.1
7fb831942000-7fb8319a3000 r-xp 00000000 08:01 265087                     /usr/lib/x86_64-linux-gnu/libsndfile.so.1.0.25
7fb8319a3000-7fb831ba2000 ---p 00061000 08:01 265087                     /usr/lib/x86_64-linux-gnu/libsndfile.so.1.0.25
7fb831ba2000-7fb831ba4000 r--p 00060000 08:01 265087                     /usr/lib/x86_64-linux-gnu/libsndfile.so.1.0.25
7fb831ba4000-7fb831ba5000 rw-p 00062000 08:01 265087                     /usr/lib/x86_64-linux-gnu/libsndfile.so.1.0.25
7fb831ba5000-7fb831ba9000 rw-p 00000000 00:00 0 
7fb831ba9000-7fb831bb2000 r-xp 00000000 08:01 916165                     /lib/x86_64-linux-gnu/libwrap.so.0.7.6
7fb831bb2000-7fb831db1000 ---p 00009000 08:01 916165                     /lib/x86_64-linux-gnu/libwrap.so.0.7.6
7fb831db1000-7fb831db2000 r--p 00008000 08:01 916165                     /lib/x86_64-linux-gnu/libwrap.so.0.7.6
7fb831db2000-7fb831db3000 rw-p 00009000 08:01 916165                     /lib/x86_64-linux-gnu/libwrap.so.0.7.6
7fb831db3000-7fb831db4000 rw-p 00000000 00:00 0 
7fb831db4000-7fb831dbb000 r-xp 00000000 08:01 264394                     /usr/lib/x86_64-linux-gnu/libSM.so.6.0.1
7fb831dbb000-7fb831fba000 ---p 00007000 08:01 264394                     /usr/lib/x86_64-linux-gnu/libSM.so.6.0.1
7fb831fba000-7fb831fbb000 rw-p 00006000 08:01 264394                     /usr/lib/x86_64-linux-gnu/libSM.so.6.0.1
7fb831fbb000-7fb831fd2000 r-xp 00000000 08:01 264375                     /usr/lib/x86_64-linux-gnu/libICE.so.6.3.0
7fb831fd2000-7fb8321d1000 ---p 00017000 08:01 264375                     /usr/lib/x86_64-linux-gnu/libICE.so.6.3.0
7fb8321d1000-7fb8321d3000 rw-p 00016000 08:01 264375                     /usr/lib/x86_64-linux-gnu/libICE.so.6.3.0
7fb8321d3000-7fb8321d6000 rw-p 00000000 00:00 0 
7fb8321d6000-7fb8321d7000 r-xp 00000000 08:01 272883                     /usr/lib/x86_64-linux-gnu/libX11-xcb.so.1.0.0
7fb8321d7000-7fb8323d6000 ---p 00001000 08:01 272883                     /usr/lib/x86_64-linux-gnu/libX11-xcb.so.1.0.0
7fb8323d6000-7fb8323d7000 rw-p 00000000 08:01 272883                     /usr/lib/x86_64-linux-gnu/libX11-xcb.so.1.0.0
7fb8323d7000-7fb8323db000 r-xp 00000000 08:01 916038                     /lib/x86_64-linux-gnu/libcap.so.2.22
7fb8323db000-7fb8325da000 ---p 00004000 08:01 916038                     /lib/x86_64-linux-gnu/libcap.so.2.22
7fb8325da000-7fb8325db000 rw-p 00003000 08:01 916038                     /lib/x86_64-linux-gnu/libcap.so.2.22
7fb8325db000-7fb83261f000 r-xp 00000000 08:01 916060                     /lib/x86_64-linux-gnu/libdbus-1.so.3.7.2
7fb83261f000-7fb83281f000 ---p 00044000 08:01 916060                     /lib/x86_64-linux-gnu/libdbus-1.so.3.7.2
7fb83281f000-7fb832820000 r--p 00044000 08:01 916060                     /lib/x86_64-linux-gnu/libdbus-1.so.3.7.2
7fb832820000-7fb832821000 rw-p 00045000 08:01 916060                     /lib/x86_64-linux-gnu/libdbus-1.so.3.7.2
7fb832821000-7fb832882000 r-xp 00000000 08:01 265339                     /usr/lib/x86_64-linux-gnu/pulseaudio/libpulsecommon-2.0.so
7fb832882000-7fb832a81000 ---p 00061000 08:01 265339                     /usr/lib/x86_64-linux-gnu/pulseaudio/libpulsecommon-2.0.so
7fb832a81000-7fb832a82000 r--p 00060000 08:01 265339                     /usr/lib/x86_64-linux-gnu/pulseaudio/libpulsecommon-2.0.so
7fb832a82000-7fb832a84000 rw-p 00061000 08:01 265339                     /usr/lib/x86_64-linux-gnu/pulseaudio/libpulsecommon-2.0.so
7fb832a84000-7fb832a8d000 r-xp 00000000 08:01 916072                     /lib/x86_64-linux-gnu/libjson.so.0.1.0
7fb832a8d000-7fb832c8c000 ---p 00009000 08:01 916072                     /lib/x86_64-linux-gnu/libjson.so.0.1.0
7fb832c8c000-7fb832c8d000 r--p 00008000 08:01 916072                     /lib/x86_64-linux-gnu/libjson.so.0.1.0
7fb832c8d000-7fb832c8e000 rw-p 00009000 08:01 916072                     /lib/x86_64-linux-gnu/libjson.so.0.1.0
7fb832c8e000-7fb832cd7000 r-xp 00000000 08:01 265053                     /usr/lib/x86_64-linux-gnu/libpulse.so.0.14.2
7fb832cd7000-7fb832ed6000 ---p 00049000 08:01 265053                     /usr/lib/x86_64-linux-gnu/libpulse.so.0.14.2
7fb832ed6000-7fb832ed7000 r--p 00048000 08:01 265053                     /usr/lib/x86_64-linux-gnu/libpulse.so.0.14.2
7fb832ed7000-7fb832ed8000 rw-p 00049000 08:01 265053                     /usr/lib/x86_64-linux-gnu/libpulse.so.0.14.2
7fb832ed8000-7fb832f2d000 r-xp 00000000 08:01 283048                     /tmp/libgdxnemo9955/7b43be9b/libopenal64.so
7fb832f2d000-7fb83312c000 ---p 00055000 08:01 283048                     /tmp/libgdxnemo9955/7b43be9b/libopenal64.so
7fb83312c000-7fb83312f000 r--p 00054000 08:01 283048                     /tmp/libgdxnemo9955/7b43be9b/libopenal64.so
7fb83312f000-7fb833130000 rw-p 00057000 08:01 283048                     /tmp/libgdxnemo9955/7b43be9b/libopenal64.so
7fb833130000-7fb833131000 rw-p 00000000 00:00 0 
7fb833131000-7fb833135000 r-xp 00000000 08:01 273334                     /usr/lib/x86_64-linux-gnu/libXxf86vm.so.1.0.0
7fb833135000-7fb833335000 ---p 00004000 08:01 273334                     /usr/lib/x86_64-linux-gnu/libXxf86vm.so.1.0.0
7fb833335000-7fb833336000 r--p 00004000 08:01 273334                     /usr/lib/x86_64-linux-gnu/libXxf86vm.so.1.0.0
7fb833336000-7fb833337000 rw-p 00005000 08:01 273334                     /usr/lib/x86_64-linux-gnu/libXxf86vm.so.1.0.0
7fb833337000-7fb83333e000 r-xp 00000000 08:01 265883                     /usr/lib/x86_64-linux-gnu/libXrandr.so.2.2.0
7fb83333e000-7fb83353e000 ---p 00007000 08:01 265883                     /usr/lib/x86_64-linux-gnu/libXrandr.so.2.2.0
7fb83353e000-7fb83353f000 rw-p 00007000 08:01 265883                     /usr/lib/x86_64-linux-gnu/libXrandr.so.2.2.0
7fb83353f000-7fb8335ab000 r-xp 00000000 08:01 283038                     /tmp/libgdxnemo9955/7b43be9b/liblwjgl64.so (deleted)
7fb8335ab000-7fb8337aa000 ---p 0006c000 08:01 283038                     /tmp/libgdxnemo9955/7b43be9b/liblwjgl64.so (deleted)
7fb8337aa000-7fb8337ac000 r--p 0006b000 08:01 283038                     /tmp/libgdxnemo9955/7b43be9b/liblwjgl64.so (deleted)
7fb8337ac000-7fb8337ad000 rw-p 0006d000 08:01 283038                     /tmp/libgdxnemo9955/7b43be9b/liblwjgl64.so (deleted)
7fb8337ad000-7fb8337ae000 r-xp 00000000 08:01 144229                     /usr/lib/jvm/java-6-openjdk-amd64/jre/lib/amd64/libjawt.so
7fb8337ae000-7fb8339ad000 ---p 00001000 08:01 144229                     /usr/lib/jvm/java-6-openjdk-amd64/jre/lib/amd64/libjawt.so
7fb8339ad000-7fb8339ae000 rw-p 00000000 08:01 144229                     /usr/lib/jvm/java-6-openjdk-amd64/jre/lib/amd64/libjawt.so
7fb8339ae000-7fb8339b3000 r-xp 00000000 08:01 273531                     /usr/lib/x86_64-linux-gnu/libXfixes.so.3.1.0
7fb8339b3000-7fb833bb2000 ---p 00005000 08:01 273531                     /usr/lib/x86_64-linux-gnu/libXfixes.so.3.1.0
7fb833bb2000-7fb833bb3000 r--p 00004000 08:01 273531                     /usr/lib/x86_64-linux-gnu/libXfixes.so.3.1.0
7fb833bb3000-7fb833bb4000 rw-p 00005000 08:01 273531                     /usr/lib/x86_64-linux-gnu/libXfixes.so.3.1.0
7fb833bb4000-7fb833bbd000 r--s 00000000 08:01 277048                     /var/cache/fontconfig/945677eb7aeaf62f1d50efc3fb3ec7d8-le64.cache-3
7fb833bbd000-7fb833bc2000 r--s 00000000 08:01 271253                     /var/cache/fontconfig/6eb3985aa4124903f6ff08ba781cd364-le64.cache-3
7fb833bc2000-7fb833bcb000 r--s 00000000 08:01 278568                     /var/cache/fontconfig/6d41288fd70b0be22e8c3a91e032eec0-le64.cache-3
7fb833bcb000-7fb833bf9000 r--s 00000000 08:01 271260                     /var/cache/fontconfig/365b55f210c0a22e9a19e35191240f32-le64.cache-3
7fb833bf9000-7fb833bfc000 r--s 00000000 08:01 271247                     /var/cache/fontconfig/c57959a16110560c8d0fcea73374aeeb-le64.cache-3
7fb833bfc000-7fb833c01000 r--s 00000000 08:01 271264                     /var/cache/fontconfig/3047814df9a2f067bd2d96a2b9c36e5a-le64.cache-3
7fb833c09000-7fb833c49000 rw-s b552b000 00:05 4796                       /dev/nvidia0
7fb833c69000-7fb833c86000 rw-s 373f9000 00:05 4796                       /dev/nvidia0
7fb833c86000-7fb833cc3000 rw-p 00000000 00:00 0 
7fb833cc3000-7fb833cc6000 ---p 00000000 00:00 0 
7fb833cc6000-7fb833dc4000 rw-p 00000000 00:00 0 
7fb833dc4000-7fb833dcd000 r--s 00000000 08:01 277048                     /var/cache/fontconfig/945677eb7aeaf62f1d50efc3fb3ec7d8-le64.cache-3
7fb833dcd000-7fb833dd2000 r--s 00000000 08:01 271253                     /var/cache/fontconfig/6eb3985aa4124903f6ff08ba781cd364-le64.cache-3
7fb833dd2000-7fb833ddb000 r--s 00000000 08:01 278568                     /var/cache/fontconfig/6d41288fd70b0be22e8c3a91e032eec0-le64.cache-3
7fb833ddb000-7fb833e09000 r--s 00000000 08:01 271260                     /var/cache/fontconfig/365b55f210c0a22e9a19e35191240f32-le64.cache-3
7fb833e09000-7fb833e0c000 r--s 00000000 08:01 271247                     /var/cache/fontconfig/c57959a16110560c8d0fcea73374aeeb-le64.cache-3
7fb833e0c000-7fb833e11000 r--s 00000000 08:01 271264                     /var/cache/fontconfig/3047814df9a2f067bd2d96a2b9c36e5a-le64.cache-3
7fb833e24000-7fb833e2e000 r-xp 00000000 08:01 264474                     /usr/lib/x86_64-linux-gnu/libXcursor.so.1.0.2
7fb833e2e000-7fb83402d000 ---p 0000a000 08:01 264474                     /usr/lib/x86_64-linux-gnu/libXcursor.so.1.0.2
7fb83402d000-7fb83402e000 rw-p 00009000 08:01 264474                     /usr/lib/x86_64-linux-gnu/libXcursor.so.1.0.2
7fb83402e000-7fb834030000 rw-p 00000000 00:00 0 
7fb834030000-7fb834032000 rw-s 00000000 08:01 283050                     /tmp/gl5QDZgV (deleted)
7fb834032000-7fb834036000 rw-s b387c000 00:05 4796                       /dev/nvidia0
7fb834036000-7fb834037000 rw-s d0005000 00:05 4796                       /dev/nvidia0
7fb834037000-7fb834038000 rw-s b3857000 00:05 4796                       /dev/nvidia0
7fb834038000-7fb83403c000 rw-s 1ec37000 00:05 4796                       /dev/nvidia0
7fb83403c000-7fb83403d000 rw-s fdc08000 00:05 4796                       /dev/nvidia0
7fb83403d000-7fb83403e000 rw-s fd641000 00:05 4796                       /dev/nvidia0
7fb83403e000-7fb83403f000 rw-s 3724b000 00:05 4796                       /dev/nvidia0
7fb83403f000-7fb834040000 rw-s b6c58000 00:05 4796                       /dev/nvidia0
7fb834040000-7fb834041000 rw-s fd060000 00:05 4796                       /dev/nvidia0
7fb834041000-7fb834048000 r--s 00000000 08:01 282750                     /usr/lib/x86_64-linux-gnu/gconv/gconv-modules.cache
7fb834048000-7fb834059000 r--s 00000000 08:01 271249                     /var/cache/fontconfig/d52a8644073d54c13679302ca1180695-le64.cache-3
7fb834059000-7fb834060000 r--s 00000000 08:01 271258                     /var/cache/fontconfig/3f7329c5293ffd510edef78f73874cfd-le64.cache-3
7fb834060000-7fb834062000 r--s 00000000 08:01 271267                     /var/cache/fontconfig/e13b20fdb08344e0e664864cc2ede53d-le64.cache-3
7fb834062000-7fb834065000 ---p 00000000 00:00 0 
7fb834065000-7fb834163000 rw-p 00000000 00:00 0 
7fb834163000-7fb8341fc000 r-xp 00000000 08:01 264650                     /usr/lib/x86_64-linux-gnu/libfreetype.so.6.8.1
7fb8341fc000-7fb8343fb000 ---p 00099000 08:01 264650                     /usr/lib/x86_64-linux-gnu/libfreetype.so.6.8.1
7fb8343fb000-7fb834401000 r--p 00098000 08:01 264650                     /usr/lib/x86_64-linux-gnu/libfreetype.so.6.8.1
7fb834401000-7fb834402000 rw-p 0009e000 08:01 264650                     /usr/lib/x86_64-linux-gnu/libfreetype.so.6.8.1
7fb834402000-7fb83444a000 r-xp 00000000 08:01 144223                     /usr/lib/jvm/java-6-openjdk-amd64/jre/lib/amd64/libfontmanager.so
7fb83444a000-7fb83464a000 ---p 00048000 08:01 144223                     /usr/lib/jvm/java-6-openjdk-amd64/jre/lib/amd64/libfontmanager.so
7fb83464a000-7fb83464d000 rw-p 00048000 08:01 144223                     /usr/lib/jvm/java-6-openjdk-amd64/jre/lib/amd64/libfontmanager.so
7fb83464d000-7fb834652000 r-xp 00000000 08:01 264417                     /usr/lib/x86_64-linux-gnu/libXdmcp.so.6.0.0
7fb834652000-7fb834851000 ---p 00005000 08:01 264417                     /usr/lib/x86_64-linux-gnu/libXdmcp.so.6.0.0
7fb834851000-7fb834852000 rw-p 00004000 08:01 264417                     /usr/lib/x86_64-linux-gnu/libXdmcp.so.6.0.0
7fb834852000-7fb834854000 r-xp 00000000 08:01 264406                     /usr/lib/x86_64-linux-gnu/libXau.so.6.0.0
7fb834854000-7fb834a54000 ---p 00002000 08:01 264406                     /usr/lib/x86_64-linux-gnu/libXau.so.6.0.0
7fb834a54000-7fb834a55000 rw-p 00002000 08:01 264406                     /usr/lib/x86_64-linux-gnu/libXau.so.6.0.0
7fb834a55000-7fb834a74000 r-xp 00000000 08:01 265852                     /usr/lib/x86_64-linux-gnu/libxcb.so.1.1.0
7fb834a74000-7fb834c73000 ---p 0001f000 08:01 265852                     /usr/lib/x86_64-linux-gnu/libxcb.so.1.1.0
7fb834c73000-7fb834c74000 r--p 0001e000 08:01 265852                     /usr/lib/x86_64-linux-gnu/libxcb.so.1.1.0
7fb834c74000-7fb834c75000 rw-p 0001f000 08:01 265852                     /usr/lib/x86_64-linux-gnu/libxcb.so.1.1.0
7fb834c75000-7fb834c83000 r-xp 00000000 08:01 265075                     /usr/lib/x86_64-linux-gnu/libXi.so.6.1.0
7fb834c83000-7fb834e83000 ---p 0000e000 08:01 265075                     /usr/lib/x86_64-linux-gnu/libXi.so.6.1.0
7fb834e83000-7fb834e84000 rw-p 0000e000 08:01 265075                     /usr/lib/x86_64-linux-gnu/libXi.so.6.1.0
7fb834e84000-7fb834e89000 r-xp 00000000 08:01 274483                     /usr/lib/x86_64-linux-gnu/libXtst.so.6.1.0
7fb834e89000-7fb835088000 ---p 00005000 08:01 274483                     /usr/lib/x86_64-linux-gnu/libXtst.so.6.1.0
7fb835088000-7fb835089000 rw-p 00004000 08:01 274483                     /usr/lib/x86_64-linux-gnu/libXtst.so.6.1.0
7fb835089000-7fb835092000 r-xp 00000000 08:01 264343                     /usr/lib/x86_64-linux-gnu/libXrender.so.1.3.0
7fb835092000-7fb835291000 ---p 00009000 08:01 264343                     /usr/lib/x86_64-linux-gnu/libXrender.so.1.3.0
7fb835291000-7fb835292000 rw-p 00008000 08:01 264343                     /usr/lib/x86_64-linux-gnu/libXrender.so.1.3.0
7fb835292000-7fb8353c7000 r-xp 00000000 08:01 265870                     /usr/lib/x86_64-linux-gnu/libX11.so.6.3.0
7fb8353c7000-7fb8355c7000 ---p 00135000 08:01 265870                     /usr/lib/x86_64-linux-gnu/libX11.so.6.3.0
7fb8355c7000-7fb8355cd000 rw-p 00135000 08:01 265870                     /usr/lib/x86_64-linux-gnu/libX11.so.6.3.0
7fb8355cd000-7fb8355de000 r-xp 00000000 08:01 264595                     /usr/lib/x86_64-linux-gnu/libXext.so.6.4.0
7fb8355de000-7fb8357de000 ---p 00011000 08:01 264595                     /usr/lib/x86_64-linux-gnu/libXext.so.6.4.0
7fb8357de000-7fb8357df000 rw-p 00011000 08:01 264595                     /usr/lib/x86_64-linux-gnu/libXext.so.6.4.0
7fb8357df000-7fb8357f0000 r--s 00000000 08:01 271249                     /var/cache/fontconfig/d52a8644073d54c13679302ca1180695-le64.cache-3
7fb8357f0000-7fb8357f7000 r--s 00000000 08:01 271258                     /var/cache/fontconfig/3f7329c5293ffd510edef78f73874cfd-le64.cache-3
7fb8357f7000-7fb8357f9000 r--s 00000000 08:01 271267                     /var/cache/fontconfig/e13b20fdb08344e0e664864cc2ede53d-le64.cache-3
7fb8357f9000-7fb835846000 r-xp 00000000 08:01 144391                     /usr/lib/jvm/java-6-openjdk-amd64/jre/lib/amd64/xawt/libmawt.so
7fb835846000-7fb835a45000 ---p 0004d000 08:01 144391                     /usr/lib/jvm/java-6-openjdk-amd64/jre/lib/amd64/xawt/libmawt.so
7fb835a45000-7fb835a49000 rw-p 0004c000 08:01 144391                     /usr/lib/jvm/java-6-openjdk-amd64/jre/lib/amd64/xawt/libmawt.so
7fb835a49000-7fb835a4a000 rw-p 00000000 00:00 0 
7fb835a4a000-7fb835afa000 r-xp 00000000 08:01 144230                     /usr/lib/jvm/java-6-openjdk-amd64/jre/lib/amd64/libawt.so
7fb835afa000-7fb835cf9000 ---p 000b0000 08:01 144230                     /usr/lib/jvm/java-6-openjdk-amd64/jre/lib/amd64/libawt.so
7fb835cf9000-7fb835d05000 rw-p 000af000 08:01 144230                     /usr/lib/jvm/java-6-openjdk-amd64/jre/lib/amd64/libawt.so
7fb835d05000-7fb835d29000 rw-p 00000000 00:00 0 
7fb835d29000-7fb835d98000 r-xp 00000000 08:01 283042                     /tmp/libgdxnemo9955/b4a54a2/libgdx64.so
7fb835d98000-7fb835f97000 ---p 0006f000 08:01 283042                     /tmp/libgdxnemo9955/b4a54a2/libgdx64.so
7fb835f97000-7fb835f99000 r--p 0006e000 08:01 283042                     /tmp/libgdxnemo9955/b4a54a2/libgdx64.so
7fb835f99000-7fb835f9a000 rw-p 00070000 08:01 283042                     /tmp/libgdxnemo9955/b4a54a2/libgdx64.so
7fb835f9a000-7fb835f9b000 rw-p 00000000 00:00 0 
7fb835f9b000-7fb835fa2000 r--s 000fc000 08:01 143749                     /usr/lib/jvm/java-6-openjdk-common/jre/lib/resources.jar
7fb835fa2000-7fb835fa3000 r--s 00127000 08:06 9437307                    /home/nemo9955/CodeStation/proiecte/Garden_Revolution/Garden_Revolution-desktop/libs/gdx-natives.jar
7fb835fa3000-7fb835fa4000 r--s 00004000 08:06 9437342                    /home/nemo9955/CodeStation/proiecte/Garden_Revolution/Garden_Revolution-desktop/libs/gdx-controllers-desktop.jar
7fb835fa4000-7fb835fa5000 r--s 00100000 08:06 9437237                    /home/nemo9955/CodeStation/proiecte/Garden_Revolution/Garden_Revolution-desktop/libs/gdx-controllers-desktop-natives.jar
7fb835fa5000-7fb835fb6000 r--s 0012b000 08:06 9437394                    /home/nemo9955/CodeStation/proiecte/Garden_Revolution/Garden_Revolution-desktop/libs/gdx-backend-lwjgl.jar
7fb835fb6000-7fb835fbd000 r--s 0004c000 08:06 9437312                    /home/nemo9955/CodeStation/proiecte/Garden_Revolution/Garden_Revolution-main/libs/kryonet-2.21-all.jar
7fb835fbd000-7fb835fbe000 ---p 00000000 00:00 0 
7fb835fbe000-7fb8360be000 rw-p 00000000 00:00 0 
7fb8360be000-7fb8360c1000 ---p 00000000 00:00 0 
7fb8360c1000-7fb8361bf000 rw-p 00000000 00:00 0 
7fb8361bf000-7fb8361c2000 ---p 00000000 00:00 0 
7fb8361c2000-7fb8362c0000 rw-p 00000000 00:00 0 
7fb8362c0000-7fb8362c3000 ---p 00000000 00:00 0 
7fb8362c3000-7fb8363c1000 rw-p 00000000 00:00 0 
7fb8363c1000-7fb8363c4000 ---p 00000000 00:00 0 
7fb8363c4000-7fb8364c2000 rw-p 00000000 00:00 0 
7fb8364c2000-7fb836639000 r--p 00000000 08:01 139605                     /usr/lib/locale/locale-archive
7fb836639000-7fb83663c000 ---p 00000000 00:00 0 
7fb83663c000-7fb83673a000 rw-p 00000000 00:00 0 
7fb83673a000-7fb83673d000 ---p 00000000 00:00 0 
7fb83673d000-7fb83683b000 rw-p 00000000 00:00 0 
7fb83683b000-7fb83683c000 ---p 00000000 00:00 0 
7fb83683c000-7fb836c72000 rw-p 00000000 00:00 0 
7fb836c72000-7fb836e06000 r--s 03807000 08:01 144270                     /usr/lib/jvm/java-6-openjdk-amd64/jre/lib/rt.jar
7fb836e06000-7fb836e2e000 rw-p 00000000 00:00 0 
7fb836e2e000-7fb836e2f000 ---p 00000000 00:00 0 
7fb836e2f000-7fb836f2f000 rw-p 00000000 00:00 0 
7fb836f2f000-7fb836f30000 ---p 00000000 00:00 0 
7fb836f30000-7fb83703b000 rw-p 00000000 00:00 0 
7fb83703b000-7fb837083000 rw-p 00000000 00:00 0 
7fb837083000-7fb837094000 rw-p 00000000 00:00 0 
7fb837094000-7fb83718f000 rw-p 00000000 00:00 0 
7fb83718f000-7fb83719a000 rw-p 00000000 00:00 0 
7fb83719a000-7fb8371e2000 rw-p 00000000 00:00 0 
7fb8371e2000-7fb8371f3000 rw-p 00000000 00:00 0 
7fb8371f3000-7fb8372ee000 rw-p 00000000 00:00 0 
7fb8372ee000-7fb8372f7000 rw-p 00000000 00:00 0 
7fb8372f7000-7fb837374000 rw-p 00000000 00:00 0 
7fb837374000-7fb837375000 rw-p 00000000 00:00 0 
7fb837375000-7fb8375e5000 rwxp 00000000 00:00 0 
7fb8375e5000-7fb83a375000 rw-p 00000000 00:00 0 
7fb83a375000-7fb83a37c000 r-xp 00000000 08:01 144259                     /usr/lib/jvm/java-6-openjdk-amd64/jre/lib/amd64/libzip.so
7fb83a37c000-7fb83a57b000 ---p 00007000 08:01 144259                     /usr/lib/jvm/java-6-openjdk-amd64/jre/lib/amd64/libzip.so
7fb83a57b000-7fb83a57c000 rw-p 00006000 08:01 144259                     /usr/lib/jvm/java-6-openjdk-amd64/jre/lib/amd64/libzip.so
7fb83a57c000-7fb83a587000 r-xp 00000000 08:01 916446                     /lib/x86_64-linux-gnu/libnss_files-2.13.so
7fb83a587000-7fb83a786000 ---p 0000b000 08:01 916446                     /lib/x86_64-linux-gnu/libnss_files-2.13.so
7fb83a786000-7fb83a787000 r--p 0000a000 08:01 916446                     /lib/x86_64-linux-gnu/libnss_files-2.13.so
7fb83a787000-7fb83a788000 rw-p 0000b000 08:01 916446                     /lib/x86_64-linux-gnu/libnss_files-2.13.so
7fb83a788000-7fb83a792000 r-xp 00000000 08:01 916442                     /lib/x86_64-linux-gnu/libnss_nis-2.13.so
7fb83a792000-7fb83a991000 ---p 0000a000 08:01 916442                     /lib/x86_64-linux-gnu/libnss_nis-2.13.so
7fb83a991000-7fb83a992000 r--p 00009000 08:01 916442                     /lib/x86_64-linux-gnu/libnss_nis-2.13.so
7fb83a992000-7fb83a993000 rw-p 0000a000 08:01 916442                     /lib/x86_64-linux-gnu/libnss_nis-2.13.so
7fb83a993000-7fb83a99a000 r-xp 00000000 08:01 916435                     /lib/x86_64-linux-gnu/libnss_compat-2.13.so
7fb83a99a000-7fb83ab99000 ---p 00007000 08:01 916435                     /lib/x86_64-linux-gnu/libnss_compat-2.13.so
7fb83ab99000-7fb83ab9a000 r--p 00006000 08:01 916435                     /lib/x86_64-linux-gnu/libnss_compat-2.13.so
7fb83ab9a000-7fb83ab9b000 rw-p 00007000 08:01 916435                     /lib/x86_64-linux-gnu/libnss_compat-2.13.so
7fb83ab9b000-7fb83abb0000 r-xp 00000000 08:01 916440                     /lib/x86_64-linux-gnu/libnsl-2.13.so
7fb83abb0000-7fb83adaf000 ---p 00015000 08:01 916440                     /lib/x86_64-linux-gnu/libnsl-2.13.so
7fb83adaf000-7fb83adb0000 r--p 00014000 08:01 916440                     /lib/x86_64-linux-gnu/libnsl-2.13.so
7fb83adb0000-7fb83adb1000 rw-p 00015000 08:01 916440                     /lib/x86_64-linux-gnu/libnsl-2.13.so
7fb83adb1000-7fb83adb3000 rw-p 00000000 00:00 0 
7fb83adb3000-7fb83ade1000 r-xp 00000000 08:01 144245                     /usr/lib/jvm/java-6-openjdk-amd64/jre/lib/amd64/libjava.so
7fb83ade1000-7fb83afe0000 ---p 0002e000 08:01 144245                     /usr/lib/jvm/java-6-openjdk-amd64/jre/lib/amd64/libjava.so
7fb83afe0000-7fb83afe4000 rw-p 0002d000 08:01 144245                     /usr/lib/jvm/java-6-openjdk-amd64/jre/lib/amd64/libjava.so
7fb83afe4000-7fb83aff3000 r-xp 00000000 08:01 144228                     /usr/lib/jvm/java-6-openjdk-amd64/jre/lib/amd64/libverify.so
7fb83aff3000-7fb83b1f2000 ---p 0000f000 08:01 144228                     /usr/lib/jvm/java-6-openjdk-amd64/jre/lib/amd64/libverify.so
7fb83b1f2000-7fb83b1f4000 rw-p 0000e000 08:01 144228                     /usr/lib/jvm/java-6-openjdk-amd64/jre/lib/amd64/libverify.so
7fb83b1f4000-7fb83b1fb000 r-xp 00000000 08:01 916450                     /lib/x86_64-linux-gnu/librt-2.13.so
7fb83b1fb000-7fb83b3fa000 ---p 00007000 08:01 916450                     /lib/x86_64-linux-gnu/librt-2.13.so
7fb83b3fa000-7fb83b3fb000 r--p 00006000 08:01 916450                     /lib/x86_64-linux-gnu/librt-2.13.so
7fb83b3fb000-7fb83b3fc000 rw-p 00007000 08:01 916450                     /lib/x86_64-linux-gnu/librt-2.13.so
7fb83b3fc000-7fb83b411000 r-xp 00000000 08:01 916059                     /lib/x86_64-linux-gnu/libgcc_s.so.1
7fb83b411000-7fb83b611000 ---p 00015000 08:01 916059                     /lib/x86_64-linux-gnu/libgcc_s.so.1
7fb83b611000-7fb83b612000 rw-p 00015000 08:01 916059                     /lib/x86_64-linux-gnu/libgcc_s.so.1
7fb83b612000-7fb83b693000 r-xp 00000000 08:01 916437                     /lib/x86_64-linux-gnu/libm-2.13.so
7fb83b693000-7fb83b892000 ---p 00081000 08:01 916437                     /lib/x86_64-linux-gnu/libm-2.13.so
7fb83b892000-7fb83b893000 r--p 00080000 08:01 916437                     /lib/x86_64-linux-gnu/libm-2.13.so
7fb83b893000-7fb83b894000 rw-p 00081000 08:01 916437                     /lib/x86_64-linux-gnu/libm-2.13.so
7fb83b894000-7fb83b97c000 r-xp 00000000 08:01 265105                     /usr/lib/x86_64-linux-gnu/libstdc++.so.6.0.17
7fb83b97c000-7fb83bb7c000 ---p 000e8000 08:01 265105                     /usr/lib/x86_64-linux-gnu/libstdc++.so.6.0.17
7fb83bb7c000-7fb83bb84000 r--p 000e8000 08:01 265105                     /usr/lib/x86_64-linux-gnu/libstdc++.so.6.0.17
7fb83bb84000-7fb83bb86000 rw-p 000f0000 08:01 265105                     /usr/lib/x86_64-linux-gnu/libstdc++.so.6.0.17
7fb83bb86000-7fb83bb9b000 rw-p 00000000 00:00 0 
7fb83bb9b000-7fb83c4af000 r-xp 00000000 08:01 144235                     /usr/lib/jvm/java-6-openjdk-amd64/jre/lib/amd64/server/libjvm.so
7fb83c4af000-7fb83c6ae000 ---p 00914000 08:01 144235                     /usr/lib/jvm/java-6-openjdk-amd64/jre/lib/amd64/server/libjvm.so
7fb83c6ae000-7fb83c74a000 rw-p 00913000 08:01 144235                     /usr/lib/jvm/java-6-openjdk-amd64/jre/lib/amd64/server/libjvm.so
7fb83c74a000-7fb83c773000 rw-p 00000000 00:00 0 
7fb83c773000-7fb83c8f5000 r-xp 00000000 08:01 916430                     /lib/x86_64-linux-gnu/libc-2.13.so
7fb83c8f5000-7fb83caf4000 ---p 00182000 08:01 916430                     /lib/x86_64-linux-gnu/libc-2.13.so
7fb83caf4000-7fb83caf8000 r--p 00181000 08:01 916430                     /lib/x86_64-linux-gnu/libc-2.13.so
7fb83caf8000-7fb83caf9000 rw-p 00185000 08:01 916430                     /lib/x86_64-linux-gnu/libc-2.13.so
7fb83caf9000-7fb83cafe000 rw-p 00000000 00:00 0 
7fb83cafe000-7fb83cb00000 r-xp 00000000 08:01 916444                     /lib/x86_64-linux-gnu/libdl-2.13.so
7fb83cb00000-7fb83cd00000 ---p 00002000 08:01 916444                     /lib/x86_64-linux-gnu/libdl-2.13.so
7fb83cd00000-7fb83cd01000 r--p 00002000 08:01 916444                     /lib/x86_64-linux-gnu/libdl-2.13.so
7fb83cd01000-7fb83cd02000 rw-p 00003000 08:01 916444                     /lib/x86_64-linux-gnu/libdl-2.13.so
7fb83cd02000-7fb83cd06000 r-xp 00000000 08:01 144232                     /usr/lib/jvm/java-6-openjdk-amd64/jre/lib/amd64/jli/libjli.so
7fb83cd06000-7fb83cf05000 ---p 00004000 08:01 144232                     /usr/lib/jvm/java-6-openjdk-amd64/jre/lib/amd64/jli/libjli.so
7fb83cf05000-7fb83cf06000 rw-p 00003000 08:01 144232                     /usr/lib/jvm/java-6-openjdk-amd64/jre/lib/amd64/jli/libjli.so
7fb83cf06000-7fb83cf1d000 r-xp 00000000 08:01 916448                     /lib/x86_64-linux-gnu/libpthread-2.13.so
7fb83cf1d000-7fb83d11c000 ---p 00017000 08:01 916448                     /lib/x86_64-linux-gnu/libpthread-2.13.so
7fb83d11c000-7fb83d11d000 r--p 00016000 08:01 916448                     /lib/x86_64-linux-gnu/libpthread-2.13.so
7fb83d11d000-7fb83d11e000 rw-p 00017000 08:01 916448                     /lib/x86_64-linux-gnu/libpthread-2.13.so
7fb83d11e000-7fb83d122000 rw-p 00000000 00:00 0 
7fb83d122000-7fb83d138000 r-xp 00000000 08:01 916168                     /lib/x86_64-linux-gnu/libz.so.1.2.7
7fb83d138000-7fb83d337000 ---p 00016000 08:01 916168                     /lib/x86_64-linux-gnu/libz.so.1.2.7
7fb83d337000-7fb83d338000 r--p 00015000 08:01 916168                     /lib/x86_64-linux-gnu/libz.so.1.2.7
7fb83d338000-7fb83d339000 rw-p 00016000 08:01 916168                     /lib/x86_64-linux-gnu/libz.so.1.2.7
7fb83d339000-7fb83d359000 r-xp 00000000 08:01 32                         /lib64/ld-2.13.so
7fb83d359000-7fb83d35b000 r--s 001a1000 08:06 9437380                    /home/nemo9955/CodeStation/proiecte/Garden_Revolution/Garden_Revolution-desktop/libs/gdx-backend-lwjgl-natives.jar
7fb83d35b000-7fb83d35e000 r--s 0000b000 08:06 9437369                    /home/nemo9955/CodeStation/proiecte/Garden_Revolution/Garden_Revolution-main/libs/tween-engine-api.jar
7fb83d35e000-7fb83d361000 r--s 0007f000 08:01 143741                     /usr/lib/jvm/java-6-openjdk-common/jre/lib/jsse.jar
7fb83d361000-7fb83d377000 r--s 00157000 08:06 9437270                    /home/nemo9955/CodeStation/proiecte/Garden_Revolution/Garden_Revolution-main/libs/gdx.jar
7fb83d377000-7fb83d381000 rw-p 00000000 00:00 0 
7fb83d381000-7fb83d437000 rw-p 00000000 00:00 0 
7fb83d437000-7fb83d43a000 ---p 00000000 00:00 0 
7fb83d43a000-7fb83d53d000 rw-p 00000000 00:00 0 
7fb83d53d000-7fb83d53e000 r--s 00002000 08:06 9437214                    /home/nemo9955/CodeStation/proiecte/Garden_Revolution/Garden_Revolution-main/libs/gdx-controllers.jar
7fb83d53e000-7fb83d542000 r--s 00039000 08:01 143733                     /usr/lib/jvm/java-6-openjdk-common/jre/lib/ext/sunpkcs11.jar
7fb83d542000-7fb83d544000 r--s 0000f000 08:01 143734                     /usr/lib/jvm/java-6-openjdk-common/jre/lib/ext/pulse-java.jar
7fb83d544000-7fb83d547000 r--s 00031000 08:01 143736                     /usr/lib/jvm/java-6-openjdk-common/jre/lib/ext/sunjce_provider.jar
7fb83d547000-7fb83d54a000 r--s 00077000 08:01 143735                     /usr/lib/jvm/java-6-openjdk-common/jre/lib/ext/localedata.jar
7fb83d54a000-7fb83d54c000 r--s 00001000 08:01 143737                     /usr/lib/jvm/java-6-openjdk-common/jre/lib/ext/dnsns.jar
7fb83d54c000-7fb83d54d000 r--s 00007000 08:01 916596                     /usr/share/java/java-atk-wrapper.jar
7fb83d54d000-7fb83d555000 rw-s 00000000 08:01 282252                     /tmp/hsperfdata_nemo9955/10957
7fb83d555000-7fb83d556000 rw-p 00000000 00:00 0 
7fb83d556000-7fb83d557000 r--p 00000000 00:00 0 
7fb83d557000-7fb83d558000 rw-p 00000000 00:00 0 
7fb83d558000-7fb83d559000 r--p 0001f000 08:01 32                         /lib64/ld-2.13.so
7fb83d559000-7fb83d55a000 rw-p 00020000 08:01 32                         /lib64/ld-2.13.so
7fb83d55a000-7fb83d55b000 rw-p 00000000 00:00 0 
7fff10c96000-7fff10cb7000 rw-p 00000000 00:00 0                          [stack]
7fff10dff000-7fff10e00000 r-xp 00000000 00:00 0                          [vdso]
ffffffffff600000-ffffffffff601000 r-xp 00000000 00:00 0                  [vsyscall]

VM Arguments:
jvm_args: -Dfile.encoding=UTF-8 
java_command: com.nemo9955.garden_revolution.Main
Launcher Type: SUN_STANDARD

Environment Variables:
PATH=/home/nemo9955/bin:/usr/sbin:/sbin:/usr/local/bin:/usr/bin:/bin:/usr/local/games:/usr/games
LD_LIBRARY_PATH=/usr/lib/jvm/java-6-openjdk-amd64/jre/lib/amd64/server:/usr/lib/jvm/java-6-openjdk-amd64/jre/lib/amd64:/usr/lib/jvm/java-6-openjdk-amd64/jre/../lib/amd64
SHELL=/bin/bash
DISPLAY=:0.0

Signal Handlers:
SIGSEGV: [libjvm.so+0x791b10], sa_mask[0]=0x7ffbfeff, sa_flags=0x10000004
SIGBUS: [libjvm.so+0x791b10], sa_mask[0]=0x7ffbfeff, sa_flags=0x10000004
SIGFPE: [libjvm.so+0x65ace0], sa_mask[0]=0x7ffbfeff, sa_flags=0x10000004
SIGPIPE: [libjvm.so+0x65ace0], sa_mask[0]=0x7ffbfeff, sa_flags=0x10000004
SIGXFSZ: [libjvm.so+0x65ace0], sa_mask[0]=0x7ffbfeff, sa_flags=0x10000004
SIGILL: [libjvm.so+0x65ace0], sa_mask[0]=0x7ffbfeff, sa_flags=0x10000004
SIGUSR1: SIG_DFL, sa_mask[0]=0x00000000, sa_flags=0x00000000
SIGUSR2: [libjvm.so+0x65aec0], sa_mask[0]=0x00000004, sa_flags=0x10000004
SIGHUP: [libjvm.so+0x65d500], sa_mask[0]=0x7ffbfeff, sa_flags=0x10000004
SIGINT: [libjvm.so+0x65d500], sa_mask[0]=0x7ffbfeff, sa_flags=0x10000004
SIGTERM: [libjvm.so+0x65d500], sa_mask[0]=0x7ffbfeff, sa_flags=0x10000004
SIGQUIT: [libjvm.so+0x65d500], sa_mask[0]=0x7ffbfeff, sa_flags=0x10000004


---------------  S Y S T E M  ---------------

OS:7.3

uname:Linux 3.2.0-4-amd64 #1 SMP Debian 3.2.51-1 x86_64
libc:glibc 2.13 NPTL 2.13 
rlimit: STACK 8192k, CORE 0k, NPROC 25587, NOFILE 4096, AS infinity
load average:0.38 0.42 0.38

/proc/meminfo:
MemTotal:        3287396 kB
MemFree:           76232 kB
Buffers:           27432 kB
Cached:           435976 kB
SwapCached:         1584 kB
Active:          2383016 kB
Inactive:         654368 kB
Active(anon):    2157220 kB
Inactive(anon):   431064 kB
Active(file):     225796 kB
Inactive(file):   223304 kB
Unevictable:           0 kB
Mlocked:               0 kB
SwapTotal:       3025916 kB
SwapFree:        2941900 kB
Dirty:               840 kB
Writeback:             0 kB
AnonPages:       2572708 kB
Mapped:           142628 kB
Shmem:             14304 kB
Slab:              71696 kB
SReclaimable:      42512 kB
SUnreclaim:        29184 kB
KernelStack:        4152 kB
PageTables:        31424 kB
NFS_Unstable:          0 kB
Bounce:                0 kB
WritebackTmp:          0 kB
CommitLimit:     4669612 kB
Committed_AS:    5195548 kB
VmallocTotal:   34359738367 kB
VmallocUsed:      321804 kB
VmallocChunk:   34359414004 kB
HardwareCorrupted:     0 kB
AnonHugePages:         0 kB
HugePages_Total:       0
HugePages_Free:        0
HugePages_Rsvd:        0
HugePages_Surp:        0
Hugepagesize:       2048 kB
DirectMap4k:      149184 kB
DirectMap2M:     3192832 kB


CPU:total 2 (2 cores per cpu, 1 threads per core) family 6 model 23 stepping 10, cmov, cx8, fxsr, mmx, sse, sse2, sse3, ssse3, sse4.1

Memory: 4k page, physical 3287396k(76232k free), swap 3025916k(2941900k free)

vm_info: OpenJDK 64-Bit Server VM (20.0-b12) for linux-amd64 JRE (1.6.0_27-b27), built on Jul 12 2013 09:04:12 by "jmm" with gcc 4.7.2

time: Sun Feb 23 23:02:56 2014
elapsed time: 2 seconds

