#
# A fatal error has been detected by the Java Runtime Environment:
#
#  SIGBUS (0x7) at pc=0x00007fddbb075c60, pid=3981, tid=140590175721216
#
# JRE version: 6.0_27-b27
# Java VM: OpenJDK 64-Bit Server VM (20.0-b12 mixed mode linux-amd64 compressed oops)
# Derivative: IcedTea6 1.12.6
# Distribution: Debian GNU/Linux 7.1 (wheezy), package 6b27-1.12.6-1~deb7u1
# Problematic frame:
# 
[error occurred during error reporting (printing problematic frame), id 0x7]

# If you would like to submit a bug report, please include
# instructions how to reproduce the bug and visit:
#   http://icedtea.classpath.org/bugzilla
# The crash happened outside the Java Virtual Machine in native code.
# See problematic frame for where to report the bug.
#

---------------  T H R E A D  ---------------

Current thread (0x00007fddbc1ae000):  JavaThread "LWJGL Application" [_thread_in_native, id=4021, stack(0x00007fddb36b9000,0x00007fddb37ba000)]

siginfo:si_signo=SIGBUS: si_errno=0, si_code=2 (BUS_ADRERR), si_addr=0x00007fddbb075c60

Registers:
RAX=0x00000000c3e54dd0, RBX=0x00000000c3e54dd0, RCX=0x00000000c3eaa9f8, RDX=0x00007fddc315e8da
RSP=0x00007fddb37b8758, RBP=0x00007fddb37b87a0, RSI=0x00007fddb37b8790, RDI=0x00007fddbc1ae1d0
R8 =0x0000000000000001, R9 =0x0000000000000001, R10=0x00007fddc322cb5e, R11=0x00007fddc322c860
R12=0x0000000000000000, R13=0x00007fddb37b87d8, R14=0x00007fddb37b8790, R15=0x00007fddbc1ae000
RIP=0x00007fddbb075c60, EFLAGS=0x0000000000010246, CSGSFS=0x0000000000000033, ERR=0x0000000000000014
  TRAPNO=0x000000000000000e

Top of Stack: (sp=0x00007fddb37b8758)
0x00007fddb37b8758:   00007fddc322cbcc 00007fddc316b298
0x00007fddb37b8768:   00000000f03480e8 0000000000000011
0x00007fddb37b8778:   0000000000000000 00007fddb37b8770
0x00007fddb37b8788:   00000000c3e5faf7 00000000c3e5f1f8
0x00007fddb37b8798:   00000000c3e90c08 00007fddb37b8828
0x00007fddb37b87a8:   00007fddc322c874 0000000000000000
0x00007fddb37b87b8:   00007fddb37b87d0 00007fddb37b8828
0x00007fddb37b87c8:   00007fddc315e8da 00007fddc315e8da
0x00007fddb37b87d8:   0000002814a18d11 00000000f0348088
0x00007fddb37b87e8:   00007fddb37b87d8 00000000c3ea9739
0x00007fddb37b87f8:   00007fddb37b8870 00000000c3eaa9f8
0x00007fddb37b8808:   00000000c432d570 00000000c3ea97a8
0x00007fddb37b8818:   00007fddb37b87d8 00007fddb37b8870
0x00007fddb37b8828:   00007fddb37b88b8 00007fddc315edb4
0x00007fddb37b8838:   0000000000000000 0000000000000000
0x00007fddb37b8848:   0000000000000000 00000000f0348108
0x00007fddb37b8858:   00000000f03480e8 00000000f0348088
0x00007fddb37b8868:   00000000f0348088 00000000f037f6d0
0x00007fddb37b8878:   00007fddb37b8878 00000000c3ea6383
0x00007fddb37b8888:   00007fddb37b88c0 00000000c3ea7fe0
0x00007fddb37b8898:   00000000c43266b0 00000000c3ea6398
0x00007fddb37b88a8:   00007fddb37b8870 00007fddb37b88c8
0x00007fddb37b88b8:   00007fddb37b8908 00007fddc315e8da
0x00007fddb37b88c8:   00007fddb37b88c8 00000000c3e492f8
0x00007fddb37b88d8:   00007fddb37b8918 00000000c3e90678
0x00007fddb37b88e8:   00000000c43265e8 00000000c3e49318
0x00007fddb37b88f8:   00007fddb37b88c8 00007fddb37b8918
0x00007fddb37b8908:   00007fddb37b8970 00007fddc315edb4
0x00007fddb37b8918:   00000000f037c858 0000000000000000
0x00007fddb37b8928:   00000000f037bdf8 00007fddb37b8920
0x00007fddb37b8938:   00000000c3e3a437 00007fddb37b8988
0x00007fddb37b8948:   00000000c3e4bcd8 00000000c4326530 

Instructions: (pc=0x00007fddbb075c60)
0x00007fddbb075c40:   
[error occurred during error reporting (printing registers, top of stack, instructions near pc), id 0x7]

Register to memory mapping:

RAX=0x00000000c3e54dd0 is an oop
{method} 
 - klass: {other class}
RBX=0x00000000c3e54dd0 is an oop
{method} 
 - klass: {other class}
RCX=0x00000000c3eaa9f8 is an oop
{constant pool cache} 
 - klass: {other class}
RDX=0x00007fddc315e8da is an Interpreter codelet
return entry points  [0x00007fddc315e1c0, 0x00007fddc315f780]  5568 bytes
RSP=0x00007fddb37b8758 is pointing into the stack for thread: 0x00007fddbc1ae000
RBP=0x00007fddb37b87a0 is pointing into the stack for thread: 0x00007fddbc1ae000
RSI=0x00007fddb37b8790 is pointing into the stack for thread: 0x00007fddbc1ae000
RDI=0x00007fddbc1ae1d0 is an unknown value
R8 =0x0000000000000001 is an unknown value
R9 =0x0000000000000001 is an unknown value
R10=0x00007fddc322c990 [CodeBlob (0x00007fddc322c990)]
Framesize: 10
R11=0x00007fddc322c710 [CodeBlob (0x00007fddc322c710)]
Framesize: 4
R12=0x0000000000000000 is an unknown value
R13=0x00007fddb37b87d8 is pointing into the stack for thread: 0x00007fddbc1ae000
R14=0x00007fddb37b8790 is pointing into the stack for thread: 0x00007fddbc1ae000
R15=0x00007fddbc1ae000 is a thread


Stack: [0x00007fddb36b9000,0x00007fddb37ba000],  sp=0x00007fddb37b8758,  free space=1021k
Native frames: (J=compiled Java code, j=interpreted, Vv=VM code, C=native code)

[error occurred during error reporting (printing native stack), id 0x7]

Java frames: (J=compiled Java code, j=interpreted, Vv=VM code)
J  org.lwjgl.opengl.LinuxDisplay.nUnlockAWT()V
J  org.lwjgl.opengl.LinuxDisplay.unlockAWT()V
j  org.lwjgl.opengl.LinuxContextImplementation.swapBuffers()V+57
j  org.lwjgl.opengl.ContextGL.swapBuffers()V+3
j  org.lwjgl.opengl.DrawableGL.swapBuffers()V+0
j  org.lwjgl.opengl.Display.swapBuffers()V+39
j  org.lwjgl.opengl.Display.update(Z)V+44
j  com.badlogic.gdx.backends.lwjgl.LwjglApplication.mainLoop()V+648
j  com.badlogic.gdx.backends.lwjgl.LwjglApplication$1.run()V+27
v  ~StubRoutines::call_stub

---------------  P R O C E S S  ---------------

Java Threads: ( => current thread )
  0x00007fddbc7ef000 JavaThread "AsynchExecutor-Thread" daemon [_thread_blocked, id=4026, stack(0x00007fddb35b8000,0x00007fddb36b9000)]
  0x00007fddbc272000 JavaThread "DestroyJavaVM" [_thread_blocked, id=3983, stack(0x00007fddc97d0000,0x00007fddc98d1000)]
=>0x00007fddbc1ae000 JavaThread "LWJGL Application" [_thread_in_native, id=4021, stack(0x00007fddb36b9000,0x00007fddb37ba000)]
  0x00007fddbc1a0800 JavaThread "AWT-XAWT" daemon [_thread_in_native, id=4017, stack(0x00007fddbb49c000,0x00007fddbb59d000)]
  0x00007fddbc124800 JavaThread "Java2D Disposer" daemon [_thread_blocked, id=4016, stack(0x00007fddbba15000,0x00007fddbbb16000)]
  0x0000000001315800 JavaThread "Low Memory Detector" daemon [_thread_blocked, id=4005, stack(0x00007fddc1b12000,0x00007fddc1c13000)]
  0x0000000001310800 JavaThread "C2 CompilerThread1" daemon [_thread_blocked, id=4004, stack(0x00007fddc1c13000,0x00007fddc1d14000)]
  0x000000000130d000 JavaThread "C2 CompilerThread0" daemon [_thread_blocked, id=4003, stack(0x00007fddc1d14000,0x00007fddc1e15000)]
  0x0000000001309800 JavaThread "JDWP Command Reader" daemon [_thread_in_native, id=3999, stack(0x00007fddc1e15000,0x00007fddc1f16000)]
  0x00000000012fd800 JavaThread "JDWP Event Helper Thread" daemon [_thread_blocked, id=3998, stack(0x00007fddc1f16000,0x00007fddc2017000)]
  0x00000000012fa000 JavaThread "JDWP Transport Listener: dt_socket" daemon [_thread_blocked, id=3995, stack(0x00007fddc2017000,0x00007fddc2118000)]
  0x00000000012ec000 JavaThread "Signal Dispatcher" daemon [_thread_blocked, id=3993, stack(0x00007fddc231c000,0x00007fddc241d000)]
  0x00000000012c8800 JavaThread "Finalizer" daemon [_thread_blocked, id=3992, stack(0x00007fddc241d000,0x00007fddc251e000)]
  0x00000000012c6800 JavaThread "Reference Handler" daemon [_thread_blocked, id=3991, stack(0x00007fddc251e000,0x00007fddc261f000)]

Other Threads:
  0x00000000012c1800 VMThread [stack: 0x00007fddc261f000,0x00007fddc2720000] [id=3990]
  0x0000000001318800 WatcherThread [stack: 0x00007fddc1a11000,0x00007fddc1b12000] [id=4006]

VM state:not at safepoint (normal execution)

VM Mutex/Monitor currently owned by a thread: None

Heap
 PSYoungGen      total 14976K, used 7139K [0x00000000ef400000, 0x00000000f04b0000, 0x0000000100000000)
  eden space 12864K, 46% used [0x00000000ef400000,0x00000000ef9dde40,0x00000000f0090000)
  from space 2112K, 53% used [0x00000000f02a0000,0x00000000f03bb130,0x00000000f04b0000)
  to   space 2112K, 0% used [0x00000000f0090000,0x00000000f0090000,0x00000000f02a0000)
 PSOldGen        total 34304K, used 0K [0x00000000cdc00000, 0x00000000cfd80000, 0x00000000ef400000)
  object space 34304K, 0% used [0x00000000cdc00000,0x00000000cdc00000,0x00000000cfd80000)
 PSPermGen       total 21248K, used 13496K [0x00000000c3600000, 0x00000000c4ac0000, 0x00000000cdc00000)
  object space 21248K, 63% used [0x00000000c3600000,0x00000000c432e0b0,0x00000000c4ac0000)

Code Cache  [0x00007fddc3159000, 0x00007fddc33c9000, 0x00007fddc6159000)
 total_blobs=746 nmethods=233 adapters=475 free_code_cache=49293952 largest_free_block=13056

Dynamic libraries:
00400000-00409000 r-xp 00000000 08:01 144298                             /usr/lib/jvm/java-6-openjdk-amd64/jre/bin/java
00608000-00609000 rw-p 00008000 08:01 144298                             /usr/lib/jvm/java-6-openjdk-amd64/jre/bin/java
0124e000-01bbb000 rw-p 00000000 00:00 0                                  [heap]
40bb8000-40bba000 r-xs 00000000 08:01 277083                             /tmp/glnSuRWP (deleted)
413b4000-41432000 rw-p 00000000 00:00 0 
c3600000-c4ac0000 rw-p 00000000 00:00 0 
c4ac0000-cdc00000 rw-p 00000000 00:00 0 
cdc00000-cfd80000 rw-p 00000000 00:00 0 
cfd80000-ef400000 rw-p 00000000 00:00 0 
ef400000-f04b0000 rw-p 00000000 00:00 0 
f04b0000-100000000 rw-p 00000000 00:00 0 
7fddaf9ca000-7fddaf9ed000 r-xp 00000000 08:01 551347                     /tmp/libgdxnemo9955/b97b1fcd/libgdx-controllers-desktop64.so
7fddaf9ed000-7fddafbed000 ---p 00023000 08:01 551347                     /tmp/libgdxnemo9955/b97b1fcd/libgdx-controllers-desktop64.so
7fddafbed000-7fddafbee000 r--p 00023000 08:01 551347                     /tmp/libgdxnemo9955/b97b1fcd/libgdx-controllers-desktop64.so
7fddafbee000-7fddafbef000 rw-p 00024000 08:01 551347                     /tmp/libgdxnemo9955/b97b1fcd/libgdx-controllers-desktop64.so
7fddafbef000-7fddafc04000 r-xp 00000000 08:01 144247                     /usr/lib/jvm/java-6-openjdk-amd64/jre/lib/amd64/libnet.so
7fddafc04000-7fddafe03000 ---p 00015000 08:01 144247                     /usr/lib/jvm/java-6-openjdk-amd64/jre/lib/amd64/libnet.so
7fddafe03000-7fddafe04000 rw-p 00014000 08:01 144247                     /usr/lib/jvm/java-6-openjdk-amd64/jre/lib/amd64/libnet.so
7fddafe04000-7fddb0204000 rw-s 04305000 00:05 5680                       /dev/nvidia0
7fddb0204000-7fddb0604000 rw-s 0434e000 00:05 5680                       /dev/nvidia0
7fddb0604000-7fddb0804000 rw-s 1fa74000 00:05 5680                       /dev/nvidia0
7fddb0804000-7fddb0a04000 rw-s 69174000 00:05 5680                       /dev/nvidia0
7fddb0a04000-7fddb0b04000 rw-s 065a5000 00:05 5680                       /dev/nvidia0
7fddb0b04000-7fddb0ba2000 rw-p 00000000 00:00 0 
7fddb0ba2000-7fddb0c16000 rw-p 00000000 00:00 0 
7fddb0c2c000-7fddb0c2d000 rw-s fdc08000 00:05 5680                       /dev/nvidia0
7fddb0c2d000-7fddb0c6d000 rw-s 04138000 00:05 5680                       /dev/nvidia0
7fddb0c8d000-7fddb0c8e000 rw-s fd641000 00:05 5680                       /dev/nvidia0
7fddb0c8e000-7fddb0c8f000 rw-s 36deb000 00:05 5680                       /dev/nvidia0
7fddb0c8f000-7fddb0c90000 rw-s 06587000 00:05 5680                       /dev/nvidia0
7fddb0c90000-7fddb0c91000 rw-s fd060000 00:05 5680                       /dev/nvidia0
7fddb0c91000-7fddb0cae000 rw-s 36c61000 00:05 5680                       /dev/nvidia0
7fddb0cae000-7fddb267e000 r-xp 00000000 08:01 282961                     /usr/lib/x86_64-linux-gnu/libnvidia-glcore.so.304.88
7fddb267e000-7fddb287d000 ---p 019d0000 08:01 282961                     /usr/lib/x86_64-linux-gnu/libnvidia-glcore.so.304.88
7fddb287d000-7fddb307e000 rwxp 019cf000 08:01 282961                     /usr/lib/x86_64-linux-gnu/libnvidia-glcore.so.304.88
7fddb307e000-7fddb3098000 rwxp 00000000 00:00 0 
7fddb3098000-7fddb309b000 r-xp 00000000 08:01 551171                     /usr/lib/x86_64-linux-gnu/tls/libnvidia-tls.so.304.88
7fddb309b000-7fddb329a000 ---p 00003000 08:01 551171                     /usr/lib/x86_64-linux-gnu/tls/libnvidia-tls.so.304.88
7fddb329a000-7fddb329b000 rw-p 00002000 08:01 551171                     /usr/lib/x86_64-linux-gnu/tls/libnvidia-tls.so.304.88
7fddb329b000-7fddb3365000 r-xp 00000000 08:01 678444                     /usr/lib/x86_64-linux-gnu/nvidia/current/libGL.so.304.88
7fddb3365000-7fddb3565000 ---p 000ca000 08:01 678444                     /usr/lib/x86_64-linux-gnu/nvidia/current/libGL.so.304.88
7fddb3565000-7fddb35a2000 rwxp 000ca000 08:01 678444                     /usr/lib/x86_64-linux-gnu/nvidia/current/libGL.so.304.88
7fddb35a2000-7fddb35b8000 rwxp 00000000 00:00 0 
7fddb35b8000-7fddb35bb000 ---p 00000000 00:00 0 
7fddb35bb000-7fddb36b9000 rw-p 00000000 00:00 0 
7fddb36b9000-7fddb36bc000 ---p 00000000 00:00 0 
7fddb36bc000-7fddb37ba000 rw-p 00000000 00:00 0 
7fddb37ba000-7fddb37bb000 ---p 00000000 00:00 0 
7fddb37bb000-7fddb38bb000 rw-p 00000000 00:00 0 
7fddb38bb000-7fddb78bc000 rw-s 00000000 00:11 108856                     /run/shm/pulse-shm-1956774251
7fddb78bc000-7fddb78bd000 ---p 00000000 00:00 0 
7fddb78bd000-7fddb80bd000 rw-p 00000000 00:00 0 
7fddb80bd000-7fddb80d0000 r-xp 00000000 08:01 916431                     /lib/x86_64-linux-gnu/libresolv-2.13.so
7fddb80d0000-7fddb82cf000 ---p 00013000 08:01 916431                     /lib/x86_64-linux-gnu/libresolv-2.13.so
7fddb82cf000-7fddb82d0000 r--p 00012000 08:01 916431                     /lib/x86_64-linux-gnu/libresolv-2.13.so
7fddb82d0000-7fddb82d1000 rw-p 00013000 08:01 916431                     /lib/x86_64-linux-gnu/libresolv-2.13.so
7fddb82d1000-7fddb82d3000 rw-p 00000000 00:00 0 
7fddb82d3000-7fddb82d9000 r-xp 00000000 08:01 264971                     /usr/lib/x86_64-linux-gnu/libogg.so.0.8.0
7fddb82d9000-7fddb84d8000 ---p 00006000 08:01 264971                     /usr/lib/x86_64-linux-gnu/libogg.so.0.8.0
7fddb84d8000-7fddb84d9000 rw-p 00005000 08:01 264971                     /usr/lib/x86_64-linux-gnu/libogg.so.0.8.0
7fddb84d9000-7fddb8505000 r-xp 00000000 08:01 265193                     /usr/lib/x86_64-linux-gnu/libvorbis.so.0.4.5
7fddb8505000-7fddb8704000 ---p 0002c000 08:01 265193                     /usr/lib/x86_64-linux-gnu/libvorbis.so.0.4.5
7fddb8704000-7fddb8705000 r--p 0002b000 08:01 265193                     /usr/lib/x86_64-linux-gnu/libvorbis.so.0.4.5
7fddb8705000-7fddb8706000 rw-p 0002c000 08:01 265193                     /usr/lib/x86_64-linux-gnu/libvorbis.so.0.4.5
7fddb8706000-7fddb89b9000 r-xp 00000000 08:01 265195                     /usr/lib/x86_64-linux-gnu/libvorbisenc.so.2.0.8
7fddb89b9000-7fddb8bb8000 ---p 002b3000 08:01 265195                     /usr/lib/x86_64-linux-gnu/libvorbisenc.so.2.0.8
7fddb8bb8000-7fddb8bd4000 r--p 002b2000 08:01 265195                     /usr/lib/x86_64-linux-gnu/libvorbisenc.so.2.0.8
7fddb8bd4000-7fddb8bd5000 rw-p 002ce000 08:01 265195                     /usr/lib/x86_64-linux-gnu/libvorbisenc.so.2.0.8
7fddb8bd5000-7fddb8c20000 r-xp 00000000 08:01 264365                     /usr/lib/x86_64-linux-gnu/libFLAC.so.8.2.0
7fddb8c20000-7fddb8e1f000 ---p 0004b000 08:01 264365                     /usr/lib/x86_64-linux-gnu/libFLAC.so.8.2.0
7fddb8e1f000-7fddb8e20000 r--p 0004a000 08:01 264365                     /usr/lib/x86_64-linux-gnu/libFLAC.so.8.2.0
7fddb8e20000-7fddb8e21000 rw-p 0004b000 08:01 264365                     /usr/lib/x86_64-linux-gnu/libFLAC.so.8.2.0
7fddb8e21000-7fddb8e25000 r-xp 00000000 08:01 916163                     /lib/x86_64-linux-gnu/libuuid.so.1.3.0
7fddb8e25000-7fddb9024000 ---p 00004000 08:01 916163                     /lib/x86_64-linux-gnu/libuuid.so.1.3.0
7fddb9024000-7fddb9025000 r--p 00003000 08:01 916163                     /lib/x86_64-linux-gnu/libuuid.so.1.3.0
7fddb9025000-7fddb9026000 rw-p 00004000 08:01 916163                     /lib/x86_64-linux-gnu/libuuid.so.1.3.0
7fddb9026000-7fddb902a000 r-xp 00000000 08:01 916027                     /lib/x86_64-linux-gnu/libattr.so.1.1.0
7fddb902a000-7fddb9229000 ---p 00004000 08:01 916027                     /lib/x86_64-linux-gnu/libattr.so.1.1.0
7fddb9229000-7fddb922a000 r--p 00003000 08:01 916027                     /lib/x86_64-linux-gnu/libattr.so.1.1.0
7fddb922a000-7fddb922b000 rw-p 00004000 08:01 916027                     /lib/x86_64-linux-gnu/libattr.so.1.1.0
7fddb922b000-7fddb9230000 r-xp 00000000 08:01 264468                     /usr/lib/x86_64-linux-gnu/libasyncns.so.0.3.1
7fddb9230000-7fddb942f000 ---p 00005000 08:01 264468                     /usr/lib/x86_64-linux-gnu/libasyncns.so.0.3.1
7fddb942f000-7fddb9430000 rw-p 00004000 08:01 264468                     /usr/lib/x86_64-linux-gnu/libasyncns.so.0.3.1
7fddb9430000-7fddb9491000 r-xp 00000000 08:01 265087                     /usr/lib/x86_64-linux-gnu/libsndfile.so.1.0.25
7fddb9491000-7fddb9690000 ---p 00061000 08:01 265087                     /usr/lib/x86_64-linux-gnu/libsndfile.so.1.0.25
7fddb9690000-7fddb9692000 r--p 00060000 08:01 265087                     /usr/lib/x86_64-linux-gnu/libsndfile.so.1.0.25
7fddb9692000-7fddb9693000 rw-p 00062000 08:01 265087                     /usr/lib/x86_64-linux-gnu/libsndfile.so.1.0.25
7fddb9693000-7fddb9697000 rw-p 00000000 00:00 0 
7fddb9697000-7fddb96a0000 r-xp 00000000 08:01 916165                     /lib/x86_64-linux-gnu/libwrap.so.0.7.6
7fddb96a0000-7fddb989f000 ---p 00009000 08:01 916165                     /lib/x86_64-linux-gnu/libwrap.so.0.7.6
7fddb989f000-7fddb98a0000 r--p 00008000 08:01 916165                     /lib/x86_64-linux-gnu/libwrap.so.0.7.6
7fddb98a0000-7fddb98a1000 rw-p 00009000 08:01 916165                     /lib/x86_64-linux-gnu/libwrap.so.0.7.6
7fddb98a1000-7fddb98a2000 rw-p 00000000 00:00 0 
7fddb98a2000-7fddb98a9000 r-xp 00000000 08:01 264394                     /usr/lib/x86_64-linux-gnu/libSM.so.6.0.1
7fddb98a9000-7fddb9aa8000 ---p 00007000 08:01 264394                     /usr/lib/x86_64-linux-gnu/libSM.so.6.0.1
7fddb9aa8000-7fddb9aa9000 rw-p 00006000 08:01 264394                     /usr/lib/x86_64-linux-gnu/libSM.so.6.0.1
7fddb9aa9000-7fddb9ac0000 r-xp 00000000 08:01 264375                     /usr/lib/x86_64-linux-gnu/libICE.so.6.3.0
7fddb9ac0000-7fddb9cbf000 ---p 00017000 08:01 264375                     /usr/lib/x86_64-linux-gnu/libICE.so.6.3.0
7fddb9cbf000-7fddb9cc1000 rw-p 00016000 08:01 264375                     /usr/lib/x86_64-linux-gnu/libICE.so.6.3.0
7fddb9cc1000-7fddb9cc4000 rw-p 00000000 00:00 0 
7fddb9cc4000-7fddb9cc5000 r-xp 00000000 08:01 272883                     /usr/lib/x86_64-linux-gnu/libX11-xcb.so.1.0.0
7fddb9cc5000-7fddb9ec4000 ---p 00001000 08:01 272883                     /usr/lib/x86_64-linux-gnu/libX11-xcb.so.1.0.0
7fddb9ec4000-7fddb9ec5000 rw-p 00000000 08:01 272883                     /usr/lib/x86_64-linux-gnu/libX11-xcb.so.1.0.0
7fddb9ec5000-7fddb9ec9000 r-xp 00000000 08:01 916038                     /lib/x86_64-linux-gnu/libcap.so.2.22
7fddb9ec9000-7fddba0c8000 ---p 00004000 08:01 916038                     /lib/x86_64-linux-gnu/libcap.so.2.22
7fddba0c8000-7fddba0c9000 rw-p 00003000 08:01 916038                     /lib/x86_64-linux-gnu/libcap.so.2.22
7fddba0c9000-7fddba10d000 r-xp 00000000 08:01 916060                     /lib/x86_64-linux-gnu/libdbus-1.so.3.7.2
7fddba10d000-7fddba30d000 ---p 00044000 08:01 916060                     /lib/x86_64-linux-gnu/libdbus-1.so.3.7.2
7fddba30d000-7fddba30e000 r--p 00044000 08:01 916060                     /lib/x86_64-linux-gnu/libdbus-1.so.3.7.2
7fddba30e000-7fddba30f000 rw-p 00045000 08:01 916060                     /lib/x86_64-linux-gnu/libdbus-1.so.3.7.2
7fddba30f000-7fddba370000 r-xp 00000000 08:01 265339                     /usr/lib/x86_64-linux-gnu/pulseaudio/libpulsecommon-2.0.so
7fddba370000-7fddba56f000 ---p 00061000 08:01 265339                     /usr/lib/x86_64-linux-gnu/pulseaudio/libpulsecommon-2.0.so
7fddba56f000-7fddba570000 r--p 00060000 08:01 265339                     /usr/lib/x86_64-linux-gnu/pulseaudio/libpulsecommon-2.0.so
7fddba570000-7fddba572000 rw-p 00061000 08:01 265339                     /usr/lib/x86_64-linux-gnu/pulseaudio/libpulsecommon-2.0.so
7fddba572000-7fddba57b000 r-xp 00000000 08:01 916072                     /lib/x86_64-linux-gnu/libjson.so.0.1.0
7fddba57b000-7fddba77a000 ---p 00009000 08:01 916072                     /lib/x86_64-linux-gnu/libjson.so.0.1.0
7fddba77a000-7fddba77b000 r--p 00008000 08:01 916072                     /lib/x86_64-linux-gnu/libjson.so.0.1.0
7fddba77b000-7fddba77c000 rw-p 00009000 08:01 916072                     /lib/x86_64-linux-gnu/libjson.so.0.1.0
7fddba77c000-7fddba7c5000 r-xp 00000000 08:01 265053                     /usr/lib/x86_64-linux-gnu/libpulse.so.0.14.2
7fddba7c5000-7fddba9c4000 ---p 00049000 08:01 265053                     /usr/lib/x86_64-linux-gnu/libpulse.so.0.14.2
7fddba9c4000-7fddba9c5000 r--p 00048000 08:01 265053                     /usr/lib/x86_64-linux-gnu/libpulse.so.0.14.2
7fddba9c5000-7fddba9c6000 rw-p 00049000 08:01 265053                     /usr/lib/x86_64-linux-gnu/libpulse.so.0.14.2
7fddba9c6000-7fddbaa1b000 r-xp 00000000 08:01 551340                     /tmp/libgdxnemo9955/7b43be9b/libopenal64.so
7fddbaa1b000-7fddbac1a000 ---p 00055000 08:01 551340                     /tmp/libgdxnemo9955/7b43be9b/libopenal64.so
7fddbac1a000-7fddbac1d000 r--p 00054000 08:01 551340                     /tmp/libgdxnemo9955/7b43be9b/libopenal64.so
7fddbac1d000-7fddbac1e000 rw-p 00057000 08:01 551340                     /tmp/libgdxnemo9955/7b43be9b/libopenal64.so
7fddbac1e000-7fddbac1f000 rw-p 00000000 00:00 0 
7fddbac1f000-7fddbac23000 r-xp 00000000 08:01 273334                     /usr/lib/x86_64-linux-gnu/libXxf86vm.so.1.0.0
7fddbac23000-7fddbae23000 ---p 00004000 08:01 273334                     /usr/lib/x86_64-linux-gnu/libXxf86vm.so.1.0.0
7fddbae23000-7fddbae24000 r--p 00004000 08:01 273334                     /usr/lib/x86_64-linux-gnu/libXxf86vm.so.1.0.0
7fddbae24000-7fddbae25000 rw-p 00005000 08:01 273334                     /usr/lib/x86_64-linux-gnu/libXxf86vm.so.1.0.0
7fddbae25000-7fddbae2c000 r-xp 00000000 08:01 265883                     /usr/lib/x86_64-linux-gnu/libXrandr.so.2.2.0
7fddbae2c000-7fddbb02c000 ---p 00007000 08:01 265883                     /usr/lib/x86_64-linux-gnu/libXrandr.so.2.2.0
7fddbb02c000-7fddbb02d000 rw-p 00007000 08:01 265883                     /usr/lib/x86_64-linux-gnu/libXrandr.so.2.2.0
7fddbb02d000-7fddbb099000 r-xp 00000000 08:01 551339                     /tmp/libgdxnemo9955/7b43be9b/liblwjgl64.so
7fddbb099000-7fddbb298000 ---p 0006c000 08:01 551339                     /tmp/libgdxnemo9955/7b43be9b/liblwjgl64.so
7fddbb298000-7fddbb29a000 r--p 0006b000 08:01 551339                     /tmp/libgdxnemo9955/7b43be9b/liblwjgl64.so
7fddbb29a000-7fddbb29b000 rw-p 0006d000 08:01 551339                     /tmp/libgdxnemo9955/7b43be9b/liblwjgl64.so
7fddbb29b000-7fddbb29c000 r-xp 00000000 08:01 144229                     /usr/lib/jvm/java-6-openjdk-amd64/jre/lib/amd64/libjawt.so
7fddbb29c000-7fddbb49b000 ---p 00001000 08:01 144229                     /usr/lib/jvm/java-6-openjdk-amd64/jre/lib/amd64/libjawt.so
7fddbb49b000-7fddbb49c000 rw-p 00000000 08:01 144229                     /usr/lib/jvm/java-6-openjdk-amd64/jre/lib/amd64/libjawt.so
7fddbb49c000-7fddbb49f000 ---p 00000000 00:00 0 
7fddbb49f000-7fddbb59d000 rw-p 00000000 00:00 0 
7fddbb59d000-7fddbb5a6000 r--s 00000000 08:01 277048                     /var/cache/fontconfig/945677eb7aeaf62f1d50efc3fb3ec7d8-le64.cache-3
7fddbb5a6000-7fddbb5ab000 r--s 00000000 08:01 271253                     /var/cache/fontconfig/6eb3985aa4124903f6ff08ba781cd364-le64.cache-3
7fddbb5ab000-7fddbb5b4000 r--s 00000000 08:01 278568                     /var/cache/fontconfig/6d41288fd70b0be22e8c3a91e032eec0-le64.cache-3
7fddbb5eb000-7fddbb5f0000 r-xp 00000000 08:01 273531                     /usr/lib/x86_64-linux-gnu/libXfixes.so.3.1.0
7fddbb5f0000-7fddbb7ef000 ---p 00005000 08:01 273531                     /usr/lib/x86_64-linux-gnu/libXfixes.so.3.1.0
7fddbb7ef000-7fddbb7f0000 r--p 00004000 08:01 273531                     /usr/lib/x86_64-linux-gnu/libXfixes.so.3.1.0
7fddbb7f0000-7fddbb7f1000 rw-p 00005000 08:01 273531                     /usr/lib/x86_64-linux-gnu/libXfixes.so.3.1.0
7fddbb7f1000-7fddbb7fb000 r-xp 00000000 08:01 264474                     /usr/lib/x86_64-linux-gnu/libXcursor.so.1.0.2
7fddbb7fb000-7fddbb9fa000 ---p 0000a000 08:01 264474                     /usr/lib/x86_64-linux-gnu/libXcursor.so.1.0.2
7fddbb9fa000-7fddbb9fb000 rw-p 00009000 08:01 264474                     /usr/lib/x86_64-linux-gnu/libXcursor.so.1.0.2
7fddbba04000-7fddbba06000 rw-p 00000000 00:00 0 
7fddbba06000-7fddbba08000 rw-s 00000000 08:01 277083                     /tmp/glnSuRWP (deleted)
7fddbba08000-7fddbba0c000 rw-s 7475c000 00:05 5680                       /dev/nvidia0
7fddbba0c000-7fddbba0d000 rw-s d0005000 00:05 5680                       /dev/nvidia0
7fddbba0d000-7fddbba0e000 rw-s 69090000 00:05 5680                       /dev/nvidia0
7fddbba0e000-7fddbba15000 r--s 00000000 08:01 282750                     /usr/lib/x86_64-linux-gnu/gconv/gconv-modules.cache
7fddbba15000-7fddbba18000 ---p 00000000 00:00 0 
7fddbba18000-7fddbbb16000 rw-p 00000000 00:00 0 
7fddbbb16000-7fddbbbaf000 r-xp 00000000 08:01 264650                     /usr/lib/x86_64-linux-gnu/libfreetype.so.6.8.1
7fddbbbaf000-7fddbbdae000 ---p 00099000 08:01 264650                     /usr/lib/x86_64-linux-gnu/libfreetype.so.6.8.1
7fddbbdae000-7fddbbdb4000 r--p 00098000 08:01 264650                     /usr/lib/x86_64-linux-gnu/libfreetype.so.6.8.1
7fddbbdb4000-7fddbbdb5000 rw-p 0009e000 08:01 264650                     /usr/lib/x86_64-linux-gnu/libfreetype.so.6.8.1
7fddbbdb5000-7fddbbdfd000 r-xp 00000000 08:01 144223                     /usr/lib/jvm/java-6-openjdk-amd64/jre/lib/amd64/libfontmanager.so
7fddbbdfd000-7fddbbffd000 ---p 00048000 08:01 144223                     /usr/lib/jvm/java-6-openjdk-amd64/jre/lib/amd64/libfontmanager.so
7fddbbffd000-7fddbc000000 rw-p 00048000 08:01 144223                     /usr/lib/jvm/java-6-openjdk-amd64/jre/lib/amd64/libfontmanager.so
7fddbc000000-7fddbe742000 rw-p 00000000 00:00 0 
7fddbe742000-7fddc0000000 ---p 00000000 00:00 0 
7fddc0000000-7fddc0004000 rw-s 03b8e000 00:05 5680                       /dev/nvidia0
7fddc0004000-7fddc0032000 r--s 00000000 08:01 271260                     /var/cache/fontconfig/365b55f210c0a22e9a19e35191240f32-le64.cache-3
7fddc0032000-7fddc0035000 r--s 00000000 08:01 271247                     /var/cache/fontconfig/c57959a16110560c8d0fcea73374aeeb-le64.cache-3
7fddc0035000-7fddc003a000 r--s 00000000 08:01 271264                     /var/cache/fontconfig/3047814df9a2f067bd2d96a2b9c36e5a-le64.cache-3
7fddc003a000-7fddc004b000 r--s 00000000 08:01 271249                     /var/cache/fontconfig/d52a8644073d54c13679302ca1180695-le64.cache-3
7fddc004b000-7fddc0052000 r--s 00000000 08:01 271258                     /var/cache/fontconfig/3f7329c5293ffd510edef78f73874cfd-le64.cache-3
7fddc0052000-7fddc0054000 r--s 00000000 08:01 271267                     /var/cache/fontconfig/e13b20fdb08344e0e664864cc2ede53d-le64.cache-3
7fddc0054000-7fddc005d000 r--s 00000000 08:01 277048                     /var/cache/fontconfig/945677eb7aeaf62f1d50efc3fb3ec7d8-le64.cache-3
7fddc005d000-7fddc0062000 r--s 00000000 08:01 271253                     /var/cache/fontconfig/6eb3985aa4124903f6ff08ba781cd364-le64.cache-3
7fddc0062000-7fddc006b000 r--s 00000000 08:01 278568                     /var/cache/fontconfig/6d41288fd70b0be22e8c3a91e032eec0-le64.cache-3
7fddc006b000-7fddc0099000 r--s 00000000 08:01 271260                     /var/cache/fontconfig/365b55f210c0a22e9a19e35191240f32-le64.cache-3
7fddc0099000-7fddc009c000 r--s 00000000 08:01 271247                     /var/cache/fontconfig/c57959a16110560c8d0fcea73374aeeb-le64.cache-3
7fddc009c000-7fddc00a1000 r--s 00000000 08:01 271264                     /var/cache/fontconfig/3047814df9a2f067bd2d96a2b9c36e5a-le64.cache-3
7fddc00a1000-7fddc00a6000 r-xp 00000000 08:01 264417                     /usr/lib/x86_64-linux-gnu/libXdmcp.so.6.0.0
7fddc00a6000-7fddc02a5000 ---p 00005000 08:01 264417                     /usr/lib/x86_64-linux-gnu/libXdmcp.so.6.0.0
7fddc02a5000-7fddc02a6000 rw-p 00004000 08:01 264417                     /usr/lib/x86_64-linux-gnu/libXdmcp.so.6.0.0
7fddc02a6000-7fddc02a8000 r-xp 00000000 08:01 264406                     /usr/lib/x86_64-linux-gnu/libXau.so.6.0.0
7fddc02a8000-7fddc04a8000 ---p 00002000 08:01 264406                     /usr/lib/x86_64-linux-gnu/libXau.so.6.0.0
7fddc04a8000-7fddc04a9000 rw-p 00002000 08:01 264406                     /usr/lib/x86_64-linux-gnu/libXau.so.6.0.0
7fddc04a9000-7fddc04c8000 r-xp 00000000 08:01 265852                     /usr/lib/x86_64-linux-gnu/libxcb.so.1.1.0
7fddc04c8000-7fddc06c7000 ---p 0001f000 08:01 265852                     /usr/lib/x86_64-linux-gnu/libxcb.so.1.1.0
7fddc06c7000-7fddc06c8000 r--p 0001e000 08:01 265852                     /usr/lib/x86_64-linux-gnu/libxcb.so.1.1.0
7fddc06c8000-7fddc06c9000 rw-p 0001f000 08:01 265852                     /usr/lib/x86_64-linux-gnu/libxcb.so.1.1.0
7fddc06c9000-7fddc06d7000 r-xp 00000000 08:01 265075                     /usr/lib/x86_64-linux-gnu/libXi.so.6.1.0
7fddc06d7000-7fddc08d7000 ---p 0000e000 08:01 265075                     /usr/lib/x86_64-linux-gnu/libXi.so.6.1.0
7fddc08d7000-7fddc08d8000 rw-p 0000e000 08:01 265075                     /usr/lib/x86_64-linux-gnu/libXi.so.6.1.0
7fddc08d8000-7fddc08dd000 r-xp 00000000 08:01 274483                     /usr/lib/x86_64-linux-gnu/libXtst.so.6.1.0
7fddc08dd000-7fddc0adc000 ---p 00005000 08:01 274483                     /usr/lib/x86_64-linux-gnu/libXtst.so.6.1.0
7fddc0adc000-7fddc0add000 rw-p 00004000 08:01 274483                     /usr/lib/x86_64-linux-gnu/libXtst.so.6.1.0
7fddc0add000-7fddc0ae6000 r-xp 00000000 08:01 264343                     /usr/lib/x86_64-linux-gnu/libXrender.so.1.3.0
7fddc0ae6000-7fddc0ce5000 ---p 00009000 08:01 264343                     /usr/lib/x86_64-linux-gnu/libXrender.so.1.3.0
7fddc0ce5000-7fddc0ce6000 rw-p 00008000 08:01 264343                     /usr/lib/x86_64-linux-gnu/libXrender.so.1.3.0
7fddc0ce6000-7fddc0e1b000 r-xp 00000000 08:01 265870                     /usr/lib/x86_64-linux-gnu/libX11.so.6.3.0
7fddc0e1b000-7fddc101b000 ---p 00135000 08:01 265870                     /usr/lib/x86_64-linux-gnu/libX11.so.6.3.0
7fddc101b000-7fddc1021000 rw-p 00135000 08:01 265870                     /usr/lib/x86_64-linux-gnu/libX11.so.6.3.0
7fddc1021000-7fddc1032000 r-xp 00000000 08:01 264595                     /usr/lib/x86_64-linux-gnu/libXext.so.6.4.0
7fddc1032000-7fddc1232000 ---p 00011000 08:01 264595                     /usr/lib/x86_64-linux-gnu/libXext.so.6.4.0
7fddc1232000-7fddc1233000 rw-p 00011000 08:01 264595                     /usr/lib/x86_64-linux-gnu/libXext.so.6.4.0
7fddc1233000-7fddc1244000 r--s 00000000 08:01 271249                     /var/cache/fontconfig/d52a8644073d54c13679302ca1180695-le64.cache-3
7fddc1244000-7fddc124b000 r--s 00000000 08:01 271258                     /var/cache/fontconfig/3f7329c5293ffd510edef78f73874cfd-le64.cache-3
7fddc124b000-7fddc124d000 r--s 00000000 08:01 271267                     /var/cache/fontconfig/e13b20fdb08344e0e664864cc2ede53d-le64.cache-3
7fddc124d000-7fddc129a000 r-xp 00000000 08:01 144391                     /usr/lib/jvm/java-6-openjdk-amd64/jre/lib/amd64/xawt/libmawt.so
7fddc129a000-7fddc1499000 ---p 0004d000 08:01 144391                     /usr/lib/jvm/java-6-openjdk-amd64/jre/lib/amd64/xawt/libmawt.so
7fddc1499000-7fddc149d000 rw-p 0004c000 08:01 144391                     /usr/lib/jvm/java-6-openjdk-amd64/jre/lib/amd64/xawt/libmawt.so
7fddc149d000-7fddc149e000 rw-p 00000000 00:00 0 
7fddc149e000-7fddc154e000 r-xp 00000000 08:01 144230                     /usr/lib/jvm/java-6-openjdk-amd64/jre/lib/amd64/libawt.so
7fddc154e000-7fddc174d000 ---p 000b0000 08:01 144230                     /usr/lib/jvm/java-6-openjdk-amd64/jre/lib/amd64/libawt.so
7fddc174d000-7fddc1759000 rw-p 000af000 08:01 144230                     /usr/lib/jvm/java-6-openjdk-amd64/jre/lib/amd64/libawt.so
7fddc1759000-7fddc177d000 rw-p 00000000 00:00 0 
7fddc177d000-7fddc17ec000 r-xp 00000000 08:01 551337                     /tmp/libgdxnemo9955/b4a54a2/libgdx64.so
7fddc17ec000-7fddc19eb000 ---p 0006f000 08:01 551337                     /tmp/libgdxnemo9955/b4a54a2/libgdx64.so
7fddc19eb000-7fddc19ed000 r--p 0006e000 08:01 551337                     /tmp/libgdxnemo9955/b4a54a2/libgdx64.so
7fddc19ed000-7fddc19ee000 rw-p 00070000 08:01 551337                     /tmp/libgdxnemo9955/b4a54a2/libgdx64.so
7fddc19ee000-7fddc19ef000 rw-p 00000000 00:00 0 
7fddc19ef000-7fddc19f6000 r--s 000fc000 08:01 143749                     /usr/lib/jvm/java-6-openjdk-common/jre/lib/resources.jar
7fddc19f6000-7fddc19f7000 r--s 00127000 08:06 9437307                    /home/nemo9955/CodeStation/proiecte/Garden_Revolution/Garden_Revolution-desktop/libs/gdx-natives.jar
7fddc19f7000-7fddc19f8000 r--s 00004000 08:06 9437342                    /home/nemo9955/CodeStation/proiecte/Garden_Revolution/Garden_Revolution-desktop/libs/gdx-controllers-desktop.jar
7fddc19f8000-7fddc19f9000 r--s 00100000 08:06 9437237                    /home/nemo9955/CodeStation/proiecte/Garden_Revolution/Garden_Revolution-desktop/libs/gdx-controllers-desktop-natives.jar
7fddc19f9000-7fddc1a0a000 r--s 0012b000 08:06 9437394                    /home/nemo9955/CodeStation/proiecte/Garden_Revolution/Garden_Revolution-desktop/libs/gdx-backend-lwjgl.jar
7fddc1a0a000-7fddc1a11000 r--s 0004c000 08:06 9437312                    /home/nemo9955/CodeStation/proiecte/Garden_Revolution/Garden_Revolution-main/libs/kryonet-2.21-all.jar
7fddc1a11000-7fddc1a12000 ---p 00000000 00:00 0 
7fddc1a12000-7fddc1b12000 rw-p 00000000 00:00 0 
7fddc1b12000-7fddc1b15000 ---p 00000000 00:00 0 
7fddc1b15000-7fddc1c13000 rw-p 00000000 00:00 0 
7fddc1c13000-7fddc1c16000 ---p 00000000 00:00 0 
7fddc1c16000-7fddc1d14000 rw-p 00000000 00:00 0 
7fddc1d14000-7fddc1d17000 ---p 00000000 00:00 0 
7fddc1d17000-7fddc1e15000 rw-p 00000000 00:00 0 
7fddc1e15000-7fddc1e18000 ---p 00000000 00:00 0 
7fddc1e18000-7fddc1f16000 rw-p 00000000 00:00 0 
7fddc1f16000-7fddc1f19000 ---p 00000000 00:00 0 
7fddc1f19000-7fddc2017000 rw-p 00000000 00:00 0 
7fddc2017000-7fddc201a000 ---p 00000000 00:00 0 
7fddc201a000-7fddc2118000 rw-p 00000000 00:00 0 
7fddc2118000-7fddc211c000 r-xp 00000000 08:01 144238                     /usr/lib/jvm/java-6-openjdk-amd64/jre/lib/amd64/libdt_socket.so
7fddc211c000-7fddc231b000 ---p 00004000 08:01 144238                     /usr/lib/jvm/java-6-openjdk-amd64/jre/lib/amd64/libdt_socket.so
7fddc231b000-7fddc231c000 rw-p 00003000 08:01 144238                     /usr/lib/jvm/java-6-openjdk-amd64/jre/lib/amd64/libdt_socket.so
7fddc231c000-7fddc231f000 ---p 00000000 00:00 0 
7fddc231f000-7fddc241d000 rw-p 00000000 00:00 0 
7fddc241d000-7fddc2420000 ---p 00000000 00:00 0 
7fddc2420000-7fddc251e000 rw-p 00000000 00:00 0 
7fddc251e000-7fddc2521000 ---p 00000000 00:00 0 
7fddc2521000-7fddc261f000 rw-p 00000000 00:00 0 
7fddc261f000-7fddc2620000 ---p 00000000 00:00 0 
7fddc2620000-7fddc2a56000 rw-p 00000000 00:00 0 
7fddc2a56000-7fddc2bea000 r--s 03807000 08:01 144270                     /usr/lib/jvm/java-6-openjdk-amd64/jre/lib/rt.jar
7fddc2bea000-7fddc2c12000 rw-p 00000000 00:00 0 
7fddc2c12000-7fddc2c13000 ---p 00000000 00:00 0 
7fddc2c13000-7fddc2d13000 rw-p 00000000 00:00 0 
7fddc2d13000-7fddc2d14000 ---p 00000000 00:00 0 
7fddc2d14000-7fddc2e1f000 rw-p 00000000 00:00 0 
7fddc2e1f000-7fddc2e67000 rw-p 00000000 00:00 0 
7fddc2e67000-7fddc2e78000 rw-p 00000000 00:00 0 
7fddc2e78000-7fddc2f73000 rw-p 00000000 00:00 0 
7fddc2f73000-7fddc2f7e000 rw-p 00000000 00:00 0 
7fddc2f7e000-7fddc2fc6000 rw-p 00000000 00:00 0 
7fddc2fc6000-7fddc2fd7000 rw-p 00000000 00:00 0 
7fddc2fd7000-7fddc30d2000 rw-p 00000000 00:00 0 
7fddc30d2000-7fddc30db000 rw-p 00000000 00:00 0 
7fddc30db000-7fddc3158000 rw-p 00000000 00:00 0 
7fddc3158000-7fddc3159000 rw-p 00000000 00:00 0 
7fddc3159000-7fddc33c9000 rwxp 00000000 00:00 0 
7fddc33c9000-7fddc6159000 rw-p 00000000 00:00 0 
7fddc6159000-7fddc6160000 r-xp 00000000 08:01 144259                     /usr/lib/jvm/java-6-openjdk-amd64/jre/lib/amd64/libzip.so
7fddc6160000-7fddc635f000 ---p 00007000 08:01 144259                     /usr/lib/jvm/java-6-openjdk-amd64/jre/lib/amd64/libzip.so
7fddc635f000-7fddc6360000 rw-p 00006000 08:01 144259                     /usr/lib/jvm/java-6-openjdk-amd64/jre/lib/amd64/libzip.so
7fddc6360000-7fddc636b000 r-xp 00000000 08:01 916446                     /lib/x86_64-linux-gnu/libnss_files-2.13.so
7fddc636b000-7fddc656a000 ---p 0000b000 08:01 916446                     /lib/x86_64-linux-gnu/libnss_files-2.13.so
7fddc656a000-7fddc656b000 r--p 0000a000 08:01 916446                     /lib/x86_64-linux-gnu/libnss_files-2.13.so
7fddc656b000-7fddc656c000 rw-p 0000b000 08:01 916446                     /lib/x86_64-linux-gnu/libnss_files-2.13.so
7fddc656c000-7fddc6576000 r-xp 00000000 08:01 916442                     /lib/x86_64-linux-gnu/libnss_nis-2.13.so
7fddc6576000-7fddc6775000 ---p 0000a000 08:01 916442                     /lib/x86_64-linux-gnu/libnss_nis-2.13.so
7fddc6775000-7fddc6776000 r--p 00009000 08:01 916442                     /lib/x86_64-linux-gnu/libnss_nis-2.13.so
7fddc6776000-7fddc6777000 rw-p 0000a000 08:01 916442                     /lib/x86_64-linux-gnu/libnss_nis-2.13.so
7fddc6777000-7fddc677e000 r-xp 00000000 08:01 916435                     /lib/x86_64-linux-gnu/libnss_compat-2.13.so
7fddc677e000-7fddc697d000 ---p 00007000 08:01 916435                     /lib/x86_64-linux-gnu/libnss_compat-2.13.so
7fddc697d000-7fddc697e000 r--p 00006000 08:01 916435                     /lib/x86_64-linux-gnu/libnss_compat-2.13.so
7fddc697e000-7fddc697f000 rw-p 00007000 08:01 916435                     /lib/x86_64-linux-gnu/libnss_compat-2.13.so
7fddc697f000-7fddc6af6000 r--p 00000000 08:01 139605                     /usr/lib/locale/locale-archive
7fddc6af6000-7fddc6af9000 r-xp 00000000 08:01 144258                     /usr/lib/jvm/java-6-openjdk-amd64/jre/lib/amd64/libnpt.so
7fddc6af9000-7fddc6cf8000 ---p 00003000 08:01 144258                     /usr/lib/jvm/java-6-openjdk-amd64/jre/lib/amd64/libnpt.so
7fddc6cf8000-7fddc6cf9000 rw-p 00002000 08:01 144258                     /usr/lib/jvm/java-6-openjdk-amd64/jre/lib/amd64/libnpt.so
7fddc6cf9000-7fddc6d33000 r-xp 00000000 08:01 144255                     /usr/lib/jvm/java-6-openjdk-amd64/jre/lib/amd64/libjdwp.so
7fddc6d33000-7fddc6f32000 ---p 0003a000 08:01 144255                     /usr/lib/jvm/java-6-openjdk-amd64/jre/lib/amd64/libjdwp.so
7fddc6f32000-7fddc6f33000 rw-p 00039000 08:01 144255                     /usr/lib/jvm/java-6-openjdk-amd64/jre/lib/amd64/libjdwp.so
7fddc6f33000-7fddc6f34000 rw-p 00000000 00:00 0 
7fddc6f34000-7fddc6f49000 r-xp 00000000 08:01 916440                     /lib/x86_64-linux-gnu/libnsl-2.13.so
7fddc6f49000-7fddc7148000 ---p 00015000 08:01 916440                     /lib/x86_64-linux-gnu/libnsl-2.13.so
7fddc7148000-7fddc7149000 r--p 00014000 08:01 916440                     /lib/x86_64-linux-gnu/libnsl-2.13.so
7fddc7149000-7fddc714a000 rw-p 00015000 08:01 916440                     /lib/x86_64-linux-gnu/libnsl-2.13.so
7fddc714a000-7fddc714c000 rw-p 00000000 00:00 0 
7fddc714c000-7fddc717a000 r-xp 00000000 08:01 144245                     /usr/lib/jvm/java-6-openjdk-amd64/jre/lib/amd64/libjava.so
7fddc717a000-7fddc7379000 ---p 0002e000 08:01 144245                     /usr/lib/jvm/java-6-openjdk-amd64/jre/lib/amd64/libjava.so
7fddc7379000-7fddc737d000 rw-p 0002d000 08:01 144245                     /usr/lib/jvm/java-6-openjdk-amd64/jre/lib/amd64/libjava.so
7fddc737d000-7fddc738c000 r-xp 00000000 08:01 144228                     /usr/lib/jvm/java-6-openjdk-amd64/jre/lib/amd64/libverify.so
7fddc738c000-7fddc758b000 ---p 0000f000 08:01 144228                     /usr/lib/jvm/java-6-openjdk-amd64/jre/lib/amd64/libverify.so
7fddc758b000-7fddc758d000 rw-p 0000e000 08:01 144228                     /usr/lib/jvm/java-6-openjdk-amd64/jre/lib/amd64/libverify.so
7fddc758d000-7fddc7594000 r-xp 00000000 08:01 916450                     /lib/x86_64-linux-gnu/librt-2.13.so
7fddc7594000-7fddc7793000 ---p 00007000 08:01 916450                     /lib/x86_64-linux-gnu/librt-2.13.so
7fddc7793000-7fddc7794000 r--p 00006000 08:01 916450                     /lib/x86_64-linux-gnu/librt-2.13.so
7fddc7794000-7fddc7795000 rw-p 00007000 08:01 916450                     /lib/x86_64-linux-gnu/librt-2.13.so
7fddc7795000-7fddc77aa000 r-xp 00000000 08:01 916059                     /lib/x86_64-linux-gnu/libgcc_s.so.1
7fddc77aa000-7fddc79aa000 ---p 00015000 08:01 916059                     /lib/x86_64-linux-gnu/libgcc_s.so.1
7fddc79aa000-7fddc79ab000 rw-p 00015000 08:01 916059                     /lib/x86_64-linux-gnu/libgcc_s.so.1
7fddc79ab000-7fddc7a2c000 r-xp 00000000 08:01 916437                     /lib/x86_64-linux-gnu/libm-2.13.so
7fddc7a2c000-7fddc7c2b000 ---p 00081000 08:01 916437                     /lib/x86_64-linux-gnu/libm-2.13.so
7fddc7c2b000-7fddc7c2c000 r--p 00080000 08:01 916437                     /lib/x86_64-linux-gnu/libm-2.13.so
7fddc7c2c000-7fddc7c2d000 rw-p 00081000 08:01 916437                     /lib/x86_64-linux-gnu/libm-2.13.so
7fddc7c2d000-7fddc7d15000 r-xp 00000000 08:01 265105                     /usr/lib/x86_64-linux-gnu/libstdc++.so.6.0.17
7fddc7d15000-7fddc7f15000 ---p 000e8000 08:01 265105                     /usr/lib/x86_64-linux-gnu/libstdc++.so.6.0.17
7fddc7f15000-7fddc7f1d000 r--p 000e8000 08:01 265105                     /usr/lib/x86_64-linux-gnu/libstdc++.so.6.0.17
7fddc7f1d000-7fddc7f1f000 rw-p 000f0000 08:01 265105                     /usr/lib/x86_64-linux-gnu/libstdc++.so.6.0.17
7fddc7f1f000-7fddc7f34000 rw-p 00000000 00:00 0 
7fddc7f34000-7fddc8848000 r-xp 00000000 08:01 144235                     /usr/lib/jvm/java-6-openjdk-amd64/jre/lib/amd64/server/libjvm.so
7fddc8848000-7fddc8a47000 ---p 00914000 08:01 144235                     /usr/lib/jvm/java-6-openjdk-amd64/jre/lib/amd64/server/libjvm.so
7fddc8a47000-7fddc8ae3000 rw-p 00913000 08:01 144235                     /usr/lib/jvm/java-6-openjdk-amd64/jre/lib/amd64/server/libjvm.so
7fddc8ae3000-7fddc8b0c000 rw-p 00000000 00:00 0 
7fddc8b0c000-7fddc8c8e000 r-xp 00000000 08:01 916430                     /lib/x86_64-linux-gnu/libc-2.13.so
7fddc8c8e000-7fddc8e8d000 ---p 00182000 08:01 916430                     /lib/x86_64-linux-gnu/libc-2.13.so
7fddc8e8d000-7fddc8e91000 r--p 00181000 08:01 916430                     /lib/x86_64-linux-gnu/libc-2.13.so
7fddc8e91000-7fddc8e92000 rw-p 00185000 08:01 916430                     /lib/x86_64-linux-gnu/libc-2.13.so
7fddc8e92000-7fddc8e97000 rw-p 00000000 00:00 0 
7fddc8e97000-7fddc8e99000 r-xp 00000000 08:01 916444                     /lib/x86_64-linux-gnu/libdl-2.13.so
7fddc8e99000-7fddc9099000 ---p 00002000 08:01 916444                     /lib/x86_64-linux-gnu/libdl-2.13.so
7fddc9099000-7fddc909a000 r--p 00002000 08:01 916444                     /lib/x86_64-linux-gnu/libdl-2.13.so
7fddc909a000-7fddc909b000 rw-p 00003000 08:01 916444                     /lib/x86_64-linux-gnu/libdl-2.13.so
7fddc909b000-7fddc909f000 r-xp 00000000 08:01 144232                     /usr/lib/jvm/java-6-openjdk-amd64/jre/lib/amd64/jli/libjli.so
7fddc909f000-7fddc929e000 ---p 00004000 08:01 144232                     /usr/lib/jvm/java-6-openjdk-amd64/jre/lib/amd64/jli/libjli.so
7fddc929e000-7fddc929f000 rw-p 00003000 08:01 144232                     /usr/lib/jvm/java-6-openjdk-amd64/jre/lib/amd64/jli/libjli.so
7fddc929f000-7fddc92b6000 r-xp 00000000 08:01 916448                     /lib/x86_64-linux-gnu/libpthread-2.13.so
7fddc92b6000-7fddc94b5000 ---p 00017000 08:01 916448                     /lib/x86_64-linux-gnu/libpthread-2.13.so
7fddc94b5000-7fddc94b6000 r--p 00016000 08:01 916448                     /lib/x86_64-linux-gnu/libpthread-2.13.so
7fddc94b6000-7fddc94b7000 rw-p 00017000 08:01 916448                     /lib/x86_64-linux-gnu/libpthread-2.13.so
7fddc94b7000-7fddc94bb000 rw-p 00000000 00:00 0 
7fddc94bb000-7fddc94d1000 r-xp 00000000 08:01 916168                     /lib/x86_64-linux-gnu/libz.so.1.2.7
7fddc94d1000-7fddc96d0000 ---p 00016000 08:01 916168                     /lib/x86_64-linux-gnu/libz.so.1.2.7
7fddc96d0000-7fddc96d1000 r--p 00015000 08:01 916168                     /lib/x86_64-linux-gnu/libz.so.1.2.7
7fddc96d1000-7fddc96d2000 rw-p 00016000 08:01 916168                     /lib/x86_64-linux-gnu/libz.so.1.2.7
7fddc96d2000-7fddc96f2000 r-xp 00000000 08:01 32                         /lib64/ld-2.13.so
7fddc96f2000-7fddc96f4000 r--s 001a1000 08:06 9437380                    /home/nemo9955/CodeStation/proiecte/Garden_Revolution/Garden_Revolution-desktop/libs/gdx-backend-lwjgl-natives.jar
7fddc96f4000-7fddc96f7000 r--s 0000b000 08:06 9437369                    /home/nemo9955/CodeStation/proiecte/Garden_Revolution/Garden_Revolution-main/libs/tween-engine-api.jar
7fddc96f7000-7fddc96fa000 r--s 0007f000 08:01 143741                     /usr/lib/jvm/java-6-openjdk-common/jre/lib/jsse.jar
7fddc96fa000-7fddc9710000 r--s 00157000 08:06 9437270                    /home/nemo9955/CodeStation/proiecte/Garden_Revolution/Garden_Revolution-main/libs/gdx.jar
7fddc9710000-7fddc971a000 rw-p 00000000 00:00 0 
7fddc971a000-7fddc97d0000 rw-p 00000000 00:00 0 
7fddc97d0000-7fddc97d3000 ---p 00000000 00:00 0 
7fddc97d3000-7fddc98d6000 rw-p 00000000 00:00 0 
7fddc98d6000-7fddc98d7000 r--s 00002000 08:06 9437214                    /home/nemo9955/CodeStation/proiecte/Garden_Revolution/Garden_Revolution-main/libs/gdx-controllers.jar
7fddc98d7000-7fddc98db000 r--s 00039000 08:01 143733                     /usr/lib/jvm/java-6-openjdk-common/jre/lib/ext/sunpkcs11.jar
7fddc98db000-7fddc98dd000 r--s 0000f000 08:01 143734                     /usr/lib/jvm/java-6-openjdk-common/jre/lib/ext/pulse-java.jar
7fddc98dd000-7fddc98e0000 r--s 00031000 08:01 143736                     /usr/lib/jvm/java-6-openjdk-common/jre/lib/ext/sunjce_provider.jar
7fddc98e0000-7fddc98e3000 r--s 00077000 08:01 143735                     /usr/lib/jvm/java-6-openjdk-common/jre/lib/ext/localedata.jar
7fddc98e3000-7fddc98e5000 r--s 00001000 08:01 143737                     /usr/lib/jvm/java-6-openjdk-common/jre/lib/ext/dnsns.jar
7fddc98e5000-7fddc98e6000 r--s 00007000 08:01 916596                     /usr/share/java/java-atk-wrapper.jar
7fddc98e6000-7fddc98ee000 rw-s 00000000 08:01 400812                     /tmp/hsperfdata_nemo9955/3981
7fddc98ee000-7fddc98ef000 rw-p 00000000 00:00 0 
7fddc98ef000-7fddc98f0000 r--p 00000000 00:00 0 
7fddc98f0000-7fddc98f1000 rw-p 00000000 00:00 0 
7fddc98f1000-7fddc98f2000 r--p 0001f000 08:01 32                         /lib64/ld-2.13.so
7fddc98f2000-7fddc98f3000 rw-p 00020000 08:01 32                         /lib64/ld-2.13.so
7fddc98f3000-7fddc98f4000 rw-p 00000000 00:00 0 
7fffdcea4000-7fffdcec5000 rw-p 00000000 00:00 0                          [stack]
7fffdcfff000-7fffdd000000 r-xp 00000000 00:00 0                          [vdso]
ffffffffff600000-ffffffffff601000 r-xp 00000000 00:00 0                  [vsyscall]

VM Arguments:
jvm_args: -agentlib:jdwp=transport=dt_socket,suspend=y,address=localhost:53344 -Dfile.encoding=UTF-8 
java_command: com.nemo9955.garden_revolution.Main
Launcher Type: SUN_STANDARD

Environment Variables:
PATH=/home/nemo9955/bin:/usr/sbin:/sbin:/usr/local/bin:/usr/bin:/bin:/usr/local/games:/usr/games
LD_LIBRARY_PATH=/usr/lib/jvm/java-6-openjdk-amd64/jre/lib/amd64/server:/usr/lib/jvm/java-6-openjdk-amd64/jre/lib/amd64:/usr/lib/jvm/java-6-openjdk-amd64/jre/../lib/amd64
SHELL=/bin/bash
DISPLAY=:0.0

Signal Handlers:
SIGSEGV: [libjvm.so+0x791b10], sa_mask[0]=0x7ffbfeff, sa_flags=0x10000004
SIGBUS: [libjvm.so+0x791b10], sa_mask[0]=0x7ffbfeff, sa_flags=0x10000004
SIGFPE: [libjvm.so+0x65ace0], sa_mask[0]=0x7ffbfeff, sa_flags=0x10000004
SIGPIPE: [libjvm.so+0x65ace0], sa_mask[0]=0x7ffbfeff, sa_flags=0x10000004
SIGXFSZ: [libjvm.so+0x65ace0], sa_mask[0]=0x7ffbfeff, sa_flags=0x10000004
SIGILL: [libjvm.so+0x65ace0], sa_mask[0]=0x7ffbfeff, sa_flags=0x10000004
SIGUSR1: SIG_DFL, sa_mask[0]=0x00000000, sa_flags=0x00000000
SIGUSR2: [libjvm.so+0x65aec0], sa_mask[0]=0x00000004, sa_flags=0x10000004
SIGHUP: [libjvm.so+0x65d500], sa_mask[0]=0x7ffbfeff, sa_flags=0x10000004
SIGINT: [libjvm.so+0x65d500], sa_mask[0]=0x7ffbfeff, sa_flags=0x10000004
SIGTERM: [libjvm.so+0x65d500], sa_mask[0]=0x7ffbfeff, sa_flags=0x10000004
SIGQUIT: [libjvm.so+0x65d500], sa_mask[0]=0x7ffbfeff, sa_flags=0x10000004


---------------  S Y S T E M  ---------------

OS:7.3

uname:Linux 3.2.0-4-amd64 #1 SMP Debian 3.2.51-1 x86_64
libc:glibc 2.13 NPTL 2.13 
rlimit: STACK 8192k, CORE 0k, NPROC 25587, NOFILE 4096, AS infinity
load average:0.28 0.35 0.40

/proc/meminfo:
MemTotal:        3287396 kB
MemFree:           95360 kB
Buffers:           18632 kB
Cached:           543520 kB
SwapCached:         3424 kB
Active:          2328116 kB
Inactive:         706696 kB
Active(anon):    2049372 kB
Inactive(anon):   429188 kB
Active(file):     278744 kB
Inactive(file):   277508 kB
Unevictable:           0 kB
Mlocked:               0 kB
SwapTotal:       3025916 kB
SwapFree:        2999748 kB
Dirty:               444 kB
Writeback:             0 kB
AnonPages:       2469808 kB
Mapped:           211524 kB
Shmem:              5944 kB
Slab:              68568 kB
SReclaimable:      42472 kB
SUnreclaim:        26096 kB
KernelStack:        3872 kB
PageTables:        26704 kB
NFS_Unstable:          0 kB
Bounce:                0 kB
WritebackTmp:          0 kB
CommitLimit:     4669612 kB
Committed_AS:    4764436 kB
VmallocTotal:   34359738367 kB
VmallocUsed:      315844 kB
VmallocChunk:   34359419900 kB
HardwareCorrupted:     0 kB
AnonHugePages:         0 kB
HugePages_Total:       0
HugePages_Free:        0
HugePages_Rsvd:        0
HugePages_Surp:        0
Hugepagesize:       2048 kB
DirectMap4k:      108224 kB
DirectMap2M:     3233792 kB


CPU:total 2 (2 cores per cpu, 1 threads per core) family 6 model 23 stepping 10, cmov, cx8, fxsr, mmx, sse, sse2, sse3, ssse3, sse4.1

Memory: 4k page, physical 3287396k(95360k free), swap 3025916k(2999748k free)

vm_info: OpenJDK 64-Bit Server VM (20.0-b12) for linux-amd64 JRE (1.6.0_27-b27), built on Jul 12 2013 09:04:12 by "jmm" with gcc 4.7.2

time: Mon Feb 24 14:08:11 2014
elapsed time: 78 seconds

