#
# A fatal error has been detected by the Java Runtime Environment:
#
#  SIGBUS (0x7) at pc=0x00007f1ddbddaca0, pid=6409, tid=139766093969152
#
# JRE version: 6.0_27-b27
# Java VM: OpenJDK 64-Bit Server VM (20.0-b12 mixed mode linux-amd64 compressed oops)
# Derivative: IcedTea6 1.12.6
# Distribution: Debian GNU/Linux 7.1 (wheezy), package 6b27-1.12.6-1~deb7u1
# Problematic frame:
# 
[error occurred during error reporting (printing problematic frame), id 0x7]

# If you would like to submit a bug report, please include
# instructions how to reproduce the bug and visit:
#   http://icedtea.classpath.org/bugzilla
# The crash happened outside the Java Virtual Machine in native code.
# See problematic frame for where to report the bug.
#

---------------  T H R E A D  ---------------

Current thread (0x0000000000869000):  JavaThread "Thread-1" [_thread_in_native, id=6662, stack(0x00007f1dd451f000,0x00007f1dd4620000)]

siginfo:si_signo=SIGBUS: si_errno=0, si_code=2 (BUS_ADRERR), si_addr=0x00007f1ddbddaca0

Registers:
RAX=0x00007f1ddbddaca0, RBX=0x00000000c3e42150, RCX=0x0000000000004ed1, RDX=0x00000000c3e50778
RSP=0x00007f1dd461e908, RBP=0x00007f1dd461e958, RSI=0x00007f1dd461e968, RDI=0x00000000008691d0
R8 =0x0000000000000000, R9 =0x0000000000000000, R10=0x00007f1de3caed3b, R11=0x00007f1de8b96ca0
R12=0x0000000000000000, R13=0x00000000c3e42148, R14=0x00007f1dd461e970, R15=0x0000000000869000
RIP=0x00007f1ddbddaca0, EFLAGS=0x0000000000010287, CSGSFS=0x0000000000000033, ERR=0x0000000000000014
  TRAPNO=0x000000000000000e

Top of Stack: (sp=0x00007f1dd461e908)
0x00007f1dd461e908:   00007f1de3caed68 0000000000869000
0x00007f1dd461e918:   00007f1dd461e918 0000000000000000
0x00007f1dd461e928:   00007f1dd461e970 00000000c3e50778
0x00007f1dd461e938:   0000000000000000 00000000c3e42150
0x00007f1dd461e948:   0000000000000000 00007f1dd461e978
0x00007f1dd461e958:   00007f1dd461e9b8 00007f1de3ca385a
0x00007f1dd461e968:   00000000c3e4c418 00007f1de3cabf58
0x00007f1dd461e978:   00007f1dd461e978 00000000c3e42050
0x00007f1dd461e988:   00007f1dd461e9c8 00000000c3e50778
0x00007f1dd461e998:   0000000000000000 00000000c3e42088
0x00007f1dd461e9a8:   00007f1dd461e978 00007f1dd461e9d0
0x00007f1dd461e9b8:   00007f1dd461ea10 00007f1de3ca385a
0x00007f1dd461e9c8:   0000000000000000 00007f1dd461e9d0
0x00007f1dd461e9d8:   00000000c3e45ab0 00007f1dd461ea30
0x00007f1dd461e9e8:   00000000c3e50778 0000000000000000
0x00007f1dd461e9f8:   00000000c3e45b50 00007f1dd461e9d0
0x00007f1dd461ea08:   00007f1dd461ea30 00007f1dd461ea78
0x00007f1dd461ea18:   00007f1de3ca3d34 0000000000000000
0x00007f1dd461ea28:   0000000000000000 00000000f03367c0
0x00007f1dd461ea38:   00007f1dd461ea38 00000000c3e29afb
0x00007f1dd461ea48:   00007f1dd461ea80 00000000c3e391c0
0x00007f1dd461ea58:   0000000000000000 00000000c3e29b10
0x00007f1dd461ea68:   00007f1dd461ea30 00007f1dd461ea88
0x00007f1dd461ea78:   00007f1dd461eac8 00007f1de3ca385a
0x00007f1dd461ea88:   00007f1dd461ea88 00000000c3e2ac38
0x00007f1dd461ea98:   00007f1dd461ead0 00000000c3e391c0
0x00007f1dd461eaa8:   0000000000000000 00000000c3e2ac40
0x00007f1dd461eab8:   00007f1dd461ea88 00007f1dd461ead8
0x00007f1dd461eac8:   00007f1dd461eb18 00007f1de3ca385a
0x00007f1dd461ead8:   00007f1dd461ead8 00000000c3e38668
0x00007f1dd461eae8:   00007f1dd461eb28 00000000c3e3a7c8
0x00007f1dd461eaf8:   0000000000000000 00000000c3e38680 

Instructions: (pc=0x00007f1ddbddaca0)
0x00007f1ddbddac80:   
[error occurred during error reporting (printing registers, top of stack, instructions near pc), id 0x7]

Register to memory mapping:

RAX=
[error occurred during error reporting (printing register info), id 0x7]

Stack: [0x00007f1dd451f000,0x00007f1dd4620000],  sp=0x00007f1dd461e908,  free space=1022k
Native frames: (J=compiled Java code, j=interpreted, Vv=VM code, C=native code)

[error occurred during error reporting (printing native stack), id 0x7]

Java frames: (J=compiled Java code, j=interpreted, Vv=VM code)
j  org.lwjgl.opengl.LinuxDisplay.nLockAWT()V+0
j  org.lwjgl.opengl.LinuxDisplay.lockAWT()V+0
j  org.lwjgl.opengl.LinuxDisplay.resetDisplayMode()V+0
j  org.lwjgl.opengl.Display.reset()V+3
j  org.lwjgl.opengl.Display.access$000()V+0
j  org.lwjgl.opengl.Display$1.run()V+0
v  ~StubRoutines::call_stub

---------------  P R O C E S S  ---------------

Java Threads: ( => current thread )
=>0x0000000000869000 JavaThread "Thread-1" [_thread_in_native, id=6662, stack(0x00007f1dd451f000,0x00007f1dd4620000)]
  0x0000000000ae4000 JavaThread "SIGTERM handler" daemon [_thread_blocked, id=6661, stack(0x00007f1dd441e000,0x00007f1dd451f000)]
  0x00007f1dde4f8800 JavaThread "Timer" [_thread_blocked, id=6438, stack(0x00007f1dd0764000,0x00007f1dd0865000)]
  0x00007f1ddca45800 JavaThread "AsynchExecutor-Thread" daemon [_thread_blocked, id=6437, stack(0x00007f1dd431d000,0x00007f1dd441e000)]
  0x00007f1ddc100800 JavaThread "DestroyJavaVM" [_thread_blocked, id=6411, stack(0x00007f1de9d60000,0x00007f1de9e61000)]
  0x00007f1ddc00b800 JavaThread "AWT-XAWT" daemon [_thread_in_native, id=6427, stack(0x00007f1de05ec000,0x00007f1de06ed000)]
  0x0000000000b55800 JavaThread "Java2D Disposer" daemon [_thread_blocked, id=6426, stack(0x00007f1de098b000,0x00007f1de0a8c000)]
  0x0000000000754000 JavaThread "Low Memory Detector" daemon [_thread_blocked, id=6423, stack(0x00007f1de29e7000,0x00007f1de2ae8000)]
  0x000000000074f800 JavaThread "C2 CompilerThread1" daemon [_thread_blocked, id=6422, stack(0x00007f1de2ae8000,0x00007f1de2be9000)]
  0x000000000074a800 JavaThread "C2 CompilerThread0" daemon [_thread_blocked, id=6421, stack(0x00007f1de2be9000,0x00007f1de2cea000)]
  0x0000000000748800 JavaThread "Signal Dispatcher" daemon [_thread_blocked, id=6420, stack(0x00007f1de2cea000,0x00007f1de2deb000)]
  0x0000000000724000 JavaThread "Finalizer" daemon [_thread_blocked, id=6419, stack(0x00007f1de2f62000,0x00007f1de3063000)]
  0x0000000000722000 JavaThread "Reference Handler" daemon [_thread_blocked, id=6418, stack(0x00007f1de3063000,0x00007f1de3164000)]

Other Threads:
  0x000000000071d000 VMThread [stack: 0x00007f1de3164000,0x00007f1de3265000] [id=6417]
  0x0000000000756800 WatcherThread [stack: 0x00007f1de28e6000,0x00007f1de29e7000] [id=6424]

VM state:not at safepoint (normal execution)

VM Mutex/Monitor currently owned by a thread: None

Heap
 PSYoungGen      total 14976K, used 10580K [0x00000000ef400000, 0x00000000f04b0000, 0x0000000100000000)
  eden space 12864K, 73% used [0x00000000ef400000,0x00000000efd3e078,0x00000000f0090000)
  from space 2112K, 52% used [0x00000000f02a0000,0x00000000f03b7140,0x00000000f04b0000)
  to   space 2112K, 0% used [0x00000000f0090000,0x00000000f0090000,0x00000000f02a0000)
 PSOldGen        total 34304K, used 0K [0x00000000cdc00000, 0x00000000cfd80000, 0x00000000ef400000)
  object space 34304K, 0% used [0x00000000cdc00000,0x00000000cdc00000,0x00000000cfd80000)
 PSPermGen       total 21248K, used 14564K [0x00000000c3600000, 0x00000000c4ac0000, 0x00000000cdc00000)
  object space 21248K, 68% used [0x00000000c3600000,0x00000000c4439070,0x00000000c4ac0000)

Code Cache  [0x00007f1de3c9e000, 0x00007f1de3f0e000, 0x00007f1de6c9e000)
 total_blobs=707 nmethods=150 adapters=511 free_code_cache=49464320 largest_free_block=5376

Dynamic libraries:
00400000-00409000 r-xp 00000000 08:01 144298                             /usr/lib/jvm/java-6-openjdk-amd64/jre/bin/java
00608000-00609000 rw-p 00008000 08:01 144298                             /usr/lib/jvm/java-6-openjdk-amd64/jre/bin/java
006ac000-01905000 rw-p 00000000 00:00 0                                  [heap]
40c1e000-40c9c000 rw-p 00000000 00:00 0 
40c9c000-40c9e000 r-xs 00000000 08:01 280612                             /tmp/glmCgTAZ (deleted)
c3600000-c4ac0000 rw-p 00000000 00:00 0 
c4ac0000-cdc00000 rw-p 00000000 00:00 0 
cdc00000-cfd80000 rw-p 00000000 00:00 0 
cfd80000-ef400000 rw-p 00000000 00:00 0 
ef400000-f04b0000 rw-p 00000000 00:00 0 
f04b0000-100000000 rw-p 00000000 00:00 0 
7f1dd0764000-7f1dd0767000 ---p 00000000 00:00 0 
7f1dd0767000-7f1dd0865000 rw-p 00000000 00:00 0 
7f1dd0865000-7f1dd0888000 r-xp 00000000 08:01 551347                     /tmp/libgdxnemo9955/b97b1fcd/libgdx-controllers-desktop64.so
7f1dd0888000-7f1dd0a88000 ---p 00023000 08:01 551347                     /tmp/libgdxnemo9955/b97b1fcd/libgdx-controllers-desktop64.so
7f1dd0a88000-7f1dd0a89000 r--p 00023000 08:01 551347                     /tmp/libgdxnemo9955/b97b1fcd/libgdx-controllers-desktop64.so
7f1dd0a89000-7f1dd0a8a000 rw-p 00024000 08:01 551347                     /tmp/libgdxnemo9955/b97b1fcd/libgdx-controllers-desktop64.so
7f1dd0a8a000-7f1dd0a9f000 r-xp 00000000 08:01 144247                     /usr/lib/jvm/java-6-openjdk-amd64/jre/lib/amd64/libnet.so
7f1dd0a9f000-7f1dd0c9e000 ---p 00015000 08:01 144247                     /usr/lib/jvm/java-6-openjdk-amd64/jre/lib/amd64/libnet.so
7f1dd0c9e000-7f1dd0c9f000 rw-p 00014000 08:01 144247                     /usr/lib/jvm/java-6-openjdk-amd64/jre/lib/amd64/libnet.so
7f1dd0c9f000-7f1dd109f000 rw-s 03df9000 00:05 5680                       /dev/nvidia0
7f1dd109f000-7f1dd149f000 rw-s 59b95000 00:05 5680                       /dev/nvidia0
7f1dd149f000-7f1dd169f000 rw-s 432e3000 00:05 5680                       /dev/nvidia0
7f1dd169f000-7f1dd189f000 rw-s 4ae2b000 00:05 5680                       /dev/nvidia0
7f1dd189f000-7f1dd199f000 rw-s 43bc0000 00:05 5680                       /dev/nvidia0
7f1dd199f000-7f1dd1a13000 rw-p 00000000 00:00 0 
7f1dd1a13000-7f1dd33e3000 r-xp 00000000 08:01 282961                     /usr/lib/x86_64-linux-gnu/libnvidia-glcore.so.304.88
7f1dd33e3000-7f1dd35e2000 ---p 019d0000 08:01 282961                     /usr/lib/x86_64-linux-gnu/libnvidia-glcore.so.304.88
7f1dd35e2000-7f1dd3de3000 rwxp 019cf000 08:01 282961                     /usr/lib/x86_64-linux-gnu/libnvidia-glcore.so.304.88
7f1dd3de3000-7f1dd3dfd000 rwxp 00000000 00:00 0 
7f1dd3dfd000-7f1dd3e00000 r-xp 00000000 08:01 551171                     /usr/lib/x86_64-linux-gnu/tls/libnvidia-tls.so.304.88
7f1dd3e00000-7f1dd3fff000 ---p 00003000 08:01 551171                     /usr/lib/x86_64-linux-gnu/tls/libnvidia-tls.so.304.88
7f1dd3fff000-7f1dd4000000 rw-p 00002000 08:01 551171                     /usr/lib/x86_64-linux-gnu/tls/libnvidia-tls.so.304.88
7f1dd4000000-7f1dd40ca000 r-xp 00000000 08:01 678444                     /usr/lib/x86_64-linux-gnu/nvidia/current/libGL.so.304.88
7f1dd40ca000-7f1dd42ca000 ---p 000ca000 08:01 678444                     /usr/lib/x86_64-linux-gnu/nvidia/current/libGL.so.304.88
7f1dd42ca000-7f1dd4307000 rwxp 000ca000 08:01 678444                     /usr/lib/x86_64-linux-gnu/nvidia/current/libGL.so.304.88
7f1dd4307000-7f1dd431d000 rwxp 00000000 00:00 0 
7f1dd431d000-7f1dd4320000 ---p 00000000 00:00 0 
7f1dd4320000-7f1dd441e000 rw-p 00000000 00:00 0 
7f1dd441e000-7f1dd4421000 ---p 00000000 00:00 0 
7f1dd4421000-7f1dd451f000 rw-p 00000000 00:00 0 
7f1dd451f000-7f1dd4522000 ---p 00000000 00:00 0 
7f1dd4522000-7f1dd4620000 rw-p 00000000 00:00 0 
7f1dd8621000-7f1dd8622000 ---p 00000000 00:00 0 
7f1dd8622000-7f1dd8e22000 rw-p 00000000 00:00 0 
7f1dd8e22000-7f1dd8e35000 r-xp 00000000 08:01 916431                     /lib/x86_64-linux-gnu/libresolv-2.13.so
7f1dd8e35000-7f1dd9034000 ---p 00013000 08:01 916431                     /lib/x86_64-linux-gnu/libresolv-2.13.so
7f1dd9034000-7f1dd9035000 r--p 00012000 08:01 916431                     /lib/x86_64-linux-gnu/libresolv-2.13.so
7f1dd9035000-7f1dd9036000 rw-p 00013000 08:01 916431                     /lib/x86_64-linux-gnu/libresolv-2.13.so
7f1dd9036000-7f1dd9038000 rw-p 00000000 00:00 0 
7f1dd9038000-7f1dd903e000 r-xp 00000000 08:01 264971                     /usr/lib/x86_64-linux-gnu/libogg.so.0.8.0
7f1dd903e000-7f1dd923d000 ---p 00006000 08:01 264971                     /usr/lib/x86_64-linux-gnu/libogg.so.0.8.0
7f1dd923d000-7f1dd923e000 rw-p 00005000 08:01 264971                     /usr/lib/x86_64-linux-gnu/libogg.so.0.8.0
7f1dd923e000-7f1dd926a000 r-xp 00000000 08:01 265193                     /usr/lib/x86_64-linux-gnu/libvorbis.so.0.4.5
7f1dd926a000-7f1dd9469000 ---p 0002c000 08:01 265193                     /usr/lib/x86_64-linux-gnu/libvorbis.so.0.4.5
7f1dd9469000-7f1dd946a000 r--p 0002b000 08:01 265193                     /usr/lib/x86_64-linux-gnu/libvorbis.so.0.4.5
7f1dd946a000-7f1dd946b000 rw-p 0002c000 08:01 265193                     /usr/lib/x86_64-linux-gnu/libvorbis.so.0.4.5
7f1dd946b000-7f1dd971e000 r-xp 00000000 08:01 265195                     /usr/lib/x86_64-linux-gnu/libvorbisenc.so.2.0.8
7f1dd971e000-7f1dd991d000 ---p 002b3000 08:01 265195                     /usr/lib/x86_64-linux-gnu/libvorbisenc.so.2.0.8
7f1dd991d000-7f1dd9939000 r--p 002b2000 08:01 265195                     /usr/lib/x86_64-linux-gnu/libvorbisenc.so.2.0.8
7f1dd9939000-7f1dd993a000 rw-p 002ce000 08:01 265195                     /usr/lib/x86_64-linux-gnu/libvorbisenc.so.2.0.8
7f1dd993a000-7f1dd9985000 r-xp 00000000 08:01 264365                     /usr/lib/x86_64-linux-gnu/libFLAC.so.8.2.0
7f1dd9985000-7f1dd9b84000 ---p 0004b000 08:01 264365                     /usr/lib/x86_64-linux-gnu/libFLAC.so.8.2.0
7f1dd9b84000-7f1dd9b85000 r--p 0004a000 08:01 264365                     /usr/lib/x86_64-linux-gnu/libFLAC.so.8.2.0
7f1dd9b85000-7f1dd9b86000 rw-p 0004b000 08:01 264365                     /usr/lib/x86_64-linux-gnu/libFLAC.so.8.2.0
7f1dd9b86000-7f1dd9b8a000 r-xp 00000000 08:01 916163                     /lib/x86_64-linux-gnu/libuuid.so.1.3.0
7f1dd9b8a000-7f1dd9d89000 ---p 00004000 08:01 916163                     /lib/x86_64-linux-gnu/libuuid.so.1.3.0
7f1dd9d89000-7f1dd9d8a000 r--p 00003000 08:01 916163                     /lib/x86_64-linux-gnu/libuuid.so.1.3.0
7f1dd9d8a000-7f1dd9d8b000 rw-p 00004000 08:01 916163                     /lib/x86_64-linux-gnu/libuuid.so.1.3.0
7f1dd9d8b000-7f1dd9d8f000 r-xp 00000000 08:01 916027                     /lib/x86_64-linux-gnu/libattr.so.1.1.0
7f1dd9d8f000-7f1dd9f8e000 ---p 00004000 08:01 916027                     /lib/x86_64-linux-gnu/libattr.so.1.1.0
7f1dd9f8e000-7f1dd9f8f000 r--p 00003000 08:01 916027                     /lib/x86_64-linux-gnu/libattr.so.1.1.0
7f1dd9f8f000-7f1dd9f90000 rw-p 00004000 08:01 916027                     /lib/x86_64-linux-gnu/libattr.so.1.1.0
7f1dd9f90000-7f1dd9f95000 r-xp 00000000 08:01 264468                     /usr/lib/x86_64-linux-gnu/libasyncns.so.0.3.1
7f1dd9f95000-7f1dda194000 ---p 00005000 08:01 264468                     /usr/lib/x86_64-linux-gnu/libasyncns.so.0.3.1
7f1dda194000-7f1dda195000 rw-p 00004000 08:01 264468                     /usr/lib/x86_64-linux-gnu/libasyncns.so.0.3.1
7f1dda195000-7f1dda1f6000 r-xp 00000000 08:01 265087                     /usr/lib/x86_64-linux-gnu/libsndfile.so.1.0.25
7f1dda1f6000-7f1dda3f5000 ---p 00061000 08:01 265087                     /usr/lib/x86_64-linux-gnu/libsndfile.so.1.0.25
7f1dda3f5000-7f1dda3f7000 r--p 00060000 08:01 265087                     /usr/lib/x86_64-linux-gnu/libsndfile.so.1.0.25
7f1dda3f7000-7f1dda3f8000 rw-p 00062000 08:01 265087                     /usr/lib/x86_64-linux-gnu/libsndfile.so.1.0.25
7f1dda3f8000-7f1dda3fc000 rw-p 00000000 00:00 0 
7f1dda3fc000-7f1dda405000 r-xp 00000000 08:01 916165                     /lib/x86_64-linux-gnu/libwrap.so.0.7.6
7f1dda405000-7f1dda604000 ---p 00009000 08:01 916165                     /lib/x86_64-linux-gnu/libwrap.so.0.7.6
7f1dda604000-7f1dda605000 r--p 00008000 08:01 916165                     /lib/x86_64-linux-gnu/libwrap.so.0.7.6
7f1dda605000-7f1dda606000 rw-p 00009000 08:01 916165                     /lib/x86_64-linux-gnu/libwrap.so.0.7.6
7f1dda606000-7f1dda607000 rw-p 00000000 00:00 0 
7f1dda607000-7f1dda60e000 r-xp 00000000 08:01 264394                     /usr/lib/x86_64-linux-gnu/libSM.so.6.0.1
7f1dda60e000-7f1dda80d000 ---p 00007000 08:01 264394                     /usr/lib/x86_64-linux-gnu/libSM.so.6.0.1
7f1dda80d000-7f1dda80e000 rw-p 00006000 08:01 264394                     /usr/lib/x86_64-linux-gnu/libSM.so.6.0.1
7f1dda80e000-7f1dda825000 r-xp 00000000 08:01 264375                     /usr/lib/x86_64-linux-gnu/libICE.so.6.3.0
7f1dda825000-7f1ddaa24000 ---p 00017000 08:01 264375                     /usr/lib/x86_64-linux-gnu/libICE.so.6.3.0
7f1ddaa24000-7f1ddaa26000 rw-p 00016000 08:01 264375                     /usr/lib/x86_64-linux-gnu/libICE.so.6.3.0
7f1ddaa26000-7f1ddaa29000 rw-p 00000000 00:00 0 
7f1ddaa29000-7f1ddaa2a000 r-xp 00000000 08:01 272883                     /usr/lib/x86_64-linux-gnu/libX11-xcb.so.1.0.0
7f1ddaa2a000-7f1ddac29000 ---p 00001000 08:01 272883                     /usr/lib/x86_64-linux-gnu/libX11-xcb.so.1.0.0
7f1ddac29000-7f1ddac2a000 rw-p 00000000 08:01 272883                     /usr/lib/x86_64-linux-gnu/libX11-xcb.so.1.0.0
7f1ddac2a000-7f1ddac2e000 r-xp 00000000 08:01 916038                     /lib/x86_64-linux-gnu/libcap.so.2.22
7f1ddac2e000-7f1ddae2d000 ---p 00004000 08:01 916038                     /lib/x86_64-linux-gnu/libcap.so.2.22
7f1ddae2d000-7f1ddae2e000 rw-p 00003000 08:01 916038                     /lib/x86_64-linux-gnu/libcap.so.2.22
7f1ddae2e000-7f1ddae72000 r-xp 00000000 08:01 916060                     /lib/x86_64-linux-gnu/libdbus-1.so.3.7.2
7f1ddae72000-7f1ddb072000 ---p 00044000 08:01 916060                     /lib/x86_64-linux-gnu/libdbus-1.so.3.7.2
7f1ddb072000-7f1ddb073000 r--p 00044000 08:01 916060                     /lib/x86_64-linux-gnu/libdbus-1.so.3.7.2
7f1ddb073000-7f1ddb074000 rw-p 00045000 08:01 916060                     /lib/x86_64-linux-gnu/libdbus-1.so.3.7.2
7f1ddb074000-7f1ddb0d5000 r-xp 00000000 08:01 265339                     /usr/lib/x86_64-linux-gnu/pulseaudio/libpulsecommon-2.0.so
7f1ddb0d5000-7f1ddb2d4000 ---p 00061000 08:01 265339                     /usr/lib/x86_64-linux-gnu/pulseaudio/libpulsecommon-2.0.so
7f1ddb2d4000-7f1ddb2d5000 r--p 00060000 08:01 265339                     /usr/lib/x86_64-linux-gnu/pulseaudio/libpulsecommon-2.0.so
7f1ddb2d5000-7f1ddb2d7000 rw-p 00061000 08:01 265339                     /usr/lib/x86_64-linux-gnu/pulseaudio/libpulsecommon-2.0.so
7f1ddb2d7000-7f1ddb2e0000 r-xp 00000000 08:01 916072                     /lib/x86_64-linux-gnu/libjson.so.0.1.0
7f1ddb2e0000-7f1ddb4df000 ---p 00009000 08:01 916072                     /lib/x86_64-linux-gnu/libjson.so.0.1.0
7f1ddb4df000-7f1ddb4e0000 r--p 00008000 08:01 916072                     /lib/x86_64-linux-gnu/libjson.so.0.1.0
7f1ddb4e0000-7f1ddb4e1000 rw-p 00009000 08:01 916072                     /lib/x86_64-linux-gnu/libjson.so.0.1.0
7f1ddb4e1000-7f1ddb52a000 r-xp 00000000 08:01 265053                     /usr/lib/x86_64-linux-gnu/libpulse.so.0.14.2
7f1ddb52a000-7f1ddb729000 ---p 00049000 08:01 265053                     /usr/lib/x86_64-linux-gnu/libpulse.so.0.14.2
7f1ddb729000-7f1ddb72a000 r--p 00048000 08:01 265053                     /usr/lib/x86_64-linux-gnu/libpulse.so.0.14.2
7f1ddb72a000-7f1ddb72b000 rw-p 00049000 08:01 265053                     /usr/lib/x86_64-linux-gnu/libpulse.so.0.14.2
7f1ddb883000-7f1ddb886000 ---p 00000000 00:00 0 
7f1ddb886000-7f1ddb984000 rw-p 00000000 00:00 0 
7f1ddb984000-7f1ddb988000 r-xp 00000000 08:01 273334                     /usr/lib/x86_64-linux-gnu/libXxf86vm.so.1.0.0
7f1ddb988000-7f1ddbb88000 ---p 00004000 08:01 273334                     /usr/lib/x86_64-linux-gnu/libXxf86vm.so.1.0.0
7f1ddbb88000-7f1ddbb89000 r--p 00004000 08:01 273334                     /usr/lib/x86_64-linux-gnu/libXxf86vm.so.1.0.0
7f1ddbb89000-7f1ddbb8a000 rw-p 00005000 08:01 273334                     /usr/lib/x86_64-linux-gnu/libXxf86vm.so.1.0.0
7f1ddbb8a000-7f1ddbb91000 r-xp 00000000 08:01 265883                     /usr/lib/x86_64-linux-gnu/libXrandr.so.2.2.0
7f1ddbb91000-7f1ddbd91000 ---p 00007000 08:01 265883                     /usr/lib/x86_64-linux-gnu/libXrandr.so.2.2.0
7f1ddbd91000-7f1ddbd92000 rw-p 00007000 08:01 265883                     /usr/lib/x86_64-linux-gnu/libXrandr.so.2.2.0
7f1ddbd92000-7f1ddbdfe000 r-xp 00000000 08:01 551352                     /tmp/libgdxnemo9955/7b43be9b/liblwjgl64.so (deleted)
7f1ddbdfe000-7f1ddbffd000 ---p 0006c000 08:01 551352                     /tmp/libgdxnemo9955/7b43be9b/liblwjgl64.so (deleted)
7f1ddbffd000-7f1ddbfff000 r--p 0006b000 08:01 551352                     /tmp/libgdxnemo9955/7b43be9b/liblwjgl64.so (deleted)
7f1ddbfff000-7f1ddc000000 rw-p 0006d000 08:01 551352                     /tmp/libgdxnemo9955/7b43be9b/liblwjgl64.so (deleted)
7f1ddc000000-7f1dde8c5000 rw-p 00000000 00:00 0 
7f1dde8c5000-7f1de0000000 ---p 00000000 00:00 0 
7f1de00d6000-7f1de00d7000 r-xp 00000000 08:01 144229                     /usr/lib/jvm/java-6-openjdk-amd64/jre/lib/amd64/libjawt.so
7f1de00d7000-7f1de02d6000 ---p 00001000 08:01 144229                     /usr/lib/jvm/java-6-openjdk-amd64/jre/lib/amd64/libjawt.so
7f1de02d6000-7f1de02d7000 rw-p 00000000 08:01 144229                     /usr/lib/jvm/java-6-openjdk-amd64/jre/lib/amd64/libjawt.so
7f1de02d7000-7f1de02dc000 r-xp 00000000 08:01 273531                     /usr/lib/x86_64-linux-gnu/libXfixes.so.3.1.0
7f1de02dc000-7f1de04db000 ---p 00005000 08:01 273531                     /usr/lib/x86_64-linux-gnu/libXfixes.so.3.1.0
7f1de04db000-7f1de04dc000 r--p 00004000 08:01 273531                     /usr/lib/x86_64-linux-gnu/libXfixes.so.3.1.0
7f1de04dc000-7f1de04dd000 rw-p 00005000 08:01 273531                     /usr/lib/x86_64-linux-gnu/libXfixes.so.3.1.0
7f1de04dd000-7f1de04e6000 r--s 00000000 08:01 277048                     /var/cache/fontconfig/945677eb7aeaf62f1d50efc3fb3ec7d8-le64.cache-3
7f1de04e6000-7f1de04eb000 r--s 00000000 08:01 271253                     /var/cache/fontconfig/6eb3985aa4124903f6ff08ba781cd364-le64.cache-3
7f1de04eb000-7f1de04f4000 r--s 00000000 08:01 278568                     /var/cache/fontconfig/6d41288fd70b0be22e8c3a91e032eec0-le64.cache-3
7f1de04f4000-7f1de0522000 r--s 00000000 08:01 271260                     /var/cache/fontconfig/365b55f210c0a22e9a19e35191240f32-le64.cache-3
7f1de0522000-7f1de0525000 r--s 00000000 08:01 271247                     /var/cache/fontconfig/c57959a16110560c8d0fcea73374aeeb-le64.cache-3
7f1de0525000-7f1de052a000 r--s 00000000 08:01 271264                     /var/cache/fontconfig/3047814df9a2f067bd2d96a2b9c36e5a-le64.cache-3
7f1de0592000-7f1de05af000 rw-s 36c61000 00:05 5680                       /dev/nvidia0
7f1de05af000-7f1de05ec000 rw-p 00000000 00:00 0 
7f1de05ec000-7f1de05ef000 ---p 00000000 00:00 0 
7f1de05ef000-7f1de06ed000 rw-p 00000000 00:00 0 
7f1de06ed000-7f1de06f6000 r--s 00000000 08:01 277048                     /var/cache/fontconfig/945677eb7aeaf62f1d50efc3fb3ec7d8-le64.cache-3
7f1de06f6000-7f1de06fb000 r--s 00000000 08:01 271253                     /var/cache/fontconfig/6eb3985aa4124903f6ff08ba781cd364-le64.cache-3
7f1de06fb000-7f1de0704000 r--s 00000000 08:01 278568                     /var/cache/fontconfig/6d41288fd70b0be22e8c3a91e032eec0-le64.cache-3
7f1de0704000-7f1de0732000 r--s 00000000 08:01 271260                     /var/cache/fontconfig/365b55f210c0a22e9a19e35191240f32-le64.cache-3
7f1de0732000-7f1de0735000 r--s 00000000 08:01 271247                     /var/cache/fontconfig/c57959a16110560c8d0fcea73374aeeb-le64.cache-3
7f1de0735000-7f1de073a000 r--s 00000000 08:01 271264                     /var/cache/fontconfig/3047814df9a2f067bd2d96a2b9c36e5a-le64.cache-3
7f1de074d000-7f1de0757000 r-xp 00000000 08:01 264474                     /usr/lib/x86_64-linux-gnu/libXcursor.so.1.0.2
7f1de0757000-7f1de0956000 ---p 0000a000 08:01 264474                     /usr/lib/x86_64-linux-gnu/libXcursor.so.1.0.2
7f1de0956000-7f1de0957000 rw-p 00009000 08:01 264474                     /usr/lib/x86_64-linux-gnu/libXcursor.so.1.0.2
7f1de0957000-7f1de0959000 rw-p 00000000 00:00 0 
7f1de0959000-7f1de095b000 rw-s 00000000 08:01 280612                     /tmp/glmCgTAZ (deleted)
7f1de0961000-7f1de0965000 rw-s 5653f000 00:05 5680                       /dev/nvidia0
7f1de0969000-7f1de096a000 rw-s fd060000 00:05 5680                       /dev/nvidia0
7f1de096a000-7f1de0971000 r--s 00000000 08:01 282750                     /usr/lib/x86_64-linux-gnu/gconv/gconv-modules.cache
7f1de0971000-7f1de0982000 r--s 00000000 08:01 271249                     /var/cache/fontconfig/d52a8644073d54c13679302ca1180695-le64.cache-3
7f1de0982000-7f1de0989000 r--s 00000000 08:01 271258                     /var/cache/fontconfig/3f7329c5293ffd510edef78f73874cfd-le64.cache-3
7f1de0989000-7f1de098b000 r--s 00000000 08:01 271267                     /var/cache/fontconfig/e13b20fdb08344e0e664864cc2ede53d-le64.cache-3
7f1de098b000-7f1de098e000 ---p 00000000 00:00 0 
7f1de098e000-7f1de0a8c000 rw-p 00000000 00:00 0 
7f1de0a8c000-7f1de0b25000 r-xp 00000000 08:01 264650                     /usr/lib/x86_64-linux-gnu/libfreetype.so.6.8.1
7f1de0b25000-7f1de0d24000 ---p 00099000 08:01 264650                     /usr/lib/x86_64-linux-gnu/libfreetype.so.6.8.1
7f1de0d24000-7f1de0d2a000 r--p 00098000 08:01 264650                     /usr/lib/x86_64-linux-gnu/libfreetype.so.6.8.1
7f1de0d2a000-7f1de0d2b000 rw-p 0009e000 08:01 264650                     /usr/lib/x86_64-linux-gnu/libfreetype.so.6.8.1
7f1de0d2b000-7f1de0d73000 r-xp 00000000 08:01 144223                     /usr/lib/jvm/java-6-openjdk-amd64/jre/lib/amd64/libfontmanager.so
7f1de0d73000-7f1de0f73000 ---p 00048000 08:01 144223                     /usr/lib/jvm/java-6-openjdk-amd64/jre/lib/amd64/libfontmanager.so
7f1de0f73000-7f1de0f76000 rw-p 00048000 08:01 144223                     /usr/lib/jvm/java-6-openjdk-amd64/jre/lib/amd64/libfontmanager.so
7f1de0f76000-7f1de0f7b000 r-xp 00000000 08:01 264417                     /usr/lib/x86_64-linux-gnu/libXdmcp.so.6.0.0
7f1de0f7b000-7f1de117a000 ---p 00005000 08:01 264417                     /usr/lib/x86_64-linux-gnu/libXdmcp.so.6.0.0
7f1de117a000-7f1de117b000 rw-p 00004000 08:01 264417                     /usr/lib/x86_64-linux-gnu/libXdmcp.so.6.0.0
7f1de117b000-7f1de117d000 r-xp 00000000 08:01 264406                     /usr/lib/x86_64-linux-gnu/libXau.so.6.0.0
7f1de117d000-7f1de137d000 ---p 00002000 08:01 264406                     /usr/lib/x86_64-linux-gnu/libXau.so.6.0.0
7f1de137d000-7f1de137e000 rw-p 00002000 08:01 264406                     /usr/lib/x86_64-linux-gnu/libXau.so.6.0.0
7f1de137e000-7f1de139d000 r-xp 00000000 08:01 265852                     /usr/lib/x86_64-linux-gnu/libxcb.so.1.1.0
7f1de139d000-7f1de159c000 ---p 0001f000 08:01 265852                     /usr/lib/x86_64-linux-gnu/libxcb.so.1.1.0
7f1de159c000-7f1de159d000 r--p 0001e000 08:01 265852                     /usr/lib/x86_64-linux-gnu/libxcb.so.1.1.0
7f1de159d000-7f1de159e000 rw-p 0001f000 08:01 265852                     /usr/lib/x86_64-linux-gnu/libxcb.so.1.1.0
7f1de159e000-7f1de15ac000 r-xp 00000000 08:01 265075                     /usr/lib/x86_64-linux-gnu/libXi.so.6.1.0
7f1de15ac000-7f1de17ac000 ---p 0000e000 08:01 265075                     /usr/lib/x86_64-linux-gnu/libXi.so.6.1.0
7f1de17ac000-7f1de17ad000 rw-p 0000e000 08:01 265075                     /usr/lib/x86_64-linux-gnu/libXi.so.6.1.0
7f1de17ad000-7f1de17b2000 r-xp 00000000 08:01 274483                     /usr/lib/x86_64-linux-gnu/libXtst.so.6.1.0
7f1de17b2000-7f1de19b1000 ---p 00005000 08:01 274483                     /usr/lib/x86_64-linux-gnu/libXtst.so.6.1.0
7f1de19b1000-7f1de19b2000 rw-p 00004000 08:01 274483                     /usr/lib/x86_64-linux-gnu/libXtst.so.6.1.0
7f1de19b2000-7f1de19bb000 r-xp 00000000 08:01 264343                     /usr/lib/x86_64-linux-gnu/libXrender.so.1.3.0
7f1de19bb000-7f1de1bba000 ---p 00009000 08:01 264343                     /usr/lib/x86_64-linux-gnu/libXrender.so.1.3.0
7f1de1bba000-7f1de1bbb000 rw-p 00008000 08:01 264343                     /usr/lib/x86_64-linux-gnu/libXrender.so.1.3.0
7f1de1bbb000-7f1de1cf0000 r-xp 00000000 08:01 265870                     /usr/lib/x86_64-linux-gnu/libX11.so.6.3.0
7f1de1cf0000-7f1de1ef0000 ---p 00135000 08:01 265870                     /usr/lib/x86_64-linux-gnu/libX11.so.6.3.0
7f1de1ef0000-7f1de1ef6000 rw-p 00135000 08:01 265870                     /usr/lib/x86_64-linux-gnu/libX11.so.6.3.0
7f1de1ef6000-7f1de1f07000 r-xp 00000000 08:01 264595                     /usr/lib/x86_64-linux-gnu/libXext.so.6.4.0
7f1de1f07000-7f1de2107000 ---p 00011000 08:01 264595                     /usr/lib/x86_64-linux-gnu/libXext.so.6.4.0
7f1de2107000-7f1de2108000 rw-p 00011000 08:01 264595                     /usr/lib/x86_64-linux-gnu/libXext.so.6.4.0
7f1de2108000-7f1de2119000 r--s 00000000 08:01 271249                     /var/cache/fontconfig/d52a8644073d54c13679302ca1180695-le64.cache-3
7f1de2119000-7f1de2120000 r--s 00000000 08:01 271258                     /var/cache/fontconfig/3f7329c5293ffd510edef78f73874cfd-le64.cache-3
7f1de2120000-7f1de2122000 r--s 00000000 08:01 271267                     /var/cache/fontconfig/e13b20fdb08344e0e664864cc2ede53d-le64.cache-3
7f1de2122000-7f1de216f000 r-xp 00000000 08:01 144391                     /usr/lib/jvm/java-6-openjdk-amd64/jre/lib/amd64/xawt/libmawt.so
7f1de216f000-7f1de236e000 ---p 0004d000 08:01 144391                     /usr/lib/jvm/java-6-openjdk-amd64/jre/lib/amd64/xawt/libmawt.so
7f1de236e000-7f1de2372000 rw-p 0004c000 08:01 144391                     /usr/lib/jvm/java-6-openjdk-amd64/jre/lib/amd64/xawt/libmawt.so
7f1de2372000-7f1de2373000 rw-p 00000000 00:00 0 
7f1de2373000-7f1de2423000 r-xp 00000000 08:01 144230                     /usr/lib/jvm/java-6-openjdk-amd64/jre/lib/amd64/libawt.so
7f1de2423000-7f1de2622000 ---p 000b0000 08:01 144230                     /usr/lib/jvm/java-6-openjdk-amd64/jre/lib/amd64/libawt.so
7f1de2622000-7f1de262e000 rw-p 000af000 08:01 144230                     /usr/lib/jvm/java-6-openjdk-amd64/jre/lib/amd64/libawt.so
7f1de262e000-7f1de2652000 rw-p 00000000 00:00 0 
7f1de2652000-7f1de26c1000 r-xp 00000000 08:01 551337                     /tmp/libgdxnemo9955/b4a54a2/libgdx64.so
7f1de26c1000-7f1de28c0000 ---p 0006f000 08:01 551337                     /tmp/libgdxnemo9955/b4a54a2/libgdx64.so
7f1de28c0000-7f1de28c2000 r--p 0006e000 08:01 551337                     /tmp/libgdxnemo9955/b4a54a2/libgdx64.so
7f1de28c2000-7f1de28c3000 rw-p 00070000 08:01 551337                     /tmp/libgdxnemo9955/b4a54a2/libgdx64.so
7f1de28c3000-7f1de28c4000 rw-p 00000000 00:00 0 
7f1de28c4000-7f1de28cb000 r--s 000fc000 08:01 143749                     /usr/lib/jvm/java-6-openjdk-common/jre/lib/resources.jar
7f1de28cb000-7f1de28cc000 r--s 00127000 08:06 9437307                    /home/nemo9955/CodeStation/proiecte/Garden_Revolution/Garden_Revolution-desktop/libs/gdx-natives.jar
7f1de28cc000-7f1de28cd000 r--s 00004000 08:06 9437342                    /home/nemo9955/CodeStation/proiecte/Garden_Revolution/Garden_Revolution-desktop/libs/gdx-controllers-desktop.jar
7f1de28cd000-7f1de28ce000 r--s 00100000 08:06 9437237                    /home/nemo9955/CodeStation/proiecte/Garden_Revolution/Garden_Revolution-desktop/libs/gdx-controllers-desktop-natives.jar
7f1de28ce000-7f1de28df000 r--s 0012b000 08:06 9437394                    /home/nemo9955/CodeStation/proiecte/Garden_Revolution/Garden_Revolution-desktop/libs/gdx-backend-lwjgl.jar
7f1de28df000-7f1de28e6000 r--s 0004c000 08:06 9437312                    /home/nemo9955/CodeStation/proiecte/Garden_Revolution/Garden_Revolution-main/libs/kryonet-2.21-all.jar
7f1de28e6000-7f1de28e7000 ---p 00000000 00:00 0 
7f1de28e7000-7f1de29e7000 rw-p 00000000 00:00 0 
7f1de29e7000-7f1de29ea000 ---p 00000000 00:00 0 
7f1de29ea000-7f1de2ae8000 rw-p 00000000 00:00 0 
7f1de2ae8000-7f1de2aeb000 ---p 00000000 00:00 0 
7f1de2aeb000-7f1de2be9000 rw-p 00000000 00:00 0 
7f1de2be9000-7f1de2bec000 ---p 00000000 00:00 0 
7f1de2bec000-7f1de2cea000 rw-p 00000000 00:00 0 
7f1de2cea000-7f1de2ced000 ---p 00000000 00:00 0 
7f1de2ced000-7f1de2deb000 rw-p 00000000 00:00 0 
7f1de2deb000-7f1de2f62000 r--p 00000000 08:01 139605                     /usr/lib/locale/locale-archive
7f1de2f62000-7f1de2f65000 ---p 00000000 00:00 0 
7f1de2f65000-7f1de3063000 rw-p 00000000 00:00 0 
7f1de3063000-7f1de3066000 ---p 00000000 00:00 0 
7f1de3066000-7f1de3164000 rw-p 00000000 00:00 0 
7f1de3164000-7f1de3165000 ---p 00000000 00:00 0 
7f1de3165000-7f1de359b000 rw-p 00000000 00:00 0 
7f1de359b000-7f1de372f000 r--s 03807000 08:01 144270                     /usr/lib/jvm/java-6-openjdk-amd64/jre/lib/rt.jar
7f1de372f000-7f1de3757000 rw-p 00000000 00:00 0 
7f1de3757000-7f1de3758000 ---p 00000000 00:00 0 
7f1de3758000-7f1de3858000 rw-p 00000000 00:00 0 
7f1de3858000-7f1de3859000 ---p 00000000 00:00 0 
7f1de3859000-7f1de3964000 rw-p 00000000 00:00 0 
7f1de3964000-7f1de39ac000 rw-p 00000000 00:00 0 
7f1de39ac000-7f1de39bd000 rw-p 00000000 00:00 0 
7f1de39bd000-7f1de3ab8000 rw-p 00000000 00:00 0 
7f1de3ab8000-7f1de3ac3000 rw-p 00000000 00:00 0 
7f1de3ac3000-7f1de3b0b000 rw-p 00000000 00:00 0 
7f1de3b0b000-7f1de3b1c000 rw-p 00000000 00:00 0 
7f1de3b1c000-7f1de3c17000 rw-p 00000000 00:00 0 
7f1de3c17000-7f1de3c20000 rw-p 00000000 00:00 0 
7f1de3c20000-7f1de3c9d000 rw-p 00000000 00:00 0 
7f1de3c9d000-7f1de3c9e000 rw-p 00000000 00:00 0 
7f1de3c9e000-7f1de3f0e000 rwxp 00000000 00:00 0 
7f1de3f0e000-7f1de6c9e000 rw-p 00000000 00:00 0 
7f1de6c9e000-7f1de6ca5000 r-xp 00000000 08:01 144259                     /usr/lib/jvm/java-6-openjdk-amd64/jre/lib/amd64/libzip.so
7f1de6ca5000-7f1de6ea4000 ---p 00007000 08:01 144259                     /usr/lib/jvm/java-6-openjdk-amd64/jre/lib/amd64/libzip.so
7f1de6ea4000-7f1de6ea5000 rw-p 00006000 08:01 144259                     /usr/lib/jvm/java-6-openjdk-amd64/jre/lib/amd64/libzip.so
7f1de6ea5000-7f1de6eb0000 r-xp 00000000 08:01 916446                     /lib/x86_64-linux-gnu/libnss_files-2.13.so
7f1de6eb0000-7f1de70af000 ---p 0000b000 08:01 916446                     /lib/x86_64-linux-gnu/libnss_files-2.13.so
7f1de70af000-7f1de70b0000 r--p 0000a000 08:01 916446                     /lib/x86_64-linux-gnu/libnss_files-2.13.so
7f1de70b0000-7f1de70b1000 rw-p 0000b000 08:01 916446                     /lib/x86_64-linux-gnu/libnss_files-2.13.so
7f1de70b1000-7f1de70bb000 r-xp 00000000 08:01 916442                     /lib/x86_64-linux-gnu/libnss_nis-2.13.so
7f1de70bb000-7f1de72ba000 ---p 0000a000 08:01 916442                     /lib/x86_64-linux-gnu/libnss_nis-2.13.so
7f1de72ba000-7f1de72bb000 r--p 00009000 08:01 916442                     /lib/x86_64-linux-gnu/libnss_nis-2.13.so
7f1de72bb000-7f1de72bc000 rw-p 0000a000 08:01 916442                     /lib/x86_64-linux-gnu/libnss_nis-2.13.so
7f1de72bc000-7f1de72c3000 r-xp 00000000 08:01 916435                     /lib/x86_64-linux-gnu/libnss_compat-2.13.so
7f1de72c3000-7f1de74c2000 ---p 00007000 08:01 916435                     /lib/x86_64-linux-gnu/libnss_compat-2.13.so
7f1de74c2000-7f1de74c3000 r--p 00006000 08:01 916435                     /lib/x86_64-linux-gnu/libnss_compat-2.13.so
7f1de74c3000-7f1de74c4000 rw-p 00007000 08:01 916435                     /lib/x86_64-linux-gnu/libnss_compat-2.13.so
7f1de74c4000-7f1de74d9000 r-xp 00000000 08:01 916440                     /lib/x86_64-linux-gnu/libnsl-2.13.so
7f1de74d9000-7f1de76d8000 ---p 00015000 08:01 916440                     /lib/x86_64-linux-gnu/libnsl-2.13.so
7f1de76d8000-7f1de76d9000 r--p 00014000 08:01 916440                     /lib/x86_64-linux-gnu/libnsl-2.13.so
7f1de76d9000-7f1de76da000 rw-p 00015000 08:01 916440                     /lib/x86_64-linux-gnu/libnsl-2.13.so
7f1de76da000-7f1de76dc000 rw-p 00000000 00:00 0 
7f1de76dc000-7f1de770a000 r-xp 00000000 08:01 144245                     /usr/lib/jvm/java-6-openjdk-amd64/jre/lib/amd64/libjava.so
7f1de770a000-7f1de7909000 ---p 0002e000 08:01 144245                     /usr/lib/jvm/java-6-openjdk-amd64/jre/lib/amd64/libjava.so
7f1de7909000-7f1de790d000 rw-p 0002d000 08:01 144245                     /usr/lib/jvm/java-6-openjdk-amd64/jre/lib/amd64/libjava.so
7f1de790d000-7f1de791c000 r-xp 00000000 08:01 144228                     /usr/lib/jvm/java-6-openjdk-amd64/jre/lib/amd64/libverify.so
7f1de791c000-7f1de7b1b000 ---p 0000f000 08:01 144228                     /usr/lib/jvm/java-6-openjdk-amd64/jre/lib/amd64/libverify.so
7f1de7b1b000-7f1de7b1d000 rw-p 0000e000 08:01 144228                     /usr/lib/jvm/java-6-openjdk-amd64/jre/lib/amd64/libverify.so
7f1de7b1d000-7f1de7b24000 r-xp 00000000 08:01 916450                     /lib/x86_64-linux-gnu/librt-2.13.so
7f1de7b24000-7f1de7d23000 ---p 00007000 08:01 916450                     /lib/x86_64-linux-gnu/librt-2.13.so
7f1de7d23000-7f1de7d24000 r--p 00006000 08:01 916450                     /lib/x86_64-linux-gnu/librt-2.13.so
7f1de7d24000-7f1de7d25000 rw-p 00007000 08:01 916450                     /lib/x86_64-linux-gnu/librt-2.13.so
7f1de7d25000-7f1de7d3a000 r-xp 00000000 08:01 916059                     /lib/x86_64-linux-gnu/libgcc_s.so.1
7f1de7d3a000-7f1de7f3a000 ---p 00015000 08:01 916059                     /lib/x86_64-linux-gnu/libgcc_s.so.1
7f1de7f3a000-7f1de7f3b000 rw-p 00015000 08:01 916059                     /lib/x86_64-linux-gnu/libgcc_s.so.1
7f1de7f3b000-7f1de7fbc000 r-xp 00000000 08:01 916437                     /lib/x86_64-linux-gnu/libm-2.13.so
7f1de7fbc000-7f1de81bb000 ---p 00081000 08:01 916437                     /lib/x86_64-linux-gnu/libm-2.13.so
7f1de81bb000-7f1de81bc000 r--p 00080000 08:01 916437                     /lib/x86_64-linux-gnu/libm-2.13.so
7f1de81bc000-7f1de81bd000 rw-p 00081000 08:01 916437                     /lib/x86_64-linux-gnu/libm-2.13.so
7f1de81bd000-7f1de82a5000 r-xp 00000000 08:01 265105                     /usr/lib/x86_64-linux-gnu/libstdc++.so.6.0.17
7f1de82a5000-7f1de84a5000 ---p 000e8000 08:01 265105                     /usr/lib/x86_64-linux-gnu/libstdc++.so.6.0.17
7f1de84a5000-7f1de84ad000 r--p 000e8000 08:01 265105                     /usr/lib/x86_64-linux-gnu/libstdc++.so.6.0.17
7f1de84ad000-7f1de84af000 rw-p 000f0000 08:01 265105                     /usr/lib/x86_64-linux-gnu/libstdc++.so.6.0.17
7f1de84af000-7f1de84c4000 rw-p 00000000 00:00 0 
7f1de84c4000-7f1de8dd8000 r-xp 00000000 08:01 144235                     /usr/lib/jvm/java-6-openjdk-amd64/jre/lib/amd64/server/libjvm.so
7f1de8dd8000-7f1de8fd7000 ---p 00914000 08:01 144235                     /usr/lib/jvm/java-6-openjdk-amd64/jre/lib/amd64/server/libjvm.so
7f1de8fd7000-7f1de9073000 rw-p 00913000 08:01 144235                     /usr/lib/jvm/java-6-openjdk-amd64/jre/lib/amd64/server/libjvm.so
7f1de9073000-7f1de909c000 rw-p 00000000 00:00 0 
7f1de909c000-7f1de921e000 r-xp 00000000 08:01 916430                     /lib/x86_64-linux-gnu/libc-2.13.so
7f1de921e000-7f1de941d000 ---p 00182000 08:01 916430                     /lib/x86_64-linux-gnu/libc-2.13.so
7f1de941d000-7f1de9421000 r--p 00181000 08:01 916430                     /lib/x86_64-linux-gnu/libc-2.13.so
7f1de9421000-7f1de9422000 rw-p 00185000 08:01 916430                     /lib/x86_64-linux-gnu/libc-2.13.so
7f1de9422000-7f1de9427000 rw-p 00000000 00:00 0 
7f1de9427000-7f1de9429000 r-xp 00000000 08:01 916444                     /lib/x86_64-linux-gnu/libdl-2.13.so
7f1de9429000-7f1de9629000 ---p 00002000 08:01 916444                     /lib/x86_64-linux-gnu/libdl-2.13.so
7f1de9629000-7f1de962a000 r--p 00002000 08:01 916444                     /lib/x86_64-linux-gnu/libdl-2.13.so
7f1de962a000-7f1de962b000 rw-p 00003000 08:01 916444                     /lib/x86_64-linux-gnu/libdl-2.13.so
7f1de962b000-7f1de962f000 r-xp 00000000 08:01 144232                     /usr/lib/jvm/java-6-openjdk-amd64/jre/lib/amd64/jli/libjli.so
7f1de962f000-7f1de982e000 ---p 00004000 08:01 144232                     /usr/lib/jvm/java-6-openjdk-amd64/jre/lib/amd64/jli/libjli.so
7f1de982e000-7f1de982f000 rw-p 00003000 08:01 144232                     /usr/lib/jvm/java-6-openjdk-amd64/jre/lib/amd64/jli/libjli.so
7f1de982f000-7f1de9846000 r-xp 00000000 08:01 916448                     /lib/x86_64-linux-gnu/libpthread-2.13.so
7f1de9846000-7f1de9a45000 ---p 00017000 08:01 916448                     /lib/x86_64-linux-gnu/libpthread-2.13.so
7f1de9a45000-7f1de9a46000 r--p 00016000 08:01 916448                     /lib/x86_64-linux-gnu/libpthread-2.13.so
7f1de9a46000-7f1de9a47000 rw-p 00017000 08:01 916448                     /lib/x86_64-linux-gnu/libpthread-2.13.so
7f1de9a47000-7f1de9a4b000 rw-p 00000000 00:00 0 
7f1de9a4b000-7f1de9a61000 r-xp 00000000 08:01 916168                     /lib/x86_64-linux-gnu/libz.so.1.2.7
7f1de9a61000-7f1de9c60000 ---p 00016000 08:01 916168                     /lib/x86_64-linux-gnu/libz.so.1.2.7
7f1de9c60000-7f1de9c61000 r--p 00015000 08:01 916168                     /lib/x86_64-linux-gnu/libz.so.1.2.7
7f1de9c61000-7f1de9c62000 rw-p 00016000 08:01 916168                     /lib/x86_64-linux-gnu/libz.so.1.2.7
7f1de9c62000-7f1de9c82000 r-xp 00000000 08:01 32                         /lib64/ld-2.13.so
7f1de9c82000-7f1de9c84000 r--s 001a1000 08:06 9437380                    /home/nemo9955/CodeStation/proiecte/Garden_Revolution/Garden_Revolution-desktop/libs/gdx-backend-lwjgl-natives.jar
7f1de9c84000-7f1de9c87000 r--s 0000b000 08:06 9437369                    /home/nemo9955/CodeStation/proiecte/Garden_Revolution/Garden_Revolution-main/libs/tween-engine-api.jar
7f1de9c87000-7f1de9c8a000 r--s 0007f000 08:01 143741                     /usr/lib/jvm/java-6-openjdk-common/jre/lib/jsse.jar
7f1de9c8a000-7f1de9ca0000 r--s 00157000 08:06 9437270                    /home/nemo9955/CodeStation/proiecte/Garden_Revolution/Garden_Revolution-main/libs/gdx.jar
7f1de9ca0000-7f1de9caa000 rw-p 00000000 00:00 0 
7f1de9caa000-7f1de9d60000 rw-p 00000000 00:00 0 
7f1de9d60000-7f1de9d63000 ---p 00000000 00:00 0 
7f1de9d63000-7f1de9e66000 rw-p 00000000 00:00 0 
7f1de9e66000-7f1de9e67000 r--s 00002000 08:06 9437214                    /home/nemo9955/CodeStation/proiecte/Garden_Revolution/Garden_Revolution-main/libs/gdx-controllers.jar
7f1de9e67000-7f1de9e6b000 r--s 00039000 08:01 143733                     /usr/lib/jvm/java-6-openjdk-common/jre/lib/ext/sunpkcs11.jar
7f1de9e6b000-7f1de9e6d000 r--s 0000f000 08:01 143734                     /usr/lib/jvm/java-6-openjdk-common/jre/lib/ext/pulse-java.jar
7f1de9e6d000-7f1de9e70000 r--s 00031000 08:01 143736                     /usr/lib/jvm/java-6-openjdk-common/jre/lib/ext/sunjce_provider.jar
7f1de9e70000-7f1de9e73000 r--s 00077000 08:01 143735                     /usr/lib/jvm/java-6-openjdk-common/jre/lib/ext/localedata.jar
7f1de9e73000-7f1de9e75000 r--s 00001000 08:01 143737                     /usr/lib/jvm/java-6-openjdk-common/jre/lib/ext/dnsns.jar
7f1de9e75000-7f1de9e76000 r--s 00007000 08:01 916596                     /usr/share/java/java-atk-wrapper.jar
7f1de9e76000-7f1de9e7e000 rw-s 00000000 08:01 400815                     /tmp/hsperfdata_nemo9955/6409
7f1de9e7e000-7f1de9e7f000 rw-p 00000000 00:00 0 
7f1de9e7f000-7f1de9e80000 r--p 00000000 00:00 0 
7f1de9e80000-7f1de9e81000 rw-p 00000000 00:00 0 
7f1de9e81000-7f1de9e82000 r--p 0001f000 08:01 32                         /lib64/ld-2.13.so
7f1de9e82000-7f1de9e83000 rw-p 00020000 08:01 32                         /lib64/ld-2.13.so
7f1de9e83000-7f1de9e84000 rw-p 00000000 00:00 0 
7fffefa8f000-7fffefab0000 rw-p 00000000 00:00 0                          [stack]
7fffefb4f000-7fffefb50000 r-xp 00000000 00:00 0                          [vdso]
ffffffffff600000-ffffffffff601000 r-xp 00000000 00:00 0                  [vsyscall]

VM Arguments:
jvm_args: -Dfile.encoding=UTF-8 
java_command: com.nemo9955.garden_revolution.Main
Launcher Type: SUN_STANDARD

Environment Variables:
PATH=/home/nemo9955/bin:/usr/sbin:/sbin:/usr/local/bin:/usr/bin:/bin:/usr/local/games:/usr/games
LD_LIBRARY_PATH=/usr/lib/jvm/java-6-openjdk-amd64/jre/lib/amd64/server:/usr/lib/jvm/java-6-openjdk-amd64/jre/lib/amd64:/usr/lib/jvm/java-6-openjdk-amd64/jre/../lib/amd64
SHELL=/bin/bash
DISPLAY=:0.0

Signal Handlers:
SIGSEGV: [libjvm.so+0x791b10], sa_mask[0]=0x7ffbfeff, sa_flags=0x10000004
SIGBUS: [libjvm.so+0x791b10], sa_mask[0]=0x7ffbfeff, sa_flags=0x10000004
SIGFPE: [libjvm.so+0x65ace0], sa_mask[0]=0x7ffbfeff, sa_flags=0x10000004
SIGPIPE: [libjvm.so+0x65ace0], sa_mask[0]=0x7ffbfeff, sa_flags=0x10000004
SIGXFSZ: [libjvm.so+0x65ace0], sa_mask[0]=0x7ffbfeff, sa_flags=0x10000004
SIGILL: [libjvm.so+0x65ace0], sa_mask[0]=0x7ffbfeff, sa_flags=0x10000004
SIGUSR1: SIG_DFL, sa_mask[0]=0x00000000, sa_flags=0x00000000
SIGUSR2: [libjvm.so+0x65aec0], sa_mask[0]=0x00000004, sa_flags=0x10000004
SIGHUP: [libjvm.so+0x65d500], sa_mask[0]=0x7ffbfeff, sa_flags=0x10000004
SIGINT: [libjvm.so+0x65d500], sa_mask[0]=0x7ffbfeff, sa_flags=0x10000004
SIGTERM: [libjvm.so+0x65d500], sa_mask[0]=0x7ffbfeff, sa_flags=0x10000004
SIGQUIT: [libjvm.so+0x65d500], sa_mask[0]=0x7ffbfeff, sa_flags=0x10000004


---------------  S Y S T E M  ---------------

OS:7.3

uname:Linux 3.2.0-4-amd64 #1 SMP Debian 3.2.51-1 x86_64
libc:glibc 2.13 NPTL 2.13 
rlimit: STACK 8192k, CORE 0k, NPROC 25587, NOFILE 4096, AS infinity
load average:0.50 0.55 0.64

/proc/meminfo:
MemTotal:        3287396 kB
MemFree:          408696 kB
Buffers:           11228 kB
Cached:           293592 kB
SwapCached:         4776 kB
Active:          2047912 kB
Inactive:         583024 kB
Active(anon):    1896244 kB
Inactive(anon):   439608 kB
Active(file):     151668 kB
Inactive(file):   143416 kB
Unevictable:           0 kB
Mlocked:               0 kB
SwapTotal:       3025916 kB
SwapFree:        2902164 kB
Dirty:              2012 kB
Writeback:             0 kB
AnonPages:       2322492 kB
Mapped:           216828 kB
Shmem:              9736 kB
Slab:              78772 kB
SReclaimable:      46336 kB
SUnreclaim:        32436 kB
KernelStack:        4400 kB
PageTables:        26960 kB
NFS_Unstable:          0 kB
Bounce:                0 kB
WritebackTmp:          0 kB
CommitLimit:     4669612 kB
Committed_AS:    4571796 kB
VmallocTotal:   34359738367 kB
VmallocUsed:      315844 kB
VmallocChunk:   34359419900 kB
HardwareCorrupted:     0 kB
AnonHugePages:         0 kB
HugePages_Total:       0
HugePages_Free:        0
HugePages_Rsvd:        0
HugePages_Surp:        0
Hugepagesize:       2048 kB
DirectMap4k:      546496 kB
DirectMap2M:     2795520 kB


CPU:total 2 (2 cores per cpu, 1 threads per core) family 6 model 23 stepping 10, cmov, cx8, fxsr, mmx, sse, sse2, sse3, ssse3, sse4.1

Memory: 4k page, physical 3287396k(408696k free), swap 3025916k(2902164k free)

vm_info: OpenJDK 64-Bit Server VM (20.0-b12) for linux-amd64 JRE (1.6.0_27-b27), built on Jul 12 2013 09:04:12 by "jmm" with gcc 4.7.2

time: Mon Feb 24 16:21:10 2014
elapsed time: 499 seconds

