#
# A fatal error has been detected by the Java Runtime Environment:
#
#  SIGBUS (0x7) at pc=0x00007f8a1e8f2c60, pid=4028, tid=140231068313344
#
# JRE version: 6.0_27-b27
# Java VM: OpenJDK 64-Bit Server VM (20.0-b12 mixed mode linux-amd64 compressed oops)
# Derivative: IcedTea6 1.12.6
# Distribution: Debian GNU/Linux 7.1 (wheezy), package 6b27-1.12.6-1~deb7u1
# Problematic frame:
# 
[error occurred during error reporting (printing problematic frame), id 0x7]

# If you would like to submit a bug report, please include
# instructions how to reproduce the bug and visit:
#   http://icedtea.classpath.org/bugzilla
# The crash happened outside the Java Virtual Machine in native code.
# See problematic frame for where to report the bug.
#

---------------  T H R E A D  ---------------

Current thread (0x00007f8a20246800):  JavaThread "LWJGL Application" [_thread_in_native, id=4111, stack(0x00007f8a16f36000,0x00007f8a17037000)]

siginfo:si_signo=SIGBUS: si_errno=0, si_code=2 (BUS_ADRERR), si_addr=0x00007f8a1e8f2c60

Registers:
RAX=0x00000000c3e547a0, RBX=0x00000000c3e547a0, RCX=0x00000000c3eaa740, RDX=0x00007f8a269d98da
RSP=0x00007f8a17035758, RBP=0x00007f8a170357a0, RSI=0x00007f8a17035790, RDI=0x00007f8a202469d0
R8 =0x0000000000000001, R9 =0x0000000000000001, R10=0x00007f8a26a9eade, R11=0x00007f8a26a9e7e0
R12=0x0000000000000000, R13=0x00007f8a170357d8, R14=0x00007f8a17035790, R15=0x00007f8a20246800
RIP=0x00007f8a1e8f2c60, EFLAGS=0x0000000000010246, CSGSFS=0x0000000000000033, ERR=0x0000000000000014
  TRAPNO=0x000000000000000e

Top of Stack: (sp=0x00007f8a17035758)
0x00007f8a17035758:   00007f8a26a9eb4c 00007f8a269e6298
0x00007f8a17035768:   00000000f033faf0 0000000000000011
0x00007f8a17035778:   0000000000000000 00007f8a17035770
0x00007f8a17035788:   00000000c3e5f4c7 00000000c3e5ebc8
0x00007f8a17035798:   00000000c3e90a60 00007f8a17035828
0x00007f8a170357a8:   00007f8a26a9e7f4 0000000000000000
0x00007f8a170357b8:   00007f8a170357d0 00007f8a17035828
0x00007f8a170357c8:   00007f8a269d98da 00007f8a269d98da
0x00007f8a170357d8:   0000000ebf555511 00000000f033fa90
0x00007f8a170357e8:   00007f8a170357d8 00000000c3ea9481
0x00007f8a170357f8:   00007f8a17035870 00000000c3eaa740
0x00007f8a17035808:   0000000000000000 00000000c3ea94f0
0x00007f8a17035818:   00007f8a170357d8 00007f8a17035870
0x00007f8a17035828:   00007f8a170358b8 00007f8a269d9db4
0x00007f8a17035838:   0000000000000000 0000000000000000
0x00007f8a17035848:   0000000000000000 00000000f033fb10
0x00007f8a17035858:   00000000f033faf0 00000000f033fa90
0x00007f8a17035868:   00000000f033fa90 00000000f0383340
0x00007f8a17035878:   00007f8a17035878 00000000c3ea60cb
0x00007f8a17035888:   00007f8a170358c0 00000000c3ea7d28
0x00007f8a17035898:   0000000000000000 00000000c3ea60e0
0x00007f8a170358a8:   00007f8a17035870 00007f8a170358c8
0x00007f8a170358b8:   00007f8a17035908 00007f8a269d98da
0x00007f8a170358c8:   00007f8a170358c8 00000000c3e48cc8
0x00007f8a170358d8:   00007f8a17035918 00000000c3e904d0
0x00007f8a170358e8:   0000000000000000 00000000c3e48ce8
0x00007f8a170358f8:   00007f8a170358c8 00007f8a17035918
0x00007f8a17035908:   00007f8a17035970 00007f8a269d9db4
0x00007f8a17035918:   00000000f0380390 0000000000000000
0x00007f8a17035928:   00000000f037f120 00007f8a17035920
0x00007f8a17035938:   00000000c3e39e5f 00007f8a17035988
0x00007f8a17035948:   00000000c3e4b6a8 0000000000000000 

Instructions: (pc=0x00007f8a1e8f2c60)
0x00007f8a1e8f2c40:   
[error occurred during error reporting (printing registers, top of stack, instructions near pc), id 0x7]

Register to memory mapping:

RAX=0x00000000c3e547a0 is an oop
{method} 
 - klass: {other class}
RBX=0x00000000c3e547a0 is an oop
{method} 
 - klass: {other class}
RCX=0x00000000c3eaa740 is an oop
{constant pool cache} 
 - klass: {other class}
RDX=0x00007f8a269d98da is an Interpreter codelet
return entry points  [0x00007f8a269d91c0, 0x00007f8a269da780]  5568 bytes
RSP=0x00007f8a17035758 is pointing into the stack for thread: 0x00007f8a20246800
RBP=0x00007f8a170357a0 is pointing into the stack for thread: 0x00007f8a20246800
RSI=0x00007f8a17035790 is pointing into the stack for thread: 0x00007f8a20246800
RDI=0x00007f8a202469d0 is an unknown value
R8 =0x0000000000000001 is an unknown value
R9 =0x0000000000000001 is an unknown value
R10=0x00007f8a26a9e910 [CodeBlob (0x00007f8a26a9e910)]
Framesize: 10
R11=0x00007f8a26a9e690 [CodeBlob (0x00007f8a26a9e690)]
Framesize: 4
R12=0x0000000000000000 is an unknown value
R13=0x00007f8a170357d8 is pointing into the stack for thread: 0x00007f8a20246800
R14=0x00007f8a17035790 is pointing into the stack for thread: 0x00007f8a20246800
R15=0x00007f8a20246800 is a thread


Stack: [0x00007f8a16f36000,0x00007f8a17037000],  sp=0x00007f8a17035758,  free space=1021k
Native frames: (J=compiled Java code, j=interpreted, Vv=VM code, C=native code)

[error occurred during error reporting (printing native stack), id 0x7]

Java frames: (J=compiled Java code, j=interpreted, Vv=VM code)
J  org.lwjgl.opengl.LinuxDisplay.nUnlockAWT()V
J  org.lwjgl.opengl.LinuxDisplay.unlockAWT()V
j  org.lwjgl.opengl.LinuxContextImplementation.swapBuffers()V+57
j  org.lwjgl.opengl.ContextGL.swapBuffers()V+3
j  org.lwjgl.opengl.DrawableGL.swapBuffers()V+0
j  org.lwjgl.opengl.Display.swapBuffers()V+39
j  org.lwjgl.opengl.Display.update(Z)V+44
j  com.badlogic.gdx.backends.lwjgl.LwjglApplication.mainLoop()V+648
j  com.badlogic.gdx.backends.lwjgl.LwjglApplication$1.run()V+27
v  ~StubRoutines::call_stub

---------------  P R O C E S S  ---------------

Java Threads: ( => current thread )
  0x00007f8a20440800 JavaThread "AsynchExecutor-Thread" daemon [_thread_blocked, id=4116, stack(0x00007f8a16e35000,0x00007f8a16f36000)]
  0x00007f8a2024d800 JavaThread "DestroyJavaVM" [_thread_blocked, id=4034, stack(0x00007f8a2d04b000,0x00007f8a2d14c000)]
=>0x00007f8a20246800 JavaThread "LWJGL Application" [_thread_in_native, id=4111, stack(0x00007f8a16f36000,0x00007f8a17037000)]
  0x00007f8a201ab800 JavaThread "AWT-XAWT" daemon [_thread_blocked, id=4107, stack(0x00007f8a1ed19000,0x00007f8a1ee1a000)]
  0x00007f8a20141000 JavaThread "Java2D Disposer" daemon [_thread_blocked, id=4106, stack(0x00007f8a24052000,0x00007f8a24153000)]
  0x000000000167a800 JavaThread "Low Memory Detector" daemon [_thread_blocked, id=4052, stack(0x00007f8a2538d000,0x00007f8a2548e000)]
  0x0000000001675800 JavaThread "C2 CompilerThread1" daemon [_thread_blocked, id=4051, stack(0x00007f8a2548e000,0x00007f8a2558f000)]
  0x0000000001672000 JavaThread "C2 CompilerThread0" daemon [_thread_blocked, id=4050, stack(0x00007f8a2558f000,0x00007f8a25690000)]
  0x0000000001664800 JavaThread "JDWP Command Reader" daemon [_thread_in_native, id=4046, stack(0x00007f8a25690000,0x00007f8a25791000)]
  0x0000000001662800 JavaThread "JDWP Event Helper Thread" daemon [_thread_blocked, id=4045, stack(0x00007f8a25791000,0x00007f8a25892000)]
  0x000000000165f000 JavaThread "JDWP Transport Listener: dt_socket" daemon [_thread_blocked, id=4042, stack(0x00007f8a25892000,0x00007f8a25993000)]
  0x0000000001651000 JavaThread "Signal Dispatcher" daemon [_thread_blocked, id=4040, stack(0x00007f8a25b97000,0x00007f8a25c98000)]
  0x000000000162d800 JavaThread "Finalizer" daemon [_thread_blocked, id=4039, stack(0x00007f8a25c98000,0x00007f8a25d99000)]
  0x000000000162b800 JavaThread "Reference Handler" daemon [_thread_blocked, id=4038, stack(0x00007f8a25d99000,0x00007f8a25e9a000)]

Other Threads:
  0x0000000001626800 VMThread [stack: 0x00007f8a25e9a000,0x00007f8a25f9b000] [id=4037]
  0x000000000167d800 WatcherThread [stack: 0x00007f8a2528c000,0x00007f8a2538d000] [id=4053]

VM state:not at safepoint (normal execution)

VM Mutex/Monitor currently owned by a thread: None

Heap
 PSYoungGen      total 14976K, used 7329K [0x00000000ef400000, 0x00000000f04b0000, 0x0000000100000000)
  eden space 12864K, 48% used [0x00000000ef400000,0x00000000efa0d400,0x00000000f0090000)
  from space 2112K, 53% used [0x00000000f02a0000,0x00000000f03bb130,0x00000000f04b0000)
  to   space 2112K, 0% used [0x00000000f0090000,0x00000000f0090000,0x00000000f02a0000)
 PSOldGen        total 34304K, used 0K [0x00000000cdc00000, 0x00000000cfd80000, 0x00000000ef400000)
  object space 34304K, 0% used [0x00000000cdc00000,0x00000000cdc00000,0x00000000cfd80000)
 PSPermGen       total 21248K, used 13492K [0x00000000c3600000, 0x00000000c4ac0000, 0x00000000cdc00000)
  object space 21248K, 63% used [0x00000000c3600000,0x00000000c432d3b8,0x00000000c4ac0000)

Code Cache  [0x00007f8a269d4000, 0x00007f8a26c44000, 0x00007f8a299d4000)
 total_blobs=758 nmethods=245 adapters=475 free_code_cache=49268608 largest_free_block=6592

Dynamic libraries:
00400000-00409000 r-xp 00000000 08:01 144298                             /usr/lib/jvm/java-6-openjdk-amd64/jre/bin/java
00608000-00609000 rw-p 00008000 08:01 144298                             /usr/lib/jvm/java-6-openjdk-amd64/jre/bin/java
015b3000-02e6e000 rw-p 00000000 00:00 0                                  [heap]
40d3a000-40d3c000 r-xs 00000000 08:01 277083                             /tmp/glt1dWXQ (deleted)
4120a000-41288000 rw-p 00000000 00:00 0 
c3600000-c4ac0000 rw-p 00000000 00:00 0 
c4ac0000-cdc00000 rw-p 00000000 00:00 0 
cdc00000-cfd80000 rw-p 00000000 00:00 0 
cfd80000-ef400000 rw-p 00000000 00:00 0 
ef400000-f04b0000 rw-p 00000000 00:00 0 
f04b0000-100000000 rw-p 00000000 00:00 0 
7f8a13265000-7f8a13288000 r-xp 00000000 08:01 551347                     /tmp/libgdxnemo9955/b97b1fcd/libgdx-controllers-desktop64.so
7f8a13288000-7f8a13488000 ---p 00023000 08:01 551347                     /tmp/libgdxnemo9955/b97b1fcd/libgdx-controllers-desktop64.so
7f8a13488000-7f8a13489000 r--p 00023000 08:01 551347                     /tmp/libgdxnemo9955/b97b1fcd/libgdx-controllers-desktop64.so
7f8a13489000-7f8a1348a000 rw-p 00024000 08:01 551347                     /tmp/libgdxnemo9955/b97b1fcd/libgdx-controllers-desktop64.so
7f8a1348a000-7f8a1349f000 r-xp 00000000 08:01 144247                     /usr/lib/jvm/java-6-openjdk-amd64/jre/lib/amd64/libnet.so
7f8a1349f000-7f8a1369e000 ---p 00015000 08:01 144247                     /usr/lib/jvm/java-6-openjdk-amd64/jre/lib/amd64/libnet.so
7f8a1369e000-7f8a1369f000 rw-p 00014000 08:01 144247                     /usr/lib/jvm/java-6-openjdk-amd64/jre/lib/amd64/libnet.so
7f8a1369f000-7f8a13a9f000 rw-s c4e48000 00:05 5680                       /dev/nvidia0
7f8a13a9f000-7f8a13e9f000 rw-s 1f8c2000 00:05 5680                       /dev/nvidia0
7f8a13e9f000-7f8a1409f000 rw-s 06587000 00:05 5680                       /dev/nvidia0
7f8a1409f000-7f8a1429f000 rw-s 0413f000 00:05 5680                       /dev/nvidia0
7f8a1429f000-7f8a1439f000 rw-s 03b98000 00:05 5680                       /dev/nvidia0
7f8a1439f000-7f8a143df000 rw-s 1fb15000 00:05 5680                       /dev/nvidia0
7f8a143df000-7f8a14453000 rw-p 00000000 00:00 0 
7f8a1446f000-7f8a1450d000 rw-p 00000000 00:00 0 
7f8a1450e000-7f8a1452b000 rw-s 36c61000 00:05 5680                       /dev/nvidia0
7f8a1452b000-7f8a15efb000 r-xp 00000000 08:01 282961                     /usr/lib/x86_64-linux-gnu/libnvidia-glcore.so.304.88
7f8a15efb000-7f8a160fa000 ---p 019d0000 08:01 282961                     /usr/lib/x86_64-linux-gnu/libnvidia-glcore.so.304.88
7f8a160fa000-7f8a168fb000 rwxp 019cf000 08:01 282961                     /usr/lib/x86_64-linux-gnu/libnvidia-glcore.so.304.88
7f8a168fb000-7f8a16915000 rwxp 00000000 00:00 0 
7f8a16915000-7f8a16918000 r-xp 00000000 08:01 551171                     /usr/lib/x86_64-linux-gnu/tls/libnvidia-tls.so.304.88
7f8a16918000-7f8a16b17000 ---p 00003000 08:01 551171                     /usr/lib/x86_64-linux-gnu/tls/libnvidia-tls.so.304.88
7f8a16b17000-7f8a16b18000 rw-p 00002000 08:01 551171                     /usr/lib/x86_64-linux-gnu/tls/libnvidia-tls.so.304.88
7f8a16b18000-7f8a16be2000 r-xp 00000000 08:01 678444                     /usr/lib/x86_64-linux-gnu/nvidia/current/libGL.so.304.88
7f8a16be2000-7f8a16de2000 ---p 000ca000 08:01 678444                     /usr/lib/x86_64-linux-gnu/nvidia/current/libGL.so.304.88
7f8a16de2000-7f8a16e1f000 rwxp 000ca000 08:01 678444                     /usr/lib/x86_64-linux-gnu/nvidia/current/libGL.so.304.88
7f8a16e1f000-7f8a16e35000 rwxp 00000000 00:00 0 
7f8a16e35000-7f8a16e38000 ---p 00000000 00:00 0 
7f8a16e38000-7f8a16f36000 rw-p 00000000 00:00 0 
7f8a16f36000-7f8a16f39000 ---p 00000000 00:00 0 
7f8a16f39000-7f8a17037000 rw-p 00000000 00:00 0 
7f8a17037000-7f8a17038000 ---p 00000000 00:00 0 
7f8a17038000-7f8a17138000 rw-p 00000000 00:00 0 
7f8a17138000-7f8a1b139000 rw-s 00000000 00:11 110356                     /run/shm/pulse-shm-1041990507
7f8a1b139000-7f8a1b13a000 ---p 00000000 00:00 0 
7f8a1b13a000-7f8a1b93a000 rw-p 00000000 00:00 0 
7f8a1b93a000-7f8a1b94d000 r-xp 00000000 08:01 916431                     /lib/x86_64-linux-gnu/libresolv-2.13.so
7f8a1b94d000-7f8a1bb4c000 ---p 00013000 08:01 916431                     /lib/x86_64-linux-gnu/libresolv-2.13.so
7f8a1bb4c000-7f8a1bb4d000 r--p 00012000 08:01 916431                     /lib/x86_64-linux-gnu/libresolv-2.13.so
7f8a1bb4d000-7f8a1bb4e000 rw-p 00013000 08:01 916431                     /lib/x86_64-linux-gnu/libresolv-2.13.so
7f8a1bb4e000-7f8a1bb50000 rw-p 00000000 00:00 0 
7f8a1bb50000-7f8a1bb56000 r-xp 00000000 08:01 264971                     /usr/lib/x86_64-linux-gnu/libogg.so.0.8.0
7f8a1bb56000-7f8a1bd55000 ---p 00006000 08:01 264971                     /usr/lib/x86_64-linux-gnu/libogg.so.0.8.0
7f8a1bd55000-7f8a1bd56000 rw-p 00005000 08:01 264971                     /usr/lib/x86_64-linux-gnu/libogg.so.0.8.0
7f8a1bd56000-7f8a1bd82000 r-xp 00000000 08:01 265193                     /usr/lib/x86_64-linux-gnu/libvorbis.so.0.4.5
7f8a1bd82000-7f8a1bf81000 ---p 0002c000 08:01 265193                     /usr/lib/x86_64-linux-gnu/libvorbis.so.0.4.5
7f8a1bf81000-7f8a1bf82000 r--p 0002b000 08:01 265193                     /usr/lib/x86_64-linux-gnu/libvorbis.so.0.4.5
7f8a1bf82000-7f8a1bf83000 rw-p 0002c000 08:01 265193                     /usr/lib/x86_64-linux-gnu/libvorbis.so.0.4.5
7f8a1bf83000-7f8a1c236000 r-xp 00000000 08:01 265195                     /usr/lib/x86_64-linux-gnu/libvorbisenc.so.2.0.8
7f8a1c236000-7f8a1c435000 ---p 002b3000 08:01 265195                     /usr/lib/x86_64-linux-gnu/libvorbisenc.so.2.0.8
7f8a1c435000-7f8a1c451000 r--p 002b2000 08:01 265195                     /usr/lib/x86_64-linux-gnu/libvorbisenc.so.2.0.8
7f8a1c451000-7f8a1c452000 rw-p 002ce000 08:01 265195                     /usr/lib/x86_64-linux-gnu/libvorbisenc.so.2.0.8
7f8a1c452000-7f8a1c49d000 r-xp 00000000 08:01 264365                     /usr/lib/x86_64-linux-gnu/libFLAC.so.8.2.0
7f8a1c49d000-7f8a1c69c000 ---p 0004b000 08:01 264365                     /usr/lib/x86_64-linux-gnu/libFLAC.so.8.2.0
7f8a1c69c000-7f8a1c69d000 r--p 0004a000 08:01 264365                     /usr/lib/x86_64-linux-gnu/libFLAC.so.8.2.0
7f8a1c69d000-7f8a1c69e000 rw-p 0004b000 08:01 264365                     /usr/lib/x86_64-linux-gnu/libFLAC.so.8.2.0
7f8a1c69e000-7f8a1c6a2000 r-xp 00000000 08:01 916163                     /lib/x86_64-linux-gnu/libuuid.so.1.3.0
7f8a1c6a2000-7f8a1c8a1000 ---p 00004000 08:01 916163                     /lib/x86_64-linux-gnu/libuuid.so.1.3.0
7f8a1c8a1000-7f8a1c8a2000 r--p 00003000 08:01 916163                     /lib/x86_64-linux-gnu/libuuid.so.1.3.0
7f8a1c8a2000-7f8a1c8a3000 rw-p 00004000 08:01 916163                     /lib/x86_64-linux-gnu/libuuid.so.1.3.0
7f8a1c8a3000-7f8a1c8a7000 r-xp 00000000 08:01 916027                     /lib/x86_64-linux-gnu/libattr.so.1.1.0
7f8a1c8a7000-7f8a1caa6000 ---p 00004000 08:01 916027                     /lib/x86_64-linux-gnu/libattr.so.1.1.0
7f8a1caa6000-7f8a1caa7000 r--p 00003000 08:01 916027                     /lib/x86_64-linux-gnu/libattr.so.1.1.0
7f8a1caa7000-7f8a1caa8000 rw-p 00004000 08:01 916027                     /lib/x86_64-linux-gnu/libattr.so.1.1.0
7f8a1caa8000-7f8a1caad000 r-xp 00000000 08:01 264468                     /usr/lib/x86_64-linux-gnu/libasyncns.so.0.3.1
7f8a1caad000-7f8a1ccac000 ---p 00005000 08:01 264468                     /usr/lib/x86_64-linux-gnu/libasyncns.so.0.3.1
7f8a1ccac000-7f8a1ccad000 rw-p 00004000 08:01 264468                     /usr/lib/x86_64-linux-gnu/libasyncns.so.0.3.1
7f8a1ccad000-7f8a1cd0e000 r-xp 00000000 08:01 265087                     /usr/lib/x86_64-linux-gnu/libsndfile.so.1.0.25
7f8a1cd0e000-7f8a1cf0d000 ---p 00061000 08:01 265087                     /usr/lib/x86_64-linux-gnu/libsndfile.so.1.0.25
7f8a1cf0d000-7f8a1cf0f000 r--p 00060000 08:01 265087                     /usr/lib/x86_64-linux-gnu/libsndfile.so.1.0.25
7f8a1cf0f000-7f8a1cf10000 rw-p 00062000 08:01 265087                     /usr/lib/x86_64-linux-gnu/libsndfile.so.1.0.25
7f8a1cf10000-7f8a1cf14000 rw-p 00000000 00:00 0 
7f8a1cf14000-7f8a1cf1d000 r-xp 00000000 08:01 916165                     /lib/x86_64-linux-gnu/libwrap.so.0.7.6
7f8a1cf1d000-7f8a1d11c000 ---p 00009000 08:01 916165                     /lib/x86_64-linux-gnu/libwrap.so.0.7.6
7f8a1d11c000-7f8a1d11d000 r--p 00008000 08:01 916165                     /lib/x86_64-linux-gnu/libwrap.so.0.7.6
7f8a1d11d000-7f8a1d11e000 rw-p 00009000 08:01 916165                     /lib/x86_64-linux-gnu/libwrap.so.0.7.6
7f8a1d11e000-7f8a1d11f000 rw-p 00000000 00:00 0 
7f8a1d11f000-7f8a1d126000 r-xp 00000000 08:01 264394                     /usr/lib/x86_64-linux-gnu/libSM.so.6.0.1
7f8a1d126000-7f8a1d325000 ---p 00007000 08:01 264394                     /usr/lib/x86_64-linux-gnu/libSM.so.6.0.1
7f8a1d325000-7f8a1d326000 rw-p 00006000 08:01 264394                     /usr/lib/x86_64-linux-gnu/libSM.so.6.0.1
7f8a1d326000-7f8a1d33d000 r-xp 00000000 08:01 264375                     /usr/lib/x86_64-linux-gnu/libICE.so.6.3.0
7f8a1d33d000-7f8a1d53c000 ---p 00017000 08:01 264375                     /usr/lib/x86_64-linux-gnu/libICE.so.6.3.0
7f8a1d53c000-7f8a1d53e000 rw-p 00016000 08:01 264375                     /usr/lib/x86_64-linux-gnu/libICE.so.6.3.0
7f8a1d53e000-7f8a1d541000 rw-p 00000000 00:00 0 
7f8a1d541000-7f8a1d542000 r-xp 00000000 08:01 272883                     /usr/lib/x86_64-linux-gnu/libX11-xcb.so.1.0.0
7f8a1d542000-7f8a1d741000 ---p 00001000 08:01 272883                     /usr/lib/x86_64-linux-gnu/libX11-xcb.so.1.0.0
7f8a1d741000-7f8a1d742000 rw-p 00000000 08:01 272883                     /usr/lib/x86_64-linux-gnu/libX11-xcb.so.1.0.0
7f8a1d742000-7f8a1d746000 r-xp 00000000 08:01 916038                     /lib/x86_64-linux-gnu/libcap.so.2.22
7f8a1d746000-7f8a1d945000 ---p 00004000 08:01 916038                     /lib/x86_64-linux-gnu/libcap.so.2.22
7f8a1d945000-7f8a1d946000 rw-p 00003000 08:01 916038                     /lib/x86_64-linux-gnu/libcap.so.2.22
7f8a1d946000-7f8a1d98a000 r-xp 00000000 08:01 916060                     /lib/x86_64-linux-gnu/libdbus-1.so.3.7.2
7f8a1d98a000-7f8a1db8a000 ---p 00044000 08:01 916060                     /lib/x86_64-linux-gnu/libdbus-1.so.3.7.2
7f8a1db8a000-7f8a1db8b000 r--p 00044000 08:01 916060                     /lib/x86_64-linux-gnu/libdbus-1.so.3.7.2
7f8a1db8b000-7f8a1db8c000 rw-p 00045000 08:01 916060                     /lib/x86_64-linux-gnu/libdbus-1.so.3.7.2
7f8a1db8c000-7f8a1dbed000 r-xp 00000000 08:01 265339                     /usr/lib/x86_64-linux-gnu/pulseaudio/libpulsecommon-2.0.so
7f8a1dbed000-7f8a1ddec000 ---p 00061000 08:01 265339                     /usr/lib/x86_64-linux-gnu/pulseaudio/libpulsecommon-2.0.so
7f8a1ddec000-7f8a1dded000 r--p 00060000 08:01 265339                     /usr/lib/x86_64-linux-gnu/pulseaudio/libpulsecommon-2.0.so
7f8a1dded000-7f8a1ddef000 rw-p 00061000 08:01 265339                     /usr/lib/x86_64-linux-gnu/pulseaudio/libpulsecommon-2.0.so
7f8a1ddef000-7f8a1ddf8000 r-xp 00000000 08:01 916072                     /lib/x86_64-linux-gnu/libjson.so.0.1.0
7f8a1ddf8000-7f8a1dff7000 ---p 00009000 08:01 916072                     /lib/x86_64-linux-gnu/libjson.so.0.1.0
7f8a1dff7000-7f8a1dff8000 r--p 00008000 08:01 916072                     /lib/x86_64-linux-gnu/libjson.so.0.1.0
7f8a1dff8000-7f8a1dff9000 rw-p 00009000 08:01 916072                     /lib/x86_64-linux-gnu/libjson.so.0.1.0
7f8a1dff9000-7f8a1e042000 r-xp 00000000 08:01 265053                     /usr/lib/x86_64-linux-gnu/libpulse.so.0.14.2
7f8a1e042000-7f8a1e241000 ---p 00049000 08:01 265053                     /usr/lib/x86_64-linux-gnu/libpulse.so.0.14.2
7f8a1e241000-7f8a1e242000 r--p 00048000 08:01 265053                     /usr/lib/x86_64-linux-gnu/libpulse.so.0.14.2
7f8a1e242000-7f8a1e243000 rw-p 00049000 08:01 265053                     /usr/lib/x86_64-linux-gnu/libpulse.so.0.14.2
7f8a1e243000-7f8a1e298000 r-xp 00000000 08:01 551340                     /tmp/libgdxnemo9955/7b43be9b/libopenal64.so
7f8a1e298000-7f8a1e497000 ---p 00055000 08:01 551340                     /tmp/libgdxnemo9955/7b43be9b/libopenal64.so
7f8a1e497000-7f8a1e49a000 r--p 00054000 08:01 551340                     /tmp/libgdxnemo9955/7b43be9b/libopenal64.so
7f8a1e49a000-7f8a1e49b000 rw-p 00057000 08:01 551340                     /tmp/libgdxnemo9955/7b43be9b/libopenal64.so
7f8a1e49b000-7f8a1e49c000 rw-p 00000000 00:00 0 
7f8a1e49c000-7f8a1e4a0000 r-xp 00000000 08:01 273334                     /usr/lib/x86_64-linux-gnu/libXxf86vm.so.1.0.0
7f8a1e4a0000-7f8a1e6a0000 ---p 00004000 08:01 273334                     /usr/lib/x86_64-linux-gnu/libXxf86vm.so.1.0.0
7f8a1e6a0000-7f8a1e6a1000 r--p 00004000 08:01 273334                     /usr/lib/x86_64-linux-gnu/libXxf86vm.so.1.0.0
7f8a1e6a1000-7f8a1e6a2000 rw-p 00005000 08:01 273334                     /usr/lib/x86_64-linux-gnu/libXxf86vm.so.1.0.0
7f8a1e6a2000-7f8a1e6a9000 r-xp 00000000 08:01 265883                     /usr/lib/x86_64-linux-gnu/libXrandr.so.2.2.0
7f8a1e6a9000-7f8a1e8a9000 ---p 00007000 08:01 265883                     /usr/lib/x86_64-linux-gnu/libXrandr.so.2.2.0
7f8a1e8a9000-7f8a1e8aa000 rw-p 00007000 08:01 265883                     /usr/lib/x86_64-linux-gnu/libXrandr.so.2.2.0
7f8a1e8aa000-7f8a1e916000 r-xp 00000000 08:01 551339                     /tmp/libgdxnemo9955/7b43be9b/liblwjgl64.so
7f8a1e916000-7f8a1eb15000 ---p 0006c000 08:01 551339                     /tmp/libgdxnemo9955/7b43be9b/liblwjgl64.so
7f8a1eb15000-7f8a1eb17000 r--p 0006b000 08:01 551339                     /tmp/libgdxnemo9955/7b43be9b/liblwjgl64.so
7f8a1eb17000-7f8a1eb18000 rw-p 0006d000 08:01 551339                     /tmp/libgdxnemo9955/7b43be9b/liblwjgl64.so
7f8a1eb18000-7f8a1eb19000 r-xp 00000000 08:01 144229                     /usr/lib/jvm/java-6-openjdk-amd64/jre/lib/amd64/libjawt.so
7f8a1eb19000-7f8a1ed18000 ---p 00001000 08:01 144229                     /usr/lib/jvm/java-6-openjdk-amd64/jre/lib/amd64/libjawt.so
7f8a1ed18000-7f8a1ed19000 rw-p 00000000 08:01 144229                     /usr/lib/jvm/java-6-openjdk-amd64/jre/lib/amd64/libjawt.so
7f8a1ed19000-7f8a1ed1c000 ---p 00000000 00:00 0 
7f8a1ed1c000-7f8a1ee1a000 rw-p 00000000 00:00 0 
7f8a1ee1a000-7f8a1ee23000 r--s 00000000 08:01 277048                     /var/cache/fontconfig/945677eb7aeaf62f1d50efc3fb3ec7d8-le64.cache-3
7f8a1ee23000-7f8a1ee28000 r--s 00000000 08:01 271253                     /var/cache/fontconfig/6eb3985aa4124903f6ff08ba781cd364-le64.cache-3
7f8a1ee28000-7f8a1ee31000 r--s 00000000 08:01 278568                     /var/cache/fontconfig/6d41288fd70b0be22e8c3a91e032eec0-le64.cache-3
7f8a1ee31000-7f8a1ee5f000 r--s 00000000 08:01 271260                     /var/cache/fontconfig/365b55f210c0a22e9a19e35191240f32-le64.cache-3
7f8a1ee5f000-7f8a1ee64000 r--s 00000000 08:01 271264                     /var/cache/fontconfig/3047814df9a2f067bd2d96a2b9c36e5a-le64.cache-3
7f8a1ee9d000-7f8a1eea2000 r-xp 00000000 08:01 273531                     /usr/lib/x86_64-linux-gnu/libXfixes.so.3.1.0
7f8a1eea2000-7f8a1f0a1000 ---p 00005000 08:01 273531                     /usr/lib/x86_64-linux-gnu/libXfixes.so.3.1.0
7f8a1f0a1000-7f8a1f0a2000 r--p 00004000 08:01 273531                     /usr/lib/x86_64-linux-gnu/libXfixes.so.3.1.0
7f8a1f0a2000-7f8a1f0a3000 rw-p 00005000 08:01 273531                     /usr/lib/x86_64-linux-gnu/libXfixes.so.3.1.0
7f8a1f0a3000-7f8a1f0ad000 r-xp 00000000 08:01 264474                     /usr/lib/x86_64-linux-gnu/libXcursor.so.1.0.2
7f8a1f0ad000-7f8a1f2ac000 ---p 0000a000 08:01 264474                     /usr/lib/x86_64-linux-gnu/libXcursor.so.1.0.2
7f8a1f2ac000-7f8a1f2ad000 rw-p 00009000 08:01 264474                     /usr/lib/x86_64-linux-gnu/libXcursor.so.1.0.2
7f8a1f2ad000-7f8a1f2af000 rw-p 00000000 00:00 0 
7f8a1f2af000-7f8a1f2b1000 rw-s 00000000 08:01 277083                     /tmp/glt1dWXQ (deleted)
7f8a1f2b1000-7f8a1f2b5000 rw-s 03a0a000 00:05 5680                       /dev/nvidia0
7f8a1f2b5000-7f8a1f2b6000 rw-s d0005000 00:05 5680                       /dev/nvidia0
7f8a1f2b6000-7f8a1f2b7000 rw-s 03972000 00:05 5680                       /dev/nvidia0
7f8a1f2b7000-7f8a1f2bb000 rw-s 36d2f000 00:05 5680                       /dev/nvidia0
7f8a1f2bb000-7f8a1f2bc000 rw-s fdc08000 00:05 5680                       /dev/nvidia0
7f8a1f2bc000-7f8a1f2bd000 rw-s fd641000 00:05 5680                       /dev/nvidia0
7f8a1f2bd000-7f8a1f2be000 rw-s 36deb000 00:05 5680                       /dev/nvidia0
7f8a1f2be000-7f8a1f2bf000 rw-s 1fb2c000 00:05 5680                       /dev/nvidia0
7f8a1f2bf000-7f8a1f2c0000 rw-s fd060000 00:05 5680                       /dev/nvidia0
7f8a1f2c0000-7f8a1f2c7000 r--s 00000000 08:01 282750                     /usr/lib/x86_64-linux-gnu/gconv/gconv-modules.cache
7f8a1f2c7000-7f8a1f2d8000 r--s 00000000 08:01 271249                     /var/cache/fontconfig/d52a8644073d54c13679302ca1180695-le64.cache-3
7f8a1f2d8000-7f8a1f2df000 r--s 00000000 08:01 271258                     /var/cache/fontconfig/3f7329c5293ffd510edef78f73874cfd-le64.cache-3
7f8a1f2df000-7f8a1f378000 r-xp 00000000 08:01 264650                     /usr/lib/x86_64-linux-gnu/libfreetype.so.6.8.1
7f8a1f378000-7f8a1f577000 ---p 00099000 08:01 264650                     /usr/lib/x86_64-linux-gnu/libfreetype.so.6.8.1
7f8a1f577000-7f8a1f57d000 r--p 00098000 08:01 264650                     /usr/lib/x86_64-linux-gnu/libfreetype.so.6.8.1
7f8a1f57d000-7f8a1f57e000 rw-p 0009e000 08:01 264650                     /usr/lib/x86_64-linux-gnu/libfreetype.so.6.8.1
7f8a1f57e000-7f8a1f5c6000 r-xp 00000000 08:01 144223                     /usr/lib/jvm/java-6-openjdk-amd64/jre/lib/amd64/libfontmanager.so
7f8a1f5c6000-7f8a1f7c6000 ---p 00048000 08:01 144223                     /usr/lib/jvm/java-6-openjdk-amd64/jre/lib/amd64/libfontmanager.so
7f8a1f7c6000-7f8a1f7c9000 rw-p 00048000 08:01 144223                     /usr/lib/jvm/java-6-openjdk-amd64/jre/lib/amd64/libfontmanager.so
7f8a1f7c9000-7f8a1f7ce000 r-xp 00000000 08:01 264417                     /usr/lib/x86_64-linux-gnu/libXdmcp.so.6.0.0
7f8a1f7ce000-7f8a1f9cd000 ---p 00005000 08:01 264417                     /usr/lib/x86_64-linux-gnu/libXdmcp.so.6.0.0
7f8a1f9cd000-7f8a1f9ce000 rw-p 00004000 08:01 264417                     /usr/lib/x86_64-linux-gnu/libXdmcp.so.6.0.0
7f8a1f9ce000-7f8a1f9d0000 r-xp 00000000 08:01 264406                     /usr/lib/x86_64-linux-gnu/libXau.so.6.0.0
7f8a1f9d0000-7f8a1fbd0000 ---p 00002000 08:01 264406                     /usr/lib/x86_64-linux-gnu/libXau.so.6.0.0
7f8a1fbd0000-7f8a1fbd1000 rw-p 00002000 08:01 264406                     /usr/lib/x86_64-linux-gnu/libXau.so.6.0.0
7f8a1fbd1000-7f8a1fbf0000 r-xp 00000000 08:01 265852                     /usr/lib/x86_64-linux-gnu/libxcb.so.1.1.0
7f8a1fbf0000-7f8a1fdef000 ---p 0001f000 08:01 265852                     /usr/lib/x86_64-linux-gnu/libxcb.so.1.1.0
7f8a1fdef000-7f8a1fdf0000 r--p 0001e000 08:01 265852                     /usr/lib/x86_64-linux-gnu/libxcb.so.1.1.0
7f8a1fdf0000-7f8a1fdf1000 rw-p 0001f000 08:01 265852                     /usr/lib/x86_64-linux-gnu/libxcb.so.1.1.0
7f8a1fdf1000-7f8a1fdff000 r-xp 00000000 08:01 265075                     /usr/lib/x86_64-linux-gnu/libXi.so.6.1.0
7f8a1fdff000-7f8a1ffff000 ---p 0000e000 08:01 265075                     /usr/lib/x86_64-linux-gnu/libXi.so.6.1.0
7f8a1ffff000-7f8a20000000 rw-p 0000e000 08:01 265075                     /usr/lib/x86_64-linux-gnu/libXi.so.6.1.0
7f8a20000000-7f8a223b7000 rw-p 00000000 00:00 0 
7f8a223b7000-7f8a24000000 ---p 00000000 00:00 0 
7f8a24000000-7f8a24003000 r--s 00000000 08:01 271247                     /var/cache/fontconfig/c57959a16110560c8d0fcea73374aeeb-le64.cache-3
7f8a24003000-7f8a24005000 r--s 00000000 08:01 271267                     /var/cache/fontconfig/e13b20fdb08344e0e664864cc2ede53d-le64.cache-3
7f8a24005000-7f8a2400e000 r--s 00000000 08:01 277048                     /var/cache/fontconfig/945677eb7aeaf62f1d50efc3fb3ec7d8-le64.cache-3
7f8a2400e000-7f8a24013000 r--s 00000000 08:01 271253                     /var/cache/fontconfig/6eb3985aa4124903f6ff08ba781cd364-le64.cache-3
7f8a24013000-7f8a2401c000 r--s 00000000 08:01 278568                     /var/cache/fontconfig/6d41288fd70b0be22e8c3a91e032eec0-le64.cache-3
7f8a2401c000-7f8a2404a000 r--s 00000000 08:01 271260                     /var/cache/fontconfig/365b55f210c0a22e9a19e35191240f32-le64.cache-3
7f8a2404a000-7f8a2404d000 r--s 00000000 08:01 271247                     /var/cache/fontconfig/c57959a16110560c8d0fcea73374aeeb-le64.cache-3
7f8a2404d000-7f8a24052000 r--s 00000000 08:01 271264                     /var/cache/fontconfig/3047814df9a2f067bd2d96a2b9c36e5a-le64.cache-3
7f8a24052000-7f8a24055000 ---p 00000000 00:00 0 
7f8a24055000-7f8a24153000 rw-p 00000000 00:00 0 
7f8a24153000-7f8a24158000 r-xp 00000000 08:01 274483                     /usr/lib/x86_64-linux-gnu/libXtst.so.6.1.0
7f8a24158000-7f8a24357000 ---p 00005000 08:01 274483                     /usr/lib/x86_64-linux-gnu/libXtst.so.6.1.0
7f8a24357000-7f8a24358000 rw-p 00004000 08:01 274483                     /usr/lib/x86_64-linux-gnu/libXtst.so.6.1.0
7f8a24358000-7f8a24361000 r-xp 00000000 08:01 264343                     /usr/lib/x86_64-linux-gnu/libXrender.so.1.3.0
7f8a24361000-7f8a24560000 ---p 00009000 08:01 264343                     /usr/lib/x86_64-linux-gnu/libXrender.so.1.3.0
7f8a24560000-7f8a24561000 rw-p 00008000 08:01 264343                     /usr/lib/x86_64-linux-gnu/libXrender.so.1.3.0
7f8a24561000-7f8a24696000 r-xp 00000000 08:01 265870                     /usr/lib/x86_64-linux-gnu/libX11.so.6.3.0
7f8a24696000-7f8a24896000 ---p 00135000 08:01 265870                     /usr/lib/x86_64-linux-gnu/libX11.so.6.3.0
7f8a24896000-7f8a2489c000 rw-p 00135000 08:01 265870                     /usr/lib/x86_64-linux-gnu/libX11.so.6.3.0
7f8a2489c000-7f8a248ad000 r-xp 00000000 08:01 264595                     /usr/lib/x86_64-linux-gnu/libXext.so.6.4.0
7f8a248ad000-7f8a24aad000 ---p 00011000 08:01 264595                     /usr/lib/x86_64-linux-gnu/libXext.so.6.4.0
7f8a24aad000-7f8a24aae000 rw-p 00011000 08:01 264595                     /usr/lib/x86_64-linux-gnu/libXext.so.6.4.0
7f8a24aae000-7f8a24abf000 r--s 00000000 08:01 271249                     /var/cache/fontconfig/d52a8644073d54c13679302ca1180695-le64.cache-3
7f8a24abf000-7f8a24ac6000 r--s 00000000 08:01 271258                     /var/cache/fontconfig/3f7329c5293ffd510edef78f73874cfd-le64.cache-3
7f8a24ac6000-7f8a24ac8000 r--s 00000000 08:01 271267                     /var/cache/fontconfig/e13b20fdb08344e0e664864cc2ede53d-le64.cache-3
7f8a24ac8000-7f8a24b15000 r-xp 00000000 08:01 144391                     /usr/lib/jvm/java-6-openjdk-amd64/jre/lib/amd64/xawt/libmawt.so
7f8a24b15000-7f8a24d14000 ---p 0004d000 08:01 144391                     /usr/lib/jvm/java-6-openjdk-amd64/jre/lib/amd64/xawt/libmawt.so
7f8a24d14000-7f8a24d18000 rw-p 0004c000 08:01 144391                     /usr/lib/jvm/java-6-openjdk-amd64/jre/lib/amd64/xawt/libmawt.so
7f8a24d18000-7f8a24d19000 rw-p 00000000 00:00 0 
7f8a24d19000-7f8a24dc9000 r-xp 00000000 08:01 144230                     /usr/lib/jvm/java-6-openjdk-amd64/jre/lib/amd64/libawt.so
7f8a24dc9000-7f8a24fc8000 ---p 000b0000 08:01 144230                     /usr/lib/jvm/java-6-openjdk-amd64/jre/lib/amd64/libawt.so
7f8a24fc8000-7f8a24fd4000 rw-p 000af000 08:01 144230                     /usr/lib/jvm/java-6-openjdk-amd64/jre/lib/amd64/libawt.so
7f8a24fd4000-7f8a24ff8000 rw-p 00000000 00:00 0 
7f8a24ff8000-7f8a25067000 r-xp 00000000 08:01 551337                     /tmp/libgdxnemo9955/b4a54a2/libgdx64.so
7f8a25067000-7f8a25266000 ---p 0006f000 08:01 551337                     /tmp/libgdxnemo9955/b4a54a2/libgdx64.so
7f8a25266000-7f8a25268000 r--p 0006e000 08:01 551337                     /tmp/libgdxnemo9955/b4a54a2/libgdx64.so
7f8a25268000-7f8a25269000 rw-p 00070000 08:01 551337                     /tmp/libgdxnemo9955/b4a54a2/libgdx64.so
7f8a25269000-7f8a2526a000 rw-p 00000000 00:00 0 
7f8a2526a000-7f8a25271000 r--s 000fc000 08:01 143749                     /usr/lib/jvm/java-6-openjdk-common/jre/lib/resources.jar
7f8a25271000-7f8a25272000 r--s 00127000 08:06 9437307                    /home/nemo9955/CodeStation/proiecte/Garden_Revolution/Garden_Revolution-desktop/libs/gdx-natives.jar
7f8a25272000-7f8a25273000 r--s 00004000 08:06 9437342                    /home/nemo9955/CodeStation/proiecte/Garden_Revolution/Garden_Revolution-desktop/libs/gdx-controllers-desktop.jar
7f8a25273000-7f8a25274000 r--s 00100000 08:06 9437237                    /home/nemo9955/CodeStation/proiecte/Garden_Revolution/Garden_Revolution-desktop/libs/gdx-controllers-desktop-natives.jar
7f8a25274000-7f8a25285000 r--s 0012b000 08:06 9437394                    /home/nemo9955/CodeStation/proiecte/Garden_Revolution/Garden_Revolution-desktop/libs/gdx-backend-lwjgl.jar
7f8a25285000-7f8a2528c000 r--s 0004c000 08:06 9437312                    /home/nemo9955/CodeStation/proiecte/Garden_Revolution/Garden_Revolution-main/libs/kryonet-2.21-all.jar
7f8a2528c000-7f8a2528d000 ---p 00000000 00:00 0 
7f8a2528d000-7f8a2538d000 rw-p 00000000 00:00 0 
7f8a2538d000-7f8a25390000 ---p 00000000 00:00 0 
7f8a25390000-7f8a2548e000 rw-p 00000000 00:00 0 
7f8a2548e000-7f8a25491000 ---p 00000000 00:00 0 
7f8a25491000-7f8a2558f000 rw-p 00000000 00:00 0 
7f8a2558f000-7f8a25592000 ---p 00000000 00:00 0 
7f8a25592000-7f8a25690000 rw-p 00000000 00:00 0 
7f8a25690000-7f8a25693000 ---p 00000000 00:00 0 
7f8a25693000-7f8a25791000 rw-p 00000000 00:00 0 
7f8a25791000-7f8a25794000 ---p 00000000 00:00 0 
7f8a25794000-7f8a25892000 rw-p 00000000 00:00 0 
7f8a25892000-7f8a25895000 ---p 00000000 00:00 0 
7f8a25895000-7f8a25993000 rw-p 00000000 00:00 0 
7f8a25993000-7f8a25997000 r-xp 00000000 08:01 144238                     /usr/lib/jvm/java-6-openjdk-amd64/jre/lib/amd64/libdt_socket.so
7f8a25997000-7f8a25b96000 ---p 00004000 08:01 144238                     /usr/lib/jvm/java-6-openjdk-amd64/jre/lib/amd64/libdt_socket.so
7f8a25b96000-7f8a25b97000 rw-p 00003000 08:01 144238                     /usr/lib/jvm/java-6-openjdk-amd64/jre/lib/amd64/libdt_socket.so
7f8a25b97000-7f8a25b9a000 ---p 00000000 00:00 0 
7f8a25b9a000-7f8a25c98000 rw-p 00000000 00:00 0 
7f8a25c98000-7f8a25c9b000 ---p 00000000 00:00 0 
7f8a25c9b000-7f8a25d99000 rw-p 00000000 00:00 0 
7f8a25d99000-7f8a25d9c000 ---p 00000000 00:00 0 
7f8a25d9c000-7f8a25e9a000 rw-p 00000000 00:00 0 
7f8a25e9a000-7f8a25e9b000 ---p 00000000 00:00 0 
7f8a25e9b000-7f8a262d1000 rw-p 00000000 00:00 0 
7f8a262d1000-7f8a26465000 r--s 03807000 08:01 144270                     /usr/lib/jvm/java-6-openjdk-amd64/jre/lib/rt.jar
7f8a26465000-7f8a2648d000 rw-p 00000000 00:00 0 
7f8a2648d000-7f8a2648e000 ---p 00000000 00:00 0 
7f8a2648e000-7f8a2658e000 rw-p 00000000 00:00 0 
7f8a2658e000-7f8a2658f000 ---p 00000000 00:00 0 
7f8a2658f000-7f8a2669a000 rw-p 00000000 00:00 0 
7f8a2669a000-7f8a266e2000 rw-p 00000000 00:00 0 
7f8a266e2000-7f8a266f3000 rw-p 00000000 00:00 0 
7f8a266f3000-7f8a267ee000 rw-p 00000000 00:00 0 
7f8a267ee000-7f8a267f9000 rw-p 00000000 00:00 0 
7f8a267f9000-7f8a26841000 rw-p 00000000 00:00 0 
7f8a26841000-7f8a26852000 rw-p 00000000 00:00 0 
7f8a26852000-7f8a2694d000 rw-p 00000000 00:00 0 
7f8a2694d000-7f8a26956000 rw-p 00000000 00:00 0 
7f8a26956000-7f8a269d3000 rw-p 00000000 00:00 0 
7f8a269d3000-7f8a269d4000 rw-p 00000000 00:00 0 
7f8a269d4000-7f8a26c44000 rwxp 00000000 00:00 0 
7f8a26c44000-7f8a299d4000 rw-p 00000000 00:00 0 
7f8a299d4000-7f8a299db000 r-xp 00000000 08:01 144259                     /usr/lib/jvm/java-6-openjdk-amd64/jre/lib/amd64/libzip.so
7f8a299db000-7f8a29bda000 ---p 00007000 08:01 144259                     /usr/lib/jvm/java-6-openjdk-amd64/jre/lib/amd64/libzip.so
7f8a29bda000-7f8a29bdb000 rw-p 00006000 08:01 144259                     /usr/lib/jvm/java-6-openjdk-amd64/jre/lib/amd64/libzip.so
7f8a29bdb000-7f8a29be6000 r-xp 00000000 08:01 916446                     /lib/x86_64-linux-gnu/libnss_files-2.13.so
7f8a29be6000-7f8a29de5000 ---p 0000b000 08:01 916446                     /lib/x86_64-linux-gnu/libnss_files-2.13.so
7f8a29de5000-7f8a29de6000 r--p 0000a000 08:01 916446                     /lib/x86_64-linux-gnu/libnss_files-2.13.so
7f8a29de6000-7f8a29de7000 rw-p 0000b000 08:01 916446                     /lib/x86_64-linux-gnu/libnss_files-2.13.so
7f8a29de7000-7f8a29df1000 r-xp 00000000 08:01 916442                     /lib/x86_64-linux-gnu/libnss_nis-2.13.so
7f8a29df1000-7f8a29ff0000 ---p 0000a000 08:01 916442                     /lib/x86_64-linux-gnu/libnss_nis-2.13.so
7f8a29ff0000-7f8a29ff1000 r--p 00009000 08:01 916442                     /lib/x86_64-linux-gnu/libnss_nis-2.13.so
7f8a29ff1000-7f8a29ff2000 rw-p 0000a000 08:01 916442                     /lib/x86_64-linux-gnu/libnss_nis-2.13.so
7f8a29ff2000-7f8a29ff9000 r-xp 00000000 08:01 916435                     /lib/x86_64-linux-gnu/libnss_compat-2.13.so
7f8a29ff9000-7f8a2a1f8000 ---p 00007000 08:01 916435                     /lib/x86_64-linux-gnu/libnss_compat-2.13.so
7f8a2a1f8000-7f8a2a1f9000 r--p 00006000 08:01 916435                     /lib/x86_64-linux-gnu/libnss_compat-2.13.so
7f8a2a1f9000-7f8a2a1fa000 rw-p 00007000 08:01 916435                     /lib/x86_64-linux-gnu/libnss_compat-2.13.so
7f8a2a1fa000-7f8a2a371000 r--p 00000000 08:01 139605                     /usr/lib/locale/locale-archive
7f8a2a371000-7f8a2a374000 r-xp 00000000 08:01 144258                     /usr/lib/jvm/java-6-openjdk-amd64/jre/lib/amd64/libnpt.so
7f8a2a374000-7f8a2a573000 ---p 00003000 08:01 144258                     /usr/lib/jvm/java-6-openjdk-amd64/jre/lib/amd64/libnpt.so
7f8a2a573000-7f8a2a574000 rw-p 00002000 08:01 144258                     /usr/lib/jvm/java-6-openjdk-amd64/jre/lib/amd64/libnpt.so
7f8a2a574000-7f8a2a5ae000 r-xp 00000000 08:01 144255                     /usr/lib/jvm/java-6-openjdk-amd64/jre/lib/amd64/libjdwp.so
7f8a2a5ae000-7f8a2a7ad000 ---p 0003a000 08:01 144255                     /usr/lib/jvm/java-6-openjdk-amd64/jre/lib/amd64/libjdwp.so
7f8a2a7ad000-7f8a2a7ae000 rw-p 00039000 08:01 144255                     /usr/lib/jvm/java-6-openjdk-amd64/jre/lib/amd64/libjdwp.so
7f8a2a7ae000-7f8a2a7af000 rw-p 00000000 00:00 0 
7f8a2a7af000-7f8a2a7c4000 r-xp 00000000 08:01 916440                     /lib/x86_64-linux-gnu/libnsl-2.13.so
7f8a2a7c4000-7f8a2a9c3000 ---p 00015000 08:01 916440                     /lib/x86_64-linux-gnu/libnsl-2.13.so
7f8a2a9c3000-7f8a2a9c4000 r--p 00014000 08:01 916440                     /lib/x86_64-linux-gnu/libnsl-2.13.so
7f8a2a9c4000-7f8a2a9c5000 rw-p 00015000 08:01 916440                     /lib/x86_64-linux-gnu/libnsl-2.13.so
7f8a2a9c5000-7f8a2a9c7000 rw-p 00000000 00:00 0 
7f8a2a9c7000-7f8a2a9f5000 r-xp 00000000 08:01 144245                     /usr/lib/jvm/java-6-openjdk-amd64/jre/lib/amd64/libjava.so
7f8a2a9f5000-7f8a2abf4000 ---p 0002e000 08:01 144245                     /usr/lib/jvm/java-6-openjdk-amd64/jre/lib/amd64/libjava.so
7f8a2abf4000-7f8a2abf8000 rw-p 0002d000 08:01 144245                     /usr/lib/jvm/java-6-openjdk-amd64/jre/lib/amd64/libjava.so
7f8a2abf8000-7f8a2ac07000 r-xp 00000000 08:01 144228                     /usr/lib/jvm/java-6-openjdk-amd64/jre/lib/amd64/libverify.so
7f8a2ac07000-7f8a2ae06000 ---p 0000f000 08:01 144228                     /usr/lib/jvm/java-6-openjdk-amd64/jre/lib/amd64/libverify.so
7f8a2ae06000-7f8a2ae08000 rw-p 0000e000 08:01 144228                     /usr/lib/jvm/java-6-openjdk-amd64/jre/lib/amd64/libverify.so
7f8a2ae08000-7f8a2ae0f000 r-xp 00000000 08:01 916450                     /lib/x86_64-linux-gnu/librt-2.13.so
7f8a2ae0f000-7f8a2b00e000 ---p 00007000 08:01 916450                     /lib/x86_64-linux-gnu/librt-2.13.so
7f8a2b00e000-7f8a2b00f000 r--p 00006000 08:01 916450                     /lib/x86_64-linux-gnu/librt-2.13.so
7f8a2b00f000-7f8a2b010000 rw-p 00007000 08:01 916450                     /lib/x86_64-linux-gnu/librt-2.13.so
7f8a2b010000-7f8a2b025000 r-xp 00000000 08:01 916059                     /lib/x86_64-linux-gnu/libgcc_s.so.1
7f8a2b025000-7f8a2b225000 ---p 00015000 08:01 916059                     /lib/x86_64-linux-gnu/libgcc_s.so.1
7f8a2b225000-7f8a2b226000 rw-p 00015000 08:01 916059                     /lib/x86_64-linux-gnu/libgcc_s.so.1
7f8a2b226000-7f8a2b2a7000 r-xp 00000000 08:01 916437                     /lib/x86_64-linux-gnu/libm-2.13.so
7f8a2b2a7000-7f8a2b4a6000 ---p 00081000 08:01 916437                     /lib/x86_64-linux-gnu/libm-2.13.so
7f8a2b4a6000-7f8a2b4a7000 r--p 00080000 08:01 916437                     /lib/x86_64-linux-gnu/libm-2.13.so
7f8a2b4a7000-7f8a2b4a8000 rw-p 00081000 08:01 916437                     /lib/x86_64-linux-gnu/libm-2.13.so
7f8a2b4a8000-7f8a2b590000 r-xp 00000000 08:01 265105                     /usr/lib/x86_64-linux-gnu/libstdc++.so.6.0.17
7f8a2b590000-7f8a2b790000 ---p 000e8000 08:01 265105                     /usr/lib/x86_64-linux-gnu/libstdc++.so.6.0.17
7f8a2b790000-7f8a2b798000 r--p 000e8000 08:01 265105                     /usr/lib/x86_64-linux-gnu/libstdc++.so.6.0.17
7f8a2b798000-7f8a2b79a000 rw-p 000f0000 08:01 265105                     /usr/lib/x86_64-linux-gnu/libstdc++.so.6.0.17
7f8a2b79a000-7f8a2b7af000 rw-p 00000000 00:00 0 
7f8a2b7af000-7f8a2c0c3000 r-xp 00000000 08:01 144235                     /usr/lib/jvm/java-6-openjdk-amd64/jre/lib/amd64/server/libjvm.so
7f8a2c0c3000-7f8a2c2c2000 ---p 00914000 08:01 144235                     /usr/lib/jvm/java-6-openjdk-amd64/jre/lib/amd64/server/libjvm.so
7f8a2c2c2000-7f8a2c35e000 rw-p 00913000 08:01 144235                     /usr/lib/jvm/java-6-openjdk-amd64/jre/lib/amd64/server/libjvm.so
7f8a2c35e000-7f8a2c387000 rw-p 00000000 00:00 0 
7f8a2c387000-7f8a2c509000 r-xp 00000000 08:01 916430                     /lib/x86_64-linux-gnu/libc-2.13.so
7f8a2c509000-7f8a2c708000 ---p 00182000 08:01 916430                     /lib/x86_64-linux-gnu/libc-2.13.so
7f8a2c708000-7f8a2c70c000 r--p 00181000 08:01 916430                     /lib/x86_64-linux-gnu/libc-2.13.so
7f8a2c70c000-7f8a2c70d000 rw-p 00185000 08:01 916430                     /lib/x86_64-linux-gnu/libc-2.13.so
7f8a2c70d000-7f8a2c712000 rw-p 00000000 00:00 0 
7f8a2c712000-7f8a2c714000 r-xp 00000000 08:01 916444                     /lib/x86_64-linux-gnu/libdl-2.13.so
7f8a2c714000-7f8a2c914000 ---p 00002000 08:01 916444                     /lib/x86_64-linux-gnu/libdl-2.13.so
7f8a2c914000-7f8a2c915000 r--p 00002000 08:01 916444                     /lib/x86_64-linux-gnu/libdl-2.13.so
7f8a2c915000-7f8a2c916000 rw-p 00003000 08:01 916444                     /lib/x86_64-linux-gnu/libdl-2.13.so
7f8a2c916000-7f8a2c91a000 r-xp 00000000 08:01 144232                     /usr/lib/jvm/java-6-openjdk-amd64/jre/lib/amd64/jli/libjli.so
7f8a2c91a000-7f8a2cb19000 ---p 00004000 08:01 144232                     /usr/lib/jvm/java-6-openjdk-amd64/jre/lib/amd64/jli/libjli.so
7f8a2cb19000-7f8a2cb1a000 rw-p 00003000 08:01 144232                     /usr/lib/jvm/java-6-openjdk-amd64/jre/lib/amd64/jli/libjli.so
7f8a2cb1a000-7f8a2cb31000 r-xp 00000000 08:01 916448                     /lib/x86_64-linux-gnu/libpthread-2.13.so
7f8a2cb31000-7f8a2cd30000 ---p 00017000 08:01 916448                     /lib/x86_64-linux-gnu/libpthread-2.13.so
7f8a2cd30000-7f8a2cd31000 r--p 00016000 08:01 916448                     /lib/x86_64-linux-gnu/libpthread-2.13.so
7f8a2cd31000-7f8a2cd32000 rw-p 00017000 08:01 916448                     /lib/x86_64-linux-gnu/libpthread-2.13.so
7f8a2cd32000-7f8a2cd36000 rw-p 00000000 00:00 0 
7f8a2cd36000-7f8a2cd4c000 r-xp 00000000 08:01 916168                     /lib/x86_64-linux-gnu/libz.so.1.2.7
7f8a2cd4c000-7f8a2cf4b000 ---p 00016000 08:01 916168                     /lib/x86_64-linux-gnu/libz.so.1.2.7
7f8a2cf4b000-7f8a2cf4c000 r--p 00015000 08:01 916168                     /lib/x86_64-linux-gnu/libz.so.1.2.7
7f8a2cf4c000-7f8a2cf4d000 rw-p 00016000 08:01 916168                     /lib/x86_64-linux-gnu/libz.so.1.2.7
7f8a2cf4d000-7f8a2cf6d000 r-xp 00000000 08:01 32                         /lib64/ld-2.13.so
7f8a2cf6d000-7f8a2cf6f000 r--s 001a1000 08:06 9437380                    /home/nemo9955/CodeStation/proiecte/Garden_Revolution/Garden_Revolution-desktop/libs/gdx-backend-lwjgl-natives.jar
7f8a2cf6f000-7f8a2cf72000 r--s 0000b000 08:06 9437369                    /home/nemo9955/CodeStation/proiecte/Garden_Revolution/Garden_Revolution-main/libs/tween-engine-api.jar
7f8a2cf72000-7f8a2cf75000 r--s 0007f000 08:01 143741                     /usr/lib/jvm/java-6-openjdk-common/jre/lib/jsse.jar
7f8a2cf75000-7f8a2cf8b000 r--s 00157000 08:06 9437270                    /home/nemo9955/CodeStation/proiecte/Garden_Revolution/Garden_Revolution-main/libs/gdx.jar
7f8a2cf8b000-7f8a2cf95000 rw-p 00000000 00:00 0 
7f8a2cf95000-7f8a2d04b000 rw-p 00000000 00:00 0 
7f8a2d04b000-7f8a2d04e000 ---p 00000000 00:00 0 
7f8a2d04e000-7f8a2d151000 rw-p 00000000 00:00 0 
7f8a2d151000-7f8a2d152000 r--s 00002000 08:06 9437214                    /home/nemo9955/CodeStation/proiecte/Garden_Revolution/Garden_Revolution-main/libs/gdx-controllers.jar
7f8a2d152000-7f8a2d156000 r--s 00039000 08:01 143733                     /usr/lib/jvm/java-6-openjdk-common/jre/lib/ext/sunpkcs11.jar
7f8a2d156000-7f8a2d158000 r--s 0000f000 08:01 143734                     /usr/lib/jvm/java-6-openjdk-common/jre/lib/ext/pulse-java.jar
7f8a2d158000-7f8a2d15b000 r--s 00031000 08:01 143736                     /usr/lib/jvm/java-6-openjdk-common/jre/lib/ext/sunjce_provider.jar
7f8a2d15b000-7f8a2d15e000 r--s 00077000 08:01 143735                     /usr/lib/jvm/java-6-openjdk-common/jre/lib/ext/localedata.jar
7f8a2d15e000-7f8a2d160000 r--s 00001000 08:01 143737                     /usr/lib/jvm/java-6-openjdk-common/jre/lib/ext/dnsns.jar
7f8a2d160000-7f8a2d161000 r--s 00007000 08:01 916596                     /usr/share/java/java-atk-wrapper.jar
7f8a2d161000-7f8a2d169000 rw-s 00000000 08:01 400813                     /tmp/hsperfdata_nemo9955/4028
7f8a2d169000-7f8a2d16a000 rw-p 00000000 00:00 0 
7f8a2d16a000-7f8a2d16b000 r--p 00000000 00:00 0 
7f8a2d16b000-7f8a2d16c000 rw-p 00000000 00:00 0 
7f8a2d16c000-7f8a2d16d000 r--p 0001f000 08:01 32                         /lib64/ld-2.13.so
7f8a2d16d000-7f8a2d16e000 rw-p 00020000 08:01 32                         /lib64/ld-2.13.so
7f8a2d16e000-7f8a2d16f000 rw-p 00000000 00:00 0 
7fffbaf73000-7fffbaf94000 rw-p 00000000 00:00 0                          [stack]
7fffbaff4000-7fffbaff5000 r-xp 00000000 00:00 0                          [vdso]
ffffffffff600000-ffffffffff601000 r-xp 00000000 00:00 0                  [vsyscall]

VM Arguments:
jvm_args: -agentlib:jdwp=transport=dt_socket,suspend=y,address=localhost:36657 -Dfile.encoding=UTF-8 
java_command: com.nemo9955.garden_revolution.Main
Launcher Type: SUN_STANDARD

Environment Variables:
PATH=/home/nemo9955/bin:/usr/sbin:/sbin:/usr/local/bin:/usr/bin:/bin:/usr/local/games:/usr/games
LD_LIBRARY_PATH=/usr/lib/jvm/java-6-openjdk-amd64/jre/lib/amd64/server:/usr/lib/jvm/java-6-openjdk-amd64/jre/lib/amd64:/usr/lib/jvm/java-6-openjdk-amd64/jre/../lib/amd64
SHELL=/bin/bash
DISPLAY=:0.0

Signal Handlers:
SIGSEGV: [libjvm.so+0x791b10], sa_mask[0]=0x7ffbfeff, sa_flags=0x10000004
SIGBUS: [libjvm.so+0x791b10], sa_mask[0]=0x7ffbfeff, sa_flags=0x10000004
SIGFPE: [libjvm.so+0x65ace0], sa_mask[0]=0x7ffbfeff, sa_flags=0x10000004
SIGPIPE: [libjvm.so+0x65ace0], sa_mask[0]=0x7ffbfeff, sa_flags=0x10000004
SIGXFSZ: [libjvm.so+0x65ace0], sa_mask[0]=0x7ffbfeff, sa_flags=0x10000004
SIGILL: [libjvm.so+0x65ace0], sa_mask[0]=0x7ffbfeff, sa_flags=0x10000004
SIGUSR1: SIG_DFL, sa_mask[0]=0x00000000, sa_flags=0x00000000
SIGUSR2: [libjvm.so+0x65aec0], sa_mask[0]=0x00000004, sa_flags=0x10000004
SIGHUP: [libjvm.so+0x65d500], sa_mask[0]=0x7ffbfeff, sa_flags=0x10000004
SIGINT: [libjvm.so+0x65d500], sa_mask[0]=0x7ffbfeff, sa_flags=0x10000004
SIGTERM: [libjvm.so+0x65d500], sa_mask[0]=0x7ffbfeff, sa_flags=0x10000004
SIGQUIT: [libjvm.so+0x65d500], sa_mask[0]=0x7ffbfeff, sa_flags=0x10000004


---------------  S Y S T E M  ---------------

OS:7.3

uname:Linux 3.2.0-4-amd64 #1 SMP Debian 3.2.51-1 x86_64
libc:glibc 2.13 NPTL 2.13 
rlimit: STACK 8192k, CORE 0k, NPROC 25587, NOFILE 4096, AS infinity
load average:0.31 0.35 0.40

/proc/meminfo:
MemTotal:        3287396 kB
MemFree:           75676 kB
Buffers:           20056 kB
Cached:           525280 kB
SwapCached:         2872 kB
Active:          2353252 kB
Inactive:         700016 kB
Active(anon):    2086428 kB
Inactive(anon):   430236 kB
Active(file):     266824 kB
Inactive(file):   269780 kB
Unevictable:           0 kB
Mlocked:               0 kB
SwapTotal:       3025916 kB
SwapFree:        2998540 kB
Dirty:               620 kB
Writeback:           148 kB
AnonPages:       2505524 kB
Mapped:           217044 kB
Shmem:              8788 kB
Slab:              69748 kB
SReclaimable:      43552 kB
SUnreclaim:        26196 kB
KernelStack:        3880 kB
PageTables:        26776 kB
NFS_Unstable:          0 kB
Bounce:                0 kB
WritebackTmp:          0 kB
CommitLimit:     4669612 kB
Committed_AS:    4801724 kB
VmallocTotal:   34359738367 kB
VmallocUsed:      315844 kB
VmallocChunk:   34359419900 kB
HardwareCorrupted:     0 kB
AnonHugePages:         0 kB
HugePages_Total:       0
HugePages_Free:        0
HugePages_Rsvd:        0
HugePages_Surp:        0
Hugepagesize:       2048 kB
DirectMap4k:      108224 kB
DirectMap2M:     3233792 kB


CPU:total 2 (2 cores per cpu, 1 threads per core) family 6 model 23 stepping 10, cmov, cx8, fxsr, mmx, sse, sse2, sse3, ssse3, sse4.1

Memory: 4k page, physical 3287396k(75676k free), swap 3025916k(2998540k free)

vm_info: OpenJDK 64-Bit Server VM (20.0-b12) for linux-amd64 JRE (1.6.0_27-b27), built on Jul 12 2013 09:04:12 by "jmm" with gcc 4.7.2

time: Mon Feb 24 14:10:11 2014
elapsed time: 195 seconds

