#
# A fatal error has been detected by the Java Runtime Environment:
#
#  SIGBUS (0x7) at pc=0x00007f65c77ae4e3, pid=6909, tid=140074888668928
#
# JRE version: 6.0_27-b27
# Java VM: OpenJDK 64-Bit Server VM (20.0-b12 mixed mode linux-amd64 compressed oops)
# Derivative: IcedTea6 1.12.6
# Distribution: Debian GNU/Linux 7.1 (wheezy), package 6b27-1.12.6-1~deb7u1
# Problematic frame:
# C  [ld-linux-x86-64.so.2+0xe4e3]  _dl_rtld_di_serinfo+0x5ee3
#
# If you would like to submit a bug report, please include
# instructions how to reproduce the bug and visit:
#   http://icedtea.classpath.org/bugzilla
# The crash happened outside the Java Virtual Machine in native code.
# See problematic frame for where to report the bug.
#

---------------  T H R E A D  ---------------

Current thread (0x00007f65bc150000):  JavaThread "AWT-XAWT" daemon [_thread_in_native, id=6926, stack(0x00007f65b9eb2000,0x00007f65b9fb3000)]

siginfo:si_signo=SIGBUS: si_errno=0, si_code=2 (BUS_ADRERR), si_addr=0x00007f65b9cafd58

Registers:
RAX=0x00007f65b9cafd50, RBX=0x000000000000003e, RCX=0x0000000000000000, RDX=0x0000000000000000
RSP=0x00007f65b9fb16d0, RBP=0x00007f65b9fb1940, RSI=0x0000000000000000, RDI=0x00007f65c779f180
R8 =0x000000000000003d, R9 =0x00007f65c779f180, R10=0x00007f65c6f62768, R11=0x00007f65c6c110d0
R12=0x0000000000000000, R13=0x00007f65c79c0048, R14=0x00007f65bc159940, R15=0x000000000000000b
RIP=0x00007f65c77ae4e3, EFLAGS=0x0000000000010206, CSGSFS=0x0000000000000033, ERR=0x0000000000000004
  TRAPNO=0x000000000000000e

Top of Stack: (sp=0x00007f65b9fb16d0)
0x00007f65b9fb16d0:   00007f65c79c11c8 00007f65c79c1758
0x00007f65b9fb16e0:   00007f65c79a39e8 0000000002566120
0x00007f65b9fb16f0:   0000000002566640 0000000002566b40
0x00007f65b9fb1700:   000000000256b840 00007f65bc038490
0x00007f65b9fb1710:   000000000278d020 000000000271dee0
0x00007f65b9fb1720:   00007f65c79a3000 00007f65bc159940
0x00007f65b9fb1730:   00007f65bc155da0 00007f65bc14e340
0x00007f65b9fb1740:   00007f65bc14e7e0 00007f65bc065950
0x00007f65b9fb1750:   000000000278c520 00007f65bc1564f0
0x00007f65b9fb1760:   00007f65bc03ace0 00007f65bc156990
0x00007f65b9fb1770:   00007f65bc161750 00007f65bc161bf0
0x00007f65b9fb1780:   00007f65bc162090 00007f65bc092200
0x00007f65b9fb1790:   00007f65bc0926a0 00007f65bc162540
0x00007f65b9fb17a0:   000000000255fe10 00007f65bc1629e0
0x00007f65b9fb17b0:   00007f65bc162e80 00007f65bc1637c0
0x00007f65b9fb17c0:   00007f65bc163320 00007f65bc163c60
0x00007f65b9fb17d0:   00007f65bc15e7c0 00007f65bc15ec60
0x00007f65b9fb17e0:   00007f65bc15f100 00007f65bc15f5a0
0x00007f65b9fb17f0:   00007f65bc15fa40 00007f65bc15fee0
0x00007f65b9fb1800:   00007f65bc160390 00007f65bc160830
0x00007f65b9fb1810:   00007f65bc160cd0 000000000284e430
0x00007f65b9fb1820:   00007f65bc0450c0 00000000025673c0
0x00007f65b9fb1830:   0000000002567870 00007f65bc8931b0
0x00007f65b9fb1840:   00000000025619a0 0000000002561f80
0x00007f65b9fb1850:   00000000025612e0 000000000255c5f0
0x00007f65b9fb1860:   00007f65c79a34e0 00007f65bc39bb80
0x00007f65b9fb1870:   00007f65bc03a840 00007f65bc092b40
0x00007f65b9fb1880:   00007f65bc093480 00007f65bc092fe0
0x00007f65b9fb1890:   000000000255cb60 000000000255d570
0x00007f65b9fb18a0:   000000000255d070 00007f65c79a2000
0x00007f65b9fb18b0:   00007f65c79a24e0 00007f65c79c09d8
0x00007f65b9fb18c0:   0000000000337200 00007f65c77ae38c 

Instructions: (pc=0x00007f65c77ae4e3)
0x00007f65c77ae4c3:   c8 89 c2 89 45 a0 ff 14 d1 8b 45 a0 83 e8 01 83
0x00007f65c77ae4d3:   f8 ff 75 e9 49 8b 86 a8 00 00 00 48 85 c0 74 09
0x00007f65c77ae4e3:   48 8b 40 08 49 03 06 ff d0 45 85 e4 75 0e 8b 05
0x00007f65c77ae4f3:   f9 17 21 00 85 c0 0f 85 12 01 00 00 41 83 c7 01 

Register to memory mapping:

RAX=
[error occurred during error reporting (printing register info), id 0x7]

Stack: [0x00007f65b9eb2000,0x00007f65b9fb3000],  sp=0x00007f65b9fb16d0,  free space=1021k
Native frames: (J=compiled Java code, j=interpreted, Vv=VM code, C=native code)
C  [ld-linux-x86-64.so.2+0xe4e3]  _dl_rtld_di_serinfo+0x5ee3

Java frames: (J=compiled Java code, j=interpreted, Vv=VM code)
J  sun.awt.X11.XlibWrapper.XEventsQueued(JI)I
J  sun.awt.X11.XToolkit.run(Z)V
j  sun.awt.X11.XToolkit.run()V+5
j  java.lang.Thread.run()V+11
v  ~StubRoutines::call_stub

---------------  P R O C E S S  ---------------

Java Threads: ( => current thread )
  0x00007f65be46f000 JavaThread "Timer" [_thread_blocked, id=6936, stack(0x00007f65ae2a3000,0x00007f65ae3a4000)]
  0x00007f65bca96800 JavaThread "AsynchExecutor-Thread" daemon [_thread_blocked, id=6935, stack(0x00007f65b1fce000,0x00007f65b20cf000)]
  0x00007f65bc18a800 JavaThread "DestroyJavaVM" [_thread_blocked, id=6914, stack(0x00007f65c789e000,0x00007f65c799f000)]
=>0x00007f65bc150000 JavaThread "AWT-XAWT" daemon [_thread_in_native, id=6926, stack(0x00007f65b9eb2000,0x00007f65b9fb3000)]
  0x000000000275f000 JavaThread "Java2D Disposer" daemon [_thread_blocked, id=6925, stack(0x00007f65c008f000,0x00007f65c0190000)]
  0x0000000002604000 JavaThread "Low Memory Detector" daemon [_thread_blocked, id=6923, stack(0x00007f65c0525000,0x00007f65c0626000)]
  0x00000000025ff800 JavaThread "C2 CompilerThread1" daemon [_thread_blocked, id=6922, stack(0x00007f65c0626000,0x00007f65c0727000)]
  0x00000000025fa000 JavaThread "C2 CompilerThread0" daemon [_thread_blocked, id=6921, stack(0x00007f65c0727000,0x00007f65c0828000)]
  0x00000000025f8800 JavaThread "Signal Dispatcher" daemon [_thread_in_vm, id=6920, stack(0x00007f65c0828000,0x00007f65c0929000)]
  0x00000000025d4000 JavaThread "Finalizer" daemon [_thread_blocked, id=6919, stack(0x00007f65c0aa0000,0x00007f65c0ba1000)]
  0x00000000025d2000 JavaThread "Reference Handler" daemon [_thread_blocked, id=6918, stack(0x00007f65c0ba1000,0x00007f65c0ca2000)]

Other Threads:
  0x00000000025cd000 VMThread [stack: 0x00007f65c0ca2000,0x00007f65c0da3000] [id=6917]
  0x0000000002606800 WatcherThread [stack: 0x00007f65c0424000,0x00007f65c0525000] [id=6924]

VM state:not at safepoint (normal execution)

VM Mutex/Monitor currently owned by a thread: None

Heap
 PSYoungGen      total 14976K, used 10302K [0x00000000ef400000, 0x00000000f04b0000, 0x0000000100000000)
  eden space 12864K, 71% used [0x00000000ef400000,0x00000000efcf4828,0x00000000f0090000)
  from space 2112K, 53% used [0x00000000f02a0000,0x00000000f03bb130,0x00000000f04b0000)
  to   space 2112K, 0% used [0x00000000f0090000,0x00000000f0090000,0x00000000f02a0000)
 PSOldGen        total 34304K, used 0K [0x00000000cdc00000, 0x00000000cfd80000, 0x00000000ef400000)
  object space 34304K, 0% used [0x00000000cdc00000,0x00000000cdc00000,0x00000000cfd80000)
 PSPermGen       total 21248K, used 14570K [0x00000000c3600000, 0x00000000c4ac0000, 0x00000000cdc00000)
  object space 21248K, 68% used [0x00000000c3600000,0x00000000c443a9b8,0x00000000c4ac0000)

Code Cache  [0x00007f65c17dc000, 0x00007f65c1a4c000, 0x00007f65c47dc000)
 total_blobs=724 nmethods=167 adapters=511 free_code_cache=49429952 largest_free_block=9216

Dynamic libraries:
00400000-00409000 r-xp 00000000 08:01 144298                             /usr/lib/jvm/java-6-openjdk-amd64/jre/bin/java
00608000-00609000 rw-p 00008000 08:01 144298                             /usr/lib/jvm/java-6-openjdk-amd64/jre/bin/java
0255c000-03744000 rw-p 00000000 00:00 0                                  [heap]
402ff000-40301000 r-xs 00000000 08:01 278677                             /tmp/glbbbJGB (deleted)
41a23000-41aa1000 rw-p 00000000 00:00 0 
c3600000-c4ac0000 rw-p 00000000 00:00 0 
c4ac0000-cdc00000 rw-p 00000000 00:00 0 
cdc00000-cfd80000 rw-p 00000000 00:00 0 
cfd80000-ef400000 rw-p 00000000 00:00 0 
ef400000-f04b0000 rw-p 00000000 00:00 0 
f04b0000-100000000 rw-p 00000000 00:00 0 
7f65ae2a3000-7f65ae2a6000 ---p 00000000 00:00 0 
7f65ae2a6000-7f65ae3a4000 rw-p 00000000 00:00 0 
7f65ae3a4000-7f65ae3c7000 r-xp 00000000 08:01 551347                     /tmp/libgdxnemo9955/b97b1fcd/libgdx-controllers-desktop64.so
7f65ae3c7000-7f65ae5c7000 ---p 00023000 08:01 551347                     /tmp/libgdxnemo9955/b97b1fcd/libgdx-controllers-desktop64.so
7f65ae5c7000-7f65ae5c8000 r--p 00023000 08:01 551347                     /tmp/libgdxnemo9955/b97b1fcd/libgdx-controllers-desktop64.so
7f65ae5c8000-7f65ae5c9000 rw-p 00024000 08:01 551347                     /tmp/libgdxnemo9955/b97b1fcd/libgdx-controllers-desktop64.so
7f65ae5c9000-7f65ae5de000 r-xp 00000000 08:01 144247                     /usr/lib/jvm/java-6-openjdk-amd64/jre/lib/amd64/libnet.so
7f65ae5de000-7f65ae7dd000 ---p 00015000 08:01 144247                     /usr/lib/jvm/java-6-openjdk-amd64/jre/lib/amd64/libnet.so
7f65ae7dd000-7f65ae7de000 rw-p 00014000 08:01 144247                     /usr/lib/jvm/java-6-openjdk-amd64/jre/lib/amd64/libnet.so
7f65ae7de000-7f65aebde000 rw-s b20fb000 00:05 5680                       /dev/nvidia0
7f65aebde000-7f65aefde000 rw-s 566f3000 00:05 5680                       /dev/nvidia0
7f65aefde000-7f65af1de000 rw-s 47429000 00:05 5680                       /dev/nvidia0
7f65af1de000-7f65af3de000 rw-s 03d1a000 00:05 5680                       /dev/nvidia0
7f65af3de000-7f65af4de000 rw-s 595b4000 00:05 5680                       /dev/nvidia0
7f65af57c000-7f65af5f0000 rw-p 00000000 00:00 0 
7f65af687000-7f65af6c4000 rw-p 00000000 00:00 0 
7f65af6c4000-7f65b1094000 r-xp 00000000 08:01 282961                     /usr/lib/x86_64-linux-gnu/libnvidia-glcore.so.304.88
7f65b1094000-7f65b1293000 ---p 019d0000 08:01 282961                     /usr/lib/x86_64-linux-gnu/libnvidia-glcore.so.304.88
7f65b1293000-7f65b1a94000 rwxp 019cf000 08:01 282961                     /usr/lib/x86_64-linux-gnu/libnvidia-glcore.so.304.88
7f65b1a94000-7f65b1aae000 rwxp 00000000 00:00 0 
7f65b1aae000-7f65b1ab1000 r-xp 00000000 08:01 551171                     /usr/lib/x86_64-linux-gnu/tls/libnvidia-tls.so.304.88
7f65b1ab1000-7f65b1cb0000 ---p 00003000 08:01 551171                     /usr/lib/x86_64-linux-gnu/tls/libnvidia-tls.so.304.88
7f65b1cb0000-7f65b1cb1000 rw-p 00002000 08:01 551171                     /usr/lib/x86_64-linux-gnu/tls/libnvidia-tls.so.304.88
7f65b1cb1000-7f65b1d7b000 r-xp 00000000 08:01 678444                     /usr/lib/x86_64-linux-gnu/nvidia/current/libGL.so.304.88
7f65b1d7b000-7f65b1f7b000 ---p 000ca000 08:01 678444                     /usr/lib/x86_64-linux-gnu/nvidia/current/libGL.so.304.88
7f65b1f7b000-7f65b1fb8000 rwxp 000ca000 08:01 678444                     /usr/lib/x86_64-linux-gnu/nvidia/current/libGL.so.304.88
7f65b1fb8000-7f65b1fce000 rwxp 00000000 00:00 0 
7f65b1fce000-7f65b1fd1000 ---p 00000000 00:00 0 
7f65b1fd1000-7f65b20cf000 rw-p 00000000 00:00 0 
7f65b20cf000-7f65b20d2000 ---p 00000000 00:00 0 
7f65b20d2000-7f65b21d0000 rw-p 00000000 00:00 0 
7f65b21d0000-7f65b21d1000 ---p 00000000 00:00 0 
7f65b21d1000-7f65b22d1000 rw-p 00000000 00:00 0 
7f65b62d2000-7f65b62d3000 ---p 00000000 00:00 0 
7f65b62d3000-7f65b6ad3000 rw-p 00000000 00:00 0 
7f65b6ad3000-7f65b6ae6000 r-xp 00000000 08:01 916431                     /lib/x86_64-linux-gnu/libresolv-2.13.so
7f65b6ae6000-7f65b6ce5000 ---p 00013000 08:01 916431                     /lib/x86_64-linux-gnu/libresolv-2.13.so
7f65b6ce5000-7f65b6ce6000 r--p 00012000 08:01 916431                     /lib/x86_64-linux-gnu/libresolv-2.13.so
7f65b6ce6000-7f65b6ce7000 rw-p 00013000 08:01 916431                     /lib/x86_64-linux-gnu/libresolv-2.13.so
7f65b6ce7000-7f65b6ce9000 rw-p 00000000 00:00 0 
7f65b6ce9000-7f65b6cef000 r-xp 00000000 08:01 264971                     /usr/lib/x86_64-linux-gnu/libogg.so.0.8.0
7f65b6cef000-7f65b6eee000 ---p 00006000 08:01 264971                     /usr/lib/x86_64-linux-gnu/libogg.so.0.8.0
7f65b6eee000-7f65b6eef000 rw-p 00005000 08:01 264971                     /usr/lib/x86_64-linux-gnu/libogg.so.0.8.0
7f65b6eef000-7f65b6f1b000 r-xp 00000000 08:01 265193                     /usr/lib/x86_64-linux-gnu/libvorbis.so.0.4.5
7f65b6f1b000-7f65b711a000 ---p 0002c000 08:01 265193                     /usr/lib/x86_64-linux-gnu/libvorbis.so.0.4.5
7f65b711a000-7f65b711b000 r--p 0002b000 08:01 265193                     /usr/lib/x86_64-linux-gnu/libvorbis.so.0.4.5
7f65b711b000-7f65b711c000 rw-p 0002c000 08:01 265193                     /usr/lib/x86_64-linux-gnu/libvorbis.so.0.4.5
7f65b711c000-7f65b73cf000 r-xp 00000000 08:01 265195                     /usr/lib/x86_64-linux-gnu/libvorbisenc.so.2.0.8
7f65b73cf000-7f65b75ce000 ---p 002b3000 08:01 265195                     /usr/lib/x86_64-linux-gnu/libvorbisenc.so.2.0.8
7f65b75ce000-7f65b75ea000 r--p 002b2000 08:01 265195                     /usr/lib/x86_64-linux-gnu/libvorbisenc.so.2.0.8
7f65b75ea000-7f65b75eb000 rw-p 002ce000 08:01 265195                     /usr/lib/x86_64-linux-gnu/libvorbisenc.so.2.0.8
7f65b75eb000-7f65b7636000 r-xp 00000000 08:01 264365                     /usr/lib/x86_64-linux-gnu/libFLAC.so.8.2.0
7f65b7636000-7f65b7835000 ---p 0004b000 08:01 264365                     /usr/lib/x86_64-linux-gnu/libFLAC.so.8.2.0
7f65b7835000-7f65b7836000 r--p 0004a000 08:01 264365                     /usr/lib/x86_64-linux-gnu/libFLAC.so.8.2.0
7f65b7836000-7f65b7837000 rw-p 0004b000 08:01 264365                     /usr/lib/x86_64-linux-gnu/libFLAC.so.8.2.0
7f65b7837000-7f65b783b000 r-xp 00000000 08:01 916163                     /lib/x86_64-linux-gnu/libuuid.so.1.3.0
7f65b783b000-7f65b7a3a000 ---p 00004000 08:01 916163                     /lib/x86_64-linux-gnu/libuuid.so.1.3.0
7f65b7a3a000-7f65b7a3b000 r--p 00003000 08:01 916163                     /lib/x86_64-linux-gnu/libuuid.so.1.3.0
7f65b7a3b000-7f65b7a3c000 rw-p 00004000 08:01 916163                     /lib/x86_64-linux-gnu/libuuid.so.1.3.0
7f65b7a3c000-7f65b7a40000 r-xp 00000000 08:01 916027                     /lib/x86_64-linux-gnu/libattr.so.1.1.0
7f65b7a40000-7f65b7c3f000 ---p 00004000 08:01 916027                     /lib/x86_64-linux-gnu/libattr.so.1.1.0
7f65b7c3f000-7f65b7c40000 r--p 00003000 08:01 916027                     /lib/x86_64-linux-gnu/libattr.so.1.1.0
7f65b7c40000-7f65b7c41000 rw-p 00004000 08:01 916027                     /lib/x86_64-linux-gnu/libattr.so.1.1.0
7f65b7c41000-7f65b7c46000 r-xp 00000000 08:01 264468                     /usr/lib/x86_64-linux-gnu/libasyncns.so.0.3.1
7f65b7c46000-7f65b7e45000 ---p 00005000 08:01 264468                     /usr/lib/x86_64-linux-gnu/libasyncns.so.0.3.1
7f65b7e45000-7f65b7e46000 rw-p 00004000 08:01 264468                     /usr/lib/x86_64-linux-gnu/libasyncns.so.0.3.1
7f65b7e46000-7f65b7ea7000 r-xp 00000000 08:01 265087                     /usr/lib/x86_64-linux-gnu/libsndfile.so.1.0.25
7f65b7ea7000-7f65b80a6000 ---p 00061000 08:01 265087                     /usr/lib/x86_64-linux-gnu/libsndfile.so.1.0.25
7f65b80a6000-7f65b80a8000 r--p 00060000 08:01 265087                     /usr/lib/x86_64-linux-gnu/libsndfile.so.1.0.25
7f65b80a8000-7f65b80a9000 rw-p 00062000 08:01 265087                     /usr/lib/x86_64-linux-gnu/libsndfile.so.1.0.25
7f65b80a9000-7f65b80ad000 rw-p 00000000 00:00 0 
7f65b80ad000-7f65b80b6000 r-xp 00000000 08:01 916165                     /lib/x86_64-linux-gnu/libwrap.so.0.7.6
7f65b80b6000-7f65b82b5000 ---p 00009000 08:01 916165                     /lib/x86_64-linux-gnu/libwrap.so.0.7.6
7f65b82b5000-7f65b82b6000 r--p 00008000 08:01 916165                     /lib/x86_64-linux-gnu/libwrap.so.0.7.6
7f65b82b6000-7f65b82b7000 rw-p 00009000 08:01 916165                     /lib/x86_64-linux-gnu/libwrap.so.0.7.6
7f65b82b7000-7f65b82b8000 rw-p 00000000 00:00 0 
7f65b82b8000-7f65b82bf000 r-xp 00000000 08:01 264394                     /usr/lib/x86_64-linux-gnu/libSM.so.6.0.1
7f65b82bf000-7f65b84be000 ---p 00007000 08:01 264394                     /usr/lib/x86_64-linux-gnu/libSM.so.6.0.1
7f65b84be000-7f65b84bf000 rw-p 00006000 08:01 264394                     /usr/lib/x86_64-linux-gnu/libSM.so.6.0.1
7f65b84bf000-7f65b84d6000 r-xp 00000000 08:01 264375                     /usr/lib/x86_64-linux-gnu/libICE.so.6.3.0
7f65b84d6000-7f65b86d5000 ---p 00017000 08:01 264375                     /usr/lib/x86_64-linux-gnu/libICE.so.6.3.0
7f65b86d5000-7f65b86d7000 rw-p 00016000 08:01 264375                     /usr/lib/x86_64-linux-gnu/libICE.so.6.3.0
7f65b86d7000-7f65b86da000 rw-p 00000000 00:00 0 
7f65b86da000-7f65b86db000 r-xp 00000000 08:01 272883                     /usr/lib/x86_64-linux-gnu/libX11-xcb.so.1.0.0
7f65b86db000-7f65b88da000 ---p 00001000 08:01 272883                     /usr/lib/x86_64-linux-gnu/libX11-xcb.so.1.0.0
7f65b88da000-7f65b88db000 rw-p 00000000 08:01 272883                     /usr/lib/x86_64-linux-gnu/libX11-xcb.so.1.0.0
7f65b88db000-7f65b88df000 r-xp 00000000 08:01 916038                     /lib/x86_64-linux-gnu/libcap.so.2.22
7f65b88df000-7f65b8ade000 ---p 00004000 08:01 916038                     /lib/x86_64-linux-gnu/libcap.so.2.22
7f65b8ade000-7f65b8adf000 rw-p 00003000 08:01 916038                     /lib/x86_64-linux-gnu/libcap.so.2.22
7f65b8adf000-7f65b8b23000 r-xp 00000000 08:01 916060                     /lib/x86_64-linux-gnu/libdbus-1.so.3.7.2
7f65b8b23000-7f65b8d23000 ---p 00044000 08:01 916060                     /lib/x86_64-linux-gnu/libdbus-1.so.3.7.2
7f65b8d23000-7f65b8d24000 r--p 00044000 08:01 916060                     /lib/x86_64-linux-gnu/libdbus-1.so.3.7.2
7f65b8d24000-7f65b8d25000 rw-p 00045000 08:01 916060                     /lib/x86_64-linux-gnu/libdbus-1.so.3.7.2
7f65b8d25000-7f65b8d86000 r-xp 00000000 08:01 265339                     /usr/lib/x86_64-linux-gnu/pulseaudio/libpulsecommon-2.0.so
7f65b8d86000-7f65b8f85000 ---p 00061000 08:01 265339                     /usr/lib/x86_64-linux-gnu/pulseaudio/libpulsecommon-2.0.so
7f65b8f85000-7f65b8f86000 r--p 00060000 08:01 265339                     /usr/lib/x86_64-linux-gnu/pulseaudio/libpulsecommon-2.0.so
7f65b8f86000-7f65b8f88000 rw-p 00061000 08:01 265339                     /usr/lib/x86_64-linux-gnu/pulseaudio/libpulsecommon-2.0.so
7f65b8f88000-7f65b8f91000 r-xp 00000000 08:01 916072                     /lib/x86_64-linux-gnu/libjson.so.0.1.0
7f65b8f91000-7f65b9190000 ---p 00009000 08:01 916072                     /lib/x86_64-linux-gnu/libjson.so.0.1.0
7f65b9190000-7f65b9191000 r--p 00008000 08:01 916072                     /lib/x86_64-linux-gnu/libjson.so.0.1.0
7f65b9191000-7f65b9192000 rw-p 00009000 08:01 916072                     /lib/x86_64-linux-gnu/libjson.so.0.1.0
7f65b9192000-7f65b91db000 r-xp 00000000 08:01 265053                     /usr/lib/x86_64-linux-gnu/libpulse.so.0.14.2
7f65b91db000-7f65b93da000 ---p 00049000 08:01 265053                     /usr/lib/x86_64-linux-gnu/libpulse.so.0.14.2
7f65b93da000-7f65b93db000 r--p 00048000 08:01 265053                     /usr/lib/x86_64-linux-gnu/libpulse.so.0.14.2
7f65b93db000-7f65b93dc000 rw-p 00049000 08:01 265053                     /usr/lib/x86_64-linux-gnu/libpulse.so.0.14.2
7f65b9635000-7f65b9639000 r-xp 00000000 08:01 273334                     /usr/lib/x86_64-linux-gnu/libXxf86vm.so.1.0.0
7f65b9639000-7f65b9839000 ---p 00004000 08:01 273334                     /usr/lib/x86_64-linux-gnu/libXxf86vm.so.1.0.0
7f65b9839000-7f65b983a000 r--p 00004000 08:01 273334                     /usr/lib/x86_64-linux-gnu/libXxf86vm.so.1.0.0
7f65b983a000-7f65b983b000 rw-p 00005000 08:01 273334                     /usr/lib/x86_64-linux-gnu/libXxf86vm.so.1.0.0
7f65b983b000-7f65b9842000 r-xp 00000000 08:01 265883                     /usr/lib/x86_64-linux-gnu/libXrandr.so.2.2.0
7f65b9842000-7f65b9a42000 ---p 00007000 08:01 265883                     /usr/lib/x86_64-linux-gnu/libXrandr.so.2.2.0
7f65b9a42000-7f65b9a43000 rw-p 00007000 08:01 265883                     /usr/lib/x86_64-linux-gnu/libXrandr.so.2.2.0
7f65b9a43000-7f65b9aaf000 r-xp 00000000 08:01 551348                     /tmp/libgdxnemo9955/7b43be9b/liblwjgl64.so (deleted)
7f65b9aaf000-7f65b9cae000 ---p 0006c000 08:01 551348                     /tmp/libgdxnemo9955/7b43be9b/liblwjgl64.so (deleted)
7f65b9cae000-7f65b9cb0000 r--p 0006b000 08:01 551348                     /tmp/libgdxnemo9955/7b43be9b/liblwjgl64.so (deleted)
7f65b9cb0000-7f65b9cb1000 rw-p 0006d000 08:01 551348                     /tmp/libgdxnemo9955/7b43be9b/liblwjgl64.so (deleted)
7f65b9cb1000-7f65b9cb2000 r-xp 00000000 08:01 144229                     /usr/lib/jvm/java-6-openjdk-amd64/jre/lib/amd64/libjawt.so
7f65b9cb2000-7f65b9eb1000 ---p 00001000 08:01 144229                     /usr/lib/jvm/java-6-openjdk-amd64/jre/lib/amd64/libjawt.so
7f65b9eb1000-7f65b9eb2000 rw-p 00000000 08:01 144229                     /usr/lib/jvm/java-6-openjdk-amd64/jre/lib/amd64/libjawt.so
7f65b9eb2000-7f65b9eb5000 ---p 00000000 00:00 0 
7f65b9eb5000-7f65b9fb3000 rw-p 00000000 00:00 0 
7f65b9fb3000-7f65b9fbc000 r--s 00000000 08:01 277048                     /var/cache/fontconfig/945677eb7aeaf62f1d50efc3fb3ec7d8-le64.cache-3
7f65b9fbc000-7f65b9fc5000 r--s 00000000 08:01 278568                     /var/cache/fontconfig/6d41288fd70b0be22e8c3a91e032eec0-le64.cache-3
7f65b9fc5000-7f65b9ff3000 r--s 00000000 08:01 271260                     /var/cache/fontconfig/365b55f210c0a22e9a19e35191240f32-le64.cache-3
7f65ba00d000-7f65ba02a000 rw-s 36c61000 00:05 5680                       /dev/nvidia0
7f65ba02a000-7f65ba02f000 r-xp 00000000 08:01 273531                     /usr/lib/x86_64-linux-gnu/libXfixes.so.3.1.0
7f65ba02f000-7f65ba22e000 ---p 00005000 08:01 273531                     /usr/lib/x86_64-linux-gnu/libXfixes.so.3.1.0
7f65ba22e000-7f65ba22f000 r--p 00004000 08:01 273531                     /usr/lib/x86_64-linux-gnu/libXfixes.so.3.1.0
7f65ba22f000-7f65ba230000 rw-p 00005000 08:01 273531                     /usr/lib/x86_64-linux-gnu/libXfixes.so.3.1.0
7f65ba230000-7f65ba23a000 r-xp 00000000 08:01 264474                     /usr/lib/x86_64-linux-gnu/libXcursor.so.1.0.2
7f65ba23a000-7f65ba439000 ---p 0000a000 08:01 264474                     /usr/lib/x86_64-linux-gnu/libXcursor.so.1.0.2
7f65ba439000-7f65ba43a000 rw-p 00009000 08:01 264474                     /usr/lib/x86_64-linux-gnu/libXcursor.so.1.0.2
7f65ba43c000-7f65ba43e000 rw-p 00000000 00:00 0 
7f65ba43e000-7f65ba440000 rw-s 00000000 08:01 278677                     /tmp/glbbbJGB (deleted)
7f65ba446000-7f65ba44a000 rw-s 57ece000 00:05 5680                       /dev/nvidia0
7f65ba44d000-7f65ba454000 r--s 00000000 08:01 282750                     /usr/lib/x86_64-linux-gnu/gconv/gconv-modules.cache
7f65ba454000-7f65ba4ed000 r-xp 00000000 08:01 264650                     /usr/lib/x86_64-linux-gnu/libfreetype.so.6.8.1
7f65ba4ed000-7f65ba6ec000 ---p 00099000 08:01 264650                     /usr/lib/x86_64-linux-gnu/libfreetype.so.6.8.1
7f65ba6ec000-7f65ba6f2000 r--p 00098000 08:01 264650                     /usr/lib/x86_64-linux-gnu/libfreetype.so.6.8.1
7f65ba6f2000-7f65ba6f3000 rw-p 0009e000 08:01 264650                     /usr/lib/x86_64-linux-gnu/libfreetype.so.6.8.1
7f65ba6f3000-7f65ba73b000 r-xp 00000000 08:01 144223                     /usr/lib/jvm/java-6-openjdk-amd64/jre/lib/amd64/libfontmanager.so
7f65ba73b000-7f65ba93b000 ---p 00048000 08:01 144223                     /usr/lib/jvm/java-6-openjdk-amd64/jre/lib/amd64/libfontmanager.so
7f65ba93b000-7f65ba93e000 rw-p 00048000 08:01 144223                     /usr/lib/jvm/java-6-openjdk-amd64/jre/lib/amd64/libfontmanager.so
7f65ba93e000-7f65ba943000 r-xp 00000000 08:01 264417                     /usr/lib/x86_64-linux-gnu/libXdmcp.so.6.0.0
7f65ba943000-7f65bab42000 ---p 00005000 08:01 264417                     /usr/lib/x86_64-linux-gnu/libXdmcp.so.6.0.0
7f65bab42000-7f65bab43000 rw-p 00004000 08:01 264417                     /usr/lib/x86_64-linux-gnu/libXdmcp.so.6.0.0
7f65bab43000-7f65bab45000 r-xp 00000000 08:01 264406                     /usr/lib/x86_64-linux-gnu/libXau.so.6.0.0
7f65bab45000-7f65bad45000 ---p 00002000 08:01 264406                     /usr/lib/x86_64-linux-gnu/libXau.so.6.0.0
7f65bad45000-7f65bad46000 rw-p 00002000 08:01 264406                     /usr/lib/x86_64-linux-gnu/libXau.so.6.0.0
7f65bad46000-7f65bad65000 r-xp 00000000 08:01 265852                     /usr/lib/x86_64-linux-gnu/libxcb.so.1.1.0
7f65bad65000-7f65baf64000 ---p 0001f000 08:01 265852                     /usr/lib/x86_64-linux-gnu/libxcb.so.1.1.0
7f65baf64000-7f65baf65000 r--p 0001e000 08:01 265852                     /usr/lib/x86_64-linux-gnu/libxcb.so.1.1.0
7f65baf65000-7f65baf66000 rw-p 0001f000 08:01 265852                     /usr/lib/x86_64-linux-gnu/libxcb.so.1.1.0
7f65baf66000-7f65baf74000 r-xp 00000000 08:01 265075                     /usr/lib/x86_64-linux-gnu/libXi.so.6.1.0
7f65baf74000-7f65bb174000 ---p 0000e000 08:01 265075                     /usr/lib/x86_64-linux-gnu/libXi.so.6.1.0
7f65bb174000-7f65bb175000 rw-p 0000e000 08:01 265075                     /usr/lib/x86_64-linux-gnu/libXi.so.6.1.0
7f65bb175000-7f65bb17a000 r-xp 00000000 08:01 274483                     /usr/lib/x86_64-linux-gnu/libXtst.so.6.1.0
7f65bb17a000-7f65bb379000 ---p 00005000 08:01 274483                     /usr/lib/x86_64-linux-gnu/libXtst.so.6.1.0
7f65bb379000-7f65bb37a000 rw-p 00004000 08:01 274483                     /usr/lib/x86_64-linux-gnu/libXtst.so.6.1.0
7f65bb37a000-7f65bb383000 r-xp 00000000 08:01 264343                     /usr/lib/x86_64-linux-gnu/libXrender.so.1.3.0
7f65bb383000-7f65bb582000 ---p 00009000 08:01 264343                     /usr/lib/x86_64-linux-gnu/libXrender.so.1.3.0
7f65bb582000-7f65bb583000 rw-p 00008000 08:01 264343                     /usr/lib/x86_64-linux-gnu/libXrender.so.1.3.0
7f65bb583000-7f65bb6b8000 r-xp 00000000 08:01 265870                     /usr/lib/x86_64-linux-gnu/libX11.so.6.3.0
7f65bb6b8000-7f65bb8b8000 ---p 00135000 08:01 265870                     /usr/lib/x86_64-linux-gnu/libX11.so.6.3.0
7f65bb8b8000-7f65bb8be000 rw-p 00135000 08:01 265870                     /usr/lib/x86_64-linux-gnu/libX11.so.6.3.0
7f65bb8be000-7f65bb8cf000 r-xp 00000000 08:01 264595                     /usr/lib/x86_64-linux-gnu/libXext.so.6.4.0
7f65bb8cf000-7f65bbacf000 ---p 00011000 08:01 264595                     /usr/lib/x86_64-linux-gnu/libXext.so.6.4.0
7f65bbacf000-7f65bbad0000 rw-p 00011000 08:01 264595                     /usr/lib/x86_64-linux-gnu/libXext.so.6.4.0
7f65bbad0000-7f65bbb1d000 r-xp 00000000 08:01 144391                     /usr/lib/jvm/java-6-openjdk-amd64/jre/lib/amd64/xawt/libmawt.so
7f65bbb1d000-7f65bbd1c000 ---p 0004d000 08:01 144391                     /usr/lib/jvm/java-6-openjdk-amd64/jre/lib/amd64/xawt/libmawt.so
7f65bbd1c000-7f65bbd20000 rw-p 0004c000 08:01 144391                     /usr/lib/jvm/java-6-openjdk-amd64/jre/lib/amd64/xawt/libmawt.so
7f65bbd20000-7f65bbd21000 rw-p 00000000 00:00 0 
7f65bbd21000-7f65bbdd1000 r-xp 00000000 08:01 144230                     /usr/lib/jvm/java-6-openjdk-amd64/jre/lib/amd64/libawt.so
7f65bbdd1000-7f65bbfd0000 ---p 000b0000 08:01 144230                     /usr/lib/jvm/java-6-openjdk-amd64/jre/lib/amd64/libawt.so
7f65bbfd0000-7f65bbfdc000 rw-p 000af000 08:01 144230                     /usr/lib/jvm/java-6-openjdk-amd64/jre/lib/amd64/libawt.so
7f65bbfdc000-7f65bc000000 rw-p 00000000 00:00 0 
7f65bc000000-7f65be716000 rw-p 00000000 00:00 0 
7f65be716000-7f65c0000000 ---p 00000000 00:00 0 
7f65c0000000-7f65c0001000 rw-s fd060000 00:05 5680                       /dev/nvidia0
7f65c0001000-7f65c0006000 r--s 00000000 08:01 271253                     /var/cache/fontconfig/6eb3985aa4124903f6ff08ba781cd364-le64.cache-3
7f65c0006000-7f65c0009000 r--s 00000000 08:01 271247                     /var/cache/fontconfig/c57959a16110560c8d0fcea73374aeeb-le64.cache-3
7f65c0009000-7f65c000e000 r--s 00000000 08:01 271264                     /var/cache/fontconfig/3047814df9a2f067bd2d96a2b9c36e5a-le64.cache-3
7f65c000e000-7f65c001f000 r--s 00000000 08:01 271249                     /var/cache/fontconfig/d52a8644073d54c13679302ca1180695-le64.cache-3
7f65c001f000-7f65c0026000 r--s 00000000 08:01 271258                     /var/cache/fontconfig/3f7329c5293ffd510edef78f73874cfd-le64.cache-3
7f65c0026000-7f65c0028000 r--s 00000000 08:01 271267                     /var/cache/fontconfig/e13b20fdb08344e0e664864cc2ede53d-le64.cache-3
7f65c0028000-7f65c0031000 r--s 00000000 08:01 277048                     /var/cache/fontconfig/945677eb7aeaf62f1d50efc3fb3ec7d8-le64.cache-3
7f65c0031000-7f65c0036000 r--s 00000000 08:01 271253                     /var/cache/fontconfig/6eb3985aa4124903f6ff08ba781cd364-le64.cache-3
7f65c0036000-7f65c003f000 r--s 00000000 08:01 278568                     /var/cache/fontconfig/6d41288fd70b0be22e8c3a91e032eec0-le64.cache-3
7f65c003f000-7f65c006d000 r--s 00000000 08:01 271260                     /var/cache/fontconfig/365b55f210c0a22e9a19e35191240f32-le64.cache-3
7f65c006d000-7f65c0070000 r--s 00000000 08:01 271247                     /var/cache/fontconfig/c57959a16110560c8d0fcea73374aeeb-le64.cache-3
7f65c0070000-7f65c0075000 r--s 00000000 08:01 271264                     /var/cache/fontconfig/3047814df9a2f067bd2d96a2b9c36e5a-le64.cache-3
7f65c0075000-7f65c0086000 r--s 00000000 08:01 271249                     /var/cache/fontconfig/d52a8644073d54c13679302ca1180695-le64.cache-3
7f65c0086000-7f65c008d000 r--s 00000000 08:01 271258                     /var/cache/fontconfig/3f7329c5293ffd510edef78f73874cfd-le64.cache-3
7f65c008d000-7f65c008f000 r--s 00000000 08:01 271267                     /var/cache/fontconfig/e13b20fdb08344e0e664864cc2ede53d-le64.cache-3
7f65c008f000-7f65c0092000 ---p 00000000 00:00 0 
7f65c0092000-7f65c0190000 rw-p 00000000 00:00 0 
7f65c0190000-7f65c01ff000 r-xp 00000000 08:01 551337                     /tmp/libgdxnemo9955/b4a54a2/libgdx64.so
7f65c01ff000-7f65c03fe000 ---p 0006f000 08:01 551337                     /tmp/libgdxnemo9955/b4a54a2/libgdx64.so
7f65c03fe000-7f65c0400000 r--p 0006e000 08:01 551337                     /tmp/libgdxnemo9955/b4a54a2/libgdx64.so
7f65c0400000-7f65c0401000 rw-p 00070000 08:01 551337                     /tmp/libgdxnemo9955/b4a54a2/libgdx64.so
7f65c0401000-7f65c0402000 rw-p 00000000 00:00 0 
7f65c0402000-7f65c0409000 r--s 000fc000 08:01 143749                     /usr/lib/jvm/java-6-openjdk-common/jre/lib/resources.jar
7f65c0409000-7f65c040a000 r--s 00127000 08:06 9437307                    /home/nemo9955/CodeStation/proiecte/Garden_Revolution/Garden_Revolution-desktop/libs/gdx-natives.jar
7f65c040a000-7f65c040b000 r--s 00004000 08:06 9437342                    /home/nemo9955/CodeStation/proiecte/Garden_Revolution/Garden_Revolution-desktop/libs/gdx-controllers-desktop.jar
7f65c040b000-7f65c040c000 r--s 00100000 08:06 9437237                    /home/nemo9955/CodeStation/proiecte/Garden_Revolution/Garden_Revolution-desktop/libs/gdx-controllers-desktop-natives.jar
7f65c040c000-7f65c041d000 r--s 0012b000 08:06 9437394                    /home/nemo9955/CodeStation/proiecte/Garden_Revolution/Garden_Revolution-desktop/libs/gdx-backend-lwjgl.jar
7f65c041d000-7f65c0424000 r--s 0004c000 08:06 9437312                    /home/nemo9955/CodeStation/proiecte/Garden_Revolution/Garden_Revolution-main/libs/kryonet-2.21-all.jar
7f65c0424000-7f65c0425000 ---p 00000000 00:00 0 
7f65c0425000-7f65c0525000 rw-p 00000000 00:00 0 
7f65c0525000-7f65c0528000 ---p 00000000 00:00 0 
7f65c0528000-7f65c0626000 rw-p 00000000 00:00 0 
7f65c0626000-7f65c0629000 ---p 00000000 00:00 0 
7f65c0629000-7f65c0727000 rw-p 00000000 00:00 0 
7f65c0727000-7f65c072a000 ---p 00000000 00:00 0 
7f65c072a000-7f65c0828000 rw-p 00000000 00:00 0 
7f65c0828000-7f65c082b000 ---p 00000000 00:00 0 
7f65c082b000-7f65c0929000 rw-p 00000000 00:00 0 
7f65c0929000-7f65c0aa0000 r--p 00000000 08:01 139605                     /usr/lib/locale/locale-archive
7f65c0aa0000-7f65c0aa3000 ---p 00000000 00:00 0 
7f65c0aa3000-7f65c0ba1000 rw-p 00000000 00:00 0 
7f65c0ba1000-7f65c0ba4000 ---p 00000000 00:00 0 
7f65c0ba4000-7f65c0ca2000 rw-p 00000000 00:00 0 
7f65c0ca2000-7f65c0ca3000 ---p 00000000 00:00 0 
7f65c0ca3000-7f65c10d9000 rw-p 00000000 00:00 0 
7f65c10d9000-7f65c126d000 r--s 03807000 08:01 144270                     /usr/lib/jvm/java-6-openjdk-amd64/jre/lib/rt.jar
7f65c126d000-7f65c1295000 rw-p 00000000 00:00 0 
7f65c1295000-7f65c1296000 ---p 00000000 00:00 0 
7f65c1296000-7f65c1396000 rw-p 00000000 00:00 0 
7f65c1396000-7f65c1397000 ---p 00000000 00:00 0 
7f65c1397000-7f65c14a2000 rw-p 00000000 00:00 0 
7f65c14a2000-7f65c14ea000 rw-p 00000000 00:00 0 
7f65c14ea000-7f65c14fb000 rw-p 00000000 00:00 0 
7f65c14fb000-7f65c15f6000 rw-p 00000000 00:00 0 
7f65c15f6000-7f65c1601000 rw-p 00000000 00:00 0 
7f65c1601000-7f65c1649000 rw-p 00000000 00:00 0 
7f65c1649000-7f65c165a000 rw-p 00000000 00:00 0 
7f65c165a000-7f65c1755000 rw-p 00000000 00:00 0 
7f65c1755000-7f65c175e000 rw-p 00000000 00:00 0 
7f65c175e000-7f65c17db000 rw-p 00000000 00:00 0 
7f65c17db000-7f65c17dc000 rw-p 00000000 00:00 0 
7f65c17dc000-7f65c1a4c000 rwxp 00000000 00:00 0 
7f65c1a4c000-7f65c47dc000 rw-p 00000000 00:00 0 
7f65c47dc000-7f65c47e3000 r-xp 00000000 08:01 144259                     /usr/lib/jvm/java-6-openjdk-amd64/jre/lib/amd64/libzip.so
7f65c47e3000-7f65c49e2000 ---p 00007000 08:01 144259                     /usr/lib/jvm/java-6-openjdk-amd64/jre/lib/amd64/libzip.so
7f65c49e2000-7f65c49e3000 rw-p 00006000 08:01 144259                     /usr/lib/jvm/java-6-openjdk-amd64/jre/lib/amd64/libzip.so
7f65c49e3000-7f65c49ee000 r-xp 00000000 08:01 916446                     /lib/x86_64-linux-gnu/libnss_files-2.13.so
7f65c49ee000-7f65c4bed000 ---p 0000b000 08:01 916446                     /lib/x86_64-linux-gnu/libnss_files-2.13.so
7f65c4bed000-7f65c4bee000 r--p 0000a000 08:01 916446                     /lib/x86_64-linux-gnu/libnss_files-2.13.so
7f65c4bee000-7f65c4bef000 rw-p 0000b000 08:01 916446                     /lib/x86_64-linux-gnu/libnss_files-2.13.so
7f65c4bef000-7f65c4bf9000 r-xp 00000000 08:01 916442                     /lib/x86_64-linux-gnu/libnss_nis-2.13.so
7f65c4bf9000-7f65c4df8000 ---p 0000a000 08:01 916442                     /lib/x86_64-linux-gnu/libnss_nis-2.13.so
7f65c4df8000-7f65c4df9000 r--p 00009000 08:01 916442                     /lib/x86_64-linux-gnu/libnss_nis-2.13.so
7f65c4df9000-7f65c4dfa000 rw-p 0000a000 08:01 916442                     /lib/x86_64-linux-gnu/libnss_nis-2.13.so
7f65c4dfa000-7f65c4e01000 r-xp 00000000 08:01 916435                     /lib/x86_64-linux-gnu/libnss_compat-2.13.so
7f65c4e01000-7f65c5000000 ---p 00007000 08:01 916435                     /lib/x86_64-linux-gnu/libnss_compat-2.13.so
7f65c5000000-7f65c5001000 r--p 00006000 08:01 916435                     /lib/x86_64-linux-gnu/libnss_compat-2.13.so
7f65c5001000-7f65c5002000 rw-p 00007000 08:01 916435                     /lib/x86_64-linux-gnu/libnss_compat-2.13.so
7f65c5002000-7f65c5017000 r-xp 00000000 08:01 916440                     /lib/x86_64-linux-gnu/libnsl-2.13.so
7f65c5017000-7f65c5216000 ---p 00015000 08:01 916440                     /lib/x86_64-linux-gnu/libnsl-2.13.so
7f65c5216000-7f65c5217000 r--p 00014000 08:01 916440                     /lib/x86_64-linux-gnu/libnsl-2.13.so
7f65c5217000-7f65c5218000 rw-p 00015000 08:01 916440                     /lib/x86_64-linux-gnu/libnsl-2.13.so
7f65c5218000-7f65c521a000 rw-p 00000000 00:00 0 
7f65c521a000-7f65c5248000 r-xp 00000000 08:01 144245                     /usr/lib/jvm/java-6-openjdk-amd64/jre/lib/amd64/libjava.so
7f65c5248000-7f65c5447000 ---p 0002e000 08:01 144245                     /usr/lib/jvm/java-6-openjdk-amd64/jre/lib/amd64/libjava.so
7f65c5447000-7f65c544b000 rw-p 0002d000 08:01 144245                     /usr/lib/jvm/java-6-openjdk-amd64/jre/lib/amd64/libjava.so
7f65c544b000-7f65c545a000 r-xp 00000000 08:01 144228                     /usr/lib/jvm/java-6-openjdk-amd64/jre/lib/amd64/libverify.so
7f65c545a000-7f65c5659000 ---p 0000f000 08:01 144228                     /usr/lib/jvm/java-6-openjdk-amd64/jre/lib/amd64/libverify.so
7f65c5659000-7f65c565b000 rw-p 0000e000 08:01 144228                     /usr/lib/jvm/java-6-openjdk-amd64/jre/lib/amd64/libverify.so
7f65c565b000-7f65c5662000 r-xp 00000000 08:01 916450                     /lib/x86_64-linux-gnu/librt-2.13.so
7f65c5662000-7f65c5861000 ---p 00007000 08:01 916450                     /lib/x86_64-linux-gnu/librt-2.13.so
7f65c5861000-7f65c5862000 r--p 00006000 08:01 916450                     /lib/x86_64-linux-gnu/librt-2.13.so
7f65c5862000-7f65c5863000 rw-p 00007000 08:01 916450                     /lib/x86_64-linux-gnu/librt-2.13.so
7f65c5863000-7f65c5878000 r-xp 00000000 08:01 916059                     /lib/x86_64-linux-gnu/libgcc_s.so.1
7f65c5878000-7f65c5a78000 ---p 00015000 08:01 916059                     /lib/x86_64-linux-gnu/libgcc_s.so.1
7f65c5a78000-7f65c5a79000 rw-p 00015000 08:01 916059                     /lib/x86_64-linux-gnu/libgcc_s.so.1
7f65c5a79000-7f65c5afa000 r-xp 00000000 08:01 916437                     /lib/x86_64-linux-gnu/libm-2.13.so
7f65c5afa000-7f65c5cf9000 ---p 00081000 08:01 916437                     /lib/x86_64-linux-gnu/libm-2.13.so
7f65c5cf9000-7f65c5cfa000 r--p 00080000 08:01 916437                     /lib/x86_64-linux-gnu/libm-2.13.so
7f65c5cfa000-7f65c5cfb000 rw-p 00081000 08:01 916437                     /lib/x86_64-linux-gnu/libm-2.13.so
7f65c5cfb000-7f65c5de3000 r-xp 00000000 08:01 265105                     /usr/lib/x86_64-linux-gnu/libstdc++.so.6.0.17
7f65c5de3000-7f65c5fe3000 ---p 000e8000 08:01 265105                     /usr/lib/x86_64-linux-gnu/libstdc++.so.6.0.17
7f65c5fe3000-7f65c5feb000 r--p 000e8000 08:01 265105                     /usr/lib/x86_64-linux-gnu/libstdc++.so.6.0.17
7f65c5feb000-7f65c5fed000 rw-p 000f0000 08:01 265105                     /usr/lib/x86_64-linux-gnu/libstdc++.so.6.0.17
7f65c5fed000-7f65c6002000 rw-p 00000000 00:00 0 
7f65c6002000-7f65c6916000 r-xp 00000000 08:01 144235                     /usr/lib/jvm/java-6-openjdk-amd64/jre/lib/amd64/server/libjvm.so
7f65c6916000-7f65c6b15000 ---p 00914000 08:01 144235                     /usr/lib/jvm/java-6-openjdk-amd64/jre/lib/amd64/server/libjvm.so
7f65c6b15000-7f65c6bb1000 rw-p 00913000 08:01 144235                     /usr/lib/jvm/java-6-openjdk-amd64/jre/lib/amd64/server/libjvm.so
7f65c6bb1000-7f65c6bda000 rw-p 00000000 00:00 0 
7f65c6bda000-7f65c6d5c000 r-xp 00000000 08:01 916430                     /lib/x86_64-linux-gnu/libc-2.13.so
7f65c6d5c000-7f65c6f5b000 ---p 00182000 08:01 916430                     /lib/x86_64-linux-gnu/libc-2.13.so
7f65c6f5b000-7f65c6f5f000 r--p 00181000 08:01 916430                     /lib/x86_64-linux-gnu/libc-2.13.so
7f65c6f5f000-7f65c6f60000 rw-p 00185000 08:01 916430                     /lib/x86_64-linux-gnu/libc-2.13.so
7f65c6f60000-7f65c6f65000 rw-p 00000000 00:00 0 
7f65c6f65000-7f65c6f67000 r-xp 00000000 08:01 916444                     /lib/x86_64-linux-gnu/libdl-2.13.so
7f65c6f67000-7f65c7167000 ---p 00002000 08:01 916444                     /lib/x86_64-linux-gnu/libdl-2.13.so
7f65c7167000-7f65c7168000 r--p 00002000 08:01 916444                     /lib/x86_64-linux-gnu/libdl-2.13.so
7f65c7168000-7f65c7169000 rw-p 00003000 08:01 916444                     /lib/x86_64-linux-gnu/libdl-2.13.so
7f65c7169000-7f65c716d000 r-xp 00000000 08:01 144232                     /usr/lib/jvm/java-6-openjdk-amd64/jre/lib/amd64/jli/libjli.so
7f65c716d000-7f65c736c000 ---p 00004000 08:01 144232                     /usr/lib/jvm/java-6-openjdk-amd64/jre/lib/amd64/jli/libjli.so
7f65c736c000-7f65c736d000 rw-p 00003000 08:01 144232                     /usr/lib/jvm/java-6-openjdk-amd64/jre/lib/amd64/jli/libjli.so
7f65c736d000-7f65c7384000 r-xp 00000000 08:01 916448                     /lib/x86_64-linux-gnu/libpthread-2.13.so
7f65c7384000-7f65c7583000 ---p 00017000 08:01 916448                     /lib/x86_64-linux-gnu/libpthread-2.13.so
7f65c7583000-7f65c7584000 r--p 00016000 08:01 916448                     /lib/x86_64-linux-gnu/libpthread-2.13.so
7f65c7584000-7f65c7585000 rw-p 00017000 08:01 916448                     /lib/x86_64-linux-gnu/libpthread-2.13.so
7f65c7585000-7f65c7589000 rw-p 00000000 00:00 0 
7f65c7589000-7f65c759f000 r-xp 00000000 08:01 916168                     /lib/x86_64-linux-gnu/libz.so.1.2.7
7f65c759f000-7f65c779e000 ---p 00016000 08:01 916168                     /lib/x86_64-linux-gnu/libz.so.1.2.7
7f65c779e000-7f65c779f000 r--p 00015000 08:01 916168                     /lib/x86_64-linux-gnu/libz.so.1.2.7
7f65c779f000-7f65c77a0000 rw-p 00016000 08:01 916168                     /lib/x86_64-linux-gnu/libz.so.1.2.7
7f65c77a0000-7f65c77c0000 r-xp 00000000 08:01 32                         /lib64/ld-2.13.so
7f65c77c0000-7f65c77c2000 r--s 001a1000 08:06 9437380                    /home/nemo9955/CodeStation/proiecte/Garden_Revolution/Garden_Revolution-desktop/libs/gdx-backend-lwjgl-natives.jar
7f65c77c2000-7f65c77c5000 r--s 0000b000 08:06 9437369                    /home/nemo9955/CodeStation/proiecte/Garden_Revolution/Garden_Revolution-main/libs/tween-engine-api.jar
7f65c77c5000-7f65c77c8000 r--s 0007f000 08:01 143741                     /usr/lib/jvm/java-6-openjdk-common/jre/lib/jsse.jar
7f65c77c8000-7f65c77de000 r--s 00157000 08:06 9437270                    /home/nemo9955/CodeStation/proiecte/Garden_Revolution/Garden_Revolution-main/libs/gdx.jar
7f65c77de000-7f65c77e8000 rw-p 00000000 00:00 0 
7f65c77e8000-7f65c789e000 rw-p 00000000 00:00 0 
7f65c789e000-7f65c78a1000 ---p 00000000 00:00 0 
7f65c78a1000-7f65c79a4000 rw-p 00000000 00:00 0 
7f65c79a4000-7f65c79a5000 r--s 00002000 08:06 9437214                    /home/nemo9955/CodeStation/proiecte/Garden_Revolution/Garden_Revolution-main/libs/gdx-controllers.jar
7f65c79a5000-7f65c79a9000 r--s 00039000 08:01 143733                     /usr/lib/jvm/java-6-openjdk-common/jre/lib/ext/sunpkcs11.jar
7f65c79a9000-7f65c79ab000 r--s 0000f000 08:01 143734                     /usr/lib/jvm/java-6-openjdk-common/jre/lib/ext/pulse-java.jar
7f65c79ab000-7f65c79ae000 r--s 00031000 08:01 143736                     /usr/lib/jvm/java-6-openjdk-common/jre/lib/ext/sunjce_provider.jar
7f65c79ae000-7f65c79b1000 r--s 00077000 08:01 143735                     /usr/lib/jvm/java-6-openjdk-common/jre/lib/ext/localedata.jar
7f65c79b1000-7f65c79b3000 r--s 00001000 08:01 143737                     /usr/lib/jvm/java-6-openjdk-common/jre/lib/ext/dnsns.jar
7f65c79b3000-7f65c79b4000 r--s 00007000 08:01 916596                     /usr/share/java/java-atk-wrapper.jar
7f65c79b4000-7f65c79bc000 rw-s 00000000 08:01 400813                     /tmp/hsperfdata_nemo9955/6909
7f65c79bc000-7f65c79bd000 rw-p 00000000 00:00 0 
7f65c79bd000-7f65c79be000 r--p 00000000 00:00 0 
7f65c79be000-7f65c79bf000 rw-p 00000000 00:00 0 
7f65c79bf000-7f65c79c0000 r--p 0001f000 08:01 32                         /lib64/ld-2.13.so
7f65c79c0000-7f65c79c1000 rw-p 00020000 08:01 32                         /lib64/ld-2.13.so
7f65c79c1000-7f65c79c2000 rw-p 00000000 00:00 0 
7fff85a09000-7fff85a2a000 rw-p 00000000 00:00 0                          [stack]
7fff85acb000-7fff85acc000 r-xp 00000000 00:00 0                          [vdso]
ffffffffff600000-ffffffffff601000 r-xp 00000000 00:00 0                  [vsyscall]

VM Arguments:
jvm_args: -Dfile.encoding=UTF-8 
java_command: com.nemo9955.garden_revolution.Main
Launcher Type: SUN_STANDARD

Environment Variables:
PATH=/home/nemo9955/bin:/usr/sbin:/sbin:/usr/local/bin:/usr/bin:/bin:/usr/local/games:/usr/games
LD_LIBRARY_PATH=/usr/lib/jvm/java-6-openjdk-amd64/jre/lib/amd64/server:/usr/lib/jvm/java-6-openjdk-amd64/jre/lib/amd64:/usr/lib/jvm/java-6-openjdk-amd64/jre/../lib/amd64
SHELL=/bin/bash
DISPLAY=:0.0

Signal Handlers:
SIGSEGV: [libjvm.so+0x791b10], sa_mask[0]=0x7ffbfeff, sa_flags=0x10000004
SIGBUS: [libjvm.so+0x791b10], sa_mask[0]=0x7ffbfeff, sa_flags=0x10000004
SIGFPE: [libjvm.so+0x65ace0], sa_mask[0]=0x7ffbfeff, sa_flags=0x10000004
SIGPIPE: [libjvm.so+0x65ace0], sa_mask[0]=0x7ffbfeff, sa_flags=0x10000004
SIGXFSZ: [libjvm.so+0x65ace0], sa_mask[0]=0x7ffbfeff, sa_flags=0x10000004
SIGILL: [libjvm.so+0x65ace0], sa_mask[0]=0x7ffbfeff, sa_flags=0x10000004
SIGUSR1: SIG_DFL, sa_mask[0]=0x00000000, sa_flags=0x00000000
SIGUSR2: [libjvm.so+0x65aec0], sa_mask[0]=0x00000004, sa_flags=0x10000004
SIGHUP: [libjvm.so+0x65d500], sa_mask[0]=0x7ffbfeff, sa_flags=0x10000004
SIGINT: [libjvm.so+0x65d500], sa_mask[0]=0x7ffbfeff, sa_flags=0x10000004
SIGTERM: [libjvm.so+0x65d500], sa_mask[0]=0x7ffbfeff, sa_flags=0x10000004
SIGQUIT: [libjvm.so+0x65d500], sa_mask[0]=0x7ffbfeff, sa_flags=0x10000004


---------------  S Y S T E M  ---------------

OS:7.3

uname:Linux 3.2.0-4-amd64 #1 SMP Debian 3.2.51-1 x86_64
libc:glibc 2.13 NPTL 2.13 
rlimit: STACK 8192k, CORE 0k, NPROC 25587, NOFILE 4096, AS infinity
load average:0.74 0.42 0.31

/proc/meminfo:
MemTotal:        3287396 kB
MemFree:         1813052 kB
Buffers:           51740 kB
Cached:           548736 kB
SwapCached:         6072 kB
Active:           917132 kB
Inactive:         398068 kB
Active(anon):     688860 kB
Inactive(anon):    28444 kB
Active(file):     228272 kB
Inactive(file):   369624 kB
Unevictable:        2220 kB
Mlocked:            2456 kB
SwapTotal:       3025916 kB
SwapFree:        2823108 kB
Dirty:                48 kB
Writeback:            12 kB
AnonPages:        682072 kB
Mapped:            67836 kB
Shmem:               944 kB
Slab:              62272 kB
SReclaimable:      34192 kB
SUnreclaim:        28080 kB
KernelStack:        2552 kB
PageTables:        10700 kB
NFS_Unstable:          0 kB
Bounce:                0 kB
WritebackTmp:          0 kB
CommitLimit:     4669612 kB
Committed_AS:    1831840 kB
VmallocTotal:   34359738367 kB
VmallocUsed:      315828 kB
VmallocChunk:   34359419900 kB
HardwareCorrupted:     0 kB
AnonHugePages:         0 kB
HugePages_Total:       0
HugePages_Free:        0
HugePages_Rsvd:        0
HugePages_Surp:        0
Hugepagesize:       2048 kB
DirectMap4k:      548544 kB
DirectMap2M:     2793472 kB


CPU:total 2 (2 cores per cpu, 1 threads per core) family 6 model 23 stepping 10, cmov, cx8, fxsr, mmx, sse, sse2, sse3, ssse3, sse4.1

Memory: 4k page, physical 3287396k(1815904k free), swap 3025916k(2823108k free)

vm_info: OpenJDK 64-Bit Server VM (20.0-b12) for linux-amd64 JRE (1.6.0_27-b27), built on Jul 12 2013 09:04:12 by "jmm" with gcc 4.7.2

time: Mon Feb 24 23:17:46 2014
elapsed time: 23964 seconds

