#
# A fatal error has been detected by the Java Runtime Environment:
#
#  SIGBUS (0x7) at pc=0x00007f867f051c60, pid=11110, tid=140215506786048
#
# JRE version: 6.0_27-b27
# Java VM: OpenJDK 64-Bit Server VM (20.0-b12 mixed mode linux-amd64 compressed oops)
# Derivative: IcedTea6 1.12.6
# Distribution: Debian GNU/Linux 7.1 (wheezy), package 6b27-1.12.6-1~deb7u1
# Problematic frame:
# 
[error occurred during error reporting (printing problematic frame), id 0x7]

# If you would like to submit a bug report, please include
# instructions how to reproduce the bug and visit:
#   http://icedtea.classpath.org/bugzilla
# The crash happened outside the Java Virtual Machine in native code.
# See problematic frame for where to report the bug.
#

---------------  T H R E A D  ---------------

Current thread (0x00000000010e5000):  JavaThread "LWJGL Application" [_thread_in_native, id=11188, stack(0x00007f8677695000,0x00007f8677796000)]

siginfo:si_signo=SIGBUS: si_errno=0, si_code=2 (BUS_ADRERR), si_addr=0x00007f867f051c60

Registers:
RAX=0x00000000c3e54878, RBX=0x00000000c3e54878, RCX=0x00000000c3eaa708, RDX=0x00007f86871e88da
RSP=0x00007f8677794758, RBP=0x00007f86777947a0, RSI=0x00007f8677794790, RDI=0x00000000010e51d0
R8 =0x0000000000000001, R9 =0x0000000000000001, R10=0x00007f86872b255e, R11=0x00007f86872ac520
R12=0x0000000000000000, R13=0x00007f86777947d8, R14=0x00007f8677794790, R15=0x00000000010e5000
RIP=0x00007f867f051c60, EFLAGS=0x0000000000010246, CSGSFS=0x0000000000000033, ERR=0x0000000000000014
  TRAPNO=0x000000000000000e

Top of Stack: (sp=0x00007f8677794758)
0x00007f8677794758:   00007f86872b25cc 00007f86871f5298
0x00007f8677794768:   00000000f02b68d0 0000000000000011
0x00007f8677794778:   0000000000000000 00007f8677794770
0x00007f8677794788:   00000000c3e5f59f 00000000c3e5eca0
0x00007f8677794798:   00000000c3e90a28 00007f8677794828
0x00007f86777947a8:   00007f86872ac534 0000000000000000
0x00007f86777947b8:   00007f86777947d0 00007f8677794828
0x00007f86777947c8:   00007f86871e88da 00007f86871e88da
0x00007f86777947d8:   000000427be8c211 00000000f02b5e40
0x00007f86777947e8:   00007f86777947d8 00000000c3ea9449
0x00007f86777947f8:   00007f8677794870 00000000c3eaa708
0x00007f8677794808:   0000000000000000 00000000c3ea94b8
0x00007f8677794818:   00007f86777947d8 00007f8677794870
0x00007f8677794828:   00007f86777948b8 00007f86871e8db4
0x00007f8677794838:   0000000000000000 0000000000000000
0x00007f8677794848:   0000000000000000 00000000f02b68f0
0x00007f8677794858:   00000000f02b68d0 00000000f02b5e40
0x00007f8677794868:   00000000f02b5e40 00000000f037ab60
0x00007f8677794878:   00007f8677794878 00000000c3ea6093
0x00007f8677794888:   00007f86777948c0 00000000c3ea7cf0
0x00007f8677794898:   00000000c43a8cf0 00000000c3ea60a8
0x00007f86777948a8:   00007f8677794870 00007f86777948c8
0x00007f86777948b8:   00007f8677794908 00007f86871e88da
0x00007f86777948c8:   00007f86777948c8 00000000c3e48da0
0x00007f86777948d8:   00007f8677794918 00000000c3e90498
0x00007f86777948e8:   00000000c43a8c28 00000000c3e48dc0
0x00007f86777948f8:   00007f86777948c8 00007f8677794918
0x00007f8677794908:   00007f8677794970 00007f86871e8db4
0x00007f8677794918:   00000000f0378f58 0000000000000000
0x00007f8677794928:   00000000f0371be0 00007f8677794920
0x00007f8677794938:   00000000c3e39f37 00007f8677794988
0x00007f8677794948:   00000000c3e4b780 00000000c43a8b70 

Instructions: (pc=0x00007f867f051c60)
0x00007f867f051c40:   
[error occurred during error reporting (printing registers, top of stack, instructions near pc), id 0x7]

Register to memory mapping:

RAX=0x00000000c3e54878 is an oop
{method} 
 - klass: {other class}
RBX=0x00000000c3e54878 is an oop
{method} 
 - klass: {other class}
RCX=0x00000000c3eaa708 is an oop
{constant pool cache} 
 - klass: {other class}
RDX=0x00007f86871e88da is an Interpreter codelet
return entry points  [0x00007f86871e81c0, 0x00007f86871e9780]  5568 bytes
RSP=0x00007f8677794758 is pointing into the stack for thread: 0x00000000010e5000
RBP=0x00007f86777947a0 is pointing into the stack for thread: 0x00000000010e5000
RSI=0x00007f8677794790 is pointing into the stack for thread: 0x00000000010e5000
RDI=0x00000000010e51d0 is an unknown value
R8 =0x0000000000000001 is an unknown value
R9 =0x0000000000000001 is an unknown value
R10=0x00007f86872b2390 [CodeBlob (0x00007f86872b2390)]
Framesize: 10
R11=0x00007f86872ac3d0 [CodeBlob (0x00007f86872ac3d0)]
Framesize: 4
R12=0x0000000000000000 is an unknown value
R13=0x00007f86777947d8 is pointing into the stack for thread: 0x00000000010e5000
R14=0x00007f8677794790 is pointing into the stack for thread: 0x00000000010e5000
R15=0x00000000010e5000 is a thread


Stack: [0x00007f8677695000,0x00007f8677796000],  sp=0x00007f8677794758,  free space=1021k
Native frames: (J=compiled Java code, j=interpreted, Vv=VM code, C=native code)

[error occurred during error reporting (printing native stack), id 0x7]

Java frames: (J=compiled Java code, j=interpreted, Vv=VM code)
J  org.lwjgl.opengl.LinuxDisplay.nUnlockAWT()V
J  org.lwjgl.opengl.LinuxDisplay.unlockAWT()V
j  org.lwjgl.opengl.LinuxContextImplementation.swapBuffers()V+57
j  org.lwjgl.opengl.ContextGL.swapBuffers()V+3
j  org.lwjgl.opengl.DrawableGL.swapBuffers()V+0
j  org.lwjgl.opengl.Display.swapBuffers()V+39
j  org.lwjgl.opengl.Display.update(Z)V+44
j  com.badlogic.gdx.backends.lwjgl.LwjglApplication.mainLoop()V+648
j  com.badlogic.gdx.backends.lwjgl.LwjglApplication$1.run()V+27
v  ~StubRoutines::call_stub

---------------  P R O C E S S  ---------------

Java Threads: ( => current thread )
  0x0000000001069000 JavaThread "AsynchExecutor-Thread" daemon [_thread_blocked, id=11193, stack(0x00007f8677594000,0x00007f8677695000)]
  0x0000000000efd000 JavaThread "DestroyJavaVM" [_thread_blocked, id=11117, stack(0x00007f868d85a000,0x00007f868d95b000)]
=>0x00000000010e5000 JavaThread "LWJGL Application" [_thread_in_native, id=11188, stack(0x00007f8677695000,0x00007f8677796000)]
  0x00007f86802f9800 JavaThread "AWT-XAWT" daemon [_thread_blocked, id=11184, stack(0x00007f867f77f000,0x00007f867f880000)]
  0x00007f868017b000 JavaThread "Java2D Disposer" daemon [_thread_blocked, id=11183, stack(0x00007f868401e000,0x00007f868411f000)]
  0x0000000000fb3000 JavaThread "Low Memory Detector" daemon [_thread_blocked, id=11134, stack(0x00007f8685b9c000,0x00007f8685c9d000)]
  0x0000000000fae000 JavaThread "C2 CompilerThread1" daemon [_thread_blocked, id=11133, stack(0x00007f8685c9d000,0x00007f8685d9e000)]
  0x0000000000fab000 JavaThread "C2 CompilerThread0" daemon [_thread_blocked, id=11131, stack(0x00007f8685d9e000,0x00007f8685e9f000)]
  0x00007f8680001000 JavaThread "JDWP Command Reader" daemon [_thread_in_native, id=11129, stack(0x00007f8685e9f000,0x00007f8685fa0000)]
  0x0000000000f9e800 JavaThread "JDWP Event Helper Thread" daemon [_thread_blocked, id=11128, stack(0x00007f8685fa0000,0x00007f86860a1000)]
  0x0000000000f9b000 JavaThread "JDWP Transport Listener: dt_socket" daemon [_thread_blocked, id=11125, stack(0x00007f86860a1000,0x00007f86861a2000)]
  0x0000000000f8d000 JavaThread "Signal Dispatcher" daemon [_thread_blocked, id=11123, stack(0x00007f86863a6000,0x00007f86864a7000)]
  0x0000000000f69800 JavaThread "Finalizer" daemon [_thread_blocked, id=11122, stack(0x00007f86864a7000,0x00007f86865a8000)]
  0x0000000000f67800 JavaThread "Reference Handler" daemon [_thread_blocked, id=11121, stack(0x00007f86865a8000,0x00007f86866a9000)]

Other Threads:
  0x0000000000f62800 VMThread [stack: 0x00007f86866a9000,0x00007f86867aa000] [id=11120]
  0x0000000000fb5800 WatcherThread [stack: 0x00007f8685a9b000,0x00007f8685b9c000] [id=11135]

VM state:not at safepoint (normal execution)

VM Mutex/Monitor currently owned by a thread: None

Heap
 PSYoungGen      total 14976K, used 7984K [0x00000000ef400000, 0x00000000f04b0000, 0x0000000100000000)
  eden space 12864K, 53% used [0x00000000ef400000,0x00000000efaacf60,0x00000000f0090000)
  from space 2112K, 54% used [0x00000000f02a0000,0x00000000f03bf140,0x00000000f04b0000)
  to   space 2112K, 0% used [0x00000000f0090000,0x00000000f0090000,0x00000000f02a0000)
 PSOldGen        total 34304K, used 0K [0x00000000cdc00000, 0x00000000cfd80000, 0x00000000ef400000)
  object space 34304K, 0% used [0x00000000cdc00000,0x00000000cdc00000,0x00000000cfd80000)
 PSPermGen       total 21248K, used 13998K [0x00000000c3600000, 0x00000000c4ac0000, 0x00000000cdc00000)
  object space 21248K, 65% used [0x00000000c3600000,0x00000000c43ab888,0x00000000c4ac0000)

Code Cache  [0x00007f86871e3000, 0x00007f8687453000, 0x00007f868a1e3000)
 total_blobs=760 nmethods=234 adapters=488 free_code_cache=49262272 largest_free_block=11520

Dynamic libraries:
00400000-00409000 r-xp 00000000 08:01 144298                             /usr/lib/jvm/java-6-openjdk-amd64/jre/bin/java
00608000-00609000 rw-p 00008000 08:01 144298                             /usr/lib/jvm/java-6-openjdk-amd64/jre/bin/java
00eef000-03448000 rw-p 00000000 00:00 0                                  [heap]
40081000-400ff000 rw-p 00000000 00:00 0 
41374000-41376000 r-xs 00000000 08:01 283050                             /tmp/glLhxyig (deleted)
c3600000-c4ac0000 rw-p 00000000 00:00 0 
c4ac0000-cdc00000 rw-p 00000000 00:00 0 
cdc00000-cfd80000 rw-p 00000000 00:00 0 
cfd80000-ef400000 rw-p 00000000 00:00 0 
ef400000-f04b0000 rw-p 00000000 00:00 0 
f04b0000-100000000 rw-p 00000000 00:00 0 
7f8673a31000-7f8673a54000 r-xp 00000000 08:01 400708                     /tmp/libgdxnemo9955/b97b1fcd/libgdx-controllers-desktop64.so
7f8673a54000-7f8673c54000 ---p 00023000 08:01 400708                     /tmp/libgdxnemo9955/b97b1fcd/libgdx-controllers-desktop64.so
7f8673c54000-7f8673c55000 r--p 00023000 08:01 400708                     /tmp/libgdxnemo9955/b97b1fcd/libgdx-controllers-desktop64.so
7f8673c55000-7f8673c56000 rw-p 00024000 08:01 400708                     /tmp/libgdxnemo9955/b97b1fcd/libgdx-controllers-desktop64.so
7f8673c56000-7f8673c6b000 r-xp 00000000 08:01 144247                     /usr/lib/jvm/java-6-openjdk-amd64/jre/lib/amd64/libnet.so
7f8673c6b000-7f8673e6a000 ---p 00015000 08:01 144247                     /usr/lib/jvm/java-6-openjdk-amd64/jre/lib/amd64/libnet.so
7f8673e6a000-7f8673e6b000 rw-p 00014000 08:01 144247                     /usr/lib/jvm/java-6-openjdk-amd64/jre/lib/amd64/libnet.so
7f8673e6b000-7f867426b000 rw-s b3988000 00:05 4796                       /dev/nvidia0
7f867426b000-7f867466b000 rw-s b3787000 00:05 4796                       /dev/nvidia0
7f867466b000-7f867486b000 rw-s 2b5f0000 00:05 4796                       /dev/nvidia0
7f867486b000-7f8674a6b000 rw-s c6ffd000 00:05 4796                       /dev/nvidia0
7f8674a6b000-7f8674b6b000 rw-s 36ad9000 00:05 4796                       /dev/nvidia0
7f8674b6b000-7f8674c09000 rw-p 00000000 00:00 0 
7f8674c09000-7f8674c7d000 rw-p 00000000 00:00 0 
7f8674c8a000-7f867665a000 r-xp 00000000 08:01 282961                     /usr/lib/x86_64-linux-gnu/libnvidia-glcore.so.304.88
7f867665a000-7f8676859000 ---p 019d0000 08:01 282961                     /usr/lib/x86_64-linux-gnu/libnvidia-glcore.so.304.88
7f8676859000-7f867705a000 rwxp 019cf000 08:01 282961                     /usr/lib/x86_64-linux-gnu/libnvidia-glcore.so.304.88
7f867705a000-7f8677074000 rwxp 00000000 00:00 0 
7f8677074000-7f8677077000 r-xp 00000000 08:01 551171                     /usr/lib/x86_64-linux-gnu/tls/libnvidia-tls.so.304.88
7f8677077000-7f8677276000 ---p 00003000 08:01 551171                     /usr/lib/x86_64-linux-gnu/tls/libnvidia-tls.so.304.88
7f8677276000-7f8677277000 rw-p 00002000 08:01 551171                     /usr/lib/x86_64-linux-gnu/tls/libnvidia-tls.so.304.88
7f8677277000-7f8677341000 r-xp 00000000 08:01 678444                     /usr/lib/x86_64-linux-gnu/nvidia/current/libGL.so.304.88
7f8677341000-7f8677541000 ---p 000ca000 08:01 678444                     /usr/lib/x86_64-linux-gnu/nvidia/current/libGL.so.304.88
7f8677541000-7f867757e000 rwxp 000ca000 08:01 678444                     /usr/lib/x86_64-linux-gnu/nvidia/current/libGL.so.304.88
7f867757e000-7f8677594000 rwxp 00000000 00:00 0 
7f8677594000-7f8677597000 ---p 00000000 00:00 0 
7f8677597000-7f8677695000 rw-p 00000000 00:00 0 
7f8677695000-7f8677698000 ---p 00000000 00:00 0 
7f8677698000-7f8677796000 rw-p 00000000 00:00 0 
7f8677796000-7f8677797000 ---p 00000000 00:00 0 
7f8677797000-7f8677897000 rw-p 00000000 00:00 0 
7f8677897000-7f867b898000 rw-s 00000000 00:11 916060                     /run/shm/pulse-shm-1284606973
7f867b898000-7f867b899000 ---p 00000000 00:00 0 
7f867b899000-7f867c099000 rw-p 00000000 00:00 0 
7f867c099000-7f867c0ac000 r-xp 00000000 08:01 916431                     /lib/x86_64-linux-gnu/libresolv-2.13.so
7f867c0ac000-7f867c2ab000 ---p 00013000 08:01 916431                     /lib/x86_64-linux-gnu/libresolv-2.13.so
7f867c2ab000-7f867c2ac000 r--p 00012000 08:01 916431                     /lib/x86_64-linux-gnu/libresolv-2.13.so
7f867c2ac000-7f867c2ad000 rw-p 00013000 08:01 916431                     /lib/x86_64-linux-gnu/libresolv-2.13.so
7f867c2ad000-7f867c2af000 rw-p 00000000 00:00 0 
7f867c2af000-7f867c2b5000 r-xp 00000000 08:01 264971                     /usr/lib/x86_64-linux-gnu/libogg.so.0.8.0
7f867c2b5000-7f867c4b4000 ---p 00006000 08:01 264971                     /usr/lib/x86_64-linux-gnu/libogg.so.0.8.0
7f867c4b4000-7f867c4b5000 rw-p 00005000 08:01 264971                     /usr/lib/x86_64-linux-gnu/libogg.so.0.8.0
7f867c4b5000-7f867c4e1000 r-xp 00000000 08:01 265193                     /usr/lib/x86_64-linux-gnu/libvorbis.so.0.4.5
7f867c4e1000-7f867c6e0000 ---p 0002c000 08:01 265193                     /usr/lib/x86_64-linux-gnu/libvorbis.so.0.4.5
7f867c6e0000-7f867c6e1000 r--p 0002b000 08:01 265193                     /usr/lib/x86_64-linux-gnu/libvorbis.so.0.4.5
7f867c6e1000-7f867c6e2000 rw-p 0002c000 08:01 265193                     /usr/lib/x86_64-linux-gnu/libvorbis.so.0.4.5
7f867c6e2000-7f867c995000 r-xp 00000000 08:01 265195                     /usr/lib/x86_64-linux-gnu/libvorbisenc.so.2.0.8
7f867c995000-7f867cb94000 ---p 002b3000 08:01 265195                     /usr/lib/x86_64-linux-gnu/libvorbisenc.so.2.0.8
7f867cb94000-7f867cbb0000 r--p 002b2000 08:01 265195                     /usr/lib/x86_64-linux-gnu/libvorbisenc.so.2.0.8
7f867cbb0000-7f867cbb1000 rw-p 002ce000 08:01 265195                     /usr/lib/x86_64-linux-gnu/libvorbisenc.so.2.0.8
7f867cbb1000-7f867cbfc000 r-xp 00000000 08:01 264365                     /usr/lib/x86_64-linux-gnu/libFLAC.so.8.2.0
7f867cbfc000-7f867cdfb000 ---p 0004b000 08:01 264365                     /usr/lib/x86_64-linux-gnu/libFLAC.so.8.2.0
7f867cdfb000-7f867cdfc000 r--p 0004a000 08:01 264365                     /usr/lib/x86_64-linux-gnu/libFLAC.so.8.2.0
7f867cdfc000-7f867cdfd000 rw-p 0004b000 08:01 264365                     /usr/lib/x86_64-linux-gnu/libFLAC.so.8.2.0
7f867cdfd000-7f867ce01000 r-xp 00000000 08:01 916163                     /lib/x86_64-linux-gnu/libuuid.so.1.3.0
7f867ce01000-7f867d000000 ---p 00004000 08:01 916163                     /lib/x86_64-linux-gnu/libuuid.so.1.3.0
7f867d000000-7f867d001000 r--p 00003000 08:01 916163                     /lib/x86_64-linux-gnu/libuuid.so.1.3.0
7f867d001000-7f867d002000 rw-p 00004000 08:01 916163                     /lib/x86_64-linux-gnu/libuuid.so.1.3.0
7f867d002000-7f867d006000 r-xp 00000000 08:01 916027                     /lib/x86_64-linux-gnu/libattr.so.1.1.0
7f867d006000-7f867d205000 ---p 00004000 08:01 916027                     /lib/x86_64-linux-gnu/libattr.so.1.1.0
7f867d205000-7f867d206000 r--p 00003000 08:01 916027                     /lib/x86_64-linux-gnu/libattr.so.1.1.0
7f867d206000-7f867d207000 rw-p 00004000 08:01 916027                     /lib/x86_64-linux-gnu/libattr.so.1.1.0
7f867d207000-7f867d20c000 r-xp 00000000 08:01 264468                     /usr/lib/x86_64-linux-gnu/libasyncns.so.0.3.1
7f867d20c000-7f867d40b000 ---p 00005000 08:01 264468                     /usr/lib/x86_64-linux-gnu/libasyncns.so.0.3.1
7f867d40b000-7f867d40c000 rw-p 00004000 08:01 264468                     /usr/lib/x86_64-linux-gnu/libasyncns.so.0.3.1
7f867d40c000-7f867d46d000 r-xp 00000000 08:01 265087                     /usr/lib/x86_64-linux-gnu/libsndfile.so.1.0.25
7f867d46d000-7f867d66c000 ---p 00061000 08:01 265087                     /usr/lib/x86_64-linux-gnu/libsndfile.so.1.0.25
7f867d66c000-7f867d66e000 r--p 00060000 08:01 265087                     /usr/lib/x86_64-linux-gnu/libsndfile.so.1.0.25
7f867d66e000-7f867d66f000 rw-p 00062000 08:01 265087                     /usr/lib/x86_64-linux-gnu/libsndfile.so.1.0.25
7f867d66f000-7f867d673000 rw-p 00000000 00:00 0 
7f867d673000-7f867d67c000 r-xp 00000000 08:01 916165                     /lib/x86_64-linux-gnu/libwrap.so.0.7.6
7f867d67c000-7f867d87b000 ---p 00009000 08:01 916165                     /lib/x86_64-linux-gnu/libwrap.so.0.7.6
7f867d87b000-7f867d87c000 r--p 00008000 08:01 916165                     /lib/x86_64-linux-gnu/libwrap.so.0.7.6
7f867d87c000-7f867d87d000 rw-p 00009000 08:01 916165                     /lib/x86_64-linux-gnu/libwrap.so.0.7.6
7f867d87d000-7f867d87e000 rw-p 00000000 00:00 0 
7f867d87e000-7f867d885000 r-xp 00000000 08:01 264394                     /usr/lib/x86_64-linux-gnu/libSM.so.6.0.1
7f867d885000-7f867da84000 ---p 00007000 08:01 264394                     /usr/lib/x86_64-linux-gnu/libSM.so.6.0.1
7f867da84000-7f867da85000 rw-p 00006000 08:01 264394                     /usr/lib/x86_64-linux-gnu/libSM.so.6.0.1
7f867da85000-7f867da9c000 r-xp 00000000 08:01 264375                     /usr/lib/x86_64-linux-gnu/libICE.so.6.3.0
7f867da9c000-7f867dc9b000 ---p 00017000 08:01 264375                     /usr/lib/x86_64-linux-gnu/libICE.so.6.3.0
7f867dc9b000-7f867dc9d000 rw-p 00016000 08:01 264375                     /usr/lib/x86_64-linux-gnu/libICE.so.6.3.0
7f867dc9d000-7f867dca0000 rw-p 00000000 00:00 0 
7f867dca0000-7f867dca1000 r-xp 00000000 08:01 272883                     /usr/lib/x86_64-linux-gnu/libX11-xcb.so.1.0.0
7f867dca1000-7f867dea0000 ---p 00001000 08:01 272883                     /usr/lib/x86_64-linux-gnu/libX11-xcb.so.1.0.0
7f867dea0000-7f867dea1000 rw-p 00000000 08:01 272883                     /usr/lib/x86_64-linux-gnu/libX11-xcb.so.1.0.0
7f867dea1000-7f867dea5000 r-xp 00000000 08:01 916038                     /lib/x86_64-linux-gnu/libcap.so.2.22
7f867dea5000-7f867e0a4000 ---p 00004000 08:01 916038                     /lib/x86_64-linux-gnu/libcap.so.2.22
7f867e0a4000-7f867e0a5000 rw-p 00003000 08:01 916038                     /lib/x86_64-linux-gnu/libcap.so.2.22
7f867e0a5000-7f867e0e9000 r-xp 00000000 08:01 916060                     /lib/x86_64-linux-gnu/libdbus-1.so.3.7.2
7f867e0e9000-7f867e2e9000 ---p 00044000 08:01 916060                     /lib/x86_64-linux-gnu/libdbus-1.so.3.7.2
7f867e2e9000-7f867e2ea000 r--p 00044000 08:01 916060                     /lib/x86_64-linux-gnu/libdbus-1.so.3.7.2
7f867e2ea000-7f867e2eb000 rw-p 00045000 08:01 916060                     /lib/x86_64-linux-gnu/libdbus-1.so.3.7.2
7f867e2eb000-7f867e34c000 r-xp 00000000 08:01 265339                     /usr/lib/x86_64-linux-gnu/pulseaudio/libpulsecommon-2.0.so
7f867e34c000-7f867e54b000 ---p 00061000 08:01 265339                     /usr/lib/x86_64-linux-gnu/pulseaudio/libpulsecommon-2.0.so
7f867e54b000-7f867e54c000 r--p 00060000 08:01 265339                     /usr/lib/x86_64-linux-gnu/pulseaudio/libpulsecommon-2.0.so
7f867e54c000-7f867e54e000 rw-p 00061000 08:01 265339                     /usr/lib/x86_64-linux-gnu/pulseaudio/libpulsecommon-2.0.so
7f867e54e000-7f867e557000 r-xp 00000000 08:01 916072                     /lib/x86_64-linux-gnu/libjson.so.0.1.0
7f867e557000-7f867e756000 ---p 00009000 08:01 916072                     /lib/x86_64-linux-gnu/libjson.so.0.1.0
7f867e756000-7f867e757000 r--p 00008000 08:01 916072                     /lib/x86_64-linux-gnu/libjson.so.0.1.0
7f867e757000-7f867e758000 rw-p 00009000 08:01 916072                     /lib/x86_64-linux-gnu/libjson.so.0.1.0
7f867e758000-7f867e7a1000 r-xp 00000000 08:01 265053                     /usr/lib/x86_64-linux-gnu/libpulse.so.0.14.2
7f867e7a1000-7f867e9a0000 ---p 00049000 08:01 265053                     /usr/lib/x86_64-linux-gnu/libpulse.so.0.14.2
7f867e9a0000-7f867e9a1000 r--p 00048000 08:01 265053                     /usr/lib/x86_64-linux-gnu/libpulse.so.0.14.2
7f867e9a1000-7f867e9a2000 rw-p 00049000 08:01 265053                     /usr/lib/x86_64-linux-gnu/libpulse.so.0.14.2
7f867e9a2000-7f867e9f7000 r-xp 00000000 08:01 283048                     /tmp/libgdxnemo9955/7b43be9b/libopenal64.so
7f867e9f7000-7f867ebf6000 ---p 00055000 08:01 283048                     /tmp/libgdxnemo9955/7b43be9b/libopenal64.so
7f867ebf6000-7f867ebf9000 r--p 00054000 08:01 283048                     /tmp/libgdxnemo9955/7b43be9b/libopenal64.so
7f867ebf9000-7f867ebfa000 rw-p 00057000 08:01 283048                     /tmp/libgdxnemo9955/7b43be9b/libopenal64.so
7f867ebfa000-7f867ebfb000 rw-p 00000000 00:00 0 
7f867ebfb000-7f867ebff000 r-xp 00000000 08:01 273334                     /usr/lib/x86_64-linux-gnu/libXxf86vm.so.1.0.0
7f867ebff000-7f867edff000 ---p 00004000 08:01 273334                     /usr/lib/x86_64-linux-gnu/libXxf86vm.so.1.0.0
7f867edff000-7f867ee00000 r--p 00004000 08:01 273334                     /usr/lib/x86_64-linux-gnu/libXxf86vm.so.1.0.0
7f867ee00000-7f867ee01000 rw-p 00005000 08:01 273334                     /usr/lib/x86_64-linux-gnu/libXxf86vm.so.1.0.0
7f867ee01000-7f867ee08000 r-xp 00000000 08:01 265883                     /usr/lib/x86_64-linux-gnu/libXrandr.so.2.2.0
7f867ee08000-7f867f008000 ---p 00007000 08:01 265883                     /usr/lib/x86_64-linux-gnu/libXrandr.so.2.2.0
7f867f008000-7f867f009000 rw-p 00007000 08:01 265883                     /usr/lib/x86_64-linux-gnu/libXrandr.so.2.2.0
7f867f009000-7f867f075000 r-xp 00000000 08:01 282252                     /tmp/libgdxnemo9955/7b43be9b/liblwjgl64.so (deleted)
7f867f075000-7f867f274000 ---p 0006c000 08:01 282252                     /tmp/libgdxnemo9955/7b43be9b/liblwjgl64.so (deleted)
7f867f274000-7f867f276000 r--p 0006b000 08:01 282252                     /tmp/libgdxnemo9955/7b43be9b/liblwjgl64.so (deleted)
7f867f276000-7f867f277000 rw-p 0006d000 08:01 282252                     /tmp/libgdxnemo9955/7b43be9b/liblwjgl64.so (deleted)
7f867f277000-7f867f278000 r-xp 00000000 08:01 144229                     /usr/lib/jvm/java-6-openjdk-amd64/jre/lib/amd64/libjawt.so
7f867f278000-7f867f477000 ---p 00001000 08:01 144229                     /usr/lib/jvm/java-6-openjdk-amd64/jre/lib/amd64/libjawt.so
7f867f477000-7f867f478000 rw-p 00000000 08:01 144229                     /usr/lib/jvm/java-6-openjdk-amd64/jre/lib/amd64/libjawt.so
7f867f478000-7f867f47d000 r-xp 00000000 08:01 273531                     /usr/lib/x86_64-linux-gnu/libXfixes.so.3.1.0
7f867f47d000-7f867f67c000 ---p 00005000 08:01 273531                     /usr/lib/x86_64-linux-gnu/libXfixes.so.3.1.0
7f867f67c000-7f867f67d000 r--p 00004000 08:01 273531                     /usr/lib/x86_64-linux-gnu/libXfixes.so.3.1.0
7f867f67d000-7f867f67e000 rw-p 00005000 08:01 273531                     /usr/lib/x86_64-linux-gnu/libXfixes.so.3.1.0
7f867f67e000-7f867f687000 r--s 00000000 08:01 278568                     /var/cache/fontconfig/6d41288fd70b0be22e8c3a91e032eec0-le64.cache-3
7f867f687000-7f867f6b5000 r--s 00000000 08:01 271260                     /var/cache/fontconfig/365b55f210c0a22e9a19e35191240f32-le64.cache-3
7f867f6c5000-7f867f705000 rw-s 1e415000 00:05 4796                       /dev/nvidia0
7f867f725000-7f867f742000 rw-s 373f9000 00:05 4796                       /dev/nvidia0
7f867f742000-7f867f77f000 rw-p 00000000 00:00 0 
7f867f77f000-7f867f782000 ---p 00000000 00:00 0 
7f867f782000-7f867f880000 rw-p 00000000 00:00 0 
7f867f880000-7f867f889000 r--s 00000000 08:01 277048                     /var/cache/fontconfig/945677eb7aeaf62f1d50efc3fb3ec7d8-le64.cache-3
7f867f889000-7f867f88e000 r--s 00000000 08:01 271253                     /var/cache/fontconfig/6eb3985aa4124903f6ff08ba781cd364-le64.cache-3
7f867f88e000-7f867f897000 r--s 00000000 08:01 278568                     /var/cache/fontconfig/6d41288fd70b0be22e8c3a91e032eec0-le64.cache-3
7f867f897000-7f867f8c5000 r--s 00000000 08:01 271260                     /var/cache/fontconfig/365b55f210c0a22e9a19e35191240f32-le64.cache-3
7f867f8da000-7f867f8e4000 r-xp 00000000 08:01 264474                     /usr/lib/x86_64-linux-gnu/libXcursor.so.1.0.2
7f867f8e4000-7f867fae3000 ---p 0000a000 08:01 264474                     /usr/lib/x86_64-linux-gnu/libXcursor.so.1.0.2
7f867fae3000-7f867fae4000 rw-p 00009000 08:01 264474                     /usr/lib/x86_64-linux-gnu/libXcursor.so.1.0.2
7f867faee000-7f867faf0000 rw-p 00000000 00:00 0 
7f867faf0000-7f867faf2000 rw-s 00000000 08:01 283050                     /tmp/glLhxyig (deleted)
7f867faf2000-7f867faf6000 rw-s b5527000 00:05 4796                       /dev/nvidia0
7f867faf6000-7f867faf7000 rw-s d0005000 00:05 4796                       /dev/nvidia0
7f867faf7000-7f867faf8000 rw-s c51d1000 00:05 4796                       /dev/nvidia0
7f867faf8000-7f867fafc000 rw-s 5c9bc000 00:05 4796                       /dev/nvidia0
7f867fafc000-7f867fafd000 rw-s fdc08000 00:05 4796                       /dev/nvidia0
7f867fafd000-7f867fafe000 rw-s fd641000 00:05 4796                       /dev/nvidia0
7f867fafe000-7f867fb0f000 r--s 00000000 08:01 271249                     /var/cache/fontconfig/d52a8644073d54c13679302ca1180695-le64.cache-3
7f867fb0f000-7f867fb16000 r--s 00000000 08:01 271258                     /var/cache/fontconfig/3f7329c5293ffd510edef78f73874cfd-le64.cache-3
7f867fb16000-7f867fbaf000 r-xp 00000000 08:01 264650                     /usr/lib/x86_64-linux-gnu/libfreetype.so.6.8.1
7f867fbaf000-7f867fdae000 ---p 00099000 08:01 264650                     /usr/lib/x86_64-linux-gnu/libfreetype.so.6.8.1
7f867fdae000-7f867fdb4000 r--p 00098000 08:01 264650                     /usr/lib/x86_64-linux-gnu/libfreetype.so.6.8.1
7f867fdb4000-7f867fdb5000 rw-p 0009e000 08:01 264650                     /usr/lib/x86_64-linux-gnu/libfreetype.so.6.8.1
7f867fdb5000-7f867fdfd000 r-xp 00000000 08:01 144223                     /usr/lib/jvm/java-6-openjdk-amd64/jre/lib/amd64/libfontmanager.so
7f867fdfd000-7f867fffd000 ---p 00048000 08:01 144223                     /usr/lib/jvm/java-6-openjdk-amd64/jre/lib/amd64/libfontmanager.so
7f867fffd000-7f8680000000 rw-p 00048000 08:01 144223                     /usr/lib/jvm/java-6-openjdk-amd64/jre/lib/amd64/libfontmanager.so
7f8680000000-7f86809d6000 rw-p 00000000 00:00 0 
7f86809d6000-7f8684000000 ---p 00000000 00:00 0 
7f8684000000-7f8684001000 rw-s 3724b000 00:05 4796                       /dev/nvidia0
7f8684001000-7f8684008000 r--s 00000000 08:01 282750                     /usr/lib/x86_64-linux-gnu/gconv/gconv-modules.cache
7f8684008000-7f868400b000 r--s 00000000 08:01 271247                     /var/cache/fontconfig/c57959a16110560c8d0fcea73374aeeb-le64.cache-3
7f868400b000-7f8684010000 r--s 00000000 08:01 271264                     /var/cache/fontconfig/3047814df9a2f067bd2d96a2b9c36e5a-le64.cache-3
7f8684010000-7f8684019000 r--s 00000000 08:01 277048                     /var/cache/fontconfig/945677eb7aeaf62f1d50efc3fb3ec7d8-le64.cache-3
7f8684019000-7f868401e000 r--s 00000000 08:01 271253                     /var/cache/fontconfig/6eb3985aa4124903f6ff08ba781cd364-le64.cache-3
7f868401e000-7f8684021000 ---p 00000000 00:00 0 
7f8684021000-7f868411f000 rw-p 00000000 00:00 0 
7f868411f000-7f8684124000 r-xp 00000000 08:01 264417                     /usr/lib/x86_64-linux-gnu/libXdmcp.so.6.0.0
7f8684124000-7f8684323000 ---p 00005000 08:01 264417                     /usr/lib/x86_64-linux-gnu/libXdmcp.so.6.0.0
7f8684323000-7f8684324000 rw-p 00004000 08:01 264417                     /usr/lib/x86_64-linux-gnu/libXdmcp.so.6.0.0
7f8684324000-7f8684326000 r-xp 00000000 08:01 264406                     /usr/lib/x86_64-linux-gnu/libXau.so.6.0.0
7f8684326000-7f8684526000 ---p 00002000 08:01 264406                     /usr/lib/x86_64-linux-gnu/libXau.so.6.0.0
7f8684526000-7f8684527000 rw-p 00002000 08:01 264406                     /usr/lib/x86_64-linux-gnu/libXau.so.6.0.0
7f8684527000-7f8684546000 r-xp 00000000 08:01 265852                     /usr/lib/x86_64-linux-gnu/libxcb.so.1.1.0
7f8684546000-7f8684745000 ---p 0001f000 08:01 265852                     /usr/lib/x86_64-linux-gnu/libxcb.so.1.1.0
7f8684745000-7f8684746000 r--p 0001e000 08:01 265852                     /usr/lib/x86_64-linux-gnu/libxcb.so.1.1.0
7f8684746000-7f8684747000 rw-p 0001f000 08:01 265852                     /usr/lib/x86_64-linux-gnu/libxcb.so.1.1.0
7f8684747000-7f8684755000 r-xp 00000000 08:01 265075                     /usr/lib/x86_64-linux-gnu/libXi.so.6.1.0
7f8684755000-7f8684955000 ---p 0000e000 08:01 265075                     /usr/lib/x86_64-linux-gnu/libXi.so.6.1.0
7f8684955000-7f8684956000 rw-p 0000e000 08:01 265075                     /usr/lib/x86_64-linux-gnu/libXi.so.6.1.0
7f8684956000-7f868495b000 r-xp 00000000 08:01 274483                     /usr/lib/x86_64-linux-gnu/libXtst.so.6.1.0
7f868495b000-7f8684b5a000 ---p 00005000 08:01 274483                     /usr/lib/x86_64-linux-gnu/libXtst.so.6.1.0
7f8684b5a000-7f8684b5b000 rw-p 00004000 08:01 274483                     /usr/lib/x86_64-linux-gnu/libXtst.so.6.1.0
7f8684b5b000-7f8684b64000 r-xp 00000000 08:01 264343                     /usr/lib/x86_64-linux-gnu/libXrender.so.1.3.0
7f8684b64000-7f8684d63000 ---p 00009000 08:01 264343                     /usr/lib/x86_64-linux-gnu/libXrender.so.1.3.0
7f8684d63000-7f8684d64000 rw-p 00008000 08:01 264343                     /usr/lib/x86_64-linux-gnu/libXrender.so.1.3.0
7f8684d64000-7f8684e99000 r-xp 00000000 08:01 265870                     /usr/lib/x86_64-linux-gnu/libX11.so.6.3.0
7f8684e99000-7f8685099000 ---p 00135000 08:01 265870                     /usr/lib/x86_64-linux-gnu/libX11.so.6.3.0
7f8685099000-7f868509f000 rw-p 00135000 08:01 265870                     /usr/lib/x86_64-linux-gnu/libX11.so.6.3.0
7f868509f000-7f86850b0000 r-xp 00000000 08:01 264595                     /usr/lib/x86_64-linux-gnu/libXext.so.6.4.0
7f86850b0000-7f86852b0000 ---p 00011000 08:01 264595                     /usr/lib/x86_64-linux-gnu/libXext.so.6.4.0
7f86852b0000-7f86852b1000 rw-p 00011000 08:01 264595                     /usr/lib/x86_64-linux-gnu/libXext.so.6.4.0
7f86852b1000-7f86852fe000 r-xp 00000000 08:01 144391                     /usr/lib/jvm/java-6-openjdk-amd64/jre/lib/amd64/xawt/libmawt.so
7f86852fe000-7f86854fd000 ---p 0004d000 08:01 144391                     /usr/lib/jvm/java-6-openjdk-amd64/jre/lib/amd64/xawt/libmawt.so
7f86854fd000-7f8685501000 rw-p 0004c000 08:01 144391                     /usr/lib/jvm/java-6-openjdk-amd64/jre/lib/amd64/xawt/libmawt.so
7f8685501000-7f8685502000 rw-p 00000000 00:00 0 
7f8685502000-7f86855b2000 r-xp 00000000 08:01 144230                     /usr/lib/jvm/java-6-openjdk-amd64/jre/lib/amd64/libawt.so
7f86855b2000-7f86857b1000 ---p 000b0000 08:01 144230                     /usr/lib/jvm/java-6-openjdk-amd64/jre/lib/amd64/libawt.so
7f86857b1000-7f86857bd000 rw-p 000af000 08:01 144230                     /usr/lib/jvm/java-6-openjdk-amd64/jre/lib/amd64/libawt.so
7f86857bd000-7f86857e1000 rw-p 00000000 00:00 0 
7f86857e1000-7f8685850000 r-xp 00000000 08:01 283042                     /tmp/libgdxnemo9955/b4a54a2/libgdx64.so
7f8685850000-7f8685a4f000 ---p 0006f000 08:01 283042                     /tmp/libgdxnemo9955/b4a54a2/libgdx64.so
7f8685a4f000-7f8685a51000 r--p 0006e000 08:01 283042                     /tmp/libgdxnemo9955/b4a54a2/libgdx64.so
7f8685a51000-7f8685a52000 rw-p 00070000 08:01 283042                     /tmp/libgdxnemo9955/b4a54a2/libgdx64.so
7f8685a52000-7f8685a53000 rw-p 00000000 00:00 0 
7f8685a53000-7f8685a54000 r--s 00127000 08:06 9437307                    /home/nemo9955/CodeStation/proiecte/Garden_Revolution/Garden_Revolution-desktop/libs/gdx-natives.jar
7f8685a54000-7f8685a55000 r--s 00004000 08:06 9437342                    /home/nemo9955/CodeStation/proiecte/Garden_Revolution/Garden_Revolution-desktop/libs/gdx-controllers-desktop.jar
7f8685a55000-7f8685a56000 r--s 00100000 08:06 9437237                    /home/nemo9955/CodeStation/proiecte/Garden_Revolution/Garden_Revolution-desktop/libs/gdx-controllers-desktop-natives.jar
7f8685a56000-7f8685a57000 rw-s 1e592000 00:05 4796                       /dev/nvidia0
7f8685a57000-7f8685a58000 rw-s fd060000 00:05 4796                       /dev/nvidia0
7f8685a58000-7f8685a5a000 r--s 00000000 08:01 271267                     /var/cache/fontconfig/e13b20fdb08344e0e664864cc2ede53d-le64.cache-3
7f8685a5a000-7f8685a5d000 r--s 00000000 08:01 271247                     /var/cache/fontconfig/c57959a16110560c8d0fcea73374aeeb-le64.cache-3
7f8685a5d000-7f8685a62000 r--s 00000000 08:01 271264                     /var/cache/fontconfig/3047814df9a2f067bd2d96a2b9c36e5a-le64.cache-3
7f8685a62000-7f8685a73000 r--s 00000000 08:01 271249                     /var/cache/fontconfig/d52a8644073d54c13679302ca1180695-le64.cache-3
7f8685a73000-7f8685a7a000 r--s 00000000 08:01 271258                     /var/cache/fontconfig/3f7329c5293ffd510edef78f73874cfd-le64.cache-3
7f8685a7a000-7f8685a7c000 r--s 00000000 08:01 271267                     /var/cache/fontconfig/e13b20fdb08344e0e664864cc2ede53d-le64.cache-3
7f8685a7c000-7f8685a83000 r--s 000fc000 08:01 143749                     /usr/lib/jvm/java-6-openjdk-common/jre/lib/resources.jar
7f8685a83000-7f8685a94000 r--s 0012b000 08:06 9437394                    /home/nemo9955/CodeStation/proiecte/Garden_Revolution/Garden_Revolution-desktop/libs/gdx-backend-lwjgl.jar
7f8685a94000-7f8685a9b000 r--s 0004c000 08:06 9437312                    /home/nemo9955/CodeStation/proiecte/Garden_Revolution/Garden_Revolution-main/libs/kryonet-2.21-all.jar
7f8685a9b000-7f8685a9c000 ---p 00000000 00:00 0 
7f8685a9c000-7f8685b9c000 rw-p 00000000 00:00 0 
7f8685b9c000-7f8685b9f000 ---p 00000000 00:00 0 
7f8685b9f000-7f8685c9d000 rw-p 00000000 00:00 0 
7f8685c9d000-7f8685ca0000 ---p 00000000 00:00 0 
7f8685ca0000-7f8685d9e000 rw-p 00000000 00:00 0 
7f8685d9e000-7f8685da1000 ---p 00000000 00:00 0 
7f8685da1000-7f8685e9f000 rw-p 00000000 00:00 0 
7f8685e9f000-7f8685ea2000 ---p 00000000 00:00 0 
7f8685ea2000-7f8685fa0000 rw-p 00000000 00:00 0 
7f8685fa0000-7f8685fa3000 ---p 00000000 00:00 0 
7f8685fa3000-7f86860a1000 rw-p 00000000 00:00 0 
7f86860a1000-7f86860a4000 ---p 00000000 00:00 0 
7f86860a4000-7f86861a2000 rw-p 00000000 00:00 0 
7f86861a2000-7f86861a6000 r-xp 00000000 08:01 144238                     /usr/lib/jvm/java-6-openjdk-amd64/jre/lib/amd64/libdt_socket.so
7f86861a6000-7f86863a5000 ---p 00004000 08:01 144238                     /usr/lib/jvm/java-6-openjdk-amd64/jre/lib/amd64/libdt_socket.so
7f86863a5000-7f86863a6000 rw-p 00003000 08:01 144238                     /usr/lib/jvm/java-6-openjdk-amd64/jre/lib/amd64/libdt_socket.so
7f86863a6000-7f86863a9000 ---p 00000000 00:00 0 
7f86863a9000-7f86864a7000 rw-p 00000000 00:00 0 
7f86864a7000-7f86864aa000 ---p 00000000 00:00 0 
7f86864aa000-7f86865a8000 rw-p 00000000 00:00 0 
7f86865a8000-7f86865ab000 ---p 00000000 00:00 0 
7f86865ab000-7f86866a9000 rw-p 00000000 00:00 0 
7f86866a9000-7f86866aa000 ---p 00000000 00:00 0 
7f86866aa000-7f8686ae0000 rw-p 00000000 00:00 0 
7f8686ae0000-7f8686c74000 r--s 03807000 08:01 144270                     /usr/lib/jvm/java-6-openjdk-amd64/jre/lib/rt.jar
7f8686c74000-7f8686c9c000 rw-p 00000000 00:00 0 
7f8686c9c000-7f8686c9d000 ---p 00000000 00:00 0 
7f8686c9d000-7f8686d9d000 rw-p 00000000 00:00 0 
7f8686d9d000-7f8686d9e000 ---p 00000000 00:00 0 
7f8686d9e000-7f8686ea9000 rw-p 00000000 00:00 0 
7f8686ea9000-7f8686ef1000 rw-p 00000000 00:00 0 
7f8686ef1000-7f8686f02000 rw-p 00000000 00:00 0 
7f8686f02000-7f8686ffd000 rw-p 00000000 00:00 0 
7f8686ffd000-7f8687008000 rw-p 00000000 00:00 0 
7f8687008000-7f8687050000 rw-p 00000000 00:00 0 
7f8687050000-7f8687061000 rw-p 00000000 00:00 0 
7f8687061000-7f868715c000 rw-p 00000000 00:00 0 
7f868715c000-7f8687165000 rw-p 00000000 00:00 0 
7f8687165000-7f86871e2000 rw-p 00000000 00:00 0 
7f86871e2000-7f86871e3000 rw-p 00000000 00:00 0 
7f86871e3000-7f8687453000 rwxp 00000000 00:00 0 
7f8687453000-7f868a1e3000 rw-p 00000000 00:00 0 
7f868a1e3000-7f868a1ea000 r-xp 00000000 08:01 144259                     /usr/lib/jvm/java-6-openjdk-amd64/jre/lib/amd64/libzip.so
7f868a1ea000-7f868a3e9000 ---p 00007000 08:01 144259                     /usr/lib/jvm/java-6-openjdk-amd64/jre/lib/amd64/libzip.so
7f868a3e9000-7f868a3ea000 rw-p 00006000 08:01 144259                     /usr/lib/jvm/java-6-openjdk-amd64/jre/lib/amd64/libzip.so
7f868a3ea000-7f868a3f5000 r-xp 00000000 08:01 916446                     /lib/x86_64-linux-gnu/libnss_files-2.13.so
7f868a3f5000-7f868a5f4000 ---p 0000b000 08:01 916446                     /lib/x86_64-linux-gnu/libnss_files-2.13.so
7f868a5f4000-7f868a5f5000 r--p 0000a000 08:01 916446                     /lib/x86_64-linux-gnu/libnss_files-2.13.so
7f868a5f5000-7f868a5f6000 rw-p 0000b000 08:01 916446                     /lib/x86_64-linux-gnu/libnss_files-2.13.so
7f868a5f6000-7f868a600000 r-xp 00000000 08:01 916442                     /lib/x86_64-linux-gnu/libnss_nis-2.13.so
7f868a600000-7f868a7ff000 ---p 0000a000 08:01 916442                     /lib/x86_64-linux-gnu/libnss_nis-2.13.so
7f868a7ff000-7f868a800000 r--p 00009000 08:01 916442                     /lib/x86_64-linux-gnu/libnss_nis-2.13.so
7f868a800000-7f868a801000 rw-p 0000a000 08:01 916442                     /lib/x86_64-linux-gnu/libnss_nis-2.13.so
7f868a801000-7f868a808000 r-xp 00000000 08:01 916435                     /lib/x86_64-linux-gnu/libnss_compat-2.13.so
7f868a808000-7f868aa07000 ---p 00007000 08:01 916435                     /lib/x86_64-linux-gnu/libnss_compat-2.13.so
7f868aa07000-7f868aa08000 r--p 00006000 08:01 916435                     /lib/x86_64-linux-gnu/libnss_compat-2.13.so
7f868aa08000-7f868aa09000 rw-p 00007000 08:01 916435                     /lib/x86_64-linux-gnu/libnss_compat-2.13.so
7f868aa09000-7f868ab80000 r--p 00000000 08:01 139605                     /usr/lib/locale/locale-archive
7f868ab80000-7f868ab83000 r-xp 00000000 08:01 144258                     /usr/lib/jvm/java-6-openjdk-amd64/jre/lib/amd64/libnpt.so
7f868ab83000-7f868ad82000 ---p 00003000 08:01 144258                     /usr/lib/jvm/java-6-openjdk-amd64/jre/lib/amd64/libnpt.so
7f868ad82000-7f868ad83000 rw-p 00002000 08:01 144258                     /usr/lib/jvm/java-6-openjdk-amd64/jre/lib/amd64/libnpt.so
7f868ad83000-7f868adbd000 r-xp 00000000 08:01 144255                     /usr/lib/jvm/java-6-openjdk-amd64/jre/lib/amd64/libjdwp.so
7f868adbd000-7f868afbc000 ---p 0003a000 08:01 144255                     /usr/lib/jvm/java-6-openjdk-amd64/jre/lib/amd64/libjdwp.so
7f868afbc000-7f868afbd000 rw-p 00039000 08:01 144255                     /usr/lib/jvm/java-6-openjdk-amd64/jre/lib/amd64/libjdwp.so
7f868afbd000-7f868afbe000 rw-p 00000000 00:00 0 
7f868afbe000-7f868afd3000 r-xp 00000000 08:01 916440                     /lib/x86_64-linux-gnu/libnsl-2.13.so
7f868afd3000-7f868b1d2000 ---p 00015000 08:01 916440                     /lib/x86_64-linux-gnu/libnsl-2.13.so
7f868b1d2000-7f868b1d3000 r--p 00014000 08:01 916440                     /lib/x86_64-linux-gnu/libnsl-2.13.so
7f868b1d3000-7f868b1d4000 rw-p 00015000 08:01 916440                     /lib/x86_64-linux-gnu/libnsl-2.13.so
7f868b1d4000-7f868b1d6000 rw-p 00000000 00:00 0 
7f868b1d6000-7f868b204000 r-xp 00000000 08:01 144245                     /usr/lib/jvm/java-6-openjdk-amd64/jre/lib/amd64/libjava.so
7f868b204000-7f868b403000 ---p 0002e000 08:01 144245                     /usr/lib/jvm/java-6-openjdk-amd64/jre/lib/amd64/libjava.so
7f868b403000-7f868b407000 rw-p 0002d000 08:01 144245                     /usr/lib/jvm/java-6-openjdk-amd64/jre/lib/amd64/libjava.so
7f868b407000-7f868b416000 r-xp 00000000 08:01 144228                     /usr/lib/jvm/java-6-openjdk-amd64/jre/lib/amd64/libverify.so
7f868b416000-7f868b615000 ---p 0000f000 08:01 144228                     /usr/lib/jvm/java-6-openjdk-amd64/jre/lib/amd64/libverify.so
7f868b615000-7f868b617000 rw-p 0000e000 08:01 144228                     /usr/lib/jvm/java-6-openjdk-amd64/jre/lib/amd64/libverify.so
7f868b617000-7f868b61e000 r-xp 00000000 08:01 916450                     /lib/x86_64-linux-gnu/librt-2.13.so
7f868b61e000-7f868b81d000 ---p 00007000 08:01 916450                     /lib/x86_64-linux-gnu/librt-2.13.so
7f868b81d000-7f868b81e000 r--p 00006000 08:01 916450                     /lib/x86_64-linux-gnu/librt-2.13.so
7f868b81e000-7f868b81f000 rw-p 00007000 08:01 916450                     /lib/x86_64-linux-gnu/librt-2.13.so
7f868b81f000-7f868b834000 r-xp 00000000 08:01 916059                     /lib/x86_64-linux-gnu/libgcc_s.so.1
7f868b834000-7f868ba34000 ---p 00015000 08:01 916059                     /lib/x86_64-linux-gnu/libgcc_s.so.1
7f868ba34000-7f868ba35000 rw-p 00015000 08:01 916059                     /lib/x86_64-linux-gnu/libgcc_s.so.1
7f868ba35000-7f868bab6000 r-xp 00000000 08:01 916437                     /lib/x86_64-linux-gnu/libm-2.13.so
7f868bab6000-7f868bcb5000 ---p 00081000 08:01 916437                     /lib/x86_64-linux-gnu/libm-2.13.so
7f868bcb5000-7f868bcb6000 r--p 00080000 08:01 916437                     /lib/x86_64-linux-gnu/libm-2.13.so
7f868bcb6000-7f868bcb7000 rw-p 00081000 08:01 916437                     /lib/x86_64-linux-gnu/libm-2.13.so
7f868bcb7000-7f868bd9f000 r-xp 00000000 08:01 265105                     /usr/lib/x86_64-linux-gnu/libstdc++.so.6.0.17
7f868bd9f000-7f868bf9f000 ---p 000e8000 08:01 265105                     /usr/lib/x86_64-linux-gnu/libstdc++.so.6.0.17
7f868bf9f000-7f868bfa7000 r--p 000e8000 08:01 265105                     /usr/lib/x86_64-linux-gnu/libstdc++.so.6.0.17
7f868bfa7000-7f868bfa9000 rw-p 000f0000 08:01 265105                     /usr/lib/x86_64-linux-gnu/libstdc++.so.6.0.17
7f868bfa9000-7f868bfbe000 rw-p 00000000 00:00 0 
7f868bfbe000-7f868c8d2000 r-xp 00000000 08:01 144235                     /usr/lib/jvm/java-6-openjdk-amd64/jre/lib/amd64/server/libjvm.so
7f868c8d2000-7f868cad1000 ---p 00914000 08:01 144235                     /usr/lib/jvm/java-6-openjdk-amd64/jre/lib/amd64/server/libjvm.so
7f868cad1000-7f868cb6d000 rw-p 00913000 08:01 144235                     /usr/lib/jvm/java-6-openjdk-amd64/jre/lib/amd64/server/libjvm.so
7f868cb6d000-7f868cb96000 rw-p 00000000 00:00 0 
7f868cb96000-7f868cd18000 r-xp 00000000 08:01 916430                     /lib/x86_64-linux-gnu/libc-2.13.so
7f868cd18000-7f868cf17000 ---p 00182000 08:01 916430                     /lib/x86_64-linux-gnu/libc-2.13.so
7f868cf17000-7f868cf1b000 r--p 00181000 08:01 916430                     /lib/x86_64-linux-gnu/libc-2.13.so
7f868cf1b000-7f868cf1c000 rw-p 00185000 08:01 916430                     /lib/x86_64-linux-gnu/libc-2.13.so
7f868cf1c000-7f868cf21000 rw-p 00000000 00:00 0 
7f868cf21000-7f868cf23000 r-xp 00000000 08:01 916444                     /lib/x86_64-linux-gnu/libdl-2.13.so
7f868cf23000-7f868d123000 ---p 00002000 08:01 916444                     /lib/x86_64-linux-gnu/libdl-2.13.so
7f868d123000-7f868d124000 r--p 00002000 08:01 916444                     /lib/x86_64-linux-gnu/libdl-2.13.so
7f868d124000-7f868d125000 rw-p 00003000 08:01 916444                     /lib/x86_64-linux-gnu/libdl-2.13.so
7f868d125000-7f868d129000 r-xp 00000000 08:01 144232                     /usr/lib/jvm/java-6-openjdk-amd64/jre/lib/amd64/jli/libjli.so
7f868d129000-7f868d328000 ---p 00004000 08:01 144232                     /usr/lib/jvm/java-6-openjdk-amd64/jre/lib/amd64/jli/libjli.so
7f868d328000-7f868d329000 rw-p 00003000 08:01 144232                     /usr/lib/jvm/java-6-openjdk-amd64/jre/lib/amd64/jli/libjli.so
7f868d329000-7f868d340000 r-xp 00000000 08:01 916448                     /lib/x86_64-linux-gnu/libpthread-2.13.so
7f868d340000-7f868d53f000 ---p 00017000 08:01 916448                     /lib/x86_64-linux-gnu/libpthread-2.13.so
7f868d53f000-7f868d540000 r--p 00016000 08:01 916448                     /lib/x86_64-linux-gnu/libpthread-2.13.so
7f868d540000-7f868d541000 rw-p 00017000 08:01 916448                     /lib/x86_64-linux-gnu/libpthread-2.13.so
7f868d541000-7f868d545000 rw-p 00000000 00:00 0 
7f868d545000-7f868d55b000 r-xp 00000000 08:01 916168                     /lib/x86_64-linux-gnu/libz.so.1.2.7
7f868d55b000-7f868d75a000 ---p 00016000 08:01 916168                     /lib/x86_64-linux-gnu/libz.so.1.2.7
7f868d75a000-7f868d75b000 r--p 00015000 08:01 916168                     /lib/x86_64-linux-gnu/libz.so.1.2.7
7f868d75b000-7f868d75c000 rw-p 00016000 08:01 916168                     /lib/x86_64-linux-gnu/libz.so.1.2.7
7f868d75c000-7f868d77c000 r-xp 00000000 08:01 32                         /lib64/ld-2.13.so
7f868d77c000-7f868d77e000 r--s 001a1000 08:06 9437380                    /home/nemo9955/CodeStation/proiecte/Garden_Revolution/Garden_Revolution-desktop/libs/gdx-backend-lwjgl-natives.jar
7f868d77e000-7f868d781000 r--s 0000b000 08:06 9437369                    /home/nemo9955/CodeStation/proiecte/Garden_Revolution/Garden_Revolution-main/libs/tween-engine-api.jar
7f868d781000-7f868d784000 r--s 0007f000 08:01 143741                     /usr/lib/jvm/java-6-openjdk-common/jre/lib/jsse.jar
7f868d784000-7f868d79a000 r--s 00157000 08:06 9437270                    /home/nemo9955/CodeStation/proiecte/Garden_Revolution/Garden_Revolution-main/libs/gdx.jar
7f868d79a000-7f868d7a4000 rw-p 00000000 00:00 0 
7f868d7a4000-7f868d85a000 rw-p 00000000 00:00 0 
7f868d85a000-7f868d85d000 ---p 00000000 00:00 0 
7f868d85d000-7f868d960000 rw-p 00000000 00:00 0 
7f868d960000-7f868d961000 r--s 00002000 08:06 9437214                    /home/nemo9955/CodeStation/proiecte/Garden_Revolution/Garden_Revolution-main/libs/gdx-controllers.jar
7f868d961000-7f868d965000 r--s 00039000 08:01 143733                     /usr/lib/jvm/java-6-openjdk-common/jre/lib/ext/sunpkcs11.jar
7f868d965000-7f868d967000 r--s 0000f000 08:01 143734                     /usr/lib/jvm/java-6-openjdk-common/jre/lib/ext/pulse-java.jar
7f868d967000-7f868d96a000 r--s 00031000 08:01 143736                     /usr/lib/jvm/java-6-openjdk-common/jre/lib/ext/sunjce_provider.jar
7f868d96a000-7f868d96d000 r--s 00077000 08:01 143735                     /usr/lib/jvm/java-6-openjdk-common/jre/lib/ext/localedata.jar
7f868d96d000-7f868d96f000 r--s 00001000 08:01 143737                     /usr/lib/jvm/java-6-openjdk-common/jre/lib/ext/dnsns.jar
7f868d96f000-7f868d970000 r--s 00007000 08:01 916596                     /usr/share/java/java-atk-wrapper.jar
7f868d970000-7f868d978000 rw-s 00000000 08:01 283054                     /tmp/hsperfdata_nemo9955/11110
7f868d978000-7f868d979000 rw-p 00000000 00:00 0 
7f868d979000-7f868d97a000 r--p 00000000 00:00 0 
7f868d97a000-7f868d97b000 rw-p 00000000 00:00 0 
7f868d97b000-7f868d97c000 r--p 0001f000 08:01 32                         /lib64/ld-2.13.so
7f868d97c000-7f868d97d000 rw-p 00020000 08:01 32                         /lib64/ld-2.13.so
7f868d97d000-7f868d97e000 rw-p 00000000 00:00 0 
7fffc637f000-7fffc63a0000 rw-p 00000000 00:00 0                          [stack]
7fffc63ff000-7fffc6400000 r-xp 00000000 00:00 0                          [vdso]
ffffffffff600000-ffffffffff601000 r-xp 00000000 00:00 0                  [vsyscall]

VM Arguments:
jvm_args: -agentlib:jdwp=transport=dt_socket,suspend=y,address=localhost:35636 -Dfile.encoding=UTF-8 
java_command: com.nemo9955.garden_revolution.Main
Launcher Type: SUN_STANDARD

Environment Variables:
PATH=/home/nemo9955/bin:/usr/sbin:/sbin:/usr/local/bin:/usr/bin:/bin:/usr/local/games:/usr/games
LD_LIBRARY_PATH=/usr/lib/jvm/java-6-openjdk-amd64/jre/lib/amd64/server:/usr/lib/jvm/java-6-openjdk-amd64/jre/lib/amd64:/usr/lib/jvm/java-6-openjdk-amd64/jre/../lib/amd64
SHELL=/bin/bash
DISPLAY=:0.0

Signal Handlers:
SIGSEGV: [libjvm.so+0x791b10], sa_mask[0]=0x7ffbfeff, sa_flags=0x10000004
SIGBUS: [libjvm.so+0x791b10], sa_mask[0]=0x7ffbfeff, sa_flags=0x10000004
SIGFPE: [libjvm.so+0x65ace0], sa_mask[0]=0x7ffbfeff, sa_flags=0x10000004
SIGPIPE: [libjvm.so+0x65ace0], sa_mask[0]=0x7ffbfeff, sa_flags=0x10000004
SIGXFSZ: [libjvm.so+0x65ace0], sa_mask[0]=0x7ffbfeff, sa_flags=0x10000004
SIGILL: [libjvm.so+0x65ace0], sa_mask[0]=0x7ffbfeff, sa_flags=0x10000004
SIGUSR1: SIG_DFL, sa_mask[0]=0x00000000, sa_flags=0x00000000
SIGUSR2: [libjvm.so+0x65aec0], sa_mask[0]=0x00000004, sa_flags=0x10000004
SIGHUP: [libjvm.so+0x65d500], sa_mask[0]=0x7ffbfeff, sa_flags=0x10000004
SIGINT: [libjvm.so+0x65d500], sa_mask[0]=0x7ffbfeff, sa_flags=0x10000004
SIGTERM: [libjvm.so+0x65d500], sa_mask[0]=0x7ffbfeff, sa_flags=0x10000004
SIGQUIT: [libjvm.so+0x65d500], sa_mask[0]=0x7ffbfeff, sa_flags=0x10000004


---------------  S Y S T E M  ---------------

OS:7.3

uname:Linux 3.2.0-4-amd64 #1 SMP Debian 3.2.51-1 x86_64
libc:glibc 2.13 NPTL 2.13 
rlimit: STACK 8192k, CORE 0k, NPROC 25587, NOFILE 4096, AS infinity
load average:0.36 0.41 0.40

/proc/meminfo:
MemTotal:        3287396 kB
MemFree:           88512 kB
Buffers:           21200 kB
Cached:           422580 kB
SwapCached:         1904 kB
Active:          2377164 kB
Inactive:         646868 kB
Active(anon):    2160408 kB
Inactive(anon):   434380 kB
Active(file):     216756 kB
Inactive(file):   212488 kB
Unevictable:           0 kB
Mlocked:               0 kB
SwapTotal:       3025916 kB
SwapFree:        2938412 kB
Dirty:               260 kB
Writeback:             0 kB
AnonPages:       2578628 kB
Mapped:           145184 kB
Shmem:             14580 kB
Slab:              71784 kB
SReclaimable:      42356 kB
SUnreclaim:        29428 kB
KernelStack:        4360 kB
PageTables:        31584 kB
NFS_Unstable:          0 kB
Bounce:                0 kB
WritebackTmp:          0 kB
CommitLimit:     4669612 kB
Committed_AS:    5263664 kB
VmallocTotal:   34359738367 kB
VmallocUsed:      321804 kB
VmallocChunk:   34359414004 kB
HardwareCorrupted:     0 kB
AnonHugePages:         0 kB
HugePages_Total:       0
HugePages_Free:        0
HugePages_Rsvd:        0
HugePages_Surp:        0
Hugepagesize:       2048 kB
DirectMap4k:      149184 kB
DirectMap2M:     3192832 kB


CPU:total 2 (2 cores per cpu, 1 threads per core) family 6 model 23 stepping 10, cmov, cx8, fxsr, mmx, sse, sse2, sse3, ssse3, sse4.1

Memory: 4k page, physical 3287396k(88512k free), swap 3025916k(2938412k free)

vm_info: OpenJDK 64-Bit Server VM (20.0-b12) for linux-amd64 JRE (1.6.0_27-b27), built on Jul 12 2013 09:04:12 by "jmm" with gcc 4.7.2

time: Sun Feb 23 23:08:26 2014
elapsed time: 145 seconds

