#
# A fatal error has been detected by the Java Runtime Environment:
#
#  SIGBUS (0x7) at pc=0x00007f50a017cc60, pid=11198, tid=139984066107136
#
# JRE version: 6.0_27-b27
# Java VM: OpenJDK 64-Bit Server VM (20.0-b12 mixed mode linux-amd64 compressed oops)
# Derivative: IcedTea6 1.12.6
# Distribution: Debian GNU/Linux 7.1 (wheezy), package 6b27-1.12.6-1~deb7u1
# Problematic frame:
# 
[error occurred during error reporting (printing problematic frame), id 0x7]

# If you would like to submit a bug report, please include
# instructions how to reproduce the bug and visit:
#   http://icedtea.classpath.org/bugzilla
# The crash happened outside the Java Virtual Machine in native code.
# See problematic frame for where to report the bug.
#

---------------  T H R E A D  ---------------

Current thread (0x00007f509c182000):  JavaThread "LWJGL Application" [_thread_in_native, id=11292, stack(0x00007f509478d000,0x00007f509488e000)]

siginfo:si_signo=SIGBUS: si_errno=0, si_code=2 (BUS_ADRERR), si_addr=0x00007f50a017cc60

Registers:
RAX=0x00007f509488ca28, RBX=0x00000000c3608730, RCX=0x0000000001ce60e0, RDX=0x0000000000000000
RSP=0x00007f509488c958, RBP=0x00007f509488c9a0, RSI=0x00007f509488c990, RDI=0x00007f509c1821d0
R8 =0x00000000f034f2a0, R9 =0x0000000000000001, R10=0x00007f50a43bd09e, R11=0x00000000f034f2a0
R12=0x0000000000000000, R13=0x00000000c3608730, R14=0x00007f509488c990, R15=0x00007f509c182000
RIP=0x00007f50a017cc60, EFLAGS=0x0000000000010246, CSGSFS=0x0000000000000033, ERR=0x0000000000000014
  TRAPNO=0x000000000000000e

Top of Stack: (sp=0x00007f509488c958)
0x00007f509488c958:   00007f50a43bd10c 00000000c36b1218
0x00007f509488c968:   0000000000000000 00000000c3608730
0x00007f509488c978:   0000000000000000 00007f509488c9b0
0x00007f509488c988:   00000000f034f2a0 00000000c3e5ebc8
0x00007f509488c998:   0000000000000000 00000000f034f2a0
0x00007f509488c9a8:   00007f50a4409d58 f036837800000000
0x00007f509488c9b8:   00000000f0368378 f034f2a0f0368378
0x00007f509488c9c8:   00000000f0368378 00000000f034f240
0x00007f509488c9d8:   00000000f0382238 c3e62290f0383248
0x00007f509488c9e8:   00000000f034f2a0 f02a0468f034f2c0
0x00007f509488c9f8:   00000000f034f2a0 00000000f02a0fe8
0x00007f509488ca08:   00000000f02a0fe8 0000000000000011
0x00007f509488ca18:   0000000000000000 000000359ecd8011
0x00007f509488ca28:   0000000000000011 0000000000000011
0x00007f509488ca38:   000000002602a373 000000000000003d
0x00007f509488ca48:   00007f50a441dfe4 00000000f02a0e90
0x00007f509488ca58:   00000000f02a0ed8 000001f400000320
0x00007f509488ca68:   0000000000000000 0000000000000001
0x00007f509488ca78:   00000000f02a0f98 00000000f02a0ed8
0x00007f509488ca88:   00000000f02a0ed8 00000000f02a0ed8
0x00007f509488ca98:   0000000000000007 0000000000000011
0x00007f509488caa8:   0000000000000000 00007f509488cb10
0x00007f509488cab8:   00007f50a42ff8da 00000000f02a0ed8
0x00007f509488cac8:   00000000f02a0e90 00007f509488cad0
0x00007f509488cad8:   00000000c39865cb 00007f509488cb28
0x00007f509488cae8:   00000000c3e34028 0000000000000000
0x00007f509488caf8:   00000000c3986628 00007f509488cac8
0x00007f509488cb08:   00007f509488cb28 00007f509488cb90
0x00007f509488cb18:   00007f50a42fa438 0000000000000000
0x00007f509488cb28:   00000000f02a0468 00007f5000001fa0
0x00007f509488cb38:   00007f50a42fa3af 00007f509488cd50
0x00007f509488cb48:   00007f509488cde0 00007f509c182000 

Instructions: (pc=0x00007f50a017cc60)
0x00007f50a017cc40:   
[error occurred during error reporting (printing registers, top of stack, instructions near pc), id 0x7]

Register to memory mapping:

RAX=0x00007f509488ca28 is pointing into the stack for thread: 0x00007f509c182000
RBX=0x00000000c3608730 is an oop
{method} 
 - klass: {other class}
RCX=0x0000000001ce60e0 is an unknown value
RDX=0x0000000000000000 is an unknown value
RSP=0x00007f509488c958 is pointing into the stack for thread: 0x00007f509c182000
RBP=0x00007f509488c9a0 is pointing into the stack for thread: 0x00007f509c182000
RSI=0x00007f509488c990 is pointing into the stack for thread: 0x00007f509c182000
RDI=0x00007f509c1821d0 is an unknown value
R8 =0x00000000f034f2a0 is an oop
org.lwjgl.opengl.LinuxDisplayPeerInfo 
 - klass: 'org/lwjgl/opengl/LinuxDisplayPeerInfo'
R9 =0x0000000000000001 is an unknown value
R10=0x00007f50a43bced0 [CodeBlob (0x00007f50a43bced0)]
Framesize: 10
R11=0x00000000f034f2a0 is an oop
org.lwjgl.opengl.LinuxDisplayPeerInfo 
 - klass: 'org/lwjgl/opengl/LinuxDisplayPeerInfo'
R12=0x0000000000000000 is an unknown value
R13=0x00000000c3608730 is an oop
{method} 
 - klass: {other class}
R14=0x00007f509488c990 is pointing into the stack for thread: 0x00007f509c182000
R15=0x00007f509c182000 is a thread


Stack: [0x00007f509478d000,0x00007f509488e000],  sp=0x00007f509488c958,  free space=1022k
Native frames: (J=compiled Java code, j=interpreted, Vv=VM code, C=native code)

[error occurred during error reporting (printing native stack), id 0x7]

Java frames: (J=compiled Java code, j=interpreted, Vv=VM code)
J  org.lwjgl.opengl.LinuxDisplay.nUnlockAWT()V
J  org.lwjgl.opengl.Display.update(Z)V
J  com.badlogic.gdx.backends.lwjgl.LwjglApplication.mainLoop()V
j  com.badlogic.gdx.backends.lwjgl.LwjglApplication$1.run()V+27
v  ~StubRoutines::call_stub

---------------  P R O C E S S  ---------------

Java Threads: ( => current thread )
  0x00007f509c7bd800 JavaThread "AsynchExecutor-Thread" daemon [_thread_blocked, id=11297, stack(0x00007f509468c000,0x00007f509478d000)]
  0x00007f509c1e8000 JavaThread "DestroyJavaVM" [_thread_blocked, id=11204, stack(0x00007f50aa971000,0x00007f50aaa72000)]
=>0x00007f509c182000 JavaThread "LWJGL Application" [_thread_in_native, id=11292, stack(0x00007f509478d000,0x00007f509488e000)]
  0x00007f509c14a000 JavaThread "AWT-XAWT" daemon [_thread_in_native, id=11288, stack(0x00007f50a08b8000,0x00007f50a09b9000)]
  0x00007f509c0d9800 JavaThread "Java2D Disposer" daemon [_thread_blocked, id=11287, stack(0x00007f50a0c57000,0x00007f50a0d58000)]
  0x000000000190e000 JavaThread "Low Memory Detector" daemon [_thread_blocked, id=11222, stack(0x00007f50a2cb3000,0x00007f50a2db4000)]
  0x0000000001908800 JavaThread "C2 CompilerThread1" daemon [_thread_blocked, id=11220, stack(0x00007f50a2db4000,0x00007f50a2eb5000)]
  0x0000000001905000 JavaThread "C2 CompilerThread0" daemon [_thread_blocked, id=11219, stack(0x00007f50a2eb5000,0x00007f50a2fb6000)]
  0x00000000018f7800 JavaThread "JDWP Command Reader" daemon [_thread_in_native, id=11216, stack(0x00007f50a2fb6000,0x00007f50a30b7000)]
  0x00000000018f5800 JavaThread "JDWP Event Helper Thread" daemon [_thread_blocked, id=11215, stack(0x00007f50a30b7000,0x00007f50a31b8000)]
  0x00000000018f2000 JavaThread "JDWP Transport Listener: dt_socket" daemon [_thread_blocked, id=11212, stack(0x00007f50a31b8000,0x00007f50a32b9000)]
  0x00000000018e4000 JavaThread "Signal Dispatcher" daemon [_thread_blocked, id=11210, stack(0x00007f50a34bd000,0x00007f50a35be000)]
  0x00000000018c0800 JavaThread "Finalizer" daemon [_thread_blocked, id=11209, stack(0x00007f50a35be000,0x00007f50a36bf000)]
  0x00000000018be800 JavaThread "Reference Handler" daemon [_thread_blocked, id=11208, stack(0x00007f50a36bf000,0x00007f50a37c0000)]

Other Threads:
  0x00000000018b9800 VMThread [stack: 0x00007f50a37c0000,0x00007f50a38c1000] [id=11207]
  0x0000000001910800 WatcherThread [stack: 0x00007f50a2bb2000,0x00007f50a2cb3000] [id=11223]

VM state:not at safepoint (normal execution)

VM Mutex/Monitor currently owned by a thread: None

Heap
 PSYoungGen      total 14976K, used 8474K [0x00000000ef400000, 0x00000000f04b0000, 0x0000000100000000)
  eden space 12864K, 57% used [0x00000000ef400000,0x00000000efb2f838,0x00000000f0090000)
  from space 2112K, 52% used [0x00000000f02a0000,0x00000000f03b7140,0x00000000f04b0000)
  to   space 2112K, 0% used [0x00000000f0090000,0x00000000f0090000,0x00000000f02a0000)
 PSOldGen        total 34304K, used 0K [0x00000000cdc00000, 0x00000000cfd80000, 0x00000000ef400000)
  object space 34304K, 0% used [0x00000000cdc00000,0x00000000cdc00000,0x00000000cfd80000)
 PSPermGen       total 21248K, used 13564K [0x00000000c3600000, 0x00000000c4ac0000, 0x00000000cdc00000)
  object space 21248K, 63% used [0x00000000c3600000,0x00000000c433f130,0x00000000c4ac0000)

Code Cache  [0x00007f50a42fa000, 0x00007f50a456a000, 0x00007f50a72fa000)
 total_blobs=809 nmethods=293 adapters=478 free_code_cache=49152320 largest_free_block=22912

Dynamic libraries:
00400000-00409000 r-xp 00000000 08:01 144298                             /usr/lib/jvm/java-6-openjdk-amd64/jre/bin/java
00608000-00609000 rw-p 00008000 08:01 144298                             /usr/lib/jvm/java-6-openjdk-amd64/jre/bin/java
01846000-02d03000 rw-p 00000000 00:00 0                                  [heap]
40a78000-40af6000 rw-p 00000000 00:00 0 
410b1000-410b3000 r-xs 00000000 08:01 283050                             /tmp/glKl4xCm (deleted)
c3600000-c4ac0000 rw-p 00000000 00:00 0 
c4ac0000-cdc00000 rw-p 00000000 00:00 0 
cdc00000-cfd80000 rw-p 00000000 00:00 0 
cfd80000-ef400000 rw-p 00000000 00:00 0 
ef400000-f04b0000 rw-p 00000000 00:00 0 
f04b0000-100000000 rw-p 00000000 00:00 0 
7f5090b87000-7f5090baa000 r-xp 00000000 08:01 400708                     /tmp/libgdxnemo9955/b97b1fcd/libgdx-controllers-desktop64.so
7f5090baa000-7f5090daa000 ---p 00023000 08:01 400708                     /tmp/libgdxnemo9955/b97b1fcd/libgdx-controllers-desktop64.so
7f5090daa000-7f5090dab000 r--p 00023000 08:01 400708                     /tmp/libgdxnemo9955/b97b1fcd/libgdx-controllers-desktop64.so
7f5090dab000-7f5090dac000 rw-p 00024000 08:01 400708                     /tmp/libgdxnemo9955/b97b1fcd/libgdx-controllers-desktop64.so
7f5090dac000-7f5090dc1000 r-xp 00000000 08:01 144247                     /usr/lib/jvm/java-6-openjdk-amd64/jre/lib/amd64/libnet.so
7f5090dc1000-7f5090fc0000 ---p 00015000 08:01 144247                     /usr/lib/jvm/java-6-openjdk-amd64/jre/lib/amd64/libnet.so
7f5090fc0000-7f5090fc1000 rw-p 00014000 08:01 144247                     /usr/lib/jvm/java-6-openjdk-amd64/jre/lib/amd64/libnet.so
7f5090fc1000-7f50913c1000 rw-s b4a34000 00:05 4796                       /dev/nvidia0
7f50913c1000-7f50917c1000 rw-s 092a2000 00:05 4796                       /dev/nvidia0
7f50917c1000-7f50919c1000 rw-s 2cee3000 00:05 4796                       /dev/nvidia0
7f50919c1000-7f5091bc1000 rw-s c6585000 00:05 4796                       /dev/nvidia0
7f5091bc1000-7f5091cc1000 rw-s 09081000 00:05 4796                       /dev/nvidia0
7f5091cc1000-7f5091d35000 rw-p 00000000 00:00 0 
7f5091d42000-7f5091d82000 rw-s 5c9c0000 00:05 4796                       /dev/nvidia0
7f5091d82000-7f5093752000 r-xp 00000000 08:01 282961                     /usr/lib/x86_64-linux-gnu/libnvidia-glcore.so.304.88
7f5093752000-7f5093951000 ---p 019d0000 08:01 282961                     /usr/lib/x86_64-linux-gnu/libnvidia-glcore.so.304.88
7f5093951000-7f5094152000 rwxp 019cf000 08:01 282961                     /usr/lib/x86_64-linux-gnu/libnvidia-glcore.so.304.88
7f5094152000-7f509416c000 rwxp 00000000 00:00 0 
7f509416c000-7f509416f000 r-xp 00000000 08:01 551171                     /usr/lib/x86_64-linux-gnu/tls/libnvidia-tls.so.304.88
7f509416f000-7f509436e000 ---p 00003000 08:01 551171                     /usr/lib/x86_64-linux-gnu/tls/libnvidia-tls.so.304.88
7f509436e000-7f509436f000 rw-p 00002000 08:01 551171                     /usr/lib/x86_64-linux-gnu/tls/libnvidia-tls.so.304.88
7f509436f000-7f5094439000 r-xp 00000000 08:01 678444                     /usr/lib/x86_64-linux-gnu/nvidia/current/libGL.so.304.88
7f5094439000-7f5094639000 ---p 000ca000 08:01 678444                     /usr/lib/x86_64-linux-gnu/nvidia/current/libGL.so.304.88
7f5094639000-7f5094676000 rwxp 000ca000 08:01 678444                     /usr/lib/x86_64-linux-gnu/nvidia/current/libGL.so.304.88
7f5094676000-7f509468c000 rwxp 00000000 00:00 0 
7f509468c000-7f509468f000 ---p 00000000 00:00 0 
7f509468f000-7f509478d000 rw-p 00000000 00:00 0 
7f509478d000-7f5094790000 ---p 00000000 00:00 0 
7f5094790000-7f509488e000 rw-p 00000000 00:00 0 
7f509488e000-7f509888f000 rw-s 00000000 00:11 917703                     /run/shm/pulse-shm-179773879
7f509888f000-7f5098890000 ---p 00000000 00:00 0 
7f5098890000-7f5099090000 rw-p 00000000 00:00 0 
7f5099090000-7f50990a3000 r-xp 00000000 08:01 916431                     /lib/x86_64-linux-gnu/libresolv-2.13.so
7f50990a3000-7f50992a2000 ---p 00013000 08:01 916431                     /lib/x86_64-linux-gnu/libresolv-2.13.so
7f50992a2000-7f50992a3000 r--p 00012000 08:01 916431                     /lib/x86_64-linux-gnu/libresolv-2.13.so
7f50992a3000-7f50992a4000 rw-p 00013000 08:01 916431                     /lib/x86_64-linux-gnu/libresolv-2.13.so
7f50992a4000-7f50992a6000 rw-p 00000000 00:00 0 
7f50992a6000-7f50992ac000 r-xp 00000000 08:01 264971                     /usr/lib/x86_64-linux-gnu/libogg.so.0.8.0
7f50992ac000-7f50994ab000 ---p 00006000 08:01 264971                     /usr/lib/x86_64-linux-gnu/libogg.so.0.8.0
7f50994ab000-7f50994ac000 rw-p 00005000 08:01 264971                     /usr/lib/x86_64-linux-gnu/libogg.so.0.8.0
7f50994ac000-7f50994d8000 r-xp 00000000 08:01 265193                     /usr/lib/x86_64-linux-gnu/libvorbis.so.0.4.5
7f50994d8000-7f50996d7000 ---p 0002c000 08:01 265193                     /usr/lib/x86_64-linux-gnu/libvorbis.so.0.4.5
7f50996d7000-7f50996d8000 r--p 0002b000 08:01 265193                     /usr/lib/x86_64-linux-gnu/libvorbis.so.0.4.5
7f50996d8000-7f50996d9000 rw-p 0002c000 08:01 265193                     /usr/lib/x86_64-linux-gnu/libvorbis.so.0.4.5
7f50996d9000-7f509998c000 r-xp 00000000 08:01 265195                     /usr/lib/x86_64-linux-gnu/libvorbisenc.so.2.0.8
7f509998c000-7f5099b8b000 ---p 002b3000 08:01 265195                     /usr/lib/x86_64-linux-gnu/libvorbisenc.so.2.0.8
7f5099b8b000-7f5099ba7000 r--p 002b2000 08:01 265195                     /usr/lib/x86_64-linux-gnu/libvorbisenc.so.2.0.8
7f5099ba7000-7f5099ba8000 rw-p 002ce000 08:01 265195                     /usr/lib/x86_64-linux-gnu/libvorbisenc.so.2.0.8
7f5099ba8000-7f5099bf3000 r-xp 00000000 08:01 264365                     /usr/lib/x86_64-linux-gnu/libFLAC.so.8.2.0
7f5099bf3000-7f5099df2000 ---p 0004b000 08:01 264365                     /usr/lib/x86_64-linux-gnu/libFLAC.so.8.2.0
7f5099df2000-7f5099df3000 r--p 0004a000 08:01 264365                     /usr/lib/x86_64-linux-gnu/libFLAC.so.8.2.0
7f5099df3000-7f5099df4000 rw-p 0004b000 08:01 264365                     /usr/lib/x86_64-linux-gnu/libFLAC.so.8.2.0
7f5099df4000-7f5099df8000 r-xp 00000000 08:01 916163                     /lib/x86_64-linux-gnu/libuuid.so.1.3.0
7f5099df8000-7f5099ff7000 ---p 00004000 08:01 916163                     /lib/x86_64-linux-gnu/libuuid.so.1.3.0
7f5099ff7000-7f5099ff8000 r--p 00003000 08:01 916163                     /lib/x86_64-linux-gnu/libuuid.so.1.3.0
7f5099ff8000-7f5099ff9000 rw-p 00004000 08:01 916163                     /lib/x86_64-linux-gnu/libuuid.so.1.3.0
7f5099ff9000-7f5099ffd000 r-xp 00000000 08:01 916027                     /lib/x86_64-linux-gnu/libattr.so.1.1.0
7f5099ffd000-7f509a1fc000 ---p 00004000 08:01 916027                     /lib/x86_64-linux-gnu/libattr.so.1.1.0
7f509a1fc000-7f509a1fd000 r--p 00003000 08:01 916027                     /lib/x86_64-linux-gnu/libattr.so.1.1.0
7f509a1fd000-7f509a1fe000 rw-p 00004000 08:01 916027                     /lib/x86_64-linux-gnu/libattr.so.1.1.0
7f509a1fe000-7f509a203000 r-xp 00000000 08:01 264468                     /usr/lib/x86_64-linux-gnu/libasyncns.so.0.3.1
7f509a203000-7f509a402000 ---p 00005000 08:01 264468                     /usr/lib/x86_64-linux-gnu/libasyncns.so.0.3.1
7f509a402000-7f509a403000 rw-p 00004000 08:01 264468                     /usr/lib/x86_64-linux-gnu/libasyncns.so.0.3.1
7f509a403000-7f509a464000 r-xp 00000000 08:01 265087                     /usr/lib/x86_64-linux-gnu/libsndfile.so.1.0.25
7f509a464000-7f509a663000 ---p 00061000 08:01 265087                     /usr/lib/x86_64-linux-gnu/libsndfile.so.1.0.25
7f509a663000-7f509a665000 r--p 00060000 08:01 265087                     /usr/lib/x86_64-linux-gnu/libsndfile.so.1.0.25
7f509a665000-7f509a666000 rw-p 00062000 08:01 265087                     /usr/lib/x86_64-linux-gnu/libsndfile.so.1.0.25
7f509a666000-7f509a66a000 rw-p 00000000 00:00 0 
7f509a66a000-7f509a673000 r-xp 00000000 08:01 916165                     /lib/x86_64-linux-gnu/libwrap.so.0.7.6
7f509a673000-7f509a872000 ---p 00009000 08:01 916165                     /lib/x86_64-linux-gnu/libwrap.so.0.7.6
7f509a872000-7f509a873000 r--p 00008000 08:01 916165                     /lib/x86_64-linux-gnu/libwrap.so.0.7.6
7f509a873000-7f509a874000 rw-p 00009000 08:01 916165                     /lib/x86_64-linux-gnu/libwrap.so.0.7.6
7f509a874000-7f509a875000 rw-p 00000000 00:00 0 
7f509a875000-7f509a87c000 r-xp 00000000 08:01 264394                     /usr/lib/x86_64-linux-gnu/libSM.so.6.0.1
7f509a87c000-7f509aa7b000 ---p 00007000 08:01 264394                     /usr/lib/x86_64-linux-gnu/libSM.so.6.0.1
7f509aa7b000-7f509aa7c000 rw-p 00006000 08:01 264394                     /usr/lib/x86_64-linux-gnu/libSM.so.6.0.1
7f509aa7c000-7f509aa93000 r-xp 00000000 08:01 264375                     /usr/lib/x86_64-linux-gnu/libICE.so.6.3.0
7f509aa93000-7f509ac92000 ---p 00017000 08:01 264375                     /usr/lib/x86_64-linux-gnu/libICE.so.6.3.0
7f509ac92000-7f509ac94000 rw-p 00016000 08:01 264375                     /usr/lib/x86_64-linux-gnu/libICE.so.6.3.0
7f509ac94000-7f509ac97000 rw-p 00000000 00:00 0 
7f509ac97000-7f509ac98000 r-xp 00000000 08:01 272883                     /usr/lib/x86_64-linux-gnu/libX11-xcb.so.1.0.0
7f509ac98000-7f509ae97000 ---p 00001000 08:01 272883                     /usr/lib/x86_64-linux-gnu/libX11-xcb.so.1.0.0
7f509ae97000-7f509ae98000 rw-p 00000000 08:01 272883                     /usr/lib/x86_64-linux-gnu/libX11-xcb.so.1.0.0
7f509ae98000-7f509ae9c000 r-xp 00000000 08:01 916038                     /lib/x86_64-linux-gnu/libcap.so.2.22
7f509ae9c000-7f509b09b000 ---p 00004000 08:01 916038                     /lib/x86_64-linux-gnu/libcap.so.2.22
7f509b09b000-7f509b09c000 rw-p 00003000 08:01 916038                     /lib/x86_64-linux-gnu/libcap.so.2.22
7f509b09c000-7f509b0e0000 r-xp 00000000 08:01 916060                     /lib/x86_64-linux-gnu/libdbus-1.so.3.7.2
7f509b0e0000-7f509b2e0000 ---p 00044000 08:01 916060                     /lib/x86_64-linux-gnu/libdbus-1.so.3.7.2
7f509b2e0000-7f509b2e1000 r--p 00044000 08:01 916060                     /lib/x86_64-linux-gnu/libdbus-1.so.3.7.2
7f509b2e1000-7f509b2e2000 rw-p 00045000 08:01 916060                     /lib/x86_64-linux-gnu/libdbus-1.so.3.7.2
7f509b2e2000-7f509b343000 r-xp 00000000 08:01 265339                     /usr/lib/x86_64-linux-gnu/pulseaudio/libpulsecommon-2.0.so
7f509b343000-7f509b542000 ---p 00061000 08:01 265339                     /usr/lib/x86_64-linux-gnu/pulseaudio/libpulsecommon-2.0.so
7f509b542000-7f509b543000 r--p 00060000 08:01 265339                     /usr/lib/x86_64-linux-gnu/pulseaudio/libpulsecommon-2.0.so
7f509b543000-7f509b545000 rw-p 00061000 08:01 265339                     /usr/lib/x86_64-linux-gnu/pulseaudio/libpulsecommon-2.0.so
7f509b545000-7f509b54e000 r-xp 00000000 08:01 916072                     /lib/x86_64-linux-gnu/libjson.so.0.1.0
7f509b54e000-7f509b74d000 ---p 00009000 08:01 916072                     /lib/x86_64-linux-gnu/libjson.so.0.1.0
7f509b74d000-7f509b74e000 r--p 00008000 08:01 916072                     /lib/x86_64-linux-gnu/libjson.so.0.1.0
7f509b74e000-7f509b74f000 rw-p 00009000 08:01 916072                     /lib/x86_64-linux-gnu/libjson.so.0.1.0
7f509b74f000-7f509b798000 r-xp 00000000 08:01 265053                     /usr/lib/x86_64-linux-gnu/libpulse.so.0.14.2
7f509b798000-7f509b997000 ---p 00049000 08:01 265053                     /usr/lib/x86_64-linux-gnu/libpulse.so.0.14.2
7f509b997000-7f509b998000 r--p 00048000 08:01 265053                     /usr/lib/x86_64-linux-gnu/libpulse.so.0.14.2
7f509b998000-7f509b999000 rw-p 00049000 08:01 265053                     /usr/lib/x86_64-linux-gnu/libpulse.so.0.14.2
7f509b999000-7f509b9ee000 r-xp 00000000 08:01 283048                     /tmp/libgdxnemo9955/7b43be9b/libopenal64.so
7f509b9ee000-7f509bbed000 ---p 00055000 08:01 283048                     /tmp/libgdxnemo9955/7b43be9b/libopenal64.so
7f509bbed000-7f509bbf0000 r--p 00054000 08:01 283048                     /tmp/libgdxnemo9955/7b43be9b/libopenal64.so
7f509bbf0000-7f509bbf1000 rw-p 00057000 08:01 283048                     /tmp/libgdxnemo9955/7b43be9b/libopenal64.so
7f509bbf1000-7f509bbf2000 rw-p 00000000 00:00 0 
7f509bbf2000-7f509bbf6000 r-xp 00000000 08:01 273334                     /usr/lib/x86_64-linux-gnu/libXxf86vm.so.1.0.0
7f509bbf6000-7f509bdf6000 ---p 00004000 08:01 273334                     /usr/lib/x86_64-linux-gnu/libXxf86vm.so.1.0.0
7f509bdf6000-7f509bdf7000 r--p 00004000 08:01 273334                     /usr/lib/x86_64-linux-gnu/libXxf86vm.so.1.0.0
7f509bdf7000-7f509bdf8000 rw-p 00005000 08:01 273334                     /usr/lib/x86_64-linux-gnu/libXxf86vm.so.1.0.0
7f509bdf8000-7f509bdff000 r-xp 00000000 08:01 265883                     /usr/lib/x86_64-linux-gnu/libXrandr.so.2.2.0
7f509bdff000-7f509bfff000 ---p 00007000 08:01 265883                     /usr/lib/x86_64-linux-gnu/libXrandr.so.2.2.0
7f509bfff000-7f509c000000 rw-p 00007000 08:01 265883                     /usr/lib/x86_64-linux-gnu/libXrandr.so.2.2.0
7f509c000000-7f509e542000 rw-p 00000000 00:00 0 
7f509e542000-7f50a0000000 ---p 00000000 00:00 0 
7f50a0033000-7f50a0034000 ---p 00000000 00:00 0 
7f50a0034000-7f50a0134000 rw-p 00000000 00:00 0 
7f50a0134000-7f50a01a0000 r-xp 00000000 08:01 282252                     /tmp/libgdxnemo9955/7b43be9b/liblwjgl64.so (deleted)
7f50a01a0000-7f50a039f000 ---p 0006c000 08:01 282252                     /tmp/libgdxnemo9955/7b43be9b/liblwjgl64.so (deleted)
7f50a039f000-7f50a03a1000 r--p 0006b000 08:01 282252                     /tmp/libgdxnemo9955/7b43be9b/liblwjgl64.so (deleted)
7f50a03a1000-7f50a03a2000 rw-p 0006d000 08:01 282252                     /tmp/libgdxnemo9955/7b43be9b/liblwjgl64.so (deleted)
7f50a03a2000-7f50a03a3000 r-xp 00000000 08:01 144229                     /usr/lib/jvm/java-6-openjdk-amd64/jre/lib/amd64/libjawt.so
7f50a03a3000-7f50a05a2000 ---p 00001000 08:01 144229                     /usr/lib/jvm/java-6-openjdk-amd64/jre/lib/amd64/libjawt.so
7f50a05a2000-7f50a05a3000 rw-p 00000000 08:01 144229                     /usr/lib/jvm/java-6-openjdk-amd64/jre/lib/amd64/libjawt.so
7f50a05a3000-7f50a05a8000 r-xp 00000000 08:01 273531                     /usr/lib/x86_64-linux-gnu/libXfixes.so.3.1.0
7f50a05a8000-7f50a07a7000 ---p 00005000 08:01 273531                     /usr/lib/x86_64-linux-gnu/libXfixes.so.3.1.0
7f50a07a7000-7f50a07a8000 r--p 00004000 08:01 273531                     /usr/lib/x86_64-linux-gnu/libXfixes.so.3.1.0
7f50a07a8000-7f50a07a9000 rw-p 00005000 08:01 273531                     /usr/lib/x86_64-linux-gnu/libXfixes.so.3.1.0
7f50a07a9000-7f50a07b2000 r--s 00000000 08:01 277048                     /var/cache/fontconfig/945677eb7aeaf62f1d50efc3fb3ec7d8-le64.cache-3
7f50a07b2000-7f50a07b7000 r--s 00000000 08:01 271253                     /var/cache/fontconfig/6eb3985aa4124903f6ff08ba781cd364-le64.cache-3
7f50a07b7000-7f50a07c0000 r--s 00000000 08:01 278568                     /var/cache/fontconfig/6d41288fd70b0be22e8c3a91e032eec0-le64.cache-3
7f50a07c0000-7f50a07ee000 r--s 00000000 08:01 271260                     /var/cache/fontconfig/365b55f210c0a22e9a19e35191240f32-le64.cache-3
7f50a07ee000-7f50a07f1000 r--s 00000000 08:01 271247                     /var/cache/fontconfig/c57959a16110560c8d0fcea73374aeeb-le64.cache-3
7f50a07f1000-7f50a07f6000 r--s 00000000 08:01 271264                     /var/cache/fontconfig/3047814df9a2f067bd2d96a2b9c36e5a-le64.cache-3
7f50a07fd000-7f50a089b000 rw-p 00000000 00:00 0 
7f50a089b000-7f50a08b8000 rw-s 373f9000 00:05 4796                       /dev/nvidia0
7f50a08b8000-7f50a08bb000 ---p 00000000 00:00 0 
7f50a08bb000-7f50a09b9000 rw-p 00000000 00:00 0 
7f50a09b9000-7f50a09c2000 r--s 00000000 08:01 277048                     /var/cache/fontconfig/945677eb7aeaf62f1d50efc3fb3ec7d8-le64.cache-3
7f50a09c2000-7f50a09c7000 r--s 00000000 08:01 271253                     /var/cache/fontconfig/6eb3985aa4124903f6ff08ba781cd364-le64.cache-3
7f50a09c7000-7f50a09d0000 r--s 00000000 08:01 278568                     /var/cache/fontconfig/6d41288fd70b0be22e8c3a91e032eec0-le64.cache-3
7f50a09d0000-7f50a09fe000 r--s 00000000 08:01 271260                     /var/cache/fontconfig/365b55f210c0a22e9a19e35191240f32-le64.cache-3
7f50a09fe000-7f50a0a01000 r--s 00000000 08:01 271247                     /var/cache/fontconfig/c57959a16110560c8d0fcea73374aeeb-le64.cache-3
7f50a0a01000-7f50a0a06000 r--s 00000000 08:01 271264                     /var/cache/fontconfig/3047814df9a2f067bd2d96a2b9c36e5a-le64.cache-3
7f50a0a19000-7f50a0a23000 r-xp 00000000 08:01 264474                     /usr/lib/x86_64-linux-gnu/libXcursor.so.1.0.2
7f50a0a23000-7f50a0c22000 ---p 0000a000 08:01 264474                     /usr/lib/x86_64-linux-gnu/libXcursor.so.1.0.2
7f50a0c22000-7f50a0c23000 rw-p 00009000 08:01 264474                     /usr/lib/x86_64-linux-gnu/libXcursor.so.1.0.2
7f50a0c23000-7f50a0c25000 rw-p 00000000 00:00 0 
7f50a0c25000-7f50a0c27000 rw-s 00000000 08:01 283050                     /tmp/glKl4xCm (deleted)
7f50a0c27000-7f50a0c2b000 rw-s 10380000 00:05 4796                       /dev/nvidia0
7f50a0c2b000-7f50a0c2c000 rw-s d0005000 00:05 4796                       /dev/nvidia0
7f50a0c2c000-7f50a0c2d000 rw-s bb308000 00:05 4796                       /dev/nvidia0
7f50a0c2d000-7f50a0c31000 rw-s 1ec35000 00:05 4796                       /dev/nvidia0
7f50a0c31000-7f50a0c32000 rw-s fdc08000 00:05 4796                       /dev/nvidia0
7f50a0c32000-7f50a0c33000 rw-s fd641000 00:05 4796                       /dev/nvidia0
7f50a0c33000-7f50a0c34000 rw-s 3724b000 00:05 4796                       /dev/nvidia0
7f50a0c34000-7f50a0c35000 rw-s 1e5c3000 00:05 4796                       /dev/nvidia0
7f50a0c35000-7f50a0c36000 rw-s fd060000 00:05 4796                       /dev/nvidia0
7f50a0c36000-7f50a0c3d000 r--s 00000000 08:01 282750                     /usr/lib/x86_64-linux-gnu/gconv/gconv-modules.cache
7f50a0c3d000-7f50a0c4e000 r--s 00000000 08:01 271249                     /var/cache/fontconfig/d52a8644073d54c13679302ca1180695-le64.cache-3
7f50a0c4e000-7f50a0c55000 r--s 00000000 08:01 271258                     /var/cache/fontconfig/3f7329c5293ffd510edef78f73874cfd-le64.cache-3
7f50a0c55000-7f50a0c57000 r--s 00000000 08:01 271267                     /var/cache/fontconfig/e13b20fdb08344e0e664864cc2ede53d-le64.cache-3
7f50a0c57000-7f50a0c5a000 ---p 00000000 00:00 0 
7f50a0c5a000-7f50a0d58000 rw-p 00000000 00:00 0 
7f50a0d58000-7f50a0df1000 r-xp 00000000 08:01 264650                     /usr/lib/x86_64-linux-gnu/libfreetype.so.6.8.1
7f50a0df1000-7f50a0ff0000 ---p 00099000 08:01 264650                     /usr/lib/x86_64-linux-gnu/libfreetype.so.6.8.1
7f50a0ff0000-7f50a0ff6000 r--p 00098000 08:01 264650                     /usr/lib/x86_64-linux-gnu/libfreetype.so.6.8.1
7f50a0ff6000-7f50a0ff7000 rw-p 0009e000 08:01 264650                     /usr/lib/x86_64-linux-gnu/libfreetype.so.6.8.1
7f50a0ff7000-7f50a103f000 r-xp 00000000 08:01 144223                     /usr/lib/jvm/java-6-openjdk-amd64/jre/lib/amd64/libfontmanager.so
7f50a103f000-7f50a123f000 ---p 00048000 08:01 144223                     /usr/lib/jvm/java-6-openjdk-amd64/jre/lib/amd64/libfontmanager.so
7f50a123f000-7f50a1242000 rw-p 00048000 08:01 144223                     /usr/lib/jvm/java-6-openjdk-amd64/jre/lib/amd64/libfontmanager.so
7f50a1242000-7f50a1247000 r-xp 00000000 08:01 264417                     /usr/lib/x86_64-linux-gnu/libXdmcp.so.6.0.0
7f50a1247000-7f50a1446000 ---p 00005000 08:01 264417                     /usr/lib/x86_64-linux-gnu/libXdmcp.so.6.0.0
7f50a1446000-7f50a1447000 rw-p 00004000 08:01 264417                     /usr/lib/x86_64-linux-gnu/libXdmcp.so.6.0.0
7f50a1447000-7f50a1449000 r-xp 00000000 08:01 264406                     /usr/lib/x86_64-linux-gnu/libXau.so.6.0.0
7f50a1449000-7f50a1649000 ---p 00002000 08:01 264406                     /usr/lib/x86_64-linux-gnu/libXau.so.6.0.0
7f50a1649000-7f50a164a000 rw-p 00002000 08:01 264406                     /usr/lib/x86_64-linux-gnu/libXau.so.6.0.0
7f50a164a000-7f50a1669000 r-xp 00000000 08:01 265852                     /usr/lib/x86_64-linux-gnu/libxcb.so.1.1.0
7f50a1669000-7f50a1868000 ---p 0001f000 08:01 265852                     /usr/lib/x86_64-linux-gnu/libxcb.so.1.1.0
7f50a1868000-7f50a1869000 r--p 0001e000 08:01 265852                     /usr/lib/x86_64-linux-gnu/libxcb.so.1.1.0
7f50a1869000-7f50a186a000 rw-p 0001f000 08:01 265852                     /usr/lib/x86_64-linux-gnu/libxcb.so.1.1.0
7f50a186a000-7f50a1878000 r-xp 00000000 08:01 265075                     /usr/lib/x86_64-linux-gnu/libXi.so.6.1.0
7f50a1878000-7f50a1a78000 ---p 0000e000 08:01 265075                     /usr/lib/x86_64-linux-gnu/libXi.so.6.1.0
7f50a1a78000-7f50a1a79000 rw-p 0000e000 08:01 265075                     /usr/lib/x86_64-linux-gnu/libXi.so.6.1.0
7f50a1a79000-7f50a1a7e000 r-xp 00000000 08:01 274483                     /usr/lib/x86_64-linux-gnu/libXtst.so.6.1.0
7f50a1a7e000-7f50a1c7d000 ---p 00005000 08:01 274483                     /usr/lib/x86_64-linux-gnu/libXtst.so.6.1.0
7f50a1c7d000-7f50a1c7e000 rw-p 00004000 08:01 274483                     /usr/lib/x86_64-linux-gnu/libXtst.so.6.1.0
7f50a1c7e000-7f50a1c87000 r-xp 00000000 08:01 264343                     /usr/lib/x86_64-linux-gnu/libXrender.so.1.3.0
7f50a1c87000-7f50a1e86000 ---p 00009000 08:01 264343                     /usr/lib/x86_64-linux-gnu/libXrender.so.1.3.0
7f50a1e86000-7f50a1e87000 rw-p 00008000 08:01 264343                     /usr/lib/x86_64-linux-gnu/libXrender.so.1.3.0
7f50a1e87000-7f50a1fbc000 r-xp 00000000 08:01 265870                     /usr/lib/x86_64-linux-gnu/libX11.so.6.3.0
7f50a1fbc000-7f50a21bc000 ---p 00135000 08:01 265870                     /usr/lib/x86_64-linux-gnu/libX11.so.6.3.0
7f50a21bc000-7f50a21c2000 rw-p 00135000 08:01 265870                     /usr/lib/x86_64-linux-gnu/libX11.so.6.3.0
7f50a21c2000-7f50a21d3000 r-xp 00000000 08:01 264595                     /usr/lib/x86_64-linux-gnu/libXext.so.6.4.0
7f50a21d3000-7f50a23d3000 ---p 00011000 08:01 264595                     /usr/lib/x86_64-linux-gnu/libXext.so.6.4.0
7f50a23d3000-7f50a23d4000 rw-p 00011000 08:01 264595                     /usr/lib/x86_64-linux-gnu/libXext.so.6.4.0
7f50a23d4000-7f50a23e5000 r--s 00000000 08:01 271249                     /var/cache/fontconfig/d52a8644073d54c13679302ca1180695-le64.cache-3
7f50a23e5000-7f50a23ec000 r--s 00000000 08:01 271258                     /var/cache/fontconfig/3f7329c5293ffd510edef78f73874cfd-le64.cache-3
7f50a23ec000-7f50a23ee000 r--s 00000000 08:01 271267                     /var/cache/fontconfig/e13b20fdb08344e0e664864cc2ede53d-le64.cache-3
7f50a23ee000-7f50a243b000 r-xp 00000000 08:01 144391                     /usr/lib/jvm/java-6-openjdk-amd64/jre/lib/amd64/xawt/libmawt.so
7f50a243b000-7f50a263a000 ---p 0004d000 08:01 144391                     /usr/lib/jvm/java-6-openjdk-amd64/jre/lib/amd64/xawt/libmawt.so
7f50a263a000-7f50a263e000 rw-p 0004c000 08:01 144391                     /usr/lib/jvm/java-6-openjdk-amd64/jre/lib/amd64/xawt/libmawt.so
7f50a263e000-7f50a263f000 rw-p 00000000 00:00 0 
7f50a263f000-7f50a26ef000 r-xp 00000000 08:01 144230                     /usr/lib/jvm/java-6-openjdk-amd64/jre/lib/amd64/libawt.so
7f50a26ef000-7f50a28ee000 ---p 000b0000 08:01 144230                     /usr/lib/jvm/java-6-openjdk-amd64/jre/lib/amd64/libawt.so
7f50a28ee000-7f50a28fa000 rw-p 000af000 08:01 144230                     /usr/lib/jvm/java-6-openjdk-amd64/jre/lib/amd64/libawt.so
7f50a28fa000-7f50a291e000 rw-p 00000000 00:00 0 
7f50a291e000-7f50a298d000 r-xp 00000000 08:01 283042                     /tmp/libgdxnemo9955/b4a54a2/libgdx64.so
7f50a298d000-7f50a2b8c000 ---p 0006f000 08:01 283042                     /tmp/libgdxnemo9955/b4a54a2/libgdx64.so
7f50a2b8c000-7f50a2b8e000 r--p 0006e000 08:01 283042                     /tmp/libgdxnemo9955/b4a54a2/libgdx64.so
7f50a2b8e000-7f50a2b8f000 rw-p 00070000 08:01 283042                     /tmp/libgdxnemo9955/b4a54a2/libgdx64.so
7f50a2b8f000-7f50a2b90000 rw-p 00000000 00:00 0 
7f50a2b90000-7f50a2b97000 r--s 000fc000 08:01 143749                     /usr/lib/jvm/java-6-openjdk-common/jre/lib/resources.jar
7f50a2b97000-7f50a2b98000 r--s 00127000 08:06 9437307                    /home/nemo9955/CodeStation/proiecte/Garden_Revolution/Garden_Revolution-desktop/libs/gdx-natives.jar
7f50a2b98000-7f50a2b99000 r--s 00004000 08:06 9437342                    /home/nemo9955/CodeStation/proiecte/Garden_Revolution/Garden_Revolution-desktop/libs/gdx-controllers-desktop.jar
7f50a2b99000-7f50a2b9a000 r--s 00100000 08:06 9437237                    /home/nemo9955/CodeStation/proiecte/Garden_Revolution/Garden_Revolution-desktop/libs/gdx-controllers-desktop-natives.jar
7f50a2b9a000-7f50a2bab000 r--s 0012b000 08:06 9437394                    /home/nemo9955/CodeStation/proiecte/Garden_Revolution/Garden_Revolution-desktop/libs/gdx-backend-lwjgl.jar
7f50a2bab000-7f50a2bb2000 r--s 0004c000 08:06 9437312                    /home/nemo9955/CodeStation/proiecte/Garden_Revolution/Garden_Revolution-main/libs/kryonet-2.21-all.jar
7f50a2bb2000-7f50a2bb3000 ---p 00000000 00:00 0 
7f50a2bb3000-7f50a2cb3000 rw-p 00000000 00:00 0 
7f50a2cb3000-7f50a2cb6000 ---p 00000000 00:00 0 
7f50a2cb6000-7f50a2db4000 rw-p 00000000 00:00 0 
7f50a2db4000-7f50a2db7000 ---p 00000000 00:00 0 
7f50a2db7000-7f50a2eb5000 rw-p 00000000 00:00 0 
7f50a2eb5000-7f50a2eb8000 ---p 00000000 00:00 0 
7f50a2eb8000-7f50a2fb6000 rw-p 00000000 00:00 0 
7f50a2fb6000-7f50a2fb9000 ---p 00000000 00:00 0 
7f50a2fb9000-7f50a30b7000 rw-p 00000000 00:00 0 
7f50a30b7000-7f50a30ba000 ---p 00000000 00:00 0 
7f50a30ba000-7f50a31b8000 rw-p 00000000 00:00 0 
7f50a31b8000-7f50a31bb000 ---p 00000000 00:00 0 
7f50a31bb000-7f50a32b9000 rw-p 00000000 00:00 0 
7f50a32b9000-7f50a32bd000 r-xp 00000000 08:01 144238                     /usr/lib/jvm/java-6-openjdk-amd64/jre/lib/amd64/libdt_socket.so
7f50a32bd000-7f50a34bc000 ---p 00004000 08:01 144238                     /usr/lib/jvm/java-6-openjdk-amd64/jre/lib/amd64/libdt_socket.so
7f50a34bc000-7f50a34bd000 rw-p 00003000 08:01 144238                     /usr/lib/jvm/java-6-openjdk-amd64/jre/lib/amd64/libdt_socket.so
7f50a34bd000-7f50a34c0000 ---p 00000000 00:00 0 
7f50a34c0000-7f50a35be000 rw-p 00000000 00:00 0 
7f50a35be000-7f50a35c1000 ---p 00000000 00:00 0 
7f50a35c1000-7f50a36bf000 rw-p 00000000 00:00 0 
7f50a36bf000-7f50a36c2000 ---p 00000000 00:00 0 
7f50a36c2000-7f50a37c0000 rw-p 00000000 00:00 0 
7f50a37c0000-7f50a37c1000 ---p 00000000 00:00 0 
7f50a37c1000-7f50a3bf7000 rw-p 00000000 00:00 0 
7f50a3bf7000-7f50a3d8b000 r--s 03807000 08:01 144270                     /usr/lib/jvm/java-6-openjdk-amd64/jre/lib/rt.jar
7f50a3d8b000-7f50a3db3000 rw-p 00000000 00:00 0 
7f50a3db3000-7f50a3db4000 ---p 00000000 00:00 0 
7f50a3db4000-7f50a3eb4000 rw-p 00000000 00:00 0 
7f50a3eb4000-7f50a3eb5000 ---p 00000000 00:00 0 
7f50a3eb5000-7f50a3fc0000 rw-p 00000000 00:00 0 
7f50a3fc0000-7f50a4008000 rw-p 00000000 00:00 0 
7f50a4008000-7f50a4019000 rw-p 00000000 00:00 0 
7f50a4019000-7f50a4114000 rw-p 00000000 00:00 0 
7f50a4114000-7f50a411f000 rw-p 00000000 00:00 0 
7f50a411f000-7f50a4167000 rw-p 00000000 00:00 0 
7f50a4167000-7f50a4178000 rw-p 00000000 00:00 0 
7f50a4178000-7f50a4273000 rw-p 00000000 00:00 0 
7f50a4273000-7f50a427c000 rw-p 00000000 00:00 0 
7f50a427c000-7f50a42f9000 rw-p 00000000 00:00 0 
7f50a42f9000-7f50a42fa000 rw-p 00000000 00:00 0 
7f50a42fa000-7f50a456a000 rwxp 00000000 00:00 0 
7f50a456a000-7f50a72fa000 rw-p 00000000 00:00 0 
7f50a72fa000-7f50a7301000 r-xp 00000000 08:01 144259                     /usr/lib/jvm/java-6-openjdk-amd64/jre/lib/amd64/libzip.so
7f50a7301000-7f50a7500000 ---p 00007000 08:01 144259                     /usr/lib/jvm/java-6-openjdk-amd64/jre/lib/amd64/libzip.so
7f50a7500000-7f50a7501000 rw-p 00006000 08:01 144259                     /usr/lib/jvm/java-6-openjdk-amd64/jre/lib/amd64/libzip.so
7f50a7501000-7f50a750c000 r-xp 00000000 08:01 916446                     /lib/x86_64-linux-gnu/libnss_files-2.13.so
7f50a750c000-7f50a770b000 ---p 0000b000 08:01 916446                     /lib/x86_64-linux-gnu/libnss_files-2.13.so
7f50a770b000-7f50a770c000 r--p 0000a000 08:01 916446                     /lib/x86_64-linux-gnu/libnss_files-2.13.so
7f50a770c000-7f50a770d000 rw-p 0000b000 08:01 916446                     /lib/x86_64-linux-gnu/libnss_files-2.13.so
7f50a770d000-7f50a7717000 r-xp 00000000 08:01 916442                     /lib/x86_64-linux-gnu/libnss_nis-2.13.so
7f50a7717000-7f50a7916000 ---p 0000a000 08:01 916442                     /lib/x86_64-linux-gnu/libnss_nis-2.13.so
7f50a7916000-7f50a7917000 r--p 00009000 08:01 916442                     /lib/x86_64-linux-gnu/libnss_nis-2.13.so
7f50a7917000-7f50a7918000 rw-p 0000a000 08:01 916442                     /lib/x86_64-linux-gnu/libnss_nis-2.13.so
7f50a7918000-7f50a791f000 r-xp 00000000 08:01 916435                     /lib/x86_64-linux-gnu/libnss_compat-2.13.so
7f50a791f000-7f50a7b1e000 ---p 00007000 08:01 916435                     /lib/x86_64-linux-gnu/libnss_compat-2.13.so
7f50a7b1e000-7f50a7b1f000 r--p 00006000 08:01 916435                     /lib/x86_64-linux-gnu/libnss_compat-2.13.so
7f50a7b1f000-7f50a7b20000 rw-p 00007000 08:01 916435                     /lib/x86_64-linux-gnu/libnss_compat-2.13.so
7f50a7b20000-7f50a7c97000 r--p 00000000 08:01 139605                     /usr/lib/locale/locale-archive
7f50a7c97000-7f50a7c9a000 r-xp 00000000 08:01 144258                     /usr/lib/jvm/java-6-openjdk-amd64/jre/lib/amd64/libnpt.so
7f50a7c9a000-7f50a7e99000 ---p 00003000 08:01 144258                     /usr/lib/jvm/java-6-openjdk-amd64/jre/lib/amd64/libnpt.so
7f50a7e99000-7f50a7e9a000 rw-p 00002000 08:01 144258                     /usr/lib/jvm/java-6-openjdk-amd64/jre/lib/amd64/libnpt.so
7f50a7e9a000-7f50a7ed4000 r-xp 00000000 08:01 144255                     /usr/lib/jvm/java-6-openjdk-amd64/jre/lib/amd64/libjdwp.so
7f50a7ed4000-7f50a80d3000 ---p 0003a000 08:01 144255                     /usr/lib/jvm/java-6-openjdk-amd64/jre/lib/amd64/libjdwp.so
7f50a80d3000-7f50a80d4000 rw-p 00039000 08:01 144255                     /usr/lib/jvm/java-6-openjdk-amd64/jre/lib/amd64/libjdwp.so
7f50a80d4000-7f50a80d5000 rw-p 00000000 00:00 0 
7f50a80d5000-7f50a80ea000 r-xp 00000000 08:01 916440                     /lib/x86_64-linux-gnu/libnsl-2.13.so
7f50a80ea000-7f50a82e9000 ---p 00015000 08:01 916440                     /lib/x86_64-linux-gnu/libnsl-2.13.so
7f50a82e9000-7f50a82ea000 r--p 00014000 08:01 916440                     /lib/x86_64-linux-gnu/libnsl-2.13.so
7f50a82ea000-7f50a82eb000 rw-p 00015000 08:01 916440                     /lib/x86_64-linux-gnu/libnsl-2.13.so
7f50a82eb000-7f50a82ed000 rw-p 00000000 00:00 0 
7f50a82ed000-7f50a831b000 r-xp 00000000 08:01 144245                     /usr/lib/jvm/java-6-openjdk-amd64/jre/lib/amd64/libjava.so
7f50a831b000-7f50a851a000 ---p 0002e000 08:01 144245                     /usr/lib/jvm/java-6-openjdk-amd64/jre/lib/amd64/libjava.so
7f50a851a000-7f50a851e000 rw-p 0002d000 08:01 144245                     /usr/lib/jvm/java-6-openjdk-amd64/jre/lib/amd64/libjava.so
7f50a851e000-7f50a852d000 r-xp 00000000 08:01 144228                     /usr/lib/jvm/java-6-openjdk-amd64/jre/lib/amd64/libverify.so
7f50a852d000-7f50a872c000 ---p 0000f000 08:01 144228                     /usr/lib/jvm/java-6-openjdk-amd64/jre/lib/amd64/libverify.so
7f50a872c000-7f50a872e000 rw-p 0000e000 08:01 144228                     /usr/lib/jvm/java-6-openjdk-amd64/jre/lib/amd64/libverify.so
7f50a872e000-7f50a8735000 r-xp 00000000 08:01 916450                     /lib/x86_64-linux-gnu/librt-2.13.so
7f50a8735000-7f50a8934000 ---p 00007000 08:01 916450                     /lib/x86_64-linux-gnu/librt-2.13.so
7f50a8934000-7f50a8935000 r--p 00006000 08:01 916450                     /lib/x86_64-linux-gnu/librt-2.13.so
7f50a8935000-7f50a8936000 rw-p 00007000 08:01 916450                     /lib/x86_64-linux-gnu/librt-2.13.so
7f50a8936000-7f50a894b000 r-xp 00000000 08:01 916059                     /lib/x86_64-linux-gnu/libgcc_s.so.1
7f50a894b000-7f50a8b4b000 ---p 00015000 08:01 916059                     /lib/x86_64-linux-gnu/libgcc_s.so.1
7f50a8b4b000-7f50a8b4c000 rw-p 00015000 08:01 916059                     /lib/x86_64-linux-gnu/libgcc_s.so.1
7f50a8b4c000-7f50a8bcd000 r-xp 00000000 08:01 916437                     /lib/x86_64-linux-gnu/libm-2.13.so
7f50a8bcd000-7f50a8dcc000 ---p 00081000 08:01 916437                     /lib/x86_64-linux-gnu/libm-2.13.so
7f50a8dcc000-7f50a8dcd000 r--p 00080000 08:01 916437                     /lib/x86_64-linux-gnu/libm-2.13.so
7f50a8dcd000-7f50a8dce000 rw-p 00081000 08:01 916437                     /lib/x86_64-linux-gnu/libm-2.13.so
7f50a8dce000-7f50a8eb6000 r-xp 00000000 08:01 265105                     /usr/lib/x86_64-linux-gnu/libstdc++.so.6.0.17
7f50a8eb6000-7f50a90b6000 ---p 000e8000 08:01 265105                     /usr/lib/x86_64-linux-gnu/libstdc++.so.6.0.17
7f50a90b6000-7f50a90be000 r--p 000e8000 08:01 265105                     /usr/lib/x86_64-linux-gnu/libstdc++.so.6.0.17
7f50a90be000-7f50a90c0000 rw-p 000f0000 08:01 265105                     /usr/lib/x86_64-linux-gnu/libstdc++.so.6.0.17
7f50a90c0000-7f50a90d5000 rw-p 00000000 00:00 0 
7f50a90d5000-7f50a99e9000 r-xp 00000000 08:01 144235                     /usr/lib/jvm/java-6-openjdk-amd64/jre/lib/amd64/server/libjvm.so
7f50a99e9000-7f50a9be8000 ---p 00914000 08:01 144235                     /usr/lib/jvm/java-6-openjdk-amd64/jre/lib/amd64/server/libjvm.so
7f50a9be8000-7f50a9c84000 rw-p 00913000 08:01 144235                     /usr/lib/jvm/java-6-openjdk-amd64/jre/lib/amd64/server/libjvm.so
7f50a9c84000-7f50a9cad000 rw-p 00000000 00:00 0 
7f50a9cad000-7f50a9e2f000 r-xp 00000000 08:01 916430                     /lib/x86_64-linux-gnu/libc-2.13.so
7f50a9e2f000-7f50aa02e000 ---p 00182000 08:01 916430                     /lib/x86_64-linux-gnu/libc-2.13.so
7f50aa02e000-7f50aa032000 r--p 00181000 08:01 916430                     /lib/x86_64-linux-gnu/libc-2.13.so
7f50aa032000-7f50aa033000 rw-p 00185000 08:01 916430                     /lib/x86_64-linux-gnu/libc-2.13.so
7f50aa033000-7f50aa038000 rw-p 00000000 00:00 0 
7f50aa038000-7f50aa03a000 r-xp 00000000 08:01 916444                     /lib/x86_64-linux-gnu/libdl-2.13.so
7f50aa03a000-7f50aa23a000 ---p 00002000 08:01 916444                     /lib/x86_64-linux-gnu/libdl-2.13.so
7f50aa23a000-7f50aa23b000 r--p 00002000 08:01 916444                     /lib/x86_64-linux-gnu/libdl-2.13.so
7f50aa23b000-7f50aa23c000 rw-p 00003000 08:01 916444                     /lib/x86_64-linux-gnu/libdl-2.13.so
7f50aa23c000-7f50aa240000 r-xp 00000000 08:01 144232                     /usr/lib/jvm/java-6-openjdk-amd64/jre/lib/amd64/jli/libjli.so
7f50aa240000-7f50aa43f000 ---p 00004000 08:01 144232                     /usr/lib/jvm/java-6-openjdk-amd64/jre/lib/amd64/jli/libjli.so
7f50aa43f000-7f50aa440000 rw-p 00003000 08:01 144232                     /usr/lib/jvm/java-6-openjdk-amd64/jre/lib/amd64/jli/libjli.so
7f50aa440000-7f50aa457000 r-xp 00000000 08:01 916448                     /lib/x86_64-linux-gnu/libpthread-2.13.so
7f50aa457000-7f50aa656000 ---p 00017000 08:01 916448                     /lib/x86_64-linux-gnu/libpthread-2.13.so
7f50aa656000-7f50aa657000 r--p 00016000 08:01 916448                     /lib/x86_64-linux-gnu/libpthread-2.13.so
7f50aa657000-7f50aa658000 rw-p 00017000 08:01 916448                     /lib/x86_64-linux-gnu/libpthread-2.13.so
7f50aa658000-7f50aa65c000 rw-p 00000000 00:00 0 
7f50aa65c000-7f50aa672000 r-xp 00000000 08:01 916168                     /lib/x86_64-linux-gnu/libz.so.1.2.7
7f50aa672000-7f50aa871000 ---p 00016000 08:01 916168                     /lib/x86_64-linux-gnu/libz.so.1.2.7
7f50aa871000-7f50aa872000 r--p 00015000 08:01 916168                     /lib/x86_64-linux-gnu/libz.so.1.2.7
7f50aa872000-7f50aa873000 rw-p 00016000 08:01 916168                     /lib/x86_64-linux-gnu/libz.so.1.2.7
7f50aa873000-7f50aa893000 r-xp 00000000 08:01 32                         /lib64/ld-2.13.so
7f50aa893000-7f50aa895000 r--s 001a1000 08:06 9437380                    /home/nemo9955/CodeStation/proiecte/Garden_Revolution/Garden_Revolution-desktop/libs/gdx-backend-lwjgl-natives.jar
7f50aa895000-7f50aa898000 r--s 0000b000 08:06 9437369                    /home/nemo9955/CodeStation/proiecte/Garden_Revolution/Garden_Revolution-main/libs/tween-engine-api.jar
7f50aa898000-7f50aa89b000 r--s 0007f000 08:01 143741                     /usr/lib/jvm/java-6-openjdk-common/jre/lib/jsse.jar
7f50aa89b000-7f50aa8b1000 r--s 00157000 08:06 9437270                    /home/nemo9955/CodeStation/proiecte/Garden_Revolution/Garden_Revolution-main/libs/gdx.jar
7f50aa8b1000-7f50aa8bb000 rw-p 00000000 00:00 0 
7f50aa8bb000-7f50aa971000 rw-p 00000000 00:00 0 
7f50aa971000-7f50aa974000 ---p 00000000 00:00 0 
7f50aa974000-7f50aaa77000 rw-p 00000000 00:00 0 
7f50aaa77000-7f50aaa78000 r--s 00002000 08:06 9437214                    /home/nemo9955/CodeStation/proiecte/Garden_Revolution/Garden_Revolution-main/libs/gdx-controllers.jar
7f50aaa78000-7f50aaa7c000 r--s 00039000 08:01 143733                     /usr/lib/jvm/java-6-openjdk-common/jre/lib/ext/sunpkcs11.jar
7f50aaa7c000-7f50aaa7e000 r--s 0000f000 08:01 143734                     /usr/lib/jvm/java-6-openjdk-common/jre/lib/ext/pulse-java.jar
7f50aaa7e000-7f50aaa81000 r--s 00031000 08:01 143736                     /usr/lib/jvm/java-6-openjdk-common/jre/lib/ext/sunjce_provider.jar
7f50aaa81000-7f50aaa84000 r--s 00077000 08:01 143735                     /usr/lib/jvm/java-6-openjdk-common/jre/lib/ext/localedata.jar
7f50aaa84000-7f50aaa86000 r--s 00001000 08:01 143737                     /usr/lib/jvm/java-6-openjdk-common/jre/lib/ext/dnsns.jar
7f50aaa86000-7f50aaa87000 r--s 00007000 08:01 916596                     /usr/share/java/java-atk-wrapper.jar
7f50aaa87000-7f50aaa8f000 rw-s 00000000 08:01 283052                     /tmp/hsperfdata_nemo9955/11198
7f50aaa8f000-7f50aaa90000 rw-p 00000000 00:00 0 
7f50aaa90000-7f50aaa91000 r--p 00000000 00:00 0 
7f50aaa91000-7f50aaa92000 rw-p 00000000 00:00 0 
7f50aaa92000-7f50aaa93000 r--p 0001f000 08:01 32                         /lib64/ld-2.13.so
7f50aaa93000-7f50aaa94000 rw-p 00020000 08:01 32                         /lib64/ld-2.13.so
7f50aaa94000-7f50aaa95000 rw-p 00000000 00:00 0 
7fff9179b000-7fff917bc000 rw-p 00000000 00:00 0                          [stack]
7fff917ff000-7fff91800000 r-xp 00000000 00:00 0                          [vdso]
ffffffffff600000-ffffffffff601000 r-xp 00000000 00:00 0                  [vsyscall]

VM Arguments:
jvm_args: -agentlib:jdwp=transport=dt_socket,suspend=y,address=localhost:44789 -Dfile.encoding=UTF-8 
java_command: com.nemo9955.garden_revolution.Main
Launcher Type: SUN_STANDARD

Environment Variables:
PATH=/home/nemo9955/bin:/usr/sbin:/sbin:/usr/local/bin:/usr/bin:/bin:/usr/local/games:/usr/games
LD_LIBRARY_PATH=/usr/lib/jvm/java-6-openjdk-amd64/jre/lib/amd64/server:/usr/lib/jvm/java-6-openjdk-amd64/jre/lib/amd64:/usr/lib/jvm/java-6-openjdk-amd64/jre/../lib/amd64
SHELL=/bin/bash
DISPLAY=:0.0

Signal Handlers:
SIGSEGV: [libjvm.so+0x791b10], sa_mask[0]=0x7ffbfeff, sa_flags=0x10000004
SIGBUS: [libjvm.so+0x791b10], sa_mask[0]=0x7ffbfeff, sa_flags=0x10000004
SIGFPE: [libjvm.so+0x65ace0], sa_mask[0]=0x7ffbfeff, sa_flags=0x10000004
SIGPIPE: [libjvm.so+0x65ace0], sa_mask[0]=0x7ffbfeff, sa_flags=0x10000004
SIGXFSZ: [libjvm.so+0x65ace0], sa_mask[0]=0x7ffbfeff, sa_flags=0x10000004
SIGILL: [libjvm.so+0x65ace0], sa_mask[0]=0x7ffbfeff, sa_flags=0x10000004
SIGUSR1: SIG_DFL, sa_mask[0]=0x00000000, sa_flags=0x00000000
SIGUSR2: [libjvm.so+0x65aec0], sa_mask[0]=0x00000004, sa_flags=0x10000004
SIGHUP: [libjvm.so+0x65d500], sa_mask[0]=0x7ffbfeff, sa_flags=0x10000004
SIGINT: [libjvm.so+0x65d500], sa_mask[0]=0x7ffbfeff, sa_flags=0x10000004
SIGTERM: [libjvm.so+0x65d500], sa_mask[0]=0x7ffbfeff, sa_flags=0x10000004
SIGQUIT: [libjvm.so+0x65d500], sa_mask[0]=0x7ffbfeff, sa_flags=0x10000004


---------------  S Y S T E M  ---------------

OS:7.3

uname:Linux 3.2.0-4-amd64 #1 SMP Debian 3.2.51-1 x86_64
libc:glibc 2.13 NPTL 2.13 
rlimit: STACK 8192k, CORE 0k, NPROC 25587, NOFILE 4096, AS infinity
load average:1.10 0.58 0.47

/proc/meminfo:
MemTotal:        3287396 kB
MemFree:           75284 kB
Buffers:           17664 kB
Cached:           404644 kB
SwapCached:         4436 kB
Active:          2400896 kB
Inactive:         636504 kB
Active(anon):    2192880 kB
Inactive(anon):   444312 kB
Active(file):     208016 kB
Inactive(file):   192192 kB
Unevictable:           0 kB
Mlocked:               0 kB
SwapTotal:       3025916 kB
SwapFree:        2932724 kB
Dirty:               536 kB
Writeback:             0 kB
AnonPages:       2610940 kB
Mapped:           153020 kB
Shmem:             22144 kB
Slab:              71416 kB
SReclaimable:      41812 kB
SUnreclaim:        29604 kB
KernelStack:        4296 kB
PageTables:        31700 kB
NFS_Unstable:          0 kB
Bounce:                0 kB
WritebackTmp:          0 kB
CommitLimit:     4669612 kB
Committed_AS:    5290936 kB
VmallocTotal:   34359738367 kB
VmallocUsed:      321804 kB
VmallocChunk:   34359414004 kB
HardwareCorrupted:     0 kB
AnonHugePages:         0 kB
HugePages_Total:       0
HugePages_Free:        0
HugePages_Rsvd:        0
HugePages_Surp:        0
Hugepagesize:       2048 kB
DirectMap4k:      149184 kB
DirectMap2M:     3192832 kB


CPU:total 2 (2 cores per cpu, 1 threads per core) family 6 model 23 stepping 10, cmov, cx8, fxsr, mmx, sse, sse2, sse3, ssse3, sse4.1

Memory: 4k page, physical 3287396k(75284k free), swap 3025916k(2932724k free)

vm_info: OpenJDK 64-Bit Server VM (20.0-b12) for linux-amd64 JRE (1.6.0_27-b27), built on Jul 12 2013 09:04:12 by "jmm" with gcc 4.7.2

time: Sun Feb 23 23:14:58 2014
elapsed time: 427 seconds

