#
# A fatal error has been detected by the Java Runtime Environment:
#
#  SIGBUS (0x7) at pc=0x00007f8c89f6a4e3, pid=6879, tid=140241429952256
#
# JRE version: 6.0_27-b27
# Java VM: OpenJDK 64-Bit Server VM (20.0-b12 mixed mode linux-amd64 compressed oops)
# Derivative: IcedTea6 1.12.6
# Distribution: Debian GNU/Linux 7.1 (wheezy), package 6b27-1.12.6-1~deb7u1
# Problematic frame:
# C  [ld-linux-x86-64.so.2+0xe4e3]  _dl_rtld_di_serinfo+0x5ee3
#
# If you would like to submit a bug report, please include
# instructions how to reproduce the bug and visit:
#   http://icedtea.classpath.org/bugzilla
# The crash happened outside the Java Virtual Machine in native code.
# See problematic frame for where to report the bug.
#

---------------  T H R E A D  ---------------

Current thread (0x00007f8c740b3800):  JavaThread "AWT-XAWT" daemon [_thread_in_native, id=6896, stack(0x00007f8c808d7000,0x00007f8c809d8000)]

siginfo:si_signo=SIGBUS: si_errno=0, si_code=2 (BUS_ADRERR), si_addr=0x00007f8c803c7d58

Registers:
RAX=0x00007f8c803c7d50, RBX=0x000000000000003e, RCX=0x0000000000000000, RDX=0x0000000000000000
RSP=0x00007f8c809d66d0, RBP=0x00007f8c809d6940, RSI=0x0000000000000000, RDI=0x00007f8c89f5b180
R8 =0x000000000000003d, R9 =0x00007f8c89f5b180, R10=0x00007f8c8971e768, R11=0x00007f8c893cd0d0
R12=0x0000000000000000, R13=0x00007f8c8a17c048, R14=0x00007f8c740b4610, R15=0x000000000000000b
RIP=0x00007f8c89f6a4e3, EFLAGS=0x0000000000010206, CSGSFS=0x0000000000000033, ERR=0x0000000000000004
  TRAPNO=0x000000000000000e

Top of Stack: (sp=0x00007f8c809d66d0)
0x00007f8c809d66d0:   00007f8c8a17d1c8 00007f8c8a17d758
0x00007f8c809d66e0:   00007f8c8a15f9e8 0000000000c7f120
0x00007f8c809d66f0:   0000000000c7f640 0000000000c7fb40
0x00007f8c809d6700:   0000000000c84840 00007f8c7c047650
0x00007f8c809d6710:   00007f8c74036030 00007f8c74036510
0x00007f8c809d6720:   00007f8c8a15f000 00007f8c740b4610
0x00007f8c809d6730:   00007f8c740b3f90 00007f8c740ae6c0
0x00007f8c809d6740:   00007f8c740aeb60 00007f8c74000ba0
0x00007f8c809d6750:   00007f8c7c0796a0 00007f8c740b4ad0
0x00007f8c809d6760:   00007f8c74001b70 00007f8c740b4f70
0x00007f8c809d6770:   00007f8c740bbef0 00007f8c740bf780
0x00007f8c809d6780:   00007f8c740bfc20 00007f8c74002050
0x00007f8c809d6790:   00007f8c74002550 00007f8c740c00d0
0x00007f8c809d67a0:   0000000000c78e10 00007f8c740c0570
0x00007f8c809d67b0:   00007f8c740c0a10 00007f8c740c1350
0x00007f8c809d67c0:   00007f8c740c0eb0 00007f8c740c17f0
0x00007f8c809d67d0:   00007f8c740c1c90 00007f8c740bc7d0
0x00007f8c809d67e0:   00007f8c740bcc70 00007f8c740bd110
0x00007f8c809d67f0:   00007f8c740bd5b0 00007f8c740bda50
0x00007f8c809d6800:   00007f8c740bdf40 00007f8c740be450
0x00007f8c809d6810:   00007f8c740be9d0 0000000000c803c0
0x00007f8c809d6820:   00007f8c740011f0 0000000000c80860
0x00007f8c809d6830:   00000000010048d0 00007f8c744f9ca0
0x00007f8c809d6840:   0000000000c7a9a0 0000000000c7af80
0x00007f8c809d6850:   0000000000c7a2e0 0000000000c755f0
0x00007f8c809d6860:   00007f8c8a15f4e0 00007f8c748a8bb0
0x00007f8c809d6870:   00007f8c74001690 00007f8c74002a90
0x00007f8c809d6880:   00007f8c740035d0 00007f8c740030d0
0x00007f8c809d6890:   0000000000c75b60 0000000000c76570
0x00007f8c809d68a0:   0000000000c76070 00007f8c8a15e000
0x00007f8c809d68b0:   00007f8c8a15e4e0 00007f8c8a17c9d8
0x00007f8c809d68c0:   0000000000337200 00007f8c89f6a38c 

Instructions: (pc=0x00007f8c89f6a4e3)
0x00007f8c89f6a4c3:   c8 89 c2 89 45 a0 ff 14 d1 8b 45 a0 83 e8 01 83
0x00007f8c89f6a4d3:   f8 ff 75 e9 49 8b 86 a8 00 00 00 48 85 c0 74 09
0x00007f8c89f6a4e3:   48 8b 40 08 49 03 06 ff d0 45 85 e4 75 0e 8b 05
0x00007f8c89f6a4f3:   f9 17 21 00 85 c0 0f 85 12 01 00 00 41 83 c7 01 

Register to memory mapping:

RAX=
[error occurred during error reporting (printing register info), id 0x7]

Stack: [0x00007f8c808d7000,0x00007f8c809d8000],  sp=0x00007f8c809d66d0,  free space=1021k
Native frames: (J=compiled Java code, j=interpreted, Vv=VM code, C=native code)
C  [ld-linux-x86-64.so.2+0xe4e3]  _dl_rtld_di_serinfo+0x5ee3

Java frames: (J=compiled Java code, j=interpreted, Vv=VM code)
J  sun.awt.X11.XlibWrapper.XEventsQueued(JI)I
J  sun.awt.X11.XToolkit.run(Z)V
j  sun.awt.X11.XToolkit.run()V+5
j  java.lang.Thread.run()V+11
v  ~StubRoutines::call_stub

---------------  P R O C E S S  ---------------

Java Threads: ( => current thread )
  0x00007f8c76230000 JavaThread "Timer" [_thread_blocked, id=6906, stack(0x00007f8c6c9da000,0x00007f8c6cadb000)]
  0x00007f8c746e9800 JavaThread "AsynchExecutor-Thread" daemon [_thread_blocked, id=6905, stack(0x00007f8c7868d000,0x00007f8c7878e000)]
  0x00007f8c7414a000 JavaThread "DestroyJavaVM" [_thread_blocked, id=6880, stack(0x00007f8c8a05a000,0x00007f8c8a15b000)]
=>0x00007f8c740b3800 JavaThread "AWT-XAWT" daemon [_thread_in_native, id=6896, stack(0x00007f8c808d7000,0x00007f8c809d8000)]
  0x00007f8c74041000 JavaThread "Java2D Disposer" daemon [_thread_blocked, id=6895, stack(0x00007f8c80c71000,0x00007f8c80d72000)]
  0x0000000000d1d000 JavaThread "Low Memory Detector" daemon [_thread_blocked, id=6893, stack(0x00007f8c82ce1000,0x00007f8c82de2000)]
  0x0000000000d18800 JavaThread "C2 CompilerThread1" daemon [_thread_blocked, id=6892, stack(0x00007f8c82de2000,0x00007f8c82ee3000)]
  0x0000000000d13000 JavaThread "C2 CompilerThread0" daemon [_thread_blocked, id=6891, stack(0x00007f8c82ee3000,0x00007f8c82fe4000)]
  0x0000000000d11800 JavaThread "Signal Dispatcher" daemon [_thread_in_vm, id=6890, stack(0x00007f8c82fe4000,0x00007f8c830e5000)]
  0x0000000000ced000 JavaThread "Finalizer" daemon [_thread_blocked, id=6889, stack(0x00007f8c8325c000,0x00007f8c8335d000)]
  0x0000000000ceb000 JavaThread "Reference Handler" daemon [_thread_blocked, id=6888, stack(0x00007f8c8335d000,0x00007f8c8345e000)]

Other Threads:
  0x0000000000ce6000 VMThread [stack: 0x00007f8c8345e000,0x00007f8c8355f000] [id=6885]
  0x0000000000d1f800 WatcherThread [stack: 0x00007f8c82be0000,0x00007f8c82ce1000] [id=6894]

VM state:not at safepoint (normal execution)

VM Mutex/Monitor currently owned by a thread: None

Heap
 PSYoungGen      total 14976K, used 10144K [0x00000000ef400000, 0x00000000f04b0000, 0x0000000100000000)
  eden space 12864K, 70% used [0x00000000ef400000,0x00000000efcccfe8,0x00000000f0090000)
  from space 2112K, 53% used [0x00000000f02a0000,0x00000000f03bb130,0x00000000f04b0000)
  to   space 2112K, 0% used [0x00000000f0090000,0x00000000f0090000,0x00000000f02a0000)
 PSOldGen        total 34304K, used 0K [0x00000000cdc00000, 0x00000000cfd80000, 0x00000000ef400000)
  object space 34304K, 0% used [0x00000000cdc00000,0x00000000cdc00000,0x00000000cfd80000)
 PSPermGen       total 21248K, used 14565K [0x00000000c3600000, 0x00000000c4ac0000, 0x00000000cdc00000)
  object space 21248K, 68% used [0x00000000c3600000,0x00000000c4439518,0x00000000c4ac0000)

Code Cache  [0x00007f8c83f98000, 0x00007f8c84208000, 0x00007f8c86f98000)
 total_blobs=718 nmethods=161 adapters=511 free_code_cache=49434112 largest_free_block=13184

Dynamic libraries:
00400000-00409000 r-xp 00000000 08:01 144298                             /usr/lib/jvm/java-6-openjdk-amd64/jre/bin/java
00608000-00609000 rw-p 00008000 08:01 144298                             /usr/lib/jvm/java-6-openjdk-amd64/jre/bin/java
00c75000-020b0000 rw-p 00000000 00:00 0                                  [heap]
415f7000-41675000 rw-p 00000000 00:00 0 
41d1e000-41d20000 r-xs 00000000 08:01 277083                             /tmp/glqqEvNx (deleted)
c3600000-c4ac0000 rw-p 00000000 00:00 0 
c4ac0000-cdc00000 rw-p 00000000 00:00 0 
cdc00000-cfd80000 rw-p 00000000 00:00 0 
cfd80000-ef400000 rw-p 00000000 00:00 0 
ef400000-f04b0000 rw-p 00000000 00:00 0 
f04b0000-100000000 rw-p 00000000 00:00 0 
7f8c6c9da000-7f8c6c9dd000 ---p 00000000 00:00 0 
7f8c6c9dd000-7f8c6cadb000 rw-p 00000000 00:00 0 
7f8c6cadb000-7f8c6cafe000 r-xp 00000000 08:01 551347                     /tmp/libgdxnemo9955/b97b1fcd/libgdx-controllers-desktop64.so
7f8c6cafe000-7f8c6ccfe000 ---p 00023000 08:01 551347                     /tmp/libgdxnemo9955/b97b1fcd/libgdx-controllers-desktop64.so
7f8c6ccfe000-7f8c6ccff000 r--p 00023000 08:01 551347                     /tmp/libgdxnemo9955/b97b1fcd/libgdx-controllers-desktop64.so
7f8c6ccff000-7f8c6cd00000 rw-p 00024000 08:01 551347                     /tmp/libgdxnemo9955/b97b1fcd/libgdx-controllers-desktop64.so
7f8c6cd00000-7f8c6cd15000 r-xp 00000000 08:01 144247                     /usr/lib/jvm/java-6-openjdk-amd64/jre/lib/amd64/libnet.so
7f8c6cd15000-7f8c6cf14000 ---p 00015000 08:01 144247                     /usr/lib/jvm/java-6-openjdk-amd64/jre/lib/amd64/libnet.so
7f8c6cf14000-7f8c6cf15000 rw-p 00014000 08:01 144247                     /usr/lib/jvm/java-6-openjdk-amd64/jre/lib/amd64/libnet.so
7f8c6cf15000-7f8c6d315000 rw-s 064e2000 00:05 5680                       /dev/nvidia0
7f8c6d315000-7f8c6d715000 rw-s b4a57000 00:05 5680                       /dev/nvidia0
7f8c6d715000-7f8c6d915000 rw-s 78e88000 00:05 5680                       /dev/nvidia0
7f8c6d915000-7f8c6db15000 rw-s c560f000 00:05 5680                       /dev/nvidia0
7f8c6db15000-7f8c6dc15000 rw-s 6906b000 00:05 5680                       /dev/nvidia0
7f8c6dc15000-7f8c6f5e5000 r-xp 00000000 08:01 282961                     /usr/lib/x86_64-linux-gnu/libnvidia-glcore.so.304.88
7f8c6f5e5000-7f8c6f7e4000 ---p 019d0000 08:01 282961                     /usr/lib/x86_64-linux-gnu/libnvidia-glcore.so.304.88
7f8c6f7e4000-7f8c6ffe5000 rwxp 019cf000 08:01 282961                     /usr/lib/x86_64-linux-gnu/libnvidia-glcore.so.304.88
7f8c6ffe5000-7f8c6ffff000 rwxp 00000000 00:00 0 
7f8c74000000-7f8c76234000 rw-p 00000000 00:00 0 
7f8c76234000-7f8c78000000 ---p 00000000 00:00 0 
7f8c780f9000-7f8c7816d000 rw-p 00000000 00:00 0 
7f8c7816d000-7f8c78170000 r-xp 00000000 08:01 551171                     /usr/lib/x86_64-linux-gnu/tls/libnvidia-tls.so.304.88
7f8c78170000-7f8c7836f000 ---p 00003000 08:01 551171                     /usr/lib/x86_64-linux-gnu/tls/libnvidia-tls.so.304.88
7f8c7836f000-7f8c78370000 rw-p 00002000 08:01 551171                     /usr/lib/x86_64-linux-gnu/tls/libnvidia-tls.so.304.88
7f8c78370000-7f8c7843a000 r-xp 00000000 08:01 678444                     /usr/lib/x86_64-linux-gnu/nvidia/current/libGL.so.304.88
7f8c7843a000-7f8c7863a000 ---p 000ca000 08:01 678444                     /usr/lib/x86_64-linux-gnu/nvidia/current/libGL.so.304.88
7f8c7863a000-7f8c78677000 rwxp 000ca000 08:01 678444                     /usr/lib/x86_64-linux-gnu/nvidia/current/libGL.so.304.88
7f8c78677000-7f8c7868d000 rwxp 00000000 00:00 0 
7f8c7868d000-7f8c78690000 ---p 00000000 00:00 0 
7f8c78690000-7f8c7878e000 rw-p 00000000 00:00 0 
7f8c7878e000-7f8c78791000 ---p 00000000 00:00 0 
7f8c78791000-7f8c7888f000 rw-p 00000000 00:00 0 
7f8c7888f000-7f8c78890000 ---p 00000000 00:00 0 
7f8c78890000-7f8c79090000 rw-p 00000000 00:00 0 
7f8c79090000-7f8c790a3000 r-xp 00000000 08:01 916431                     /lib/x86_64-linux-gnu/libresolv-2.13.so
7f8c790a3000-7f8c792a2000 ---p 00013000 08:01 916431                     /lib/x86_64-linux-gnu/libresolv-2.13.so
7f8c792a2000-7f8c792a3000 r--p 00012000 08:01 916431                     /lib/x86_64-linux-gnu/libresolv-2.13.so
7f8c792a3000-7f8c792a4000 rw-p 00013000 08:01 916431                     /lib/x86_64-linux-gnu/libresolv-2.13.so
7f8c792a4000-7f8c792a6000 rw-p 00000000 00:00 0 
7f8c792a6000-7f8c792ac000 r-xp 00000000 08:01 264971                     /usr/lib/x86_64-linux-gnu/libogg.so.0.8.0
7f8c792ac000-7f8c794ab000 ---p 00006000 08:01 264971                     /usr/lib/x86_64-linux-gnu/libogg.so.0.8.0
7f8c794ab000-7f8c794ac000 rw-p 00005000 08:01 264971                     /usr/lib/x86_64-linux-gnu/libogg.so.0.8.0
7f8c794ac000-7f8c794d8000 r-xp 00000000 08:01 265193                     /usr/lib/x86_64-linux-gnu/libvorbis.so.0.4.5
7f8c794d8000-7f8c796d7000 ---p 0002c000 08:01 265193                     /usr/lib/x86_64-linux-gnu/libvorbis.so.0.4.5
7f8c796d7000-7f8c796d8000 r--p 0002b000 08:01 265193                     /usr/lib/x86_64-linux-gnu/libvorbis.so.0.4.5
7f8c796d8000-7f8c796d9000 rw-p 0002c000 08:01 265193                     /usr/lib/x86_64-linux-gnu/libvorbis.so.0.4.5
7f8c796d9000-7f8c7998c000 r-xp 00000000 08:01 265195                     /usr/lib/x86_64-linux-gnu/libvorbisenc.so.2.0.8
7f8c7998c000-7f8c79b8b000 ---p 002b3000 08:01 265195                     /usr/lib/x86_64-linux-gnu/libvorbisenc.so.2.0.8
7f8c79b8b000-7f8c79ba7000 r--p 002b2000 08:01 265195                     /usr/lib/x86_64-linux-gnu/libvorbisenc.so.2.0.8
7f8c79ba7000-7f8c79ba8000 rw-p 002ce000 08:01 265195                     /usr/lib/x86_64-linux-gnu/libvorbisenc.so.2.0.8
7f8c79ba8000-7f8c79bf3000 r-xp 00000000 08:01 264365                     /usr/lib/x86_64-linux-gnu/libFLAC.so.8.2.0
7f8c79bf3000-7f8c79df2000 ---p 0004b000 08:01 264365                     /usr/lib/x86_64-linux-gnu/libFLAC.so.8.2.0
7f8c79df2000-7f8c79df3000 r--p 0004a000 08:01 264365                     /usr/lib/x86_64-linux-gnu/libFLAC.so.8.2.0
7f8c79df3000-7f8c79df4000 rw-p 0004b000 08:01 264365                     /usr/lib/x86_64-linux-gnu/libFLAC.so.8.2.0
7f8c79df4000-7f8c79df8000 r-xp 00000000 08:01 916163                     /lib/x86_64-linux-gnu/libuuid.so.1.3.0
7f8c79df8000-7f8c79ff7000 ---p 00004000 08:01 916163                     /lib/x86_64-linux-gnu/libuuid.so.1.3.0
7f8c79ff7000-7f8c79ff8000 r--p 00003000 08:01 916163                     /lib/x86_64-linux-gnu/libuuid.so.1.3.0
7f8c79ff8000-7f8c79ff9000 rw-p 00004000 08:01 916163                     /lib/x86_64-linux-gnu/libuuid.so.1.3.0
7f8c79ff9000-7f8c79ffd000 r-xp 00000000 08:01 916027                     /lib/x86_64-linux-gnu/libattr.so.1.1.0
7f8c79ffd000-7f8c7a1fc000 ---p 00004000 08:01 916027                     /lib/x86_64-linux-gnu/libattr.so.1.1.0
7f8c7a1fc000-7f8c7a1fd000 r--p 00003000 08:01 916027                     /lib/x86_64-linux-gnu/libattr.so.1.1.0
7f8c7a1fd000-7f8c7a1fe000 rw-p 00004000 08:01 916027                     /lib/x86_64-linux-gnu/libattr.so.1.1.0
7f8c7a1fe000-7f8c7a203000 r-xp 00000000 08:01 264468                     /usr/lib/x86_64-linux-gnu/libasyncns.so.0.3.1
7f8c7a203000-7f8c7a402000 ---p 00005000 08:01 264468                     /usr/lib/x86_64-linux-gnu/libasyncns.so.0.3.1
7f8c7a402000-7f8c7a403000 rw-p 00004000 08:01 264468                     /usr/lib/x86_64-linux-gnu/libasyncns.so.0.3.1
7f8c7a403000-7f8c7a464000 r-xp 00000000 08:01 265087                     /usr/lib/x86_64-linux-gnu/libsndfile.so.1.0.25
7f8c7a464000-7f8c7a663000 ---p 00061000 08:01 265087                     /usr/lib/x86_64-linux-gnu/libsndfile.so.1.0.25
7f8c7a663000-7f8c7a665000 r--p 00060000 08:01 265087                     /usr/lib/x86_64-linux-gnu/libsndfile.so.1.0.25
7f8c7a665000-7f8c7a666000 rw-p 00062000 08:01 265087                     /usr/lib/x86_64-linux-gnu/libsndfile.so.1.0.25
7f8c7a666000-7f8c7a66a000 rw-p 00000000 00:00 0 
7f8c7a66a000-7f8c7a673000 r-xp 00000000 08:01 916165                     /lib/x86_64-linux-gnu/libwrap.so.0.7.6
7f8c7a673000-7f8c7a872000 ---p 00009000 08:01 916165                     /lib/x86_64-linux-gnu/libwrap.so.0.7.6
7f8c7a872000-7f8c7a873000 r--p 00008000 08:01 916165                     /lib/x86_64-linux-gnu/libwrap.so.0.7.6
7f8c7a873000-7f8c7a874000 rw-p 00009000 08:01 916165                     /lib/x86_64-linux-gnu/libwrap.so.0.7.6
7f8c7a874000-7f8c7a875000 rw-p 00000000 00:00 0 
7f8c7a875000-7f8c7a87c000 r-xp 00000000 08:01 264394                     /usr/lib/x86_64-linux-gnu/libSM.so.6.0.1
7f8c7a87c000-7f8c7aa7b000 ---p 00007000 08:01 264394                     /usr/lib/x86_64-linux-gnu/libSM.so.6.0.1
7f8c7aa7b000-7f8c7aa7c000 rw-p 00006000 08:01 264394                     /usr/lib/x86_64-linux-gnu/libSM.so.6.0.1
7f8c7aa7c000-7f8c7aa93000 r-xp 00000000 08:01 264375                     /usr/lib/x86_64-linux-gnu/libICE.so.6.3.0
7f8c7aa93000-7f8c7ac92000 ---p 00017000 08:01 264375                     /usr/lib/x86_64-linux-gnu/libICE.so.6.3.0
7f8c7ac92000-7f8c7ac94000 rw-p 00016000 08:01 264375                     /usr/lib/x86_64-linux-gnu/libICE.so.6.3.0
7f8c7ac94000-7f8c7ac97000 rw-p 00000000 00:00 0 
7f8c7ac97000-7f8c7ac98000 r-xp 00000000 08:01 272883                     /usr/lib/x86_64-linux-gnu/libX11-xcb.so.1.0.0
7f8c7ac98000-7f8c7ae97000 ---p 00001000 08:01 272883                     /usr/lib/x86_64-linux-gnu/libX11-xcb.so.1.0.0
7f8c7ae97000-7f8c7ae98000 rw-p 00000000 08:01 272883                     /usr/lib/x86_64-linux-gnu/libX11-xcb.so.1.0.0
7f8c7ae98000-7f8c7ae9c000 r-xp 00000000 08:01 916038                     /lib/x86_64-linux-gnu/libcap.so.2.22
7f8c7ae9c000-7f8c7b09b000 ---p 00004000 08:01 916038                     /lib/x86_64-linux-gnu/libcap.so.2.22
7f8c7b09b000-7f8c7b09c000 rw-p 00003000 08:01 916038                     /lib/x86_64-linux-gnu/libcap.so.2.22
7f8c7b09c000-7f8c7b0e0000 r-xp 00000000 08:01 916060                     /lib/x86_64-linux-gnu/libdbus-1.so.3.7.2
7f8c7b0e0000-7f8c7b2e0000 ---p 00044000 08:01 916060                     /lib/x86_64-linux-gnu/libdbus-1.so.3.7.2
7f8c7b2e0000-7f8c7b2e1000 r--p 00044000 08:01 916060                     /lib/x86_64-linux-gnu/libdbus-1.so.3.7.2
7f8c7b2e1000-7f8c7b2e2000 rw-p 00045000 08:01 916060                     /lib/x86_64-linux-gnu/libdbus-1.so.3.7.2
7f8c7b2e2000-7f8c7b343000 r-xp 00000000 08:01 265339                     /usr/lib/x86_64-linux-gnu/pulseaudio/libpulsecommon-2.0.so
7f8c7b343000-7f8c7b542000 ---p 00061000 08:01 265339                     /usr/lib/x86_64-linux-gnu/pulseaudio/libpulsecommon-2.0.so
7f8c7b542000-7f8c7b543000 r--p 00060000 08:01 265339                     /usr/lib/x86_64-linux-gnu/pulseaudio/libpulsecommon-2.0.so
7f8c7b543000-7f8c7b545000 rw-p 00061000 08:01 265339                     /usr/lib/x86_64-linux-gnu/pulseaudio/libpulsecommon-2.0.so
7f8c7b545000-7f8c7b54e000 r-xp 00000000 08:01 916072                     /lib/x86_64-linux-gnu/libjson.so.0.1.0
7f8c7b54e000-7f8c7b74d000 ---p 00009000 08:01 916072                     /lib/x86_64-linux-gnu/libjson.so.0.1.0
7f8c7b74d000-7f8c7b74e000 r--p 00008000 08:01 916072                     /lib/x86_64-linux-gnu/libjson.so.0.1.0
7f8c7b74e000-7f8c7b74f000 rw-p 00009000 08:01 916072                     /lib/x86_64-linux-gnu/libjson.so.0.1.0
7f8c7b74f000-7f8c7b798000 r-xp 00000000 08:01 265053                     /usr/lib/x86_64-linux-gnu/libpulse.so.0.14.2
7f8c7b798000-7f8c7b997000 ---p 00049000 08:01 265053                     /usr/lib/x86_64-linux-gnu/libpulse.so.0.14.2
7f8c7b997000-7f8c7b998000 r--p 00048000 08:01 265053                     /usr/lib/x86_64-linux-gnu/libpulse.so.0.14.2
7f8c7b998000-7f8c7b999000 rw-p 00049000 08:01 265053                     /usr/lib/x86_64-linux-gnu/libpulse.so.0.14.2
7f8c7bbf2000-7f8c7bbf6000 r-xp 00000000 08:01 273334                     /usr/lib/x86_64-linux-gnu/libXxf86vm.so.1.0.0
7f8c7bbf6000-7f8c7bdf6000 ---p 00004000 08:01 273334                     /usr/lib/x86_64-linux-gnu/libXxf86vm.so.1.0.0
7f8c7bdf6000-7f8c7bdf7000 r--p 00004000 08:01 273334                     /usr/lib/x86_64-linux-gnu/libXxf86vm.so.1.0.0
7f8c7bdf7000-7f8c7bdf8000 rw-p 00005000 08:01 273334                     /usr/lib/x86_64-linux-gnu/libXxf86vm.so.1.0.0
7f8c7bdf8000-7f8c7bdff000 r-xp 00000000 08:01 265883                     /usr/lib/x86_64-linux-gnu/libXrandr.so.2.2.0
7f8c7bdff000-7f8c7bfff000 ---p 00007000 08:01 265883                     /usr/lib/x86_64-linux-gnu/libXrandr.so.2.2.0
7f8c7bfff000-7f8c7c000000 rw-p 00007000 08:01 265883                     /usr/lib/x86_64-linux-gnu/libXrandr.so.2.2.0
7f8c7c000000-7f8c7c60c000 rw-p 00000000 00:00 0 
7f8c7c60c000-7f8c80000000 ---p 00000000 00:00 0 
7f8c8005a000-7f8c8005b000 ---p 00000000 00:00 0 
7f8c8005b000-7f8c8015b000 rw-p 00000000 00:00 0 
7f8c8015b000-7f8c801c7000 r-xp 00000000 08:01 551340                     /tmp/libgdxnemo9955/7b43be9b/liblwjgl64.so (deleted)
7f8c801c7000-7f8c803c6000 ---p 0006c000 08:01 551340                     /tmp/libgdxnemo9955/7b43be9b/liblwjgl64.so (deleted)
7f8c803c6000-7f8c803c8000 r--p 0006b000 08:01 551340                     /tmp/libgdxnemo9955/7b43be9b/liblwjgl64.so (deleted)
7f8c803c8000-7f8c803c9000 rw-p 0006d000 08:01 551340                     /tmp/libgdxnemo9955/7b43be9b/liblwjgl64.so (deleted)
7f8c803c9000-7f8c803ca000 r-xp 00000000 08:01 144229                     /usr/lib/jvm/java-6-openjdk-amd64/jre/lib/amd64/libjawt.so
7f8c803ca000-7f8c805c9000 ---p 00001000 08:01 144229                     /usr/lib/jvm/java-6-openjdk-amd64/jre/lib/amd64/libjawt.so
7f8c805c9000-7f8c805ca000 rw-p 00000000 08:01 144229                     /usr/lib/jvm/java-6-openjdk-amd64/jre/lib/amd64/libjawt.so
7f8c805ca000-7f8c805cf000 r-xp 00000000 08:01 273531                     /usr/lib/x86_64-linux-gnu/libXfixes.so.3.1.0
7f8c805cf000-7f8c807ce000 ---p 00005000 08:01 273531                     /usr/lib/x86_64-linux-gnu/libXfixes.so.3.1.0
7f8c807ce000-7f8c807cf000 r--p 00004000 08:01 273531                     /usr/lib/x86_64-linux-gnu/libXfixes.so.3.1.0
7f8c807cf000-7f8c807d0000 rw-p 00005000 08:01 273531                     /usr/lib/x86_64-linux-gnu/libXfixes.so.3.1.0
7f8c807d0000-7f8c807d9000 r--s 00000000 08:01 277048                     /var/cache/fontconfig/945677eb7aeaf62f1d50efc3fb3ec7d8-le64.cache-3
7f8c807d9000-7f8c807e2000 r--s 00000000 08:01 278568                     /var/cache/fontconfig/6d41288fd70b0be22e8c3a91e032eec0-le64.cache-3
7f8c807e2000-7f8c80810000 r--s 00000000 08:01 271260                     /var/cache/fontconfig/365b55f210c0a22e9a19e35191240f32-le64.cache-3
7f8c8087d000-7f8c8089a000 rw-s 36c61000 00:05 5680                       /dev/nvidia0
7f8c8089a000-7f8c808d7000 rw-p 00000000 00:00 0 
7f8c808d7000-7f8c808da000 ---p 00000000 00:00 0 
7f8c808da000-7f8c809d8000 rw-p 00000000 00:00 0 
7f8c809d8000-7f8c809e1000 r--s 00000000 08:01 277048                     /var/cache/fontconfig/945677eb7aeaf62f1d50efc3fb3ec7d8-le64.cache-3
7f8c809e1000-7f8c809e6000 r--s 00000000 08:01 271253                     /var/cache/fontconfig/6eb3985aa4124903f6ff08ba781cd364-le64.cache-3
7f8c809e6000-7f8c809ef000 r--s 00000000 08:01 278568                     /var/cache/fontconfig/6d41288fd70b0be22e8c3a91e032eec0-le64.cache-3
7f8c809ef000-7f8c80a1d000 r--s 00000000 08:01 271260                     /var/cache/fontconfig/365b55f210c0a22e9a19e35191240f32-le64.cache-3
7f8c80a1d000-7f8c80a20000 r--s 00000000 08:01 271247                     /var/cache/fontconfig/c57959a16110560c8d0fcea73374aeeb-le64.cache-3
7f8c80a35000-7f8c80a3f000 r-xp 00000000 08:01 264474                     /usr/lib/x86_64-linux-gnu/libXcursor.so.1.0.2
7f8c80a3f000-7f8c80c3e000 ---p 0000a000 08:01 264474                     /usr/lib/x86_64-linux-gnu/libXcursor.so.1.0.2
7f8c80c3e000-7f8c80c3f000 rw-p 00009000 08:01 264474                     /usr/lib/x86_64-linux-gnu/libXcursor.so.1.0.2
7f8c80c3f000-7f8c80c41000 rw-p 00000000 00:00 0 
7f8c80c41000-7f8c80c43000 rw-s 00000000 08:01 277083                     /tmp/glqqEvNx (deleted)
7f8c80c49000-7f8c80c4d000 rw-s 02e10000 00:05 5680                       /dev/nvidia0
7f8c80c51000-7f8c80c52000 rw-s fd060000 00:05 5680                       /dev/nvidia0
7f8c80c52000-7f8c80c59000 r--s 00000000 08:01 282750                     /usr/lib/x86_64-linux-gnu/gconv/gconv-modules.cache
7f8c80c59000-7f8c80c6a000 r--s 00000000 08:01 271249                     /var/cache/fontconfig/d52a8644073d54c13679302ca1180695-le64.cache-3
7f8c80c6a000-7f8c80c71000 r--s 00000000 08:01 271258                     /var/cache/fontconfig/3f7329c5293ffd510edef78f73874cfd-le64.cache-3
7f8c80c71000-7f8c80c74000 ---p 00000000 00:00 0 
7f8c80c74000-7f8c80d72000 rw-p 00000000 00:00 0 
7f8c80d72000-7f8c80e0b000 r-xp 00000000 08:01 264650                     /usr/lib/x86_64-linux-gnu/libfreetype.so.6.8.1
7f8c80e0b000-7f8c8100a000 ---p 00099000 08:01 264650                     /usr/lib/x86_64-linux-gnu/libfreetype.so.6.8.1
7f8c8100a000-7f8c81010000 r--p 00098000 08:01 264650                     /usr/lib/x86_64-linux-gnu/libfreetype.so.6.8.1
7f8c81010000-7f8c81011000 rw-p 0009e000 08:01 264650                     /usr/lib/x86_64-linux-gnu/libfreetype.so.6.8.1
7f8c81011000-7f8c81059000 r-xp 00000000 08:01 144223                     /usr/lib/jvm/java-6-openjdk-amd64/jre/lib/amd64/libfontmanager.so
7f8c81059000-7f8c81259000 ---p 00048000 08:01 144223                     /usr/lib/jvm/java-6-openjdk-amd64/jre/lib/amd64/libfontmanager.so
7f8c81259000-7f8c8125c000 rw-p 00048000 08:01 144223                     /usr/lib/jvm/java-6-openjdk-amd64/jre/lib/amd64/libfontmanager.so
7f8c8125c000-7f8c81261000 r-xp 00000000 08:01 264417                     /usr/lib/x86_64-linux-gnu/libXdmcp.so.6.0.0
7f8c81261000-7f8c81460000 ---p 00005000 08:01 264417                     /usr/lib/x86_64-linux-gnu/libXdmcp.so.6.0.0
7f8c81460000-7f8c81461000 rw-p 00004000 08:01 264417                     /usr/lib/x86_64-linux-gnu/libXdmcp.so.6.0.0
7f8c81461000-7f8c81463000 r-xp 00000000 08:01 264406                     /usr/lib/x86_64-linux-gnu/libXau.so.6.0.0
7f8c81463000-7f8c81663000 ---p 00002000 08:01 264406                     /usr/lib/x86_64-linux-gnu/libXau.so.6.0.0
7f8c81663000-7f8c81664000 rw-p 00002000 08:01 264406                     /usr/lib/x86_64-linux-gnu/libXau.so.6.0.0
7f8c81664000-7f8c81683000 r-xp 00000000 08:01 265852                     /usr/lib/x86_64-linux-gnu/libxcb.so.1.1.0
7f8c81683000-7f8c81882000 ---p 0001f000 08:01 265852                     /usr/lib/x86_64-linux-gnu/libxcb.so.1.1.0
7f8c81882000-7f8c81883000 r--p 0001e000 08:01 265852                     /usr/lib/x86_64-linux-gnu/libxcb.so.1.1.0
7f8c81883000-7f8c81884000 rw-p 0001f000 08:01 265852                     /usr/lib/x86_64-linux-gnu/libxcb.so.1.1.0
7f8c81884000-7f8c81892000 r-xp 00000000 08:01 265075                     /usr/lib/x86_64-linux-gnu/libXi.so.6.1.0
7f8c81892000-7f8c81a92000 ---p 0000e000 08:01 265075                     /usr/lib/x86_64-linux-gnu/libXi.so.6.1.0
7f8c81a92000-7f8c81a93000 rw-p 0000e000 08:01 265075                     /usr/lib/x86_64-linux-gnu/libXi.so.6.1.0
7f8c81a93000-7f8c81a98000 r-xp 00000000 08:01 274483                     /usr/lib/x86_64-linux-gnu/libXtst.so.6.1.0
7f8c81a98000-7f8c81c97000 ---p 00005000 08:01 274483                     /usr/lib/x86_64-linux-gnu/libXtst.so.6.1.0
7f8c81c97000-7f8c81c98000 rw-p 00004000 08:01 274483                     /usr/lib/x86_64-linux-gnu/libXtst.so.6.1.0
7f8c81c98000-7f8c81ca1000 r-xp 00000000 08:01 264343                     /usr/lib/x86_64-linux-gnu/libXrender.so.1.3.0
7f8c81ca1000-7f8c81ea0000 ---p 00009000 08:01 264343                     /usr/lib/x86_64-linux-gnu/libXrender.so.1.3.0
7f8c81ea0000-7f8c81ea1000 rw-p 00008000 08:01 264343                     /usr/lib/x86_64-linux-gnu/libXrender.so.1.3.0
7f8c81ea1000-7f8c81fd6000 r-xp 00000000 08:01 265870                     /usr/lib/x86_64-linux-gnu/libX11.so.6.3.0
7f8c81fd6000-7f8c821d6000 ---p 00135000 08:01 265870                     /usr/lib/x86_64-linux-gnu/libX11.so.6.3.0
7f8c821d6000-7f8c821dc000 rw-p 00135000 08:01 265870                     /usr/lib/x86_64-linux-gnu/libX11.so.6.3.0
7f8c821dc000-7f8c821ed000 r-xp 00000000 08:01 264595                     /usr/lib/x86_64-linux-gnu/libXext.so.6.4.0
7f8c821ed000-7f8c823ed000 ---p 00011000 08:01 264595                     /usr/lib/x86_64-linux-gnu/libXext.so.6.4.0
7f8c823ed000-7f8c823ee000 rw-p 00011000 08:01 264595                     /usr/lib/x86_64-linux-gnu/libXext.so.6.4.0
7f8c823ee000-7f8c8243b000 r-xp 00000000 08:01 144391                     /usr/lib/jvm/java-6-openjdk-amd64/jre/lib/amd64/xawt/libmawt.so
7f8c8243b000-7f8c8263a000 ---p 0004d000 08:01 144391                     /usr/lib/jvm/java-6-openjdk-amd64/jre/lib/amd64/xawt/libmawt.so
7f8c8263a000-7f8c8263e000 rw-p 0004c000 08:01 144391                     /usr/lib/jvm/java-6-openjdk-amd64/jre/lib/amd64/xawt/libmawt.so
7f8c8263e000-7f8c8263f000 rw-p 00000000 00:00 0 
7f8c8263f000-7f8c826ef000 r-xp 00000000 08:01 144230                     /usr/lib/jvm/java-6-openjdk-amd64/jre/lib/amd64/libawt.so
7f8c826ef000-7f8c828ee000 ---p 000b0000 08:01 144230                     /usr/lib/jvm/java-6-openjdk-amd64/jre/lib/amd64/libawt.so
7f8c828ee000-7f8c828fa000 rw-p 000af000 08:01 144230                     /usr/lib/jvm/java-6-openjdk-amd64/jre/lib/amd64/libawt.so
7f8c828fa000-7f8c8291e000 rw-p 00000000 00:00 0 
7f8c8291e000-7f8c8298d000 r-xp 00000000 08:01 551337                     /tmp/libgdxnemo9955/b4a54a2/libgdx64.so
7f8c8298d000-7f8c82b8c000 ---p 0006f000 08:01 551337                     /tmp/libgdxnemo9955/b4a54a2/libgdx64.so
7f8c82b8c000-7f8c82b8e000 r--p 0006e000 08:01 551337                     /tmp/libgdxnemo9955/b4a54a2/libgdx64.so
7f8c82b8e000-7f8c82b8f000 rw-p 00070000 08:01 551337                     /tmp/libgdxnemo9955/b4a54a2/libgdx64.so
7f8c82b8f000-7f8c82b90000 rw-p 00000000 00:00 0 
7f8c82b90000-7f8c82b97000 r--s 000fc000 08:01 143749                     /usr/lib/jvm/java-6-openjdk-common/jre/lib/resources.jar
7f8c82b97000-7f8c82b98000 r--s 00127000 08:06 9437307                    /home/nemo9955/CodeStation/proiecte/Garden_Revolution/Garden_Revolution-desktop/libs/gdx-natives.jar
7f8c82b98000-7f8c82b99000 r--s 00004000 08:06 9437342                    /home/nemo9955/CodeStation/proiecte/Garden_Revolution/Garden_Revolution-desktop/libs/gdx-controllers-desktop.jar
7f8c82b99000-7f8c82b9a000 r--s 00100000 08:06 9437237                    /home/nemo9955/CodeStation/proiecte/Garden_Revolution/Garden_Revolution-desktop/libs/gdx-controllers-desktop-natives.jar
7f8c82b9a000-7f8c82bab000 r--s 0012b000 08:06 9437394                    /home/nemo9955/CodeStation/proiecte/Garden_Revolution/Garden_Revolution-desktop/libs/gdx-backend-lwjgl.jar
7f8c82bab000-7f8c82bad000 r--s 001a1000 08:06 9437380                    /home/nemo9955/CodeStation/proiecte/Garden_Revolution/Garden_Revolution-desktop/libs/gdx-backend-lwjgl-natives.jar
7f8c82bad000-7f8c82bb0000 r--s 0000b000 08:06 9437369                    /home/nemo9955/CodeStation/proiecte/Garden_Revolution/Garden_Revolution-main/libs/tween-engine-api.jar
7f8c82bb0000-7f8c82bb7000 r--s 0004c000 08:06 9437312                    /home/nemo9955/CodeStation/proiecte/Garden_Revolution/Garden_Revolution-main/libs/kryonet-2.21-all.jar
7f8c82bb7000-7f8c82bba000 r--s 0007f000 08:01 143741                     /usr/lib/jvm/java-6-openjdk-common/jre/lib/jsse.jar
7f8c82bba000-7f8c82bd0000 r--s 00157000 08:06 9437270                    /home/nemo9955/CodeStation/proiecte/Garden_Revolution/Garden_Revolution-main/libs/gdx.jar
7f8c82bd0000-7f8c82bd1000 r--s 00002000 08:06 9437214                    /home/nemo9955/CodeStation/proiecte/Garden_Revolution/Garden_Revolution-main/libs/gdx-controllers.jar
7f8c82bd1000-7f8c82bd5000 r--s 00039000 08:01 143733                     /usr/lib/jvm/java-6-openjdk-common/jre/lib/ext/sunpkcs11.jar
7f8c82bd5000-7f8c82bd7000 r--s 0000f000 08:01 143734                     /usr/lib/jvm/java-6-openjdk-common/jre/lib/ext/pulse-java.jar
7f8c82bd7000-7f8c82bda000 r--s 00031000 08:01 143736                     /usr/lib/jvm/java-6-openjdk-common/jre/lib/ext/sunjce_provider.jar
7f8c82bda000-7f8c82bdd000 r--s 00077000 08:01 143735                     /usr/lib/jvm/java-6-openjdk-common/jre/lib/ext/localedata.jar
7f8c82bdd000-7f8c82bdf000 r--s 00001000 08:01 143737                     /usr/lib/jvm/java-6-openjdk-common/jre/lib/ext/dnsns.jar
7f8c82bdf000-7f8c82be0000 r--s 00007000 08:01 916596                     /usr/share/java/java-atk-wrapper.jar
7f8c82be0000-7f8c82be1000 ---p 00000000 00:00 0 
7f8c82be1000-7f8c82ce1000 rw-p 00000000 00:00 0 
7f8c82ce1000-7f8c82ce4000 ---p 00000000 00:00 0 
7f8c82ce4000-7f8c82de2000 rw-p 00000000 00:00 0 
7f8c82de2000-7f8c82de5000 ---p 00000000 00:00 0 
7f8c82de5000-7f8c82ee3000 rw-p 00000000 00:00 0 
7f8c82ee3000-7f8c82ee6000 ---p 00000000 00:00 0 
7f8c82ee6000-7f8c82fe4000 rw-p 00000000 00:00 0 
7f8c82fe4000-7f8c82fe7000 ---p 00000000 00:00 0 
7f8c82fe7000-7f8c830e5000 rw-p 00000000 00:00 0 
7f8c830e5000-7f8c8325c000 r--p 00000000 08:01 139605                     /usr/lib/locale/locale-archive
7f8c8325c000-7f8c8325f000 ---p 00000000 00:00 0 
7f8c8325f000-7f8c8335d000 rw-p 00000000 00:00 0 
7f8c8335d000-7f8c83360000 ---p 00000000 00:00 0 
7f8c83360000-7f8c8345e000 rw-p 00000000 00:00 0 
7f8c8345e000-7f8c8345f000 ---p 00000000 00:00 0 
7f8c8345f000-7f8c83895000 rw-p 00000000 00:00 0 
7f8c83895000-7f8c83a29000 r--s 03807000 08:01 144270                     /usr/lib/jvm/java-6-openjdk-amd64/jre/lib/rt.jar
7f8c83a29000-7f8c83a51000 rw-p 00000000 00:00 0 
7f8c83a51000-7f8c83a52000 ---p 00000000 00:00 0 
7f8c83a52000-7f8c83b52000 rw-p 00000000 00:00 0 
7f8c83b52000-7f8c83b53000 ---p 00000000 00:00 0 
7f8c83b53000-7f8c83c5e000 rw-p 00000000 00:00 0 
7f8c83c5e000-7f8c83ca6000 rw-p 00000000 00:00 0 
7f8c83ca6000-7f8c83cb7000 rw-p 00000000 00:00 0 
7f8c83cb7000-7f8c83db2000 rw-p 00000000 00:00 0 
7f8c83db2000-7f8c83dbd000 rw-p 00000000 00:00 0 
7f8c83dbd000-7f8c83e05000 rw-p 00000000 00:00 0 
7f8c83e05000-7f8c83e16000 rw-p 00000000 00:00 0 
7f8c83e16000-7f8c83f11000 rw-p 00000000 00:00 0 
7f8c83f11000-7f8c83f1a000 rw-p 00000000 00:00 0 
7f8c83f1a000-7f8c83f97000 rw-p 00000000 00:00 0 
7f8c83f97000-7f8c83f98000 rw-p 00000000 00:00 0 
7f8c83f98000-7f8c84208000 rwxp 00000000 00:00 0 
7f8c84208000-7f8c86f98000 rw-p 00000000 00:00 0 
7f8c86f98000-7f8c86f9f000 r-xp 00000000 08:01 144259                     /usr/lib/jvm/java-6-openjdk-amd64/jre/lib/amd64/libzip.so
7f8c86f9f000-7f8c8719e000 ---p 00007000 08:01 144259                     /usr/lib/jvm/java-6-openjdk-amd64/jre/lib/amd64/libzip.so
7f8c8719e000-7f8c8719f000 rw-p 00006000 08:01 144259                     /usr/lib/jvm/java-6-openjdk-amd64/jre/lib/amd64/libzip.so
7f8c8719f000-7f8c871aa000 r-xp 00000000 08:01 916446                     /lib/x86_64-linux-gnu/libnss_files-2.13.so
7f8c871aa000-7f8c873a9000 ---p 0000b000 08:01 916446                     /lib/x86_64-linux-gnu/libnss_files-2.13.so
7f8c873a9000-7f8c873aa000 r--p 0000a000 08:01 916446                     /lib/x86_64-linux-gnu/libnss_files-2.13.so
7f8c873aa000-7f8c873ab000 rw-p 0000b000 08:01 916446                     /lib/x86_64-linux-gnu/libnss_files-2.13.so
7f8c873ab000-7f8c873b5000 r-xp 00000000 08:01 916442                     /lib/x86_64-linux-gnu/libnss_nis-2.13.so
7f8c873b5000-7f8c875b4000 ---p 0000a000 08:01 916442                     /lib/x86_64-linux-gnu/libnss_nis-2.13.so
7f8c875b4000-7f8c875b5000 r--p 00009000 08:01 916442                     /lib/x86_64-linux-gnu/libnss_nis-2.13.so
7f8c875b5000-7f8c875b6000 rw-p 0000a000 08:01 916442                     /lib/x86_64-linux-gnu/libnss_nis-2.13.so
7f8c875b6000-7f8c875bd000 r-xp 00000000 08:01 916435                     /lib/x86_64-linux-gnu/libnss_compat-2.13.so
7f8c875bd000-7f8c877bc000 ---p 00007000 08:01 916435                     /lib/x86_64-linux-gnu/libnss_compat-2.13.so
7f8c877bc000-7f8c877bd000 r--p 00006000 08:01 916435                     /lib/x86_64-linux-gnu/libnss_compat-2.13.so
7f8c877bd000-7f8c877be000 rw-p 00007000 08:01 916435                     /lib/x86_64-linux-gnu/libnss_compat-2.13.so
7f8c877be000-7f8c877d3000 r-xp 00000000 08:01 916440                     /lib/x86_64-linux-gnu/libnsl-2.13.so
7f8c877d3000-7f8c879d2000 ---p 00015000 08:01 916440                     /lib/x86_64-linux-gnu/libnsl-2.13.so
7f8c879d2000-7f8c879d3000 r--p 00014000 08:01 916440                     /lib/x86_64-linux-gnu/libnsl-2.13.so
7f8c879d3000-7f8c879d4000 rw-p 00015000 08:01 916440                     /lib/x86_64-linux-gnu/libnsl-2.13.so
7f8c879d4000-7f8c879d6000 rw-p 00000000 00:00 0 
7f8c879d6000-7f8c87a04000 r-xp 00000000 08:01 144245                     /usr/lib/jvm/java-6-openjdk-amd64/jre/lib/amd64/libjava.so
7f8c87a04000-7f8c87c03000 ---p 0002e000 08:01 144245                     /usr/lib/jvm/java-6-openjdk-amd64/jre/lib/amd64/libjava.so
7f8c87c03000-7f8c87c07000 rw-p 0002d000 08:01 144245                     /usr/lib/jvm/java-6-openjdk-amd64/jre/lib/amd64/libjava.so
7f8c87c07000-7f8c87c16000 r-xp 00000000 08:01 144228                     /usr/lib/jvm/java-6-openjdk-amd64/jre/lib/amd64/libverify.so
7f8c87c16000-7f8c87e15000 ---p 0000f000 08:01 144228                     /usr/lib/jvm/java-6-openjdk-amd64/jre/lib/amd64/libverify.so
7f8c87e15000-7f8c87e17000 rw-p 0000e000 08:01 144228                     /usr/lib/jvm/java-6-openjdk-amd64/jre/lib/amd64/libverify.so
7f8c87e17000-7f8c87e1e000 r-xp 00000000 08:01 916450                     /lib/x86_64-linux-gnu/librt-2.13.so
7f8c87e1e000-7f8c8801d000 ---p 00007000 08:01 916450                     /lib/x86_64-linux-gnu/librt-2.13.so
7f8c8801d000-7f8c8801e000 r--p 00006000 08:01 916450                     /lib/x86_64-linux-gnu/librt-2.13.so
7f8c8801e000-7f8c8801f000 rw-p 00007000 08:01 916450                     /lib/x86_64-linux-gnu/librt-2.13.so
7f8c8801f000-7f8c88034000 r-xp 00000000 08:01 916059                     /lib/x86_64-linux-gnu/libgcc_s.so.1
7f8c88034000-7f8c88234000 ---p 00015000 08:01 916059                     /lib/x86_64-linux-gnu/libgcc_s.so.1
7f8c88234000-7f8c88235000 rw-p 00015000 08:01 916059                     /lib/x86_64-linux-gnu/libgcc_s.so.1
7f8c88235000-7f8c882b6000 r-xp 00000000 08:01 916437                     /lib/x86_64-linux-gnu/libm-2.13.so
7f8c882b6000-7f8c884b5000 ---p 00081000 08:01 916437                     /lib/x86_64-linux-gnu/libm-2.13.so
7f8c884b5000-7f8c884b6000 r--p 00080000 08:01 916437                     /lib/x86_64-linux-gnu/libm-2.13.so
7f8c884b6000-7f8c884b7000 rw-p 00081000 08:01 916437                     /lib/x86_64-linux-gnu/libm-2.13.so
7f8c884b7000-7f8c8859f000 r-xp 00000000 08:01 265105                     /usr/lib/x86_64-linux-gnu/libstdc++.so.6.0.17
7f8c8859f000-7f8c8879f000 ---p 000e8000 08:01 265105                     /usr/lib/x86_64-linux-gnu/libstdc++.so.6.0.17
7f8c8879f000-7f8c887a7000 r--p 000e8000 08:01 265105                     /usr/lib/x86_64-linux-gnu/libstdc++.so.6.0.17
7f8c887a7000-7f8c887a9000 rw-p 000f0000 08:01 265105                     /usr/lib/x86_64-linux-gnu/libstdc++.so.6.0.17
7f8c887a9000-7f8c887be000 rw-p 00000000 00:00 0 
7f8c887be000-7f8c890d2000 r-xp 00000000 08:01 144235                     /usr/lib/jvm/java-6-openjdk-amd64/jre/lib/amd64/server/libjvm.so
7f8c890d2000-7f8c892d1000 ---p 00914000 08:01 144235                     /usr/lib/jvm/java-6-openjdk-amd64/jre/lib/amd64/server/libjvm.so
7f8c892d1000-7f8c8936d000 rw-p 00913000 08:01 144235                     /usr/lib/jvm/java-6-openjdk-amd64/jre/lib/amd64/server/libjvm.so
7f8c8936d000-7f8c89396000 rw-p 00000000 00:00 0 
7f8c89396000-7f8c89518000 r-xp 00000000 08:01 916430                     /lib/x86_64-linux-gnu/libc-2.13.so
7f8c89518000-7f8c89717000 ---p 00182000 08:01 916430                     /lib/x86_64-linux-gnu/libc-2.13.so
7f8c89717000-7f8c8971b000 r--p 00181000 08:01 916430                     /lib/x86_64-linux-gnu/libc-2.13.so
7f8c8971b000-7f8c8971c000 rw-p 00185000 08:01 916430                     /lib/x86_64-linux-gnu/libc-2.13.so
7f8c8971c000-7f8c89721000 rw-p 00000000 00:00 0 
7f8c89721000-7f8c89723000 r-xp 00000000 08:01 916444                     /lib/x86_64-linux-gnu/libdl-2.13.so
7f8c89723000-7f8c89923000 ---p 00002000 08:01 916444                     /lib/x86_64-linux-gnu/libdl-2.13.so
7f8c89923000-7f8c89924000 r--p 00002000 08:01 916444                     /lib/x86_64-linux-gnu/libdl-2.13.so
7f8c89924000-7f8c89925000 rw-p 00003000 08:01 916444                     /lib/x86_64-linux-gnu/libdl-2.13.so
7f8c89925000-7f8c89929000 r-xp 00000000 08:01 144232                     /usr/lib/jvm/java-6-openjdk-amd64/jre/lib/amd64/jli/libjli.so
7f8c89929000-7f8c89b28000 ---p 00004000 08:01 144232                     /usr/lib/jvm/java-6-openjdk-amd64/jre/lib/amd64/jli/libjli.so
7f8c89b28000-7f8c89b29000 rw-p 00003000 08:01 144232                     /usr/lib/jvm/java-6-openjdk-amd64/jre/lib/amd64/jli/libjli.so
7f8c89b29000-7f8c89b40000 r-xp 00000000 08:01 916448                     /lib/x86_64-linux-gnu/libpthread-2.13.so
7f8c89b40000-7f8c89d3f000 ---p 00017000 08:01 916448                     /lib/x86_64-linux-gnu/libpthread-2.13.so
7f8c89d3f000-7f8c89d40000 r--p 00016000 08:01 916448                     /lib/x86_64-linux-gnu/libpthread-2.13.so
7f8c89d40000-7f8c89d41000 rw-p 00017000 08:01 916448                     /lib/x86_64-linux-gnu/libpthread-2.13.so
7f8c89d41000-7f8c89d45000 rw-p 00000000 00:00 0 
7f8c89d45000-7f8c89d5b000 r-xp 00000000 08:01 916168                     /lib/x86_64-linux-gnu/libz.so.1.2.7
7f8c89d5b000-7f8c89f5a000 ---p 00016000 08:01 916168                     /lib/x86_64-linux-gnu/libz.so.1.2.7
7f8c89f5a000-7f8c89f5b000 r--p 00015000 08:01 916168                     /lib/x86_64-linux-gnu/libz.so.1.2.7
7f8c89f5b000-7f8c89f5c000 rw-p 00016000 08:01 916168                     /lib/x86_64-linux-gnu/libz.so.1.2.7
7f8c89f5c000-7f8c89f7c000 r-xp 00000000 08:01 32                         /lib64/ld-2.13.so
7f8c89f7c000-7f8c89f81000 r--s 00000000 08:01 271264                     /var/cache/fontconfig/3047814df9a2f067bd2d96a2b9c36e5a-le64.cache-3
7f8c89f81000-7f8c89f86000 r--s 00000000 08:01 271253                     /var/cache/fontconfig/6eb3985aa4124903f6ff08ba781cd364-le64.cache-3
7f8c89f86000-7f8c89f89000 r--s 00000000 08:01 271247                     /var/cache/fontconfig/c57959a16110560c8d0fcea73374aeeb-le64.cache-3
7f8c89f89000-7f8c89f9a000 r--s 00000000 08:01 271249                     /var/cache/fontconfig/d52a8644073d54c13679302ca1180695-le64.cache-3
7f8c89f9a000-7f8c89fa4000 rw-p 00000000 00:00 0 
7f8c89fa4000-7f8c8a05a000 rw-p 00000000 00:00 0 
7f8c8a05a000-7f8c8a05d000 ---p 00000000 00:00 0 
7f8c8a05d000-7f8c8a160000 rw-p 00000000 00:00 0 
7f8c8a160000-7f8c8a162000 r--s 00000000 08:01 271267                     /var/cache/fontconfig/e13b20fdb08344e0e664864cc2ede53d-le64.cache-3
7f8c8a162000-7f8c8a167000 r--s 00000000 08:01 271264                     /var/cache/fontconfig/3047814df9a2f067bd2d96a2b9c36e5a-le64.cache-3
7f8c8a167000-7f8c8a16e000 r--s 00000000 08:01 271258                     /var/cache/fontconfig/3f7329c5293ffd510edef78f73874cfd-le64.cache-3
7f8c8a16e000-7f8c8a170000 r--s 00000000 08:01 271267                     /var/cache/fontconfig/e13b20fdb08344e0e664864cc2ede53d-le64.cache-3
7f8c8a170000-7f8c8a178000 rw-s 00000000 08:01 400812                     /tmp/hsperfdata_nemo9955/6879
7f8c8a178000-7f8c8a179000 rw-p 00000000 00:00 0 
7f8c8a179000-7f8c8a17a000 r--p 00000000 00:00 0 
7f8c8a17a000-7f8c8a17b000 rw-p 00000000 00:00 0 
7f8c8a17b000-7f8c8a17c000 r--p 0001f000 08:01 32                         /lib64/ld-2.13.so
7f8c8a17c000-7f8c8a17d000 rw-p 00020000 08:01 32                         /lib64/ld-2.13.so
7f8c8a17d000-7f8c8a17e000 rw-p 00000000 00:00 0 
7fffbc568000-7fffbc589000 rw-p 00000000 00:00 0                          [stack]
7fffbc5ff000-7fffbc600000 r-xp 00000000 00:00 0                          [vdso]
ffffffffff600000-ffffffffff601000 r-xp 00000000 00:00 0                  [vsyscall]

VM Arguments:
jvm_args: -Dfile.encoding=UTF-8 
java_command: com.nemo9955.garden_revolution.Main
Launcher Type: SUN_STANDARD

Environment Variables:
PATH=/home/nemo9955/bin:/usr/sbin:/sbin:/usr/local/bin:/usr/bin:/bin:/usr/local/games:/usr/games
LD_LIBRARY_PATH=/usr/lib/jvm/java-6-openjdk-amd64/jre/lib/amd64/server:/usr/lib/jvm/java-6-openjdk-amd64/jre/lib/amd64:/usr/lib/jvm/java-6-openjdk-amd64/jre/../lib/amd64
SHELL=/bin/bash
DISPLAY=:0.0

Signal Handlers:
SIGSEGV: [libjvm.so+0x791b10], sa_mask[0]=0x7ffbfeff, sa_flags=0x10000004
SIGBUS: [libjvm.so+0x791b10], sa_mask[0]=0x7ffbfeff, sa_flags=0x10000004
SIGFPE: [libjvm.so+0x65ace0], sa_mask[0]=0x7ffbfeff, sa_flags=0x10000004
SIGPIPE: [libjvm.so+0x65ace0], sa_mask[0]=0x7ffbfeff, sa_flags=0x10000004
SIGXFSZ: [libjvm.so+0x65ace0], sa_mask[0]=0x7ffbfeff, sa_flags=0x10000004
SIGILL: [libjvm.so+0x65ace0], sa_mask[0]=0x7ffbfeff, sa_flags=0x10000004
SIGUSR1: SIG_DFL, sa_mask[0]=0x00000000, sa_flags=0x00000000
SIGUSR2: [libjvm.so+0x65aec0], sa_mask[0]=0x00000004, sa_flags=0x10000004
SIGHUP: [libjvm.so+0x65d500], sa_mask[0]=0x7ffbfeff, sa_flags=0x10000004
SIGINT: [libjvm.so+0x65d500], sa_mask[0]=0x7ffbfeff, sa_flags=0x10000004
SIGTERM: [libjvm.so+0x65d500], sa_mask[0]=0x7ffbfeff, sa_flags=0x10000004
SIGQUIT: [libjvm.so+0x65d500], sa_mask[0]=0x7ffbfeff, sa_flags=0x10000004


---------------  S Y S T E M  ---------------

OS:7.3

uname:Linux 3.2.0-4-amd64 #1 SMP Debian 3.2.51-1 x86_64
libc:glibc 2.13 NPTL 2.13 
rlimit: STACK 8192k, CORE 0k, NPROC 25587, NOFILE 4096, AS infinity
load average:0.74 0.42 0.31

/proc/meminfo:
MemTotal:        3287396 kB
MemFree:         1804976 kB
Buffers:           51740 kB
Cached:           548736 kB
SwapCached:         6072 kB
Active:           925332 kB
Inactive:         397968 kB
Active(anon):     697060 kB
Inactive(anon):    28444 kB
Active(file):     228272 kB
Inactive(file):   369524 kB
Unevictable:        2220 kB
Mlocked:            2456 kB
SwapTotal:       3025916 kB
SwapFree:        2823108 kB
Dirty:                48 kB
Writeback:            12 kB
AnonPages:        720848 kB
Mapped:            67836 kB
Shmem:               944 kB
Slab:              62272 kB
SReclaimable:      34192 kB
SUnreclaim:        28080 kB
KernelStack:        2552 kB
PageTables:        10700 kB
NFS_Unstable:          0 kB
Bounce:                0 kB
WritebackTmp:          0 kB
CommitLimit:     4669612 kB
Committed_AS:    1831840 kB
VmallocTotal:   34359738367 kB
VmallocUsed:      315828 kB
VmallocChunk:   34359419900 kB
HardwareCorrupted:     0 kB
AnonHugePages:         0 kB
HugePages_Total:       0
HugePages_Free:        0
HugePages_Rsvd:        0
HugePages_Surp:        0
Hugepagesize:       2048 kB
DirectMap4k:      548544 kB
DirectMap2M:     2793472 kB


CPU:total 2 (2 cores per cpu, 1 threads per core) family 6 model 23 stepping 10, cmov, cx8, fxsr, mmx, sse, sse2, sse3, ssse3, sse4.1

Memory: 4k page, physical 3287396k(1804976k free), swap 3025916k(2823108k free)

vm_info: OpenJDK 64-Bit Server VM (20.0-b12) for linux-amd64 JRE (1.6.0_27-b27), built on Jul 12 2013 09:04:12 by "jmm" with gcc 4.7.2

time: Mon Feb 24 23:17:46 2014
elapsed time: 23988 seconds

