#
# A fatal error has been detected by the Java Runtime Environment:
#
#  SIGBUS (0x7) at pc=0x00007f280a1abc60, pid=3858, tid=139809818343168
#
# JRE version: 6.0_27-b27
# Java VM: OpenJDK 64-Bit Server VM (20.0-b12 mixed mode linux-amd64 compressed oops)
# Derivative: IcedTea6 1.12.6
# Distribution: Debian GNU/Linux 7.1 (wheezy), package 6b27-1.12.6-1~deb7u1
# Problematic frame:
# 
[error occurred during error reporting (printing problematic frame), id 0x7]

# If you would like to submit a bug report, please include
# instructions how to reproduce the bug and visit:
#   http://icedtea.classpath.org/bugzilla
# The crash happened outside the Java Virtual Machine in native code.
# See problematic frame for where to report the bug.
#

---------------  T H R E A D  ---------------

Current thread (0x00007f280c25e800):  JavaThread "LWJGL Application" [_thread_in_native, id=3898, stack(0x00007f28027ef000,0x00007f28028f0000)]

siginfo:si_signo=SIGBUS: si_errno=0, si_code=2 (BUS_ADRERR), si_addr=0x00007f280a1abc60

Registers:
RAX=0x00000000c3e54dd0, RBX=0x00000000c3e54dd0, RCX=0x00000000c3eaa9f8, RDX=0x00007f28122938da
RSP=0x00007f28028ee758, RBP=0x00007f28028ee7a0, RSI=0x00007f28028ee790, RDI=0x00007f280c25e9d0
R8 =0x0000000000000001, R9 =0x0000000000000001, R10=0x00007f28123338de, R11=0x00007f28123335e0
R12=0x0000000000000000, R13=0x00007f28028ee7d8, R14=0x00007f28028ee790, R15=0x00007f280c25e800
RIP=0x00007f280a1abc60, EFLAGS=0x0000000000010246, CSGSFS=0x0000000000000033, ERR=0x0000000000000014
  TRAPNO=0x000000000000000e

Top of Stack: (sp=0x00007f28028ee758)
0x00007f28028ee758:   00007f281233394c 00007f28122a0298
0x00007f28028ee768:   00000000f0347468 0000000000000011
0x00007f28028ee778:   0000000000000000 00007f28028ee770
0x00007f28028ee788:   00000000c3e5faf7 00000000c3e5f1f8
0x00007f28028ee798:   00000000c3e90c08 00007f28028ee828
0x00007f28028ee7a8:   00007f28123335f4 0000000000000000
0x00007f28028ee7b8:   00007f28028ee7d0 00007f28028ee828
0x00007f28028ee7c8:   00007f28122938da 00007f28122938da
0x00007f28028ee7d8:   0000002814a18d11 00000000f0347408
0x00007f28028ee7e8:   00007f28028ee7d8 00000000c3ea9739
0x00007f28028ee7f8:   00007f28028ee870 00000000c3eaa9f8
0x00007f28028ee808:   0000000000000000 00000000c3ea97a8
0x00007f28028ee818:   00007f28028ee7d8 00007f28028ee870
0x00007f28028ee828:   00007f28028ee8b8 00007f2812293db4
0x00007f28028ee838:   0000000000000000 0000000000000000
0x00007f28028ee848:   0000000000000000 00000000f0347488
0x00007f28028ee858:   00000000f0347468 00000000f0347408
0x00007f28028ee868:   00000000f0347408 00000000f037e858
0x00007f28028ee878:   00007f28028ee878 00000000c3ea6383
0x00007f28028ee888:   00007f28028ee8c0 00000000c3ea7fe0
0x00007f28028ee898:   0000000000000000 00000000c3ea6398
0x00007f28028ee8a8:   00007f28028ee870 00007f28028ee8c8
0x00007f28028ee8b8:   00007f28028ee908 00007f28122938da
0x00007f28028ee8c8:   00007f28028ee8c8 00000000c3e492f8
0x00007f28028ee8d8:   00007f28028ee918 00000000c3e90678
0x00007f28028ee8e8:   0000000000000000 00000000c3e49318
0x00007f28028ee8f8:   00007f28028ee8c8 00007f28028ee918
0x00007f28028ee908:   00007f28028ee970 00007f2812293db4
0x00007f28028ee918:   00000000f037b9e0 0000000000000000
0x00007f28028ee928:   00000000f0371430 00007f28028ee920
0x00007f28028ee938:   00000000c3e3a437 00007f28028ee988
0x00007f28028ee948:   00000000c3e4bcd8 0000000000000000 

Instructions: (pc=0x00007f280a1abc60)
0x00007f280a1abc40:   
[error occurred during error reporting (printing registers, top of stack, instructions near pc), id 0x7]

Register to memory mapping:

RAX=0x00000000c3e54dd0 is an oop
{method} 
 - klass: {other class}
RBX=0x00000000c3e54dd0 is an oop
{method} 
 - klass: {other class}
RCX=0x00000000c3eaa9f8 is an oop
{constant pool cache} 
 - klass: {other class}
RDX=0x00007f28122938da is an Interpreter codelet
return entry points  [0x00007f28122931c0, 0x00007f2812294780]  5568 bytes
RSP=0x00007f28028ee758 is pointing into the stack for thread: 0x00007f280c25e800
RBP=0x00007f28028ee7a0 is pointing into the stack for thread: 0x00007f280c25e800
RSI=0x00007f28028ee790 is pointing into the stack for thread: 0x00007f280c25e800
RDI=0x00007f280c25e9d0 is an unknown value
R8 =0x0000000000000001 is an unknown value
R9 =0x0000000000000001 is an unknown value
R10=0x00007f2812333710 [CodeBlob (0x00007f2812333710)]
Framesize: 10
R11=0x00007f2812333490 [CodeBlob (0x00007f2812333490)]
Framesize: 4
R12=0x0000000000000000 is an unknown value
R13=0x00007f28028ee7d8 is pointing into the stack for thread: 0x00007f280c25e800
R14=0x00007f28028ee790 is pointing into the stack for thread: 0x00007f280c25e800
R15=0x00007f280c25e800 is a thread


Stack: [0x00007f28027ef000,0x00007f28028f0000],  sp=0x00007f28028ee758,  free space=1021k
Native frames: (J=compiled Java code, j=interpreted, Vv=VM code, C=native code)

[error occurred during error reporting (printing native stack), id 0x7]

Java frames: (J=compiled Java code, j=interpreted, Vv=VM code)
J  org.lwjgl.opengl.LinuxDisplay.nUnlockAWT()V
J  org.lwjgl.opengl.LinuxDisplay.unlockAWT()V
j  org.lwjgl.opengl.LinuxContextImplementation.swapBuffers()V+57
j  org.lwjgl.opengl.ContextGL.swapBuffers()V+3
j  org.lwjgl.opengl.DrawableGL.swapBuffers()V+0
j  org.lwjgl.opengl.Display.swapBuffers()V+39
j  org.lwjgl.opengl.Display.update(Z)V+44
j  com.badlogic.gdx.backends.lwjgl.LwjglApplication.mainLoop()V+648
j  com.badlogic.gdx.backends.lwjgl.LwjglApplication$1.run()V+27
v  ~StubRoutines::call_stub

---------------  P R O C E S S  ---------------

Java Threads: ( => current thread )
  0x00007f280cca9800 JavaThread "AsynchExecutor-Thread" daemon [_thread_blocked, id=3904, stack(0x00007f28026ee000,0x00007f28027ef000)]
  0x00007f280c2c4800 JavaThread "DestroyJavaVM" [_thread_blocked, id=3860, stack(0x00007f2818905000,0x00007f2818a06000)]
=>0x00007f280c25e800 JavaThread "LWJGL Application" [_thread_in_native, id=3898, stack(0x00007f28027ef000,0x00007f28028f0000)]
  0x00007f280c225000 JavaThread "AWT-XAWT" daemon [_thread_in_native, id=3894, stack(0x00007f280a5d2000,0x00007f280a6d3000)]
  0x00007f280c1aa800 JavaThread "Java2D Disposer" daemon [_thread_blocked, id=3893, stack(0x00007f2810055000,0x00007f2810156000)]
  0x00007f280c001000 JavaThread "Low Memory Detector" daemon [_thread_blocked, id=3882, stack(0x00007f2810c47000,0x00007f2810d48000)]
  0x0000000000fbc800 JavaThread "C2 CompilerThread1" daemon [_thread_blocked, id=3881, stack(0x00007f2810d48000,0x00007f2810e49000)]
  0x0000000000fb9000 JavaThread "C2 CompilerThread0" daemon [_thread_blocked, id=3880, stack(0x00007f2810e49000,0x00007f2810f4a000)]
  0x0000000000fb5800 JavaThread "JDWP Command Reader" daemon [_thread_in_native, id=3876, stack(0x00007f2810f4a000,0x00007f281104b000)]
  0x0000000000fa9800 JavaThread "JDWP Event Helper Thread" daemon [_thread_blocked, id=3875, stack(0x00007f281104b000,0x00007f281114c000)]
  0x0000000000fa6000 JavaThread "JDWP Transport Listener: dt_socket" daemon [_thread_blocked, id=3872, stack(0x00007f281114c000,0x00007f281124d000)]
  0x0000000000f98000 JavaThread "Signal Dispatcher" daemon [_thread_blocked, id=3870, stack(0x00007f2811451000,0x00007f2811552000)]
  0x0000000000f74800 JavaThread "Finalizer" daemon [_thread_blocked, id=3869, stack(0x00007f2811552000,0x00007f2811653000)]
  0x0000000000f72800 JavaThread "Reference Handler" daemon [_thread_blocked, id=3868, stack(0x00007f2811653000,0x00007f2811754000)]

Other Threads:
  0x0000000000f6d800 VMThread [stack: 0x00007f2811754000,0x00007f2811855000] [id=3866]
  0x00007f280c003800 WatcherThread [stack: 0x00007f2810b46000,0x00007f2810c47000] [id=3883]

VM state:not at safepoint (normal execution)

VM Mutex/Monitor currently owned by a thread: None

Heap
 PSYoungGen      total 14976K, used 10205K [0x00000000ef400000, 0x00000000f04b0000, 0x0000000100000000)
  eden space 12864K, 70% used [0x00000000ef400000,0x00000000efce0320,0x00000000f0090000)
  from space 2112K, 52% used [0x00000000f02a0000,0x00000000f03b7140,0x00000000f04b0000)
  to   space 2112K, 0% used [0x00000000f0090000,0x00000000f0090000,0x00000000f02a0000)
 PSOldGen        total 34304K, used 0K [0x00000000cdc00000, 0x00000000cfd80000, 0x00000000ef400000)
  object space 34304K, 0% used [0x00000000cdc00000,0x00000000cdc00000,0x00000000cfd80000)
 PSPermGen       total 21248K, used 14009K [0x00000000c3600000, 0x00000000c4ac0000, 0x00000000cdc00000)
  object space 21248K, 65% used [0x00000000c3600000,0x00000000c43ae408,0x00000000c4ac0000)

Code Cache  [0x00007f281228e000, 0x00007f28124fe000, 0x00007f281528e000)
 total_blobs=775 nmethods=249 adapters=488 free_code_cache=49162432 largest_free_block=9792

Dynamic libraries:
00400000-00409000 r-xp 00000000 08:01 144298                             /usr/lib/jvm/java-6-openjdk-amd64/jre/bin/java
00608000-00609000 rw-p 00008000 08:01 144298                             /usr/lib/jvm/java-6-openjdk-amd64/jre/bin/java
00efa000-01646000 rw-p 00000000 00:00 0                                  [heap]
40b1c000-40b9a000 rw-p 00000000 00:00 0 
41d11000-41d13000 r-xs 00000000 08:01 277083                             /tmp/glRMultc (deleted)
c3600000-c4ac0000 rw-p 00000000 00:00 0 
c4ac0000-cdc00000 rw-p 00000000 00:00 0 
cdc00000-cfd80000 rw-p 00000000 00:00 0 
cfd80000-ef400000 rw-p 00000000 00:00 0 
ef400000-f04b0000 rw-p 00000000 00:00 0 
f04b0000-100000000 rw-p 00000000 00:00 0 
7f27feb00000-7f27feb23000 r-xp 00000000 08:01 551347                     /tmp/libgdxnemo9955/b97b1fcd/libgdx-controllers-desktop64.so
7f27feb23000-7f27fed23000 ---p 00023000 08:01 551347                     /tmp/libgdxnemo9955/b97b1fcd/libgdx-controllers-desktop64.so
7f27fed23000-7f27fed24000 r--p 00023000 08:01 551347                     /tmp/libgdxnemo9955/b97b1fcd/libgdx-controllers-desktop64.so
7f27fed24000-7f27fed25000 rw-p 00024000 08:01 551347                     /tmp/libgdxnemo9955/b97b1fcd/libgdx-controllers-desktop64.so
7f27fed25000-7f27fed3a000 r-xp 00000000 08:01 144247                     /usr/lib/jvm/java-6-openjdk-amd64/jre/lib/amd64/libnet.so
7f27fed3a000-7f27fef39000 ---p 00015000 08:01 144247                     /usr/lib/jvm/java-6-openjdk-amd64/jre/lib/amd64/libnet.so
7f27fef39000-7f27fef3a000 rw-p 00014000 08:01 144247                     /usr/lib/jvm/java-6-openjdk-amd64/jre/lib/amd64/libnet.so
7f27fef3a000-7f27ff33a000 rw-s 03d46000 00:05 5680                       /dev/nvidia0
7f27ff33a000-7f27ff73a000 rw-s c4fbf000 00:05 5680                       /dev/nvidia0
7f27ff73a000-7f27ff93a000 rw-s 03992000 00:05 5680                       /dev/nvidia0
7f27ff93a000-7f27ffb3a000 rw-s 0398d000 00:05 5680                       /dev/nvidia0
7f27ffb3a000-7f27ffc3a000 rw-s 1fb2c000 00:05 5680                       /dev/nvidia0
7f27ffc3a000-7f27ffcd8000 rw-p 00000000 00:00 0 
7f27ffcd8000-7f27ffd4c000 rw-p 00000000 00:00 0 
7f27ffd62000-7f27ffd63000 rw-s fdc08000 00:05 5680                       /dev/nvidia0
7f27ffd63000-7f27ffda3000 rw-s 03905000 00:05 5680                       /dev/nvidia0
7f27ffdc3000-7f27ffdc4000 rw-s fd641000 00:05 5680                       /dev/nvidia0
7f27ffdc4000-7f27ffdc5000 rw-s 36deb000 00:05 5680                       /dev/nvidia0
7f27ffdc5000-7f27ffdc6000 rw-s 03cac000 00:05 5680                       /dev/nvidia0
7f27ffdc6000-7f27ffdc7000 rw-s fd060000 00:05 5680                       /dev/nvidia0
7f27ffdc7000-7f27ffde4000 rw-s 36c61000 00:05 5680                       /dev/nvidia0
7f27ffde4000-7f28017b4000 r-xp 00000000 08:01 282961                     /usr/lib/x86_64-linux-gnu/libnvidia-glcore.so.304.88
7f28017b4000-7f28019b3000 ---p 019d0000 08:01 282961                     /usr/lib/x86_64-linux-gnu/libnvidia-glcore.so.304.88
7f28019b3000-7f28021b4000 rwxp 019cf000 08:01 282961                     /usr/lib/x86_64-linux-gnu/libnvidia-glcore.so.304.88
7f28021b4000-7f28021ce000 rwxp 00000000 00:00 0 
7f28021ce000-7f28021d1000 r-xp 00000000 08:01 551171                     /usr/lib/x86_64-linux-gnu/tls/libnvidia-tls.so.304.88
7f28021d1000-7f28023d0000 ---p 00003000 08:01 551171                     /usr/lib/x86_64-linux-gnu/tls/libnvidia-tls.so.304.88
7f28023d0000-7f28023d1000 rw-p 00002000 08:01 551171                     /usr/lib/x86_64-linux-gnu/tls/libnvidia-tls.so.304.88
7f28023d1000-7f280249b000 r-xp 00000000 08:01 678444                     /usr/lib/x86_64-linux-gnu/nvidia/current/libGL.so.304.88
7f280249b000-7f280269b000 ---p 000ca000 08:01 678444                     /usr/lib/x86_64-linux-gnu/nvidia/current/libGL.so.304.88
7f280269b000-7f28026d8000 rwxp 000ca000 08:01 678444                     /usr/lib/x86_64-linux-gnu/nvidia/current/libGL.so.304.88
7f28026d8000-7f28026ee000 rwxp 00000000 00:00 0 
7f28026ee000-7f28026f1000 ---p 00000000 00:00 0 
7f28026f1000-7f28027ef000 rw-p 00000000 00:00 0 
7f28027ef000-7f28027f2000 ---p 00000000 00:00 0 
7f28027f2000-7f28028f0000 rw-p 00000000 00:00 0 
7f28028f0000-7f28028f1000 ---p 00000000 00:00 0 
7f28028f1000-7f28029f1000 rw-p 00000000 00:00 0 
7f28029f1000-7f28069f2000 rw-s 00000000 00:11 107763                     /run/shm/pulse-shm-1870402309
7f28069f2000-7f28069f3000 ---p 00000000 00:00 0 
7f28069f3000-7f28071f3000 rw-p 00000000 00:00 0 
7f28071f3000-7f2807206000 r-xp 00000000 08:01 916431                     /lib/x86_64-linux-gnu/libresolv-2.13.so
7f2807206000-7f2807405000 ---p 00013000 08:01 916431                     /lib/x86_64-linux-gnu/libresolv-2.13.so
7f2807405000-7f2807406000 r--p 00012000 08:01 916431                     /lib/x86_64-linux-gnu/libresolv-2.13.so
7f2807406000-7f2807407000 rw-p 00013000 08:01 916431                     /lib/x86_64-linux-gnu/libresolv-2.13.so
7f2807407000-7f2807409000 rw-p 00000000 00:00 0 
7f2807409000-7f280740f000 r-xp 00000000 08:01 264971                     /usr/lib/x86_64-linux-gnu/libogg.so.0.8.0
7f280740f000-7f280760e000 ---p 00006000 08:01 264971                     /usr/lib/x86_64-linux-gnu/libogg.so.0.8.0
7f280760e000-7f280760f000 rw-p 00005000 08:01 264971                     /usr/lib/x86_64-linux-gnu/libogg.so.0.8.0
7f280760f000-7f280763b000 r-xp 00000000 08:01 265193                     /usr/lib/x86_64-linux-gnu/libvorbis.so.0.4.5
7f280763b000-7f280783a000 ---p 0002c000 08:01 265193                     /usr/lib/x86_64-linux-gnu/libvorbis.so.0.4.5
7f280783a000-7f280783b000 r--p 0002b000 08:01 265193                     /usr/lib/x86_64-linux-gnu/libvorbis.so.0.4.5
7f280783b000-7f280783c000 rw-p 0002c000 08:01 265193                     /usr/lib/x86_64-linux-gnu/libvorbis.so.0.4.5
7f280783c000-7f2807aef000 r-xp 00000000 08:01 265195                     /usr/lib/x86_64-linux-gnu/libvorbisenc.so.2.0.8
7f2807aef000-7f2807cee000 ---p 002b3000 08:01 265195                     /usr/lib/x86_64-linux-gnu/libvorbisenc.so.2.0.8
7f2807cee000-7f2807d0a000 r--p 002b2000 08:01 265195                     /usr/lib/x86_64-linux-gnu/libvorbisenc.so.2.0.8
7f2807d0a000-7f2807d0b000 rw-p 002ce000 08:01 265195                     /usr/lib/x86_64-linux-gnu/libvorbisenc.so.2.0.8
7f2807d0b000-7f2807d56000 r-xp 00000000 08:01 264365                     /usr/lib/x86_64-linux-gnu/libFLAC.so.8.2.0
7f2807d56000-7f2807f55000 ---p 0004b000 08:01 264365                     /usr/lib/x86_64-linux-gnu/libFLAC.so.8.2.0
7f2807f55000-7f2807f56000 r--p 0004a000 08:01 264365                     /usr/lib/x86_64-linux-gnu/libFLAC.so.8.2.0
7f2807f56000-7f2807f57000 rw-p 0004b000 08:01 264365                     /usr/lib/x86_64-linux-gnu/libFLAC.so.8.2.0
7f2807f57000-7f2807f5b000 r-xp 00000000 08:01 916163                     /lib/x86_64-linux-gnu/libuuid.so.1.3.0
7f2807f5b000-7f280815a000 ---p 00004000 08:01 916163                     /lib/x86_64-linux-gnu/libuuid.so.1.3.0
7f280815a000-7f280815b000 r--p 00003000 08:01 916163                     /lib/x86_64-linux-gnu/libuuid.so.1.3.0
7f280815b000-7f280815c000 rw-p 00004000 08:01 916163                     /lib/x86_64-linux-gnu/libuuid.so.1.3.0
7f280815c000-7f2808160000 r-xp 00000000 08:01 916027                     /lib/x86_64-linux-gnu/libattr.so.1.1.0
7f2808160000-7f280835f000 ---p 00004000 08:01 916027                     /lib/x86_64-linux-gnu/libattr.so.1.1.0
7f280835f000-7f2808360000 r--p 00003000 08:01 916027                     /lib/x86_64-linux-gnu/libattr.so.1.1.0
7f2808360000-7f2808361000 rw-p 00004000 08:01 916027                     /lib/x86_64-linux-gnu/libattr.so.1.1.0
7f2808361000-7f2808366000 r-xp 00000000 08:01 264468                     /usr/lib/x86_64-linux-gnu/libasyncns.so.0.3.1
7f2808366000-7f2808565000 ---p 00005000 08:01 264468                     /usr/lib/x86_64-linux-gnu/libasyncns.so.0.3.1
7f2808565000-7f2808566000 rw-p 00004000 08:01 264468                     /usr/lib/x86_64-linux-gnu/libasyncns.so.0.3.1
7f2808566000-7f28085c7000 r-xp 00000000 08:01 265087                     /usr/lib/x86_64-linux-gnu/libsndfile.so.1.0.25
7f28085c7000-7f28087c6000 ---p 00061000 08:01 265087                     /usr/lib/x86_64-linux-gnu/libsndfile.so.1.0.25
7f28087c6000-7f28087c8000 r--p 00060000 08:01 265087                     /usr/lib/x86_64-linux-gnu/libsndfile.so.1.0.25
7f28087c8000-7f28087c9000 rw-p 00062000 08:01 265087                     /usr/lib/x86_64-linux-gnu/libsndfile.so.1.0.25
7f28087c9000-7f28087cd000 rw-p 00000000 00:00 0 
7f28087cd000-7f28087d6000 r-xp 00000000 08:01 916165                     /lib/x86_64-linux-gnu/libwrap.so.0.7.6
7f28087d6000-7f28089d5000 ---p 00009000 08:01 916165                     /lib/x86_64-linux-gnu/libwrap.so.0.7.6
7f28089d5000-7f28089d6000 r--p 00008000 08:01 916165                     /lib/x86_64-linux-gnu/libwrap.so.0.7.6
7f28089d6000-7f28089d7000 rw-p 00009000 08:01 916165                     /lib/x86_64-linux-gnu/libwrap.so.0.7.6
7f28089d7000-7f28089d8000 rw-p 00000000 00:00 0 
7f28089d8000-7f28089df000 r-xp 00000000 08:01 264394                     /usr/lib/x86_64-linux-gnu/libSM.so.6.0.1
7f28089df000-7f2808bde000 ---p 00007000 08:01 264394                     /usr/lib/x86_64-linux-gnu/libSM.so.6.0.1
7f2808bde000-7f2808bdf000 rw-p 00006000 08:01 264394                     /usr/lib/x86_64-linux-gnu/libSM.so.6.0.1
7f2808bdf000-7f2808bf6000 r-xp 00000000 08:01 264375                     /usr/lib/x86_64-linux-gnu/libICE.so.6.3.0
7f2808bf6000-7f2808df5000 ---p 00017000 08:01 264375                     /usr/lib/x86_64-linux-gnu/libICE.so.6.3.0
7f2808df5000-7f2808df7000 rw-p 00016000 08:01 264375                     /usr/lib/x86_64-linux-gnu/libICE.so.6.3.0
7f2808df7000-7f2808dfa000 rw-p 00000000 00:00 0 
7f2808dfa000-7f2808dfb000 r-xp 00000000 08:01 272883                     /usr/lib/x86_64-linux-gnu/libX11-xcb.so.1.0.0
7f2808dfb000-7f2808ffa000 ---p 00001000 08:01 272883                     /usr/lib/x86_64-linux-gnu/libX11-xcb.so.1.0.0
7f2808ffa000-7f2808ffb000 rw-p 00000000 08:01 272883                     /usr/lib/x86_64-linux-gnu/libX11-xcb.so.1.0.0
7f2808ffb000-7f2808fff000 r-xp 00000000 08:01 916038                     /lib/x86_64-linux-gnu/libcap.so.2.22
7f2808fff000-7f28091fe000 ---p 00004000 08:01 916038                     /lib/x86_64-linux-gnu/libcap.so.2.22
7f28091fe000-7f28091ff000 rw-p 00003000 08:01 916038                     /lib/x86_64-linux-gnu/libcap.so.2.22
7f28091ff000-7f2809243000 r-xp 00000000 08:01 916060                     /lib/x86_64-linux-gnu/libdbus-1.so.3.7.2
7f2809243000-7f2809443000 ---p 00044000 08:01 916060                     /lib/x86_64-linux-gnu/libdbus-1.so.3.7.2
7f2809443000-7f2809444000 r--p 00044000 08:01 916060                     /lib/x86_64-linux-gnu/libdbus-1.so.3.7.2
7f2809444000-7f2809445000 rw-p 00045000 08:01 916060                     /lib/x86_64-linux-gnu/libdbus-1.so.3.7.2
7f2809445000-7f28094a6000 r-xp 00000000 08:01 265339                     /usr/lib/x86_64-linux-gnu/pulseaudio/libpulsecommon-2.0.so
7f28094a6000-7f28096a5000 ---p 00061000 08:01 265339                     /usr/lib/x86_64-linux-gnu/pulseaudio/libpulsecommon-2.0.so
7f28096a5000-7f28096a6000 r--p 00060000 08:01 265339                     /usr/lib/x86_64-linux-gnu/pulseaudio/libpulsecommon-2.0.so
7f28096a6000-7f28096a8000 rw-p 00061000 08:01 265339                     /usr/lib/x86_64-linux-gnu/pulseaudio/libpulsecommon-2.0.so
7f28096a8000-7f28096b1000 r-xp 00000000 08:01 916072                     /lib/x86_64-linux-gnu/libjson.so.0.1.0
7f28096b1000-7f28098b0000 ---p 00009000 08:01 916072                     /lib/x86_64-linux-gnu/libjson.so.0.1.0
7f28098b0000-7f28098b1000 r--p 00008000 08:01 916072                     /lib/x86_64-linux-gnu/libjson.so.0.1.0
7f28098b1000-7f28098b2000 rw-p 00009000 08:01 916072                     /lib/x86_64-linux-gnu/libjson.so.0.1.0
7f28098b2000-7f28098fb000 r-xp 00000000 08:01 265053                     /usr/lib/x86_64-linux-gnu/libpulse.so.0.14.2
7f28098fb000-7f2809afa000 ---p 00049000 08:01 265053                     /usr/lib/x86_64-linux-gnu/libpulse.so.0.14.2
7f2809afa000-7f2809afb000 r--p 00048000 08:01 265053                     /usr/lib/x86_64-linux-gnu/libpulse.so.0.14.2
7f2809afb000-7f2809afc000 rw-p 00049000 08:01 265053                     /usr/lib/x86_64-linux-gnu/libpulse.so.0.14.2
7f2809afc000-7f2809b51000 r-xp 00000000 08:01 551340                     /tmp/libgdxnemo9955/7b43be9b/libopenal64.so
7f2809b51000-7f2809d50000 ---p 00055000 08:01 551340                     /tmp/libgdxnemo9955/7b43be9b/libopenal64.so
7f2809d50000-7f2809d53000 r--p 00054000 08:01 551340                     /tmp/libgdxnemo9955/7b43be9b/libopenal64.so
7f2809d53000-7f2809d54000 rw-p 00057000 08:01 551340                     /tmp/libgdxnemo9955/7b43be9b/libopenal64.so
7f2809d54000-7f2809d55000 rw-p 00000000 00:00 0 
7f2809d55000-7f2809d59000 r-xp 00000000 08:01 273334                     /usr/lib/x86_64-linux-gnu/libXxf86vm.so.1.0.0
7f2809d59000-7f2809f59000 ---p 00004000 08:01 273334                     /usr/lib/x86_64-linux-gnu/libXxf86vm.so.1.0.0
7f2809f59000-7f2809f5a000 r--p 00004000 08:01 273334                     /usr/lib/x86_64-linux-gnu/libXxf86vm.so.1.0.0
7f2809f5a000-7f2809f5b000 rw-p 00005000 08:01 273334                     /usr/lib/x86_64-linux-gnu/libXxf86vm.so.1.0.0
7f2809f5b000-7f2809f62000 r-xp 00000000 08:01 265883                     /usr/lib/x86_64-linux-gnu/libXrandr.so.2.2.0
7f2809f62000-7f280a162000 ---p 00007000 08:01 265883                     /usr/lib/x86_64-linux-gnu/libXrandr.so.2.2.0
7f280a162000-7f280a163000 rw-p 00007000 08:01 265883                     /usr/lib/x86_64-linux-gnu/libXrandr.so.2.2.0
7f280a163000-7f280a1cf000 r-xp 00000000 08:01 551339                     /tmp/libgdxnemo9955/7b43be9b/liblwjgl64.so (deleted)
7f280a1cf000-7f280a3ce000 ---p 0006c000 08:01 551339                     /tmp/libgdxnemo9955/7b43be9b/liblwjgl64.so (deleted)
7f280a3ce000-7f280a3d0000 r--p 0006b000 08:01 551339                     /tmp/libgdxnemo9955/7b43be9b/liblwjgl64.so (deleted)
7f280a3d0000-7f280a3d1000 rw-p 0006d000 08:01 551339                     /tmp/libgdxnemo9955/7b43be9b/liblwjgl64.so (deleted)
7f280a3d1000-7f280a3d2000 r-xp 00000000 08:01 144229                     /usr/lib/jvm/java-6-openjdk-amd64/jre/lib/amd64/libjawt.so
7f280a3d2000-7f280a5d1000 ---p 00001000 08:01 144229                     /usr/lib/jvm/java-6-openjdk-amd64/jre/lib/amd64/libjawt.so
7f280a5d1000-7f280a5d2000 rw-p 00000000 08:01 144229                     /usr/lib/jvm/java-6-openjdk-amd64/jre/lib/amd64/libjawt.so
7f280a5d2000-7f280a5d5000 ---p 00000000 00:00 0 
7f280a5d5000-7f280a6d3000 rw-p 00000000 00:00 0 
7f280a6d3000-7f280a6dc000 r--s 00000000 08:01 277048                     /var/cache/fontconfig/945677eb7aeaf62f1d50efc3fb3ec7d8-le64.cache-3
7f280a6dc000-7f280a6e1000 r--s 00000000 08:01 271253                     /var/cache/fontconfig/6eb3985aa4124903f6ff08ba781cd364-le64.cache-3
7f280a6e1000-7f280a6ea000 r--s 00000000 08:01 278568                     /var/cache/fontconfig/6d41288fd70b0be22e8c3a91e032eec0-le64.cache-3
7f280a6ea000-7f280a718000 r--s 00000000 08:01 271260                     /var/cache/fontconfig/365b55f210c0a22e9a19e35191240f32-le64.cache-3
7f280a718000-7f280a71b000 r--s 00000000 08:01 271247                     /var/cache/fontconfig/c57959a16110560c8d0fcea73374aeeb-le64.cache-3
7f280a754000-7f280a759000 r-xp 00000000 08:01 273531                     /usr/lib/x86_64-linux-gnu/libXfixes.so.3.1.0
7f280a759000-7f280a958000 ---p 00005000 08:01 273531                     /usr/lib/x86_64-linux-gnu/libXfixes.so.3.1.0
7f280a958000-7f280a959000 r--p 00004000 08:01 273531                     /usr/lib/x86_64-linux-gnu/libXfixes.so.3.1.0
7f280a959000-7f280a95a000 rw-p 00005000 08:01 273531                     /usr/lib/x86_64-linux-gnu/libXfixes.so.3.1.0
7f280a95a000-7f280a964000 r-xp 00000000 08:01 264474                     /usr/lib/x86_64-linux-gnu/libXcursor.so.1.0.2
7f280a964000-7f280ab63000 ---p 0000a000 08:01 264474                     /usr/lib/x86_64-linux-gnu/libXcursor.so.1.0.2
7f280ab63000-7f280ab64000 rw-p 00009000 08:01 264474                     /usr/lib/x86_64-linux-gnu/libXcursor.so.1.0.2
7f280ab69000-7f280ab6b000 rw-p 00000000 00:00 0 
7f280ab6b000-7f280ab6d000 rw-s 00000000 08:01 277083                     /tmp/glRMultc (deleted)
7f280ab6d000-7f280ab71000 rw-s c6a30000 00:05 5680                       /dev/nvidia0
7f280ab71000-7f280ab72000 rw-s d0005000 00:05 5680                       /dev/nvidia0
7f280ab72000-7f280ab73000 rw-s c6995000 00:05 5680                       /dev/nvidia0
7f280ab73000-7f280ab77000 rw-s 3efe4000 00:05 5680                       /dev/nvidia0
7f280ab77000-7f280ab7e000 r--s 00000000 08:01 282750                     /usr/lib/x86_64-linux-gnu/gconv/gconv-modules.cache
7f280ab7e000-7f280ab8f000 r--s 00000000 08:01 271249                     /var/cache/fontconfig/d52a8644073d54c13679302ca1180695-le64.cache-3
7f280ab8f000-7f280ab96000 r--s 00000000 08:01 271258                     /var/cache/fontconfig/3f7329c5293ffd510edef78f73874cfd-le64.cache-3
7f280ab96000-7f280ac2f000 r-xp 00000000 08:01 264650                     /usr/lib/x86_64-linux-gnu/libfreetype.so.6.8.1
7f280ac2f000-7f280ae2e000 ---p 00099000 08:01 264650                     /usr/lib/x86_64-linux-gnu/libfreetype.so.6.8.1
7f280ae2e000-7f280ae34000 r--p 00098000 08:01 264650                     /usr/lib/x86_64-linux-gnu/libfreetype.so.6.8.1
7f280ae34000-7f280ae35000 rw-p 0009e000 08:01 264650                     /usr/lib/x86_64-linux-gnu/libfreetype.so.6.8.1
7f280ae35000-7f280ae7d000 r-xp 00000000 08:01 144223                     /usr/lib/jvm/java-6-openjdk-amd64/jre/lib/amd64/libfontmanager.so
7f280ae7d000-7f280b07d000 ---p 00048000 08:01 144223                     /usr/lib/jvm/java-6-openjdk-amd64/jre/lib/amd64/libfontmanager.so
7f280b07d000-7f280b080000 rw-p 00048000 08:01 144223                     /usr/lib/jvm/java-6-openjdk-amd64/jre/lib/amd64/libfontmanager.so
7f280b080000-7f280b085000 r-xp 00000000 08:01 264417                     /usr/lib/x86_64-linux-gnu/libXdmcp.so.6.0.0
7f280b085000-7f280b284000 ---p 00005000 08:01 264417                     /usr/lib/x86_64-linux-gnu/libXdmcp.so.6.0.0
7f280b284000-7f280b285000 rw-p 00004000 08:01 264417                     /usr/lib/x86_64-linux-gnu/libXdmcp.so.6.0.0
7f280b285000-7f280b287000 r-xp 00000000 08:01 264406                     /usr/lib/x86_64-linux-gnu/libXau.so.6.0.0
7f280b287000-7f280b487000 ---p 00002000 08:01 264406                     /usr/lib/x86_64-linux-gnu/libXau.so.6.0.0
7f280b487000-7f280b488000 rw-p 00002000 08:01 264406                     /usr/lib/x86_64-linux-gnu/libXau.so.6.0.0
7f280b488000-7f280b4a7000 r-xp 00000000 08:01 265852                     /usr/lib/x86_64-linux-gnu/libxcb.so.1.1.0
7f280b4a7000-7f280b6a6000 ---p 0001f000 08:01 265852                     /usr/lib/x86_64-linux-gnu/libxcb.so.1.1.0
7f280b6a6000-7f280b6a7000 r--p 0001e000 08:01 265852                     /usr/lib/x86_64-linux-gnu/libxcb.so.1.1.0
7f280b6a7000-7f280b6a8000 rw-p 0001f000 08:01 265852                     /usr/lib/x86_64-linux-gnu/libxcb.so.1.1.0
7f280b6a8000-7f280b6b6000 r-xp 00000000 08:01 265075                     /usr/lib/x86_64-linux-gnu/libXi.so.6.1.0
7f280b6b6000-7f280b8b6000 ---p 0000e000 08:01 265075                     /usr/lib/x86_64-linux-gnu/libXi.so.6.1.0
7f280b8b6000-7f280b8b7000 rw-p 0000e000 08:01 265075                     /usr/lib/x86_64-linux-gnu/libXi.so.6.1.0
7f280b8b7000-7f280b8bc000 r-xp 00000000 08:01 274483                     /usr/lib/x86_64-linux-gnu/libXtst.so.6.1.0
7f280b8bc000-7f280babb000 ---p 00005000 08:01 274483                     /usr/lib/x86_64-linux-gnu/libXtst.so.6.1.0
7f280babb000-7f280babc000 rw-p 00004000 08:01 274483                     /usr/lib/x86_64-linux-gnu/libXtst.so.6.1.0
7f280babc000-7f280bac5000 r-xp 00000000 08:01 264343                     /usr/lib/x86_64-linux-gnu/libXrender.so.1.3.0
7f280bac5000-7f280bcc4000 ---p 00009000 08:01 264343                     /usr/lib/x86_64-linux-gnu/libXrender.so.1.3.0
7f280bcc4000-7f280bcc5000 rw-p 00008000 08:01 264343                     /usr/lib/x86_64-linux-gnu/libXrender.so.1.3.0
7f280bcc5000-7f280bdfa000 r-xp 00000000 08:01 265870                     /usr/lib/x86_64-linux-gnu/libX11.so.6.3.0
7f280bdfa000-7f280bffa000 ---p 00135000 08:01 265870                     /usr/lib/x86_64-linux-gnu/libX11.so.6.3.0
7f280bffa000-7f280c000000 rw-p 00135000 08:01 265870                     /usr/lib/x86_64-linux-gnu/libX11.so.6.3.0
7f280c000000-7f280eb94000 rw-p 00000000 00:00 0 
7f280eb94000-7f2810000000 ---p 00000000 00:00 0 
7f2810001000-7f2810006000 r--s 00000000 08:01 271264                     /var/cache/fontconfig/3047814df9a2f067bd2d96a2b9c36e5a-le64.cache-3
7f2810006000-7f2810008000 r--s 00000000 08:01 271267                     /var/cache/fontconfig/e13b20fdb08344e0e664864cc2ede53d-le64.cache-3
7f2810008000-7f2810011000 r--s 00000000 08:01 277048                     /var/cache/fontconfig/945677eb7aeaf62f1d50efc3fb3ec7d8-le64.cache-3
7f2810011000-7f2810016000 r--s 00000000 08:01 271253                     /var/cache/fontconfig/6eb3985aa4124903f6ff08ba781cd364-le64.cache-3
7f2810016000-7f281001f000 r--s 00000000 08:01 278568                     /var/cache/fontconfig/6d41288fd70b0be22e8c3a91e032eec0-le64.cache-3
7f281001f000-7f281004d000 r--s 00000000 08:01 271260                     /var/cache/fontconfig/365b55f210c0a22e9a19e35191240f32-le64.cache-3
7f281004d000-7f2810050000 r--s 00000000 08:01 271247                     /var/cache/fontconfig/c57959a16110560c8d0fcea73374aeeb-le64.cache-3
7f2810050000-7f2810055000 r--s 00000000 08:01 271264                     /var/cache/fontconfig/3047814df9a2f067bd2d96a2b9c36e5a-le64.cache-3
7f2810055000-7f2810058000 ---p 00000000 00:00 0 
7f2810058000-7f2810156000 rw-p 00000000 00:00 0 
7f2810156000-7f2810167000 r-xp 00000000 08:01 264595                     /usr/lib/x86_64-linux-gnu/libXext.so.6.4.0
7f2810167000-7f2810367000 ---p 00011000 08:01 264595                     /usr/lib/x86_64-linux-gnu/libXext.so.6.4.0
7f2810367000-7f2810368000 rw-p 00011000 08:01 264595                     /usr/lib/x86_64-linux-gnu/libXext.so.6.4.0
7f2810368000-7f2810379000 r--s 00000000 08:01 271249                     /var/cache/fontconfig/d52a8644073d54c13679302ca1180695-le64.cache-3
7f2810379000-7f2810380000 r--s 00000000 08:01 271258                     /var/cache/fontconfig/3f7329c5293ffd510edef78f73874cfd-le64.cache-3
7f2810380000-7f2810382000 r--s 00000000 08:01 271267                     /var/cache/fontconfig/e13b20fdb08344e0e664864cc2ede53d-le64.cache-3
7f2810382000-7f28103cf000 r-xp 00000000 08:01 144391                     /usr/lib/jvm/java-6-openjdk-amd64/jre/lib/amd64/xawt/libmawt.so
7f28103cf000-7f28105ce000 ---p 0004d000 08:01 144391                     /usr/lib/jvm/java-6-openjdk-amd64/jre/lib/amd64/xawt/libmawt.so
7f28105ce000-7f28105d2000 rw-p 0004c000 08:01 144391                     /usr/lib/jvm/java-6-openjdk-amd64/jre/lib/amd64/xawt/libmawt.so
7f28105d2000-7f28105d3000 rw-p 00000000 00:00 0 
7f28105d3000-7f2810683000 r-xp 00000000 08:01 144230                     /usr/lib/jvm/java-6-openjdk-amd64/jre/lib/amd64/libawt.so
7f2810683000-7f2810882000 ---p 000b0000 08:01 144230                     /usr/lib/jvm/java-6-openjdk-amd64/jre/lib/amd64/libawt.so
7f2810882000-7f281088e000 rw-p 000af000 08:01 144230                     /usr/lib/jvm/java-6-openjdk-amd64/jre/lib/amd64/libawt.so
7f281088e000-7f28108b2000 rw-p 00000000 00:00 0 
7f28108b2000-7f2810921000 r-xp 00000000 08:01 551337                     /tmp/libgdxnemo9955/b4a54a2/libgdx64.so
7f2810921000-7f2810b20000 ---p 0006f000 08:01 551337                     /tmp/libgdxnemo9955/b4a54a2/libgdx64.so
7f2810b20000-7f2810b22000 r--p 0006e000 08:01 551337                     /tmp/libgdxnemo9955/b4a54a2/libgdx64.so
7f2810b22000-7f2810b23000 rw-p 00070000 08:01 551337                     /tmp/libgdxnemo9955/b4a54a2/libgdx64.so
7f2810b23000-7f2810b24000 rw-p 00000000 00:00 0 
7f2810b24000-7f2810b2b000 r--s 000fc000 08:01 143749                     /usr/lib/jvm/java-6-openjdk-common/jre/lib/resources.jar
7f2810b2b000-7f2810b2c000 r--s 00127000 08:06 9437307                    /home/nemo9955/CodeStation/proiecte/Garden_Revolution/Garden_Revolution-desktop/libs/gdx-natives.jar
7f2810b2c000-7f2810b2d000 r--s 00004000 08:06 9437342                    /home/nemo9955/CodeStation/proiecte/Garden_Revolution/Garden_Revolution-desktop/libs/gdx-controllers-desktop.jar
7f2810b2d000-7f2810b2e000 r--s 00100000 08:06 9437237                    /home/nemo9955/CodeStation/proiecte/Garden_Revolution/Garden_Revolution-desktop/libs/gdx-controllers-desktop-natives.jar
7f2810b2e000-7f2810b3f000 r--s 0012b000 08:06 9437394                    /home/nemo9955/CodeStation/proiecte/Garden_Revolution/Garden_Revolution-desktop/libs/gdx-backend-lwjgl.jar
7f2810b3f000-7f2810b46000 r--s 0004c000 08:06 9437312                    /home/nemo9955/CodeStation/proiecte/Garden_Revolution/Garden_Revolution-main/libs/kryonet-2.21-all.jar
7f2810b46000-7f2810b47000 ---p 00000000 00:00 0 
7f2810b47000-7f2810c47000 rw-p 00000000 00:00 0 
7f2810c47000-7f2810c4a000 ---p 00000000 00:00 0 
7f2810c4a000-7f2810d48000 rw-p 00000000 00:00 0 
7f2810d48000-7f2810d4b000 ---p 00000000 00:00 0 
7f2810d4b000-7f2810e49000 rw-p 00000000 00:00 0 
7f2810e49000-7f2810e4c000 ---p 00000000 00:00 0 
7f2810e4c000-7f2810f4a000 rw-p 00000000 00:00 0 
7f2810f4a000-7f2810f4d000 ---p 00000000 00:00 0 
7f2810f4d000-7f281104b000 rw-p 00000000 00:00 0 
7f281104b000-7f281104e000 ---p 00000000 00:00 0 
7f281104e000-7f281114c000 rw-p 00000000 00:00 0 
7f281114c000-7f281114f000 ---p 00000000 00:00 0 
7f281114f000-7f281124d000 rw-p 00000000 00:00 0 
7f281124d000-7f2811251000 r-xp 00000000 08:01 144238                     /usr/lib/jvm/java-6-openjdk-amd64/jre/lib/amd64/libdt_socket.so
7f2811251000-7f2811450000 ---p 00004000 08:01 144238                     /usr/lib/jvm/java-6-openjdk-amd64/jre/lib/amd64/libdt_socket.so
7f2811450000-7f2811451000 rw-p 00003000 08:01 144238                     /usr/lib/jvm/java-6-openjdk-amd64/jre/lib/amd64/libdt_socket.so
7f2811451000-7f2811454000 ---p 00000000 00:00 0 
7f2811454000-7f2811552000 rw-p 00000000 00:00 0 
7f2811552000-7f2811555000 ---p 00000000 00:00 0 
7f2811555000-7f2811653000 rw-p 00000000 00:00 0 
7f2811653000-7f2811656000 ---p 00000000 00:00 0 
7f2811656000-7f2811754000 rw-p 00000000 00:00 0 
7f2811754000-7f2811755000 ---p 00000000 00:00 0 
7f2811755000-7f2811b8b000 rw-p 00000000 00:00 0 
7f2811b8b000-7f2811d1f000 r--s 03807000 08:01 144270                     /usr/lib/jvm/java-6-openjdk-amd64/jre/lib/rt.jar
7f2811d1f000-7f2811d47000 rw-p 00000000 00:00 0 
7f2811d47000-7f2811d48000 ---p 00000000 00:00 0 
7f2811d48000-7f2811e48000 rw-p 00000000 00:00 0 
7f2811e48000-7f2811e49000 ---p 00000000 00:00 0 
7f2811e49000-7f2811f54000 rw-p 00000000 00:00 0 
7f2811f54000-7f2811f9c000 rw-p 00000000 00:00 0 
7f2811f9c000-7f2811fad000 rw-p 00000000 00:00 0 
7f2811fad000-7f28120a8000 rw-p 00000000 00:00 0 
7f28120a8000-7f28120b3000 rw-p 00000000 00:00 0 
7f28120b3000-7f28120fb000 rw-p 00000000 00:00 0 
7f28120fb000-7f281210c000 rw-p 00000000 00:00 0 
7f281210c000-7f2812207000 rw-p 00000000 00:00 0 
7f2812207000-7f2812210000 rw-p 00000000 00:00 0 
7f2812210000-7f281228d000 rw-p 00000000 00:00 0 
7f281228d000-7f281228e000 rw-p 00000000 00:00 0 
7f281228e000-7f28124fe000 rwxp 00000000 00:00 0 
7f28124fe000-7f281528e000 rw-p 00000000 00:00 0 
7f281528e000-7f2815295000 r-xp 00000000 08:01 144259                     /usr/lib/jvm/java-6-openjdk-amd64/jre/lib/amd64/libzip.so
7f2815295000-7f2815494000 ---p 00007000 08:01 144259                     /usr/lib/jvm/java-6-openjdk-amd64/jre/lib/amd64/libzip.so
7f2815494000-7f2815495000 rw-p 00006000 08:01 144259                     /usr/lib/jvm/java-6-openjdk-amd64/jre/lib/amd64/libzip.so
7f2815495000-7f28154a0000 r-xp 00000000 08:01 916446                     /lib/x86_64-linux-gnu/libnss_files-2.13.so
7f28154a0000-7f281569f000 ---p 0000b000 08:01 916446                     /lib/x86_64-linux-gnu/libnss_files-2.13.so
7f281569f000-7f28156a0000 r--p 0000a000 08:01 916446                     /lib/x86_64-linux-gnu/libnss_files-2.13.so
7f28156a0000-7f28156a1000 rw-p 0000b000 08:01 916446                     /lib/x86_64-linux-gnu/libnss_files-2.13.so
7f28156a1000-7f28156ab000 r-xp 00000000 08:01 916442                     /lib/x86_64-linux-gnu/libnss_nis-2.13.so
7f28156ab000-7f28158aa000 ---p 0000a000 08:01 916442                     /lib/x86_64-linux-gnu/libnss_nis-2.13.so
7f28158aa000-7f28158ab000 r--p 00009000 08:01 916442                     /lib/x86_64-linux-gnu/libnss_nis-2.13.so
7f28158ab000-7f28158ac000 rw-p 0000a000 08:01 916442                     /lib/x86_64-linux-gnu/libnss_nis-2.13.so
7f28158ac000-7f28158b3000 r-xp 00000000 08:01 916435                     /lib/x86_64-linux-gnu/libnss_compat-2.13.so
7f28158b3000-7f2815ab2000 ---p 00007000 08:01 916435                     /lib/x86_64-linux-gnu/libnss_compat-2.13.so
7f2815ab2000-7f2815ab3000 r--p 00006000 08:01 916435                     /lib/x86_64-linux-gnu/libnss_compat-2.13.so
7f2815ab3000-7f2815ab4000 rw-p 00007000 08:01 916435                     /lib/x86_64-linux-gnu/libnss_compat-2.13.so
7f2815ab4000-7f2815c2b000 r--p 00000000 08:01 139605                     /usr/lib/locale/locale-archive
7f2815c2b000-7f2815c2e000 r-xp 00000000 08:01 144258                     /usr/lib/jvm/java-6-openjdk-amd64/jre/lib/amd64/libnpt.so
7f2815c2e000-7f2815e2d000 ---p 00003000 08:01 144258                     /usr/lib/jvm/java-6-openjdk-amd64/jre/lib/amd64/libnpt.so
7f2815e2d000-7f2815e2e000 rw-p 00002000 08:01 144258                     /usr/lib/jvm/java-6-openjdk-amd64/jre/lib/amd64/libnpt.so
7f2815e2e000-7f2815e68000 r-xp 00000000 08:01 144255                     /usr/lib/jvm/java-6-openjdk-amd64/jre/lib/amd64/libjdwp.so
7f2815e68000-7f2816067000 ---p 0003a000 08:01 144255                     /usr/lib/jvm/java-6-openjdk-amd64/jre/lib/amd64/libjdwp.so
7f2816067000-7f2816068000 rw-p 00039000 08:01 144255                     /usr/lib/jvm/java-6-openjdk-amd64/jre/lib/amd64/libjdwp.so
7f2816068000-7f2816069000 rw-p 00000000 00:00 0 
7f2816069000-7f281607e000 r-xp 00000000 08:01 916440                     /lib/x86_64-linux-gnu/libnsl-2.13.so
7f281607e000-7f281627d000 ---p 00015000 08:01 916440                     /lib/x86_64-linux-gnu/libnsl-2.13.so
7f281627d000-7f281627e000 r--p 00014000 08:01 916440                     /lib/x86_64-linux-gnu/libnsl-2.13.so
7f281627e000-7f281627f000 rw-p 00015000 08:01 916440                     /lib/x86_64-linux-gnu/libnsl-2.13.so
7f281627f000-7f2816281000 rw-p 00000000 00:00 0 
7f2816281000-7f28162af000 r-xp 00000000 08:01 144245                     /usr/lib/jvm/java-6-openjdk-amd64/jre/lib/amd64/libjava.so
7f28162af000-7f28164ae000 ---p 0002e000 08:01 144245                     /usr/lib/jvm/java-6-openjdk-amd64/jre/lib/amd64/libjava.so
7f28164ae000-7f28164b2000 rw-p 0002d000 08:01 144245                     /usr/lib/jvm/java-6-openjdk-amd64/jre/lib/amd64/libjava.so
7f28164b2000-7f28164c1000 r-xp 00000000 08:01 144228                     /usr/lib/jvm/java-6-openjdk-amd64/jre/lib/amd64/libverify.so
7f28164c1000-7f28166c0000 ---p 0000f000 08:01 144228                     /usr/lib/jvm/java-6-openjdk-amd64/jre/lib/amd64/libverify.so
7f28166c0000-7f28166c2000 rw-p 0000e000 08:01 144228                     /usr/lib/jvm/java-6-openjdk-amd64/jre/lib/amd64/libverify.so
7f28166c2000-7f28166c9000 r-xp 00000000 08:01 916450                     /lib/x86_64-linux-gnu/librt-2.13.so
7f28166c9000-7f28168c8000 ---p 00007000 08:01 916450                     /lib/x86_64-linux-gnu/librt-2.13.so
7f28168c8000-7f28168c9000 r--p 00006000 08:01 916450                     /lib/x86_64-linux-gnu/librt-2.13.so
7f28168c9000-7f28168ca000 rw-p 00007000 08:01 916450                     /lib/x86_64-linux-gnu/librt-2.13.so
7f28168ca000-7f28168df000 r-xp 00000000 08:01 916059                     /lib/x86_64-linux-gnu/libgcc_s.so.1
7f28168df000-7f2816adf000 ---p 00015000 08:01 916059                     /lib/x86_64-linux-gnu/libgcc_s.so.1
7f2816adf000-7f2816ae0000 rw-p 00015000 08:01 916059                     /lib/x86_64-linux-gnu/libgcc_s.so.1
7f2816ae0000-7f2816b61000 r-xp 00000000 08:01 916437                     /lib/x86_64-linux-gnu/libm-2.13.so
7f2816b61000-7f2816d60000 ---p 00081000 08:01 916437                     /lib/x86_64-linux-gnu/libm-2.13.so
7f2816d60000-7f2816d61000 r--p 00080000 08:01 916437                     /lib/x86_64-linux-gnu/libm-2.13.so
7f2816d61000-7f2816d62000 rw-p 00081000 08:01 916437                     /lib/x86_64-linux-gnu/libm-2.13.so
7f2816d62000-7f2816e4a000 r-xp 00000000 08:01 265105                     /usr/lib/x86_64-linux-gnu/libstdc++.so.6.0.17
7f2816e4a000-7f281704a000 ---p 000e8000 08:01 265105                     /usr/lib/x86_64-linux-gnu/libstdc++.so.6.0.17
7f281704a000-7f2817052000 r--p 000e8000 08:01 265105                     /usr/lib/x86_64-linux-gnu/libstdc++.so.6.0.17
7f2817052000-7f2817054000 rw-p 000f0000 08:01 265105                     /usr/lib/x86_64-linux-gnu/libstdc++.so.6.0.17
7f2817054000-7f2817069000 rw-p 00000000 00:00 0 
7f2817069000-7f281797d000 r-xp 00000000 08:01 144235                     /usr/lib/jvm/java-6-openjdk-amd64/jre/lib/amd64/server/libjvm.so
7f281797d000-7f2817b7c000 ---p 00914000 08:01 144235                     /usr/lib/jvm/java-6-openjdk-amd64/jre/lib/amd64/server/libjvm.so
7f2817b7c000-7f2817c18000 rw-p 00913000 08:01 144235                     /usr/lib/jvm/java-6-openjdk-amd64/jre/lib/amd64/server/libjvm.so
7f2817c18000-7f2817c41000 rw-p 00000000 00:00 0 
7f2817c41000-7f2817dc3000 r-xp 00000000 08:01 916430                     /lib/x86_64-linux-gnu/libc-2.13.so
7f2817dc3000-7f2817fc2000 ---p 00182000 08:01 916430                     /lib/x86_64-linux-gnu/libc-2.13.so
7f2817fc2000-7f2817fc6000 r--p 00181000 08:01 916430                     /lib/x86_64-linux-gnu/libc-2.13.so
7f2817fc6000-7f2817fc7000 rw-p 00185000 08:01 916430                     /lib/x86_64-linux-gnu/libc-2.13.so
7f2817fc7000-7f2817fcc000 rw-p 00000000 00:00 0 
7f2817fcc000-7f2817fce000 r-xp 00000000 08:01 916444                     /lib/x86_64-linux-gnu/libdl-2.13.so
7f2817fce000-7f28181ce000 ---p 00002000 08:01 916444                     /lib/x86_64-linux-gnu/libdl-2.13.so
7f28181ce000-7f28181cf000 r--p 00002000 08:01 916444                     /lib/x86_64-linux-gnu/libdl-2.13.so
7f28181cf000-7f28181d0000 rw-p 00003000 08:01 916444                     /lib/x86_64-linux-gnu/libdl-2.13.so
7f28181d0000-7f28181d4000 r-xp 00000000 08:01 144232                     /usr/lib/jvm/java-6-openjdk-amd64/jre/lib/amd64/jli/libjli.so
7f28181d4000-7f28183d3000 ---p 00004000 08:01 144232                     /usr/lib/jvm/java-6-openjdk-amd64/jre/lib/amd64/jli/libjli.so
7f28183d3000-7f28183d4000 rw-p 00003000 08:01 144232                     /usr/lib/jvm/java-6-openjdk-amd64/jre/lib/amd64/jli/libjli.so
7f28183d4000-7f28183eb000 r-xp 00000000 08:01 916448                     /lib/x86_64-linux-gnu/libpthread-2.13.so
7f28183eb000-7f28185ea000 ---p 00017000 08:01 916448                     /lib/x86_64-linux-gnu/libpthread-2.13.so
7f28185ea000-7f28185eb000 r--p 00016000 08:01 916448                     /lib/x86_64-linux-gnu/libpthread-2.13.so
7f28185eb000-7f28185ec000 rw-p 00017000 08:01 916448                     /lib/x86_64-linux-gnu/libpthread-2.13.so
7f28185ec000-7f28185f0000 rw-p 00000000 00:00 0 
7f28185f0000-7f2818606000 r-xp 00000000 08:01 916168                     /lib/x86_64-linux-gnu/libz.so.1.2.7
7f2818606000-7f2818805000 ---p 00016000 08:01 916168                     /lib/x86_64-linux-gnu/libz.so.1.2.7
7f2818805000-7f2818806000 r--p 00015000 08:01 916168                     /lib/x86_64-linux-gnu/libz.so.1.2.7
7f2818806000-7f2818807000 rw-p 00016000 08:01 916168                     /lib/x86_64-linux-gnu/libz.so.1.2.7
7f2818807000-7f2818827000 r-xp 00000000 08:01 32                         /lib64/ld-2.13.so
7f2818827000-7f2818829000 r--s 001a1000 08:06 9437380                    /home/nemo9955/CodeStation/proiecte/Garden_Revolution/Garden_Revolution-desktop/libs/gdx-backend-lwjgl-natives.jar
7f2818829000-7f281882c000 r--s 0000b000 08:06 9437369                    /home/nemo9955/CodeStation/proiecte/Garden_Revolution/Garden_Revolution-main/libs/tween-engine-api.jar
7f281882c000-7f281882f000 r--s 0007f000 08:01 143741                     /usr/lib/jvm/java-6-openjdk-common/jre/lib/jsse.jar
7f281882f000-7f2818845000 r--s 00157000 08:06 9437270                    /home/nemo9955/CodeStation/proiecte/Garden_Revolution/Garden_Revolution-main/libs/gdx.jar
7f2818845000-7f281884f000 rw-p 00000000 00:00 0 
7f281884f000-7f2818905000 rw-p 00000000 00:00 0 
7f2818905000-7f2818908000 ---p 00000000 00:00 0 
7f2818908000-7f2818a0b000 rw-p 00000000 00:00 0 
7f2818a0b000-7f2818a0c000 r--s 00002000 08:06 9437214                    /home/nemo9955/CodeStation/proiecte/Garden_Revolution/Garden_Revolution-main/libs/gdx-controllers.jar
7f2818a0c000-7f2818a10000 r--s 00039000 08:01 143733                     /usr/lib/jvm/java-6-openjdk-common/jre/lib/ext/sunpkcs11.jar
7f2818a10000-7f2818a12000 r--s 0000f000 08:01 143734                     /usr/lib/jvm/java-6-openjdk-common/jre/lib/ext/pulse-java.jar
7f2818a12000-7f2818a15000 r--s 00031000 08:01 143736                     /usr/lib/jvm/java-6-openjdk-common/jre/lib/ext/sunjce_provider.jar
7f2818a15000-7f2818a18000 r--s 00077000 08:01 143735                     /usr/lib/jvm/java-6-openjdk-common/jre/lib/ext/localedata.jar
7f2818a18000-7f2818a1a000 r--s 00001000 08:01 143737                     /usr/lib/jvm/java-6-openjdk-common/jre/lib/ext/dnsns.jar
7f2818a1a000-7f2818a1b000 r--s 00007000 08:01 916596                     /usr/share/java/java-atk-wrapper.jar
7f2818a1b000-7f2818a23000 rw-s 00000000 08:01 400812                     /tmp/hsperfdata_nemo9955/3858
7f2818a23000-7f2818a24000 rw-p 00000000 00:00 0 
7f2818a24000-7f2818a25000 r--p 00000000 00:00 0 
7f2818a25000-7f2818a26000 rw-p 00000000 00:00 0 
7f2818a26000-7f2818a27000 r--p 0001f000 08:01 32                         /lib64/ld-2.13.so
7f2818a27000-7f2818a28000 rw-p 00020000 08:01 32                         /lib64/ld-2.13.so
7f2818a28000-7f2818a29000 rw-p 00000000 00:00 0 
7fff2ba63000-7fff2ba84000 rw-p 00000000 00:00 0                          [stack]
7fff2bbdc000-7fff2bbdd000 r-xp 00000000 00:00 0                          [vdso]
ffffffffff600000-ffffffffff601000 r-xp 00000000 00:00 0                  [vsyscall]

VM Arguments:
jvm_args: -agentlib:jdwp=transport=dt_socket,suspend=y,address=localhost:50774 -Dfile.encoding=UTF-8 
java_command: com.nemo9955.garden_revolution.Main
Launcher Type: SUN_STANDARD

Environment Variables:
PATH=/home/nemo9955/bin:/usr/sbin:/sbin:/usr/local/bin:/usr/bin:/bin:/usr/local/games:/usr/games
LD_LIBRARY_PATH=/usr/lib/jvm/java-6-openjdk-amd64/jre/lib/amd64/server:/usr/lib/jvm/java-6-openjdk-amd64/jre/lib/amd64:/usr/lib/jvm/java-6-openjdk-amd64/jre/../lib/amd64
SHELL=/bin/bash
DISPLAY=:0.0

Signal Handlers:
SIGSEGV: [libjvm.so+0x791b10], sa_mask[0]=0x7ffbfeff, sa_flags=0x10000004
SIGBUS: [libjvm.so+0x791b10], sa_mask[0]=0x7ffbfeff, sa_flags=0x10000004
SIGFPE: [libjvm.so+0x65ace0], sa_mask[0]=0x7ffbfeff, sa_flags=0x10000004
SIGPIPE: [libjvm.so+0x65ace0], sa_mask[0]=0x7ffbfeff, sa_flags=0x10000004
SIGXFSZ: [libjvm.so+0x65ace0], sa_mask[0]=0x7ffbfeff, sa_flags=0x10000004
SIGILL: [libjvm.so+0x65ace0], sa_mask[0]=0x7ffbfeff, sa_flags=0x10000004
SIGUSR1: SIG_DFL, sa_mask[0]=0x00000000, sa_flags=0x00000000
SIGUSR2: [libjvm.so+0x65aec0], sa_mask[0]=0x00000004, sa_flags=0x10000004
SIGHUP: [libjvm.so+0x65d500], sa_mask[0]=0x7ffbfeff, sa_flags=0x10000004
SIGINT: [libjvm.so+0x65d500], sa_mask[0]=0x7ffbfeff, sa_flags=0x10000004
SIGTERM: [libjvm.so+0x65d500], sa_mask[0]=0x7ffbfeff, sa_flags=0x10000004
SIGQUIT: [libjvm.so+0x65d500], sa_mask[0]=0x7ffbfeff, sa_flags=0x10000004


---------------  S Y S T E M  ---------------

OS:7.3

uname:Linux 3.2.0-4-amd64 #1 SMP Debian 3.2.51-1 x86_64
libc:glibc 2.13 NPTL 2.13 
rlimit: STACK 8192k, CORE 0k, NPROC 25587, NOFILE 4096, AS infinity
load average:0.37 0.35 0.40

/proc/meminfo:
MemTotal:        3287396 kB
MemFree:           92988 kB
Buffers:           17236 kB
Cached:           551492 kB
SwapCached:         4336 kB
Active:          2325532 kB
Inactive:         711464 kB
Active(anon):    2044068 kB
Inactive(anon):   430508 kB
Active(file):     281464 kB
Inactive(file):   280956 kB
Unevictable:           0 kB
Mlocked:               0 kB
SwapTotal:       3025916 kB
SwapFree:        2999748 kB
Dirty:               240 kB
Writeback:             0 kB
AnonPages:       2464504 kB
Mapped:           211928 kB
Shmem:              6352 kB
Slab:              68532 kB
SReclaimable:      42508 kB
SUnreclaim:        26024 kB
KernelStack:        3880 kB
PageTables:        26684 kB
NFS_Unstable:          0 kB
Bounce:                0 kB
WritebackTmp:          0 kB
CommitLimit:     4669612 kB
Committed_AS:    4741220 kB
VmallocTotal:   34359738367 kB
VmallocUsed:      315844 kB
VmallocChunk:   34359419900 kB
HardwareCorrupted:     0 kB
AnonHugePages:         0 kB
HugePages_Total:       0
HugePages_Free:        0
HugePages_Rsvd:        0
HugePages_Surp:        0
Hugepagesize:       2048 kB
DirectMap4k:      106176 kB
DirectMap2M:     3235840 kB


CPU:total 2 (2 cores per cpu, 1 threads per core) family 6 model 23 stepping 10, cmov, cx8, fxsr, mmx, sse, sse2, sse3, ssse3, sse4.1

Memory: 4k page, physical 3287396k(92988k free), swap 3025916k(2999748k free)

vm_info: OpenJDK 64-Bit Server VM (20.0-b12) for linux-amd64 JRE (1.6.0_27-b27), built on Jul 12 2013 09:04:12 by "jmm" with gcc 4.7.2

time: Mon Feb 24 14:06:44 2014
elapsed time: 76 seconds

