#
# A fatal error has been detected by the Java Runtime Environment:
#
#  SIGBUS (0x7) at pc=0x00007fe87b56dc60, pid=11660, tid=140636351829760
#
# JRE version: 6.0_27-b27
# Java VM: OpenJDK 64-Bit Server VM (20.0-b12 mixed mode linux-amd64 compressed oops)
# Derivative: IcedTea6 1.12.6
# Distribution: Debian GNU/Linux 7.1 (wheezy), package 6b27-1.12.6-1~deb7u1
# Problematic frame:
# 
[error occurred during error reporting (printing problematic frame), id 0x7]

# If you would like to submit a bug report, please include
# instructions how to reproduce the bug and visit:
#   http://icedtea.classpath.org/bugzilla
# The crash happened outside the Java Virtual Machine in native code.
# See problematic frame for where to report the bug.
#

---------------  T H R E A D  ---------------

Current thread (0x00007fe87c278800):  JavaThread "LWJGL Application" [_thread_in_native, id=11822, stack(0x00007fe873bb1000,0x00007fe873cb2000)]

siginfo:si_signo=SIGBUS: si_errno=0, si_code=2 (BUS_ADRERR), si_addr=0x00007fe87b56dc60

Registers:
RAX=0x00000000c3e54550, RBX=0x00000000c3e54550, RCX=0x00000000c3eaa758, RDX=0x00007fe8836558da
RSP=0x00007fe873cb0758, RBP=0x00007fe873cb07a0, RSI=0x00007fe873cb0790, RDI=0x00007fe87c2789d0
R8 =0x0000000000000001, R9 =0x0000000000000001, R10=0x00007fe88371069e, R11=0x00007fe883711a60
R12=0x0000000000000000, R13=0x00007fe873cb07d8, R14=0x00007fe873cb0790, R15=0x00007fe87c278800
RIP=0x00007fe87b56dc60, EFLAGS=0x0000000000010246, CSGSFS=0x0000000000000033, ERR=0x0000000000000014
  TRAPNO=0x000000000000000e

Top of Stack: (sp=0x00007fe873cb0758)
0x00007fe873cb0758:   00007fe88371070c 00007fe883662298
0x00007fe873cb0768:   00000000f034aa28 0000000000000011
0x00007fe873cb0778:   0000000000000000 00007fe873cb0770
0x00007fe873cb0788:   00000000c3e5f277 00000000c3e5e978
0x00007fe873cb0798:   00000000c3e90a78 00007fe873cb0828
0x00007fe873cb07a8:   00007fe883711a74 0000000000000000
0x00007fe873cb07b8:   00007fe873cb07d0 00007fe873cb0828
0x00007fe873cb07c8:   00007fe8836558da 00007fe8836558da
0x00007fe873cb07d8:   0000004402375611 00000000f034a9c8
0x00007fe873cb07e8:   00007fe873cb07d8 00000000c3ea9499
0x00007fe873cb07f8:   00007fe873cb0870 00000000c3eaa758
0x00007fe873cb0808:   0000000000000000 00000000c3ea9508
0x00007fe873cb0818:   00007fe873cb07d8 00007fe873cb0870
0x00007fe873cb0828:   00007fe873cb08b8 00007fe883655db4
0x00007fe873cb0838:   0000000000000000 0000000000000000
0x00007fe873cb0848:   0000000000000000 00000000f034aa48
0x00007fe873cb0858:   00000000f034aa28 00000000f034a9c8
0x00007fe873cb0868:   00000000f034a9c8 00000000f037f330
0x00007fe873cb0878:   00007fe873cb0878 00000000c3ea60e3
0x00007fe873cb0888:   00007fe873cb08c0 00000000c3ea7d40
0x00007fe873cb0898:   0000000000000000 00000000c3ea60f8
0x00007fe873cb08a8:   00007fe873cb0870 00007fe873cb08c8
0x00007fe873cb08b8:   00007fe873cb0908 00007fe8836558da
0x00007fe873cb08c8:   00007fe873cb08c8 00000000c3e489c8
0x00007fe873cb08d8:   00007fe873cb0918 00000000c3e904e8
0x00007fe873cb08e8:   0000000000000000 00000000c3e489e8
0x00007fe873cb08f8:   00007fe873cb08c8 00007fe873cb0918
0x00007fe873cb0908:   00007fe873cb0970 00007fe883655db4
0x00007fe873cb0918:   00000000f037e858 0000000000000000
0x00007fe873cb0928:   00000000f036f798 00007fe873cb0920
0x00007fe873cb0938:   00000000c3e39daf 00007fe873cb0988
0x00007fe873cb0948:   00000000c3e4b3a8 0000000000000000 

Instructions: (pc=0x00007fe87b56dc60)
0x00007fe87b56dc40:   
[error occurred during error reporting (printing registers, top of stack, instructions near pc), id 0x7]

Register to memory mapping:

RAX=0x00000000c3e54550 is an oop
{method} 
 - klass: {other class}
RBX=0x00000000c3e54550 is an oop
{method} 
 - klass: {other class}
RCX=0x00000000c3eaa758 is an oop
{constant pool cache} 
 - klass: {other class}
RDX=0x00007fe8836558da is an Interpreter codelet
return entry points  [0x00007fe8836551c0, 0x00007fe883656780]  5568 bytes
RSP=0x00007fe873cb0758 is pointing into the stack for thread: 0x00007fe87c278800
RBP=0x00007fe873cb07a0 is pointing into the stack for thread: 0x00007fe87c278800
RSI=0x00007fe873cb0790 is pointing into the stack for thread: 0x00007fe87c278800
RDI=0x00007fe87c2789d0 is an unknown value
R8 =0x0000000000000001 is an unknown value
R9 =0x0000000000000001 is an unknown value
R10=0x00007fe8837104d0 [CodeBlob (0x00007fe8837104d0)]
Framesize: 10
R11=0x00007fe883711910 [CodeBlob (0x00007fe883711910)]
Framesize: 4
R12=0x0000000000000000 is an unknown value
R13=0x00007fe873cb07d8 is pointing into the stack for thread: 0x00007fe87c278800
R14=0x00007fe873cb0790 is pointing into the stack for thread: 0x00007fe87c278800
R15=0x00007fe87c278800 is a thread


Stack: [0x00007fe873bb1000,0x00007fe873cb2000],  sp=0x00007fe873cb0758,  free space=1021k
Native frames: (J=compiled Java code, j=interpreted, Vv=VM code, C=native code)

[error occurred during error reporting (printing native stack), id 0x7]

Java frames: (J=compiled Java code, j=interpreted, Vv=VM code)
J  org.lwjgl.opengl.LinuxDisplay.nUnlockAWT()V
J  org.lwjgl.opengl.LinuxDisplay.unlockAWT()V
j  org.lwjgl.opengl.LinuxContextImplementation.swapBuffers()V+57
j  org.lwjgl.opengl.ContextGL.swapBuffers()V+3
j  org.lwjgl.opengl.DrawableGL.swapBuffers()V+0
j  org.lwjgl.opengl.Display.swapBuffers()V+39
j  org.lwjgl.opengl.Display.update(Z)V+44
j  com.badlogic.gdx.backends.lwjgl.LwjglApplication.mainLoop()V+648
j  com.badlogic.gdx.backends.lwjgl.LwjglApplication$1.run()V+27
v  ~StubRoutines::call_stub

---------------  P R O C E S S  ---------------

Java Threads: ( => current thread )
  0x00000000017be800 JavaThread "AsynchExecutor-Thread" daemon [_thread_blocked, id=11827, stack(0x00007fe873ab0000,0x00007fe873bb1000)]
  0x00007fe87c2bc000 JavaThread "DestroyJavaVM" [_thread_blocked, id=11665, stack(0x00007fe889cc7000,0x00007fe889dc8000)]
=>0x00007fe87c278800 JavaThread "LWJGL Application" [_thread_in_native, id=11822, stack(0x00007fe873bb1000,0x00007fe873cb2000)]
  0x00007fe87c24b000 JavaThread "AWT-XAWT" daemon [_thread_blocked, id=11818, stack(0x00007fe87b994000,0x00007fe87ba95000)]
  0x00007fe87c1c1800 JavaThread "Java2D Disposer" daemon [_thread_blocked, id=11817, stack(0x00007fe87beff000,0x00007fe87c000000)]
  0x00007fe87c001800 JavaThread "Low Memory Detector" daemon [_thread_blocked, id=11684, stack(0x00007fe882009000,0x00007fe88210a000)]
  0x000000000114a800 JavaThread "C2 CompilerThread1" daemon [_thread_blocked, id=11683, stack(0x00007fe88210a000,0x00007fe88220b000)]
  0x0000000001147000 JavaThread "C2 CompilerThread0" daemon [_thread_blocked, id=11682, stack(0x00007fe88220b000,0x00007fe88230c000)]
  0x0000000001139800 JavaThread "JDWP Command Reader" daemon [_thread_in_native, id=11678, stack(0x00007fe88230c000,0x00007fe88240d000)]
  0x0000000001137800 JavaThread "JDWP Event Helper Thread" daemon [_thread_blocked, id=11677, stack(0x00007fe88240d000,0x00007fe88250e000)]
  0x0000000001134000 JavaThread "JDWP Transport Listener: dt_socket" daemon [_thread_blocked, id=11674, stack(0x00007fe88250e000,0x00007fe88260f000)]
  0x0000000001126000 JavaThread "Signal Dispatcher" daemon [_thread_blocked, id=11672, stack(0x00007fe882813000,0x00007fe882914000)]
  0x0000000001102800 JavaThread "Finalizer" daemon [_thread_blocked, id=11671, stack(0x00007fe882914000,0x00007fe882a15000)]
  0x0000000001100800 JavaThread "Reference Handler" daemon [_thread_blocked, id=11670, stack(0x00007fe882a15000,0x00007fe882b16000)]

Other Threads:
  0x00000000010fb800 VMThread [stack: 0x00007fe882b16000,0x00007fe882c17000] [id=11669]
  0x00007fe87c004000 WatcherThread [stack: 0x00007fe881f08000,0x00007fe882009000] [id=11685]

VM state:not at safepoint (normal execution)

VM Mutex/Monitor currently owned by a thread: None

Heap
 PSYoungGen      total 14976K, used 6031K [0x00000000ef400000, 0x00000000f04b0000, 0x0000000100000000)
  eden space 12864K, 37% used [0x00000000ef400000,0x00000000ef8c4d20,0x00000000f0090000)
  from space 2112K, 54% used [0x00000000f02a0000,0x00000000f03bf120,0x00000000f04b0000)
  to   space 2112K, 0% used [0x00000000f0090000,0x00000000f0090000,0x00000000f02a0000)
 PSOldGen        total 34304K, used 0K [0x00000000cdc00000, 0x00000000cfd80000, 0x00000000ef400000)
  object space 34304K, 0% used [0x00000000cdc00000,0x00000000cdc00000,0x00000000cfd80000)
 PSPermGen       total 21248K, used 13471K [0x00000000c3600000, 0x00000000c4ac0000, 0x00000000cdc00000)
  object space 21248K, 63% used [0x00000000c3600000,0x00000000c4327d38,0x00000000c4ac0000)

Code Cache  [0x00007fe883650000, 0x00007fe8838c0000, 0x00007fe886650000)
 total_blobs=635 nmethods=120 adapters=478 free_code_cache=49547008 largest_free_block=22784

Dynamic libraries:
00400000-00409000 r-xp 00000000 08:01 144298                             /usr/lib/jvm/java-6-openjdk-amd64/jre/bin/java
00608000-00609000 rw-p 00008000 08:01 144298                             /usr/lib/jvm/java-6-openjdk-amd64/jre/bin/java
01088000-0363d000 rw-p 00000000 00:00 0                                  [heap]
40ad0000-40b4e000 rw-p 00000000 00:00 0 
415ad000-415af000 r-xs 00000000 08:01 283050                             /tmp/glwHSl1Q (deleted)
c3600000-c4ac0000 rw-p 00000000 00:00 0 
c4ac0000-cdc00000 rw-p 00000000 00:00 0 
cdc00000-cfd80000 rw-p 00000000 00:00 0 
cfd80000-ef400000 rw-p 00000000 00:00 0 
ef400000-f04b0000 rw-p 00000000 00:00 0 
f04b0000-100000000 rw-p 00000000 00:00 0 
7fe86fee0000-7fe86ff03000 r-xp 00000000 08:01 400708                     /tmp/libgdxnemo9955/b97b1fcd/libgdx-controllers-desktop64.so
7fe86ff03000-7fe870103000 ---p 00023000 08:01 400708                     /tmp/libgdxnemo9955/b97b1fcd/libgdx-controllers-desktop64.so
7fe870103000-7fe870104000 r--p 00023000 08:01 400708                     /tmp/libgdxnemo9955/b97b1fcd/libgdx-controllers-desktop64.so
7fe870104000-7fe870105000 rw-p 00024000 08:01 400708                     /tmp/libgdxnemo9955/b97b1fcd/libgdx-controllers-desktop64.so
7fe870105000-7fe87011a000 r-xp 00000000 08:01 144247                     /usr/lib/jvm/java-6-openjdk-amd64/jre/lib/amd64/libnet.so
7fe87011a000-7fe870319000 ---p 00015000 08:01 144247                     /usr/lib/jvm/java-6-openjdk-amd64/jre/lib/amd64/libnet.so
7fe870319000-7fe87031a000 rw-p 00014000 08:01 144247                     /usr/lib/jvm/java-6-openjdk-amd64/jre/lib/amd64/libnet.so
7fe87031a000-7fe87071a000 rw-s 2b29b000 00:05 4796                       /dev/nvidia0
7fe87071a000-7fe870b1a000 rw-s 2b2f2000 00:05 4796                       /dev/nvidia0
7fe870b1a000-7fe870d1a000 rw-s c4d1f000 00:05 4796                       /dev/nvidia0
7fe870d1a000-7fe870f1a000 rw-s 2adf1000 00:05 4796                       /dev/nvidia0
7fe870f1a000-7fe87101a000 rw-s 09218000 00:05 4796                       /dev/nvidia0
7fe87101a000-7fe87105a000 rw-s 09146000 00:05 4796                       /dev/nvidia0
7fe87105a000-7fe8710ce000 rw-p 00000000 00:00 0 
7fe8710ea000-7fe871188000 rw-p 00000000 00:00 0 
7fe871189000-7fe8711a6000 rw-s 373f9000 00:05 4796                       /dev/nvidia0
7fe8711a6000-7fe872b76000 r-xp 00000000 08:01 282961                     /usr/lib/x86_64-linux-gnu/libnvidia-glcore.so.304.88
7fe872b76000-7fe872d75000 ---p 019d0000 08:01 282961                     /usr/lib/x86_64-linux-gnu/libnvidia-glcore.so.304.88
7fe872d75000-7fe873576000 rwxp 019cf000 08:01 282961                     /usr/lib/x86_64-linux-gnu/libnvidia-glcore.so.304.88
7fe873576000-7fe873590000 rwxp 00000000 00:00 0 
7fe873590000-7fe873593000 r-xp 00000000 08:01 551171                     /usr/lib/x86_64-linux-gnu/tls/libnvidia-tls.so.304.88
7fe873593000-7fe873792000 ---p 00003000 08:01 551171                     /usr/lib/x86_64-linux-gnu/tls/libnvidia-tls.so.304.88
7fe873792000-7fe873793000 rw-p 00002000 08:01 551171                     /usr/lib/x86_64-linux-gnu/tls/libnvidia-tls.so.304.88
7fe873793000-7fe87385d000 r-xp 00000000 08:01 678444                     /usr/lib/x86_64-linux-gnu/nvidia/current/libGL.so.304.88
7fe87385d000-7fe873a5d000 ---p 000ca000 08:01 678444                     /usr/lib/x86_64-linux-gnu/nvidia/current/libGL.so.304.88
7fe873a5d000-7fe873a9a000 rwxp 000ca000 08:01 678444                     /usr/lib/x86_64-linux-gnu/nvidia/current/libGL.so.304.88
7fe873a9a000-7fe873ab0000 rwxp 00000000 00:00 0 
7fe873ab0000-7fe873ab3000 ---p 00000000 00:00 0 
7fe873ab3000-7fe873bb1000 rw-p 00000000 00:00 0 
7fe873bb1000-7fe873bb4000 ---p 00000000 00:00 0 
7fe873bb4000-7fe873cb2000 rw-p 00000000 00:00 0 
7fe873cb2000-7fe873cb3000 ---p 00000000 00:00 0 
7fe873cb3000-7fe873db3000 rw-p 00000000 00:00 0 
7fe873db3000-7fe877db4000 rw-s 00000000 00:11 935026                     /run/shm/pulse-shm-3505786645
7fe877db4000-7fe877db5000 ---p 00000000 00:00 0 
7fe877db5000-7fe8785b5000 rw-p 00000000 00:00 0 
7fe8785b5000-7fe8785c8000 r-xp 00000000 08:01 916431                     /lib/x86_64-linux-gnu/libresolv-2.13.so
7fe8785c8000-7fe8787c7000 ---p 00013000 08:01 916431                     /lib/x86_64-linux-gnu/libresolv-2.13.so
7fe8787c7000-7fe8787c8000 r--p 00012000 08:01 916431                     /lib/x86_64-linux-gnu/libresolv-2.13.so
7fe8787c8000-7fe8787c9000 rw-p 00013000 08:01 916431                     /lib/x86_64-linux-gnu/libresolv-2.13.so
7fe8787c9000-7fe8787cb000 rw-p 00000000 00:00 0 
7fe8787cb000-7fe8787d1000 r-xp 00000000 08:01 264971                     /usr/lib/x86_64-linux-gnu/libogg.so.0.8.0
7fe8787d1000-7fe8789d0000 ---p 00006000 08:01 264971                     /usr/lib/x86_64-linux-gnu/libogg.so.0.8.0
7fe8789d0000-7fe8789d1000 rw-p 00005000 08:01 264971                     /usr/lib/x86_64-linux-gnu/libogg.so.0.8.0
7fe8789d1000-7fe8789fd000 r-xp 00000000 08:01 265193                     /usr/lib/x86_64-linux-gnu/libvorbis.so.0.4.5
7fe8789fd000-7fe878bfc000 ---p 0002c000 08:01 265193                     /usr/lib/x86_64-linux-gnu/libvorbis.so.0.4.5
7fe878bfc000-7fe878bfd000 r--p 0002b000 08:01 265193                     /usr/lib/x86_64-linux-gnu/libvorbis.so.0.4.5
7fe878bfd000-7fe878bfe000 rw-p 0002c000 08:01 265193                     /usr/lib/x86_64-linux-gnu/libvorbis.so.0.4.5
7fe878bfe000-7fe878eb1000 r-xp 00000000 08:01 265195                     /usr/lib/x86_64-linux-gnu/libvorbisenc.so.2.0.8
7fe878eb1000-7fe8790b0000 ---p 002b3000 08:01 265195                     /usr/lib/x86_64-linux-gnu/libvorbisenc.so.2.0.8
7fe8790b0000-7fe8790cc000 r--p 002b2000 08:01 265195                     /usr/lib/x86_64-linux-gnu/libvorbisenc.so.2.0.8
7fe8790cc000-7fe8790cd000 rw-p 002ce000 08:01 265195                     /usr/lib/x86_64-linux-gnu/libvorbisenc.so.2.0.8
7fe8790cd000-7fe879118000 r-xp 00000000 08:01 264365                     /usr/lib/x86_64-linux-gnu/libFLAC.so.8.2.0
7fe879118000-7fe879317000 ---p 0004b000 08:01 264365                     /usr/lib/x86_64-linux-gnu/libFLAC.so.8.2.0
7fe879317000-7fe879318000 r--p 0004a000 08:01 264365                     /usr/lib/x86_64-linux-gnu/libFLAC.so.8.2.0
7fe879318000-7fe879319000 rw-p 0004b000 08:01 264365                     /usr/lib/x86_64-linux-gnu/libFLAC.so.8.2.0
7fe879319000-7fe87931d000 r-xp 00000000 08:01 916163                     /lib/x86_64-linux-gnu/libuuid.so.1.3.0
7fe87931d000-7fe87951c000 ---p 00004000 08:01 916163                     /lib/x86_64-linux-gnu/libuuid.so.1.3.0
7fe87951c000-7fe87951d000 r--p 00003000 08:01 916163                     /lib/x86_64-linux-gnu/libuuid.so.1.3.0
7fe87951d000-7fe87951e000 rw-p 00004000 08:01 916163                     /lib/x86_64-linux-gnu/libuuid.so.1.3.0
7fe87951e000-7fe879522000 r-xp 00000000 08:01 916027                     /lib/x86_64-linux-gnu/libattr.so.1.1.0
7fe879522000-7fe879721000 ---p 00004000 08:01 916027                     /lib/x86_64-linux-gnu/libattr.so.1.1.0
7fe879721000-7fe879722000 r--p 00003000 08:01 916027                     /lib/x86_64-linux-gnu/libattr.so.1.1.0
7fe879722000-7fe879723000 rw-p 00004000 08:01 916027                     /lib/x86_64-linux-gnu/libattr.so.1.1.0
7fe879723000-7fe879728000 r-xp 00000000 08:01 264468                     /usr/lib/x86_64-linux-gnu/libasyncns.so.0.3.1
7fe879728000-7fe879927000 ---p 00005000 08:01 264468                     /usr/lib/x86_64-linux-gnu/libasyncns.so.0.3.1
7fe879927000-7fe879928000 rw-p 00004000 08:01 264468                     /usr/lib/x86_64-linux-gnu/libasyncns.so.0.3.1
7fe879928000-7fe879989000 r-xp 00000000 08:01 265087                     /usr/lib/x86_64-linux-gnu/libsndfile.so.1.0.25
7fe879989000-7fe879b88000 ---p 00061000 08:01 265087                     /usr/lib/x86_64-linux-gnu/libsndfile.so.1.0.25
7fe879b88000-7fe879b8a000 r--p 00060000 08:01 265087                     /usr/lib/x86_64-linux-gnu/libsndfile.so.1.0.25
7fe879b8a000-7fe879b8b000 rw-p 00062000 08:01 265087                     /usr/lib/x86_64-linux-gnu/libsndfile.so.1.0.25
7fe879b8b000-7fe879b8f000 rw-p 00000000 00:00 0 
7fe879b8f000-7fe879b98000 r-xp 00000000 08:01 916165                     /lib/x86_64-linux-gnu/libwrap.so.0.7.6
7fe879b98000-7fe879d97000 ---p 00009000 08:01 916165                     /lib/x86_64-linux-gnu/libwrap.so.0.7.6
7fe879d97000-7fe879d98000 r--p 00008000 08:01 916165                     /lib/x86_64-linux-gnu/libwrap.so.0.7.6
7fe879d98000-7fe879d99000 rw-p 00009000 08:01 916165                     /lib/x86_64-linux-gnu/libwrap.so.0.7.6
7fe879d99000-7fe879d9a000 rw-p 00000000 00:00 0 
7fe879d9a000-7fe879da1000 r-xp 00000000 08:01 264394                     /usr/lib/x86_64-linux-gnu/libSM.so.6.0.1
7fe879da1000-7fe879fa0000 ---p 00007000 08:01 264394                     /usr/lib/x86_64-linux-gnu/libSM.so.6.0.1
7fe879fa0000-7fe879fa1000 rw-p 00006000 08:01 264394                     /usr/lib/x86_64-linux-gnu/libSM.so.6.0.1
7fe879fa1000-7fe879fb8000 r-xp 00000000 08:01 264375                     /usr/lib/x86_64-linux-gnu/libICE.so.6.3.0
7fe879fb8000-7fe87a1b7000 ---p 00017000 08:01 264375                     /usr/lib/x86_64-linux-gnu/libICE.so.6.3.0
7fe87a1b7000-7fe87a1b9000 rw-p 00016000 08:01 264375                     /usr/lib/x86_64-linux-gnu/libICE.so.6.3.0
7fe87a1b9000-7fe87a1bc000 rw-p 00000000 00:00 0 
7fe87a1bc000-7fe87a1bd000 r-xp 00000000 08:01 272883                     /usr/lib/x86_64-linux-gnu/libX11-xcb.so.1.0.0
7fe87a1bd000-7fe87a3bc000 ---p 00001000 08:01 272883                     /usr/lib/x86_64-linux-gnu/libX11-xcb.so.1.0.0
7fe87a3bc000-7fe87a3bd000 rw-p 00000000 08:01 272883                     /usr/lib/x86_64-linux-gnu/libX11-xcb.so.1.0.0
7fe87a3bd000-7fe87a3c1000 r-xp 00000000 08:01 916038                     /lib/x86_64-linux-gnu/libcap.so.2.22
7fe87a3c1000-7fe87a5c0000 ---p 00004000 08:01 916038                     /lib/x86_64-linux-gnu/libcap.so.2.22
7fe87a5c0000-7fe87a5c1000 rw-p 00003000 08:01 916038                     /lib/x86_64-linux-gnu/libcap.so.2.22
7fe87a5c1000-7fe87a605000 r-xp 00000000 08:01 916060                     /lib/x86_64-linux-gnu/libdbus-1.so.3.7.2
7fe87a605000-7fe87a805000 ---p 00044000 08:01 916060                     /lib/x86_64-linux-gnu/libdbus-1.so.3.7.2
7fe87a805000-7fe87a806000 r--p 00044000 08:01 916060                     /lib/x86_64-linux-gnu/libdbus-1.so.3.7.2
7fe87a806000-7fe87a807000 rw-p 00045000 08:01 916060                     /lib/x86_64-linux-gnu/libdbus-1.so.3.7.2
7fe87a807000-7fe87a868000 r-xp 00000000 08:01 265339                     /usr/lib/x86_64-linux-gnu/pulseaudio/libpulsecommon-2.0.so
7fe87a868000-7fe87aa67000 ---p 00061000 08:01 265339                     /usr/lib/x86_64-linux-gnu/pulseaudio/libpulsecommon-2.0.so
7fe87aa67000-7fe87aa68000 r--p 00060000 08:01 265339                     /usr/lib/x86_64-linux-gnu/pulseaudio/libpulsecommon-2.0.so
7fe87aa68000-7fe87aa6a000 rw-p 00061000 08:01 265339                     /usr/lib/x86_64-linux-gnu/pulseaudio/libpulsecommon-2.0.so
7fe87aa6a000-7fe87aa73000 r-xp 00000000 08:01 916072                     /lib/x86_64-linux-gnu/libjson.so.0.1.0
7fe87aa73000-7fe87ac72000 ---p 00009000 08:01 916072                     /lib/x86_64-linux-gnu/libjson.so.0.1.0
7fe87ac72000-7fe87ac73000 r--p 00008000 08:01 916072                     /lib/x86_64-linux-gnu/libjson.so.0.1.0
7fe87ac73000-7fe87ac74000 rw-p 00009000 08:01 916072                     /lib/x86_64-linux-gnu/libjson.so.0.1.0
7fe87ac74000-7fe87acbd000 r-xp 00000000 08:01 265053                     /usr/lib/x86_64-linux-gnu/libpulse.so.0.14.2
7fe87acbd000-7fe87aebc000 ---p 00049000 08:01 265053                     /usr/lib/x86_64-linux-gnu/libpulse.so.0.14.2
7fe87aebc000-7fe87aebd000 r--p 00048000 08:01 265053                     /usr/lib/x86_64-linux-gnu/libpulse.so.0.14.2
7fe87aebd000-7fe87aebe000 rw-p 00049000 08:01 265053                     /usr/lib/x86_64-linux-gnu/libpulse.so.0.14.2
7fe87aebe000-7fe87af13000 r-xp 00000000 08:01 283048                     /tmp/libgdxnemo9955/7b43be9b/libopenal64.so
7fe87af13000-7fe87b112000 ---p 00055000 08:01 283048                     /tmp/libgdxnemo9955/7b43be9b/libopenal64.so
7fe87b112000-7fe87b115000 r--p 00054000 08:01 283048                     /tmp/libgdxnemo9955/7b43be9b/libopenal64.so
7fe87b115000-7fe87b116000 rw-p 00057000 08:01 283048                     /tmp/libgdxnemo9955/7b43be9b/libopenal64.so
7fe87b116000-7fe87b117000 rw-p 00000000 00:00 0 
7fe87b117000-7fe87b11b000 r-xp 00000000 08:01 273334                     /usr/lib/x86_64-linux-gnu/libXxf86vm.so.1.0.0
7fe87b11b000-7fe87b31b000 ---p 00004000 08:01 273334                     /usr/lib/x86_64-linux-gnu/libXxf86vm.so.1.0.0
7fe87b31b000-7fe87b31c000 r--p 00004000 08:01 273334                     /usr/lib/x86_64-linux-gnu/libXxf86vm.so.1.0.0
7fe87b31c000-7fe87b31d000 rw-p 00005000 08:01 273334                     /usr/lib/x86_64-linux-gnu/libXxf86vm.so.1.0.0
7fe87b31d000-7fe87b324000 r-xp 00000000 08:01 265883                     /usr/lib/x86_64-linux-gnu/libXrandr.so.2.2.0
7fe87b324000-7fe87b524000 ---p 00007000 08:01 265883                     /usr/lib/x86_64-linux-gnu/libXrandr.so.2.2.0
7fe87b524000-7fe87b525000 rw-p 00007000 08:01 265883                     /usr/lib/x86_64-linux-gnu/libXrandr.so.2.2.0
7fe87b525000-7fe87b591000 r-xp 00000000 08:01 282252                     /tmp/libgdxnemo9955/7b43be9b/liblwjgl64.so (deleted)
7fe87b591000-7fe87b790000 ---p 0006c000 08:01 282252                     /tmp/libgdxnemo9955/7b43be9b/liblwjgl64.so (deleted)
7fe87b790000-7fe87b792000 r--p 0006b000 08:01 282252                     /tmp/libgdxnemo9955/7b43be9b/liblwjgl64.so (deleted)
7fe87b792000-7fe87b793000 rw-p 0006d000 08:01 282252                     /tmp/libgdxnemo9955/7b43be9b/liblwjgl64.so (deleted)
7fe87b793000-7fe87b794000 r-xp 00000000 08:01 144229                     /usr/lib/jvm/java-6-openjdk-amd64/jre/lib/amd64/libjawt.so
7fe87b794000-7fe87b993000 ---p 00001000 08:01 144229                     /usr/lib/jvm/java-6-openjdk-amd64/jre/lib/amd64/libjawt.so
7fe87b993000-7fe87b994000 rw-p 00000000 08:01 144229                     /usr/lib/jvm/java-6-openjdk-amd64/jre/lib/amd64/libjawt.so
7fe87b994000-7fe87b997000 ---p 00000000 00:00 0 
7fe87b997000-7fe87ba95000 rw-p 00000000 00:00 0 
7fe87ba95000-7fe87ba9e000 r--s 00000000 08:01 277048                     /var/cache/fontconfig/945677eb7aeaf62f1d50efc3fb3ec7d8-le64.cache-3
7fe87bad5000-7fe87bada000 r-xp 00000000 08:01 273531                     /usr/lib/x86_64-linux-gnu/libXfixes.so.3.1.0
7fe87bada000-7fe87bcd9000 ---p 00005000 08:01 273531                     /usr/lib/x86_64-linux-gnu/libXfixes.so.3.1.0
7fe87bcd9000-7fe87bcda000 r--p 00004000 08:01 273531                     /usr/lib/x86_64-linux-gnu/libXfixes.so.3.1.0
7fe87bcda000-7fe87bcdb000 rw-p 00005000 08:01 273531                     /usr/lib/x86_64-linux-gnu/libXfixes.so.3.1.0
7fe87bcdb000-7fe87bce5000 r-xp 00000000 08:01 264474                     /usr/lib/x86_64-linux-gnu/libXcursor.so.1.0.2
7fe87bce5000-7fe87bee4000 ---p 0000a000 08:01 264474                     /usr/lib/x86_64-linux-gnu/libXcursor.so.1.0.2
7fe87bee4000-7fe87bee5000 rw-p 00009000 08:01 264474                     /usr/lib/x86_64-linux-gnu/libXcursor.so.1.0.2
7fe87bee8000-7fe87beea000 rw-p 00000000 00:00 0 
7fe87beea000-7fe87beec000 rw-s 00000000 08:01 283050                     /tmp/glwHSl1Q (deleted)
7fe87beec000-7fe87bef0000 rw-s bb37f000 00:05 4796                       /dev/nvidia0
7fe87bef0000-7fe87bef1000 rw-s d0005000 00:05 4796                       /dev/nvidia0
7fe87bef1000-7fe87bef2000 rw-s 2b6fb000 00:05 4796                       /dev/nvidia0
7fe87bef2000-7fe87bef6000 rw-s 414f8000 00:05 4796                       /dev/nvidia0
7fe87bef6000-7fe87bef7000 rw-s fdc08000 00:05 4796                       /dev/nvidia0
7fe87bef7000-7fe87bef8000 rw-s fd641000 00:05 4796                       /dev/nvidia0
7fe87bef8000-7fe87beff000 r--s 00000000 08:01 282750                     /usr/lib/x86_64-linux-gnu/gconv/gconv-modules.cache
7fe87beff000-7fe87bf02000 ---p 00000000 00:00 0 
7fe87bf02000-7fe87c000000 rw-p 00000000 00:00 0 
7fe87c000000-7fe87c9f8000 rw-p 00000000 00:00 0 
7fe87c9f8000-7fe880000000 ---p 00000000 00:00 0 
7fe880000000-7fe880001000 rw-s 3724b000 00:05 4796                       /dev/nvidia0
7fe880001000-7fe880002000 rw-s 2b5cd000 00:05 4796                       /dev/nvidia0
7fe880002000-7fe880003000 rw-s fd060000 00:05 4796                       /dev/nvidia0
7fe880003000-7fe880008000 r--s 00000000 08:01 271253                     /var/cache/fontconfig/6eb3985aa4124903f6ff08ba781cd364-le64.cache-3
7fe880008000-7fe880011000 r--s 00000000 08:01 278568                     /var/cache/fontconfig/6d41288fd70b0be22e8c3a91e032eec0-le64.cache-3
7fe880011000-7fe88003f000 r--s 00000000 08:01 271260                     /var/cache/fontconfig/365b55f210c0a22e9a19e35191240f32-le64.cache-3
7fe88003f000-7fe880042000 r--s 00000000 08:01 271247                     /var/cache/fontconfig/c57959a16110560c8d0fcea73374aeeb-le64.cache-3
7fe880042000-7fe880047000 r--s 00000000 08:01 271264                     /var/cache/fontconfig/3047814df9a2f067bd2d96a2b9c36e5a-le64.cache-3
7fe880047000-7fe880058000 r--s 00000000 08:01 271249                     /var/cache/fontconfig/d52a8644073d54c13679302ca1180695-le64.cache-3
7fe880058000-7fe88005f000 r--s 00000000 08:01 271258                     /var/cache/fontconfig/3f7329c5293ffd510edef78f73874cfd-le64.cache-3
7fe88005f000-7fe880061000 r--s 00000000 08:01 271267                     /var/cache/fontconfig/e13b20fdb08344e0e664864cc2ede53d-le64.cache-3
7fe880061000-7fe88006a000 r--s 00000000 08:01 277048                     /var/cache/fontconfig/945677eb7aeaf62f1d50efc3fb3ec7d8-le64.cache-3
7fe88006a000-7fe88006f000 r--s 00000000 08:01 271253                     /var/cache/fontconfig/6eb3985aa4124903f6ff08ba781cd364-le64.cache-3
7fe88006f000-7fe880078000 r--s 00000000 08:01 278568                     /var/cache/fontconfig/6d41288fd70b0be22e8c3a91e032eec0-le64.cache-3
7fe880078000-7fe8800a6000 r--s 00000000 08:01 271260                     /var/cache/fontconfig/365b55f210c0a22e9a19e35191240f32-le64.cache-3
7fe8800a6000-7fe8800a9000 r--s 00000000 08:01 271247                     /var/cache/fontconfig/c57959a16110560c8d0fcea73374aeeb-le64.cache-3
7fe8800a9000-7fe8800ae000 r--s 00000000 08:01 271264                     /var/cache/fontconfig/3047814df9a2f067bd2d96a2b9c36e5a-le64.cache-3
7fe8800ae000-7fe880147000 r-xp 00000000 08:01 264650                     /usr/lib/x86_64-linux-gnu/libfreetype.so.6.8.1
7fe880147000-7fe880346000 ---p 00099000 08:01 264650                     /usr/lib/x86_64-linux-gnu/libfreetype.so.6.8.1
7fe880346000-7fe88034c000 r--p 00098000 08:01 264650                     /usr/lib/x86_64-linux-gnu/libfreetype.so.6.8.1
7fe88034c000-7fe88034d000 rw-p 0009e000 08:01 264650                     /usr/lib/x86_64-linux-gnu/libfreetype.so.6.8.1
7fe88034d000-7fe880395000 r-xp 00000000 08:01 144223                     /usr/lib/jvm/java-6-openjdk-amd64/jre/lib/amd64/libfontmanager.so
7fe880395000-7fe880595000 ---p 00048000 08:01 144223                     /usr/lib/jvm/java-6-openjdk-amd64/jre/lib/amd64/libfontmanager.so
7fe880595000-7fe880598000 rw-p 00048000 08:01 144223                     /usr/lib/jvm/java-6-openjdk-amd64/jre/lib/amd64/libfontmanager.so
7fe880598000-7fe88059d000 r-xp 00000000 08:01 264417                     /usr/lib/x86_64-linux-gnu/libXdmcp.so.6.0.0
7fe88059d000-7fe88079c000 ---p 00005000 08:01 264417                     /usr/lib/x86_64-linux-gnu/libXdmcp.so.6.0.0
7fe88079c000-7fe88079d000 rw-p 00004000 08:01 264417                     /usr/lib/x86_64-linux-gnu/libXdmcp.so.6.0.0
7fe88079d000-7fe88079f000 r-xp 00000000 08:01 264406                     /usr/lib/x86_64-linux-gnu/libXau.so.6.0.0
7fe88079f000-7fe88099f000 ---p 00002000 08:01 264406                     /usr/lib/x86_64-linux-gnu/libXau.so.6.0.0
7fe88099f000-7fe8809a0000 rw-p 00002000 08:01 264406                     /usr/lib/x86_64-linux-gnu/libXau.so.6.0.0
7fe8809a0000-7fe8809bf000 r-xp 00000000 08:01 265852                     /usr/lib/x86_64-linux-gnu/libxcb.so.1.1.0
7fe8809bf000-7fe880bbe000 ---p 0001f000 08:01 265852                     /usr/lib/x86_64-linux-gnu/libxcb.so.1.1.0
7fe880bbe000-7fe880bbf000 r--p 0001e000 08:01 265852                     /usr/lib/x86_64-linux-gnu/libxcb.so.1.1.0
7fe880bbf000-7fe880bc0000 rw-p 0001f000 08:01 265852                     /usr/lib/x86_64-linux-gnu/libxcb.so.1.1.0
7fe880bc0000-7fe880bce000 r-xp 00000000 08:01 265075                     /usr/lib/x86_64-linux-gnu/libXi.so.6.1.0
7fe880bce000-7fe880dce000 ---p 0000e000 08:01 265075                     /usr/lib/x86_64-linux-gnu/libXi.so.6.1.0
7fe880dce000-7fe880dcf000 rw-p 0000e000 08:01 265075                     /usr/lib/x86_64-linux-gnu/libXi.so.6.1.0
7fe880dcf000-7fe880dd4000 r-xp 00000000 08:01 274483                     /usr/lib/x86_64-linux-gnu/libXtst.so.6.1.0
7fe880dd4000-7fe880fd3000 ---p 00005000 08:01 274483                     /usr/lib/x86_64-linux-gnu/libXtst.so.6.1.0
7fe880fd3000-7fe880fd4000 rw-p 00004000 08:01 274483                     /usr/lib/x86_64-linux-gnu/libXtst.so.6.1.0
7fe880fd4000-7fe880fdd000 r-xp 00000000 08:01 264343                     /usr/lib/x86_64-linux-gnu/libXrender.so.1.3.0
7fe880fdd000-7fe8811dc000 ---p 00009000 08:01 264343                     /usr/lib/x86_64-linux-gnu/libXrender.so.1.3.0
7fe8811dc000-7fe8811dd000 rw-p 00008000 08:01 264343                     /usr/lib/x86_64-linux-gnu/libXrender.so.1.3.0
7fe8811dd000-7fe881312000 r-xp 00000000 08:01 265870                     /usr/lib/x86_64-linux-gnu/libX11.so.6.3.0
7fe881312000-7fe881512000 ---p 00135000 08:01 265870                     /usr/lib/x86_64-linux-gnu/libX11.so.6.3.0
7fe881512000-7fe881518000 rw-p 00135000 08:01 265870                     /usr/lib/x86_64-linux-gnu/libX11.so.6.3.0
7fe881518000-7fe881529000 r-xp 00000000 08:01 264595                     /usr/lib/x86_64-linux-gnu/libXext.so.6.4.0
7fe881529000-7fe881729000 ---p 00011000 08:01 264595                     /usr/lib/x86_64-linux-gnu/libXext.so.6.4.0
7fe881729000-7fe88172a000 rw-p 00011000 08:01 264595                     /usr/lib/x86_64-linux-gnu/libXext.so.6.4.0
7fe88172a000-7fe88173b000 r--s 00000000 08:01 271249                     /var/cache/fontconfig/d52a8644073d54c13679302ca1180695-le64.cache-3
7fe88173b000-7fe881742000 r--s 00000000 08:01 271258                     /var/cache/fontconfig/3f7329c5293ffd510edef78f73874cfd-le64.cache-3
7fe881742000-7fe881744000 r--s 00000000 08:01 271267                     /var/cache/fontconfig/e13b20fdb08344e0e664864cc2ede53d-le64.cache-3
7fe881744000-7fe881791000 r-xp 00000000 08:01 144391                     /usr/lib/jvm/java-6-openjdk-amd64/jre/lib/amd64/xawt/libmawt.so
7fe881791000-7fe881990000 ---p 0004d000 08:01 144391                     /usr/lib/jvm/java-6-openjdk-amd64/jre/lib/amd64/xawt/libmawt.so
7fe881990000-7fe881994000 rw-p 0004c000 08:01 144391                     /usr/lib/jvm/java-6-openjdk-amd64/jre/lib/amd64/xawt/libmawt.so
7fe881994000-7fe881995000 rw-p 00000000 00:00 0 
7fe881995000-7fe881a45000 r-xp 00000000 08:01 144230                     /usr/lib/jvm/java-6-openjdk-amd64/jre/lib/amd64/libawt.so
7fe881a45000-7fe881c44000 ---p 000b0000 08:01 144230                     /usr/lib/jvm/java-6-openjdk-amd64/jre/lib/amd64/libawt.so
7fe881c44000-7fe881c50000 rw-p 000af000 08:01 144230                     /usr/lib/jvm/java-6-openjdk-amd64/jre/lib/amd64/libawt.so
7fe881c50000-7fe881c74000 rw-p 00000000 00:00 0 
7fe881c74000-7fe881ce3000 r-xp 00000000 08:01 283042                     /tmp/libgdxnemo9955/b4a54a2/libgdx64.so
7fe881ce3000-7fe881ee2000 ---p 0006f000 08:01 283042                     /tmp/libgdxnemo9955/b4a54a2/libgdx64.so
7fe881ee2000-7fe881ee4000 r--p 0006e000 08:01 283042                     /tmp/libgdxnemo9955/b4a54a2/libgdx64.so
7fe881ee4000-7fe881ee5000 rw-p 00070000 08:01 283042                     /tmp/libgdxnemo9955/b4a54a2/libgdx64.so
7fe881ee5000-7fe881ee6000 rw-p 00000000 00:00 0 
7fe881ee6000-7fe881eed000 r--s 000fc000 08:01 143749                     /usr/lib/jvm/java-6-openjdk-common/jre/lib/resources.jar
7fe881eed000-7fe881eee000 r--s 00127000 08:06 9437307                    /home/nemo9955/CodeStation/proiecte/Garden_Revolution/Garden_Revolution-desktop/libs/gdx-natives.jar
7fe881eee000-7fe881eef000 r--s 00004000 08:06 9437342                    /home/nemo9955/CodeStation/proiecte/Garden_Revolution/Garden_Revolution-desktop/libs/gdx-controllers-desktop.jar
7fe881eef000-7fe881ef0000 r--s 00100000 08:06 9437237                    /home/nemo9955/CodeStation/proiecte/Garden_Revolution/Garden_Revolution-desktop/libs/gdx-controllers-desktop-natives.jar
7fe881ef0000-7fe881f01000 r--s 0012b000 08:06 9437394                    /home/nemo9955/CodeStation/proiecte/Garden_Revolution/Garden_Revolution-desktop/libs/gdx-backend-lwjgl.jar
7fe881f01000-7fe881f08000 r--s 0004c000 08:06 9437312                    /home/nemo9955/CodeStation/proiecte/Garden_Revolution/Garden_Revolution-main/libs/kryonet-2.21-all.jar
7fe881f08000-7fe881f09000 ---p 00000000 00:00 0 
7fe881f09000-7fe882009000 rw-p 00000000 00:00 0 
7fe882009000-7fe88200c000 ---p 00000000 00:00 0 
7fe88200c000-7fe88210a000 rw-p 00000000 00:00 0 
7fe88210a000-7fe88210d000 ---p 00000000 00:00 0 
7fe88210d000-7fe88220b000 rw-p 00000000 00:00 0 
7fe88220b000-7fe88220e000 ---p 00000000 00:00 0 
7fe88220e000-7fe88230c000 rw-p 00000000 00:00 0 
7fe88230c000-7fe88230f000 ---p 00000000 00:00 0 
7fe88230f000-7fe88240d000 rw-p 00000000 00:00 0 
7fe88240d000-7fe882410000 ---p 00000000 00:00 0 
7fe882410000-7fe88250e000 rw-p 00000000 00:00 0 
7fe88250e000-7fe882511000 ---p 00000000 00:00 0 
7fe882511000-7fe88260f000 rw-p 00000000 00:00 0 
7fe88260f000-7fe882613000 r-xp 00000000 08:01 144238                     /usr/lib/jvm/java-6-openjdk-amd64/jre/lib/amd64/libdt_socket.so
7fe882613000-7fe882812000 ---p 00004000 08:01 144238                     /usr/lib/jvm/java-6-openjdk-amd64/jre/lib/amd64/libdt_socket.so
7fe882812000-7fe882813000 rw-p 00003000 08:01 144238                     /usr/lib/jvm/java-6-openjdk-amd64/jre/lib/amd64/libdt_socket.so
7fe882813000-7fe882816000 ---p 00000000 00:00 0 
7fe882816000-7fe882914000 rw-p 00000000 00:00 0 
7fe882914000-7fe882917000 ---p 00000000 00:00 0 
7fe882917000-7fe882a15000 rw-p 00000000 00:00 0 
7fe882a15000-7fe882a18000 ---p 00000000 00:00 0 
7fe882a18000-7fe882b16000 rw-p 00000000 00:00 0 
7fe882b16000-7fe882b17000 ---p 00000000 00:00 0 
7fe882b17000-7fe882f4d000 rw-p 00000000 00:00 0 
7fe882f4d000-7fe8830e1000 r--s 03807000 08:01 144270                     /usr/lib/jvm/java-6-openjdk-amd64/jre/lib/rt.jar
7fe8830e1000-7fe883109000 rw-p 00000000 00:00 0 
7fe883109000-7fe88310a000 ---p 00000000 00:00 0 
7fe88310a000-7fe88320a000 rw-p 00000000 00:00 0 
7fe88320a000-7fe88320b000 ---p 00000000 00:00 0 
7fe88320b000-7fe883316000 rw-p 00000000 00:00 0 
7fe883316000-7fe88335e000 rw-p 00000000 00:00 0 
7fe88335e000-7fe88336f000 rw-p 00000000 00:00 0 
7fe88336f000-7fe88346a000 rw-p 00000000 00:00 0 
7fe88346a000-7fe883475000 rw-p 00000000 00:00 0 
7fe883475000-7fe8834bd000 rw-p 00000000 00:00 0 
7fe8834bd000-7fe8834ce000 rw-p 00000000 00:00 0 
7fe8834ce000-7fe8835c9000 rw-p 00000000 00:00 0 
7fe8835c9000-7fe8835d2000 rw-p 00000000 00:00 0 
7fe8835d2000-7fe88364f000 rw-p 00000000 00:00 0 
7fe88364f000-7fe883650000 rw-p 00000000 00:00 0 
7fe883650000-7fe8838c0000 rwxp 00000000 00:00 0 
7fe8838c0000-7fe886650000 rw-p 00000000 00:00 0 
7fe886650000-7fe886657000 r-xp 00000000 08:01 144259                     /usr/lib/jvm/java-6-openjdk-amd64/jre/lib/amd64/libzip.so
7fe886657000-7fe886856000 ---p 00007000 08:01 144259                     /usr/lib/jvm/java-6-openjdk-amd64/jre/lib/amd64/libzip.so
7fe886856000-7fe886857000 rw-p 00006000 08:01 144259                     /usr/lib/jvm/java-6-openjdk-amd64/jre/lib/amd64/libzip.so
7fe886857000-7fe886862000 r-xp 00000000 08:01 916446                     /lib/x86_64-linux-gnu/libnss_files-2.13.so
7fe886862000-7fe886a61000 ---p 0000b000 08:01 916446                     /lib/x86_64-linux-gnu/libnss_files-2.13.so
7fe886a61000-7fe886a62000 r--p 0000a000 08:01 916446                     /lib/x86_64-linux-gnu/libnss_files-2.13.so
7fe886a62000-7fe886a63000 rw-p 0000b000 08:01 916446                     /lib/x86_64-linux-gnu/libnss_files-2.13.so
7fe886a63000-7fe886a6d000 r-xp 00000000 08:01 916442                     /lib/x86_64-linux-gnu/libnss_nis-2.13.so
7fe886a6d000-7fe886c6c000 ---p 0000a000 08:01 916442                     /lib/x86_64-linux-gnu/libnss_nis-2.13.so
7fe886c6c000-7fe886c6d000 r--p 00009000 08:01 916442                     /lib/x86_64-linux-gnu/libnss_nis-2.13.so
7fe886c6d000-7fe886c6e000 rw-p 0000a000 08:01 916442                     /lib/x86_64-linux-gnu/libnss_nis-2.13.so
7fe886c6e000-7fe886c75000 r-xp 00000000 08:01 916435                     /lib/x86_64-linux-gnu/libnss_compat-2.13.so
7fe886c75000-7fe886e74000 ---p 00007000 08:01 916435                     /lib/x86_64-linux-gnu/libnss_compat-2.13.so
7fe886e74000-7fe886e75000 r--p 00006000 08:01 916435                     /lib/x86_64-linux-gnu/libnss_compat-2.13.so
7fe886e75000-7fe886e76000 rw-p 00007000 08:01 916435                     /lib/x86_64-linux-gnu/libnss_compat-2.13.so
7fe886e76000-7fe886fed000 r--p 00000000 08:01 139605                     /usr/lib/locale/locale-archive
7fe886fed000-7fe886ff0000 r-xp 00000000 08:01 144258                     /usr/lib/jvm/java-6-openjdk-amd64/jre/lib/amd64/libnpt.so
7fe886ff0000-7fe8871ef000 ---p 00003000 08:01 144258                     /usr/lib/jvm/java-6-openjdk-amd64/jre/lib/amd64/libnpt.so
7fe8871ef000-7fe8871f0000 rw-p 00002000 08:01 144258                     /usr/lib/jvm/java-6-openjdk-amd64/jre/lib/amd64/libnpt.so
7fe8871f0000-7fe88722a000 r-xp 00000000 08:01 144255                     /usr/lib/jvm/java-6-openjdk-amd64/jre/lib/amd64/libjdwp.so
7fe88722a000-7fe887429000 ---p 0003a000 08:01 144255                     /usr/lib/jvm/java-6-openjdk-amd64/jre/lib/amd64/libjdwp.so
7fe887429000-7fe88742a000 rw-p 00039000 08:01 144255                     /usr/lib/jvm/java-6-openjdk-amd64/jre/lib/amd64/libjdwp.so
7fe88742a000-7fe88742b000 rw-p 00000000 00:00 0 
7fe88742b000-7fe887440000 r-xp 00000000 08:01 916440                     /lib/x86_64-linux-gnu/libnsl-2.13.so
7fe887440000-7fe88763f000 ---p 00015000 08:01 916440                     /lib/x86_64-linux-gnu/libnsl-2.13.so
7fe88763f000-7fe887640000 r--p 00014000 08:01 916440                     /lib/x86_64-linux-gnu/libnsl-2.13.so
7fe887640000-7fe887641000 rw-p 00015000 08:01 916440                     /lib/x86_64-linux-gnu/libnsl-2.13.so
7fe887641000-7fe887643000 rw-p 00000000 00:00 0 
7fe887643000-7fe887671000 r-xp 00000000 08:01 144245                     /usr/lib/jvm/java-6-openjdk-amd64/jre/lib/amd64/libjava.so
7fe887671000-7fe887870000 ---p 0002e000 08:01 144245                     /usr/lib/jvm/java-6-openjdk-amd64/jre/lib/amd64/libjava.so
7fe887870000-7fe887874000 rw-p 0002d000 08:01 144245                     /usr/lib/jvm/java-6-openjdk-amd64/jre/lib/amd64/libjava.so
7fe887874000-7fe887883000 r-xp 00000000 08:01 144228                     /usr/lib/jvm/java-6-openjdk-amd64/jre/lib/amd64/libverify.so
7fe887883000-7fe887a82000 ---p 0000f000 08:01 144228                     /usr/lib/jvm/java-6-openjdk-amd64/jre/lib/amd64/libverify.so
7fe887a82000-7fe887a84000 rw-p 0000e000 08:01 144228                     /usr/lib/jvm/java-6-openjdk-amd64/jre/lib/amd64/libverify.so
7fe887a84000-7fe887a8b000 r-xp 00000000 08:01 916450                     /lib/x86_64-linux-gnu/librt-2.13.so
7fe887a8b000-7fe887c8a000 ---p 00007000 08:01 916450                     /lib/x86_64-linux-gnu/librt-2.13.so
7fe887c8a000-7fe887c8b000 r--p 00006000 08:01 916450                     /lib/x86_64-linux-gnu/librt-2.13.so
7fe887c8b000-7fe887c8c000 rw-p 00007000 08:01 916450                     /lib/x86_64-linux-gnu/librt-2.13.so
7fe887c8c000-7fe887ca1000 r-xp 00000000 08:01 916059                     /lib/x86_64-linux-gnu/libgcc_s.so.1
7fe887ca1000-7fe887ea1000 ---p 00015000 08:01 916059                     /lib/x86_64-linux-gnu/libgcc_s.so.1
7fe887ea1000-7fe887ea2000 rw-p 00015000 08:01 916059                     /lib/x86_64-linux-gnu/libgcc_s.so.1
7fe887ea2000-7fe887f23000 r-xp 00000000 08:01 916437                     /lib/x86_64-linux-gnu/libm-2.13.so
7fe887f23000-7fe888122000 ---p 00081000 08:01 916437                     /lib/x86_64-linux-gnu/libm-2.13.so
7fe888122000-7fe888123000 r--p 00080000 08:01 916437                     /lib/x86_64-linux-gnu/libm-2.13.so
7fe888123000-7fe888124000 rw-p 00081000 08:01 916437                     /lib/x86_64-linux-gnu/libm-2.13.so
7fe888124000-7fe88820c000 r-xp 00000000 08:01 265105                     /usr/lib/x86_64-linux-gnu/libstdc++.so.6.0.17
7fe88820c000-7fe88840c000 ---p 000e8000 08:01 265105                     /usr/lib/x86_64-linux-gnu/libstdc++.so.6.0.17
7fe88840c000-7fe888414000 r--p 000e8000 08:01 265105                     /usr/lib/x86_64-linux-gnu/libstdc++.so.6.0.17
7fe888414000-7fe888416000 rw-p 000f0000 08:01 265105                     /usr/lib/x86_64-linux-gnu/libstdc++.so.6.0.17
7fe888416000-7fe88842b000 rw-p 00000000 00:00 0 
7fe88842b000-7fe888d3f000 r-xp 00000000 08:01 144235                     /usr/lib/jvm/java-6-openjdk-amd64/jre/lib/amd64/server/libjvm.so
7fe888d3f000-7fe888f3e000 ---p 00914000 08:01 144235                     /usr/lib/jvm/java-6-openjdk-amd64/jre/lib/amd64/server/libjvm.so
7fe888f3e000-7fe888fda000 rw-p 00913000 08:01 144235                     /usr/lib/jvm/java-6-openjdk-amd64/jre/lib/amd64/server/libjvm.so
7fe888fda000-7fe889003000 rw-p 00000000 00:00 0 
7fe889003000-7fe889185000 r-xp 00000000 08:01 916430                     /lib/x86_64-linux-gnu/libc-2.13.so
7fe889185000-7fe889384000 ---p 00182000 08:01 916430                     /lib/x86_64-linux-gnu/libc-2.13.so
7fe889384000-7fe889388000 r--p 00181000 08:01 916430                     /lib/x86_64-linux-gnu/libc-2.13.so
7fe889388000-7fe889389000 rw-p 00185000 08:01 916430                     /lib/x86_64-linux-gnu/libc-2.13.so
7fe889389000-7fe88938e000 rw-p 00000000 00:00 0 
7fe88938e000-7fe889390000 r-xp 00000000 08:01 916444                     /lib/x86_64-linux-gnu/libdl-2.13.so
7fe889390000-7fe889590000 ---p 00002000 08:01 916444                     /lib/x86_64-linux-gnu/libdl-2.13.so
7fe889590000-7fe889591000 r--p 00002000 08:01 916444                     /lib/x86_64-linux-gnu/libdl-2.13.so
7fe889591000-7fe889592000 rw-p 00003000 08:01 916444                     /lib/x86_64-linux-gnu/libdl-2.13.so
7fe889592000-7fe889596000 r-xp 00000000 08:01 144232                     /usr/lib/jvm/java-6-openjdk-amd64/jre/lib/amd64/jli/libjli.so
7fe889596000-7fe889795000 ---p 00004000 08:01 144232                     /usr/lib/jvm/java-6-openjdk-amd64/jre/lib/amd64/jli/libjli.so
7fe889795000-7fe889796000 rw-p 00003000 08:01 144232                     /usr/lib/jvm/java-6-openjdk-amd64/jre/lib/amd64/jli/libjli.so
7fe889796000-7fe8897ad000 r-xp 00000000 08:01 916448                     /lib/x86_64-linux-gnu/libpthread-2.13.so
7fe8897ad000-7fe8899ac000 ---p 00017000 08:01 916448                     /lib/x86_64-linux-gnu/libpthread-2.13.so
7fe8899ac000-7fe8899ad000 r--p 00016000 08:01 916448                     /lib/x86_64-linux-gnu/libpthread-2.13.so
7fe8899ad000-7fe8899ae000 rw-p 00017000 08:01 916448                     /lib/x86_64-linux-gnu/libpthread-2.13.so
7fe8899ae000-7fe8899b2000 rw-p 00000000 00:00 0 
7fe8899b2000-7fe8899c8000 r-xp 00000000 08:01 916168                     /lib/x86_64-linux-gnu/libz.so.1.2.7
7fe8899c8000-7fe889bc7000 ---p 00016000 08:01 916168                     /lib/x86_64-linux-gnu/libz.so.1.2.7
7fe889bc7000-7fe889bc8000 r--p 00015000 08:01 916168                     /lib/x86_64-linux-gnu/libz.so.1.2.7
7fe889bc8000-7fe889bc9000 rw-p 00016000 08:01 916168                     /lib/x86_64-linux-gnu/libz.so.1.2.7
7fe889bc9000-7fe889be9000 r-xp 00000000 08:01 32                         /lib64/ld-2.13.so
7fe889be9000-7fe889beb000 r--s 001a1000 08:06 9437380                    /home/nemo9955/CodeStation/proiecte/Garden_Revolution/Garden_Revolution-desktop/libs/gdx-backend-lwjgl-natives.jar
7fe889beb000-7fe889bee000 r--s 0000b000 08:06 9437369                    /home/nemo9955/CodeStation/proiecte/Garden_Revolution/Garden_Revolution-main/libs/tween-engine-api.jar
7fe889bee000-7fe889bf1000 r--s 0007f000 08:01 143741                     /usr/lib/jvm/java-6-openjdk-common/jre/lib/jsse.jar
7fe889bf1000-7fe889c07000 r--s 00157000 08:06 9437270                    /home/nemo9955/CodeStation/proiecte/Garden_Revolution/Garden_Revolution-main/libs/gdx.jar
7fe889c07000-7fe889c11000 rw-p 00000000 00:00 0 
7fe889c11000-7fe889cc7000 rw-p 00000000 00:00 0 
7fe889cc7000-7fe889cca000 ---p 00000000 00:00 0 
7fe889cca000-7fe889dcd000 rw-p 00000000 00:00 0 
7fe889dcd000-7fe889dce000 r--s 00002000 08:06 9437214                    /home/nemo9955/CodeStation/proiecte/Garden_Revolution/Garden_Revolution-main/libs/gdx-controllers.jar
7fe889dce000-7fe889dd2000 r--s 00039000 08:01 143733                     /usr/lib/jvm/java-6-openjdk-common/jre/lib/ext/sunpkcs11.jar
7fe889dd2000-7fe889dd4000 r--s 0000f000 08:01 143734                     /usr/lib/jvm/java-6-openjdk-common/jre/lib/ext/pulse-java.jar
7fe889dd4000-7fe889dd7000 r--s 00031000 08:01 143736                     /usr/lib/jvm/java-6-openjdk-common/jre/lib/ext/sunjce_provider.jar
7fe889dd7000-7fe889dda000 r--s 00077000 08:01 143735                     /usr/lib/jvm/java-6-openjdk-common/jre/lib/ext/localedata.jar
7fe889dda000-7fe889ddc000 r--s 00001000 08:01 143737                     /usr/lib/jvm/java-6-openjdk-common/jre/lib/ext/dnsns.jar
7fe889ddc000-7fe889ddd000 r--s 00007000 08:01 916596                     /usr/share/java/java-atk-wrapper.jar
7fe889ddd000-7fe889de5000 rw-s 00000000 08:01 283056                     /tmp/hsperfdata_nemo9955/11660
7fe889de5000-7fe889de6000 rw-p 00000000 00:00 0 
7fe889de6000-7fe889de7000 r--p 00000000 00:00 0 
7fe889de7000-7fe889de8000 rw-p 00000000 00:00 0 
7fe889de8000-7fe889de9000 r--p 0001f000 08:01 32                         /lib64/ld-2.13.so
7fe889de9000-7fe889dea000 rw-p 00020000 08:01 32                         /lib64/ld-2.13.so
7fe889dea000-7fe889deb000 rw-p 00000000 00:00 0 
7fff1ad42000-7fff1ad63000 rw-p 00000000 00:00 0                          [stack]
7fff1adff000-7fff1ae00000 r-xp 00000000 00:00 0                          [vdso]
ffffffffff600000-ffffffffff601000 r-xp 00000000 00:00 0                  [vsyscall]

VM Arguments:
jvm_args: -agentlib:jdwp=transport=dt_socket,suspend=y,address=localhost:35834 -Dfile.encoding=UTF-8 
java_command: com.nemo9955.garden_revolution.Main
Launcher Type: SUN_STANDARD

Environment Variables:
PATH=/home/nemo9955/bin:/usr/sbin:/sbin:/usr/local/bin:/usr/bin:/bin:/usr/local/games:/usr/games
LD_LIBRARY_PATH=/usr/lib/jvm/java-6-openjdk-amd64/jre/lib/amd64/server:/usr/lib/jvm/java-6-openjdk-amd64/jre/lib/amd64:/usr/lib/jvm/java-6-openjdk-amd64/jre/../lib/amd64
SHELL=/bin/bash
DISPLAY=:0.0

Signal Handlers:
SIGSEGV: [libjvm.so+0x791b10], sa_mask[0]=0x7ffbfeff, sa_flags=0x10000004
SIGBUS: [libjvm.so+0x791b10], sa_mask[0]=0x7ffbfeff, sa_flags=0x10000004
SIGFPE: [libjvm.so+0x65ace0], sa_mask[0]=0x7ffbfeff, sa_flags=0x10000004
SIGPIPE: [libjvm.so+0x65ace0], sa_mask[0]=0x7ffbfeff, sa_flags=0x10000004
SIGXFSZ: [libjvm.so+0x65ace0], sa_mask[0]=0x7ffbfeff, sa_flags=0x10000004
SIGILL: [libjvm.so+0x65ace0], sa_mask[0]=0x7ffbfeff, sa_flags=0x10000004
SIGUSR1: SIG_DFL, sa_mask[0]=0x00000000, sa_flags=0x00000000
SIGUSR2: [libjvm.so+0x65aec0], sa_mask[0]=0x00000004, sa_flags=0x10000004
SIGHUP: [libjvm.so+0x65d500], sa_mask[0]=0x7ffbfeff, sa_flags=0x10000004
SIGINT: [libjvm.so+0x65d500], sa_mask[0]=0x7ffbfeff, sa_flags=0x10000004
SIGTERM: [libjvm.so+0x65d500], sa_mask[0]=0x7ffbfeff, sa_flags=0x10000004
SIGQUIT: [libjvm.so+0x65d500], sa_mask[0]=0x7ffbfeff, sa_flags=0x10000004


---------------  S Y S T E M  ---------------

OS:7.3

uname:Linux 3.2.0-4-amd64 #1 SMP Debian 3.2.51-1 x86_64
libc:glibc 2.13 NPTL 2.13 
rlimit: STACK 8192k, CORE 0k, NPROC 25587, NOFILE 4096, AS infinity
load average:0.62 0.56 0.57

/proc/meminfo:
MemTotal:        3287396 kB
MemFree:          292032 kB
Buffers:           21844 kB
Cached:           400080 kB
SwapCached:         4436 kB
Active:          2192096 kB
Inactive:         631380 kB
Active(anon):    1979340 kB
Inactive(anon):   436532 kB
Active(file):     212756 kB
Inactive(file):   194848 kB
Unevictable:           0 kB
Mlocked:               0 kB
SwapTotal:       3025916 kB
SwapFree:        2932724 kB
Dirty:               656 kB
Writeback:             0 kB
AnonPages:       2397400 kB
Mapped:           144764 kB
Shmem:             14364 kB
Slab:              71296 kB
SReclaimable:      41780 kB
SUnreclaim:        29516 kB
KernelStack:        4472 kB
PageTables:        29900 kB
NFS_Unstable:          0 kB
Bounce:                0 kB
WritebackTmp:          0 kB
CommitLimit:     4669612 kB
Committed_AS:    5058296 kB
VmallocTotal:   34359738367 kB
VmallocUsed:      321804 kB
VmallocChunk:   34359414004 kB
HardwareCorrupted:     0 kB
AnonHugePages:         0 kB
HugePages_Total:       0
HugePages_Free:        0
HugePages_Rsvd:        0
HugePages_Surp:        0
Hugepagesize:       2048 kB
DirectMap4k:      149184 kB
DirectMap2M:     3192832 kB


CPU:total 2 (2 cores per cpu, 1 threads per core) family 6 model 23 stepping 10, cmov, cx8, fxsr, mmx, sse, sse2, sse3, ssse3, sse4.1

Memory: 4k page, physical 3287396k(292032k free), swap 3025916k(2932724k free)

vm_info: OpenJDK 64-Bit Server VM (20.0-b12) for linux-amd64 JRE (1.6.0_27-b27), built on Jul 12 2013 09:04:12 by "jmm" with gcc 4.7.2

time: Sun Feb 23 23:33:13 2014
elapsed time: 642 seconds

