#
# A fatal error has been detected by the Java Runtime Environment:
#
#  SIGBUS (0x7) at pc=0x00007f176a2c9c60, pid=5046, tid=139738415683328
#
# JRE version: 6.0_27-b27
# Java VM: OpenJDK 64-Bit Server VM (20.0-b12 mixed mode linux-amd64 compressed oops)
# Derivative: IcedTea6 1.12.6
# Distribution: Debian GNU/Linux 7.1 (wheezy), package 6b27-1.12.6-1~deb7u1
# Problematic frame:
# 
[error occurred during error reporting (printing problematic frame), id 0x7]

# If you would like to submit a bug report, please include
# instructions how to reproduce the bug and visit:
#   http://icedtea.classpath.org/bugzilla
# The crash happened outside the Java Virtual Machine in native code.
# See problematic frame for where to report the bug.
#

---------------  T H R E A D  ---------------

Current thread (0x00007f176c179800):  JavaThread "LWJGL Application" [_thread_in_native, id=5093, stack(0x00007f176290d000,0x00007f1762a0e000)]

siginfo:si_signo=SIGBUS: si_errno=0, si_code=2 (BUS_ADRERR), si_addr=0x00007f176a2c9c60

Registers:
RAX=0x00000000c3e54920, RBX=0x00000000c3e54920, RCX=0x00000000c3eaa818, RDX=0x00007f177244c8da
RSP=0x00007f1762a0c758, RBP=0x00007f1762a0c7a0, RSI=0x00007f1762a0c790, RDI=0x00007f176c1799d0
R8 =0x0000000000000001, R9 =0x0000000000000001, R10=0x00007f177250999e, R11=0x00007f17725096a0
R12=0x0000000000000000, R13=0x00007f1762a0c7d8, R14=0x00007f1762a0c790, R15=0x00007f176c179800
RIP=0x00007f176a2c9c60, EFLAGS=0x0000000000010246, CSGSFS=0x0000000000000033, ERR=0x0000000000000014
  TRAPNO=0x000000000000000e

Top of Stack: (sp=0x00007f1762a0c758)
0x00007f1762a0c758:   00007f1772509a0c 00007f1772459298
0x00007f1762a0c768:   00000000f034f240 0000000000000011
0x00007f1762a0c778:   0000000000000000 00007f1762a0c770
0x00007f1762a0c788:   00000000c3e5f647 00000000c3e5ed48
0x00007f1762a0c798:   00000000c3e90b38 00007f1762a0c828
0x00007f1762a0c7a8:   00007f17725096b4 0000000000000000
0x00007f1762a0c7b8:   00007f1762a0c7d0 00007f1762a0c828
0x00007f1762a0c7c8:   00007f177244c8da 00007f177244c8da
0x00007f1762a0c7d8:   0000003219762f11 00000000f034f1e0
0x00007f1762a0c7e8:   00007f1762a0c7d8 00000000c3ea9559
0x00007f1762a0c7f8:   00007f1762a0c870 00000000c3eaa818
0x00007f1762a0c808:   00000000c4336910 00000000c3ea95c8
0x00007f1762a0c818:   00007f1762a0c7d8 00007f1762a0c870
0x00007f1762a0c828:   00007f1762a0c8b8 00007f177244cdb4
0x00007f1762a0c838:   0000000000000000 0000000000000000
0x00007f1762a0c848:   0000000000000000 00000000f034f260
0x00007f1762a0c858:   00000000f034f240 00000000f034f1e0
0x00007f1762a0c868:   00000000f034f1e0 00000000f037c5b0
0x00007f1762a0c878:   00007f1762a0c878 00000000c3ea61a3
0x00007f1762a0c888:   00007f1762a0c8c0 00000000c3ea7e00
0x00007f1762a0c898:   00000000c4336738 00000000c3ea61b8
0x00007f1762a0c8a8:   00007f1762a0c870 00007f1762a0c8c8
0x00007f1762a0c8b8:   00007f1762a0c908 00007f177244c8da
0x00007f1762a0c8c8:   00007f1762a0c8c8 00000000c3e48e48
0x00007f1762a0c8d8:   00007f1762a0c918 00000000c3e905a8
0x00007f1762a0c8e8:   00000000c4336670 00000000c3e48e68
0x00007f1762a0c8f8:   00007f1762a0c8c8 00007f1762a0c918
0x00007f1762a0c908:   00007f1762a0c970 00007f177244cdb4
0x00007f1762a0c918:   00000000f0379738 0000000000000000
0x00007f1762a0c928:   00000000f0378d78 00007f1762a0c920
0x00007f1762a0c938:   00000000c3e3a047 00007f1762a0c988
0x00007f1762a0c948:   00000000c3e4b828 00000000c43365b8 

Instructions: (pc=0x00007f176a2c9c60)
0x00007f176a2c9c40:   
[error occurred during error reporting (printing registers, top of stack, instructions near pc), id 0x7]

Register to memory mapping:

RAX=0x00000000c3e54920 is an oop
{method} 
 - klass: {other class}
RBX=0x00000000c3e54920 is an oop
{method} 
 - klass: {other class}
RCX=0x00000000c3eaa818 is an oop
{constant pool cache} 
 - klass: {other class}
RDX=0x00007f177244c8da is an Interpreter codelet
return entry points  [0x00007f177244c1c0, 0x00007f177244d780]  5568 bytes
RSP=0x00007f1762a0c758 is pointing into the stack for thread: 0x00007f176c179800
RBP=0x00007f1762a0c7a0 is pointing into the stack for thread: 0x00007f176c179800
RSI=0x00007f1762a0c790 is pointing into the stack for thread: 0x00007f176c179800
RDI=0x00007f176c1799d0 is an unknown value
R8 =0x0000000000000001 is an unknown value
R9 =0x0000000000000001 is an unknown value
R10=0x00007f17725097d0 [CodeBlob (0x00007f17725097d0)]
Framesize: 10
R11=0x00007f1772509550 [CodeBlob (0x00007f1772509550)]
Framesize: 4
R12=0x0000000000000000 is an unknown value
R13=0x00007f1762a0c7d8 is pointing into the stack for thread: 0x00007f176c179800
R14=0x00007f1762a0c790 is pointing into the stack for thread: 0x00007f176c179800
R15=0x00007f176c179800 is a thread


Stack: [0x00007f176290d000,0x00007f1762a0e000],  sp=0x00007f1762a0c758,  free space=1021k
Native frames: (J=compiled Java code, j=interpreted, Vv=VM code, C=native code)

[error occurred during error reporting (printing native stack), id 0x7]

Java frames: (J=compiled Java code, j=interpreted, Vv=VM code)
J  org.lwjgl.opengl.LinuxDisplay.nUnlockAWT()V
J  org.lwjgl.opengl.LinuxDisplay.unlockAWT()V
j  org.lwjgl.opengl.LinuxContextImplementation.swapBuffers()V+57
j  org.lwjgl.opengl.ContextGL.swapBuffers()V+3
j  org.lwjgl.opengl.DrawableGL.swapBuffers()V+0
j  org.lwjgl.opengl.Display.swapBuffers()V+39
j  org.lwjgl.opengl.Display.update(Z)V+44
j  com.badlogic.gdx.backends.lwjgl.LwjglApplication.mainLoop()V+648
j  com.badlogic.gdx.backends.lwjgl.LwjglApplication$1.run()V+27
v  ~StubRoutines::call_stub

---------------  P R O C E S S  ---------------

Java Threads: ( => current thread )
  0x00007f176c758000 JavaThread "AsynchExecutor-Thread" daemon [_thread_blocked, id=5098, stack(0x00007f176280c000,0x00007f176290d000)]
  0x00007f176c152000 JavaThread "DestroyJavaVM" [_thread_blocked, id=5048, stack(0x00007f1778abe000,0x00007f1778bbf000)]
=>0x00007f176c179800 JavaThread "LWJGL Application" [_thread_in_native, id=5093, stack(0x00007f176290d000,0x00007f1762a0e000)]
  0x00007f176c113000 JavaThread "AWT-XAWT" daemon [_thread_in_native, id=5089, stack(0x00007f176aa00000,0x00007f176ab01000)]
  0x00007f176c0a2800 JavaThread "Java2D Disposer" daemon [_thread_blocked, id=5088, stack(0x00007f1770005000,0x00007f1770106000)]
  0x0000000000a34800 JavaThread "Low Memory Detector" daemon [_thread_blocked, id=5070, stack(0x00007f1770e00000,0x00007f1770f01000)]
  0x0000000000a2f800 JavaThread "C2 CompilerThread1" daemon [_thread_blocked, id=5069, stack(0x00007f1770f01000,0x00007f1771002000)]
  0x0000000000a2c000 JavaThread "C2 CompilerThread0" daemon [_thread_blocked, id=5068, stack(0x00007f1771002000,0x00007f1771103000)]
  0x0000000000a1e800 JavaThread "JDWP Command Reader" daemon [_thread_in_native, id=5064, stack(0x00007f1771103000,0x00007f1771204000)]
  0x0000000000a1c800 JavaThread "JDWP Event Helper Thread" daemon [_thread_blocked, id=5063, stack(0x00007f1771204000,0x00007f1771305000)]
  0x0000000000a19000 JavaThread "JDWP Transport Listener: dt_socket" daemon [_thread_blocked, id=5060, stack(0x00007f1771305000,0x00007f1771406000)]
  0x0000000000a0b000 JavaThread "Signal Dispatcher" daemon [_thread_blocked, id=5058, stack(0x00007f177160a000,0x00007f177170b000)]
  0x00000000009e7800 JavaThread "Finalizer" daemon [_thread_blocked, id=5057, stack(0x00007f177170b000,0x00007f177180c000)]
  0x00000000009e5800 JavaThread "Reference Handler" daemon [_thread_blocked, id=5056, stack(0x00007f177180c000,0x00007f177190d000)]

Other Threads:
  0x00000000009e0800 VMThread [stack: 0x00007f177190d000,0x00007f1771a0e000] [id=5055]
  0x0000000000a37800 WatcherThread [stack: 0x00007f1770cff000,0x00007f1770e00000] [id=5071]

VM state:not at safepoint (normal execution)

VM Mutex/Monitor currently owned by a thread: None

Heap
 PSYoungGen      total 14976K, used 8872K [0x00000000ef400000, 0x00000000f04b0000, 0x0000000100000000)
  eden space 12864K, 60% used [0x00000000ef400000,0x00000000efb8b0f0,0x00000000f0090000)
  from space 2112K, 54% used [0x00000000f02a0000,0x00000000f03bf140,0x00000000f04b0000)
  to   space 2112K, 0% used [0x00000000f0090000,0x00000000f0090000,0x00000000f02a0000)
 PSOldGen        total 34304K, used 0K [0x00000000cdc00000, 0x00000000cfd80000, 0x00000000ef400000)
  object space 34304K, 0% used [0x00000000cdc00000,0x00000000cdc00000,0x00000000cfd80000)
 PSPermGen       total 21248K, used 14041K [0x00000000c3600000, 0x00000000c4ac0000, 0x00000000cdc00000)
  object space 21248K, 66% used [0x00000000c3600000,0x00000000c43b66d0,0x00000000c4ac0000)

Code Cache  [0x00007f1772447000, 0x00007f17726b7000, 0x00007f1775447000)
 total_blobs=804 nmethods=278 adapters=488 free_code_cache=49184640 largest_free_block=6528

Dynamic libraries:
00400000-00409000 r-xp 00000000 08:01 144298                             /usr/lib/jvm/java-6-openjdk-amd64/jre/bin/java
00608000-00609000 rw-p 00008000 08:01 144298                             /usr/lib/jvm/java-6-openjdk-amd64/jre/bin/java
0096d000-01e74000 rw-p 00000000 00:00 0                                  [heap]
40534000-405b2000 rw-p 00000000 00:00 0 
410dd000-410df000 r-xs 00000000 08:01 263726                             /tmp/gl1OXRYm (deleted)
c3600000-c4ac0000 rw-p 00000000 00:00 0 
c4ac0000-cdc00000 rw-p 00000000 00:00 0 
cdc00000-cfd80000 rw-p 00000000 00:00 0 
cfd80000-ef400000 rw-p 00000000 00:00 0 
ef400000-f04b0000 rw-p 00000000 00:00 0 
f04b0000-100000000 rw-p 00000000 00:00 0 
7f175ecc7000-7f175ecea000 r-xp 00000000 08:01 551347                     /tmp/libgdxnemo9955/b97b1fcd/libgdx-controllers-desktop64.so
7f175ecea000-7f175eeea000 ---p 00023000 08:01 551347                     /tmp/libgdxnemo9955/b97b1fcd/libgdx-controllers-desktop64.so
7f175eeea000-7f175eeeb000 r--p 00023000 08:01 551347                     /tmp/libgdxnemo9955/b97b1fcd/libgdx-controllers-desktop64.so
7f175eeeb000-7f175eeec000 rw-p 00024000 08:01 551347                     /tmp/libgdxnemo9955/b97b1fcd/libgdx-controllers-desktop64.so
7f175eeec000-7f175ef01000 r-xp 00000000 08:01 144247                     /usr/lib/jvm/java-6-openjdk-amd64/jre/lib/amd64/libnet.so
7f175ef01000-7f175f100000 ---p 00015000 08:01 144247                     /usr/lib/jvm/java-6-openjdk-amd64/jre/lib/amd64/libnet.so
7f175f100000-7f175f101000 rw-p 00014000 08:01 144247                     /usr/lib/jvm/java-6-openjdk-amd64/jre/lib/amd64/libnet.so
7f175f101000-7f175f501000 rw-s 02858000 00:05 5680                       /dev/nvidia0
7f175f501000-7f175f901000 rw-s 043f7000 00:05 5680                       /dev/nvidia0
7f175f901000-7f175fb01000 rw-s 3ec61000 00:05 5680                       /dev/nvidia0
7f175fb01000-7f175fd01000 rw-s 03baa000 00:05 5680                       /dev/nvidia0
7f175fd01000-7f175fe01000 rw-s 69200000 00:05 5680                       /dev/nvidia0
7f175fe01000-7f175fe41000 rw-s 78f9b000 00:05 5680                       /dev/nvidia0
7f175fe41000-7f175feb5000 rw-p 00000000 00:00 0 
7f175ff02000-7f17618d2000 r-xp 00000000 08:01 282961                     /usr/lib/x86_64-linux-gnu/libnvidia-glcore.so.304.88
7f17618d2000-7f1761ad1000 ---p 019d0000 08:01 282961                     /usr/lib/x86_64-linux-gnu/libnvidia-glcore.so.304.88
7f1761ad1000-7f17622d2000 rwxp 019cf000 08:01 282961                     /usr/lib/x86_64-linux-gnu/libnvidia-glcore.so.304.88
7f17622d2000-7f17622ec000 rwxp 00000000 00:00 0 
7f17622ec000-7f17622ef000 r-xp 00000000 08:01 551171                     /usr/lib/x86_64-linux-gnu/tls/libnvidia-tls.so.304.88
7f17622ef000-7f17624ee000 ---p 00003000 08:01 551171                     /usr/lib/x86_64-linux-gnu/tls/libnvidia-tls.so.304.88
7f17624ee000-7f17624ef000 rw-p 00002000 08:01 551171                     /usr/lib/x86_64-linux-gnu/tls/libnvidia-tls.so.304.88
7f17624ef000-7f17625b9000 r-xp 00000000 08:01 678444                     /usr/lib/x86_64-linux-gnu/nvidia/current/libGL.so.304.88
7f17625b9000-7f17627b9000 ---p 000ca000 08:01 678444                     /usr/lib/x86_64-linux-gnu/nvidia/current/libGL.so.304.88
7f17627b9000-7f17627f6000 rwxp 000ca000 08:01 678444                     /usr/lib/x86_64-linux-gnu/nvidia/current/libGL.so.304.88
7f17627f6000-7f176280c000 rwxp 00000000 00:00 0 
7f176280c000-7f176280f000 ---p 00000000 00:00 0 
7f176280f000-7f176290d000 rw-p 00000000 00:00 0 
7f176290d000-7f1762910000 ---p 00000000 00:00 0 
7f1762910000-7f1762a0e000 rw-p 00000000 00:00 0 
7f1762a0e000-7f1762a0f000 ---p 00000000 00:00 0 
7f1762a0f000-7f1762b0f000 rw-p 00000000 00:00 0 
7f1762b0f000-7f1766b10000 rw-s 00000000 00:11 155175                     /run/shm/pulse-shm-1344246128
7f1766b10000-7f1766b11000 ---p 00000000 00:00 0 
7f1766b11000-7f1767311000 rw-p 00000000 00:00 0 
7f1767311000-7f1767324000 r-xp 00000000 08:01 916431                     /lib/x86_64-linux-gnu/libresolv-2.13.so
7f1767324000-7f1767523000 ---p 00013000 08:01 916431                     /lib/x86_64-linux-gnu/libresolv-2.13.so
7f1767523000-7f1767524000 r--p 00012000 08:01 916431                     /lib/x86_64-linux-gnu/libresolv-2.13.so
7f1767524000-7f1767525000 rw-p 00013000 08:01 916431                     /lib/x86_64-linux-gnu/libresolv-2.13.so
7f1767525000-7f1767527000 rw-p 00000000 00:00 0 
7f1767527000-7f176752d000 r-xp 00000000 08:01 264971                     /usr/lib/x86_64-linux-gnu/libogg.so.0.8.0
7f176752d000-7f176772c000 ---p 00006000 08:01 264971                     /usr/lib/x86_64-linux-gnu/libogg.so.0.8.0
7f176772c000-7f176772d000 rw-p 00005000 08:01 264971                     /usr/lib/x86_64-linux-gnu/libogg.so.0.8.0
7f176772d000-7f1767759000 r-xp 00000000 08:01 265193                     /usr/lib/x86_64-linux-gnu/libvorbis.so.0.4.5
7f1767759000-7f1767958000 ---p 0002c000 08:01 265193                     /usr/lib/x86_64-linux-gnu/libvorbis.so.0.4.5
7f1767958000-7f1767959000 r--p 0002b000 08:01 265193                     /usr/lib/x86_64-linux-gnu/libvorbis.so.0.4.5
7f1767959000-7f176795a000 rw-p 0002c000 08:01 265193                     /usr/lib/x86_64-linux-gnu/libvorbis.so.0.4.5
7f176795a000-7f1767c0d000 r-xp 00000000 08:01 265195                     /usr/lib/x86_64-linux-gnu/libvorbisenc.so.2.0.8
7f1767c0d000-7f1767e0c000 ---p 002b3000 08:01 265195                     /usr/lib/x86_64-linux-gnu/libvorbisenc.so.2.0.8
7f1767e0c000-7f1767e28000 r--p 002b2000 08:01 265195                     /usr/lib/x86_64-linux-gnu/libvorbisenc.so.2.0.8
7f1767e28000-7f1767e29000 rw-p 002ce000 08:01 265195                     /usr/lib/x86_64-linux-gnu/libvorbisenc.so.2.0.8
7f1767e29000-7f1767e74000 r-xp 00000000 08:01 264365                     /usr/lib/x86_64-linux-gnu/libFLAC.so.8.2.0
7f1767e74000-7f1768073000 ---p 0004b000 08:01 264365                     /usr/lib/x86_64-linux-gnu/libFLAC.so.8.2.0
7f1768073000-7f1768074000 r--p 0004a000 08:01 264365                     /usr/lib/x86_64-linux-gnu/libFLAC.so.8.2.0
7f1768074000-7f1768075000 rw-p 0004b000 08:01 264365                     /usr/lib/x86_64-linux-gnu/libFLAC.so.8.2.0
7f1768075000-7f1768079000 r-xp 00000000 08:01 916163                     /lib/x86_64-linux-gnu/libuuid.so.1.3.0
7f1768079000-7f1768278000 ---p 00004000 08:01 916163                     /lib/x86_64-linux-gnu/libuuid.so.1.3.0
7f1768278000-7f1768279000 r--p 00003000 08:01 916163                     /lib/x86_64-linux-gnu/libuuid.so.1.3.0
7f1768279000-7f176827a000 rw-p 00004000 08:01 916163                     /lib/x86_64-linux-gnu/libuuid.so.1.3.0
7f176827a000-7f176827e000 r-xp 00000000 08:01 916027                     /lib/x86_64-linux-gnu/libattr.so.1.1.0
7f176827e000-7f176847d000 ---p 00004000 08:01 916027                     /lib/x86_64-linux-gnu/libattr.so.1.1.0
7f176847d000-7f176847e000 r--p 00003000 08:01 916027                     /lib/x86_64-linux-gnu/libattr.so.1.1.0
7f176847e000-7f176847f000 rw-p 00004000 08:01 916027                     /lib/x86_64-linux-gnu/libattr.so.1.1.0
7f176847f000-7f1768484000 r-xp 00000000 08:01 264468                     /usr/lib/x86_64-linux-gnu/libasyncns.so.0.3.1
7f1768484000-7f1768683000 ---p 00005000 08:01 264468                     /usr/lib/x86_64-linux-gnu/libasyncns.so.0.3.1
7f1768683000-7f1768684000 rw-p 00004000 08:01 264468                     /usr/lib/x86_64-linux-gnu/libasyncns.so.0.3.1
7f1768684000-7f17686e5000 r-xp 00000000 08:01 265087                     /usr/lib/x86_64-linux-gnu/libsndfile.so.1.0.25
7f17686e5000-7f17688e4000 ---p 00061000 08:01 265087                     /usr/lib/x86_64-linux-gnu/libsndfile.so.1.0.25
7f17688e4000-7f17688e6000 r--p 00060000 08:01 265087                     /usr/lib/x86_64-linux-gnu/libsndfile.so.1.0.25
7f17688e6000-7f17688e7000 rw-p 00062000 08:01 265087                     /usr/lib/x86_64-linux-gnu/libsndfile.so.1.0.25
7f17688e7000-7f17688eb000 rw-p 00000000 00:00 0 
7f17688eb000-7f17688f4000 r-xp 00000000 08:01 916165                     /lib/x86_64-linux-gnu/libwrap.so.0.7.6
7f17688f4000-7f1768af3000 ---p 00009000 08:01 916165                     /lib/x86_64-linux-gnu/libwrap.so.0.7.6
7f1768af3000-7f1768af4000 r--p 00008000 08:01 916165                     /lib/x86_64-linux-gnu/libwrap.so.0.7.6
7f1768af4000-7f1768af5000 rw-p 00009000 08:01 916165                     /lib/x86_64-linux-gnu/libwrap.so.0.7.6
7f1768af5000-7f1768af6000 rw-p 00000000 00:00 0 
7f1768af6000-7f1768afd000 r-xp 00000000 08:01 264394                     /usr/lib/x86_64-linux-gnu/libSM.so.6.0.1
7f1768afd000-7f1768cfc000 ---p 00007000 08:01 264394                     /usr/lib/x86_64-linux-gnu/libSM.so.6.0.1
7f1768cfc000-7f1768cfd000 rw-p 00006000 08:01 264394                     /usr/lib/x86_64-linux-gnu/libSM.so.6.0.1
7f1768cfd000-7f1768d14000 r-xp 00000000 08:01 264375                     /usr/lib/x86_64-linux-gnu/libICE.so.6.3.0
7f1768d14000-7f1768f13000 ---p 00017000 08:01 264375                     /usr/lib/x86_64-linux-gnu/libICE.so.6.3.0
7f1768f13000-7f1768f15000 rw-p 00016000 08:01 264375                     /usr/lib/x86_64-linux-gnu/libICE.so.6.3.0
7f1768f15000-7f1768f18000 rw-p 00000000 00:00 0 
7f1768f18000-7f1768f19000 r-xp 00000000 08:01 272883                     /usr/lib/x86_64-linux-gnu/libX11-xcb.so.1.0.0
7f1768f19000-7f1769118000 ---p 00001000 08:01 272883                     /usr/lib/x86_64-linux-gnu/libX11-xcb.so.1.0.0
7f1769118000-7f1769119000 rw-p 00000000 08:01 272883                     /usr/lib/x86_64-linux-gnu/libX11-xcb.so.1.0.0
7f1769119000-7f176911d000 r-xp 00000000 08:01 916038                     /lib/x86_64-linux-gnu/libcap.so.2.22
7f176911d000-7f176931c000 ---p 00004000 08:01 916038                     /lib/x86_64-linux-gnu/libcap.so.2.22
7f176931c000-7f176931d000 rw-p 00003000 08:01 916038                     /lib/x86_64-linux-gnu/libcap.so.2.22
7f176931d000-7f1769361000 r-xp 00000000 08:01 916060                     /lib/x86_64-linux-gnu/libdbus-1.so.3.7.2
7f1769361000-7f1769561000 ---p 00044000 08:01 916060                     /lib/x86_64-linux-gnu/libdbus-1.so.3.7.2
7f1769561000-7f1769562000 r--p 00044000 08:01 916060                     /lib/x86_64-linux-gnu/libdbus-1.so.3.7.2
7f1769562000-7f1769563000 rw-p 00045000 08:01 916060                     /lib/x86_64-linux-gnu/libdbus-1.so.3.7.2
7f1769563000-7f17695c4000 r-xp 00000000 08:01 265339                     /usr/lib/x86_64-linux-gnu/pulseaudio/libpulsecommon-2.0.so
7f17695c4000-7f17697c3000 ---p 00061000 08:01 265339                     /usr/lib/x86_64-linux-gnu/pulseaudio/libpulsecommon-2.0.so
7f17697c3000-7f17697c4000 r--p 00060000 08:01 265339                     /usr/lib/x86_64-linux-gnu/pulseaudio/libpulsecommon-2.0.so
7f17697c4000-7f17697c6000 rw-p 00061000 08:01 265339                     /usr/lib/x86_64-linux-gnu/pulseaudio/libpulsecommon-2.0.so
7f17697c6000-7f17697cf000 r-xp 00000000 08:01 916072                     /lib/x86_64-linux-gnu/libjson.so.0.1.0
7f17697cf000-7f17699ce000 ---p 00009000 08:01 916072                     /lib/x86_64-linux-gnu/libjson.so.0.1.0
7f17699ce000-7f17699cf000 r--p 00008000 08:01 916072                     /lib/x86_64-linux-gnu/libjson.so.0.1.0
7f17699cf000-7f17699d0000 rw-p 00009000 08:01 916072                     /lib/x86_64-linux-gnu/libjson.so.0.1.0
7f17699d0000-7f1769a19000 r-xp 00000000 08:01 265053                     /usr/lib/x86_64-linux-gnu/libpulse.so.0.14.2
7f1769a19000-7f1769c18000 ---p 00049000 08:01 265053                     /usr/lib/x86_64-linux-gnu/libpulse.so.0.14.2
7f1769c18000-7f1769c19000 r--p 00048000 08:01 265053                     /usr/lib/x86_64-linux-gnu/libpulse.so.0.14.2
7f1769c19000-7f1769c1a000 rw-p 00049000 08:01 265053                     /usr/lib/x86_64-linux-gnu/libpulse.so.0.14.2
7f1769c1a000-7f1769c6f000 r-xp 00000000 08:01 551339                     /tmp/libgdxnemo9955/7b43be9b/libopenal64.so
7f1769c6f000-7f1769e6e000 ---p 00055000 08:01 551339                     /tmp/libgdxnemo9955/7b43be9b/libopenal64.so
7f1769e6e000-7f1769e71000 r--p 00054000 08:01 551339                     /tmp/libgdxnemo9955/7b43be9b/libopenal64.so
7f1769e71000-7f1769e72000 rw-p 00057000 08:01 551339                     /tmp/libgdxnemo9955/7b43be9b/libopenal64.so
7f1769e72000-7f1769e73000 rw-p 00000000 00:00 0 
7f1769e73000-7f1769e77000 r-xp 00000000 08:01 273334                     /usr/lib/x86_64-linux-gnu/libXxf86vm.so.1.0.0
7f1769e77000-7f176a077000 ---p 00004000 08:01 273334                     /usr/lib/x86_64-linux-gnu/libXxf86vm.so.1.0.0
7f176a077000-7f176a078000 r--p 00004000 08:01 273334                     /usr/lib/x86_64-linux-gnu/libXxf86vm.so.1.0.0
7f176a078000-7f176a079000 rw-p 00005000 08:01 273334                     /usr/lib/x86_64-linux-gnu/libXxf86vm.so.1.0.0
7f176a079000-7f176a080000 r-xp 00000000 08:01 265883                     /usr/lib/x86_64-linux-gnu/libXrandr.so.2.2.0
7f176a080000-7f176a280000 ---p 00007000 08:01 265883                     /usr/lib/x86_64-linux-gnu/libXrandr.so.2.2.0
7f176a280000-7f176a281000 rw-p 00007000 08:01 265883                     /usr/lib/x86_64-linux-gnu/libXrandr.so.2.2.0
7f176a281000-7f176a2ed000 r-xp 00000000 08:01 551348                     /tmp/libgdxnemo9955/7b43be9b/liblwjgl64.so
7f176a2ed000-7f176a4ec000 ---p 0006c000 08:01 551348                     /tmp/libgdxnemo9955/7b43be9b/liblwjgl64.so
7f176a4ec000-7f176a4ee000 r--p 0006b000 08:01 551348                     /tmp/libgdxnemo9955/7b43be9b/liblwjgl64.so
7f176a4ee000-7f176a4ef000 rw-p 0006d000 08:01 551348                     /tmp/libgdxnemo9955/7b43be9b/liblwjgl64.so
7f176a4ef000-7f176a4f0000 r-xp 00000000 08:01 144229                     /usr/lib/jvm/java-6-openjdk-amd64/jre/lib/amd64/libjawt.so
7f176a4f0000-7f176a6ef000 ---p 00001000 08:01 144229                     /usr/lib/jvm/java-6-openjdk-amd64/jre/lib/amd64/libjawt.so
7f176a6ef000-7f176a6f0000 rw-p 00000000 08:01 144229                     /usr/lib/jvm/java-6-openjdk-amd64/jre/lib/amd64/libjawt.so
7f176a6f0000-7f176a6f5000 r-xp 00000000 08:01 273531                     /usr/lib/x86_64-linux-gnu/libXfixes.so.3.1.0
7f176a6f5000-7f176a8f4000 ---p 00005000 08:01 273531                     /usr/lib/x86_64-linux-gnu/libXfixes.so.3.1.0
7f176a8f4000-7f176a8f5000 r--p 00004000 08:01 273531                     /usr/lib/x86_64-linux-gnu/libXfixes.so.3.1.0
7f176a8f5000-7f176a8f6000 rw-p 00005000 08:01 273531                     /usr/lib/x86_64-linux-gnu/libXfixes.so.3.1.0
7f176a8f6000-7f176a8ff000 r--s 00000000 08:01 277048                     /var/cache/fontconfig/945677eb7aeaf62f1d50efc3fb3ec7d8-le64.cache-3
7f176a8ff000-7f176a904000 r--s 00000000 08:01 271253                     /var/cache/fontconfig/6eb3985aa4124903f6ff08ba781cd364-le64.cache-3
7f176a904000-7f176a90d000 r--s 00000000 08:01 278568                     /var/cache/fontconfig/6d41288fd70b0be22e8c3a91e032eec0-le64.cache-3
7f176a90d000-7f176a93b000 r--s 00000000 08:01 271260                     /var/cache/fontconfig/365b55f210c0a22e9a19e35191240f32-le64.cache-3
7f176a93b000-7f176a93e000 r--s 00000000 08:01 271247                     /var/cache/fontconfig/c57959a16110560c8d0fcea73374aeeb-le64.cache-3
7f176a945000-7f176a9e3000 rw-p 00000000 00:00 0 
7f176a9e3000-7f176aa00000 rw-s 36c61000 00:05 5680                       /dev/nvidia0
7f176aa00000-7f176aa03000 ---p 00000000 00:00 0 
7f176aa03000-7f176ab01000 rw-p 00000000 00:00 0 
7f176ab01000-7f176ab0a000 r--s 00000000 08:01 277048                     /var/cache/fontconfig/945677eb7aeaf62f1d50efc3fb3ec7d8-le64.cache-3
7f176ab0a000-7f176ab0f000 r--s 00000000 08:01 271253                     /var/cache/fontconfig/6eb3985aa4124903f6ff08ba781cd364-le64.cache-3
7f176ab0f000-7f176ab18000 r--s 00000000 08:01 278568                     /var/cache/fontconfig/6d41288fd70b0be22e8c3a91e032eec0-le64.cache-3
7f176ab18000-7f176ab46000 r--s 00000000 08:01 271260                     /var/cache/fontconfig/365b55f210c0a22e9a19e35191240f32-le64.cache-3
7f176ab46000-7f176ab49000 r--s 00000000 08:01 271247                     /var/cache/fontconfig/c57959a16110560c8d0fcea73374aeeb-le64.cache-3
7f176ab49000-7f176ab4e000 r--s 00000000 08:01 271264                     /var/cache/fontconfig/3047814df9a2f067bd2d96a2b9c36e5a-le64.cache-3
7f176ab61000-7f176ab6b000 r-xp 00000000 08:01 264474                     /usr/lib/x86_64-linux-gnu/libXcursor.so.1.0.2
7f176ab6b000-7f176ad6a000 ---p 0000a000 08:01 264474                     /usr/lib/x86_64-linux-gnu/libXcursor.so.1.0.2
7f176ad6a000-7f176ad6b000 rw-p 00009000 08:01 264474                     /usr/lib/x86_64-linux-gnu/libXcursor.so.1.0.2
7f176ad6b000-7f176ad6d000 rw-p 00000000 00:00 0 
7f176ad6d000-7f176ad6f000 rw-s 00000000 08:01 263726                     /tmp/gl1OXRYm (deleted)
7f176ad6f000-7f176ad73000 rw-s 06586000 00:05 5680                       /dev/nvidia0
7f176ad73000-7f176ad74000 rw-s d0005000 00:05 5680                       /dev/nvidia0
7f176ad74000-7f176ad75000 rw-s 06588000 00:05 5680                       /dev/nvidia0
7f176ad75000-7f176ad79000 rw-s 0658c000 00:05 5680                       /dev/nvidia0
7f176ad79000-7f176ad7a000 rw-s fdc08000 00:05 5680                       /dev/nvidia0
7f176ad7a000-7f176ad7b000 rw-s fd641000 00:05 5680                       /dev/nvidia0
7f176ad7b000-7f176ad7c000 rw-s 36deb000 00:05 5680                       /dev/nvidia0
7f176ad7c000-7f176ad7d000 rw-s 04253000 00:05 5680                       /dev/nvidia0
7f176ad7d000-7f176ad7e000 rw-s fd060000 00:05 5680                       /dev/nvidia0
7f176ad7e000-7f176ad85000 r--s 00000000 08:01 282750                     /usr/lib/x86_64-linux-gnu/gconv/gconv-modules.cache
7f176ad85000-7f176ad96000 r--s 00000000 08:01 271249                     /var/cache/fontconfig/d52a8644073d54c13679302ca1180695-le64.cache-3
7f176ad96000-7f176ad9d000 r--s 00000000 08:01 271258                     /var/cache/fontconfig/3f7329c5293ffd510edef78f73874cfd-le64.cache-3
7f176ad9d000-7f176ad9f000 r--s 00000000 08:01 271267                     /var/cache/fontconfig/e13b20fdb08344e0e664864cc2ede53d-le64.cache-3
7f176ad9f000-7f176ae38000 r-xp 00000000 08:01 264650                     /usr/lib/x86_64-linux-gnu/libfreetype.so.6.8.1
7f176ae38000-7f176b037000 ---p 00099000 08:01 264650                     /usr/lib/x86_64-linux-gnu/libfreetype.so.6.8.1
7f176b037000-7f176b03d000 r--p 00098000 08:01 264650                     /usr/lib/x86_64-linux-gnu/libfreetype.so.6.8.1
7f176b03d000-7f176b03e000 rw-p 0009e000 08:01 264650                     /usr/lib/x86_64-linux-gnu/libfreetype.so.6.8.1
7f176b03e000-7f176b086000 r-xp 00000000 08:01 144223                     /usr/lib/jvm/java-6-openjdk-amd64/jre/lib/amd64/libfontmanager.so
7f176b086000-7f176b286000 ---p 00048000 08:01 144223                     /usr/lib/jvm/java-6-openjdk-amd64/jre/lib/amd64/libfontmanager.so
7f176b286000-7f176b289000 rw-p 00048000 08:01 144223                     /usr/lib/jvm/java-6-openjdk-amd64/jre/lib/amd64/libfontmanager.so
7f176b289000-7f176b28e000 r-xp 00000000 08:01 264417                     /usr/lib/x86_64-linux-gnu/libXdmcp.so.6.0.0
7f176b28e000-7f176b48d000 ---p 00005000 08:01 264417                     /usr/lib/x86_64-linux-gnu/libXdmcp.so.6.0.0
7f176b48d000-7f176b48e000 rw-p 00004000 08:01 264417                     /usr/lib/x86_64-linux-gnu/libXdmcp.so.6.0.0
7f176b48e000-7f176b490000 r-xp 00000000 08:01 264406                     /usr/lib/x86_64-linux-gnu/libXau.so.6.0.0
7f176b490000-7f176b690000 ---p 00002000 08:01 264406                     /usr/lib/x86_64-linux-gnu/libXau.so.6.0.0
7f176b690000-7f176b691000 rw-p 00002000 08:01 264406                     /usr/lib/x86_64-linux-gnu/libXau.so.6.0.0
7f176b691000-7f176b6b0000 r-xp 00000000 08:01 265852                     /usr/lib/x86_64-linux-gnu/libxcb.so.1.1.0
7f176b6b0000-7f176b8af000 ---p 0001f000 08:01 265852                     /usr/lib/x86_64-linux-gnu/libxcb.so.1.1.0
7f176b8af000-7f176b8b0000 r--p 0001e000 08:01 265852                     /usr/lib/x86_64-linux-gnu/libxcb.so.1.1.0
7f176b8b0000-7f176b8b1000 rw-p 0001f000 08:01 265852                     /usr/lib/x86_64-linux-gnu/libxcb.so.1.1.0
7f176b8b1000-7f176b8bf000 r-xp 00000000 08:01 265075                     /usr/lib/x86_64-linux-gnu/libXi.so.6.1.0
7f176b8bf000-7f176babf000 ---p 0000e000 08:01 265075                     /usr/lib/x86_64-linux-gnu/libXi.so.6.1.0
7f176babf000-7f176bac0000 rw-p 0000e000 08:01 265075                     /usr/lib/x86_64-linux-gnu/libXi.so.6.1.0
7f176bac0000-7f176bac5000 r-xp 00000000 08:01 274483                     /usr/lib/x86_64-linux-gnu/libXtst.so.6.1.0
7f176bac5000-7f176bcc4000 ---p 00005000 08:01 274483                     /usr/lib/x86_64-linux-gnu/libXtst.so.6.1.0
7f176bcc4000-7f176bcc5000 rw-p 00004000 08:01 274483                     /usr/lib/x86_64-linux-gnu/libXtst.so.6.1.0
7f176bcc5000-7f176bdfa000 r-xp 00000000 08:01 265870                     /usr/lib/x86_64-linux-gnu/libX11.so.6.3.0
7f176bdfa000-7f176bffa000 ---p 00135000 08:01 265870                     /usr/lib/x86_64-linux-gnu/libX11.so.6.3.0
7f176bffa000-7f176c000000 rw-p 00135000 08:01 265870                     /usr/lib/x86_64-linux-gnu/libX11.so.6.3.0
7f176c000000-7f176e1b7000 rw-p 00000000 00:00 0 
7f176e1b7000-7f1770000000 ---p 00000000 00:00 0 
7f1770000000-7f1770005000 r--s 00000000 08:01 271264                     /var/cache/fontconfig/3047814df9a2f067bd2d96a2b9c36e5a-le64.cache-3
7f1770005000-7f1770008000 ---p 00000000 00:00 0 
7f1770008000-7f1770106000 rw-p 00000000 00:00 0 
7f1770106000-7f177010f000 r-xp 00000000 08:01 264343                     /usr/lib/x86_64-linux-gnu/libXrender.so.1.3.0
7f177010f000-7f177030e000 ---p 00009000 08:01 264343                     /usr/lib/x86_64-linux-gnu/libXrender.so.1.3.0
7f177030e000-7f177030f000 rw-p 00008000 08:01 264343                     /usr/lib/x86_64-linux-gnu/libXrender.so.1.3.0
7f177030f000-7f1770320000 r-xp 00000000 08:01 264595                     /usr/lib/x86_64-linux-gnu/libXext.so.6.4.0
7f1770320000-7f1770520000 ---p 00011000 08:01 264595                     /usr/lib/x86_64-linux-gnu/libXext.so.6.4.0
7f1770520000-7f1770521000 rw-p 00011000 08:01 264595                     /usr/lib/x86_64-linux-gnu/libXext.so.6.4.0
7f1770521000-7f1770532000 r--s 00000000 08:01 271249                     /var/cache/fontconfig/d52a8644073d54c13679302ca1180695-le64.cache-3
7f1770532000-7f1770539000 r--s 00000000 08:01 271258                     /var/cache/fontconfig/3f7329c5293ffd510edef78f73874cfd-le64.cache-3
7f1770539000-7f177053b000 r--s 00000000 08:01 271267                     /var/cache/fontconfig/e13b20fdb08344e0e664864cc2ede53d-le64.cache-3
7f177053b000-7f1770588000 r-xp 00000000 08:01 144391                     /usr/lib/jvm/java-6-openjdk-amd64/jre/lib/amd64/xawt/libmawt.so
7f1770588000-7f1770787000 ---p 0004d000 08:01 144391                     /usr/lib/jvm/java-6-openjdk-amd64/jre/lib/amd64/xawt/libmawt.so
7f1770787000-7f177078b000 rw-p 0004c000 08:01 144391                     /usr/lib/jvm/java-6-openjdk-amd64/jre/lib/amd64/xawt/libmawt.so
7f177078b000-7f177078c000 rw-p 00000000 00:00 0 
7f177078c000-7f177083c000 r-xp 00000000 08:01 144230                     /usr/lib/jvm/java-6-openjdk-amd64/jre/lib/amd64/libawt.so
7f177083c000-7f1770a3b000 ---p 000b0000 08:01 144230                     /usr/lib/jvm/java-6-openjdk-amd64/jre/lib/amd64/libawt.so
7f1770a3b000-7f1770a47000 rw-p 000af000 08:01 144230                     /usr/lib/jvm/java-6-openjdk-amd64/jre/lib/amd64/libawt.so
7f1770a47000-7f1770a6b000 rw-p 00000000 00:00 0 
7f1770a6b000-7f1770ada000 r-xp 00000000 08:01 551337                     /tmp/libgdxnemo9955/b4a54a2/libgdx64.so
7f1770ada000-7f1770cd9000 ---p 0006f000 08:01 551337                     /tmp/libgdxnemo9955/b4a54a2/libgdx64.so
7f1770cd9000-7f1770cdb000 r--p 0006e000 08:01 551337                     /tmp/libgdxnemo9955/b4a54a2/libgdx64.so
7f1770cdb000-7f1770cdc000 rw-p 00070000 08:01 551337                     /tmp/libgdxnemo9955/b4a54a2/libgdx64.so
7f1770cdc000-7f1770cdd000 rw-p 00000000 00:00 0 
7f1770cdd000-7f1770ce4000 r--s 000fc000 08:01 143749                     /usr/lib/jvm/java-6-openjdk-common/jre/lib/resources.jar
7f1770ce4000-7f1770ce5000 r--s 00127000 08:06 9437307                    /home/nemo9955/CodeStation/proiecte/Garden_Revolution/Garden_Revolution-desktop/libs/gdx-natives.jar
7f1770ce5000-7f1770ce6000 r--s 00004000 08:06 9437342                    /home/nemo9955/CodeStation/proiecte/Garden_Revolution/Garden_Revolution-desktop/libs/gdx-controllers-desktop.jar
7f1770ce6000-7f1770ce7000 r--s 00100000 08:06 9437237                    /home/nemo9955/CodeStation/proiecte/Garden_Revolution/Garden_Revolution-desktop/libs/gdx-controllers-desktop-natives.jar
7f1770ce7000-7f1770cf8000 r--s 0012b000 08:06 9437394                    /home/nemo9955/CodeStation/proiecte/Garden_Revolution/Garden_Revolution-desktop/libs/gdx-backend-lwjgl.jar
7f1770cf8000-7f1770cff000 r--s 0004c000 08:06 9437312                    /home/nemo9955/CodeStation/proiecte/Garden_Revolution/Garden_Revolution-main/libs/kryonet-2.21-all.jar
7f1770cff000-7f1770d00000 ---p 00000000 00:00 0 
7f1770d00000-7f1770e00000 rw-p 00000000 00:00 0 
7f1770e00000-7f1770e03000 ---p 00000000 00:00 0 
7f1770e03000-7f1770f01000 rw-p 00000000 00:00 0 
7f1770f01000-7f1770f04000 ---p 00000000 00:00 0 
7f1770f04000-7f1771002000 rw-p 00000000 00:00 0 
7f1771002000-7f1771005000 ---p 00000000 00:00 0 
7f1771005000-7f1771103000 rw-p 00000000 00:00 0 
7f1771103000-7f1771106000 ---p 00000000 00:00 0 
7f1771106000-7f1771204000 rw-p 00000000 00:00 0 
7f1771204000-7f1771207000 ---p 00000000 00:00 0 
7f1771207000-7f1771305000 rw-p 00000000 00:00 0 
7f1771305000-7f1771308000 ---p 00000000 00:00 0 
7f1771308000-7f1771406000 rw-p 00000000 00:00 0 
7f1771406000-7f177140a000 r-xp 00000000 08:01 144238                     /usr/lib/jvm/java-6-openjdk-amd64/jre/lib/amd64/libdt_socket.so
7f177140a000-7f1771609000 ---p 00004000 08:01 144238                     /usr/lib/jvm/java-6-openjdk-amd64/jre/lib/amd64/libdt_socket.so
7f1771609000-7f177160a000 rw-p 00003000 08:01 144238                     /usr/lib/jvm/java-6-openjdk-amd64/jre/lib/amd64/libdt_socket.so
7f177160a000-7f177160d000 ---p 00000000 00:00 0 
7f177160d000-7f177170b000 rw-p 00000000 00:00 0 
7f177170b000-7f177170e000 ---p 00000000 00:00 0 
7f177170e000-7f177180c000 rw-p 00000000 00:00 0 
7f177180c000-7f177180f000 ---p 00000000 00:00 0 
7f177180f000-7f177190d000 rw-p 00000000 00:00 0 
7f177190d000-7f177190e000 ---p 00000000 00:00 0 
7f177190e000-7f1771d44000 rw-p 00000000 00:00 0 
7f1771d44000-7f1771ed8000 r--s 03807000 08:01 144270                     /usr/lib/jvm/java-6-openjdk-amd64/jre/lib/rt.jar
7f1771ed8000-7f1771f00000 rw-p 00000000 00:00 0 
7f1771f00000-7f1771f01000 ---p 00000000 00:00 0 
7f1771f01000-7f1772001000 rw-p 00000000 00:00 0 
7f1772001000-7f1772002000 ---p 00000000 00:00 0 
7f1772002000-7f177210d000 rw-p 00000000 00:00 0 
7f177210d000-7f1772155000 rw-p 00000000 00:00 0 
7f1772155000-7f1772166000 rw-p 00000000 00:00 0 
7f1772166000-7f1772261000 rw-p 00000000 00:00 0 
7f1772261000-7f177226c000 rw-p 00000000 00:00 0 
7f177226c000-7f17722b4000 rw-p 00000000 00:00 0 
7f17722b4000-7f17722c5000 rw-p 00000000 00:00 0 
7f17722c5000-7f17723c0000 rw-p 00000000 00:00 0 
7f17723c0000-7f17723c9000 rw-p 00000000 00:00 0 
7f17723c9000-7f1772446000 rw-p 00000000 00:00 0 
7f1772446000-7f1772447000 rw-p 00000000 00:00 0 
7f1772447000-7f17726b7000 rwxp 00000000 00:00 0 
7f17726b7000-7f1775447000 rw-p 00000000 00:00 0 
7f1775447000-7f177544e000 r-xp 00000000 08:01 144259                     /usr/lib/jvm/java-6-openjdk-amd64/jre/lib/amd64/libzip.so
7f177544e000-7f177564d000 ---p 00007000 08:01 144259                     /usr/lib/jvm/java-6-openjdk-amd64/jre/lib/amd64/libzip.so
7f177564d000-7f177564e000 rw-p 00006000 08:01 144259                     /usr/lib/jvm/java-6-openjdk-amd64/jre/lib/amd64/libzip.so
7f177564e000-7f1775659000 r-xp 00000000 08:01 916446                     /lib/x86_64-linux-gnu/libnss_files-2.13.so
7f1775659000-7f1775858000 ---p 0000b000 08:01 916446                     /lib/x86_64-linux-gnu/libnss_files-2.13.so
7f1775858000-7f1775859000 r--p 0000a000 08:01 916446                     /lib/x86_64-linux-gnu/libnss_files-2.13.so
7f1775859000-7f177585a000 rw-p 0000b000 08:01 916446                     /lib/x86_64-linux-gnu/libnss_files-2.13.so
7f177585a000-7f1775864000 r-xp 00000000 08:01 916442                     /lib/x86_64-linux-gnu/libnss_nis-2.13.so
7f1775864000-7f1775a63000 ---p 0000a000 08:01 916442                     /lib/x86_64-linux-gnu/libnss_nis-2.13.so
7f1775a63000-7f1775a64000 r--p 00009000 08:01 916442                     /lib/x86_64-linux-gnu/libnss_nis-2.13.so
7f1775a64000-7f1775a65000 rw-p 0000a000 08:01 916442                     /lib/x86_64-linux-gnu/libnss_nis-2.13.so
7f1775a65000-7f1775a6c000 r-xp 00000000 08:01 916435                     /lib/x86_64-linux-gnu/libnss_compat-2.13.so
7f1775a6c000-7f1775c6b000 ---p 00007000 08:01 916435                     /lib/x86_64-linux-gnu/libnss_compat-2.13.so
7f1775c6b000-7f1775c6c000 r--p 00006000 08:01 916435                     /lib/x86_64-linux-gnu/libnss_compat-2.13.so
7f1775c6c000-7f1775c6d000 rw-p 00007000 08:01 916435                     /lib/x86_64-linux-gnu/libnss_compat-2.13.so
7f1775c6d000-7f1775de4000 r--p 00000000 08:01 139605                     /usr/lib/locale/locale-archive
7f1775de4000-7f1775de7000 r-xp 00000000 08:01 144258                     /usr/lib/jvm/java-6-openjdk-amd64/jre/lib/amd64/libnpt.so
7f1775de7000-7f1775fe6000 ---p 00003000 08:01 144258                     /usr/lib/jvm/java-6-openjdk-amd64/jre/lib/amd64/libnpt.so
7f1775fe6000-7f1775fe7000 rw-p 00002000 08:01 144258                     /usr/lib/jvm/java-6-openjdk-amd64/jre/lib/amd64/libnpt.so
7f1775fe7000-7f1776021000 r-xp 00000000 08:01 144255                     /usr/lib/jvm/java-6-openjdk-amd64/jre/lib/amd64/libjdwp.so
7f1776021000-7f1776220000 ---p 0003a000 08:01 144255                     /usr/lib/jvm/java-6-openjdk-amd64/jre/lib/amd64/libjdwp.so
7f1776220000-7f1776221000 rw-p 00039000 08:01 144255                     /usr/lib/jvm/java-6-openjdk-amd64/jre/lib/amd64/libjdwp.so
7f1776221000-7f1776222000 rw-p 00000000 00:00 0 
7f1776222000-7f1776237000 r-xp 00000000 08:01 916440                     /lib/x86_64-linux-gnu/libnsl-2.13.so
7f1776237000-7f1776436000 ---p 00015000 08:01 916440                     /lib/x86_64-linux-gnu/libnsl-2.13.so
7f1776436000-7f1776437000 r--p 00014000 08:01 916440                     /lib/x86_64-linux-gnu/libnsl-2.13.so
7f1776437000-7f1776438000 rw-p 00015000 08:01 916440                     /lib/x86_64-linux-gnu/libnsl-2.13.so
7f1776438000-7f177643a000 rw-p 00000000 00:00 0 
7f177643a000-7f1776468000 r-xp 00000000 08:01 144245                     /usr/lib/jvm/java-6-openjdk-amd64/jre/lib/amd64/libjava.so
7f1776468000-7f1776667000 ---p 0002e000 08:01 144245                     /usr/lib/jvm/java-6-openjdk-amd64/jre/lib/amd64/libjava.so
7f1776667000-7f177666b000 rw-p 0002d000 08:01 144245                     /usr/lib/jvm/java-6-openjdk-amd64/jre/lib/amd64/libjava.so
7f177666b000-7f177667a000 r-xp 00000000 08:01 144228                     /usr/lib/jvm/java-6-openjdk-amd64/jre/lib/amd64/libverify.so
7f177667a000-7f1776879000 ---p 0000f000 08:01 144228                     /usr/lib/jvm/java-6-openjdk-amd64/jre/lib/amd64/libverify.so
7f1776879000-7f177687b000 rw-p 0000e000 08:01 144228                     /usr/lib/jvm/java-6-openjdk-amd64/jre/lib/amd64/libverify.so
7f177687b000-7f1776882000 r-xp 00000000 08:01 916450                     /lib/x86_64-linux-gnu/librt-2.13.so
7f1776882000-7f1776a81000 ---p 00007000 08:01 916450                     /lib/x86_64-linux-gnu/librt-2.13.so
7f1776a81000-7f1776a82000 r--p 00006000 08:01 916450                     /lib/x86_64-linux-gnu/librt-2.13.so
7f1776a82000-7f1776a83000 rw-p 00007000 08:01 916450                     /lib/x86_64-linux-gnu/librt-2.13.so
7f1776a83000-7f1776a98000 r-xp 00000000 08:01 916059                     /lib/x86_64-linux-gnu/libgcc_s.so.1
7f1776a98000-7f1776c98000 ---p 00015000 08:01 916059                     /lib/x86_64-linux-gnu/libgcc_s.so.1
7f1776c98000-7f1776c99000 rw-p 00015000 08:01 916059                     /lib/x86_64-linux-gnu/libgcc_s.so.1
7f1776c99000-7f1776d1a000 r-xp 00000000 08:01 916437                     /lib/x86_64-linux-gnu/libm-2.13.so
7f1776d1a000-7f1776f19000 ---p 00081000 08:01 916437                     /lib/x86_64-linux-gnu/libm-2.13.so
7f1776f19000-7f1776f1a000 r--p 00080000 08:01 916437                     /lib/x86_64-linux-gnu/libm-2.13.so
7f1776f1a000-7f1776f1b000 rw-p 00081000 08:01 916437                     /lib/x86_64-linux-gnu/libm-2.13.so
7f1776f1b000-7f1777003000 r-xp 00000000 08:01 265105                     /usr/lib/x86_64-linux-gnu/libstdc++.so.6.0.17
7f1777003000-7f1777203000 ---p 000e8000 08:01 265105                     /usr/lib/x86_64-linux-gnu/libstdc++.so.6.0.17
7f1777203000-7f177720b000 r--p 000e8000 08:01 265105                     /usr/lib/x86_64-linux-gnu/libstdc++.so.6.0.17
7f177720b000-7f177720d000 rw-p 000f0000 08:01 265105                     /usr/lib/x86_64-linux-gnu/libstdc++.so.6.0.17
7f177720d000-7f1777222000 rw-p 00000000 00:00 0 
7f1777222000-7f1777b36000 r-xp 00000000 08:01 144235                     /usr/lib/jvm/java-6-openjdk-amd64/jre/lib/amd64/server/libjvm.so
7f1777b36000-7f1777d35000 ---p 00914000 08:01 144235                     /usr/lib/jvm/java-6-openjdk-amd64/jre/lib/amd64/server/libjvm.so
7f1777d35000-7f1777dd1000 rw-p 00913000 08:01 144235                     /usr/lib/jvm/java-6-openjdk-amd64/jre/lib/amd64/server/libjvm.so
7f1777dd1000-7f1777dfa000 rw-p 00000000 00:00 0 
7f1777dfa000-7f1777f7c000 r-xp 00000000 08:01 916430                     /lib/x86_64-linux-gnu/libc-2.13.so
7f1777f7c000-7f177817b000 ---p 00182000 08:01 916430                     /lib/x86_64-linux-gnu/libc-2.13.so
7f177817b000-7f177817f000 r--p 00181000 08:01 916430                     /lib/x86_64-linux-gnu/libc-2.13.so
7f177817f000-7f1778180000 rw-p 00185000 08:01 916430                     /lib/x86_64-linux-gnu/libc-2.13.so
7f1778180000-7f1778185000 rw-p 00000000 00:00 0 
7f1778185000-7f1778187000 r-xp 00000000 08:01 916444                     /lib/x86_64-linux-gnu/libdl-2.13.so
7f1778187000-7f1778387000 ---p 00002000 08:01 916444                     /lib/x86_64-linux-gnu/libdl-2.13.so
7f1778387000-7f1778388000 r--p 00002000 08:01 916444                     /lib/x86_64-linux-gnu/libdl-2.13.so
7f1778388000-7f1778389000 rw-p 00003000 08:01 916444                     /lib/x86_64-linux-gnu/libdl-2.13.so
7f1778389000-7f177838d000 r-xp 00000000 08:01 144232                     /usr/lib/jvm/java-6-openjdk-amd64/jre/lib/amd64/jli/libjli.so
7f177838d000-7f177858c000 ---p 00004000 08:01 144232                     /usr/lib/jvm/java-6-openjdk-amd64/jre/lib/amd64/jli/libjli.so
7f177858c000-7f177858d000 rw-p 00003000 08:01 144232                     /usr/lib/jvm/java-6-openjdk-amd64/jre/lib/amd64/jli/libjli.so
7f177858d000-7f17785a4000 r-xp 00000000 08:01 916448                     /lib/x86_64-linux-gnu/libpthread-2.13.so
7f17785a4000-7f17787a3000 ---p 00017000 08:01 916448                     /lib/x86_64-linux-gnu/libpthread-2.13.so
7f17787a3000-7f17787a4000 r--p 00016000 08:01 916448                     /lib/x86_64-linux-gnu/libpthread-2.13.so
7f17787a4000-7f17787a5000 rw-p 00017000 08:01 916448                     /lib/x86_64-linux-gnu/libpthread-2.13.so
7f17787a5000-7f17787a9000 rw-p 00000000 00:00 0 
7f17787a9000-7f17787bf000 r-xp 00000000 08:01 916168                     /lib/x86_64-linux-gnu/libz.so.1.2.7
7f17787bf000-7f17789be000 ---p 00016000 08:01 916168                     /lib/x86_64-linux-gnu/libz.so.1.2.7
7f17789be000-7f17789bf000 r--p 00015000 08:01 916168                     /lib/x86_64-linux-gnu/libz.so.1.2.7
7f17789bf000-7f17789c0000 rw-p 00016000 08:01 916168                     /lib/x86_64-linux-gnu/libz.so.1.2.7
7f17789c0000-7f17789e0000 r-xp 00000000 08:01 32                         /lib64/ld-2.13.so
7f17789e0000-7f17789e2000 r--s 001a1000 08:06 9437380                    /home/nemo9955/CodeStation/proiecte/Garden_Revolution/Garden_Revolution-desktop/libs/gdx-backend-lwjgl-natives.jar
7f17789e2000-7f17789e5000 r--s 0000b000 08:06 9437369                    /home/nemo9955/CodeStation/proiecte/Garden_Revolution/Garden_Revolution-main/libs/tween-engine-api.jar
7f17789e5000-7f17789e8000 r--s 0007f000 08:01 143741                     /usr/lib/jvm/java-6-openjdk-common/jre/lib/jsse.jar
7f17789e8000-7f17789fe000 r--s 00157000 08:06 9437270                    /home/nemo9955/CodeStation/proiecte/Garden_Revolution/Garden_Revolution-main/libs/gdx.jar
7f17789fe000-7f1778a08000 rw-p 00000000 00:00 0 
7f1778a08000-7f1778abe000 rw-p 00000000 00:00 0 
7f1778abe000-7f1778ac1000 ---p 00000000 00:00 0 
7f1778ac1000-7f1778bc4000 rw-p 00000000 00:00 0 
7f1778bc4000-7f1778bc5000 r--s 00002000 08:06 9437214                    /home/nemo9955/CodeStation/proiecte/Garden_Revolution/Garden_Revolution-main/libs/gdx-controllers.jar
7f1778bc5000-7f1778bc9000 r--s 00039000 08:01 143733                     /usr/lib/jvm/java-6-openjdk-common/jre/lib/ext/sunpkcs11.jar
7f1778bc9000-7f1778bcb000 r--s 0000f000 08:01 143734                     /usr/lib/jvm/java-6-openjdk-common/jre/lib/ext/pulse-java.jar
7f1778bcb000-7f1778bce000 r--s 00031000 08:01 143736                     /usr/lib/jvm/java-6-openjdk-common/jre/lib/ext/sunjce_provider.jar
7f1778bce000-7f1778bd1000 r--s 00077000 08:01 143735                     /usr/lib/jvm/java-6-openjdk-common/jre/lib/ext/localedata.jar
7f1778bd1000-7f1778bd3000 r--s 00001000 08:01 143737                     /usr/lib/jvm/java-6-openjdk-common/jre/lib/ext/dnsns.jar
7f1778bd3000-7f1778bd4000 r--s 00007000 08:01 916596                     /usr/share/java/java-atk-wrapper.jar
7f1778bd4000-7f1778bdc000 rw-s 00000000 08:01 400813                     /tmp/hsperfdata_nemo9955/5046
7f1778bdc000-7f1778bdd000 rw-p 00000000 00:00 0 
7f1778bdd000-7f1778bde000 r--p 00000000 00:00 0 
7f1778bde000-7f1778bdf000 rw-p 00000000 00:00 0 
7f1778bdf000-7f1778be0000 r--p 0001f000 08:01 32                         /lib64/ld-2.13.so
7f1778be0000-7f1778be1000 rw-p 00020000 08:01 32                         /lib64/ld-2.13.so
7f1778be1000-7f1778be2000 rw-p 00000000 00:00 0 
7fffb9ca5000-7fffb9cc6000 rw-p 00000000 00:00 0                          [stack]
7fffb9de1000-7fffb9de2000 r-xp 00000000 00:00 0                          [vdso]
ffffffffff600000-ffffffffff601000 r-xp 00000000 00:00 0                  [vsyscall]

VM Arguments:
jvm_args: -agentlib:jdwp=transport=dt_socket,suspend=y,address=localhost:58223 -Dfile.encoding=UTF-8 
java_command: com.nemo9955.garden_revolution.Main
Launcher Type: SUN_STANDARD

Environment Variables:
PATH=/home/nemo9955/bin:/usr/sbin:/sbin:/usr/local/bin:/usr/bin:/bin:/usr/local/games:/usr/games
LD_LIBRARY_PATH=/usr/lib/jvm/java-6-openjdk-amd64/jre/lib/amd64/server:/usr/lib/jvm/java-6-openjdk-amd64/jre/lib/amd64:/usr/lib/jvm/java-6-openjdk-amd64/jre/../lib/amd64
SHELL=/bin/bash
DISPLAY=:0.0

Signal Handlers:
SIGSEGV: [libjvm.so+0x791b10], sa_mask[0]=0x7ffbfeff, sa_flags=0x10000004
SIGBUS: [libjvm.so+0x791b10], sa_mask[0]=0x7ffbfeff, sa_flags=0x10000004
SIGFPE: [libjvm.so+0x65ace0], sa_mask[0]=0x7ffbfeff, sa_flags=0x10000004
SIGPIPE: [libjvm.so+0x65ace0], sa_mask[0]=0x7ffbfeff, sa_flags=0x10000004
SIGXFSZ: [libjvm.so+0x65ace0], sa_mask[0]=0x7ffbfeff, sa_flags=0x10000004
SIGILL: [libjvm.so+0x65ace0], sa_mask[0]=0x7ffbfeff, sa_flags=0x10000004
SIGUSR1: SIG_DFL, sa_mask[0]=0x00000000, sa_flags=0x00000000
SIGUSR2: [libjvm.so+0x65aec0], sa_mask[0]=0x00000004, sa_flags=0x10000004
SIGHUP: [libjvm.so+0x65d500], sa_mask[0]=0x7ffbfeff, sa_flags=0x10000004
SIGINT: [libjvm.so+0x65d500], sa_mask[0]=0x7ffbfeff, sa_flags=0x10000004
SIGTERM: [libjvm.so+0x65d500], sa_mask[0]=0x7ffbfeff, sa_flags=0x10000004
SIGQUIT: [libjvm.so+0x65d500], sa_mask[0]=0x7ffbfeff, sa_flags=0x10000004


---------------  S Y S T E M  ---------------

OS:7.3

uname:Linux 3.2.0-4-amd64 #1 SMP Debian 3.2.51-1 x86_64
libc:glibc 2.13 NPTL 2.13 
rlimit: STACK 8192k, CORE 0k, NPROC 25587, NOFILE 4096, AS infinity
load average:0.09 0.27 0.36

/proc/meminfo:
MemTotal:        3287396 kB
MemFree:          641900 kB
Buffers:           21496 kB
Cached:           328756 kB
SwapCached:         8952 kB
Active:          1806676 kB
Inactive:         678588 kB
Active(anon):    1666424 kB
Inactive(anon):   478328 kB
Active(file):     140252 kB
Inactive(file):   200260 kB
Unevictable:           0 kB
Mlocked:               0 kB
SwapTotal:       3025916 kB
SwapFree:        2941900 kB
Dirty:               200 kB
Writeback:             0 kB
AnonPages:       2126988 kB
Mapped:           161656 kB
Shmem:              9784 kB
Slab:              72292 kB
SReclaimable:      45452 kB
SUnreclaim:        26840 kB
KernelStack:        4032 kB
PageTables:        26908 kB
NFS_Unstable:          0 kB
Bounce:                0 kB
WritebackTmp:          0 kB
CommitLimit:     4669612 kB
Committed_AS:    4558080 kB
VmallocTotal:   34359738367 kB
VmallocUsed:      315844 kB
VmallocChunk:   34359419900 kB
HardwareCorrupted:     0 kB
AnonHugePages:         0 kB
HugePages_Total:       0
HugePages_Free:        0
HugePages_Rsvd:        0
HugePages_Surp:        0
Hugepagesize:       2048 kB
DirectMap4k:      114368 kB
DirectMap2M:     3227648 kB


CPU:total 2 (2 cores per cpu, 1 threads per core) family 6 model 23 stepping 10, cmov, cx8, fxsr, mmx, sse, sse2, sse3, ssse3, sse4.1

Memory: 4k page, physical 3287396k(641900k free), swap 3025916k(2941900k free)

vm_info: OpenJDK 64-Bit Server VM (20.0-b12) for linux-amd64 JRE (1.6.0_27-b27), built on Jul 12 2013 09:04:12 by "jmm" with gcc 4.7.2

time: Mon Feb 24 15:12:20 2014
elapsed time: 104 seconds

