#
# A fatal error has been detected by the Java Runtime Environment:
#
#  SIGBUS (0x7) at pc=0x00007fa67b3ca4e3, pid=7131, tid=140352784967424
#
# JRE version: 6.0_27-b27
# Java VM: OpenJDK 64-Bit Server VM (20.0-b12 mixed mode linux-amd64 compressed oops)
# Derivative: IcedTea6 1.12.6
# Distribution: Debian GNU/Linux 7.1 (wheezy), package 6b27-1.12.6-1~deb7u1
# Problematic frame:
# C  [ld-linux-x86-64.so.2+0xe4e3]  _dl_rtld_di_serinfo+0x5ee3
#
# If you would like to submit a bug report, please include
# instructions how to reproduce the bug and visit:
#   http://icedtea.classpath.org/bugzilla
# The crash happened outside the Java Virtual Machine in native code.
# See problematic frame for where to report the bug.
#

---------------  T H R E A D  ---------------

Current thread (0x00007fa670270800):  JavaThread "AWT-XAWT" daemon [_thread_in_native, id=7148, stack(0x00007fa66dd42000,0x00007fa66de43000)]

siginfo:si_signo=SIGBUS: si_errno=0, si_code=2 (BUS_ADRERR), si_addr=0x00007fa66d82ad58

Registers:
RAX=0x00007fa66d82ad50, RBX=0x000000000000003e, RCX=0x0000000000000000, RDX=0x0000000000000000
RSP=0x00007fa66de416d0, RBP=0x00007fa66de41940, RSI=0x0000000000000000, RDI=0x00007fa67b3bb180
R8 =0x000000000000003d, R9 =0x00007fa67b3bb180, R10=0x00007fa67ab7e768, R11=0x00007fa67a82d0d0
R12=0x0000000000000000, R13=0x00007fa67b5dc048, R14=0x00007fa670275680, R15=0x000000000000000b
RIP=0x00007fa67b3ca4e3, EFLAGS=0x0000000000010206, CSGSFS=0x0000000000000033, ERR=0x0000000000000004
  TRAPNO=0x000000000000000e

Top of Stack: (sp=0x00007fa66de416d0)
0x00007fa66de416d0:   00007fa67b5dd1c8 00007fa67b5dd758
0x00007fa66de416e0:   00007fa67b5bf9e8 0000000001a7c120
0x00007fa66de416f0:   0000000001a7c640 0000000001a7cb40
0x00007fa66de41700:   0000000001a81840 00007fa670121c90
0x00007fa66de41710:   00007fa6701a4940 00007fa670202ed0
0x00007fa66de41720:   00007fa67b5bf000 00007fa670275680
0x00007fa66de41730:   00007fa670271a70 00007fa67026b440
0x00007fa66de41740:   00007fa67026b8e0 00007fa6700f7500
0x00007fa66de41750:   00007fa670149f70 00007fa670272210
0x00007fa66de41760:   00007fa67018f510 00007fa6702726b0
0x00007fa66de41770:   00007fa670273200 00007fa6702736a0
0x00007fa66de41780:   00007fa670273b40 00007fa670198500
0x00007fa66de41790:   00007fa6701989a0 00007fa670273ff0
0x00007fa66de417a0:   0000000001a75e10 00007fa670274490
0x00007fa66de417b0:   00007fa670274930 00007fa670278410
0x00007fa66de417c0:   00007fa670277f70 00007fa6702788b0
0x00007fa66de417d0:   00007fa670278d50 00007fa6702791f0
0x00007fa66de417e0:   00007fa670279690 00007fa670279b30
0x00007fa66de417f0:   00007fa67027cbc0 00007fa67027d060
0x00007fa66de41800:   00007fa67027d510 00007fa67027d9b0
0x00007fa66de41810:   00007fa67027de50 0000000001c051c0
0x00007fa66de41820:   00007fa67018ebd0 0000000001c03410
0x00007fa66de41830:   0000000001ce9340 0000000001f23460
0x00007fa66de41840:   0000000001a779a0 0000000001a77f80
0x00007fa66de41850:   0000000001a772e0 0000000001a725f0
0x00007fa66de41860:   00007fa67b5bf4e0 0000000003c22590
0x00007fa66de41870:   00007fa67018f070 00007fa670198e40
0x00007fa66de41880:   00007fa670199780 00007fa6701992e0
0x00007fa66de41890:   0000000001a72b60 0000000001a73570
0x00007fa66de418a0:   0000000001a73070 00007fa67b5be000
0x00007fa66de418b0:   00007fa67b5be4e0 00007fa67b5dc9d8
0x00007fa66de418c0:   0000000000337200 00007fa67b3ca38c 

Instructions: (pc=0x00007fa67b3ca4e3)
0x00007fa67b3ca4c3:   c8 89 c2 89 45 a0 ff 14 d1 8b 45 a0 83 e8 01 83
0x00007fa67b3ca4d3:   f8 ff 75 e9 49 8b 86 a8 00 00 00 48 85 c0 74 09
0x00007fa67b3ca4e3:   48 8b 40 08 49 03 06 ff d0 45 85 e4 75 0e 8b 05
0x00007fa67b3ca4f3:   f9 17 21 00 85 c0 0f 85 12 01 00 00 41 83 c7 01 

Register to memory mapping:

RAX=
[error occurred during error reporting (printing register info), id 0x7]

Stack: [0x00007fa66dd42000,0x00007fa66de43000],  sp=0x00007fa66de416d0,  free space=1021k
Native frames: (J=compiled Java code, j=interpreted, Vv=VM code, C=native code)
C  [ld-linux-x86-64.so.2+0xe4e3]  _dl_rtld_di_serinfo+0x5ee3

Java frames: (J=compiled Java code, j=interpreted, Vv=VM code)
J  sun.awt.X11.XlibWrapper.XEventsQueued(JI)I
J  sun.awt.X11.XToolkit.run(Z)V
j  sun.awt.X11.XToolkit.run()V+5
j  java.lang.Thread.run()V+11
v  ~StubRoutines::call_stub

---------------  P R O C E S S  ---------------

Java Threads: ( => current thread )
  0x0000000003f42800 JavaThread "Timer" [_thread_blocked, id=7159, stack(0x00007fa661e68000,0x00007fa661f69000)]
  0x00007fa670aff000 JavaThread "AsynchExecutor-Thread" daemon [_thread_blocked, id=7157, stack(0x00007fa665b49000,0x00007fa665c4a000)]
  0x0000000001a7d800 JavaThread "DestroyJavaVM" [_thread_blocked, id=7133, stack(0x00007fa67b4ba000,0x00007fa67b5bb000)]
=>0x00007fa670270800 JavaThread "AWT-XAWT" daemon [_thread_in_native, id=7148, stack(0x00007fa66dd42000,0x00007fa66de43000)]
  0x00007fa6701fe800 JavaThread "Java2D Disposer" daemon [_thread_blocked, id=7147, stack(0x00007fa66e0e1000,0x00007fa66e1e2000)]
  0x00007fa670029000 JavaThread "Low Memory Detector" daemon [_thread_blocked, id=7145, stack(0x00007fa674141000,0x00007fa674242000)]
  0x00007fa670026800 JavaThread "C2 CompilerThread1" daemon [_thread_blocked, id=7144, stack(0x00007fa674242000,0x00007fa674343000)]
  0x00007fa670021800 JavaThread "C2 CompilerThread0" daemon [_thread_blocked, id=7143, stack(0x00007fa674343000,0x00007fa674444000)]
  0x00007fa670020000 JavaThread "Signal Dispatcher" daemon [_thread_in_vm, id=7142, stack(0x00007fa674444000,0x00007fa674545000)]
  0x00007fa670001000 JavaThread "Finalizer" daemon [_thread_blocked, id=7141, stack(0x00007fa6746bc000,0x00007fa6747bd000)]
  0x0000000001ae8000 JavaThread "Reference Handler" daemon [_thread_blocked, id=7140, stack(0x00007fa6747bd000,0x00007fa6748be000)]

Other Threads:
  0x0000000001ae3000 VMThread [stack: 0x00007fa6748be000,0x00007fa6749bf000] [id=7138]
  0x00007fa67002b800 WatcherThread [stack: 0x00007fa674040000,0x00007fa674141000] [id=7146]

VM state:not at safepoint (normal execution)

VM Mutex/Monitor currently owned by a thread: None

Heap
 PSYoungGen      total 14976K, used 10350K [0x00000000ef400000, 0x00000000f04b0000, 0x0000000100000000)
  eden space 12864K, 71% used [0x00000000ef400000,0x00000000efd04940,0x00000000f0090000)
  from space 2112K, 52% used [0x00000000f02a0000,0x00000000f03b7140,0x00000000f04b0000)
  to   space 2112K, 0% used [0x00000000f0090000,0x00000000f0090000,0x00000000f02a0000)
 PSOldGen        total 34304K, used 0K [0x00000000cdc00000, 0x00000000cfd80000, 0x00000000ef400000)
  object space 34304K, 0% used [0x00000000cdc00000,0x00000000cdc00000,0x00000000cfd80000)
 PSPermGen       total 21248K, used 14591K [0x00000000c3600000, 0x00000000c4ac0000, 0x00000000cdc00000)
  object space 21248K, 68% used [0x00000000c3600000,0x00000000c443fd38,0x00000000c4ac0000)

Code Cache  [0x00007fa6753f8000, 0x00007fa675668000, 0x00007fa6783f8000)
 total_blobs=745 nmethods=188 adapters=511 free_code_cache=49344192 largest_free_block=13184

Dynamic libraries:
00400000-00409000 r-xp 00000000 08:01 144298                             /usr/lib/jvm/java-6-openjdk-amd64/jre/bin/java
00608000-00609000 rw-p 00008000 08:01 144298                             /usr/lib/jvm/java-6-openjdk-amd64/jre/bin/java
01a72000-040ba000 rw-p 00000000 00:00 0                                  [heap]
403f6000-403f8000 r-xs 00000000 08:01 263726                             /tmp/glDbt9am (deleted)
4165c000-416da000 rw-p 00000000 00:00 0 
c3600000-c4ac0000 rw-p 00000000 00:00 0 
c4ac0000-cdc00000 rw-p 00000000 00:00 0 
cdc00000-cfd80000 rw-p 00000000 00:00 0 
cfd80000-ef400000 rw-p 00000000 00:00 0 
ef400000-f04b0000 rw-p 00000000 00:00 0 
f04b0000-100000000 rw-p 00000000 00:00 0 
7fa661e68000-7fa661e6b000 ---p 00000000 00:00 0 
7fa661e6b000-7fa661f69000 rw-p 00000000 00:00 0 
7fa661f69000-7fa661f8c000 r-xp 00000000 08:01 551347                     /tmp/libgdxnemo9955/b97b1fcd/libgdx-controllers-desktop64.so
7fa661f8c000-7fa66218c000 ---p 00023000 08:01 551347                     /tmp/libgdxnemo9955/b97b1fcd/libgdx-controllers-desktop64.so
7fa66218c000-7fa66218d000 r--p 00023000 08:01 551347                     /tmp/libgdxnemo9955/b97b1fcd/libgdx-controllers-desktop64.so
7fa66218d000-7fa66218e000 rw-p 00024000 08:01 551347                     /tmp/libgdxnemo9955/b97b1fcd/libgdx-controllers-desktop64.so
7fa66218e000-7fa6621a3000 r-xp 00000000 08:01 144247                     /usr/lib/jvm/java-6-openjdk-amd64/jre/lib/amd64/libnet.so
7fa6621a3000-7fa6623a2000 ---p 00015000 08:01 144247                     /usr/lib/jvm/java-6-openjdk-amd64/jre/lib/amd64/libnet.so
7fa6623a2000-7fa6623a3000 rw-p 00014000 08:01 144247                     /usr/lib/jvm/java-6-openjdk-amd64/jre/lib/amd64/libnet.so
7fa6623a3000-7fa6627a3000 rw-s 039e1000 00:05 5680                       /dev/nvidia0
7fa6627a3000-7fa662ba3000 rw-s 0648f000 00:05 5680                       /dev/nvidia0
7fa662ba3000-7fa662da3000 rw-s 4af2e000 00:05 5680                       /dev/nvidia0
7fa662da3000-7fa662fa3000 rw-s 03ea9000 00:05 5680                       /dev/nvidia0
7fa662fa3000-7fa6630a3000 rw-s 4329c000 00:05 5680                       /dev/nvidia0
7fa663141000-7fa6631b5000 rw-p 00000000 00:00 0 
7fa66323f000-7fa664c0f000 r-xp 00000000 08:01 282961                     /usr/lib/x86_64-linux-gnu/libnvidia-glcore.so.304.88
7fa664c0f000-7fa664e0e000 ---p 019d0000 08:01 282961                     /usr/lib/x86_64-linux-gnu/libnvidia-glcore.so.304.88
7fa664e0e000-7fa66560f000 rwxp 019cf000 08:01 282961                     /usr/lib/x86_64-linux-gnu/libnvidia-glcore.so.304.88
7fa66560f000-7fa665629000 rwxp 00000000 00:00 0 
7fa665629000-7fa66562c000 r-xp 00000000 08:01 551171                     /usr/lib/x86_64-linux-gnu/tls/libnvidia-tls.so.304.88
7fa66562c000-7fa66582b000 ---p 00003000 08:01 551171                     /usr/lib/x86_64-linux-gnu/tls/libnvidia-tls.so.304.88
7fa66582b000-7fa66582c000 rw-p 00002000 08:01 551171                     /usr/lib/x86_64-linux-gnu/tls/libnvidia-tls.so.304.88
7fa66582c000-7fa6658f6000 r-xp 00000000 08:01 678444                     /usr/lib/x86_64-linux-gnu/nvidia/current/libGL.so.304.88
7fa6658f6000-7fa665af6000 ---p 000ca000 08:01 678444                     /usr/lib/x86_64-linux-gnu/nvidia/current/libGL.so.304.88
7fa665af6000-7fa665b33000 rwxp 000ca000 08:01 678444                     /usr/lib/x86_64-linux-gnu/nvidia/current/libGL.so.304.88
7fa665b33000-7fa665b49000 rwxp 00000000 00:00 0 
7fa665b49000-7fa665b4c000 ---p 00000000 00:00 0 
7fa665b4c000-7fa665c4a000 rw-p 00000000 00:00 0 
7fa665c4a000-7fa665c4d000 ---p 00000000 00:00 0 
7fa665c4d000-7fa665d4b000 rw-p 00000000 00:00 0 
7fa665d4b000-7fa665d4c000 ---p 00000000 00:00 0 
7fa665d4c000-7fa665e4c000 rw-p 00000000 00:00 0 
7fa669e4d000-7fa669e4e000 ---p 00000000 00:00 0 
7fa669e4e000-7fa66a64e000 rw-p 00000000 00:00 0 
7fa66a64e000-7fa66a661000 r-xp 00000000 08:01 916431                     /lib/x86_64-linux-gnu/libresolv-2.13.so
7fa66a661000-7fa66a860000 ---p 00013000 08:01 916431                     /lib/x86_64-linux-gnu/libresolv-2.13.so
7fa66a860000-7fa66a861000 r--p 00012000 08:01 916431                     /lib/x86_64-linux-gnu/libresolv-2.13.so
7fa66a861000-7fa66a862000 rw-p 00013000 08:01 916431                     /lib/x86_64-linux-gnu/libresolv-2.13.so
7fa66a862000-7fa66a864000 rw-p 00000000 00:00 0 
7fa66a864000-7fa66a86a000 r-xp 00000000 08:01 264971                     /usr/lib/x86_64-linux-gnu/libogg.so.0.8.0
7fa66a86a000-7fa66aa69000 ---p 00006000 08:01 264971                     /usr/lib/x86_64-linux-gnu/libogg.so.0.8.0
7fa66aa69000-7fa66aa6a000 rw-p 00005000 08:01 264971                     /usr/lib/x86_64-linux-gnu/libogg.so.0.8.0
7fa66aa6a000-7fa66aa96000 r-xp 00000000 08:01 265193                     /usr/lib/x86_64-linux-gnu/libvorbis.so.0.4.5
7fa66aa96000-7fa66ac95000 ---p 0002c000 08:01 265193                     /usr/lib/x86_64-linux-gnu/libvorbis.so.0.4.5
7fa66ac95000-7fa66ac96000 r--p 0002b000 08:01 265193                     /usr/lib/x86_64-linux-gnu/libvorbis.so.0.4.5
7fa66ac96000-7fa66ac97000 rw-p 0002c000 08:01 265193                     /usr/lib/x86_64-linux-gnu/libvorbis.so.0.4.5
7fa66ac97000-7fa66af4a000 r-xp 00000000 08:01 265195                     /usr/lib/x86_64-linux-gnu/libvorbisenc.so.2.0.8
7fa66af4a000-7fa66b149000 ---p 002b3000 08:01 265195                     /usr/lib/x86_64-linux-gnu/libvorbisenc.so.2.0.8
7fa66b149000-7fa66b165000 r--p 002b2000 08:01 265195                     /usr/lib/x86_64-linux-gnu/libvorbisenc.so.2.0.8
7fa66b165000-7fa66b166000 rw-p 002ce000 08:01 265195                     /usr/lib/x86_64-linux-gnu/libvorbisenc.so.2.0.8
7fa66b166000-7fa66b1b1000 r-xp 00000000 08:01 264365                     /usr/lib/x86_64-linux-gnu/libFLAC.so.8.2.0
7fa66b1b1000-7fa66b3b0000 ---p 0004b000 08:01 264365                     /usr/lib/x86_64-linux-gnu/libFLAC.so.8.2.0
7fa66b3b0000-7fa66b3b1000 r--p 0004a000 08:01 264365                     /usr/lib/x86_64-linux-gnu/libFLAC.so.8.2.0
7fa66b3b1000-7fa66b3b2000 rw-p 0004b000 08:01 264365                     /usr/lib/x86_64-linux-gnu/libFLAC.so.8.2.0
7fa66b3b2000-7fa66b3b6000 r-xp 00000000 08:01 916163                     /lib/x86_64-linux-gnu/libuuid.so.1.3.0
7fa66b3b6000-7fa66b5b5000 ---p 00004000 08:01 916163                     /lib/x86_64-linux-gnu/libuuid.so.1.3.0
7fa66b5b5000-7fa66b5b6000 r--p 00003000 08:01 916163                     /lib/x86_64-linux-gnu/libuuid.so.1.3.0
7fa66b5b6000-7fa66b5b7000 rw-p 00004000 08:01 916163                     /lib/x86_64-linux-gnu/libuuid.so.1.3.0
7fa66b5b7000-7fa66b5bb000 r-xp 00000000 08:01 916027                     /lib/x86_64-linux-gnu/libattr.so.1.1.0
7fa66b5bb000-7fa66b7ba000 ---p 00004000 08:01 916027                     /lib/x86_64-linux-gnu/libattr.so.1.1.0
7fa66b7ba000-7fa66b7bb000 r--p 00003000 08:01 916027                     /lib/x86_64-linux-gnu/libattr.so.1.1.0
7fa66b7bb000-7fa66b7bc000 rw-p 00004000 08:01 916027                     /lib/x86_64-linux-gnu/libattr.so.1.1.0
7fa66b7bc000-7fa66b7c1000 r-xp 00000000 08:01 264468                     /usr/lib/x86_64-linux-gnu/libasyncns.so.0.3.1
7fa66b7c1000-7fa66b9c0000 ---p 00005000 08:01 264468                     /usr/lib/x86_64-linux-gnu/libasyncns.so.0.3.1
7fa66b9c0000-7fa66b9c1000 rw-p 00004000 08:01 264468                     /usr/lib/x86_64-linux-gnu/libasyncns.so.0.3.1
7fa66b9c1000-7fa66ba22000 r-xp 00000000 08:01 265087                     /usr/lib/x86_64-linux-gnu/libsndfile.so.1.0.25
7fa66ba22000-7fa66bc21000 ---p 00061000 08:01 265087                     /usr/lib/x86_64-linux-gnu/libsndfile.so.1.0.25
7fa66bc21000-7fa66bc23000 r--p 00060000 08:01 265087                     /usr/lib/x86_64-linux-gnu/libsndfile.so.1.0.25
7fa66bc23000-7fa66bc24000 rw-p 00062000 08:01 265087                     /usr/lib/x86_64-linux-gnu/libsndfile.so.1.0.25
7fa66bc24000-7fa66bc28000 rw-p 00000000 00:00 0 
7fa66bc28000-7fa66bc31000 r-xp 00000000 08:01 916165                     /lib/x86_64-linux-gnu/libwrap.so.0.7.6
7fa66bc31000-7fa66be30000 ---p 00009000 08:01 916165                     /lib/x86_64-linux-gnu/libwrap.so.0.7.6
7fa66be30000-7fa66be31000 r--p 00008000 08:01 916165                     /lib/x86_64-linux-gnu/libwrap.so.0.7.6
7fa66be31000-7fa66be32000 rw-p 00009000 08:01 916165                     /lib/x86_64-linux-gnu/libwrap.so.0.7.6
7fa66be32000-7fa66be33000 rw-p 00000000 00:00 0 
7fa66be33000-7fa66be3a000 r-xp 00000000 08:01 264394                     /usr/lib/x86_64-linux-gnu/libSM.so.6.0.1
7fa66be3a000-7fa66c039000 ---p 00007000 08:01 264394                     /usr/lib/x86_64-linux-gnu/libSM.so.6.0.1
7fa66c039000-7fa66c03a000 rw-p 00006000 08:01 264394                     /usr/lib/x86_64-linux-gnu/libSM.so.6.0.1
7fa66c03a000-7fa66c051000 r-xp 00000000 08:01 264375                     /usr/lib/x86_64-linux-gnu/libICE.so.6.3.0
7fa66c051000-7fa66c250000 ---p 00017000 08:01 264375                     /usr/lib/x86_64-linux-gnu/libICE.so.6.3.0
7fa66c250000-7fa66c252000 rw-p 00016000 08:01 264375                     /usr/lib/x86_64-linux-gnu/libICE.so.6.3.0
7fa66c252000-7fa66c255000 rw-p 00000000 00:00 0 
7fa66c255000-7fa66c256000 r-xp 00000000 08:01 272883                     /usr/lib/x86_64-linux-gnu/libX11-xcb.so.1.0.0
7fa66c256000-7fa66c455000 ---p 00001000 08:01 272883                     /usr/lib/x86_64-linux-gnu/libX11-xcb.so.1.0.0
7fa66c455000-7fa66c456000 rw-p 00000000 08:01 272883                     /usr/lib/x86_64-linux-gnu/libX11-xcb.so.1.0.0
7fa66c456000-7fa66c45a000 r-xp 00000000 08:01 916038                     /lib/x86_64-linux-gnu/libcap.so.2.22
7fa66c45a000-7fa66c659000 ---p 00004000 08:01 916038                     /lib/x86_64-linux-gnu/libcap.so.2.22
7fa66c659000-7fa66c65a000 rw-p 00003000 08:01 916038                     /lib/x86_64-linux-gnu/libcap.so.2.22
7fa66c65a000-7fa66c69e000 r-xp 00000000 08:01 916060                     /lib/x86_64-linux-gnu/libdbus-1.so.3.7.2
7fa66c69e000-7fa66c89e000 ---p 00044000 08:01 916060                     /lib/x86_64-linux-gnu/libdbus-1.so.3.7.2
7fa66c89e000-7fa66c89f000 r--p 00044000 08:01 916060                     /lib/x86_64-linux-gnu/libdbus-1.so.3.7.2
7fa66c89f000-7fa66c8a0000 rw-p 00045000 08:01 916060                     /lib/x86_64-linux-gnu/libdbus-1.so.3.7.2
7fa66c8a0000-7fa66c901000 r-xp 00000000 08:01 265339                     /usr/lib/x86_64-linux-gnu/pulseaudio/libpulsecommon-2.0.so
7fa66c901000-7fa66cb00000 ---p 00061000 08:01 265339                     /usr/lib/x86_64-linux-gnu/pulseaudio/libpulsecommon-2.0.so
7fa66cb00000-7fa66cb01000 r--p 00060000 08:01 265339                     /usr/lib/x86_64-linux-gnu/pulseaudio/libpulsecommon-2.0.so
7fa66cb01000-7fa66cb03000 rw-p 00061000 08:01 265339                     /usr/lib/x86_64-linux-gnu/pulseaudio/libpulsecommon-2.0.so
7fa66cb03000-7fa66cb0c000 r-xp 00000000 08:01 916072                     /lib/x86_64-linux-gnu/libjson.so.0.1.0
7fa66cb0c000-7fa66cd0b000 ---p 00009000 08:01 916072                     /lib/x86_64-linux-gnu/libjson.so.0.1.0
7fa66cd0b000-7fa66cd0c000 r--p 00008000 08:01 916072                     /lib/x86_64-linux-gnu/libjson.so.0.1.0
7fa66cd0c000-7fa66cd0d000 rw-p 00009000 08:01 916072                     /lib/x86_64-linux-gnu/libjson.so.0.1.0
7fa66cd0d000-7fa66cd56000 r-xp 00000000 08:01 265053                     /usr/lib/x86_64-linux-gnu/libpulse.so.0.14.2
7fa66cd56000-7fa66cf55000 ---p 00049000 08:01 265053                     /usr/lib/x86_64-linux-gnu/libpulse.so.0.14.2
7fa66cf55000-7fa66cf56000 r--p 00048000 08:01 265053                     /usr/lib/x86_64-linux-gnu/libpulse.so.0.14.2
7fa66cf56000-7fa66cf57000 rw-p 00049000 08:01 265053                     /usr/lib/x86_64-linux-gnu/libpulse.so.0.14.2
7fa66d1b0000-7fa66d1b4000 r-xp 00000000 08:01 273334                     /usr/lib/x86_64-linux-gnu/libXxf86vm.so.1.0.0
7fa66d1b4000-7fa66d3b4000 ---p 00004000 08:01 273334                     /usr/lib/x86_64-linux-gnu/libXxf86vm.so.1.0.0
7fa66d3b4000-7fa66d3b5000 r--p 00004000 08:01 273334                     /usr/lib/x86_64-linux-gnu/libXxf86vm.so.1.0.0
7fa66d3b5000-7fa66d3b6000 rw-p 00005000 08:01 273334                     /usr/lib/x86_64-linux-gnu/libXxf86vm.so.1.0.0
7fa66d3b6000-7fa66d3bd000 r-xp 00000000 08:01 265883                     /usr/lib/x86_64-linux-gnu/libXrandr.so.2.2.0
7fa66d3bd000-7fa66d5bd000 ---p 00007000 08:01 265883                     /usr/lib/x86_64-linux-gnu/libXrandr.so.2.2.0
7fa66d5bd000-7fa66d5be000 rw-p 00007000 08:01 265883                     /usr/lib/x86_64-linux-gnu/libXrandr.so.2.2.0
7fa66d5be000-7fa66d62a000 r-xp 00000000 08:01 551352                     /tmp/libgdxnemo9955/7b43be9b/liblwjgl64.so (deleted)
7fa66d62a000-7fa66d829000 ---p 0006c000 08:01 551352                     /tmp/libgdxnemo9955/7b43be9b/liblwjgl64.so (deleted)
7fa66d829000-7fa66d82b000 r--p 0006b000 08:01 551352                     /tmp/libgdxnemo9955/7b43be9b/liblwjgl64.so (deleted)
7fa66d82b000-7fa66d82c000 rw-p 0006d000 08:01 551352                     /tmp/libgdxnemo9955/7b43be9b/liblwjgl64.so (deleted)
7fa66d82c000-7fa66d82d000 r-xp 00000000 08:01 144229                     /usr/lib/jvm/java-6-openjdk-amd64/jre/lib/amd64/libjawt.so
7fa66d82d000-7fa66da2c000 ---p 00001000 08:01 144229                     /usr/lib/jvm/java-6-openjdk-amd64/jre/lib/amd64/libjawt.so
7fa66da2c000-7fa66da2d000 rw-p 00000000 08:01 144229                     /usr/lib/jvm/java-6-openjdk-amd64/jre/lib/amd64/libjawt.so
7fa66da2d000-7fa66da32000 r-xp 00000000 08:01 273531                     /usr/lib/x86_64-linux-gnu/libXfixes.so.3.1.0
7fa66da32000-7fa66dc31000 ---p 00005000 08:01 273531                     /usr/lib/x86_64-linux-gnu/libXfixes.so.3.1.0
7fa66dc31000-7fa66dc32000 r--p 00004000 08:01 273531                     /usr/lib/x86_64-linux-gnu/libXfixes.so.3.1.0
7fa66dc32000-7fa66dc33000 rw-p 00005000 08:01 273531                     /usr/lib/x86_64-linux-gnu/libXfixes.so.3.1.0
7fa66dc33000-7fa66dc3c000 r--s 00000000 08:01 277048                     /var/cache/fontconfig/945677eb7aeaf62f1d50efc3fb3ec7d8-le64.cache-3
7fa66dc3c000-7fa66dc41000 r--s 00000000 08:01 271253                     /var/cache/fontconfig/6eb3985aa4124903f6ff08ba781cd364-le64.cache-3
7fa66dc41000-7fa66dc4a000 r--s 00000000 08:01 278568                     /var/cache/fontconfig/6d41288fd70b0be22e8c3a91e032eec0-le64.cache-3
7fa66dc4a000-7fa66dc78000 r--s 00000000 08:01 271260                     /var/cache/fontconfig/365b55f210c0a22e9a19e35191240f32-le64.cache-3
7fa66dc78000-7fa66dc7b000 r--s 00000000 08:01 271247                     /var/cache/fontconfig/c57959a16110560c8d0fcea73374aeeb-le64.cache-3
7fa66dc7b000-7fa66dc80000 r--s 00000000 08:01 271264                     /var/cache/fontconfig/3047814df9a2f067bd2d96a2b9c36e5a-le64.cache-3
7fa66dce8000-7fa66dd05000 rw-s 36c61000 00:05 5680                       /dev/nvidia0
7fa66dd05000-7fa66dd42000 rw-p 00000000 00:00 0 
7fa66dd42000-7fa66dd45000 ---p 00000000 00:00 0 
7fa66dd45000-7fa66de43000 rw-p 00000000 00:00 0 
7fa66de43000-7fa66de4c000 r--s 00000000 08:01 277048                     /var/cache/fontconfig/945677eb7aeaf62f1d50efc3fb3ec7d8-le64.cache-3
7fa66de4c000-7fa66de51000 r--s 00000000 08:01 271253                     /var/cache/fontconfig/6eb3985aa4124903f6ff08ba781cd364-le64.cache-3
7fa66de51000-7fa66de5a000 r--s 00000000 08:01 278568                     /var/cache/fontconfig/6d41288fd70b0be22e8c3a91e032eec0-le64.cache-3
7fa66de5a000-7fa66de88000 r--s 00000000 08:01 271260                     /var/cache/fontconfig/365b55f210c0a22e9a19e35191240f32-le64.cache-3
7fa66de88000-7fa66de8b000 r--s 00000000 08:01 271247                     /var/cache/fontconfig/c57959a16110560c8d0fcea73374aeeb-le64.cache-3
7fa66de8b000-7fa66de90000 r--s 00000000 08:01 271264                     /var/cache/fontconfig/3047814df9a2f067bd2d96a2b9c36e5a-le64.cache-3
7fa66dea5000-7fa66deaf000 r-xp 00000000 08:01 264474                     /usr/lib/x86_64-linux-gnu/libXcursor.so.1.0.2
7fa66deaf000-7fa66e0ae000 ---p 0000a000 08:01 264474                     /usr/lib/x86_64-linux-gnu/libXcursor.so.1.0.2
7fa66e0ae000-7fa66e0af000 rw-p 00009000 08:01 264474                     /usr/lib/x86_64-linux-gnu/libXcursor.so.1.0.2
7fa66e0b1000-7fa66e0b3000 rw-p 00000000 00:00 0 
7fa66e0b3000-7fa66e0b5000 rw-s 00000000 08:01 263726                     /tmp/glDbt9am (deleted)
7fa66e0bb000-7fa66e0bf000 rw-s b2153000 00:05 5680                       /dev/nvidia0
7fa66e0c2000-7fa66e0c9000 r--s 00000000 08:01 282750                     /usr/lib/x86_64-linux-gnu/gconv/gconv-modules.cache
7fa66e0c9000-7fa66e0da000 r--s 00000000 08:01 271249                     /var/cache/fontconfig/d52a8644073d54c13679302ca1180695-le64.cache-3
7fa66e0da000-7fa66e0e1000 r--s 00000000 08:01 271258                     /var/cache/fontconfig/3f7329c5293ffd510edef78f73874cfd-le64.cache-3
7fa66e0e1000-7fa66e0e4000 ---p 00000000 00:00 0 
7fa66e0e4000-7fa66e1e2000 rw-p 00000000 00:00 0 
7fa66e1e2000-7fa66e27b000 r-xp 00000000 08:01 264650                     /usr/lib/x86_64-linux-gnu/libfreetype.so.6.8.1
7fa66e27b000-7fa66e47a000 ---p 00099000 08:01 264650                     /usr/lib/x86_64-linux-gnu/libfreetype.so.6.8.1
7fa66e47a000-7fa66e480000 r--p 00098000 08:01 264650                     /usr/lib/x86_64-linux-gnu/libfreetype.so.6.8.1
7fa66e480000-7fa66e481000 rw-p 0009e000 08:01 264650                     /usr/lib/x86_64-linux-gnu/libfreetype.so.6.8.1
7fa66e481000-7fa66e4c9000 r-xp 00000000 08:01 144223                     /usr/lib/jvm/java-6-openjdk-amd64/jre/lib/amd64/libfontmanager.so
7fa66e4c9000-7fa66e6c9000 ---p 00048000 08:01 144223                     /usr/lib/jvm/java-6-openjdk-amd64/jre/lib/amd64/libfontmanager.so
7fa66e6c9000-7fa66e6cc000 rw-p 00048000 08:01 144223                     /usr/lib/jvm/java-6-openjdk-amd64/jre/lib/amd64/libfontmanager.so
7fa66e6cc000-7fa66e6d1000 r-xp 00000000 08:01 264417                     /usr/lib/x86_64-linux-gnu/libXdmcp.so.6.0.0
7fa66e6d1000-7fa66e8d0000 ---p 00005000 08:01 264417                     /usr/lib/x86_64-linux-gnu/libXdmcp.so.6.0.0
7fa66e8d0000-7fa66e8d1000 rw-p 00004000 08:01 264417                     /usr/lib/x86_64-linux-gnu/libXdmcp.so.6.0.0
7fa66e8d1000-7fa66e8d3000 r-xp 00000000 08:01 264406                     /usr/lib/x86_64-linux-gnu/libXau.so.6.0.0
7fa66e8d3000-7fa66ead3000 ---p 00002000 08:01 264406                     /usr/lib/x86_64-linux-gnu/libXau.so.6.0.0
7fa66ead3000-7fa66ead4000 rw-p 00002000 08:01 264406                     /usr/lib/x86_64-linux-gnu/libXau.so.6.0.0
7fa66ead4000-7fa66eaf3000 r-xp 00000000 08:01 265852                     /usr/lib/x86_64-linux-gnu/libxcb.so.1.1.0
7fa66eaf3000-7fa66ecf2000 ---p 0001f000 08:01 265852                     /usr/lib/x86_64-linux-gnu/libxcb.so.1.1.0
7fa66ecf2000-7fa66ecf3000 r--p 0001e000 08:01 265852                     /usr/lib/x86_64-linux-gnu/libxcb.so.1.1.0
7fa66ecf3000-7fa66ecf4000 rw-p 0001f000 08:01 265852                     /usr/lib/x86_64-linux-gnu/libxcb.so.1.1.0
7fa66ecf4000-7fa66ed02000 r-xp 00000000 08:01 265075                     /usr/lib/x86_64-linux-gnu/libXi.so.6.1.0
7fa66ed02000-7fa66ef02000 ---p 0000e000 08:01 265075                     /usr/lib/x86_64-linux-gnu/libXi.so.6.1.0
7fa66ef02000-7fa66ef03000 rw-p 0000e000 08:01 265075                     /usr/lib/x86_64-linux-gnu/libXi.so.6.1.0
7fa66ef03000-7fa66ef08000 r-xp 00000000 08:01 274483                     /usr/lib/x86_64-linux-gnu/libXtst.so.6.1.0
7fa66ef08000-7fa66f107000 ---p 00005000 08:01 274483                     /usr/lib/x86_64-linux-gnu/libXtst.so.6.1.0
7fa66f107000-7fa66f108000 rw-p 00004000 08:01 274483                     /usr/lib/x86_64-linux-gnu/libXtst.so.6.1.0
7fa66f108000-7fa66f111000 r-xp 00000000 08:01 264343                     /usr/lib/x86_64-linux-gnu/libXrender.so.1.3.0
7fa66f111000-7fa66f310000 ---p 00009000 08:01 264343                     /usr/lib/x86_64-linux-gnu/libXrender.so.1.3.0
7fa66f310000-7fa66f311000 rw-p 00008000 08:01 264343                     /usr/lib/x86_64-linux-gnu/libXrender.so.1.3.0
7fa66f311000-7fa66f446000 r-xp 00000000 08:01 265870                     /usr/lib/x86_64-linux-gnu/libX11.so.6.3.0
7fa66f446000-7fa66f646000 ---p 00135000 08:01 265870                     /usr/lib/x86_64-linux-gnu/libX11.so.6.3.0
7fa66f646000-7fa66f64c000 rw-p 00135000 08:01 265870                     /usr/lib/x86_64-linux-gnu/libX11.so.6.3.0
7fa66f64c000-7fa66f65d000 r-xp 00000000 08:01 264595                     /usr/lib/x86_64-linux-gnu/libXext.so.6.4.0
7fa66f65d000-7fa66f85d000 ---p 00011000 08:01 264595                     /usr/lib/x86_64-linux-gnu/libXext.so.6.4.0
7fa66f85d000-7fa66f85e000 rw-p 00011000 08:01 264595                     /usr/lib/x86_64-linux-gnu/libXext.so.6.4.0
7fa66f85e000-7fa66f8ab000 r-xp 00000000 08:01 144391                     /usr/lib/jvm/java-6-openjdk-amd64/jre/lib/amd64/xawt/libmawt.so
7fa66f8ab000-7fa66faaa000 ---p 0004d000 08:01 144391                     /usr/lib/jvm/java-6-openjdk-amd64/jre/lib/amd64/xawt/libmawt.so
7fa66faaa000-7fa66faae000 rw-p 0004c000 08:01 144391                     /usr/lib/jvm/java-6-openjdk-amd64/jre/lib/amd64/xawt/libmawt.so
7fa66faae000-7fa66faaf000 rw-p 00000000 00:00 0 
7fa66faaf000-7fa66fb5f000 r-xp 00000000 08:01 144230                     /usr/lib/jvm/java-6-openjdk-amd64/jre/lib/amd64/libawt.so
7fa66fb5f000-7fa66fd5e000 ---p 000b0000 08:01 144230                     /usr/lib/jvm/java-6-openjdk-amd64/jre/lib/amd64/libawt.so
7fa66fd5e000-7fa66fd6a000 rw-p 000af000 08:01 144230                     /usr/lib/jvm/java-6-openjdk-amd64/jre/lib/amd64/libawt.so
7fa66fd6a000-7fa66fd8e000 rw-p 00000000 00:00 0 
7fa66fd8e000-7fa66fdfd000 r-xp 00000000 08:01 551337                     /tmp/libgdxnemo9955/b4a54a2/libgdx64.so
7fa66fdfd000-7fa66fffc000 ---p 0006f000 08:01 551337                     /tmp/libgdxnemo9955/b4a54a2/libgdx64.so
7fa66fffc000-7fa66fffe000 r--p 0006e000 08:01 551337                     /tmp/libgdxnemo9955/b4a54a2/libgdx64.so
7fa66fffe000-7fa66ffff000 rw-p 00070000 08:01 551337                     /tmp/libgdxnemo9955/b4a54a2/libgdx64.so
7fa66ffff000-7fa670000000 rw-p 00000000 00:00 0 
7fa670000000-7fa670c4b000 rw-p 00000000 00:00 0 
7fa670c4b000-7fa674000000 ---p 00000000 00:00 0 
7fa674001000-7fa674002000 rw-s fd060000 00:05 5680                       /dev/nvidia0
7fa674002000-7fa674004000 r--s 00000000 08:01 271267                     /var/cache/fontconfig/e13b20fdb08344e0e664864cc2ede53d-le64.cache-3
7fa674004000-7fa674015000 r--s 00000000 08:01 271249                     /var/cache/fontconfig/d52a8644073d54c13679302ca1180695-le64.cache-3
7fa674015000-7fa67401c000 r--s 00000000 08:01 271258                     /var/cache/fontconfig/3f7329c5293ffd510edef78f73874cfd-le64.cache-3
7fa67401c000-7fa67401e000 r--s 00000000 08:01 271267                     /var/cache/fontconfig/e13b20fdb08344e0e664864cc2ede53d-le64.cache-3
7fa67401e000-7fa674025000 r--s 000fc000 08:01 143749                     /usr/lib/jvm/java-6-openjdk-common/jre/lib/resources.jar
7fa674025000-7fa674026000 r--s 00127000 08:06 9437307                    /home/nemo9955/CodeStation/proiecte/Garden_Revolution/Garden_Revolution-desktop/libs/gdx-natives.jar
7fa674026000-7fa674027000 r--s 00004000 08:06 9437342                    /home/nemo9955/CodeStation/proiecte/Garden_Revolution/Garden_Revolution-desktop/libs/gdx-controllers-desktop.jar
7fa674027000-7fa674028000 r--s 00100000 08:06 9437237                    /home/nemo9955/CodeStation/proiecte/Garden_Revolution/Garden_Revolution-desktop/libs/gdx-controllers-desktop-natives.jar
7fa674028000-7fa674039000 r--s 0012b000 08:06 9437394                    /home/nemo9955/CodeStation/proiecte/Garden_Revolution/Garden_Revolution-desktop/libs/gdx-backend-lwjgl.jar
7fa674039000-7fa674040000 r--s 0004c000 08:06 9437312                    /home/nemo9955/CodeStation/proiecte/Garden_Revolution/Garden_Revolution-main/libs/kryonet-2.21-all.jar
7fa674040000-7fa674041000 ---p 00000000 00:00 0 
7fa674041000-7fa674141000 rw-p 00000000 00:00 0 
7fa674141000-7fa674144000 ---p 00000000 00:00 0 
7fa674144000-7fa674242000 rw-p 00000000 00:00 0 
7fa674242000-7fa674245000 ---p 00000000 00:00 0 
7fa674245000-7fa674343000 rw-p 00000000 00:00 0 
7fa674343000-7fa674346000 ---p 00000000 00:00 0 
7fa674346000-7fa674444000 rw-p 00000000 00:00 0 
7fa674444000-7fa674447000 ---p 00000000 00:00 0 
7fa674447000-7fa674545000 rw-p 00000000 00:00 0 
7fa674545000-7fa6746bc000 r--p 00000000 08:01 139605                     /usr/lib/locale/locale-archive
7fa6746bc000-7fa6746bf000 ---p 00000000 00:00 0 
7fa6746bf000-7fa6747bd000 rw-p 00000000 00:00 0 
7fa6747bd000-7fa6747c0000 ---p 00000000 00:00 0 
7fa6747c0000-7fa6748be000 rw-p 00000000 00:00 0 
7fa6748be000-7fa6748bf000 ---p 00000000 00:00 0 
7fa6748bf000-7fa674cf5000 rw-p 00000000 00:00 0 
7fa674cf5000-7fa674e89000 r--s 03807000 08:01 144270                     /usr/lib/jvm/java-6-openjdk-amd64/jre/lib/rt.jar
7fa674e89000-7fa674eb1000 rw-p 00000000 00:00 0 
7fa674eb1000-7fa674eb2000 ---p 00000000 00:00 0 
7fa674eb2000-7fa674fb2000 rw-p 00000000 00:00 0 
7fa674fb2000-7fa674fb3000 ---p 00000000 00:00 0 
7fa674fb3000-7fa6750be000 rw-p 00000000 00:00 0 
7fa6750be000-7fa675106000 rw-p 00000000 00:00 0 
7fa675106000-7fa675117000 rw-p 00000000 00:00 0 
7fa675117000-7fa675212000 rw-p 00000000 00:00 0 
7fa675212000-7fa67521d000 rw-p 00000000 00:00 0 
7fa67521d000-7fa675265000 rw-p 00000000 00:00 0 
7fa675265000-7fa675276000 rw-p 00000000 00:00 0 
7fa675276000-7fa675371000 rw-p 00000000 00:00 0 
7fa675371000-7fa67537a000 rw-p 00000000 00:00 0 
7fa67537a000-7fa6753f7000 rw-p 00000000 00:00 0 
7fa6753f7000-7fa6753f8000 rw-p 00000000 00:00 0 
7fa6753f8000-7fa675668000 rwxp 00000000 00:00 0 
7fa675668000-7fa6783f8000 rw-p 00000000 00:00 0 
7fa6783f8000-7fa6783ff000 r-xp 00000000 08:01 144259                     /usr/lib/jvm/java-6-openjdk-amd64/jre/lib/amd64/libzip.so
7fa6783ff000-7fa6785fe000 ---p 00007000 08:01 144259                     /usr/lib/jvm/java-6-openjdk-amd64/jre/lib/amd64/libzip.so
7fa6785fe000-7fa6785ff000 rw-p 00006000 08:01 144259                     /usr/lib/jvm/java-6-openjdk-amd64/jre/lib/amd64/libzip.so
7fa6785ff000-7fa67860a000 r-xp 00000000 08:01 916446                     /lib/x86_64-linux-gnu/libnss_files-2.13.so
7fa67860a000-7fa678809000 ---p 0000b000 08:01 916446                     /lib/x86_64-linux-gnu/libnss_files-2.13.so
7fa678809000-7fa67880a000 r--p 0000a000 08:01 916446                     /lib/x86_64-linux-gnu/libnss_files-2.13.so
7fa67880a000-7fa67880b000 rw-p 0000b000 08:01 916446                     /lib/x86_64-linux-gnu/libnss_files-2.13.so
7fa67880b000-7fa678815000 r-xp 00000000 08:01 916442                     /lib/x86_64-linux-gnu/libnss_nis-2.13.so
7fa678815000-7fa678a14000 ---p 0000a000 08:01 916442                     /lib/x86_64-linux-gnu/libnss_nis-2.13.so
7fa678a14000-7fa678a15000 r--p 00009000 08:01 916442                     /lib/x86_64-linux-gnu/libnss_nis-2.13.so
7fa678a15000-7fa678a16000 rw-p 0000a000 08:01 916442                     /lib/x86_64-linux-gnu/libnss_nis-2.13.so
7fa678a16000-7fa678a1d000 r-xp 00000000 08:01 916435                     /lib/x86_64-linux-gnu/libnss_compat-2.13.so
7fa678a1d000-7fa678c1c000 ---p 00007000 08:01 916435                     /lib/x86_64-linux-gnu/libnss_compat-2.13.so
7fa678c1c000-7fa678c1d000 r--p 00006000 08:01 916435                     /lib/x86_64-linux-gnu/libnss_compat-2.13.so
7fa678c1d000-7fa678c1e000 rw-p 00007000 08:01 916435                     /lib/x86_64-linux-gnu/libnss_compat-2.13.so
7fa678c1e000-7fa678c33000 r-xp 00000000 08:01 916440                     /lib/x86_64-linux-gnu/libnsl-2.13.so
7fa678c33000-7fa678e32000 ---p 00015000 08:01 916440                     /lib/x86_64-linux-gnu/libnsl-2.13.so
7fa678e32000-7fa678e33000 r--p 00014000 08:01 916440                     /lib/x86_64-linux-gnu/libnsl-2.13.so
7fa678e33000-7fa678e34000 rw-p 00015000 08:01 916440                     /lib/x86_64-linux-gnu/libnsl-2.13.so
7fa678e34000-7fa678e36000 rw-p 00000000 00:00 0 
7fa678e36000-7fa678e64000 r-xp 00000000 08:01 144245                     /usr/lib/jvm/java-6-openjdk-amd64/jre/lib/amd64/libjava.so
7fa678e64000-7fa679063000 ---p 0002e000 08:01 144245                     /usr/lib/jvm/java-6-openjdk-amd64/jre/lib/amd64/libjava.so
7fa679063000-7fa679067000 rw-p 0002d000 08:01 144245                     /usr/lib/jvm/java-6-openjdk-amd64/jre/lib/amd64/libjava.so
7fa679067000-7fa679076000 r-xp 00000000 08:01 144228                     /usr/lib/jvm/java-6-openjdk-amd64/jre/lib/amd64/libverify.so
7fa679076000-7fa679275000 ---p 0000f000 08:01 144228                     /usr/lib/jvm/java-6-openjdk-amd64/jre/lib/amd64/libverify.so
7fa679275000-7fa679277000 rw-p 0000e000 08:01 144228                     /usr/lib/jvm/java-6-openjdk-amd64/jre/lib/amd64/libverify.so
7fa679277000-7fa67927e000 r-xp 00000000 08:01 916450                     /lib/x86_64-linux-gnu/librt-2.13.so
7fa67927e000-7fa67947d000 ---p 00007000 08:01 916450                     /lib/x86_64-linux-gnu/librt-2.13.so
7fa67947d000-7fa67947e000 r--p 00006000 08:01 916450                     /lib/x86_64-linux-gnu/librt-2.13.so
7fa67947e000-7fa67947f000 rw-p 00007000 08:01 916450                     /lib/x86_64-linux-gnu/librt-2.13.so
7fa67947f000-7fa679494000 r-xp 00000000 08:01 916059                     /lib/x86_64-linux-gnu/libgcc_s.so.1
7fa679494000-7fa679694000 ---p 00015000 08:01 916059                     /lib/x86_64-linux-gnu/libgcc_s.so.1
7fa679694000-7fa679695000 rw-p 00015000 08:01 916059                     /lib/x86_64-linux-gnu/libgcc_s.so.1
7fa679695000-7fa679716000 r-xp 00000000 08:01 916437                     /lib/x86_64-linux-gnu/libm-2.13.so
7fa679716000-7fa679915000 ---p 00081000 08:01 916437                     /lib/x86_64-linux-gnu/libm-2.13.so
7fa679915000-7fa679916000 r--p 00080000 08:01 916437                     /lib/x86_64-linux-gnu/libm-2.13.so
7fa679916000-7fa679917000 rw-p 00081000 08:01 916437                     /lib/x86_64-linux-gnu/libm-2.13.so
7fa679917000-7fa6799ff000 r-xp 00000000 08:01 265105                     /usr/lib/x86_64-linux-gnu/libstdc++.so.6.0.17
7fa6799ff000-7fa679bff000 ---p 000e8000 08:01 265105                     /usr/lib/x86_64-linux-gnu/libstdc++.so.6.0.17
7fa679bff000-7fa679c07000 r--p 000e8000 08:01 265105                     /usr/lib/x86_64-linux-gnu/libstdc++.so.6.0.17
7fa679c07000-7fa679c09000 rw-p 000f0000 08:01 265105                     /usr/lib/x86_64-linux-gnu/libstdc++.so.6.0.17
7fa679c09000-7fa679c1e000 rw-p 00000000 00:00 0 
7fa679c1e000-7fa67a532000 r-xp 00000000 08:01 144235                     /usr/lib/jvm/java-6-openjdk-amd64/jre/lib/amd64/server/libjvm.so
7fa67a532000-7fa67a731000 ---p 00914000 08:01 144235                     /usr/lib/jvm/java-6-openjdk-amd64/jre/lib/amd64/server/libjvm.so
7fa67a731000-7fa67a7cd000 rw-p 00913000 08:01 144235                     /usr/lib/jvm/java-6-openjdk-amd64/jre/lib/amd64/server/libjvm.so
7fa67a7cd000-7fa67a7f6000 rw-p 00000000 00:00 0 
7fa67a7f6000-7fa67a978000 r-xp 00000000 08:01 916430                     /lib/x86_64-linux-gnu/libc-2.13.so
7fa67a978000-7fa67ab77000 ---p 00182000 08:01 916430                     /lib/x86_64-linux-gnu/libc-2.13.so
7fa67ab77000-7fa67ab7b000 r--p 00181000 08:01 916430                     /lib/x86_64-linux-gnu/libc-2.13.so
7fa67ab7b000-7fa67ab7c000 rw-p 00185000 08:01 916430                     /lib/x86_64-linux-gnu/libc-2.13.so
7fa67ab7c000-7fa67ab81000 rw-p 00000000 00:00 0 
7fa67ab81000-7fa67ab83000 r-xp 00000000 08:01 916444                     /lib/x86_64-linux-gnu/libdl-2.13.so
7fa67ab83000-7fa67ad83000 ---p 00002000 08:01 916444                     /lib/x86_64-linux-gnu/libdl-2.13.so
7fa67ad83000-7fa67ad84000 r--p 00002000 08:01 916444                     /lib/x86_64-linux-gnu/libdl-2.13.so
7fa67ad84000-7fa67ad85000 rw-p 00003000 08:01 916444                     /lib/x86_64-linux-gnu/libdl-2.13.so
7fa67ad85000-7fa67ad89000 r-xp 00000000 08:01 144232                     /usr/lib/jvm/java-6-openjdk-amd64/jre/lib/amd64/jli/libjli.so
7fa67ad89000-7fa67af88000 ---p 00004000 08:01 144232                     /usr/lib/jvm/java-6-openjdk-amd64/jre/lib/amd64/jli/libjli.so
7fa67af88000-7fa67af89000 rw-p 00003000 08:01 144232                     /usr/lib/jvm/java-6-openjdk-amd64/jre/lib/amd64/jli/libjli.so
7fa67af89000-7fa67afa0000 r-xp 00000000 08:01 916448                     /lib/x86_64-linux-gnu/libpthread-2.13.so
7fa67afa0000-7fa67b19f000 ---p 00017000 08:01 916448                     /lib/x86_64-linux-gnu/libpthread-2.13.so
7fa67b19f000-7fa67b1a0000 r--p 00016000 08:01 916448                     /lib/x86_64-linux-gnu/libpthread-2.13.so
7fa67b1a0000-7fa67b1a1000 rw-p 00017000 08:01 916448                     /lib/x86_64-linux-gnu/libpthread-2.13.so
7fa67b1a1000-7fa67b1a5000 rw-p 00000000 00:00 0 
7fa67b1a5000-7fa67b1bb000 r-xp 00000000 08:01 916168                     /lib/x86_64-linux-gnu/libz.so.1.2.7
7fa67b1bb000-7fa67b3ba000 ---p 00016000 08:01 916168                     /lib/x86_64-linux-gnu/libz.so.1.2.7
7fa67b3ba000-7fa67b3bb000 r--p 00015000 08:01 916168                     /lib/x86_64-linux-gnu/libz.so.1.2.7
7fa67b3bb000-7fa67b3bc000 rw-p 00016000 08:01 916168                     /lib/x86_64-linux-gnu/libz.so.1.2.7
7fa67b3bc000-7fa67b3dc000 r-xp 00000000 08:01 32                         /lib64/ld-2.13.so
7fa67b3dc000-7fa67b3de000 r--s 001a1000 08:06 9437380                    /home/nemo9955/CodeStation/proiecte/Garden_Revolution/Garden_Revolution-desktop/libs/gdx-backend-lwjgl-natives.jar
7fa67b3de000-7fa67b3e1000 r--s 0000b000 08:06 9437369                    /home/nemo9955/CodeStation/proiecte/Garden_Revolution/Garden_Revolution-main/libs/tween-engine-api.jar
7fa67b3e1000-7fa67b3e4000 r--s 0007f000 08:01 143741                     /usr/lib/jvm/java-6-openjdk-common/jre/lib/jsse.jar
7fa67b3e4000-7fa67b3fa000 r--s 00157000 08:06 9437270                    /home/nemo9955/CodeStation/proiecte/Garden_Revolution/Garden_Revolution-main/libs/gdx.jar
7fa67b3fa000-7fa67b404000 rw-p 00000000 00:00 0 
7fa67b404000-7fa67b4ba000 rw-p 00000000 00:00 0 
7fa67b4ba000-7fa67b4bd000 ---p 00000000 00:00 0 
7fa67b4bd000-7fa67b5c0000 rw-p 00000000 00:00 0 
7fa67b5c0000-7fa67b5c1000 r--s 00002000 08:06 9437214                    /home/nemo9955/CodeStation/proiecte/Garden_Revolution/Garden_Revolution-main/libs/gdx-controllers.jar
7fa67b5c1000-7fa67b5c5000 r--s 00039000 08:01 143733                     /usr/lib/jvm/java-6-openjdk-common/jre/lib/ext/sunpkcs11.jar
7fa67b5c5000-7fa67b5c7000 r--s 0000f000 08:01 143734                     /usr/lib/jvm/java-6-openjdk-common/jre/lib/ext/pulse-java.jar
7fa67b5c7000-7fa67b5ca000 r--s 00031000 08:01 143736                     /usr/lib/jvm/java-6-openjdk-common/jre/lib/ext/sunjce_provider.jar
7fa67b5ca000-7fa67b5cd000 r--s 00077000 08:01 143735                     /usr/lib/jvm/java-6-openjdk-common/jre/lib/ext/localedata.jar
7fa67b5cd000-7fa67b5cf000 r--s 00001000 08:01 143737                     /usr/lib/jvm/java-6-openjdk-common/jre/lib/ext/dnsns.jar
7fa67b5cf000-7fa67b5d0000 r--s 00007000 08:01 916596                     /usr/share/java/java-atk-wrapper.jar
7fa67b5d0000-7fa67b5d8000 rw-s 00000000 08:01 400814                     /tmp/hsperfdata_nemo9955/7131
7fa67b5d8000-7fa67b5d9000 rw-p 00000000 00:00 0 
7fa67b5d9000-7fa67b5da000 r--p 00000000 00:00 0 
7fa67b5da000-7fa67b5db000 rw-p 00000000 00:00 0 
7fa67b5db000-7fa67b5dc000 r--p 0001f000 08:01 32                         /lib64/ld-2.13.so
7fa67b5dc000-7fa67b5dd000 rw-p 00020000 08:01 32                         /lib64/ld-2.13.so
7fa67b5dd000-7fa67b5de000 rw-p 00000000 00:00 0 
7fff23f78000-7fff23f99000 rw-p 00000000 00:00 0                          [stack]
7fff23fff000-7fff24000000 r-xp 00000000 00:00 0                          [vdso]
ffffffffff600000-ffffffffff601000 r-xp 00000000 00:00 0                  [vsyscall]

VM Arguments:
jvm_args: -Dfile.encoding=UTF-8 
java_command: com.nemo9955.garden_revolution.Main
Launcher Type: SUN_STANDARD

Environment Variables:
PATH=/home/nemo9955/bin:/usr/sbin:/sbin:/usr/local/bin:/usr/bin:/bin:/usr/local/games:/usr/games
LD_LIBRARY_PATH=/usr/lib/jvm/java-6-openjdk-amd64/jre/lib/amd64/server:/usr/lib/jvm/java-6-openjdk-amd64/jre/lib/amd64:/usr/lib/jvm/java-6-openjdk-amd64/jre/../lib/amd64
SHELL=/bin/bash
DISPLAY=:0.0

Signal Handlers:
SIGSEGV: [libjvm.so+0x791b10], sa_mask[0]=0x7ffbfeff, sa_flags=0x10000004
SIGBUS: [libjvm.so+0x791b10], sa_mask[0]=0x7ffbfeff, sa_flags=0x10000004
SIGFPE: [libjvm.so+0x65ace0], sa_mask[0]=0x7ffbfeff, sa_flags=0x10000004
SIGPIPE: [libjvm.so+0x65ace0], sa_mask[0]=0x7ffbfeff, sa_flags=0x10000004
SIGXFSZ: [libjvm.so+0x65ace0], sa_mask[0]=0x7ffbfeff, sa_flags=0x10000004
SIGILL: [libjvm.so+0x65ace0], sa_mask[0]=0x7ffbfeff, sa_flags=0x10000004
SIGUSR1: SIG_DFL, sa_mask[0]=0x00000000, sa_flags=0x00000000
SIGUSR2: [libjvm.so+0x65aec0], sa_mask[0]=0x00000004, sa_flags=0x10000004
SIGHUP: [libjvm.so+0x65d500], sa_mask[0]=0x7ffbfeff, sa_flags=0x10000004
SIGINT: [libjvm.so+0x65d500], sa_mask[0]=0x7ffbfeff, sa_flags=0x10000004
SIGTERM: [libjvm.so+0x65d500], sa_mask[0]=0x7ffbfeff, sa_flags=0x10000004
SIGQUIT: [libjvm.so+0x65d500], sa_mask[0]=0x7ffbfeff, sa_flags=0x10000004


---------------  S Y S T E M  ---------------

OS:7.3

uname:Linux 3.2.0-4-amd64 #1 SMP Debian 3.2.51-1 x86_64
libc:glibc 2.13 NPTL 2.13 
rlimit: STACK 8192k, CORE 0k, NPROC 25587, NOFILE 4096, AS infinity
load average:0.74 0.42 0.31

/proc/meminfo:
MemTotal:        3287396 kB
MemFree:         1897496 kB
Buffers:           51740 kB
Cached:           548884 kB
SwapCached:         6072 kB
Active:           832532 kB
Inactive:         398068 kB
Active(anon):     604260 kB
Inactive(anon):    28444 kB
Active(file):     228272 kB
Inactive(file):   369624 kB
Unevictable:        2220 kB
Mlocked:            2456 kB
SwapTotal:       3025916 kB
SwapFree:        2823108 kB
Dirty:                48 kB
Writeback:            12 kB
AnonPages:        624352 kB
Mapped:            54516 kB
Shmem:               944 kB
Slab:              62272 kB
SReclaimable:      34192 kB
SUnreclaim:        28080 kB
KernelStack:        2552 kB
PageTables:        10700 kB
NFS_Unstable:          0 kB
Bounce:                0 kB
WritebackTmp:          0 kB
CommitLimit:     4669612 kB
Committed_AS:    1831840 kB
VmallocTotal:   34359738367 kB
VmallocUsed:      315828 kB
VmallocChunk:   34359419900 kB
HardwareCorrupted:     0 kB
AnonHugePages:         0 kB
HugePages_Total:       0
HugePages_Free:        0
HugePages_Rsvd:        0
HugePages_Surp:        0
Hugepagesize:       2048 kB
DirectMap4k:      548544 kB
DirectMap2M:     2793472 kB


CPU:total 2 (2 cores per cpu, 1 threads per core) family 6 model 23 stepping 10, cmov, cx8, fxsr, mmx, sse, sse2, sse3, ssse3, sse4.1

Memory: 4k page, physical 3287396k(1899784k free), swap 3025916k(2823108k free)

vm_info: OpenJDK 64-Bit Server VM (20.0-b12) for linux-amd64 JRE (1.6.0_27-b27), built on Jul 12 2013 09:04:12 by "jmm" with gcc 4.7.2

time: Mon Feb 24 23:17:46 2014
elapsed time: 23250 seconds

