#
# A fatal error has been detected by the Java Runtime Environment:
#
#  SIGBUS (0x7) at pc=0x00007f9df0b4e2b0, pid=4891, tid=140316130965248
#
# JRE version: 6.0_27-b27
# Java VM: OpenJDK 64-Bit Server VM (20.0-b12 mixed mode linux-amd64 compressed oops)
# Derivative: IcedTea6 1.12.6
# Distribution: Debian GNU/Linux 7.1 (wheezy), package 6b27-1.12.6-1~deb7u1
# Problematic frame:
# 
[error occurred during error reporting (printing problematic frame), id 0x7]

# If you would like to submit a bug report, please include
# instructions how to reproduce the bug and visit:
#   http://icedtea.classpath.org/bugzilla
# The crash happened outside the Java Virtual Machine in native code.
# See problematic frame for where to report the bug.
#

---------------  T H R E A D  ---------------

Current thread (0x00007f9dec2a8000):  JavaThread "LWJGL Application" [_thread_in_native, id=5039, stack(0x00007f9de5147000,0x00007f9de5248000)]

siginfo:si_signo=SIGBUS: si_errno=0, si_code=2 (BUS_ADRERR), si_addr=0x00007f9df0b4e2b0

Registers:
RAX=0x0000000000000000, RBX=0x00000000006e006f, RCX=0x00007f9de50239e0, RDX=0x0000000000000000
RSP=0x00007f9de52465a8, RBP=0x00007f9de52465f0, RSI=0x00007f9de52465e0, RDI=0x00007f9dec2a81d0
R8 =0x00000000f02a04d8, R9 =0x00000000f02a04d8, R10=0x00007f9df4d850e4, R11=0x00007f9de50239e0
R12=0x0000000000000000, R13=0x0000000000000007, R14=0x00007f9de52465e0, R15=0x00007f9dec2a8000
RIP=0x00007f9df0b4e2b0, EFLAGS=0x0000000000010246, CSGSFS=0x0000000000000033, ERR=0x0000000000000014
  TRAPNO=0x000000000000000e

Top of Stack: (sp=0x00007f9de52465a8)
0x00007f9de52465a8:   00007f9df4d85156 00007f9dc3614610
0x00007f9de52465b8:   00000000ef690ea0 00000000fffffffe
0x00007f9de52465c8:   00000000c4068e88 c1cba74700000000
0x00007f9de52465d8:   00007f9de52465d8 00000000c40916c0
0x00007f9de52465e8:   00007f9de5246668 00000000f0357308
0x00007f9de52465f8:   00007f9df4d83110 f02a0f8800000000
0x00007f9de5246608:   00000000ef6906e8 00000000ef690928
0x00007f9de5246618:   c4068e8800000003 00007f9d00000000
0x00007f9de5246628:   00000000f02a0f88 00007f9de50239e0
0x00007f9de5246638:   00007f9de5021f40 00007f9de52466b0
0x00007f9de5246648:   00007f9dec19ff50 00000000ef6908f0
0x00007f9de5246658:   0000000000001403 00007f9de52466d8
0x00007f9de5246668:   00007f9df4ccadb4 00007f9de52466d8
0x00007f9de5246678:   00007f9df4ccadb4 0000000000000000
0x00007f9de5246688:   00000000ef690928 00000000ef6906e8
0x00007f9de5246698:   00007f9de5246698 00000000c405f1b3
0x00007f9de52466a8:   00007f9de52466f8 00000000c4065220
0x00007f9de52466b8:   00000000c43184b0 00000000c405f200
0x00007f9de52466c8:   00007f9de5246680 00007f9de52466e8
0x00007f9de52466d8:   00007f9de5246740 00007f9df4cca8da
0x00007f9de52466e8:   0000000000000000 00000000ef690928
0x00007f9de52466f8:   00000000ef690618 00007f9de5246700
0x00007f9de5246708:   00000000c405f09b 00007f9de5246758
0x00007f9de5246718:   00000000c4065220 00000000c4318380
0x00007f9de5246728:   00000000c405f0c0 00007f9de52466e8
0x00007f9de5246738:   00007f9de5246750 00007f9de52467a0
0x00007f9de5246748:   00007f9df4cca8da 00000000ef690928
0x00007f9de5246758:   00000000ef690618 00007f9de5246760
0x00007f9de5246768:   00000000c405fa7f 00007f9de52467f0
0x00007f9de5246778:   00000000c4065220 00000000c4317588
0x00007f9de5246788:   00000000c405fb10 00007f9de5246750
0x00007f9de5246798:   00007f9de5246800 00000000ef690928 

Instructions: (pc=0x00007f9df0b4e2b0)
0x00007f9df0b4e290:   
[error occurred during error reporting (printing registers, top of stack, instructions near pc), id 0x7]

Register to memory mapping:

RAX=0x0000000000000000 is an unknown value
RBX=0x00000000006e006f is an unknown value
RCX=0x00007f9de50239e0: glDisableVertexAttribArray+0 in /usr/lib/x86_64-linux-gnu/libGL.so.1 at 0x00007f9de4d29000
RDX=0x0000000000000000 is an unknown value
RSP=0x00007f9de52465a8 is pointing into the stack for thread: 0x00007f9dec2a8000
RBP=0x00007f9de52465f0 is pointing into the stack for thread: 0x00007f9dec2a8000
RSI=0x00007f9de52465e0 is pointing into the stack for thread: 0x00007f9dec2a8000
RDI=0x00007f9dec2a81d0 is an unknown value
R8 =0x00000000f02a04d8 is an oop
com.badlogic.gdx.backends.lwjgl.LwjglApplication$1 
 - klass: 'com/badlogic/gdx/backends/lwjgl/LwjglApplication$1'
R9 =0x00000000f02a04d8 is an oop
com.badlogic.gdx.backends.lwjgl.LwjglApplication$1 
 - klass: 'com/badlogic/gdx/backends/lwjgl/LwjglApplication$1'
R10=0x00007f9df4d84f10 [CodeBlob (0x00007f9df4d84f10)]
Framesize: 10
R11=0x00007f9de50239e0: glDisableVertexAttribArray+0 in /usr/lib/x86_64-linux-gnu/libGL.so.1 at 0x00007f9de4d29000
R12=0x0000000000000000 is an unknown value
R13=0x0000000000000007 is an unknown value
R14=0x00007f9de52465e0 is pointing into the stack for thread: 0x00007f9dec2a8000
R15=0x00007f9dec2a8000 is a thread


Stack: [0x00007f9de5147000,0x00007f9de5248000],  sp=0x00007f9de52465a8,  free space=1021k
Native frames: (J=compiled Java code, j=interpreted, Vv=VM code, C=native code)

[error occurred during error reporting (printing native stack), id 0x7]

Java frames: (J=compiled Java code, j=interpreted, Vv=VM code)
J  org.lwjgl.opengl.GL20.nglDisableVertexAttribArray(IJ)V
J  com.badlogic.gdx.graphics.glutils.VertexArray.unbind(Lcom/badlogic/gdx/graphics/glutils/ShaderProgram;[I)V
j  com.badlogic.gdx.graphics.Mesh.unbind(Lcom/badlogic/gdx/graphics/glutils/ShaderProgram;[I)V+27
j  com.badlogic.gdx.graphics.Mesh.unbind(Lcom/badlogic/gdx/graphics/glutils/ShaderProgram;)V+3
j  com.badlogic.gdx.graphics.Mesh.render(Lcom/badlogic/gdx/graphics/glutils/ShaderProgram;IIIZ)V+199
J  com.badlogic.gdx.scenes.scene2d.Group.drawChildren(Lcom/badlogic/gdx/graphics/g2d/Batch;F)V
j  com.badlogic.gdx.scenes.scene2d.Group.draw(Lcom/badlogic/gdx/graphics/g2d/Batch;F)V+19
j  com.badlogic.gdx.scenes.scene2d.Stage.draw()V+52
j  com.nemo9955.garden_revolution.states.Menu.render(F)V+42
j  com.badlogic.gdx.Game.render()V+19
j  com.badlogic.gdx.backends.lwjgl.LwjglApplication.mainLoop()V+642
j  com.badlogic.gdx.backends.lwjgl.LwjglApplication$1.run()V+27
v  ~StubRoutines::call_stub

---------------  P R O C E S S  ---------------

Java Threads: ( => current thread )
  0x00007f9dec9e1800 JavaThread "AsynchExecutor-Thread" daemon [_thread_blocked, id=5044, stack(0x00007f9de5046000,0x00007f9de5147000)]
  0x00007f9dec306000 JavaThread "DestroyJavaVM" [_thread_blocked, id=4894, stack(0x00007f9dfb33c000,0x00007f9dfb43d000)]
=>0x00007f9dec2a8000 JavaThread "LWJGL Application" [_thread_in_native, id=5039, stack(0x00007f9de5147000,0x00007f9de5248000)]
  0x00007f9dec268000 JavaThread "AWT-XAWT" daemon [_thread_in_native, id=5035, stack(0x00007f9df1283000,0x00007f9df1384000)]
  0x00007f9dec0c9000 JavaThread "Java2D Disposer" daemon [_thread_blocked, id=5034, stack(0x00007f9df1622000,0x00007f9df1723000)]
  0x00007f9dec004800 JavaThread "Low Memory Detector" daemon [_thread_blocked, id=4915, stack(0x00007f9df367e000,0x00007f9df377f000)]
  0x00007f9dec001800 JavaThread "C2 CompilerThread1" daemon [_thread_blocked, id=4914, stack(0x00007f9df377f000,0x00007f9df3880000)]
  0x00000000018a6000 JavaThread "C2 CompilerThread0" daemon [_thread_blocked, id=4912, stack(0x00007f9df3880000,0x00007f9df3981000)]
  0x0000000001898800 JavaThread "JDWP Command Reader" daemon [_thread_in_native, id=4908, stack(0x00007f9df3981000,0x00007f9df3a82000)]
  0x0000000001896800 JavaThread "JDWP Event Helper Thread" daemon [_thread_blocked, id=4907, stack(0x00007f9df3a82000,0x00007f9df3b83000)]
  0x0000000001893000 JavaThread "JDWP Transport Listener: dt_socket" daemon [_thread_blocked, id=4905, stack(0x00007f9df3b83000,0x00007f9df3c84000)]
  0x0000000001885000 JavaThread "Signal Dispatcher" daemon [_thread_blocked, id=4903, stack(0x00007f9df3e88000,0x00007f9df3f89000)]
  0x0000000001861800 JavaThread "Finalizer" daemon [_thread_blocked, id=4902, stack(0x00007f9df3f89000,0x00007f9df408a000)]
  0x000000000185f800 JavaThread "Reference Handler" daemon [_thread_blocked, id=4901, stack(0x00007f9df408a000,0x00007f9df418b000)]

Other Threads:
  0x000000000185a800 VMThread [stack: 0x00007f9df418b000,0x00007f9df428c000] [id=4900]
  0x00007f9dec007000 WatcherThread [stack: 0x00007f9df357d000,0x00007f9df367e000] [id=4916]

VM state:not at safepoint (normal execution)

VM Mutex/Monitor currently owned by a thread: None

Heap
 PSYoungGen      total 14976K, used 5089K [0x00000000ef400000, 0x00000000f04b0000, 0x0000000100000000)
  eden space 12864K, 30% used [0x00000000ef400000,0x00000000ef7e1518,0x00000000f0090000)
  from space 2112K, 52% used [0x00000000f02a0000,0x00000000f03b7140,0x00000000f04b0000)
  to   space 2112K, 0% used [0x00000000f0090000,0x00000000f0090000,0x00000000f02a0000)
 PSOldGen        total 34304K, used 0K [0x00000000cdc00000, 0x00000000cfd80000, 0x00000000ef400000)
  object space 34304K, 0% used [0x00000000cdc00000,0x00000000cdc00000,0x00000000cfd80000)
 PSPermGen       total 21248K, used 13415K [0x00000000c3600000, 0x00000000c4ac0000, 0x00000000cdc00000)
  object space 21248K, 63% used [0x00000000c3600000,0x00000000c4319e78,0x00000000c4ac0000)

Code Cache  [0x00007f9df4cc5000, 0x00007f9df4f35000, 0x00007f9df7cc5000)
 total_blobs=629 nmethods=116 adapters=475 free_code_cache=49500032 largest_free_block=12480

Dynamic libraries:
00400000-00409000 r-xp 00000000 08:01 144298                             /usr/lib/jvm/java-6-openjdk-amd64/jre/bin/java
00608000-00609000 rw-p 00008000 08:01 144298                             /usr/lib/jvm/java-6-openjdk-amd64/jre/bin/java
017e7000-02b92000 rw-p 00000000 00:00 0                                  [heap]
40d30000-40dae000 rw-p 00000000 00:00 0 
4189b000-4189d000 r-xs 00000000 08:01 263726                             /tmp/glqraZL7 (deleted)
c3600000-c4ac0000 rw-p 00000000 00:00 0 
c4ac0000-cdc00000 rw-p 00000000 00:00 0 
cdc00000-cfd80000 rw-p 00000000 00:00 0 
cfd80000-ef400000 rw-p 00000000 00:00 0 
ef400000-f04b0000 rw-p 00000000 00:00 0 
f04b0000-100000000 rw-p 00000000 00:00 0 
7f9de1523000-7f9de1546000 r-xp 00000000 08:01 551347                     /tmp/libgdxnemo9955/b97b1fcd/libgdx-controllers-desktop64.so
7f9de1546000-7f9de1746000 ---p 00023000 08:01 551347                     /tmp/libgdxnemo9955/b97b1fcd/libgdx-controllers-desktop64.so
7f9de1746000-7f9de1747000 r--p 00023000 08:01 551347                     /tmp/libgdxnemo9955/b97b1fcd/libgdx-controllers-desktop64.so
7f9de1747000-7f9de1748000 rw-p 00024000 08:01 551347                     /tmp/libgdxnemo9955/b97b1fcd/libgdx-controllers-desktop64.so
7f9de1748000-7f9de175d000 r-xp 00000000 08:01 144247                     /usr/lib/jvm/java-6-openjdk-amd64/jre/lib/amd64/libnet.so
7f9de175d000-7f9de195c000 ---p 00015000 08:01 144247                     /usr/lib/jvm/java-6-openjdk-amd64/jre/lib/amd64/libnet.so
7f9de195c000-7f9de195d000 rw-p 00014000 08:01 144247                     /usr/lib/jvm/java-6-openjdk-amd64/jre/lib/amd64/libnet.so
7f9de195d000-7f9de1d5d000 rw-s 039d5000 00:05 5680                       /dev/nvidia0
7f9de1d5d000-7f9de215d000 rw-s 78de5000 00:05 5680                       /dev/nvidia0
7f9de215d000-7f9de235d000 rw-s c20ae000 00:05 5680                       /dev/nvidia0
7f9de235d000-7f9de255d000 rw-s 6936f000 00:05 5680                       /dev/nvidia0
7f9de255d000-7f9de265d000 rw-s 78d1f000 00:05 5680                       /dev/nvidia0
7f9de265d000-7f9de265e000 rw-s fdc08000 00:05 5680                       /dev/nvidia0
7f9de265e000-7f9de269e000 rw-s 3ec2b000 00:05 5680                       /dev/nvidia0
7f9de269e000-7f9de273c000 rw-p 00000000 00:00 0 
7f9de273c000-7f9de410c000 r-xp 00000000 08:01 282961                     /usr/lib/x86_64-linux-gnu/libnvidia-glcore.so.304.88
7f9de410c000-7f9de430b000 ---p 019d0000 08:01 282961                     /usr/lib/x86_64-linux-gnu/libnvidia-glcore.so.304.88
7f9de430b000-7f9de4b0c000 rwxp 019cf000 08:01 282961                     /usr/lib/x86_64-linux-gnu/libnvidia-glcore.so.304.88
7f9de4b0c000-7f9de4b26000 rwxp 00000000 00:00 0 
7f9de4b26000-7f9de4b29000 r-xp 00000000 08:01 551171                     /usr/lib/x86_64-linux-gnu/tls/libnvidia-tls.so.304.88
7f9de4b29000-7f9de4d28000 ---p 00003000 08:01 551171                     /usr/lib/x86_64-linux-gnu/tls/libnvidia-tls.so.304.88
7f9de4d28000-7f9de4d29000 rw-p 00002000 08:01 551171                     /usr/lib/x86_64-linux-gnu/tls/libnvidia-tls.so.304.88
7f9de4d29000-7f9de4df3000 r-xp 00000000 08:01 678444                     /usr/lib/x86_64-linux-gnu/nvidia/current/libGL.so.304.88
7f9de4df3000-7f9de4ff3000 ---p 000ca000 08:01 678444                     /usr/lib/x86_64-linux-gnu/nvidia/current/libGL.so.304.88
7f9de4ff3000-7f9de5030000 rwxp 000ca000 08:01 678444                     /usr/lib/x86_64-linux-gnu/nvidia/current/libGL.so.304.88
7f9de5030000-7f9de5046000 rwxp 00000000 00:00 0 
7f9de5046000-7f9de5049000 ---p 00000000 00:00 0 
7f9de5049000-7f9de5147000 rw-p 00000000 00:00 0 
7f9de5147000-7f9de514a000 ---p 00000000 00:00 0 
7f9de514a000-7f9de5248000 rw-p 00000000 00:00 0 
7f9de5248000-7f9de5249000 ---p 00000000 00:00 0 
7f9de5249000-7f9de5349000 rw-p 00000000 00:00 0 
7f9de5349000-7f9de934a000 rw-s 00000000 00:11 155879                     /run/shm/pulse-shm-2220949963
7f9de934a000-7f9de934b000 ---p 00000000 00:00 0 
7f9de934b000-7f9de9b4b000 rw-p 00000000 00:00 0 
7f9de9b4b000-7f9de9b5e000 r-xp 00000000 08:01 916431                     /lib/x86_64-linux-gnu/libresolv-2.13.so
7f9de9b5e000-7f9de9d5d000 ---p 00013000 08:01 916431                     /lib/x86_64-linux-gnu/libresolv-2.13.so
7f9de9d5d000-7f9de9d5e000 r--p 00012000 08:01 916431                     /lib/x86_64-linux-gnu/libresolv-2.13.so
7f9de9d5e000-7f9de9d5f000 rw-p 00013000 08:01 916431                     /lib/x86_64-linux-gnu/libresolv-2.13.so
7f9de9d5f000-7f9de9d61000 rw-p 00000000 00:00 0 
7f9de9d61000-7f9de9d67000 r-xp 00000000 08:01 264971                     /usr/lib/x86_64-linux-gnu/libogg.so.0.8.0
7f9de9d67000-7f9de9f66000 ---p 00006000 08:01 264971                     /usr/lib/x86_64-linux-gnu/libogg.so.0.8.0
7f9de9f66000-7f9de9f67000 rw-p 00005000 08:01 264971                     /usr/lib/x86_64-linux-gnu/libogg.so.0.8.0
7f9de9f67000-7f9de9f93000 r-xp 00000000 08:01 265193                     /usr/lib/x86_64-linux-gnu/libvorbis.so.0.4.5
7f9de9f93000-7f9dea192000 ---p 0002c000 08:01 265193                     /usr/lib/x86_64-linux-gnu/libvorbis.so.0.4.5
7f9dea192000-7f9dea193000 r--p 0002b000 08:01 265193                     /usr/lib/x86_64-linux-gnu/libvorbis.so.0.4.5
7f9dea193000-7f9dea194000 rw-p 0002c000 08:01 265193                     /usr/lib/x86_64-linux-gnu/libvorbis.so.0.4.5
7f9dea194000-7f9dea447000 r-xp 00000000 08:01 265195                     /usr/lib/x86_64-linux-gnu/libvorbisenc.so.2.0.8
7f9dea447000-7f9dea646000 ---p 002b3000 08:01 265195                     /usr/lib/x86_64-linux-gnu/libvorbisenc.so.2.0.8
7f9dea646000-7f9dea662000 r--p 002b2000 08:01 265195                     /usr/lib/x86_64-linux-gnu/libvorbisenc.so.2.0.8
7f9dea662000-7f9dea663000 rw-p 002ce000 08:01 265195                     /usr/lib/x86_64-linux-gnu/libvorbisenc.so.2.0.8
7f9dea663000-7f9dea6ae000 r-xp 00000000 08:01 264365                     /usr/lib/x86_64-linux-gnu/libFLAC.so.8.2.0
7f9dea6ae000-7f9dea8ad000 ---p 0004b000 08:01 264365                     /usr/lib/x86_64-linux-gnu/libFLAC.so.8.2.0
7f9dea8ad000-7f9dea8ae000 r--p 0004a000 08:01 264365                     /usr/lib/x86_64-linux-gnu/libFLAC.so.8.2.0
7f9dea8ae000-7f9dea8af000 rw-p 0004b000 08:01 264365                     /usr/lib/x86_64-linux-gnu/libFLAC.so.8.2.0
7f9dea8af000-7f9dea8b3000 r-xp 00000000 08:01 916163                     /lib/x86_64-linux-gnu/libuuid.so.1.3.0
7f9dea8b3000-7f9deaab2000 ---p 00004000 08:01 916163                     /lib/x86_64-linux-gnu/libuuid.so.1.3.0
7f9deaab2000-7f9deaab3000 r--p 00003000 08:01 916163                     /lib/x86_64-linux-gnu/libuuid.so.1.3.0
7f9deaab3000-7f9deaab4000 rw-p 00004000 08:01 916163                     /lib/x86_64-linux-gnu/libuuid.so.1.3.0
7f9deaab4000-7f9deaab8000 r-xp 00000000 08:01 916027                     /lib/x86_64-linux-gnu/libattr.so.1.1.0
7f9deaab8000-7f9deacb7000 ---p 00004000 08:01 916027                     /lib/x86_64-linux-gnu/libattr.so.1.1.0
7f9deacb7000-7f9deacb8000 r--p 00003000 08:01 916027                     /lib/x86_64-linux-gnu/libattr.so.1.1.0
7f9deacb8000-7f9deacb9000 rw-p 00004000 08:01 916027                     /lib/x86_64-linux-gnu/libattr.so.1.1.0
7f9deacb9000-7f9deacbe000 r-xp 00000000 08:01 264468                     /usr/lib/x86_64-linux-gnu/libasyncns.so.0.3.1
7f9deacbe000-7f9deaebd000 ---p 00005000 08:01 264468                     /usr/lib/x86_64-linux-gnu/libasyncns.so.0.3.1
7f9deaebd000-7f9deaebe000 rw-p 00004000 08:01 264468                     /usr/lib/x86_64-linux-gnu/libasyncns.so.0.3.1
7f9deaebe000-7f9deaf1f000 r-xp 00000000 08:01 265087                     /usr/lib/x86_64-linux-gnu/libsndfile.so.1.0.25
7f9deaf1f000-7f9deb11e000 ---p 00061000 08:01 265087                     /usr/lib/x86_64-linux-gnu/libsndfile.so.1.0.25
7f9deb11e000-7f9deb120000 r--p 00060000 08:01 265087                     /usr/lib/x86_64-linux-gnu/libsndfile.so.1.0.25
7f9deb120000-7f9deb121000 rw-p 00062000 08:01 265087                     /usr/lib/x86_64-linux-gnu/libsndfile.so.1.0.25
7f9deb121000-7f9deb125000 rw-p 00000000 00:00 0 
7f9deb125000-7f9deb12e000 r-xp 00000000 08:01 916165                     /lib/x86_64-linux-gnu/libwrap.so.0.7.6
7f9deb12e000-7f9deb32d000 ---p 00009000 08:01 916165                     /lib/x86_64-linux-gnu/libwrap.so.0.7.6
7f9deb32d000-7f9deb32e000 r--p 00008000 08:01 916165                     /lib/x86_64-linux-gnu/libwrap.so.0.7.6
7f9deb32e000-7f9deb32f000 rw-p 00009000 08:01 916165                     /lib/x86_64-linux-gnu/libwrap.so.0.7.6
7f9deb32f000-7f9deb330000 rw-p 00000000 00:00 0 
7f9deb330000-7f9deb337000 r-xp 00000000 08:01 264394                     /usr/lib/x86_64-linux-gnu/libSM.so.6.0.1
7f9deb337000-7f9deb536000 ---p 00007000 08:01 264394                     /usr/lib/x86_64-linux-gnu/libSM.so.6.0.1
7f9deb536000-7f9deb537000 rw-p 00006000 08:01 264394                     /usr/lib/x86_64-linux-gnu/libSM.so.6.0.1
7f9deb537000-7f9deb54e000 r-xp 00000000 08:01 264375                     /usr/lib/x86_64-linux-gnu/libICE.so.6.3.0
7f9deb54e000-7f9deb74d000 ---p 00017000 08:01 264375                     /usr/lib/x86_64-linux-gnu/libICE.so.6.3.0
7f9deb74d000-7f9deb74f000 rw-p 00016000 08:01 264375                     /usr/lib/x86_64-linux-gnu/libICE.so.6.3.0
7f9deb74f000-7f9deb752000 rw-p 00000000 00:00 0 
7f9deb752000-7f9deb753000 r-xp 00000000 08:01 272883                     /usr/lib/x86_64-linux-gnu/libX11-xcb.so.1.0.0
7f9deb753000-7f9deb952000 ---p 00001000 08:01 272883                     /usr/lib/x86_64-linux-gnu/libX11-xcb.so.1.0.0
7f9deb952000-7f9deb953000 rw-p 00000000 08:01 272883                     /usr/lib/x86_64-linux-gnu/libX11-xcb.so.1.0.0
7f9deb953000-7f9deb957000 r-xp 00000000 08:01 916038                     /lib/x86_64-linux-gnu/libcap.so.2.22
7f9deb957000-7f9debb56000 ---p 00004000 08:01 916038                     /lib/x86_64-linux-gnu/libcap.so.2.22
7f9debb56000-7f9debb57000 rw-p 00003000 08:01 916038                     /lib/x86_64-linux-gnu/libcap.so.2.22
7f9debb57000-7f9debb9b000 r-xp 00000000 08:01 916060                     /lib/x86_64-linux-gnu/libdbus-1.so.3.7.2
7f9debb9b000-7f9debd9b000 ---p 00044000 08:01 916060                     /lib/x86_64-linux-gnu/libdbus-1.so.3.7.2
7f9debd9b000-7f9debd9c000 r--p 00044000 08:01 916060                     /lib/x86_64-linux-gnu/libdbus-1.so.3.7.2
7f9debd9c000-7f9debd9d000 rw-p 00045000 08:01 916060                     /lib/x86_64-linux-gnu/libdbus-1.so.3.7.2
7f9debd9d000-7f9debdfe000 r-xp 00000000 08:01 265339                     /usr/lib/x86_64-linux-gnu/pulseaudio/libpulsecommon-2.0.so
7f9debdfe000-7f9debffd000 ---p 00061000 08:01 265339                     /usr/lib/x86_64-linux-gnu/pulseaudio/libpulsecommon-2.0.so
7f9debffd000-7f9debffe000 r--p 00060000 08:01 265339                     /usr/lib/x86_64-linux-gnu/pulseaudio/libpulsecommon-2.0.so
7f9debffe000-7f9dec000000 rw-p 00061000 08:01 265339                     /usr/lib/x86_64-linux-gnu/pulseaudio/libpulsecommon-2.0.so
7f9dec000000-7f9dee343000 rw-p 00000000 00:00 0 
7f9dee343000-7f9df0000000 ---p 00000000 00:00 0 
7f9df0027000-7f9df0044000 rw-s 36c61000 00:05 5680                       /dev/nvidia0
7f9df0044000-7f9df004d000 r-xp 00000000 08:01 916072                     /lib/x86_64-linux-gnu/libjson.so.0.1.0
7f9df004d000-7f9df024c000 ---p 00009000 08:01 916072                     /lib/x86_64-linux-gnu/libjson.so.0.1.0
7f9df024c000-7f9df024d000 r--p 00008000 08:01 916072                     /lib/x86_64-linux-gnu/libjson.so.0.1.0
7f9df024d000-7f9df024e000 rw-p 00009000 08:01 916072                     /lib/x86_64-linux-gnu/libjson.so.0.1.0
7f9df024e000-7f9df0297000 r-xp 00000000 08:01 265053                     /usr/lib/x86_64-linux-gnu/libpulse.so.0.14.2
7f9df0297000-7f9df0496000 ---p 00049000 08:01 265053                     /usr/lib/x86_64-linux-gnu/libpulse.so.0.14.2
7f9df0496000-7f9df0497000 r--p 00048000 08:01 265053                     /usr/lib/x86_64-linux-gnu/libpulse.so.0.14.2
7f9df0497000-7f9df0498000 rw-p 00049000 08:01 265053                     /usr/lib/x86_64-linux-gnu/libpulse.so.0.14.2
7f9df0498000-7f9df04ed000 r-xp 00000000 08:01 551340                     /tmp/libgdxnemo9955/7b43be9b/libopenal64.so
7f9df04ed000-7f9df06ec000 ---p 00055000 08:01 551340                     /tmp/libgdxnemo9955/7b43be9b/libopenal64.so
7f9df06ec000-7f9df06ef000 r--p 00054000 08:01 551340                     /tmp/libgdxnemo9955/7b43be9b/libopenal64.so
7f9df06ef000-7f9df06f0000 rw-p 00057000 08:01 551340                     /tmp/libgdxnemo9955/7b43be9b/libopenal64.so
7f9df06f0000-7f9df06f1000 rw-p 00000000 00:00 0 
7f9df06f1000-7f9df06f5000 r-xp 00000000 08:01 273334                     /usr/lib/x86_64-linux-gnu/libXxf86vm.so.1.0.0
7f9df06f5000-7f9df08f5000 ---p 00004000 08:01 273334                     /usr/lib/x86_64-linux-gnu/libXxf86vm.so.1.0.0
7f9df08f5000-7f9df08f6000 r--p 00004000 08:01 273334                     /usr/lib/x86_64-linux-gnu/libXxf86vm.so.1.0.0
7f9df08f6000-7f9df08f7000 rw-p 00005000 08:01 273334                     /usr/lib/x86_64-linux-gnu/libXxf86vm.so.1.0.0
7f9df08f7000-7f9df08fe000 r-xp 00000000 08:01 265883                     /usr/lib/x86_64-linux-gnu/libXrandr.so.2.2.0
7f9df08fe000-7f9df0afe000 ---p 00007000 08:01 265883                     /usr/lib/x86_64-linux-gnu/libXrandr.so.2.2.0
7f9df0afe000-7f9df0aff000 rw-p 00007000 08:01 265883                     /usr/lib/x86_64-linux-gnu/libXrandr.so.2.2.0
7f9df0aff000-7f9df0b6b000 r-xp 00000000 08:01 551339                     /tmp/libgdxnemo9955/7b43be9b/liblwjgl64.so (deleted)
7f9df0b6b000-7f9df0d6a000 ---p 0006c000 08:01 551339                     /tmp/libgdxnemo9955/7b43be9b/liblwjgl64.so (deleted)
7f9df0d6a000-7f9df0d6c000 r--p 0006b000 08:01 551339                     /tmp/libgdxnemo9955/7b43be9b/liblwjgl64.so (deleted)
7f9df0d6c000-7f9df0d6d000 rw-p 0006d000 08:01 551339                     /tmp/libgdxnemo9955/7b43be9b/liblwjgl64.so (deleted)
7f9df0d6d000-7f9df0d6e000 r-xp 00000000 08:01 144229                     /usr/lib/jvm/java-6-openjdk-amd64/jre/lib/amd64/libjawt.so
7f9df0d6e000-7f9df0f6d000 ---p 00001000 08:01 144229                     /usr/lib/jvm/java-6-openjdk-amd64/jre/lib/amd64/libjawt.so
7f9df0f6d000-7f9df0f6e000 rw-p 00000000 08:01 144229                     /usr/lib/jvm/java-6-openjdk-amd64/jre/lib/amd64/libjawt.so
7f9df0f6e000-7f9df0f73000 r-xp 00000000 08:01 273531                     /usr/lib/x86_64-linux-gnu/libXfixes.so.3.1.0
7f9df0f73000-7f9df1172000 ---p 00005000 08:01 273531                     /usr/lib/x86_64-linux-gnu/libXfixes.so.3.1.0
7f9df1172000-7f9df1173000 r--p 00004000 08:01 273531                     /usr/lib/x86_64-linux-gnu/libXfixes.so.3.1.0
7f9df1173000-7f9df1174000 rw-p 00005000 08:01 273531                     /usr/lib/x86_64-linux-gnu/libXfixes.so.3.1.0
7f9df1174000-7f9df117d000 r--s 00000000 08:01 277048                     /var/cache/fontconfig/945677eb7aeaf62f1d50efc3fb3ec7d8-le64.cache-3
7f9df117d000-7f9df1182000 r--s 00000000 08:01 271253                     /var/cache/fontconfig/6eb3985aa4124903f6ff08ba781cd364-le64.cache-3
7f9df1182000-7f9df118b000 r--s 00000000 08:01 278568                     /var/cache/fontconfig/6d41288fd70b0be22e8c3a91e032eec0-le64.cache-3
7f9df118b000-7f9df11b9000 r--s 00000000 08:01 271260                     /var/cache/fontconfig/365b55f210c0a22e9a19e35191240f32-le64.cache-3
7f9df11b9000-7f9df11bc000 r--s 00000000 08:01 271247                     /var/cache/fontconfig/c57959a16110560c8d0fcea73374aeeb-le64.cache-3
7f9df11bc000-7f9df11c1000 r--s 00000000 08:01 271264                     /var/cache/fontconfig/3047814df9a2f067bd2d96a2b9c36e5a-le64.cache-3
7f9df11c5000-7f9df1239000 rw-p 00000000 00:00 0 
7f9df1246000-7f9df1283000 rw-p 00000000 00:00 0 
7f9df1283000-7f9df1286000 ---p 00000000 00:00 0 
7f9df1286000-7f9df1384000 rw-p 00000000 00:00 0 
7f9df1384000-7f9df138d000 r--s 00000000 08:01 277048                     /var/cache/fontconfig/945677eb7aeaf62f1d50efc3fb3ec7d8-le64.cache-3
7f9df138d000-7f9df1392000 r--s 00000000 08:01 271253                     /var/cache/fontconfig/6eb3985aa4124903f6ff08ba781cd364-le64.cache-3
7f9df1392000-7f9df139b000 r--s 00000000 08:01 278568                     /var/cache/fontconfig/6d41288fd70b0be22e8c3a91e032eec0-le64.cache-3
7f9df139b000-7f9df13c9000 r--s 00000000 08:01 271260                     /var/cache/fontconfig/365b55f210c0a22e9a19e35191240f32-le64.cache-3
7f9df13c9000-7f9df13cc000 r--s 00000000 08:01 271247                     /var/cache/fontconfig/c57959a16110560c8d0fcea73374aeeb-le64.cache-3
7f9df13cc000-7f9df13d1000 r--s 00000000 08:01 271264                     /var/cache/fontconfig/3047814df9a2f067bd2d96a2b9c36e5a-le64.cache-3
7f9df13e4000-7f9df13ee000 r-xp 00000000 08:01 264474                     /usr/lib/x86_64-linux-gnu/libXcursor.so.1.0.2
7f9df13ee000-7f9df15ed000 ---p 0000a000 08:01 264474                     /usr/lib/x86_64-linux-gnu/libXcursor.so.1.0.2
7f9df15ed000-7f9df15ee000 rw-p 00009000 08:01 264474                     /usr/lib/x86_64-linux-gnu/libXcursor.so.1.0.2
7f9df15ef000-7f9df15f1000 rw-p 00000000 00:00 0 
7f9df15f1000-7f9df15f3000 rw-s 00000000 08:01 263726                     /tmp/glqraZL7 (deleted)
7f9df15f3000-7f9df15f7000 rw-s 6936d000 00:05 5680                       /dev/nvidia0
7f9df15f7000-7f9df15f8000 rw-s d0005000 00:05 5680                       /dev/nvidia0
7f9df15f8000-7f9df15f9000 rw-s 3ee33000 00:05 5680                       /dev/nvidia0
7f9df15f9000-7f9df15fd000 rw-s 03b39000 00:05 5680                       /dev/nvidia0
7f9df15fd000-7f9df15fe000 rw-s fd641000 00:05 5680                       /dev/nvidia0
7f9df15fe000-7f9df15ff000 rw-s 36deb000 00:05 5680                       /dev/nvidia0
7f9df15ff000-7f9df1600000 rw-s 3ef6d000 00:05 5680                       /dev/nvidia0
7f9df1600000-7f9df1601000 rw-s fd060000 00:05 5680                       /dev/nvidia0
7f9df1601000-7f9df1608000 r--s 00000000 08:01 282750                     /usr/lib/x86_64-linux-gnu/gconv/gconv-modules.cache
7f9df1608000-7f9df1619000 r--s 00000000 08:01 271249                     /var/cache/fontconfig/d52a8644073d54c13679302ca1180695-le64.cache-3
7f9df1619000-7f9df1620000 r--s 00000000 08:01 271258                     /var/cache/fontconfig/3f7329c5293ffd510edef78f73874cfd-le64.cache-3
7f9df1620000-7f9df1622000 r--s 00000000 08:01 271267                     /var/cache/fontconfig/e13b20fdb08344e0e664864cc2ede53d-le64.cache-3
7f9df1622000-7f9df1625000 ---p 00000000 00:00 0 
7f9df1625000-7f9df1723000 rw-p 00000000 00:00 0 
7f9df1723000-7f9df17bc000 r-xp 00000000 08:01 264650                     /usr/lib/x86_64-linux-gnu/libfreetype.so.6.8.1
7f9df17bc000-7f9df19bb000 ---p 00099000 08:01 264650                     /usr/lib/x86_64-linux-gnu/libfreetype.so.6.8.1
7f9df19bb000-7f9df19c1000 r--p 00098000 08:01 264650                     /usr/lib/x86_64-linux-gnu/libfreetype.so.6.8.1
7f9df19c1000-7f9df19c2000 rw-p 0009e000 08:01 264650                     /usr/lib/x86_64-linux-gnu/libfreetype.so.6.8.1
7f9df19c2000-7f9df1a0a000 r-xp 00000000 08:01 144223                     /usr/lib/jvm/java-6-openjdk-amd64/jre/lib/amd64/libfontmanager.so
7f9df1a0a000-7f9df1c0a000 ---p 00048000 08:01 144223                     /usr/lib/jvm/java-6-openjdk-amd64/jre/lib/amd64/libfontmanager.so
7f9df1c0a000-7f9df1c0d000 rw-p 00048000 08:01 144223                     /usr/lib/jvm/java-6-openjdk-amd64/jre/lib/amd64/libfontmanager.so
7f9df1c0d000-7f9df1c12000 r-xp 00000000 08:01 264417                     /usr/lib/x86_64-linux-gnu/libXdmcp.so.6.0.0
7f9df1c12000-7f9df1e11000 ---p 00005000 08:01 264417                     /usr/lib/x86_64-linux-gnu/libXdmcp.so.6.0.0
7f9df1e11000-7f9df1e12000 rw-p 00004000 08:01 264417                     /usr/lib/x86_64-linux-gnu/libXdmcp.so.6.0.0
7f9df1e12000-7f9df1e14000 r-xp 00000000 08:01 264406                     /usr/lib/x86_64-linux-gnu/libXau.so.6.0.0
7f9df1e14000-7f9df2014000 ---p 00002000 08:01 264406                     /usr/lib/x86_64-linux-gnu/libXau.so.6.0.0
7f9df2014000-7f9df2015000 rw-p 00002000 08:01 264406                     /usr/lib/x86_64-linux-gnu/libXau.so.6.0.0
7f9df2015000-7f9df2034000 r-xp 00000000 08:01 265852                     /usr/lib/x86_64-linux-gnu/libxcb.so.1.1.0
7f9df2034000-7f9df2233000 ---p 0001f000 08:01 265852                     /usr/lib/x86_64-linux-gnu/libxcb.so.1.1.0
7f9df2233000-7f9df2234000 r--p 0001e000 08:01 265852                     /usr/lib/x86_64-linux-gnu/libxcb.so.1.1.0
7f9df2234000-7f9df2235000 rw-p 0001f000 08:01 265852                     /usr/lib/x86_64-linux-gnu/libxcb.so.1.1.0
7f9df2235000-7f9df2243000 r-xp 00000000 08:01 265075                     /usr/lib/x86_64-linux-gnu/libXi.so.6.1.0
7f9df2243000-7f9df2443000 ---p 0000e000 08:01 265075                     /usr/lib/x86_64-linux-gnu/libXi.so.6.1.0
7f9df2443000-7f9df2444000 rw-p 0000e000 08:01 265075                     /usr/lib/x86_64-linux-gnu/libXi.so.6.1.0
7f9df2444000-7f9df2449000 r-xp 00000000 08:01 274483                     /usr/lib/x86_64-linux-gnu/libXtst.so.6.1.0
7f9df2449000-7f9df2648000 ---p 00005000 08:01 274483                     /usr/lib/x86_64-linux-gnu/libXtst.so.6.1.0
7f9df2648000-7f9df2649000 rw-p 00004000 08:01 274483                     /usr/lib/x86_64-linux-gnu/libXtst.so.6.1.0
7f9df2649000-7f9df2652000 r-xp 00000000 08:01 264343                     /usr/lib/x86_64-linux-gnu/libXrender.so.1.3.0
7f9df2652000-7f9df2851000 ---p 00009000 08:01 264343                     /usr/lib/x86_64-linux-gnu/libXrender.so.1.3.0
7f9df2851000-7f9df2852000 rw-p 00008000 08:01 264343                     /usr/lib/x86_64-linux-gnu/libXrender.so.1.3.0
7f9df2852000-7f9df2987000 r-xp 00000000 08:01 265870                     /usr/lib/x86_64-linux-gnu/libX11.so.6.3.0
7f9df2987000-7f9df2b87000 ---p 00135000 08:01 265870                     /usr/lib/x86_64-linux-gnu/libX11.so.6.3.0
7f9df2b87000-7f9df2b8d000 rw-p 00135000 08:01 265870                     /usr/lib/x86_64-linux-gnu/libX11.so.6.3.0
7f9df2b8d000-7f9df2b9e000 r-xp 00000000 08:01 264595                     /usr/lib/x86_64-linux-gnu/libXext.so.6.4.0
7f9df2b9e000-7f9df2d9e000 ---p 00011000 08:01 264595                     /usr/lib/x86_64-linux-gnu/libXext.so.6.4.0
7f9df2d9e000-7f9df2d9f000 rw-p 00011000 08:01 264595                     /usr/lib/x86_64-linux-gnu/libXext.so.6.4.0
7f9df2d9f000-7f9df2db0000 r--s 00000000 08:01 271249                     /var/cache/fontconfig/d52a8644073d54c13679302ca1180695-le64.cache-3
7f9df2db0000-7f9df2db7000 r--s 00000000 08:01 271258                     /var/cache/fontconfig/3f7329c5293ffd510edef78f73874cfd-le64.cache-3
7f9df2db7000-7f9df2db9000 r--s 00000000 08:01 271267                     /var/cache/fontconfig/e13b20fdb08344e0e664864cc2ede53d-le64.cache-3
7f9df2db9000-7f9df2e06000 r-xp 00000000 08:01 144391                     /usr/lib/jvm/java-6-openjdk-amd64/jre/lib/amd64/xawt/libmawt.so
7f9df2e06000-7f9df3005000 ---p 0004d000 08:01 144391                     /usr/lib/jvm/java-6-openjdk-amd64/jre/lib/amd64/xawt/libmawt.so
7f9df3005000-7f9df3009000 rw-p 0004c000 08:01 144391                     /usr/lib/jvm/java-6-openjdk-amd64/jre/lib/amd64/xawt/libmawt.so
7f9df3009000-7f9df300a000 rw-p 00000000 00:00 0 
7f9df300a000-7f9df30ba000 r-xp 00000000 08:01 144230                     /usr/lib/jvm/java-6-openjdk-amd64/jre/lib/amd64/libawt.so
7f9df30ba000-7f9df32b9000 ---p 000b0000 08:01 144230                     /usr/lib/jvm/java-6-openjdk-amd64/jre/lib/amd64/libawt.so
7f9df32b9000-7f9df32c5000 rw-p 000af000 08:01 144230                     /usr/lib/jvm/java-6-openjdk-amd64/jre/lib/amd64/libawt.so
7f9df32c5000-7f9df32e9000 rw-p 00000000 00:00 0 
7f9df32e9000-7f9df3358000 r-xp 00000000 08:01 551337                     /tmp/libgdxnemo9955/b4a54a2/libgdx64.so
7f9df3358000-7f9df3557000 ---p 0006f000 08:01 551337                     /tmp/libgdxnemo9955/b4a54a2/libgdx64.so
7f9df3557000-7f9df3559000 r--p 0006e000 08:01 551337                     /tmp/libgdxnemo9955/b4a54a2/libgdx64.so
7f9df3559000-7f9df355a000 rw-p 00070000 08:01 551337                     /tmp/libgdxnemo9955/b4a54a2/libgdx64.so
7f9df355a000-7f9df355b000 rw-p 00000000 00:00 0 
7f9df355b000-7f9df3562000 r--s 000fc000 08:01 143749                     /usr/lib/jvm/java-6-openjdk-common/jre/lib/resources.jar
7f9df3562000-7f9df3563000 r--s 00127000 08:06 9437307                    /home/nemo9955/CodeStation/proiecte/Garden_Revolution/Garden_Revolution-desktop/libs/gdx-natives.jar
7f9df3563000-7f9df3564000 r--s 00004000 08:06 9437342                    /home/nemo9955/CodeStation/proiecte/Garden_Revolution/Garden_Revolution-desktop/libs/gdx-controllers-desktop.jar
7f9df3564000-7f9df3565000 r--s 00100000 08:06 9437237                    /home/nemo9955/CodeStation/proiecte/Garden_Revolution/Garden_Revolution-desktop/libs/gdx-controllers-desktop-natives.jar
7f9df3565000-7f9df3576000 r--s 0012b000 08:06 9437394                    /home/nemo9955/CodeStation/proiecte/Garden_Revolution/Garden_Revolution-desktop/libs/gdx-backend-lwjgl.jar
7f9df3576000-7f9df357d000 r--s 0004c000 08:06 9437312                    /home/nemo9955/CodeStation/proiecte/Garden_Revolution/Garden_Revolution-main/libs/kryonet-2.21-all.jar
7f9df357d000-7f9df357e000 ---p 00000000 00:00 0 
7f9df357e000-7f9df367e000 rw-p 00000000 00:00 0 
7f9df367e000-7f9df3681000 ---p 00000000 00:00 0 
7f9df3681000-7f9df377f000 rw-p 00000000 00:00 0 
7f9df377f000-7f9df3782000 ---p 00000000 00:00 0 
7f9df3782000-7f9df3880000 rw-p 00000000 00:00 0 
7f9df3880000-7f9df3883000 ---p 00000000 00:00 0 
7f9df3883000-7f9df3981000 rw-p 00000000 00:00 0 
7f9df3981000-7f9df3984000 ---p 00000000 00:00 0 
7f9df3984000-7f9df3a82000 rw-p 00000000 00:00 0 
7f9df3a82000-7f9df3a85000 ---p 00000000 00:00 0 
7f9df3a85000-7f9df3b83000 rw-p 00000000 00:00 0 
7f9df3b83000-7f9df3b86000 ---p 00000000 00:00 0 
7f9df3b86000-7f9df3c84000 rw-p 00000000 00:00 0 
7f9df3c84000-7f9df3c88000 r-xp 00000000 08:01 144238                     /usr/lib/jvm/java-6-openjdk-amd64/jre/lib/amd64/libdt_socket.so
7f9df3c88000-7f9df3e87000 ---p 00004000 08:01 144238                     /usr/lib/jvm/java-6-openjdk-amd64/jre/lib/amd64/libdt_socket.so
7f9df3e87000-7f9df3e88000 rw-p 00003000 08:01 144238                     /usr/lib/jvm/java-6-openjdk-amd64/jre/lib/amd64/libdt_socket.so
7f9df3e88000-7f9df3e8b000 ---p 00000000 00:00 0 
7f9df3e8b000-7f9df3f89000 rw-p 00000000 00:00 0 
7f9df3f89000-7f9df3f8c000 ---p 00000000 00:00 0 
7f9df3f8c000-7f9df408a000 rw-p 00000000 00:00 0 
7f9df408a000-7f9df408d000 ---p 00000000 00:00 0 
7f9df408d000-7f9df418b000 rw-p 00000000 00:00 0 
7f9df418b000-7f9df418c000 ---p 00000000 00:00 0 
7f9df418c000-7f9df45c2000 rw-p 00000000 00:00 0 
7f9df45c2000-7f9df4756000 r--s 03807000 08:01 144270                     /usr/lib/jvm/java-6-openjdk-amd64/jre/lib/rt.jar
7f9df4756000-7f9df477e000 rw-p 00000000 00:00 0 
7f9df477e000-7f9df477f000 ---p 00000000 00:00 0 
7f9df477f000-7f9df487f000 rw-p 00000000 00:00 0 
7f9df487f000-7f9df4880000 ---p 00000000 00:00 0 
7f9df4880000-7f9df498b000 rw-p 00000000 00:00 0 
7f9df498b000-7f9df49d3000 rw-p 00000000 00:00 0 
7f9df49d3000-7f9df49e4000 rw-p 00000000 00:00 0 
7f9df49e4000-7f9df4adf000 rw-p 00000000 00:00 0 
7f9df4adf000-7f9df4aea000 rw-p 00000000 00:00 0 
7f9df4aea000-7f9df4b32000 rw-p 00000000 00:00 0 
7f9df4b32000-7f9df4b43000 rw-p 00000000 00:00 0 
7f9df4b43000-7f9df4c3e000 rw-p 00000000 00:00 0 
7f9df4c3e000-7f9df4c47000 rw-p 00000000 00:00 0 
7f9df4c47000-7f9df4cc4000 rw-p 00000000 00:00 0 
7f9df4cc4000-7f9df4cc5000 rw-p 00000000 00:00 0 
7f9df4cc5000-7f9df4f35000 rwxp 00000000 00:00 0 
7f9df4f35000-7f9df7cc5000 rw-p 00000000 00:00 0 
7f9df7cc5000-7f9df7ccc000 r-xp 00000000 08:01 144259                     /usr/lib/jvm/java-6-openjdk-amd64/jre/lib/amd64/libzip.so
7f9df7ccc000-7f9df7ecb000 ---p 00007000 08:01 144259                     /usr/lib/jvm/java-6-openjdk-amd64/jre/lib/amd64/libzip.so
7f9df7ecb000-7f9df7ecc000 rw-p 00006000 08:01 144259                     /usr/lib/jvm/java-6-openjdk-amd64/jre/lib/amd64/libzip.so
7f9df7ecc000-7f9df7ed7000 r-xp 00000000 08:01 916446                     /lib/x86_64-linux-gnu/libnss_files-2.13.so
7f9df7ed7000-7f9df80d6000 ---p 0000b000 08:01 916446                     /lib/x86_64-linux-gnu/libnss_files-2.13.so
7f9df80d6000-7f9df80d7000 r--p 0000a000 08:01 916446                     /lib/x86_64-linux-gnu/libnss_files-2.13.so
7f9df80d7000-7f9df80d8000 rw-p 0000b000 08:01 916446                     /lib/x86_64-linux-gnu/libnss_files-2.13.so
7f9df80d8000-7f9df80e2000 r-xp 00000000 08:01 916442                     /lib/x86_64-linux-gnu/libnss_nis-2.13.so
7f9df80e2000-7f9df82e1000 ---p 0000a000 08:01 916442                     /lib/x86_64-linux-gnu/libnss_nis-2.13.so
7f9df82e1000-7f9df82e2000 r--p 00009000 08:01 916442                     /lib/x86_64-linux-gnu/libnss_nis-2.13.so
7f9df82e2000-7f9df82e3000 rw-p 0000a000 08:01 916442                     /lib/x86_64-linux-gnu/libnss_nis-2.13.so
7f9df82e3000-7f9df82ea000 r-xp 00000000 08:01 916435                     /lib/x86_64-linux-gnu/libnss_compat-2.13.so
7f9df82ea000-7f9df84e9000 ---p 00007000 08:01 916435                     /lib/x86_64-linux-gnu/libnss_compat-2.13.so
7f9df84e9000-7f9df84ea000 r--p 00006000 08:01 916435                     /lib/x86_64-linux-gnu/libnss_compat-2.13.so
7f9df84ea000-7f9df84eb000 rw-p 00007000 08:01 916435                     /lib/x86_64-linux-gnu/libnss_compat-2.13.so
7f9df84eb000-7f9df8662000 r--p 00000000 08:01 139605                     /usr/lib/locale/locale-archive
7f9df8662000-7f9df8665000 r-xp 00000000 08:01 144258                     /usr/lib/jvm/java-6-openjdk-amd64/jre/lib/amd64/libnpt.so
7f9df8665000-7f9df8864000 ---p 00003000 08:01 144258                     /usr/lib/jvm/java-6-openjdk-amd64/jre/lib/amd64/libnpt.so
7f9df8864000-7f9df8865000 rw-p 00002000 08:01 144258                     /usr/lib/jvm/java-6-openjdk-amd64/jre/lib/amd64/libnpt.so
7f9df8865000-7f9df889f000 r-xp 00000000 08:01 144255                     /usr/lib/jvm/java-6-openjdk-amd64/jre/lib/amd64/libjdwp.so
7f9df889f000-7f9df8a9e000 ---p 0003a000 08:01 144255                     /usr/lib/jvm/java-6-openjdk-amd64/jre/lib/amd64/libjdwp.so
7f9df8a9e000-7f9df8a9f000 rw-p 00039000 08:01 144255                     /usr/lib/jvm/java-6-openjdk-amd64/jre/lib/amd64/libjdwp.so
7f9df8a9f000-7f9df8aa0000 rw-p 00000000 00:00 0 
7f9df8aa0000-7f9df8ab5000 r-xp 00000000 08:01 916440                     /lib/x86_64-linux-gnu/libnsl-2.13.so
7f9df8ab5000-7f9df8cb4000 ---p 00015000 08:01 916440                     /lib/x86_64-linux-gnu/libnsl-2.13.so
7f9df8cb4000-7f9df8cb5000 r--p 00014000 08:01 916440                     /lib/x86_64-linux-gnu/libnsl-2.13.so
7f9df8cb5000-7f9df8cb6000 rw-p 00015000 08:01 916440                     /lib/x86_64-linux-gnu/libnsl-2.13.so
7f9df8cb6000-7f9df8cb8000 rw-p 00000000 00:00 0 
7f9df8cb8000-7f9df8ce6000 r-xp 00000000 08:01 144245                     /usr/lib/jvm/java-6-openjdk-amd64/jre/lib/amd64/libjava.so
7f9df8ce6000-7f9df8ee5000 ---p 0002e000 08:01 144245                     /usr/lib/jvm/java-6-openjdk-amd64/jre/lib/amd64/libjava.so
7f9df8ee5000-7f9df8ee9000 rw-p 0002d000 08:01 144245                     /usr/lib/jvm/java-6-openjdk-amd64/jre/lib/amd64/libjava.so
7f9df8ee9000-7f9df8ef8000 r-xp 00000000 08:01 144228                     /usr/lib/jvm/java-6-openjdk-amd64/jre/lib/amd64/libverify.so
7f9df8ef8000-7f9df90f7000 ---p 0000f000 08:01 144228                     /usr/lib/jvm/java-6-openjdk-amd64/jre/lib/amd64/libverify.so
7f9df90f7000-7f9df90f9000 rw-p 0000e000 08:01 144228                     /usr/lib/jvm/java-6-openjdk-amd64/jre/lib/amd64/libverify.so
7f9df90f9000-7f9df9100000 r-xp 00000000 08:01 916450                     /lib/x86_64-linux-gnu/librt-2.13.so
7f9df9100000-7f9df92ff000 ---p 00007000 08:01 916450                     /lib/x86_64-linux-gnu/librt-2.13.so
7f9df92ff000-7f9df9300000 r--p 00006000 08:01 916450                     /lib/x86_64-linux-gnu/librt-2.13.so
7f9df9300000-7f9df9301000 rw-p 00007000 08:01 916450                     /lib/x86_64-linux-gnu/librt-2.13.so
7f9df9301000-7f9df9316000 r-xp 00000000 08:01 916059                     /lib/x86_64-linux-gnu/libgcc_s.so.1
7f9df9316000-7f9df9516000 ---p 00015000 08:01 916059                     /lib/x86_64-linux-gnu/libgcc_s.so.1
7f9df9516000-7f9df9517000 rw-p 00015000 08:01 916059                     /lib/x86_64-linux-gnu/libgcc_s.so.1
7f9df9517000-7f9df9598000 r-xp 00000000 08:01 916437                     /lib/x86_64-linux-gnu/libm-2.13.so
7f9df9598000-7f9df9797000 ---p 00081000 08:01 916437                     /lib/x86_64-linux-gnu/libm-2.13.so
7f9df9797000-7f9df9798000 r--p 00080000 08:01 916437                     /lib/x86_64-linux-gnu/libm-2.13.so
7f9df9798000-7f9df9799000 rw-p 00081000 08:01 916437                     /lib/x86_64-linux-gnu/libm-2.13.so
7f9df9799000-7f9df9881000 r-xp 00000000 08:01 265105                     /usr/lib/x86_64-linux-gnu/libstdc++.so.6.0.17
7f9df9881000-7f9df9a81000 ---p 000e8000 08:01 265105                     /usr/lib/x86_64-linux-gnu/libstdc++.so.6.0.17
7f9df9a81000-7f9df9a89000 r--p 000e8000 08:01 265105                     /usr/lib/x86_64-linux-gnu/libstdc++.so.6.0.17
7f9df9a89000-7f9df9a8b000 rw-p 000f0000 08:01 265105                     /usr/lib/x86_64-linux-gnu/libstdc++.so.6.0.17
7f9df9a8b000-7f9df9aa0000 rw-p 00000000 00:00 0 
7f9df9aa0000-7f9dfa3b4000 r-xp 00000000 08:01 144235                     /usr/lib/jvm/java-6-openjdk-amd64/jre/lib/amd64/server/libjvm.so
7f9dfa3b4000-7f9dfa5b3000 ---p 00914000 08:01 144235                     /usr/lib/jvm/java-6-openjdk-amd64/jre/lib/amd64/server/libjvm.so
7f9dfa5b3000-7f9dfa64f000 rw-p 00913000 08:01 144235                     /usr/lib/jvm/java-6-openjdk-amd64/jre/lib/amd64/server/libjvm.so
7f9dfa64f000-7f9dfa678000 rw-p 00000000 00:00 0 
7f9dfa678000-7f9dfa7fa000 r-xp 00000000 08:01 916430                     /lib/x86_64-linux-gnu/libc-2.13.so
7f9dfa7fa000-7f9dfa9f9000 ---p 00182000 08:01 916430                     /lib/x86_64-linux-gnu/libc-2.13.so
7f9dfa9f9000-7f9dfa9fd000 r--p 00181000 08:01 916430                     /lib/x86_64-linux-gnu/libc-2.13.so
7f9dfa9fd000-7f9dfa9fe000 rw-p 00185000 08:01 916430                     /lib/x86_64-linux-gnu/libc-2.13.so
7f9dfa9fe000-7f9dfaa03000 rw-p 00000000 00:00 0 
7f9dfaa03000-7f9dfaa05000 r-xp 00000000 08:01 916444                     /lib/x86_64-linux-gnu/libdl-2.13.so
7f9dfaa05000-7f9dfac05000 ---p 00002000 08:01 916444                     /lib/x86_64-linux-gnu/libdl-2.13.so
7f9dfac05000-7f9dfac06000 r--p 00002000 08:01 916444                     /lib/x86_64-linux-gnu/libdl-2.13.so
7f9dfac06000-7f9dfac07000 rw-p 00003000 08:01 916444                     /lib/x86_64-linux-gnu/libdl-2.13.so
7f9dfac07000-7f9dfac0b000 r-xp 00000000 08:01 144232                     /usr/lib/jvm/java-6-openjdk-amd64/jre/lib/amd64/jli/libjli.so
7f9dfac0b000-7f9dfae0a000 ---p 00004000 08:01 144232                     /usr/lib/jvm/java-6-openjdk-amd64/jre/lib/amd64/jli/libjli.so
7f9dfae0a000-7f9dfae0b000 rw-p 00003000 08:01 144232                     /usr/lib/jvm/java-6-openjdk-amd64/jre/lib/amd64/jli/libjli.so
7f9dfae0b000-7f9dfae22000 r-xp 00000000 08:01 916448                     /lib/x86_64-linux-gnu/libpthread-2.13.so
7f9dfae22000-7f9dfb021000 ---p 00017000 08:01 916448                     /lib/x86_64-linux-gnu/libpthread-2.13.so
7f9dfb021000-7f9dfb022000 r--p 00016000 08:01 916448                     /lib/x86_64-linux-gnu/libpthread-2.13.so
7f9dfb022000-7f9dfb023000 rw-p 00017000 08:01 916448                     /lib/x86_64-linux-gnu/libpthread-2.13.so
7f9dfb023000-7f9dfb027000 rw-p 00000000 00:00 0 
7f9dfb027000-7f9dfb03d000 r-xp 00000000 08:01 916168                     /lib/x86_64-linux-gnu/libz.so.1.2.7
7f9dfb03d000-7f9dfb23c000 ---p 00016000 08:01 916168                     /lib/x86_64-linux-gnu/libz.so.1.2.7
7f9dfb23c000-7f9dfb23d000 r--p 00015000 08:01 916168                     /lib/x86_64-linux-gnu/libz.so.1.2.7
7f9dfb23d000-7f9dfb23e000 rw-p 00016000 08:01 916168                     /lib/x86_64-linux-gnu/libz.so.1.2.7
7f9dfb23e000-7f9dfb25e000 r-xp 00000000 08:01 32                         /lib64/ld-2.13.so
7f9dfb25e000-7f9dfb260000 r--s 001a1000 08:06 9437380                    /home/nemo9955/CodeStation/proiecte/Garden_Revolution/Garden_Revolution-desktop/libs/gdx-backend-lwjgl-natives.jar
7f9dfb260000-7f9dfb263000 r--s 0000b000 08:06 9437369                    /home/nemo9955/CodeStation/proiecte/Garden_Revolution/Garden_Revolution-main/libs/tween-engine-api.jar
7f9dfb263000-7f9dfb266000 r--s 0007f000 08:01 143741                     /usr/lib/jvm/java-6-openjdk-common/jre/lib/jsse.jar
7f9dfb266000-7f9dfb27c000 r--s 00157000 08:06 9437270                    /home/nemo9955/CodeStation/proiecte/Garden_Revolution/Garden_Revolution-main/libs/gdx.jar
7f9dfb27c000-7f9dfb286000 rw-p 00000000 00:00 0 
7f9dfb286000-7f9dfb33c000 rw-p 00000000 00:00 0 
7f9dfb33c000-7f9dfb33f000 ---p 00000000 00:00 0 
7f9dfb33f000-7f9dfb442000 rw-p 00000000 00:00 0 
7f9dfb442000-7f9dfb443000 r--s 00002000 08:06 9437214                    /home/nemo9955/CodeStation/proiecte/Garden_Revolution/Garden_Revolution-main/libs/gdx-controllers.jar
7f9dfb443000-7f9dfb447000 r--s 00039000 08:01 143733                     /usr/lib/jvm/java-6-openjdk-common/jre/lib/ext/sunpkcs11.jar
7f9dfb447000-7f9dfb449000 r--s 0000f000 08:01 143734                     /usr/lib/jvm/java-6-openjdk-common/jre/lib/ext/pulse-java.jar
7f9dfb449000-7f9dfb44c000 r--s 00031000 08:01 143736                     /usr/lib/jvm/java-6-openjdk-common/jre/lib/ext/sunjce_provider.jar
7f9dfb44c000-7f9dfb44f000 r--s 00077000 08:01 143735                     /usr/lib/jvm/java-6-openjdk-common/jre/lib/ext/localedata.jar
7f9dfb44f000-7f9dfb451000 r--s 00001000 08:01 143737                     /usr/lib/jvm/java-6-openjdk-common/jre/lib/ext/dnsns.jar
7f9dfb451000-7f9dfb452000 r--s 00007000 08:01 916596                     /usr/share/java/java-atk-wrapper.jar
7f9dfb452000-7f9dfb45a000 rw-s 00000000 08:01 400812                     /tmp/hsperfdata_nemo9955/4891
7f9dfb45a000-7f9dfb45b000 rw-p 00000000 00:00 0 
7f9dfb45b000-7f9dfb45c000 r--p 00000000 00:00 0 
7f9dfb45c000-7f9dfb45d000 rw-p 00000000 00:00 0 
7f9dfb45d000-7f9dfb45e000 r--p 0001f000 08:01 32                         /lib64/ld-2.13.so
7f9dfb45e000-7f9dfb45f000 rw-p 00020000 08:01 32                         /lib64/ld-2.13.so
7f9dfb45f000-7f9dfb460000 rw-p 00000000 00:00 0 
7fff939d4000-7fff939f5000 rw-p 00000000 00:00 0                          [stack]
7fff939ff000-7fff93a00000 r-xp 00000000 00:00 0                          [vdso]
ffffffffff600000-ffffffffff601000 r-xp 00000000 00:00 0                  [vsyscall]

VM Arguments:
jvm_args: -agentlib:jdwp=transport=dt_socket,suspend=y,address=localhost:58760 -Dfile.encoding=UTF-8 
java_command: com.nemo9955.garden_revolution.Main
Launcher Type: SUN_STANDARD

Environment Variables:
PATH=/home/nemo9955/bin:/usr/sbin:/sbin:/usr/local/bin:/usr/bin:/bin:/usr/local/games:/usr/games
LD_LIBRARY_PATH=/usr/lib/jvm/java-6-openjdk-amd64/jre/lib/amd64/server:/usr/lib/jvm/java-6-openjdk-amd64/jre/lib/amd64:/usr/lib/jvm/java-6-openjdk-amd64/jre/../lib/amd64
SHELL=/bin/bash
DISPLAY=:0.0

Signal Handlers:
SIGSEGV: [libjvm.so+0x791b10], sa_mask[0]=0x7ffbfeff, sa_flags=0x10000004
SIGBUS: [libjvm.so+0x791b10], sa_mask[0]=0x7ffbfeff, sa_flags=0x10000004
SIGFPE: [libjvm.so+0x65ace0], sa_mask[0]=0x7ffbfeff, sa_flags=0x10000004
SIGPIPE: [libjvm.so+0x65ace0], sa_mask[0]=0x7ffbfeff, sa_flags=0x10000004
SIGXFSZ: [libjvm.so+0x65ace0], sa_mask[0]=0x7ffbfeff, sa_flags=0x10000004
SIGILL: [libjvm.so+0x65ace0], sa_mask[0]=0x7ffbfeff, sa_flags=0x10000004
SIGUSR1: SIG_DFL, sa_mask[0]=0x00000000, sa_flags=0x00000000
SIGUSR2: [libjvm.so+0x65aec0], sa_mask[0]=0x00000004, sa_flags=0x10000004
SIGHUP: [libjvm.so+0x65d500], sa_mask[0]=0x7ffbfeff, sa_flags=0x10000004
SIGINT: [libjvm.so+0x65d500], sa_mask[0]=0x7ffbfeff, sa_flags=0x10000004
SIGTERM: [libjvm.so+0x65d500], sa_mask[0]=0x7ffbfeff, sa_flags=0x10000004
SIGQUIT: [libjvm.so+0x65d500], sa_mask[0]=0x7ffbfeff, sa_flags=0x10000004


---------------  S Y S T E M  ---------------

OS:7.3

uname:Linux 3.2.0-4-amd64 #1 SMP Debian 3.2.51-1 x86_64
libc:glibc 2.13 NPTL 2.13 
rlimit: STACK 8192k, CORE 0k, NPROC 25587, NOFILE 4096, AS infinity
load average:0.28 0.35 0.39

/proc/meminfo:
MemTotal:        3287396 kB
MemFree:          645468 kB
Buffers:           20980 kB
Cached:           328316 kB
SwapCached:         8952 kB
Active:          1804380 kB
Inactive:         677756 kB
Active(anon):    1664296 kB
Inactive(anon):   478304 kB
Active(file):     140084 kB
Inactive(file):   199452 kB
Unevictable:           0 kB
Mlocked:               0 kB
SwapTotal:       3025916 kB
SwapFree:        2941900 kB
Dirty:              1180 kB
Writeback:             0 kB
AnonPages:       2124860 kB
Mapped:           161620 kB
Shmem:              9760 kB
Slab:              72056 kB
SReclaimable:      45404 kB
SUnreclaim:        26652 kB
KernelStack:        4008 kB
PageTables:        26920 kB
NFS_Unstable:          0 kB
Bounce:                0 kB
WritebackTmp:          0 kB
CommitLimit:     4669612 kB
Committed_AS:    4556416 kB
VmallocTotal:   34359738367 kB
VmallocUsed:      315844 kB
VmallocChunk:   34359419900 kB
HardwareCorrupted:     0 kB
AnonHugePages:         0 kB
HugePages_Total:       0
HugePages_Free:        0
HugePages_Rsvd:        0
HugePages_Surp:        0
Hugepagesize:       2048 kB
DirectMap4k:      114368 kB
DirectMap2M:     3227648 kB


CPU:total 2 (2 cores per cpu, 1 threads per core) family 6 model 23 stepping 10, cmov, cx8, fxsr, mmx, sse, sse2, sse3, ssse3, sse4.1

Memory: 4k page, physical 3287396k(645468k free), swap 3025916k(2941900k free)

vm_info: OpenJDK 64-Bit Server VM (20.0-b12) for linux-amd64 JRE (1.6.0_27-b27), built on Jul 12 2013 09:04:12 by "jmm" with gcc 4.7.2

time: Mon Feb 24 15:10:50 2014
elapsed time: 290 seconds

