#
# A fatal error has been detected by the Java Runtime Environment:
#
#  SIGBUS (0x7) at pc=0x00007fa65837fc60, pid=4830, tid=140352227464960
#
# JRE version: 6.0_27-b27
# Java VM: OpenJDK 64-Bit Server VM (20.0-b12 mixed mode linux-amd64 compressed oops)
# Derivative: IcedTea6 1.12.6
# Distribution: Debian GNU/Linux 7.1 (wheezy), package 6b27-1.12.6-1~deb7u1
# Problematic frame:
# 
[error occurred during error reporting (printing problematic frame), id 0x7]

# If you would like to submit a bug report, please include
# instructions how to reproduce the bug and visit:
#   http://icedtea.classpath.org/bugzilla
# The crash happened outside the Java Virtual Machine in native code.
# See problematic frame for where to report the bug.
#

---------------  T H R E A D  ---------------

Current thread (0x00007fa654219800):  JavaThread "LWJGL Application" [_thread_in_native, id=4884, stack(0x00007fa64c995000,0x00007fa64ca96000)]

siginfo:si_signo=SIGBUS: si_errno=0, si_code=2 (BUS_ADRERR), si_addr=0x00007fa65837fc60

Registers:
RAX=0x00000000c3e54920, RBX=0x00000000c3e54920, RCX=0x00000000c3eaa818, RDX=0x00007fa65c5058da
RSP=0x00007fa64ca94758, RBP=0x00007fa64ca947a0, RSI=0x00007fa64ca94790, RDI=0x00007fa6542199d0
R8 =0x0000000000000001, R9 =0x0000000000000001, R10=0x00007fa65c5cf8de, R11=0x00007fa65c5d9860
R12=0x0000000000000000, R13=0x00007fa64ca947d8, R14=0x00007fa64ca94790, R15=0x00007fa654219800
RIP=0x00007fa65837fc60, EFLAGS=0x0000000000010246, CSGSFS=0x0000000000000033, ERR=0x0000000000000014
  TRAPNO=0x000000000000000e

Top of Stack: (sp=0x00007fa64ca94758)
0x00007fa64ca94758:   00007fa65c5cf94c 00007fa65c512298
0x00007fa64ca94768:   00000000f02b8730 0000000000000011
0x00007fa64ca94778:   0000000000000000 00007fa64ca94770
0x00007fa64ca94788:   00000000c3e5f647 00000000c3e5ed48
0x00007fa64ca94798:   00000000c3e90b38 00007fa64ca94828
0x00007fa64ca947a8:   00007fa65c5d9874 0000000000000000
0x00007fa64ca947b8:   00007fa64ca947d0 00007fa64ca94828
0x00007fa64ca947c8:   00007fa65c5058da 00007fa65c5058da
0x00007fa64ca947d8:   0000006ecf829d11 00000000f02b7c80
0x00007fa64ca947e8:   00007fa64ca947d8 00000000c3ea9559
0x00007fa64ca947f8:   00007fa64ca94870 00000000c3eaa818
0x00007fa64ca94808:   0000000000000000 00000000c3ea95c8
0x00007fa64ca94818:   00007fa64ca947d8 00007fa64ca94870
0x00007fa64ca94828:   00007fa64ca948b8 00007fa65c505db4
0x00007fa64ca94838:   0000000000000000 0000000000000000
0x00007fa64ca94848:   0000000000000000 00000000f02b8750
0x00007fa64ca94858:   00000000f02b8730 00000000f02b7c80
0x00007fa64ca94868:   00000000f02b7c80 00000000f0358508
0x00007fa64ca94878:   00007fa64ca94878 00000000c3ea61a3
0x00007fa64ca94888:   00007fa64ca948c0 00000000c3ea7e00
0x00007fa64ca94898:   0000000000000000 00000000c3ea61b8
0x00007fa64ca948a8:   00007fa64ca94870 00007fa64ca948c8
0x00007fa64ca948b8:   00007fa64ca94908 00007fa65c5058da
0x00007fa64ca948c8:   00007fa64ca948c8 00000000c3e48e48
0x00007fa64ca948d8:   00007fa64ca94918 00000000c3e905a8
0x00007fa64ca948e8:   0000000000000000 00000000c3e48e68
0x00007fa64ca948f8:   00007fa64ca948c8 00007fa64ca94918
0x00007fa64ca94908:   00007fa64ca94970 00007fa65c505db4
0x00007fa64ca94918:   00000000f0357b80 0000000000000000
0x00007fa64ca94928:   00000000f034c3e0 00007fa64ca94920
0x00007fa64ca94938:   00000000c3e3a047 00007fa64ca94988
0x00007fa64ca94948:   00000000c3e4b828 0000000000000000 

Instructions: (pc=0x00007fa65837fc60)
0x00007fa65837fc40:   
[error occurred during error reporting (printing registers, top of stack, instructions near pc), id 0x7]

Register to memory mapping:

RAX=0x00000000c3e54920 is an oop
{method} 
 - klass: {other class}
RBX=0x00000000c3e54920 is an oop
{method} 
 - klass: {other class}
RCX=0x00000000c3eaa818 is an oop
{constant pool cache} 
 - klass: {other class}
RDX=0x00007fa65c5058da is an Interpreter codelet
return entry points  [0x00007fa65c5051c0, 0x00007fa65c506780]  5568 bytes
RSP=0x00007fa64ca94758 is pointing into the stack for thread: 0x00007fa654219800
RBP=0x00007fa64ca947a0 is pointing into the stack for thread: 0x00007fa654219800
RSI=0x00007fa64ca94790 is pointing into the stack for thread: 0x00007fa654219800
RDI=0x00007fa6542199d0 is an unknown value
R8 =0x0000000000000001 is an unknown value
R9 =0x0000000000000001 is an unknown value
R10=0x00007fa65c5cf710 [CodeBlob (0x00007fa65c5cf710)]
Framesize: 10
R11=0x00007fa65c5d9710 [CodeBlob (0x00007fa65c5d9710)]
Framesize: 4
R12=0x0000000000000000 is an unknown value
R13=0x00007fa64ca947d8 is pointing into the stack for thread: 0x00007fa654219800
R14=0x00007fa64ca94790 is pointing into the stack for thread: 0x00007fa654219800
R15=0x00007fa654219800 is a thread


Stack: [0x00007fa64c995000,0x00007fa64ca96000],  sp=0x00007fa64ca94758,  free space=1021k
Native frames: (J=compiled Java code, j=interpreted, Vv=VM code, C=native code)

[error occurred during error reporting (printing native stack), id 0x7]

Java frames: (J=compiled Java code, j=interpreted, Vv=VM code)
J  org.lwjgl.opengl.LinuxDisplay.nUnlockAWT()V
J  org.lwjgl.opengl.LinuxDisplay.unlockAWT()V
j  org.lwjgl.opengl.LinuxContextImplementation.swapBuffers()V+57
j  org.lwjgl.opengl.ContextGL.swapBuffers()V+3
j  org.lwjgl.opengl.DrawableGL.swapBuffers()V+0
j  org.lwjgl.opengl.Display.swapBuffers()V+39
j  org.lwjgl.opengl.Display.update(Z)V+44
j  com.badlogic.gdx.backends.lwjgl.LwjglApplication.mainLoop()V+648
j  com.badlogic.gdx.backends.lwjgl.LwjglApplication$1.run()V+27
v  ~StubRoutines::call_stub

---------------  P R O C E S S  ---------------

Java Threads: ( => current thread )
  0x00007fa654b31000 JavaThread "AsynchExecutor-Thread" daemon [_thread_blocked, id=4889, stack(0x00007fa64c894000,0x00007fa64c995000)]
  0x00007fa65427f800 JavaThread "DestroyJavaVM" [_thread_blocked, id=4835, stack(0x00007fa662b77000,0x00007fa662c78000)]
=>0x00007fa654219800 JavaThread "LWJGL Application" [_thread_in_native, id=4884, stack(0x00007fa64c995000,0x00007fa64ca96000)]
  0x00007fa6541e1800 JavaThread "AWT-XAWT" daemon [_thread_in_native, id=4880, stack(0x00007fa658ab3000,0x00007fa658bb4000)]
  0x00007fa65415f000 JavaThread "Java2D Disposer" daemon [_thread_blocked, id=4879, stack(0x00007fa658e52000,0x00007fa658f53000)]
  0x00007fa654004800 JavaThread "Low Memory Detector" daemon [_thread_blocked, id=4854, stack(0x00007fa65aeb9000,0x00007fa65afba000)]
  0x00007fa654001800 JavaThread "C2 CompilerThread1" daemon [_thread_blocked, id=4853, stack(0x00007fa65afba000,0x00007fa65b0bb000)]
  0x0000000000f63800 JavaThread "C2 CompilerThread0" daemon [_thread_blocked, id=4852, stack(0x00007fa65b0bb000,0x00007fa65b1bc000)]
  0x0000000000f55800 JavaThread "JDWP Command Reader" daemon [_thread_in_native, id=4848, stack(0x00007fa65b1bc000,0x00007fa65b2bd000)]
  0x0000000000f53800 JavaThread "JDWP Event Helper Thread" daemon [_thread_blocked, id=4847, stack(0x00007fa65b2bd000,0x00007fa65b3be000)]
  0x0000000000f50000 JavaThread "JDWP Transport Listener: dt_socket" daemon [_thread_blocked, id=4844, stack(0x00007fa65b3be000,0x00007fa65b4bf000)]
  0x0000000000f42000 JavaThread "Signal Dispatcher" daemon [_thread_blocked, id=4842, stack(0x00007fa65b6c3000,0x00007fa65b7c4000)]
  0x0000000000f1e800 JavaThread "Finalizer" daemon [_thread_blocked, id=4841, stack(0x00007fa65b7c4000,0x00007fa65b8c5000)]
  0x0000000000f1c800 JavaThread "Reference Handler" daemon [_thread_blocked, id=4840, stack(0x00007fa65b8c5000,0x00007fa65b9c6000)]

Other Threads:
  0x0000000000f17800 VMThread [stack: 0x00007fa65b9c6000,0x00007fa65bac7000] [id=4839]
  0x00007fa654007000 WatcherThread [stack: 0x00007fa65adb8000,0x00007fa65aeb9000] [id=4855]

VM state:not at safepoint (normal execution)

VM Mutex/Monitor currently owned by a thread: None

Heap
 PSYoungGen      total 14976K, used 5988K [0x00000000ef400000, 0x00000000f04b0000, 0x0000000100000000)
  eden space 12864K, 37% used [0x00000000ef400000,0x00000000ef8ba288,0x00000000f0090000)
  from space 2112K, 54% used [0x00000000f02a0000,0x00000000f03bf140,0x00000000f04b0000)
  to   space 2112K, 0% used [0x00000000f0090000,0x00000000f0090000,0x00000000f02a0000)
 PSOldGen        total 34304K, used 0K [0x00000000cdc00000, 0x00000000cfd80000, 0x00000000ef400000)
  object space 34304K, 0% used [0x00000000cdc00000,0x00000000cdc00000,0x00000000cfd80000)
 PSPermGen       total 21248K, used 13448K [0x00000000c3600000, 0x00000000c4ac0000, 0x00000000cdc00000)
  object space 21248K, 63% used [0x00000000c3600000,0x00000000c43221f8,0x00000000c4ac0000)

Code Cache  [0x00007fa65c500000, 0x00007fa65c770000, 0x00007fa65f500000)
 total_blobs=700 nmethods=187 adapters=475 free_code_cache=49387520 largest_free_block=12352

Dynamic libraries:
00400000-00409000 r-xp 00000000 08:01 144298                             /usr/lib/jvm/java-6-openjdk-amd64/jre/bin/java
00608000-00609000 rw-p 00008000 08:01 144298                             /usr/lib/jvm/java-6-openjdk-amd64/jre/bin/java
00ea4000-0213c000 rw-p 00000000 00:00 0                                  [heap]
41468000-414e6000 rw-p 00000000 00:00 0 
41d64000-41d66000 r-xs 00000000 08:01 263726                             /tmp/glfXiOsT (deleted)
c3600000-c4ac0000 rw-p 00000000 00:00 0 
c4ac0000-cdc00000 rw-p 00000000 00:00 0 
cdc00000-cfd80000 rw-p 00000000 00:00 0 
cfd80000-ef400000 rw-p 00000000 00:00 0 
ef400000-f04b0000 rw-p 00000000 00:00 0 
f04b0000-100000000 rw-p 00000000 00:00 0 
7fa648d8f000-7fa648db2000 r-xp 00000000 08:01 551347                     /tmp/libgdxnemo9955/b97b1fcd/libgdx-controllers-desktop64.so
7fa648db2000-7fa648fb2000 ---p 00023000 08:01 551347                     /tmp/libgdxnemo9955/b97b1fcd/libgdx-controllers-desktop64.so
7fa648fb2000-7fa648fb3000 r--p 00023000 08:01 551347                     /tmp/libgdxnemo9955/b97b1fcd/libgdx-controllers-desktop64.so
7fa648fb3000-7fa648fb4000 rw-p 00024000 08:01 551347                     /tmp/libgdxnemo9955/b97b1fcd/libgdx-controllers-desktop64.so
7fa648fb4000-7fa648fc9000 r-xp 00000000 08:01 144247                     /usr/lib/jvm/java-6-openjdk-amd64/jre/lib/amd64/libnet.so
7fa648fc9000-7fa6491c8000 ---p 00015000 08:01 144247                     /usr/lib/jvm/java-6-openjdk-amd64/jre/lib/amd64/libnet.so
7fa6491c8000-7fa6491c9000 rw-p 00014000 08:01 144247                     /usr/lib/jvm/java-6-openjdk-amd64/jre/lib/amd64/libnet.so
7fa6491c9000-7fa6495c9000 rw-s 7449f000 00:05 5680                       /dev/nvidia0
7fa6495c9000-7fa6499c9000 rw-s 69203000 00:05 5680                       /dev/nvidia0
7fa6499c9000-7fa649bc9000 rw-s 065e2000 00:05 5680                       /dev/nvidia0
7fa649bc9000-7fa649dc9000 rw-s 3752b000 00:05 5680                       /dev/nvidia0
7fa649dc9000-7fa649ec9000 rw-s 0290d000 00:05 5680                       /dev/nvidia0
7fa649ec9000-7fa649f3d000 rw-p 00000000 00:00 0 
7fa649f4a000-7fa649f8a000 rw-s 3ef64000 00:05 5680                       /dev/nvidia0
7fa649f8a000-7fa64b95a000 r-xp 00000000 08:01 282961                     /usr/lib/x86_64-linux-gnu/libnvidia-glcore.so.304.88
7fa64b95a000-7fa64bb59000 ---p 019d0000 08:01 282961                     /usr/lib/x86_64-linux-gnu/libnvidia-glcore.so.304.88
7fa64bb59000-7fa64c35a000 rwxp 019cf000 08:01 282961                     /usr/lib/x86_64-linux-gnu/libnvidia-glcore.so.304.88
7fa64c35a000-7fa64c374000 rwxp 00000000 00:00 0 
7fa64c374000-7fa64c377000 r-xp 00000000 08:01 551171                     /usr/lib/x86_64-linux-gnu/tls/libnvidia-tls.so.304.88
7fa64c377000-7fa64c576000 ---p 00003000 08:01 551171                     /usr/lib/x86_64-linux-gnu/tls/libnvidia-tls.so.304.88
7fa64c576000-7fa64c577000 rw-p 00002000 08:01 551171                     /usr/lib/x86_64-linux-gnu/tls/libnvidia-tls.so.304.88
7fa64c577000-7fa64c641000 r-xp 00000000 08:01 678444                     /usr/lib/x86_64-linux-gnu/nvidia/current/libGL.so.304.88
7fa64c641000-7fa64c841000 ---p 000ca000 08:01 678444                     /usr/lib/x86_64-linux-gnu/nvidia/current/libGL.so.304.88
7fa64c841000-7fa64c87e000 rwxp 000ca000 08:01 678444                     /usr/lib/x86_64-linux-gnu/nvidia/current/libGL.so.304.88
7fa64c87e000-7fa64c894000 rwxp 00000000 00:00 0 
7fa64c894000-7fa64c897000 ---p 00000000 00:00 0 
7fa64c897000-7fa64c995000 rw-p 00000000 00:00 0 
7fa64c995000-7fa64c998000 ---p 00000000 00:00 0 
7fa64c998000-7fa64ca96000 rw-p 00000000 00:00 0 
7fa64ca96000-7fa650a97000 rw-s 00000000 00:11 150819                     /run/shm/pulse-shm-759720314
7fa650a97000-7fa650a98000 ---p 00000000 00:00 0 
7fa650a98000-7fa651298000 rw-p 00000000 00:00 0 
7fa651298000-7fa6512ab000 r-xp 00000000 08:01 916431                     /lib/x86_64-linux-gnu/libresolv-2.13.so
7fa6512ab000-7fa6514aa000 ---p 00013000 08:01 916431                     /lib/x86_64-linux-gnu/libresolv-2.13.so
7fa6514aa000-7fa6514ab000 r--p 00012000 08:01 916431                     /lib/x86_64-linux-gnu/libresolv-2.13.so
7fa6514ab000-7fa6514ac000 rw-p 00013000 08:01 916431                     /lib/x86_64-linux-gnu/libresolv-2.13.so
7fa6514ac000-7fa6514ae000 rw-p 00000000 00:00 0 
7fa6514ae000-7fa6514b4000 r-xp 00000000 08:01 264971                     /usr/lib/x86_64-linux-gnu/libogg.so.0.8.0
7fa6514b4000-7fa6516b3000 ---p 00006000 08:01 264971                     /usr/lib/x86_64-linux-gnu/libogg.so.0.8.0
7fa6516b3000-7fa6516b4000 rw-p 00005000 08:01 264971                     /usr/lib/x86_64-linux-gnu/libogg.so.0.8.0
7fa6516b4000-7fa6516e0000 r-xp 00000000 08:01 265193                     /usr/lib/x86_64-linux-gnu/libvorbis.so.0.4.5
7fa6516e0000-7fa6518df000 ---p 0002c000 08:01 265193                     /usr/lib/x86_64-linux-gnu/libvorbis.so.0.4.5
7fa6518df000-7fa6518e0000 r--p 0002b000 08:01 265193                     /usr/lib/x86_64-linux-gnu/libvorbis.so.0.4.5
7fa6518e0000-7fa6518e1000 rw-p 0002c000 08:01 265193                     /usr/lib/x86_64-linux-gnu/libvorbis.so.0.4.5
7fa6518e1000-7fa651b94000 r-xp 00000000 08:01 265195                     /usr/lib/x86_64-linux-gnu/libvorbisenc.so.2.0.8
7fa651b94000-7fa651d93000 ---p 002b3000 08:01 265195                     /usr/lib/x86_64-linux-gnu/libvorbisenc.so.2.0.8
7fa651d93000-7fa651daf000 r--p 002b2000 08:01 265195                     /usr/lib/x86_64-linux-gnu/libvorbisenc.so.2.0.8
7fa651daf000-7fa651db0000 rw-p 002ce000 08:01 265195                     /usr/lib/x86_64-linux-gnu/libvorbisenc.so.2.0.8
7fa651db0000-7fa651dfb000 r-xp 00000000 08:01 264365                     /usr/lib/x86_64-linux-gnu/libFLAC.so.8.2.0
7fa651dfb000-7fa651ffa000 ---p 0004b000 08:01 264365                     /usr/lib/x86_64-linux-gnu/libFLAC.so.8.2.0
7fa651ffa000-7fa651ffb000 r--p 0004a000 08:01 264365                     /usr/lib/x86_64-linux-gnu/libFLAC.so.8.2.0
7fa651ffb000-7fa651ffc000 rw-p 0004b000 08:01 264365                     /usr/lib/x86_64-linux-gnu/libFLAC.so.8.2.0
7fa651ffc000-7fa652000000 r-xp 00000000 08:01 916163                     /lib/x86_64-linux-gnu/libuuid.so.1.3.0
7fa652000000-7fa6521ff000 ---p 00004000 08:01 916163                     /lib/x86_64-linux-gnu/libuuid.so.1.3.0
7fa6521ff000-7fa652200000 r--p 00003000 08:01 916163                     /lib/x86_64-linux-gnu/libuuid.so.1.3.0
7fa652200000-7fa652201000 rw-p 00004000 08:01 916163                     /lib/x86_64-linux-gnu/libuuid.so.1.3.0
7fa652201000-7fa652205000 r-xp 00000000 08:01 916027                     /lib/x86_64-linux-gnu/libattr.so.1.1.0
7fa652205000-7fa652404000 ---p 00004000 08:01 916027                     /lib/x86_64-linux-gnu/libattr.so.1.1.0
7fa652404000-7fa652405000 r--p 00003000 08:01 916027                     /lib/x86_64-linux-gnu/libattr.so.1.1.0
7fa652405000-7fa652406000 rw-p 00004000 08:01 916027                     /lib/x86_64-linux-gnu/libattr.so.1.1.0
7fa652406000-7fa65240b000 r-xp 00000000 08:01 264468                     /usr/lib/x86_64-linux-gnu/libasyncns.so.0.3.1
7fa65240b000-7fa65260a000 ---p 00005000 08:01 264468                     /usr/lib/x86_64-linux-gnu/libasyncns.so.0.3.1
7fa65260a000-7fa65260b000 rw-p 00004000 08:01 264468                     /usr/lib/x86_64-linux-gnu/libasyncns.so.0.3.1
7fa65260b000-7fa65266c000 r-xp 00000000 08:01 265087                     /usr/lib/x86_64-linux-gnu/libsndfile.so.1.0.25
7fa65266c000-7fa65286b000 ---p 00061000 08:01 265087                     /usr/lib/x86_64-linux-gnu/libsndfile.so.1.0.25
7fa65286b000-7fa65286d000 r--p 00060000 08:01 265087                     /usr/lib/x86_64-linux-gnu/libsndfile.so.1.0.25
7fa65286d000-7fa65286e000 rw-p 00062000 08:01 265087                     /usr/lib/x86_64-linux-gnu/libsndfile.so.1.0.25
7fa65286e000-7fa652872000 rw-p 00000000 00:00 0 
7fa652872000-7fa65287b000 r-xp 00000000 08:01 916165                     /lib/x86_64-linux-gnu/libwrap.so.0.7.6
7fa65287b000-7fa652a7a000 ---p 00009000 08:01 916165                     /lib/x86_64-linux-gnu/libwrap.so.0.7.6
7fa652a7a000-7fa652a7b000 r--p 00008000 08:01 916165                     /lib/x86_64-linux-gnu/libwrap.so.0.7.6
7fa652a7b000-7fa652a7c000 rw-p 00009000 08:01 916165                     /lib/x86_64-linux-gnu/libwrap.so.0.7.6
7fa652a7c000-7fa652a7d000 rw-p 00000000 00:00 0 
7fa652a7d000-7fa652a84000 r-xp 00000000 08:01 264394                     /usr/lib/x86_64-linux-gnu/libSM.so.6.0.1
7fa652a84000-7fa652c83000 ---p 00007000 08:01 264394                     /usr/lib/x86_64-linux-gnu/libSM.so.6.0.1
7fa652c83000-7fa652c84000 rw-p 00006000 08:01 264394                     /usr/lib/x86_64-linux-gnu/libSM.so.6.0.1
7fa652c84000-7fa652c9b000 r-xp 00000000 08:01 264375                     /usr/lib/x86_64-linux-gnu/libICE.so.6.3.0
7fa652c9b000-7fa652e9a000 ---p 00017000 08:01 264375                     /usr/lib/x86_64-linux-gnu/libICE.so.6.3.0
7fa652e9a000-7fa652e9c000 rw-p 00016000 08:01 264375                     /usr/lib/x86_64-linux-gnu/libICE.so.6.3.0
7fa652e9c000-7fa652e9f000 rw-p 00000000 00:00 0 
7fa652e9f000-7fa652ea0000 r-xp 00000000 08:01 272883                     /usr/lib/x86_64-linux-gnu/libX11-xcb.so.1.0.0
7fa652ea0000-7fa65309f000 ---p 00001000 08:01 272883                     /usr/lib/x86_64-linux-gnu/libX11-xcb.so.1.0.0
7fa65309f000-7fa6530a0000 rw-p 00000000 08:01 272883                     /usr/lib/x86_64-linux-gnu/libX11-xcb.so.1.0.0
7fa6530a0000-7fa6530a4000 r-xp 00000000 08:01 916038                     /lib/x86_64-linux-gnu/libcap.so.2.22
7fa6530a4000-7fa6532a3000 ---p 00004000 08:01 916038                     /lib/x86_64-linux-gnu/libcap.so.2.22
7fa6532a3000-7fa6532a4000 rw-p 00003000 08:01 916038                     /lib/x86_64-linux-gnu/libcap.so.2.22
7fa6532a4000-7fa6532e8000 r-xp 00000000 08:01 916060                     /lib/x86_64-linux-gnu/libdbus-1.so.3.7.2
7fa6532e8000-7fa6534e8000 ---p 00044000 08:01 916060                     /lib/x86_64-linux-gnu/libdbus-1.so.3.7.2
7fa6534e8000-7fa6534e9000 r--p 00044000 08:01 916060                     /lib/x86_64-linux-gnu/libdbus-1.so.3.7.2
7fa6534e9000-7fa6534ea000 rw-p 00045000 08:01 916060                     /lib/x86_64-linux-gnu/libdbus-1.so.3.7.2
7fa6534ea000-7fa65354b000 r-xp 00000000 08:01 265339                     /usr/lib/x86_64-linux-gnu/pulseaudio/libpulsecommon-2.0.so
7fa65354b000-7fa65374a000 ---p 00061000 08:01 265339                     /usr/lib/x86_64-linux-gnu/pulseaudio/libpulsecommon-2.0.so
7fa65374a000-7fa65374b000 r--p 00060000 08:01 265339                     /usr/lib/x86_64-linux-gnu/pulseaudio/libpulsecommon-2.0.so
7fa65374b000-7fa65374d000 rw-p 00061000 08:01 265339                     /usr/lib/x86_64-linux-gnu/pulseaudio/libpulsecommon-2.0.so
7fa65374d000-7fa653756000 r-xp 00000000 08:01 916072                     /lib/x86_64-linux-gnu/libjson.so.0.1.0
7fa653756000-7fa653955000 ---p 00009000 08:01 916072                     /lib/x86_64-linux-gnu/libjson.so.0.1.0
7fa653955000-7fa653956000 r--p 00008000 08:01 916072                     /lib/x86_64-linux-gnu/libjson.so.0.1.0
7fa653956000-7fa653957000 rw-p 00009000 08:01 916072                     /lib/x86_64-linux-gnu/libjson.so.0.1.0
7fa653957000-7fa6539a0000 r-xp 00000000 08:01 265053                     /usr/lib/x86_64-linux-gnu/libpulse.so.0.14.2
7fa6539a0000-7fa653b9f000 ---p 00049000 08:01 265053                     /usr/lib/x86_64-linux-gnu/libpulse.so.0.14.2
7fa653b9f000-7fa653ba0000 r--p 00048000 08:01 265053                     /usr/lib/x86_64-linux-gnu/libpulse.so.0.14.2
7fa653ba0000-7fa653ba1000 rw-p 00049000 08:01 265053                     /usr/lib/x86_64-linux-gnu/libpulse.so.0.14.2
7fa653ba1000-7fa653bf6000 r-xp 00000000 08:01 551340                     /tmp/libgdxnemo9955/7b43be9b/libopenal64.so
7fa653bf6000-7fa653df5000 ---p 00055000 08:01 551340                     /tmp/libgdxnemo9955/7b43be9b/libopenal64.so
7fa653df5000-7fa653df8000 r--p 00054000 08:01 551340                     /tmp/libgdxnemo9955/7b43be9b/libopenal64.so
7fa653df8000-7fa653df9000 rw-p 00057000 08:01 551340                     /tmp/libgdxnemo9955/7b43be9b/libopenal64.so
7fa653df9000-7fa653dfa000 rw-p 00000000 00:00 0 
7fa653dfa000-7fa653dfe000 r-xp 00000000 08:01 273334                     /usr/lib/x86_64-linux-gnu/libXxf86vm.so.1.0.0
7fa653dfe000-7fa653ffe000 ---p 00004000 08:01 273334                     /usr/lib/x86_64-linux-gnu/libXxf86vm.so.1.0.0
7fa653ffe000-7fa653fff000 r--p 00004000 08:01 273334                     /usr/lib/x86_64-linux-gnu/libXxf86vm.so.1.0.0
7fa653fff000-7fa654000000 rw-p 00005000 08:01 273334                     /usr/lib/x86_64-linux-gnu/libXxf86vm.so.1.0.0
7fa654000000-7fa65657c000 rw-p 00000000 00:00 0 
7fa65657c000-7fa658000000 ---p 00000000 00:00 0 
7fa65802e000-7fa65802f000 ---p 00000000 00:00 0 
7fa65802f000-7fa65812f000 rw-p 00000000 00:00 0 
7fa65812f000-7fa658136000 r-xp 00000000 08:01 265883                     /usr/lib/x86_64-linux-gnu/libXrandr.so.2.2.0
7fa658136000-7fa658336000 ---p 00007000 08:01 265883                     /usr/lib/x86_64-linux-gnu/libXrandr.so.2.2.0
7fa658336000-7fa658337000 rw-p 00007000 08:01 265883                     /usr/lib/x86_64-linux-gnu/libXrandr.so.2.2.0
7fa658337000-7fa6583a3000 r-xp 00000000 08:01 551339                     /tmp/libgdxnemo9955/7b43be9b/liblwjgl64.so
7fa6583a3000-7fa6585a2000 ---p 0006c000 08:01 551339                     /tmp/libgdxnemo9955/7b43be9b/liblwjgl64.so
7fa6585a2000-7fa6585a4000 r--p 0006b000 08:01 551339                     /tmp/libgdxnemo9955/7b43be9b/liblwjgl64.so
7fa6585a4000-7fa6585a5000 rw-p 0006d000 08:01 551339                     /tmp/libgdxnemo9955/7b43be9b/liblwjgl64.so
7fa6585a5000-7fa6585a6000 r-xp 00000000 08:01 144229                     /usr/lib/jvm/java-6-openjdk-amd64/jre/lib/amd64/libjawt.so
7fa6585a6000-7fa6587a5000 ---p 00001000 08:01 144229                     /usr/lib/jvm/java-6-openjdk-amd64/jre/lib/amd64/libjawt.so
7fa6587a5000-7fa6587a6000 rw-p 00000000 08:01 144229                     /usr/lib/jvm/java-6-openjdk-amd64/jre/lib/amd64/libjawt.so
7fa6587a6000-7fa6587ab000 r-xp 00000000 08:01 273531                     /usr/lib/x86_64-linux-gnu/libXfixes.so.3.1.0
7fa6587ab000-7fa6589aa000 ---p 00005000 08:01 273531                     /usr/lib/x86_64-linux-gnu/libXfixes.so.3.1.0
7fa6589aa000-7fa6589ab000 r--p 00004000 08:01 273531                     /usr/lib/x86_64-linux-gnu/libXfixes.so.3.1.0
7fa6589ab000-7fa6589ac000 rw-p 00005000 08:01 273531                     /usr/lib/x86_64-linux-gnu/libXfixes.so.3.1.0
7fa6589ac000-7fa6589b5000 r--s 00000000 08:01 277048                     /var/cache/fontconfig/945677eb7aeaf62f1d50efc3fb3ec7d8-le64.cache-3
7fa6589b5000-7fa6589ba000 r--s 00000000 08:01 271253                     /var/cache/fontconfig/6eb3985aa4124903f6ff08ba781cd364-le64.cache-3
7fa6589ba000-7fa6589c3000 r--s 00000000 08:01 278568                     /var/cache/fontconfig/6d41288fd70b0be22e8c3a91e032eec0-le64.cache-3
7fa6589c3000-7fa6589f1000 r--s 00000000 08:01 271260                     /var/cache/fontconfig/365b55f210c0a22e9a19e35191240f32-le64.cache-3
7fa6589f8000-7fa658a96000 rw-p 00000000 00:00 0 
7fa658a96000-7fa658ab3000 rw-s 36c61000 00:05 5680                       /dev/nvidia0
7fa658ab3000-7fa658ab6000 ---p 00000000 00:00 0 
7fa658ab6000-7fa658bb4000 rw-p 00000000 00:00 0 
7fa658bb4000-7fa658bbd000 r--s 00000000 08:01 277048                     /var/cache/fontconfig/945677eb7aeaf62f1d50efc3fb3ec7d8-le64.cache-3
7fa658bbd000-7fa658bc2000 r--s 00000000 08:01 271253                     /var/cache/fontconfig/6eb3985aa4124903f6ff08ba781cd364-le64.cache-3
7fa658bc2000-7fa658bcb000 r--s 00000000 08:01 278568                     /var/cache/fontconfig/6d41288fd70b0be22e8c3a91e032eec0-le64.cache-3
7fa658bcb000-7fa658bf9000 r--s 00000000 08:01 271260                     /var/cache/fontconfig/365b55f210c0a22e9a19e35191240f32-le64.cache-3
7fa658bf9000-7fa658bfc000 r--s 00000000 08:01 271247                     /var/cache/fontconfig/c57959a16110560c8d0fcea73374aeeb-le64.cache-3
7fa658bfc000-7fa658c01000 r--s 00000000 08:01 271264                     /var/cache/fontconfig/3047814df9a2f067bd2d96a2b9c36e5a-le64.cache-3
7fa658c16000-7fa658c20000 r-xp 00000000 08:01 264474                     /usr/lib/x86_64-linux-gnu/libXcursor.so.1.0.2
7fa658c20000-7fa658e1f000 ---p 0000a000 08:01 264474                     /usr/lib/x86_64-linux-gnu/libXcursor.so.1.0.2
7fa658e1f000-7fa658e20000 rw-p 00009000 08:01 264474                     /usr/lib/x86_64-linux-gnu/libXcursor.so.1.0.2
7fa658e21000-7fa658e23000 rw-p 00000000 00:00 0 
7fa658e23000-7fa658e25000 rw-s 00000000 08:01 263726                     /tmp/glfXiOsT (deleted)
7fa658e25000-7fa658e29000 rw-s 03826000 00:05 5680                       /dev/nvidia0
7fa658e29000-7fa658e2a000 rw-s d0005000 00:05 5680                       /dev/nvidia0
7fa658e2a000-7fa658e2b000 rw-s 0385e000 00:05 5680                       /dev/nvidia0
7fa658e2b000-7fa658e2f000 rw-s 692b8000 00:05 5680                       /dev/nvidia0
7fa658e2f000-7fa658e30000 rw-s fdc08000 00:05 5680                       /dev/nvidia0
7fa658e30000-7fa658e31000 rw-s fd641000 00:05 5680                       /dev/nvidia0
7fa658e31000-7fa658e32000 rw-s 36deb000 00:05 5680                       /dev/nvidia0
7fa658e32000-7fa658e33000 rw-s 3edfb000 00:05 5680                       /dev/nvidia0
7fa658e33000-7fa658e3a000 r--s 00000000 08:01 282750                     /usr/lib/x86_64-linux-gnu/gconv/gconv-modules.cache
7fa658e3a000-7fa658e4b000 r--s 00000000 08:01 271249                     /var/cache/fontconfig/d52a8644073d54c13679302ca1180695-le64.cache-3
7fa658e4b000-7fa658e52000 r--s 00000000 08:01 271258                     /var/cache/fontconfig/3f7329c5293ffd510edef78f73874cfd-le64.cache-3
7fa658e52000-7fa658e55000 ---p 00000000 00:00 0 
7fa658e55000-7fa658f53000 rw-p 00000000 00:00 0 
7fa658f53000-7fa658fec000 r-xp 00000000 08:01 264650                     /usr/lib/x86_64-linux-gnu/libfreetype.so.6.8.1
7fa658fec000-7fa6591eb000 ---p 00099000 08:01 264650                     /usr/lib/x86_64-linux-gnu/libfreetype.so.6.8.1
7fa6591eb000-7fa6591f1000 r--p 00098000 08:01 264650                     /usr/lib/x86_64-linux-gnu/libfreetype.so.6.8.1
7fa6591f1000-7fa6591f2000 rw-p 0009e000 08:01 264650                     /usr/lib/x86_64-linux-gnu/libfreetype.so.6.8.1
7fa6591f2000-7fa65923a000 r-xp 00000000 08:01 144223                     /usr/lib/jvm/java-6-openjdk-amd64/jre/lib/amd64/libfontmanager.so
7fa65923a000-7fa65943a000 ---p 00048000 08:01 144223                     /usr/lib/jvm/java-6-openjdk-amd64/jre/lib/amd64/libfontmanager.so
7fa65943a000-7fa65943d000 rw-p 00048000 08:01 144223                     /usr/lib/jvm/java-6-openjdk-amd64/jre/lib/amd64/libfontmanager.so
7fa65943d000-7fa659442000 r-xp 00000000 08:01 264417                     /usr/lib/x86_64-linux-gnu/libXdmcp.so.6.0.0
7fa659442000-7fa659641000 ---p 00005000 08:01 264417                     /usr/lib/x86_64-linux-gnu/libXdmcp.so.6.0.0
7fa659641000-7fa659642000 rw-p 00004000 08:01 264417                     /usr/lib/x86_64-linux-gnu/libXdmcp.so.6.0.0
7fa659642000-7fa659644000 r-xp 00000000 08:01 264406                     /usr/lib/x86_64-linux-gnu/libXau.so.6.0.0
7fa659644000-7fa659844000 ---p 00002000 08:01 264406                     /usr/lib/x86_64-linux-gnu/libXau.so.6.0.0
7fa659844000-7fa659845000 rw-p 00002000 08:01 264406                     /usr/lib/x86_64-linux-gnu/libXau.so.6.0.0
7fa659845000-7fa659864000 r-xp 00000000 08:01 265852                     /usr/lib/x86_64-linux-gnu/libxcb.so.1.1.0
7fa659864000-7fa659a63000 ---p 0001f000 08:01 265852                     /usr/lib/x86_64-linux-gnu/libxcb.so.1.1.0
7fa659a63000-7fa659a64000 r--p 0001e000 08:01 265852                     /usr/lib/x86_64-linux-gnu/libxcb.so.1.1.0
7fa659a64000-7fa659a65000 rw-p 0001f000 08:01 265852                     /usr/lib/x86_64-linux-gnu/libxcb.so.1.1.0
7fa659a65000-7fa659a73000 r-xp 00000000 08:01 265075                     /usr/lib/x86_64-linux-gnu/libXi.so.6.1.0
7fa659a73000-7fa659c73000 ---p 0000e000 08:01 265075                     /usr/lib/x86_64-linux-gnu/libXi.so.6.1.0
7fa659c73000-7fa659c74000 rw-p 0000e000 08:01 265075                     /usr/lib/x86_64-linux-gnu/libXi.so.6.1.0
7fa659c74000-7fa659c79000 r-xp 00000000 08:01 274483                     /usr/lib/x86_64-linux-gnu/libXtst.so.6.1.0
7fa659c79000-7fa659e78000 ---p 00005000 08:01 274483                     /usr/lib/x86_64-linux-gnu/libXtst.so.6.1.0
7fa659e78000-7fa659e79000 rw-p 00004000 08:01 274483                     /usr/lib/x86_64-linux-gnu/libXtst.so.6.1.0
7fa659e79000-7fa659e82000 r-xp 00000000 08:01 264343                     /usr/lib/x86_64-linux-gnu/libXrender.so.1.3.0
7fa659e82000-7fa65a081000 ---p 00009000 08:01 264343                     /usr/lib/x86_64-linux-gnu/libXrender.so.1.3.0
7fa65a081000-7fa65a082000 rw-p 00008000 08:01 264343                     /usr/lib/x86_64-linux-gnu/libXrender.so.1.3.0
7fa65a082000-7fa65a1b7000 r-xp 00000000 08:01 265870                     /usr/lib/x86_64-linux-gnu/libX11.so.6.3.0
7fa65a1b7000-7fa65a3b7000 ---p 00135000 08:01 265870                     /usr/lib/x86_64-linux-gnu/libX11.so.6.3.0
7fa65a3b7000-7fa65a3bd000 rw-p 00135000 08:01 265870                     /usr/lib/x86_64-linux-gnu/libX11.so.6.3.0
7fa65a3bd000-7fa65a3ce000 r-xp 00000000 08:01 264595                     /usr/lib/x86_64-linux-gnu/libXext.so.6.4.0
7fa65a3ce000-7fa65a5ce000 ---p 00011000 08:01 264595                     /usr/lib/x86_64-linux-gnu/libXext.so.6.4.0
7fa65a5ce000-7fa65a5cf000 rw-p 00011000 08:01 264595                     /usr/lib/x86_64-linux-gnu/libXext.so.6.4.0
7fa65a5cf000-7fa65a61c000 r-xp 00000000 08:01 144391                     /usr/lib/jvm/java-6-openjdk-amd64/jre/lib/amd64/xawt/libmawt.so
7fa65a61c000-7fa65a81b000 ---p 0004d000 08:01 144391                     /usr/lib/jvm/java-6-openjdk-amd64/jre/lib/amd64/xawt/libmawt.so
7fa65a81b000-7fa65a81f000 rw-p 0004c000 08:01 144391                     /usr/lib/jvm/java-6-openjdk-amd64/jre/lib/amd64/xawt/libmawt.so
7fa65a81f000-7fa65a820000 rw-p 00000000 00:00 0 
7fa65a820000-7fa65a8d0000 r-xp 00000000 08:01 144230                     /usr/lib/jvm/java-6-openjdk-amd64/jre/lib/amd64/libawt.so
7fa65a8d0000-7fa65aacf000 ---p 000b0000 08:01 144230                     /usr/lib/jvm/java-6-openjdk-amd64/jre/lib/amd64/libawt.so
7fa65aacf000-7fa65aadb000 rw-p 000af000 08:01 144230                     /usr/lib/jvm/java-6-openjdk-amd64/jre/lib/amd64/libawt.so
7fa65aadb000-7fa65aaff000 rw-p 00000000 00:00 0 
7fa65aaff000-7fa65ab6e000 r-xp 00000000 08:01 551337                     /tmp/libgdxnemo9955/b4a54a2/libgdx64.so
7fa65ab6e000-7fa65ad6d000 ---p 0006f000 08:01 551337                     /tmp/libgdxnemo9955/b4a54a2/libgdx64.so
7fa65ad6d000-7fa65ad6f000 r--p 0006e000 08:01 551337                     /tmp/libgdxnemo9955/b4a54a2/libgdx64.so
7fa65ad6f000-7fa65ad70000 rw-p 00070000 08:01 551337                     /tmp/libgdxnemo9955/b4a54a2/libgdx64.so
7fa65ad70000-7fa65ad71000 rw-p 00000000 00:00 0 
7fa65ad71000-7fa65ad72000 r--s 00127000 08:06 9437307                    /home/nemo9955/CodeStation/proiecte/Garden_Revolution/Garden_Revolution-desktop/libs/gdx-natives.jar
7fa65ad72000-7fa65ad73000 r--s 00004000 08:06 9437342                    /home/nemo9955/CodeStation/proiecte/Garden_Revolution/Garden_Revolution-desktop/libs/gdx-controllers-desktop.jar
7fa65ad73000-7fa65ad74000 r--s 00100000 08:06 9437237                    /home/nemo9955/CodeStation/proiecte/Garden_Revolution/Garden_Revolution-desktop/libs/gdx-controllers-desktop-natives.jar
7fa65ad74000-7fa65ad75000 rw-s fd060000 00:05 5680                       /dev/nvidia0
7fa65ad75000-7fa65ad77000 r--s 00000000 08:01 271267                     /var/cache/fontconfig/e13b20fdb08344e0e664864cc2ede53d-le64.cache-3
7fa65ad77000-7fa65ad7a000 r--s 00000000 08:01 271247                     /var/cache/fontconfig/c57959a16110560c8d0fcea73374aeeb-le64.cache-3
7fa65ad7a000-7fa65ad7f000 r--s 00000000 08:01 271264                     /var/cache/fontconfig/3047814df9a2f067bd2d96a2b9c36e5a-le64.cache-3
7fa65ad7f000-7fa65ad90000 r--s 00000000 08:01 271249                     /var/cache/fontconfig/d52a8644073d54c13679302ca1180695-le64.cache-3
7fa65ad90000-7fa65ad97000 r--s 00000000 08:01 271258                     /var/cache/fontconfig/3f7329c5293ffd510edef78f73874cfd-le64.cache-3
7fa65ad97000-7fa65ad99000 r--s 00000000 08:01 271267                     /var/cache/fontconfig/e13b20fdb08344e0e664864cc2ede53d-le64.cache-3
7fa65ad99000-7fa65ada0000 r--s 000fc000 08:01 143749                     /usr/lib/jvm/java-6-openjdk-common/jre/lib/resources.jar
7fa65ada0000-7fa65adb1000 r--s 0012b000 08:06 9437394                    /home/nemo9955/CodeStation/proiecte/Garden_Revolution/Garden_Revolution-desktop/libs/gdx-backend-lwjgl.jar
7fa65adb1000-7fa65adb8000 r--s 0004c000 08:06 9437312                    /home/nemo9955/CodeStation/proiecte/Garden_Revolution/Garden_Revolution-main/libs/kryonet-2.21-all.jar
7fa65adb8000-7fa65adb9000 ---p 00000000 00:00 0 
7fa65adb9000-7fa65aeb9000 rw-p 00000000 00:00 0 
7fa65aeb9000-7fa65aebc000 ---p 00000000 00:00 0 
7fa65aebc000-7fa65afba000 rw-p 00000000 00:00 0 
7fa65afba000-7fa65afbd000 ---p 00000000 00:00 0 
7fa65afbd000-7fa65b0bb000 rw-p 00000000 00:00 0 
7fa65b0bb000-7fa65b0be000 ---p 00000000 00:00 0 
7fa65b0be000-7fa65b1bc000 rw-p 00000000 00:00 0 
7fa65b1bc000-7fa65b1bf000 ---p 00000000 00:00 0 
7fa65b1bf000-7fa65b2bd000 rw-p 00000000 00:00 0 
7fa65b2bd000-7fa65b2c0000 ---p 00000000 00:00 0 
7fa65b2c0000-7fa65b3be000 rw-p 00000000 00:00 0 
7fa65b3be000-7fa65b3c1000 ---p 00000000 00:00 0 
7fa65b3c1000-7fa65b4bf000 rw-p 00000000 00:00 0 
7fa65b4bf000-7fa65b4c3000 r-xp 00000000 08:01 144238                     /usr/lib/jvm/java-6-openjdk-amd64/jre/lib/amd64/libdt_socket.so
7fa65b4c3000-7fa65b6c2000 ---p 00004000 08:01 144238                     /usr/lib/jvm/java-6-openjdk-amd64/jre/lib/amd64/libdt_socket.so
7fa65b6c2000-7fa65b6c3000 rw-p 00003000 08:01 144238                     /usr/lib/jvm/java-6-openjdk-amd64/jre/lib/amd64/libdt_socket.so
7fa65b6c3000-7fa65b6c6000 ---p 00000000 00:00 0 
7fa65b6c6000-7fa65b7c4000 rw-p 00000000 00:00 0 
7fa65b7c4000-7fa65b7c7000 ---p 00000000 00:00 0 
7fa65b7c7000-7fa65b8c5000 rw-p 00000000 00:00 0 
7fa65b8c5000-7fa65b8c8000 ---p 00000000 00:00 0 
7fa65b8c8000-7fa65b9c6000 rw-p 00000000 00:00 0 
7fa65b9c6000-7fa65b9c7000 ---p 00000000 00:00 0 
7fa65b9c7000-7fa65bdfd000 rw-p 00000000 00:00 0 
7fa65bdfd000-7fa65bf91000 r--s 03807000 08:01 144270                     /usr/lib/jvm/java-6-openjdk-amd64/jre/lib/rt.jar
7fa65bf91000-7fa65bfb9000 rw-p 00000000 00:00 0 
7fa65bfb9000-7fa65bfba000 ---p 00000000 00:00 0 
7fa65bfba000-7fa65c0ba000 rw-p 00000000 00:00 0 
7fa65c0ba000-7fa65c0bb000 ---p 00000000 00:00 0 
7fa65c0bb000-7fa65c1c6000 rw-p 00000000 00:00 0 
7fa65c1c6000-7fa65c20e000 rw-p 00000000 00:00 0 
7fa65c20e000-7fa65c21f000 rw-p 00000000 00:00 0 
7fa65c21f000-7fa65c31a000 rw-p 00000000 00:00 0 
7fa65c31a000-7fa65c325000 rw-p 00000000 00:00 0 
7fa65c325000-7fa65c36d000 rw-p 00000000 00:00 0 
7fa65c36d000-7fa65c37e000 rw-p 00000000 00:00 0 
7fa65c37e000-7fa65c479000 rw-p 00000000 00:00 0 
7fa65c479000-7fa65c482000 rw-p 00000000 00:00 0 
7fa65c482000-7fa65c4ff000 rw-p 00000000 00:00 0 
7fa65c4ff000-7fa65c500000 rw-p 00000000 00:00 0 
7fa65c500000-7fa65c770000 rwxp 00000000 00:00 0 
7fa65c770000-7fa65f500000 rw-p 00000000 00:00 0 
7fa65f500000-7fa65f507000 r-xp 00000000 08:01 144259                     /usr/lib/jvm/java-6-openjdk-amd64/jre/lib/amd64/libzip.so
7fa65f507000-7fa65f706000 ---p 00007000 08:01 144259                     /usr/lib/jvm/java-6-openjdk-amd64/jre/lib/amd64/libzip.so
7fa65f706000-7fa65f707000 rw-p 00006000 08:01 144259                     /usr/lib/jvm/java-6-openjdk-amd64/jre/lib/amd64/libzip.so
7fa65f707000-7fa65f712000 r-xp 00000000 08:01 916446                     /lib/x86_64-linux-gnu/libnss_files-2.13.so
7fa65f712000-7fa65f911000 ---p 0000b000 08:01 916446                     /lib/x86_64-linux-gnu/libnss_files-2.13.so
7fa65f911000-7fa65f912000 r--p 0000a000 08:01 916446                     /lib/x86_64-linux-gnu/libnss_files-2.13.so
7fa65f912000-7fa65f913000 rw-p 0000b000 08:01 916446                     /lib/x86_64-linux-gnu/libnss_files-2.13.so
7fa65f913000-7fa65f91d000 r-xp 00000000 08:01 916442                     /lib/x86_64-linux-gnu/libnss_nis-2.13.so
7fa65f91d000-7fa65fb1c000 ---p 0000a000 08:01 916442                     /lib/x86_64-linux-gnu/libnss_nis-2.13.so
7fa65fb1c000-7fa65fb1d000 r--p 00009000 08:01 916442                     /lib/x86_64-linux-gnu/libnss_nis-2.13.so
7fa65fb1d000-7fa65fb1e000 rw-p 0000a000 08:01 916442                     /lib/x86_64-linux-gnu/libnss_nis-2.13.so
7fa65fb1e000-7fa65fb25000 r-xp 00000000 08:01 916435                     /lib/x86_64-linux-gnu/libnss_compat-2.13.so
7fa65fb25000-7fa65fd24000 ---p 00007000 08:01 916435                     /lib/x86_64-linux-gnu/libnss_compat-2.13.so
7fa65fd24000-7fa65fd25000 r--p 00006000 08:01 916435                     /lib/x86_64-linux-gnu/libnss_compat-2.13.so
7fa65fd25000-7fa65fd26000 rw-p 00007000 08:01 916435                     /lib/x86_64-linux-gnu/libnss_compat-2.13.so
7fa65fd26000-7fa65fe9d000 r--p 00000000 08:01 139605                     /usr/lib/locale/locale-archive
7fa65fe9d000-7fa65fea0000 r-xp 00000000 08:01 144258                     /usr/lib/jvm/java-6-openjdk-amd64/jre/lib/amd64/libnpt.so
7fa65fea0000-7fa66009f000 ---p 00003000 08:01 144258                     /usr/lib/jvm/java-6-openjdk-amd64/jre/lib/amd64/libnpt.so
7fa66009f000-7fa6600a0000 rw-p 00002000 08:01 144258                     /usr/lib/jvm/java-6-openjdk-amd64/jre/lib/amd64/libnpt.so
7fa6600a0000-7fa6600da000 r-xp 00000000 08:01 144255                     /usr/lib/jvm/java-6-openjdk-amd64/jre/lib/amd64/libjdwp.so
7fa6600da000-7fa6602d9000 ---p 0003a000 08:01 144255                     /usr/lib/jvm/java-6-openjdk-amd64/jre/lib/amd64/libjdwp.so
7fa6602d9000-7fa6602da000 rw-p 00039000 08:01 144255                     /usr/lib/jvm/java-6-openjdk-amd64/jre/lib/amd64/libjdwp.so
7fa6602da000-7fa6602db000 rw-p 00000000 00:00 0 
7fa6602db000-7fa6602f0000 r-xp 00000000 08:01 916440                     /lib/x86_64-linux-gnu/libnsl-2.13.so
7fa6602f0000-7fa6604ef000 ---p 00015000 08:01 916440                     /lib/x86_64-linux-gnu/libnsl-2.13.so
7fa6604ef000-7fa6604f0000 r--p 00014000 08:01 916440                     /lib/x86_64-linux-gnu/libnsl-2.13.so
7fa6604f0000-7fa6604f1000 rw-p 00015000 08:01 916440                     /lib/x86_64-linux-gnu/libnsl-2.13.so
7fa6604f1000-7fa6604f3000 rw-p 00000000 00:00 0 
7fa6604f3000-7fa660521000 r-xp 00000000 08:01 144245                     /usr/lib/jvm/java-6-openjdk-amd64/jre/lib/amd64/libjava.so
7fa660521000-7fa660720000 ---p 0002e000 08:01 144245                     /usr/lib/jvm/java-6-openjdk-amd64/jre/lib/amd64/libjava.so
7fa660720000-7fa660724000 rw-p 0002d000 08:01 144245                     /usr/lib/jvm/java-6-openjdk-amd64/jre/lib/amd64/libjava.so
7fa660724000-7fa660733000 r-xp 00000000 08:01 144228                     /usr/lib/jvm/java-6-openjdk-amd64/jre/lib/amd64/libverify.so
7fa660733000-7fa660932000 ---p 0000f000 08:01 144228                     /usr/lib/jvm/java-6-openjdk-amd64/jre/lib/amd64/libverify.so
7fa660932000-7fa660934000 rw-p 0000e000 08:01 144228                     /usr/lib/jvm/java-6-openjdk-amd64/jre/lib/amd64/libverify.so
7fa660934000-7fa66093b000 r-xp 00000000 08:01 916450                     /lib/x86_64-linux-gnu/librt-2.13.so
7fa66093b000-7fa660b3a000 ---p 00007000 08:01 916450                     /lib/x86_64-linux-gnu/librt-2.13.so
7fa660b3a000-7fa660b3b000 r--p 00006000 08:01 916450                     /lib/x86_64-linux-gnu/librt-2.13.so
7fa660b3b000-7fa660b3c000 rw-p 00007000 08:01 916450                     /lib/x86_64-linux-gnu/librt-2.13.so
7fa660b3c000-7fa660b51000 r-xp 00000000 08:01 916059                     /lib/x86_64-linux-gnu/libgcc_s.so.1
7fa660b51000-7fa660d51000 ---p 00015000 08:01 916059                     /lib/x86_64-linux-gnu/libgcc_s.so.1
7fa660d51000-7fa660d52000 rw-p 00015000 08:01 916059                     /lib/x86_64-linux-gnu/libgcc_s.so.1
7fa660d52000-7fa660dd3000 r-xp 00000000 08:01 916437                     /lib/x86_64-linux-gnu/libm-2.13.so
7fa660dd3000-7fa660fd2000 ---p 00081000 08:01 916437                     /lib/x86_64-linux-gnu/libm-2.13.so
7fa660fd2000-7fa660fd3000 r--p 00080000 08:01 916437                     /lib/x86_64-linux-gnu/libm-2.13.so
7fa660fd3000-7fa660fd4000 rw-p 00081000 08:01 916437                     /lib/x86_64-linux-gnu/libm-2.13.so
7fa660fd4000-7fa6610bc000 r-xp 00000000 08:01 265105                     /usr/lib/x86_64-linux-gnu/libstdc++.so.6.0.17
7fa6610bc000-7fa6612bc000 ---p 000e8000 08:01 265105                     /usr/lib/x86_64-linux-gnu/libstdc++.so.6.0.17
7fa6612bc000-7fa6612c4000 r--p 000e8000 08:01 265105                     /usr/lib/x86_64-linux-gnu/libstdc++.so.6.0.17
7fa6612c4000-7fa6612c6000 rw-p 000f0000 08:01 265105                     /usr/lib/x86_64-linux-gnu/libstdc++.so.6.0.17
7fa6612c6000-7fa6612db000 rw-p 00000000 00:00 0 
7fa6612db000-7fa661bef000 r-xp 00000000 08:01 144235                     /usr/lib/jvm/java-6-openjdk-amd64/jre/lib/amd64/server/libjvm.so
7fa661bef000-7fa661dee000 ---p 00914000 08:01 144235                     /usr/lib/jvm/java-6-openjdk-amd64/jre/lib/amd64/server/libjvm.so
7fa661dee000-7fa661e8a000 rw-p 00913000 08:01 144235                     /usr/lib/jvm/java-6-openjdk-amd64/jre/lib/amd64/server/libjvm.so
7fa661e8a000-7fa661eb3000 rw-p 00000000 00:00 0 
7fa661eb3000-7fa662035000 r-xp 00000000 08:01 916430                     /lib/x86_64-linux-gnu/libc-2.13.so
7fa662035000-7fa662234000 ---p 00182000 08:01 916430                     /lib/x86_64-linux-gnu/libc-2.13.so
7fa662234000-7fa662238000 r--p 00181000 08:01 916430                     /lib/x86_64-linux-gnu/libc-2.13.so
7fa662238000-7fa662239000 rw-p 00185000 08:01 916430                     /lib/x86_64-linux-gnu/libc-2.13.so
7fa662239000-7fa66223e000 rw-p 00000000 00:00 0 
7fa66223e000-7fa662240000 r-xp 00000000 08:01 916444                     /lib/x86_64-linux-gnu/libdl-2.13.so
7fa662240000-7fa662440000 ---p 00002000 08:01 916444                     /lib/x86_64-linux-gnu/libdl-2.13.so
7fa662440000-7fa662441000 r--p 00002000 08:01 916444                     /lib/x86_64-linux-gnu/libdl-2.13.so
7fa662441000-7fa662442000 rw-p 00003000 08:01 916444                     /lib/x86_64-linux-gnu/libdl-2.13.so
7fa662442000-7fa662446000 r-xp 00000000 08:01 144232                     /usr/lib/jvm/java-6-openjdk-amd64/jre/lib/amd64/jli/libjli.so
7fa662446000-7fa662645000 ---p 00004000 08:01 144232                     /usr/lib/jvm/java-6-openjdk-amd64/jre/lib/amd64/jli/libjli.so
7fa662645000-7fa662646000 rw-p 00003000 08:01 144232                     /usr/lib/jvm/java-6-openjdk-amd64/jre/lib/amd64/jli/libjli.so
7fa662646000-7fa66265d000 r-xp 00000000 08:01 916448                     /lib/x86_64-linux-gnu/libpthread-2.13.so
7fa66265d000-7fa66285c000 ---p 00017000 08:01 916448                     /lib/x86_64-linux-gnu/libpthread-2.13.so
7fa66285c000-7fa66285d000 r--p 00016000 08:01 916448                     /lib/x86_64-linux-gnu/libpthread-2.13.so
7fa66285d000-7fa66285e000 rw-p 00017000 08:01 916448                     /lib/x86_64-linux-gnu/libpthread-2.13.so
7fa66285e000-7fa662862000 rw-p 00000000 00:00 0 
7fa662862000-7fa662878000 r-xp 00000000 08:01 916168                     /lib/x86_64-linux-gnu/libz.so.1.2.7
7fa662878000-7fa662a77000 ---p 00016000 08:01 916168                     /lib/x86_64-linux-gnu/libz.so.1.2.7
7fa662a77000-7fa662a78000 r--p 00015000 08:01 916168                     /lib/x86_64-linux-gnu/libz.so.1.2.7
7fa662a78000-7fa662a79000 rw-p 00016000 08:01 916168                     /lib/x86_64-linux-gnu/libz.so.1.2.7
7fa662a79000-7fa662a99000 r-xp 00000000 08:01 32                         /lib64/ld-2.13.so
7fa662a99000-7fa662a9b000 r--s 001a1000 08:06 9437380                    /home/nemo9955/CodeStation/proiecte/Garden_Revolution/Garden_Revolution-desktop/libs/gdx-backend-lwjgl-natives.jar
7fa662a9b000-7fa662a9e000 r--s 0000b000 08:06 9437369                    /home/nemo9955/CodeStation/proiecte/Garden_Revolution/Garden_Revolution-main/libs/tween-engine-api.jar
7fa662a9e000-7fa662aa1000 r--s 0007f000 08:01 143741                     /usr/lib/jvm/java-6-openjdk-common/jre/lib/jsse.jar
7fa662aa1000-7fa662ab7000 r--s 00157000 08:06 9437270                    /home/nemo9955/CodeStation/proiecte/Garden_Revolution/Garden_Revolution-main/libs/gdx.jar
7fa662ab7000-7fa662ac1000 rw-p 00000000 00:00 0 
7fa662ac1000-7fa662b77000 rw-p 00000000 00:00 0 
7fa662b77000-7fa662b7a000 ---p 00000000 00:00 0 
7fa662b7a000-7fa662c7d000 rw-p 00000000 00:00 0 
7fa662c7d000-7fa662c7e000 r--s 00002000 08:06 9437214                    /home/nemo9955/CodeStation/proiecte/Garden_Revolution/Garden_Revolution-main/libs/gdx-controllers.jar
7fa662c7e000-7fa662c82000 r--s 00039000 08:01 143733                     /usr/lib/jvm/java-6-openjdk-common/jre/lib/ext/sunpkcs11.jar
7fa662c82000-7fa662c84000 r--s 0000f000 08:01 143734                     /usr/lib/jvm/java-6-openjdk-common/jre/lib/ext/pulse-java.jar
7fa662c84000-7fa662c87000 r--s 00031000 08:01 143736                     /usr/lib/jvm/java-6-openjdk-common/jre/lib/ext/sunjce_provider.jar
7fa662c87000-7fa662c8a000 r--s 00077000 08:01 143735                     /usr/lib/jvm/java-6-openjdk-common/jre/lib/ext/localedata.jar
7fa662c8a000-7fa662c8c000 r--s 00001000 08:01 143737                     /usr/lib/jvm/java-6-openjdk-common/jre/lib/ext/dnsns.jar
7fa662c8c000-7fa662c8d000 r--s 00007000 08:01 916596                     /usr/share/java/java-atk-wrapper.jar
7fa662c8d000-7fa662c95000 rw-s 00000000 08:01 400813                     /tmp/hsperfdata_nemo9955/4830
7fa662c95000-7fa662c96000 rw-p 00000000 00:00 0 
7fa662c96000-7fa662c97000 r--p 00000000 00:00 0 
7fa662c97000-7fa662c98000 rw-p 00000000 00:00 0 
7fa662c98000-7fa662c99000 r--p 0001f000 08:01 32                         /lib64/ld-2.13.so
7fa662c99000-7fa662c9a000 rw-p 00020000 08:01 32                         /lib64/ld-2.13.so
7fa662c9a000-7fa662c9b000 rw-p 00000000 00:00 0 
7fff9efb3000-7fff9efd4000 rw-p 00000000 00:00 0                          [stack]
7fff9efff000-7fff9f000000 r-xp 00000000 00:00 0                          [vdso]
ffffffffff600000-ffffffffff601000 r-xp 00000000 00:00 0                  [vsyscall]

VM Arguments:
jvm_args: -agentlib:jdwp=transport=dt_socket,suspend=y,address=localhost:38198 -Dfile.encoding=UTF-8 
java_command: com.nemo9955.garden_revolution.Main
Launcher Type: SUN_STANDARD

Environment Variables:
PATH=/home/nemo9955/bin:/usr/sbin:/sbin:/usr/local/bin:/usr/bin:/bin:/usr/local/games:/usr/games
LD_LIBRARY_PATH=/usr/lib/jvm/java-6-openjdk-amd64/jre/lib/amd64/server:/usr/lib/jvm/java-6-openjdk-amd64/jre/lib/amd64:/usr/lib/jvm/java-6-openjdk-amd64/jre/../lib/amd64
SHELL=/bin/bash
DISPLAY=:0.0

Signal Handlers:
SIGSEGV: [libjvm.so+0x791b10], sa_mask[0]=0x7ffbfeff, sa_flags=0x10000004
SIGBUS: [libjvm.so+0x791b10], sa_mask[0]=0x7ffbfeff, sa_flags=0x10000004
SIGFPE: [libjvm.so+0x65ace0], sa_mask[0]=0x7ffbfeff, sa_flags=0x10000004
SIGPIPE: [libjvm.so+0x65ace0], sa_mask[0]=0x7ffbfeff, sa_flags=0x10000004
SIGXFSZ: [libjvm.so+0x65ace0], sa_mask[0]=0x7ffbfeff, sa_flags=0x10000004
SIGILL: [libjvm.so+0x65ace0], sa_mask[0]=0x7ffbfeff, sa_flags=0x10000004
SIGUSR1: SIG_DFL, sa_mask[0]=0x00000000, sa_flags=0x00000000
SIGUSR2: [libjvm.so+0x65aec0], sa_mask[0]=0x00000004, sa_flags=0x10000004
SIGHUP: [libjvm.so+0x65d500], sa_mask[0]=0x7ffbfeff, sa_flags=0x10000004
SIGINT: [libjvm.so+0x65d500], sa_mask[0]=0x7ffbfeff, sa_flags=0x10000004
SIGTERM: [libjvm.so+0x65d500], sa_mask[0]=0x7ffbfeff, sa_flags=0x10000004
SIGQUIT: [libjvm.so+0x65d500], sa_mask[0]=0x7ffbfeff, sa_flags=0x10000004


---------------  S Y S T E M  ---------------

OS:7.3

uname:Linux 3.2.0-4-amd64 #1 SMP Debian 3.2.51-1 x86_64
libc:glibc 2.13 NPTL 2.13 
rlimit: STACK 8192k, CORE 0k, NPROC 25587, NOFILE 4096, AS infinity
load average:0.40 0.48 0.44

/proc/meminfo:
MemTotal:        3287396 kB
MemFree:          716804 kB
Buffers:           14564 kB
Cached:           314968 kB
SwapCached:         8952 kB
Active:          1750928 kB
Inactive:         662084 kB
Active(anon):    1615424 kB
Inactive(anon):   487300 kB
Active(file):     135504 kB
Inactive(file):   174784 kB
Unevictable:           0 kB
Mlocked:               0 kB
SwapTotal:       3025916 kB
SwapFree:        2941900 kB
Dirty:               180 kB
Writeback:             0 kB
AnonPages:       2075456 kB
Mapped:           169300 kB
Shmem:             19288 kB
Slab:              71628 kB
SReclaimable:      44792 kB
SUnreclaim:        26836 kB
KernelStack:        3960 kB
PageTables:        25448 kB
NFS_Unstable:          0 kB
Bounce:                0 kB
WritebackTmp:          0 kB
CommitLimit:     4669612 kB
Committed_AS:    4398564 kB
VmallocTotal:   34359738367 kB
VmallocUsed:      315844 kB
VmallocChunk:   34359419900 kB
HardwareCorrupted:     0 kB
AnonHugePages:         0 kB
HugePages_Total:       0
HugePages_Free:        0
HugePages_Rsvd:        0
HugePages_Surp:        0
Hugepagesize:       2048 kB
DirectMap4k:      114368 kB
DirectMap2M:     3227648 kB


CPU:total 2 (2 cores per cpu, 1 threads per core) family 6 model 23 stepping 10, cmov, cx8, fxsr, mmx, sse, sse2, sse3, ssse3, sse4.1

Memory: 4k page, physical 3287396k(716804k free), swap 3025916k(2941900k free)

vm_info: OpenJDK 64-Bit Server VM (20.0-b12) for linux-amd64 JRE (1.6.0_27-b27), built on Jul 12 2013 09:04:12 by "jmm" with gcc 4.7.2

time: Mon Feb 24 15:06:38 2014
elapsed time: 69 seconds

