#
# A fatal error has been detected by the Java Runtime Environment:
#
#  SIGBUS (0x7) at pc=0x00007f9f8a599ca0, pid=6553, tid=140323072108288
#
# JRE version: 6.0_27-b27
# Java VM: OpenJDK 64-Bit Server VM (20.0-b12 mixed mode linux-amd64 compressed oops)
# Derivative: IcedTea6 1.12.6
# Distribution: Debian GNU/Linux 7.1 (wheezy), package 6b27-1.12.6-1~deb7u1
# Problematic frame:
# 
[error occurred during error reporting (printing problematic frame), id 0x7]

# If you would like to submit a bug report, please include
# instructions how to reproduce the bug and visit:
#   http://icedtea.classpath.org/bugzilla
# The crash happened outside the Java Virtual Machine in native code.
# See problematic frame for where to report the bug.
#

---------------  T H R E A D  ---------------

Current thread (0x0000000001e43800):  JavaThread "Thread-1" [_thread_in_native, id=6671, stack(0x00007f9f82cde000,0x00007f9f82ddf000)]

siginfo:si_signo=SIGBUS: si_errno=0, si_code=2 (BUS_ADRERR), si_addr=0x00007f9f8a599ca0

Registers:
RAX=0x00007f9f8a599ca0, RBX=0x00000000c3e42150, RCX=0x0000000000004a11, RDX=0x00000000c3e50778
RSP=0x00007f9f82ddd908, RBP=0x00007f9f82ddd958, RSI=0x00007f9f82ddd968, RDI=0x0000000001e439d0
R8 =0x0000000000000000, R9 =0x0000000000000000, R10=0x00007f9f92309d3b, R11=0x00007f9f971f1ca0
R12=0x0000000000000000, R13=0x00000000c3e42148, R14=0x00007f9f82ddd970, R15=0x0000000001e43800
RIP=0x00007f9f8a599ca0, EFLAGS=0x0000000000010287, CSGSFS=0x0000000000000033, ERR=0x0000000000000014
  TRAPNO=0x000000000000000e

Top of Stack: (sp=0x00007f9f82ddd908)
0x00007f9f82ddd908:   00007f9f92309d68 0000000001e43800
0x00007f9f82ddd918:   00007f9f82ddd918 0000000000000000
0x00007f9f82ddd928:   00007f9f82ddd970 00000000c3e50778
0x00007f9f82ddd938:   0000000000000000 00000000c3e42150
0x00007f9f82ddd948:   0000000000000000 00007f9f82ddd978
0x00007f9f82ddd958:   00007f9f82ddd9b8 00007f9f922fe85a
0x00007f9f82ddd968:   00000000c3e4c418 00007f9f92306f58
0x00007f9f82ddd978:   00007f9f82ddd978 00000000c3e42050
0x00007f9f82ddd988:   00007f9f82ddd9c8 00000000c3e50778
0x00007f9f82ddd998:   0000000000000000 00000000c3e42088
0x00007f9f82ddd9a8:   00007f9f82ddd978 00007f9f82ddd9d0
0x00007f9f82ddd9b8:   00007f9f82ddda10 00007f9f922fe85a
0x00007f9f82ddd9c8:   0000000000000000 00007f9f82ddd9d0
0x00007f9f82ddd9d8:   00000000c3e45ab0 00007f9f82ddda30
0x00007f9f82ddd9e8:   00000000c3e50778 0000000000000000
0x00007f9f82ddd9f8:   00000000c3e45b50 00007f9f82ddd9d0
0x00007f9f82ddda08:   00007f9f82ddda30 00007f9f82ddda78
0x00007f9f82ddda18:   00007f9f922fed34 0000000000000000
0x00007f9f82ddda28:   0000000000000000 00000000f033b450
0x00007f9f82ddda38:   00007f9f82ddda38 00000000c3e29a4b
0x00007f9f82ddda48:   00007f9f82ddda80 00000000c3e391c0
0x00007f9f82ddda58:   0000000000000000 00000000c3e29a60
0x00007f9f82ddda68:   00007f9f82ddda30 00007f9f82ddda88
0x00007f9f82ddda78:   00007f9f82dddac8 00007f9f922fe85a
0x00007f9f82ddda88:   00007f9f82ddda88 00000000c3e2ab88
0x00007f9f82ddda98:   00007f9f82dddad0 00000000c3e391c0
0x00007f9f82dddaa8:   0000000000000000 00000000c3e2ab90
0x00007f9f82dddab8:   00007f9f82ddda88 00007f9f82dddad8
0x00007f9f82dddac8:   00007f9f82dddb18 00007f9f922fe85a
0x00007f9f82dddad8:   00007f9f82dddad8 00000000c3e38668
0x00007f9f82dddae8:   00007f9f82dddb28 00000000c3e3a7c8
0x00007f9f82dddaf8:   0000000000000000 00000000c3e38680 

Instructions: (pc=0x00007f9f8a599ca0)
0x00007f9f8a599c80:   
[error occurred during error reporting (printing registers, top of stack, instructions near pc), id 0x7]

Register to memory mapping:

RAX=
[error occurred during error reporting (printing register info), id 0x7]

Stack: [0x00007f9f82cde000,0x00007f9f82ddf000],  sp=0x00007f9f82ddd908,  free space=1022k
Native frames: (J=compiled Java code, j=interpreted, Vv=VM code, C=native code)

[error occurred during error reporting (printing native stack), id 0x7]

Java frames: (J=compiled Java code, j=interpreted, Vv=VM code)
j  org.lwjgl.opengl.LinuxDisplay.nLockAWT()V+0
j  org.lwjgl.opengl.LinuxDisplay.lockAWT()V+0
j  org.lwjgl.opengl.LinuxDisplay.resetDisplayMode()V+0
j  org.lwjgl.opengl.Display.reset()V+3
j  org.lwjgl.opengl.Display.access$000()V+0
j  org.lwjgl.opengl.Display$1.run()V+0
v  ~StubRoutines::call_stub

---------------  P R O C E S S  ---------------

Java Threads: ( => current thread )
=>0x0000000001e43800 JavaThread "Thread-1" [_thread_in_native, id=6671, stack(0x00007f9f82cde000,0x00007f9f82ddf000)]
  0x0000000001971000 JavaThread "SIGTERM handler" daemon [_thread_blocked, id=6670, stack(0x00007f9f82bdd000,0x00007f9f82cde000)]
  0x00007f9f8e341800 JavaThread "Timer" [_thread_blocked, id=6584, stack(0x00007f9f7ee00000,0x00007f9f7ef01000)]
  0x00007f9f8c7fb000 JavaThread "AsynchExecutor-Thread" daemon [_thread_blocked, id=6583, stack(0x00007f9f82adc000,0x00007f9f82bdd000)]
  0x00007f9f8c298000 JavaThread "DestroyJavaVM" [_thread_blocked, id=6562, stack(0x00007f9f983bb000,0x00007f9f984bc000)]
  0x00007f9f8c1fc800 JavaThread "AWT-XAWT" daemon [_thread_in_native, id=6574, stack(0x00007f9f8a9c0000,0x00007f9f8aac1000)]
  0x00007f9f8c18b800 JavaThread "Java2D Disposer" daemon [_thread_blocked, id=6573, stack(0x00007f9f90101000,0x00007f9f90202000)]
  0x00007f9f8c029000 JavaThread "Low Memory Detector" daemon [_thread_blocked, id=6571, stack(0x00007f9f91042000,0x00007f9f91143000)]
  0x00007f9f8c026800 JavaThread "C2 CompilerThread1" daemon [_thread_blocked, id=6570, stack(0x00007f9f91143000,0x00007f9f91244000)]
  0x00007f9f8c021800 JavaThread "C2 CompilerThread0" daemon [_thread_blocked, id=6569, stack(0x00007f9f91244000,0x00007f9f91345000)]
  0x00007f9f8c020000 JavaThread "Signal Dispatcher" daemon [_thread_blocked, id=6568, stack(0x00007f9f91345000,0x00007f9f91446000)]
  0x00007f9f8c001000 JavaThread "Finalizer" daemon [_thread_blocked, id=6567, stack(0x00007f9f915bd000,0x00007f9f916be000)]
  0x00000000018c9000 JavaThread "Reference Handler" daemon [_thread_blocked, id=6566, stack(0x00007f9f916be000,0x00007f9f917bf000)]

Other Threads:
  0x00000000018c4000 VMThread [stack: 0x00007f9f917bf000,0x00007f9f918c0000] [id=6565]
  0x00007f9f8c02c000 WatcherThread [stack: 0x00007f9f90f41000,0x00007f9f91042000] [id=6572]

VM state:not at safepoint (normal execution)

VM Mutex/Monitor currently owned by a thread: None

Heap
 PSYoungGen      total 14976K, used 11126K [0x00000000ef400000, 0x00000000f04b0000, 0x0000000100000000)
  eden space 12864K, 77% used [0x00000000ef400000,0x00000000efdb6a30,0x00000000f0090000)
  from space 2112K, 55% used [0x00000000f02a0000,0x00000000f03c7120,0x00000000f04b0000)
  to   space 2112K, 0% used [0x00000000f0090000,0x00000000f0090000,0x00000000f02a0000)
 PSOldGen        total 34304K, used 0K [0x00000000cdc00000, 0x00000000cfd80000, 0x00000000ef400000)
  object space 34304K, 0% used [0x00000000cdc00000,0x00000000cdc00000,0x00000000cfd80000)
 PSPermGen       total 21248K, used 14718K [0x00000000c3600000, 0x00000000c4ac0000, 0x00000000cdc00000)
  object space 21248K, 69% used [0x00000000c3600000,0x00000000c445faf8,0x00000000c4ac0000)

Code Cache  [0x00007f9f922f9000, 0x00007f9f92569000, 0x00007f9f952f9000)
 total_blobs=744 nmethods=137 adapters=561 free_code_cache=49467648 largest_free_block=448

Dynamic libraries:
00400000-00409000 r-xp 00000000 08:01 144298                             /usr/lib/jvm/java-6-openjdk-amd64/jre/bin/java
00608000-00609000 rw-p 00008000 08:01 144298                             /usr/lib/jvm/java-6-openjdk-amd64/jre/bin/java
01853000-02bd8000 rw-p 00000000 00:00 0                                  [heap]
4076d000-4076f000 r-xs 00000000 08:01 282252                             /tmp/gl4fLTRQ (deleted)
40cb0000-40d2e000 rw-p 00000000 00:00 0 
c3600000-c4ac0000 rw-p 00000000 00:00 0 
c4ac0000-cdc00000 rw-p 00000000 00:00 0 
cdc00000-cfd80000 rw-p 00000000 00:00 0 
cfd80000-ef400000 rw-p 00000000 00:00 0 
ef400000-f04b0000 rw-p 00000000 00:00 0 
f04b0000-100000000 rw-p 00000000 00:00 0 
7f9f78000000-7f9f7854f000 rw-p 00000000 00:00 0 
7f9f7854f000-7f9f7c000000 ---p 00000000 00:00 0 
7f9f7ee00000-7f9f7ee03000 ---p 00000000 00:00 0 
7f9f7ee03000-7f9f7ef01000 rw-p 00000000 00:00 0 
7f9f7ef01000-7f9f7ef24000 r-xp 00000000 08:01 551347                     /tmp/libgdxnemo9955/b97b1fcd/libgdx-controllers-desktop64.so
7f9f7ef24000-7f9f7f124000 ---p 00023000 08:01 551347                     /tmp/libgdxnemo9955/b97b1fcd/libgdx-controllers-desktop64.so
7f9f7f124000-7f9f7f125000 r--p 00023000 08:01 551347                     /tmp/libgdxnemo9955/b97b1fcd/libgdx-controllers-desktop64.so
7f9f7f125000-7f9f7f126000 rw-p 00024000 08:01 551347                     /tmp/libgdxnemo9955/b97b1fcd/libgdx-controllers-desktop64.so
7f9f7f126000-7f9f7f13b000 r-xp 00000000 08:01 144247                     /usr/lib/jvm/java-6-openjdk-amd64/jre/lib/amd64/libnet.so
7f9f7f13b000-7f9f7f33a000 ---p 00015000 08:01 144247                     /usr/lib/jvm/java-6-openjdk-amd64/jre/lib/amd64/libnet.so
7f9f7f33a000-7f9f7f33b000 rw-p 00014000 08:01 144247                     /usr/lib/jvm/java-6-openjdk-amd64/jre/lib/amd64/libnet.so
7f9f7f33b000-7f9f7f73b000 rw-s b9d36000 00:05 5680                       /dev/nvidia0
7f9f7f73b000-7f9f7fb3b000 rw-s 57ebc000 00:05 5680                       /dev/nvidia0
7f9f7fb3b000-7f9f7fd3b000 rw-s b535f000 00:05 5680                       /dev/nvidia0
7f9f7fd3b000-7f9f7ff3b000 rw-s 4ede1000 00:05 5680                       /dev/nvidia0
7f9f7ff3b000-7f9f8003b000 rw-s b5b25000 00:05 5680                       /dev/nvidia0
7f9f8007c000-7f9f800f0000 rw-p 00000000 00:00 0 
7f9f801b5000-7f9f801d2000 rw-s 36c61000 00:05 5680                       /dev/nvidia0
7f9f801d2000-7f9f81ba2000 r-xp 00000000 08:01 282961                     /usr/lib/x86_64-linux-gnu/libnvidia-glcore.so.304.88
7f9f81ba2000-7f9f81da1000 ---p 019d0000 08:01 282961                     /usr/lib/x86_64-linux-gnu/libnvidia-glcore.so.304.88
7f9f81da1000-7f9f825a2000 rwxp 019cf000 08:01 282961                     /usr/lib/x86_64-linux-gnu/libnvidia-glcore.so.304.88
7f9f825a2000-7f9f825bc000 rwxp 00000000 00:00 0 
7f9f825bc000-7f9f825bf000 r-xp 00000000 08:01 551171                     /usr/lib/x86_64-linux-gnu/tls/libnvidia-tls.so.304.88
7f9f825bf000-7f9f827be000 ---p 00003000 08:01 551171                     /usr/lib/x86_64-linux-gnu/tls/libnvidia-tls.so.304.88
7f9f827be000-7f9f827bf000 rw-p 00002000 08:01 551171                     /usr/lib/x86_64-linux-gnu/tls/libnvidia-tls.so.304.88
7f9f827bf000-7f9f82889000 r-xp 00000000 08:01 678444                     /usr/lib/x86_64-linux-gnu/nvidia/current/libGL.so.304.88
7f9f82889000-7f9f82a89000 ---p 000ca000 08:01 678444                     /usr/lib/x86_64-linux-gnu/nvidia/current/libGL.so.304.88
7f9f82a89000-7f9f82ac6000 rwxp 000ca000 08:01 678444                     /usr/lib/x86_64-linux-gnu/nvidia/current/libGL.so.304.88
7f9f82ac6000-7f9f82adc000 rwxp 00000000 00:00 0 
7f9f82adc000-7f9f82adf000 ---p 00000000 00:00 0 
7f9f82adf000-7f9f82bdd000 rw-p 00000000 00:00 0 
7f9f82bdd000-7f9f82be0000 ---p 00000000 00:00 0 
7f9f82be0000-7f9f82cde000 rw-p 00000000 00:00 0 
7f9f82cde000-7f9f82ce1000 ---p 00000000 00:00 0 
7f9f82ce1000-7f9f82ddf000 rw-p 00000000 00:00 0 
7f9f86de0000-7f9f86de1000 ---p 00000000 00:00 0 
7f9f86de1000-7f9f875e1000 rw-p 00000000 00:00 0 
7f9f875e1000-7f9f875f4000 r-xp 00000000 08:01 916431                     /lib/x86_64-linux-gnu/libresolv-2.13.so
7f9f875f4000-7f9f877f3000 ---p 00013000 08:01 916431                     /lib/x86_64-linux-gnu/libresolv-2.13.so
7f9f877f3000-7f9f877f4000 r--p 00012000 08:01 916431                     /lib/x86_64-linux-gnu/libresolv-2.13.so
7f9f877f4000-7f9f877f5000 rw-p 00013000 08:01 916431                     /lib/x86_64-linux-gnu/libresolv-2.13.so
7f9f877f5000-7f9f877f7000 rw-p 00000000 00:00 0 
7f9f877f7000-7f9f877fd000 r-xp 00000000 08:01 264971                     /usr/lib/x86_64-linux-gnu/libogg.so.0.8.0
7f9f877fd000-7f9f879fc000 ---p 00006000 08:01 264971                     /usr/lib/x86_64-linux-gnu/libogg.so.0.8.0
7f9f879fc000-7f9f879fd000 rw-p 00005000 08:01 264971                     /usr/lib/x86_64-linux-gnu/libogg.so.0.8.0
7f9f879fd000-7f9f87a29000 r-xp 00000000 08:01 265193                     /usr/lib/x86_64-linux-gnu/libvorbis.so.0.4.5
7f9f87a29000-7f9f87c28000 ---p 0002c000 08:01 265193                     /usr/lib/x86_64-linux-gnu/libvorbis.so.0.4.5
7f9f87c28000-7f9f87c29000 r--p 0002b000 08:01 265193                     /usr/lib/x86_64-linux-gnu/libvorbis.so.0.4.5
7f9f87c29000-7f9f87c2a000 rw-p 0002c000 08:01 265193                     /usr/lib/x86_64-linux-gnu/libvorbis.so.0.4.5
7f9f87c2a000-7f9f87edd000 r-xp 00000000 08:01 265195                     /usr/lib/x86_64-linux-gnu/libvorbisenc.so.2.0.8
7f9f87edd000-7f9f880dc000 ---p 002b3000 08:01 265195                     /usr/lib/x86_64-linux-gnu/libvorbisenc.so.2.0.8
7f9f880dc000-7f9f880f8000 r--p 002b2000 08:01 265195                     /usr/lib/x86_64-linux-gnu/libvorbisenc.so.2.0.8
7f9f880f8000-7f9f880f9000 rw-p 002ce000 08:01 265195                     /usr/lib/x86_64-linux-gnu/libvorbisenc.so.2.0.8
7f9f880f9000-7f9f88144000 r-xp 00000000 08:01 264365                     /usr/lib/x86_64-linux-gnu/libFLAC.so.8.2.0
7f9f88144000-7f9f88343000 ---p 0004b000 08:01 264365                     /usr/lib/x86_64-linux-gnu/libFLAC.so.8.2.0
7f9f88343000-7f9f88344000 r--p 0004a000 08:01 264365                     /usr/lib/x86_64-linux-gnu/libFLAC.so.8.2.0
7f9f88344000-7f9f88345000 rw-p 0004b000 08:01 264365                     /usr/lib/x86_64-linux-gnu/libFLAC.so.8.2.0
7f9f88345000-7f9f88349000 r-xp 00000000 08:01 916163                     /lib/x86_64-linux-gnu/libuuid.so.1.3.0
7f9f88349000-7f9f88548000 ---p 00004000 08:01 916163                     /lib/x86_64-linux-gnu/libuuid.so.1.3.0
7f9f88548000-7f9f88549000 r--p 00003000 08:01 916163                     /lib/x86_64-linux-gnu/libuuid.so.1.3.0
7f9f88549000-7f9f8854a000 rw-p 00004000 08:01 916163                     /lib/x86_64-linux-gnu/libuuid.so.1.3.0
7f9f8854a000-7f9f8854e000 r-xp 00000000 08:01 916027                     /lib/x86_64-linux-gnu/libattr.so.1.1.0
7f9f8854e000-7f9f8874d000 ---p 00004000 08:01 916027                     /lib/x86_64-linux-gnu/libattr.so.1.1.0
7f9f8874d000-7f9f8874e000 r--p 00003000 08:01 916027                     /lib/x86_64-linux-gnu/libattr.so.1.1.0
7f9f8874e000-7f9f8874f000 rw-p 00004000 08:01 916027                     /lib/x86_64-linux-gnu/libattr.so.1.1.0
7f9f8874f000-7f9f88754000 r-xp 00000000 08:01 264468                     /usr/lib/x86_64-linux-gnu/libasyncns.so.0.3.1
7f9f88754000-7f9f88953000 ---p 00005000 08:01 264468                     /usr/lib/x86_64-linux-gnu/libasyncns.so.0.3.1
7f9f88953000-7f9f88954000 rw-p 00004000 08:01 264468                     /usr/lib/x86_64-linux-gnu/libasyncns.so.0.3.1
7f9f88954000-7f9f889b5000 r-xp 00000000 08:01 265087                     /usr/lib/x86_64-linux-gnu/libsndfile.so.1.0.25
7f9f889b5000-7f9f88bb4000 ---p 00061000 08:01 265087                     /usr/lib/x86_64-linux-gnu/libsndfile.so.1.0.25
7f9f88bb4000-7f9f88bb6000 r--p 00060000 08:01 265087                     /usr/lib/x86_64-linux-gnu/libsndfile.so.1.0.25
7f9f88bb6000-7f9f88bb7000 rw-p 00062000 08:01 265087                     /usr/lib/x86_64-linux-gnu/libsndfile.so.1.0.25
7f9f88bb7000-7f9f88bbb000 rw-p 00000000 00:00 0 
7f9f88bbb000-7f9f88bc4000 r-xp 00000000 08:01 916165                     /lib/x86_64-linux-gnu/libwrap.so.0.7.6
7f9f88bc4000-7f9f88dc3000 ---p 00009000 08:01 916165                     /lib/x86_64-linux-gnu/libwrap.so.0.7.6
7f9f88dc3000-7f9f88dc4000 r--p 00008000 08:01 916165                     /lib/x86_64-linux-gnu/libwrap.so.0.7.6
7f9f88dc4000-7f9f88dc5000 rw-p 00009000 08:01 916165                     /lib/x86_64-linux-gnu/libwrap.so.0.7.6
7f9f88dc5000-7f9f88dc6000 rw-p 00000000 00:00 0 
7f9f88dc6000-7f9f88dcd000 r-xp 00000000 08:01 264394                     /usr/lib/x86_64-linux-gnu/libSM.so.6.0.1
7f9f88dcd000-7f9f88fcc000 ---p 00007000 08:01 264394                     /usr/lib/x86_64-linux-gnu/libSM.so.6.0.1
7f9f88fcc000-7f9f88fcd000 rw-p 00006000 08:01 264394                     /usr/lib/x86_64-linux-gnu/libSM.so.6.0.1
7f9f88fcd000-7f9f88fe4000 r-xp 00000000 08:01 264375                     /usr/lib/x86_64-linux-gnu/libICE.so.6.3.0
7f9f88fe4000-7f9f891e3000 ---p 00017000 08:01 264375                     /usr/lib/x86_64-linux-gnu/libICE.so.6.3.0
7f9f891e3000-7f9f891e5000 rw-p 00016000 08:01 264375                     /usr/lib/x86_64-linux-gnu/libICE.so.6.3.0
7f9f891e5000-7f9f891e8000 rw-p 00000000 00:00 0 
7f9f891e8000-7f9f891e9000 r-xp 00000000 08:01 272883                     /usr/lib/x86_64-linux-gnu/libX11-xcb.so.1.0.0
7f9f891e9000-7f9f893e8000 ---p 00001000 08:01 272883                     /usr/lib/x86_64-linux-gnu/libX11-xcb.so.1.0.0
7f9f893e8000-7f9f893e9000 rw-p 00000000 08:01 272883                     /usr/lib/x86_64-linux-gnu/libX11-xcb.so.1.0.0
7f9f893e9000-7f9f893ed000 r-xp 00000000 08:01 916038                     /lib/x86_64-linux-gnu/libcap.so.2.22
7f9f893ed000-7f9f895ec000 ---p 00004000 08:01 916038                     /lib/x86_64-linux-gnu/libcap.so.2.22
7f9f895ec000-7f9f895ed000 rw-p 00003000 08:01 916038                     /lib/x86_64-linux-gnu/libcap.so.2.22
7f9f895ed000-7f9f89631000 r-xp 00000000 08:01 916060                     /lib/x86_64-linux-gnu/libdbus-1.so.3.7.2
7f9f89631000-7f9f89831000 ---p 00044000 08:01 916060                     /lib/x86_64-linux-gnu/libdbus-1.so.3.7.2
7f9f89831000-7f9f89832000 r--p 00044000 08:01 916060                     /lib/x86_64-linux-gnu/libdbus-1.so.3.7.2
7f9f89832000-7f9f89833000 rw-p 00045000 08:01 916060                     /lib/x86_64-linux-gnu/libdbus-1.so.3.7.2
7f9f89833000-7f9f89894000 r-xp 00000000 08:01 265339                     /usr/lib/x86_64-linux-gnu/pulseaudio/libpulsecommon-2.0.so
7f9f89894000-7f9f89a93000 ---p 00061000 08:01 265339                     /usr/lib/x86_64-linux-gnu/pulseaudio/libpulsecommon-2.0.so
7f9f89a93000-7f9f89a94000 r--p 00060000 08:01 265339                     /usr/lib/x86_64-linux-gnu/pulseaudio/libpulsecommon-2.0.so
7f9f89a94000-7f9f89a96000 rw-p 00061000 08:01 265339                     /usr/lib/x86_64-linux-gnu/pulseaudio/libpulsecommon-2.0.so
7f9f89a96000-7f9f89a9f000 r-xp 00000000 08:01 916072                     /lib/x86_64-linux-gnu/libjson.so.0.1.0
7f9f89a9f000-7f9f89c9e000 ---p 00009000 08:01 916072                     /lib/x86_64-linux-gnu/libjson.so.0.1.0
7f9f89c9e000-7f9f89c9f000 r--p 00008000 08:01 916072                     /lib/x86_64-linux-gnu/libjson.so.0.1.0
7f9f89c9f000-7f9f89ca0000 rw-p 00009000 08:01 916072                     /lib/x86_64-linux-gnu/libjson.so.0.1.0
7f9f89ca0000-7f9f89ce9000 r-xp 00000000 08:01 265053                     /usr/lib/x86_64-linux-gnu/libpulse.so.0.14.2
7f9f89ce9000-7f9f89ee8000 ---p 00049000 08:01 265053                     /usr/lib/x86_64-linux-gnu/libpulse.so.0.14.2
7f9f89ee8000-7f9f89ee9000 r--p 00048000 08:01 265053                     /usr/lib/x86_64-linux-gnu/libpulse.so.0.14.2
7f9f89ee9000-7f9f89eea000 rw-p 00049000 08:01 265053                     /usr/lib/x86_64-linux-gnu/libpulse.so.0.14.2
7f9f8a042000-7f9f8a045000 ---p 00000000 00:00 0 
7f9f8a045000-7f9f8a143000 rw-p 00000000 00:00 0 
7f9f8a143000-7f9f8a147000 r-xp 00000000 08:01 273334                     /usr/lib/x86_64-linux-gnu/libXxf86vm.so.1.0.0
7f9f8a147000-7f9f8a347000 ---p 00004000 08:01 273334                     /usr/lib/x86_64-linux-gnu/libXxf86vm.so.1.0.0
7f9f8a347000-7f9f8a348000 r--p 00004000 08:01 273334                     /usr/lib/x86_64-linux-gnu/libXxf86vm.so.1.0.0
7f9f8a348000-7f9f8a349000 rw-p 00005000 08:01 273334                     /usr/lib/x86_64-linux-gnu/libXxf86vm.so.1.0.0
7f9f8a349000-7f9f8a350000 r-xp 00000000 08:01 265883                     /usr/lib/x86_64-linux-gnu/libXrandr.so.2.2.0
7f9f8a350000-7f9f8a550000 ---p 00007000 08:01 265883                     /usr/lib/x86_64-linux-gnu/libXrandr.so.2.2.0
7f9f8a550000-7f9f8a551000 rw-p 00007000 08:01 265883                     /usr/lib/x86_64-linux-gnu/libXrandr.so.2.2.0
7f9f8a551000-7f9f8a5bd000 r-xp 00000000 08:01 551357                     /tmp/libgdxnemo9955/7b43be9b/liblwjgl64.so (deleted)
7f9f8a5bd000-7f9f8a7bc000 ---p 0006c000 08:01 551357                     /tmp/libgdxnemo9955/7b43be9b/liblwjgl64.so (deleted)
7f9f8a7bc000-7f9f8a7be000 r--p 0006b000 08:01 551357                     /tmp/libgdxnemo9955/7b43be9b/liblwjgl64.so (deleted)
7f9f8a7be000-7f9f8a7bf000 rw-p 0006d000 08:01 551357                     /tmp/libgdxnemo9955/7b43be9b/liblwjgl64.so (deleted)
7f9f8a7bf000-7f9f8a7c0000 r-xp 00000000 08:01 144229                     /usr/lib/jvm/java-6-openjdk-amd64/jre/lib/amd64/libjawt.so
7f9f8a7c0000-7f9f8a9bf000 ---p 00001000 08:01 144229                     /usr/lib/jvm/java-6-openjdk-amd64/jre/lib/amd64/libjawt.so
7f9f8a9bf000-7f9f8a9c0000 rw-p 00000000 08:01 144229                     /usr/lib/jvm/java-6-openjdk-amd64/jre/lib/amd64/libjawt.so
7f9f8a9c0000-7f9f8a9c3000 ---p 00000000 00:00 0 
7f9f8a9c3000-7f9f8aac1000 rw-p 00000000 00:00 0 
7f9f8aac1000-7f9f8aac6000 r-xp 00000000 08:01 273531                     /usr/lib/x86_64-linux-gnu/libXfixes.so.3.1.0
7f9f8aac6000-7f9f8acc5000 ---p 00005000 08:01 273531                     /usr/lib/x86_64-linux-gnu/libXfixes.so.3.1.0
7f9f8acc5000-7f9f8acc6000 r--p 00004000 08:01 273531                     /usr/lib/x86_64-linux-gnu/libXfixes.so.3.1.0
7f9f8acc6000-7f9f8acc7000 rw-p 00005000 08:01 273531                     /usr/lib/x86_64-linux-gnu/libXfixes.so.3.1.0
7f9f8acc7000-7f9f8acd1000 r-xp 00000000 08:01 264474                     /usr/lib/x86_64-linux-gnu/libXcursor.so.1.0.2
7f9f8acd1000-7f9f8aed0000 ---p 0000a000 08:01 264474                     /usr/lib/x86_64-linux-gnu/libXcursor.so.1.0.2
7f9f8aed0000-7f9f8aed1000 rw-p 00009000 08:01 264474                     /usr/lib/x86_64-linux-gnu/libXcursor.so.1.0.2
7f9f8aed1000-7f9f8af6a000 r-xp 00000000 08:01 264650                     /usr/lib/x86_64-linux-gnu/libfreetype.so.6.8.1
7f9f8af6a000-7f9f8b169000 ---p 00099000 08:01 264650                     /usr/lib/x86_64-linux-gnu/libfreetype.so.6.8.1
7f9f8b169000-7f9f8b16f000 r--p 00098000 08:01 264650                     /usr/lib/x86_64-linux-gnu/libfreetype.so.6.8.1
7f9f8b16f000-7f9f8b170000 rw-p 0009e000 08:01 264650                     /usr/lib/x86_64-linux-gnu/libfreetype.so.6.8.1
7f9f8b170000-7f9f8b1b8000 r-xp 00000000 08:01 144223                     /usr/lib/jvm/java-6-openjdk-amd64/jre/lib/amd64/libfontmanager.so
7f9f8b1b8000-7f9f8b3b8000 ---p 00048000 08:01 144223                     /usr/lib/jvm/java-6-openjdk-amd64/jre/lib/amd64/libfontmanager.so
7f9f8b3b8000-7f9f8b3bb000 rw-p 00048000 08:01 144223                     /usr/lib/jvm/java-6-openjdk-amd64/jre/lib/amd64/libfontmanager.so
7f9f8b3bb000-7f9f8b3c0000 r-xp 00000000 08:01 264417                     /usr/lib/x86_64-linux-gnu/libXdmcp.so.6.0.0
7f9f8b3c0000-7f9f8b5bf000 ---p 00005000 08:01 264417                     /usr/lib/x86_64-linux-gnu/libXdmcp.so.6.0.0
7f9f8b5bf000-7f9f8b5c0000 rw-p 00004000 08:01 264417                     /usr/lib/x86_64-linux-gnu/libXdmcp.so.6.0.0
7f9f8b5c0000-7f9f8b5c2000 r-xp 00000000 08:01 264406                     /usr/lib/x86_64-linux-gnu/libXau.so.6.0.0
7f9f8b5c2000-7f9f8b7c2000 ---p 00002000 08:01 264406                     /usr/lib/x86_64-linux-gnu/libXau.so.6.0.0
7f9f8b7c2000-7f9f8b7c3000 rw-p 00002000 08:01 264406                     /usr/lib/x86_64-linux-gnu/libXau.so.6.0.0
7f9f8b7c3000-7f9f8b7e2000 r-xp 00000000 08:01 265852                     /usr/lib/x86_64-linux-gnu/libxcb.so.1.1.0
7f9f8b7e2000-7f9f8b9e1000 ---p 0001f000 08:01 265852                     /usr/lib/x86_64-linux-gnu/libxcb.so.1.1.0
7f9f8b9e1000-7f9f8b9e2000 r--p 0001e000 08:01 265852                     /usr/lib/x86_64-linux-gnu/libxcb.so.1.1.0
7f9f8b9e2000-7f9f8b9e3000 rw-p 0001f000 08:01 265852                     /usr/lib/x86_64-linux-gnu/libxcb.so.1.1.0
7f9f8b9e3000-7f9f8b9f1000 r-xp 00000000 08:01 265075                     /usr/lib/x86_64-linux-gnu/libXi.so.6.1.0
7f9f8b9f1000-7f9f8bbf1000 ---p 0000e000 08:01 265075                     /usr/lib/x86_64-linux-gnu/libXi.so.6.1.0
7f9f8bbf1000-7f9f8bbf2000 rw-p 0000e000 08:01 265075                     /usr/lib/x86_64-linux-gnu/libXi.so.6.1.0
7f9f8bbf2000-7f9f8bbf7000 r-xp 00000000 08:01 274483                     /usr/lib/x86_64-linux-gnu/libXtst.so.6.1.0
7f9f8bbf7000-7f9f8bdf6000 ---p 00005000 08:01 274483                     /usr/lib/x86_64-linux-gnu/libXtst.so.6.1.0
7f9f8bdf6000-7f9f8bdf7000 rw-p 00004000 08:01 274483                     /usr/lib/x86_64-linux-gnu/libXtst.so.6.1.0
7f9f8bdf7000-7f9f8be00000 r-xp 00000000 08:01 264343                     /usr/lib/x86_64-linux-gnu/libXrender.so.1.3.0
7f9f8be00000-7f9f8bfff000 ---p 00009000 08:01 264343                     /usr/lib/x86_64-linux-gnu/libXrender.so.1.3.0
7f9f8bfff000-7f9f8c000000 rw-p 00008000 08:01 264343                     /usr/lib/x86_64-linux-gnu/libXrender.so.1.3.0
7f9f8c000000-7f9f8e5c4000 rw-p 00000000 00:00 0 
7f9f8e5c4000-7f9f90000000 ---p 00000000 00:00 0 
7f9f9000b000-7f9f9000d000 rw-p 00000000 00:00 0 
7f9f9000d000-7f9f9000f000 rw-s 00000000 08:01 282252                     /tmp/gl4fLTRQ (deleted)
7f9f90015000-7f9f90019000 rw-s b5b95000 00:05 5680                       /dev/nvidia0
7f9f9001c000-7f9f90059000 rw-p 00000000 00:00 0 
7f9f90059000-7f9f90060000 r--s 00000000 08:01 282750                     /usr/lib/x86_64-linux-gnu/gconv/gconv-modules.cache
7f9f90060000-7f9f90069000 r--s 00000000 08:01 277048                     /var/cache/fontconfig/945677eb7aeaf62f1d50efc3fb3ec7d8-le64.cache-3
7f9f90069000-7f9f9006e000 r--s 00000000 08:01 271253                     /var/cache/fontconfig/6eb3985aa4124903f6ff08ba781cd364-le64.cache-3
7f9f9006e000-7f9f90077000 r--s 00000000 08:01 278568                     /var/cache/fontconfig/6d41288fd70b0be22e8c3a91e032eec0-le64.cache-3
7f9f90077000-7f9f900a5000 r--s 00000000 08:01 271260                     /var/cache/fontconfig/365b55f210c0a22e9a19e35191240f32-le64.cache-3
7f9f900a5000-7f9f900a8000 r--s 00000000 08:01 271247                     /var/cache/fontconfig/c57959a16110560c8d0fcea73374aeeb-le64.cache-3
7f9f900a8000-7f9f900ad000 r--s 00000000 08:01 271264                     /var/cache/fontconfig/3047814df9a2f067bd2d96a2b9c36e5a-le64.cache-3
7f9f900ad000-7f9f900be000 r--s 00000000 08:01 271249                     /var/cache/fontconfig/d52a8644073d54c13679302ca1180695-le64.cache-3
7f9f900be000-7f9f900c5000 r--s 00000000 08:01 271258                     /var/cache/fontconfig/3f7329c5293ffd510edef78f73874cfd-le64.cache-3
7f9f900c5000-7f9f900ce000 r--s 00000000 08:01 277048                     /var/cache/fontconfig/945677eb7aeaf62f1d50efc3fb3ec7d8-le64.cache-3
7f9f900ce000-7f9f900d3000 r--s 00000000 08:01 271253                     /var/cache/fontconfig/6eb3985aa4124903f6ff08ba781cd364-le64.cache-3
7f9f900d3000-7f9f90101000 r--s 00000000 08:01 271260                     /var/cache/fontconfig/365b55f210c0a22e9a19e35191240f32-le64.cache-3
7f9f90101000-7f9f90104000 ---p 00000000 00:00 0 
7f9f90104000-7f9f90202000 rw-p 00000000 00:00 0 
7f9f90202000-7f9f90337000 r-xp 00000000 08:01 265870                     /usr/lib/x86_64-linux-gnu/libX11.so.6.3.0
7f9f90337000-7f9f90537000 ---p 00135000 08:01 265870                     /usr/lib/x86_64-linux-gnu/libX11.so.6.3.0
7f9f90537000-7f9f9053d000 rw-p 00135000 08:01 265870                     /usr/lib/x86_64-linux-gnu/libX11.so.6.3.0
7f9f9053d000-7f9f9054e000 r-xp 00000000 08:01 264595                     /usr/lib/x86_64-linux-gnu/libXext.so.6.4.0
7f9f9054e000-7f9f9074e000 ---p 00011000 08:01 264595                     /usr/lib/x86_64-linux-gnu/libXext.so.6.4.0
7f9f9074e000-7f9f9074f000 rw-p 00011000 08:01 264595                     /usr/lib/x86_64-linux-gnu/libXext.so.6.4.0
7f9f9074f000-7f9f9079c000 r-xp 00000000 08:01 144391                     /usr/lib/jvm/java-6-openjdk-amd64/jre/lib/amd64/xawt/libmawt.so
7f9f9079c000-7f9f9099b000 ---p 0004d000 08:01 144391                     /usr/lib/jvm/java-6-openjdk-amd64/jre/lib/amd64/xawt/libmawt.so
7f9f9099b000-7f9f9099f000 rw-p 0004c000 08:01 144391                     /usr/lib/jvm/java-6-openjdk-amd64/jre/lib/amd64/xawt/libmawt.so
7f9f9099f000-7f9f909a0000 rw-p 00000000 00:00 0 
7f9f909a0000-7f9f90a50000 r-xp 00000000 08:01 144230                     /usr/lib/jvm/java-6-openjdk-amd64/jre/lib/amd64/libawt.so
7f9f90a50000-7f9f90c4f000 ---p 000b0000 08:01 144230                     /usr/lib/jvm/java-6-openjdk-amd64/jre/lib/amd64/libawt.so
7f9f90c4f000-7f9f90c5b000 rw-p 000af000 08:01 144230                     /usr/lib/jvm/java-6-openjdk-amd64/jre/lib/amd64/libawt.so
7f9f90c5b000-7f9f90c7f000 rw-p 00000000 00:00 0 
7f9f90c7f000-7f9f90cee000 r-xp 00000000 08:01 551337                     /tmp/libgdxnemo9955/b4a54a2/libgdx64.so
7f9f90cee000-7f9f90eed000 ---p 0006f000 08:01 551337                     /tmp/libgdxnemo9955/b4a54a2/libgdx64.so
7f9f90eed000-7f9f90eef000 r--p 0006e000 08:01 551337                     /tmp/libgdxnemo9955/b4a54a2/libgdx64.so
7f9f90eef000-7f9f90ef0000 rw-p 00070000 08:01 551337                     /tmp/libgdxnemo9955/b4a54a2/libgdx64.so
7f9f90ef0000-7f9f90ef1000 rw-p 00000000 00:00 0 
7f9f90ef1000-7f9f90ef8000 r--s 000fc000 08:01 143749                     /usr/lib/jvm/java-6-openjdk-common/jre/lib/resources.jar
7f9f90ef8000-7f9f90ef9000 r--s 00127000 08:06 9437307                    /home/nemo9955/CodeStation/proiecte/Garden_Revolution/Garden_Revolution-desktop/libs/gdx-natives.jar
7f9f90ef9000-7f9f90efa000 r--s 00004000 08:06 9437342                    /home/nemo9955/CodeStation/proiecte/Garden_Revolution/Garden_Revolution-desktop/libs/gdx-controllers-desktop.jar
7f9f90efa000-7f9f90efb000 r--s 00100000 08:06 9437237                    /home/nemo9955/CodeStation/proiecte/Garden_Revolution/Garden_Revolution-desktop/libs/gdx-controllers-desktop-natives.jar
7f9f90efb000-7f9f90f0c000 r--s 0012b000 08:06 9437394                    /home/nemo9955/CodeStation/proiecte/Garden_Revolution/Garden_Revolution-desktop/libs/gdx-backend-lwjgl.jar
7f9f90f0c000-7f9f90f0e000 r--s 001a1000 08:06 9437380                    /home/nemo9955/CodeStation/proiecte/Garden_Revolution/Garden_Revolution-desktop/libs/gdx-backend-lwjgl-natives.jar
7f9f90f0e000-7f9f90f11000 r--s 0000b000 08:06 9437369                    /home/nemo9955/CodeStation/proiecte/Garden_Revolution/Garden_Revolution-main/libs/tween-engine-api.jar
7f9f90f11000-7f9f90f18000 r--s 0004c000 08:06 9437312                    /home/nemo9955/CodeStation/proiecte/Garden_Revolution/Garden_Revolution-main/libs/kryonet-2.21-all.jar
7f9f90f18000-7f9f90f1b000 r--s 0007f000 08:01 143741                     /usr/lib/jvm/java-6-openjdk-common/jre/lib/jsse.jar
7f9f90f1b000-7f9f90f31000 r--s 00157000 08:06 9437270                    /home/nemo9955/CodeStation/proiecte/Garden_Revolution/Garden_Revolution-main/libs/gdx.jar
7f9f90f31000-7f9f90f32000 r--s 00002000 08:06 9437214                    /home/nemo9955/CodeStation/proiecte/Garden_Revolution/Garden_Revolution-main/libs/gdx-controllers.jar
7f9f90f32000-7f9f90f36000 r--s 00039000 08:01 143733                     /usr/lib/jvm/java-6-openjdk-common/jre/lib/ext/sunpkcs11.jar
7f9f90f36000-7f9f90f38000 r--s 0000f000 08:01 143734                     /usr/lib/jvm/java-6-openjdk-common/jre/lib/ext/pulse-java.jar
7f9f90f38000-7f9f90f3b000 r--s 00031000 08:01 143736                     /usr/lib/jvm/java-6-openjdk-common/jre/lib/ext/sunjce_provider.jar
7f9f90f3b000-7f9f90f3e000 r--s 00077000 08:01 143735                     /usr/lib/jvm/java-6-openjdk-common/jre/lib/ext/localedata.jar
7f9f90f3e000-7f9f90f40000 r--s 00001000 08:01 143737                     /usr/lib/jvm/java-6-openjdk-common/jre/lib/ext/dnsns.jar
7f9f90f40000-7f9f90f41000 r--s 00007000 08:01 916596                     /usr/share/java/java-atk-wrapper.jar
7f9f90f41000-7f9f90f42000 ---p 00000000 00:00 0 
7f9f90f42000-7f9f91042000 rw-p 00000000 00:00 0 
7f9f91042000-7f9f91045000 ---p 00000000 00:00 0 
7f9f91045000-7f9f91143000 rw-p 00000000 00:00 0 
7f9f91143000-7f9f91146000 ---p 00000000 00:00 0 
7f9f91146000-7f9f91244000 rw-p 00000000 00:00 0 
7f9f91244000-7f9f91247000 ---p 00000000 00:00 0 
7f9f91247000-7f9f91345000 rw-p 00000000 00:00 0 
7f9f91345000-7f9f91348000 ---p 00000000 00:00 0 
7f9f91348000-7f9f91446000 rw-p 00000000 00:00 0 
7f9f91446000-7f9f915bd000 r--p 00000000 08:01 139605                     /usr/lib/locale/locale-archive
7f9f915bd000-7f9f915c0000 ---p 00000000 00:00 0 
7f9f915c0000-7f9f916be000 rw-p 00000000 00:00 0 
7f9f916be000-7f9f916c1000 ---p 00000000 00:00 0 
7f9f916c1000-7f9f917bf000 rw-p 00000000 00:00 0 
7f9f917bf000-7f9f917c0000 ---p 00000000 00:00 0 
7f9f917c0000-7f9f91bf6000 rw-p 00000000 00:00 0 
7f9f91bf6000-7f9f91d8a000 r--s 03807000 08:01 144270                     /usr/lib/jvm/java-6-openjdk-amd64/jre/lib/rt.jar
7f9f91d8a000-7f9f91db2000 rw-p 00000000 00:00 0 
7f9f91db2000-7f9f91db3000 ---p 00000000 00:00 0 
7f9f91db3000-7f9f91eb3000 rw-p 00000000 00:00 0 
7f9f91eb3000-7f9f91eb4000 ---p 00000000 00:00 0 
7f9f91eb4000-7f9f91fbf000 rw-p 00000000 00:00 0 
7f9f91fbf000-7f9f92007000 rw-p 00000000 00:00 0 
7f9f92007000-7f9f92018000 rw-p 00000000 00:00 0 
7f9f92018000-7f9f92113000 rw-p 00000000 00:00 0 
7f9f92113000-7f9f9211e000 rw-p 00000000 00:00 0 
7f9f9211e000-7f9f92166000 rw-p 00000000 00:00 0 
7f9f92166000-7f9f92177000 rw-p 00000000 00:00 0 
7f9f92177000-7f9f92272000 rw-p 00000000 00:00 0 
7f9f92272000-7f9f9227b000 rw-p 00000000 00:00 0 
7f9f9227b000-7f9f922f8000 rw-p 00000000 00:00 0 
7f9f922f8000-7f9f922f9000 rw-p 00000000 00:00 0 
7f9f922f9000-7f9f92569000 rwxp 00000000 00:00 0 
7f9f92569000-7f9f952f9000 rw-p 00000000 00:00 0 
7f9f952f9000-7f9f95300000 r-xp 00000000 08:01 144259                     /usr/lib/jvm/java-6-openjdk-amd64/jre/lib/amd64/libzip.so
7f9f95300000-7f9f954ff000 ---p 00007000 08:01 144259                     /usr/lib/jvm/java-6-openjdk-amd64/jre/lib/amd64/libzip.so
7f9f954ff000-7f9f95500000 rw-p 00006000 08:01 144259                     /usr/lib/jvm/java-6-openjdk-amd64/jre/lib/amd64/libzip.so
7f9f95500000-7f9f9550b000 r-xp 00000000 08:01 916446                     /lib/x86_64-linux-gnu/libnss_files-2.13.so
7f9f9550b000-7f9f9570a000 ---p 0000b000 08:01 916446                     /lib/x86_64-linux-gnu/libnss_files-2.13.so
7f9f9570a000-7f9f9570b000 r--p 0000a000 08:01 916446                     /lib/x86_64-linux-gnu/libnss_files-2.13.so
7f9f9570b000-7f9f9570c000 rw-p 0000b000 08:01 916446                     /lib/x86_64-linux-gnu/libnss_files-2.13.so
7f9f9570c000-7f9f95716000 r-xp 00000000 08:01 916442                     /lib/x86_64-linux-gnu/libnss_nis-2.13.so
7f9f95716000-7f9f95915000 ---p 0000a000 08:01 916442                     /lib/x86_64-linux-gnu/libnss_nis-2.13.so
7f9f95915000-7f9f95916000 r--p 00009000 08:01 916442                     /lib/x86_64-linux-gnu/libnss_nis-2.13.so
7f9f95916000-7f9f95917000 rw-p 0000a000 08:01 916442                     /lib/x86_64-linux-gnu/libnss_nis-2.13.so
7f9f95917000-7f9f9591e000 r-xp 00000000 08:01 916435                     /lib/x86_64-linux-gnu/libnss_compat-2.13.so
7f9f9591e000-7f9f95b1d000 ---p 00007000 08:01 916435                     /lib/x86_64-linux-gnu/libnss_compat-2.13.so
7f9f95b1d000-7f9f95b1e000 r--p 00006000 08:01 916435                     /lib/x86_64-linux-gnu/libnss_compat-2.13.so
7f9f95b1e000-7f9f95b1f000 rw-p 00007000 08:01 916435                     /lib/x86_64-linux-gnu/libnss_compat-2.13.so
7f9f95b1f000-7f9f95b34000 r-xp 00000000 08:01 916440                     /lib/x86_64-linux-gnu/libnsl-2.13.so
7f9f95b34000-7f9f95d33000 ---p 00015000 08:01 916440                     /lib/x86_64-linux-gnu/libnsl-2.13.so
7f9f95d33000-7f9f95d34000 r--p 00014000 08:01 916440                     /lib/x86_64-linux-gnu/libnsl-2.13.so
7f9f95d34000-7f9f95d35000 rw-p 00015000 08:01 916440                     /lib/x86_64-linux-gnu/libnsl-2.13.so
7f9f95d35000-7f9f95d37000 rw-p 00000000 00:00 0 
7f9f95d37000-7f9f95d65000 r-xp 00000000 08:01 144245                     /usr/lib/jvm/java-6-openjdk-amd64/jre/lib/amd64/libjava.so
7f9f95d65000-7f9f95f64000 ---p 0002e000 08:01 144245                     /usr/lib/jvm/java-6-openjdk-amd64/jre/lib/amd64/libjava.so
7f9f95f64000-7f9f95f68000 rw-p 0002d000 08:01 144245                     /usr/lib/jvm/java-6-openjdk-amd64/jre/lib/amd64/libjava.so
7f9f95f68000-7f9f95f77000 r-xp 00000000 08:01 144228                     /usr/lib/jvm/java-6-openjdk-amd64/jre/lib/amd64/libverify.so
7f9f95f77000-7f9f96176000 ---p 0000f000 08:01 144228                     /usr/lib/jvm/java-6-openjdk-amd64/jre/lib/amd64/libverify.so
7f9f96176000-7f9f96178000 rw-p 0000e000 08:01 144228                     /usr/lib/jvm/java-6-openjdk-amd64/jre/lib/amd64/libverify.so
7f9f96178000-7f9f9617f000 r-xp 00000000 08:01 916450                     /lib/x86_64-linux-gnu/librt-2.13.so
7f9f9617f000-7f9f9637e000 ---p 00007000 08:01 916450                     /lib/x86_64-linux-gnu/librt-2.13.so
7f9f9637e000-7f9f9637f000 r--p 00006000 08:01 916450                     /lib/x86_64-linux-gnu/librt-2.13.so
7f9f9637f000-7f9f96380000 rw-p 00007000 08:01 916450                     /lib/x86_64-linux-gnu/librt-2.13.so
7f9f96380000-7f9f96395000 r-xp 00000000 08:01 916059                     /lib/x86_64-linux-gnu/libgcc_s.so.1
7f9f96395000-7f9f96595000 ---p 00015000 08:01 916059                     /lib/x86_64-linux-gnu/libgcc_s.so.1
7f9f96595000-7f9f96596000 rw-p 00015000 08:01 916059                     /lib/x86_64-linux-gnu/libgcc_s.so.1
7f9f96596000-7f9f96617000 r-xp 00000000 08:01 916437                     /lib/x86_64-linux-gnu/libm-2.13.so
7f9f96617000-7f9f96816000 ---p 00081000 08:01 916437                     /lib/x86_64-linux-gnu/libm-2.13.so
7f9f96816000-7f9f96817000 r--p 00080000 08:01 916437                     /lib/x86_64-linux-gnu/libm-2.13.so
7f9f96817000-7f9f96818000 rw-p 00081000 08:01 916437                     /lib/x86_64-linux-gnu/libm-2.13.so
7f9f96818000-7f9f96900000 r-xp 00000000 08:01 265105                     /usr/lib/x86_64-linux-gnu/libstdc++.so.6.0.17
7f9f96900000-7f9f96b00000 ---p 000e8000 08:01 265105                     /usr/lib/x86_64-linux-gnu/libstdc++.so.6.0.17
7f9f96b00000-7f9f96b08000 r--p 000e8000 08:01 265105                     /usr/lib/x86_64-linux-gnu/libstdc++.so.6.0.17
7f9f96b08000-7f9f96b0a000 rw-p 000f0000 08:01 265105                     /usr/lib/x86_64-linux-gnu/libstdc++.so.6.0.17
7f9f96b0a000-7f9f96b1f000 rw-p 00000000 00:00 0 
7f9f96b1f000-7f9f97433000 r-xp 00000000 08:01 144235                     /usr/lib/jvm/java-6-openjdk-amd64/jre/lib/amd64/server/libjvm.so
7f9f97433000-7f9f97632000 ---p 00914000 08:01 144235                     /usr/lib/jvm/java-6-openjdk-amd64/jre/lib/amd64/server/libjvm.so
7f9f97632000-7f9f976ce000 rw-p 00913000 08:01 144235                     /usr/lib/jvm/java-6-openjdk-amd64/jre/lib/amd64/server/libjvm.so
7f9f976ce000-7f9f976f7000 rw-p 00000000 00:00 0 
7f9f976f7000-7f9f97879000 r-xp 00000000 08:01 916430                     /lib/x86_64-linux-gnu/libc-2.13.so
7f9f97879000-7f9f97a78000 ---p 00182000 08:01 916430                     /lib/x86_64-linux-gnu/libc-2.13.so
7f9f97a78000-7f9f97a7c000 r--p 00181000 08:01 916430                     /lib/x86_64-linux-gnu/libc-2.13.so
7f9f97a7c000-7f9f97a7d000 rw-p 00185000 08:01 916430                     /lib/x86_64-linux-gnu/libc-2.13.so
7f9f97a7d000-7f9f97a82000 rw-p 00000000 00:00 0 
7f9f97a82000-7f9f97a84000 r-xp 00000000 08:01 916444                     /lib/x86_64-linux-gnu/libdl-2.13.so
7f9f97a84000-7f9f97c84000 ---p 00002000 08:01 916444                     /lib/x86_64-linux-gnu/libdl-2.13.so
7f9f97c84000-7f9f97c85000 r--p 00002000 08:01 916444                     /lib/x86_64-linux-gnu/libdl-2.13.so
7f9f97c85000-7f9f97c86000 rw-p 00003000 08:01 916444                     /lib/x86_64-linux-gnu/libdl-2.13.so
7f9f97c86000-7f9f97c8a000 r-xp 00000000 08:01 144232                     /usr/lib/jvm/java-6-openjdk-amd64/jre/lib/amd64/jli/libjli.so
7f9f97c8a000-7f9f97e89000 ---p 00004000 08:01 144232                     /usr/lib/jvm/java-6-openjdk-amd64/jre/lib/amd64/jli/libjli.so
7f9f97e89000-7f9f97e8a000 rw-p 00003000 08:01 144232                     /usr/lib/jvm/java-6-openjdk-amd64/jre/lib/amd64/jli/libjli.so
7f9f97e8a000-7f9f97ea1000 r-xp 00000000 08:01 916448                     /lib/x86_64-linux-gnu/libpthread-2.13.so
7f9f97ea1000-7f9f980a0000 ---p 00017000 08:01 916448                     /lib/x86_64-linux-gnu/libpthread-2.13.so
7f9f980a0000-7f9f980a1000 r--p 00016000 08:01 916448                     /lib/x86_64-linux-gnu/libpthread-2.13.so
7f9f980a1000-7f9f980a2000 rw-p 00017000 08:01 916448                     /lib/x86_64-linux-gnu/libpthread-2.13.so
7f9f980a2000-7f9f980a6000 rw-p 00000000 00:00 0 
7f9f980a6000-7f9f980bc000 r-xp 00000000 08:01 916168                     /lib/x86_64-linux-gnu/libz.so.1.2.7
7f9f980bc000-7f9f982bb000 ---p 00016000 08:01 916168                     /lib/x86_64-linux-gnu/libz.so.1.2.7
7f9f982bb000-7f9f982bc000 r--p 00015000 08:01 916168                     /lib/x86_64-linux-gnu/libz.so.1.2.7
7f9f982bc000-7f9f982bd000 rw-p 00016000 08:01 916168                     /lib/x86_64-linux-gnu/libz.so.1.2.7
7f9f982bd000-7f9f982dd000 r-xp 00000000 08:01 32                         /lib64/ld-2.13.so
7f9f982dd000-7f9f982de000 rw-s fd060000 00:05 5680                       /dev/nvidia0
7f9f982de000-7f9f982e7000 r--s 00000000 08:01 278568                     /var/cache/fontconfig/6d41288fd70b0be22e8c3a91e032eec0-le64.cache-3
7f9f982e7000-7f9f982ea000 r--s 00000000 08:01 271247                     /var/cache/fontconfig/c57959a16110560c8d0fcea73374aeeb-le64.cache-3
7f9f982ea000-7f9f982fb000 r--s 00000000 08:01 271249                     /var/cache/fontconfig/d52a8644073d54c13679302ca1180695-le64.cache-3
7f9f982fb000-7f9f98305000 rw-p 00000000 00:00 0 
7f9f98305000-7f9f983bb000 rw-p 00000000 00:00 0 
7f9f983bb000-7f9f983be000 ---p 00000000 00:00 0 
7f9f983be000-7f9f984c1000 rw-p 00000000 00:00 0 
7f9f984c1000-7f9f984c3000 r--s 00000000 08:01 271267                     /var/cache/fontconfig/e13b20fdb08344e0e664864cc2ede53d-le64.cache-3
7f9f984c3000-7f9f984c8000 r--s 00000000 08:01 271264                     /var/cache/fontconfig/3047814df9a2f067bd2d96a2b9c36e5a-le64.cache-3
7f9f984c8000-7f9f984cf000 r--s 00000000 08:01 271258                     /var/cache/fontconfig/3f7329c5293ffd510edef78f73874cfd-le64.cache-3
7f9f984cf000-7f9f984d1000 r--s 00000000 08:01 271267                     /var/cache/fontconfig/e13b20fdb08344e0e664864cc2ede53d-le64.cache-3
7f9f984d1000-7f9f984d9000 rw-s 00000000 08:01 400818                     /tmp/hsperfdata_nemo9955/6553
7f9f984d9000-7f9f984da000 rw-p 00000000 00:00 0 
7f9f984da000-7f9f984db000 r--p 00000000 00:00 0 
7f9f984db000-7f9f984dc000 rw-p 00000000 00:00 0 
7f9f984dc000-7f9f984dd000 r--p 0001f000 08:01 32                         /lib64/ld-2.13.so
7f9f984dd000-7f9f984de000 rw-p 00020000 08:01 32                         /lib64/ld-2.13.so
7f9f984de000-7f9f984df000 rw-p 00000000 00:00 0 
7fffd0857000-7fffd0878000 rw-p 00000000 00:00 0                          [stack]
7fffd08eb000-7fffd08ec000 r-xp 00000000 00:00 0                          [vdso]
ffffffffff600000-ffffffffff601000 r-xp 00000000 00:00 0                  [vsyscall]

VM Arguments:
jvm_args: -Dfile.encoding=UTF-8 
java_command: com.nemo9955.garden_revolution.Main
Launcher Type: SUN_STANDARD

Environment Variables:
PATH=/home/nemo9955/bin:/usr/sbin:/sbin:/usr/local/bin:/usr/bin:/bin:/usr/local/games:/usr/games
LD_LIBRARY_PATH=/usr/lib/jvm/java-6-openjdk-amd64/jre/lib/amd64/server:/usr/lib/jvm/java-6-openjdk-amd64/jre/lib/amd64:/usr/lib/jvm/java-6-openjdk-amd64/jre/../lib/amd64
SHELL=/bin/bash
DISPLAY=:0.0

Signal Handlers:
SIGSEGV: [libjvm.so+0x791b10], sa_mask[0]=0x7ffbfeff, sa_flags=0x10000004
SIGBUS: [libjvm.so+0x791b10], sa_mask[0]=0x7ffbfeff, sa_flags=0x10000004
SIGFPE: [libjvm.so+0x65ace0], sa_mask[0]=0x7ffbfeff, sa_flags=0x10000004
SIGPIPE: [libjvm.so+0x65ace0], sa_mask[0]=0x7ffbfeff, sa_flags=0x10000004
SIGXFSZ: [libjvm.so+0x65ace0], sa_mask[0]=0x7ffbfeff, sa_flags=0x10000004
SIGILL: [libjvm.so+0x65ace0], sa_mask[0]=0x7ffbfeff, sa_flags=0x10000004
SIGUSR1: SIG_DFL, sa_mask[0]=0x00000000, sa_flags=0x00000000
SIGUSR2: [libjvm.so+0x65aec0], sa_mask[0]=0x00000004, sa_flags=0x10000004
SIGHUP: [libjvm.so+0x65d500], sa_mask[0]=0x7ffbfeff, sa_flags=0x10000004
SIGINT: [libjvm.so+0x65d500], sa_mask[0]=0x7ffbfeff, sa_flags=0x10000004
SIGTERM: [libjvm.so+0x65d500], sa_mask[0]=0x7ffbfeff, sa_flags=0x10000004
SIGQUIT: [libjvm.so+0x65d500], sa_mask[0]=0x7ffbfeff, sa_flags=0x10000004


---------------  S Y S T E M  ---------------

OS:7.3

uname:Linux 3.2.0-4-amd64 #1 SMP Debian 3.2.51-1 x86_64
libc:glibc 2.13 NPTL 2.13 
rlimit: STACK 8192k, CORE 0k, NPROC 25587, NOFILE 4096, AS infinity
load average:0.46 0.54 0.63

/proc/meminfo:
MemTotal:        3287396 kB
MemFree:          745820 kB
Buffers:           11228 kB
Cached:           294024 kB
SwapCached:         4776 kB
Active:          1755776 kB
Inactive:         583416 kB
Active(anon):    1604068 kB
Inactive(anon):   439608 kB
Active(file):     151708 kB
Inactive(file):   143808 kB
Unevictable:           0 kB
Mlocked:               0 kB
SwapTotal:       3025916 kB
SwapFree:        2902164 kB
Dirty:              2196 kB
Writeback:             0 kB
AnonPages:       2030412 kB
Mapped:           176676 kB
Shmem:              9736 kB
Slab:              76532 kB
SReclaimable:      46004 kB
SUnreclaim:        30528 kB
KernelStack:        3728 kB
PageTables:        24944 kB
NFS_Unstable:          0 kB
Bounce:                0 kB
WritebackTmp:          0 kB
CommitLimit:     4669612 kB
Committed_AS:    4110344 kB
VmallocTotal:   34359738367 kB
VmallocUsed:      315844 kB
VmallocChunk:   34359419900 kB
HardwareCorrupted:     0 kB
AnonHugePages:         0 kB
HugePages_Total:       0
HugePages_Free:        0
HugePages_Rsvd:        0
HugePages_Surp:        0
Hugepagesize:       2048 kB
DirectMap4k:      546496 kB
DirectMap2M:     2795520 kB


CPU:total 2 (2 cores per cpu, 1 threads per core) family 6 model 23 stepping 10, cmov, cx8, fxsr, mmx, sse, sse2, sse3, ssse3, sse4.1

Memory: 4k page, physical 3287396k(745820k free), swap 3025916k(2902164k free)

vm_info: OpenJDK 64-Bit Server VM (20.0-b12) for linux-amd64 JRE (1.6.0_27-b27), built on Jul 12 2013 09:04:12 by "jmm" with gcc 4.7.2

time: Mon Feb 24 16:21:12 2014
elapsed time: 309 seconds

