#
# A fatal error has been detected by the Java Runtime Environment:
#
#  EXCEPTION_ACCESS_VIOLATION (0xc0000005) at pc=0x7070632e, pid=7768, tid=4840
#
# JRE version: 7.0_25-b16
# Java VM: Java HotSpot(TM) Client VM (23.25-b01 mixed mode windows-x86 )
# Problematic frame:
# C  0x7070632e
#
# Failed to write core dump. Minidumps are not enabled by default on client versions of Windows
#
# If you would like to submit a bug report, please visit:
#   http://bugreport.sun.com/bugreport/crash.jsp
# The crash happened outside the Java Virtual Machine in native code.
# See problematic frame for where to report the bug.
#

---------------  T H R E A D  ---------------

Current thread (0x17963800):  JavaThread "Finalizer" daemon [_thread_in_native, id=4840, stack(0x17c00000,0x17c50000)]

siginfo: ExceptionCode=0xc0000005, reading address 0x7070632e

Registers:
EAX=0x7070632e, EBX=0x2d6d59b0, ECX=0x184c4a40, EDX=0x6529013a
ESP=0x17c4eefc, EBP=0x17c4ef68, ESI=0x13c18ff8, EDI=0x17963800
EIP=0x7070632e, EFLAGS=0x00010206

Top of Stack: (sp=0x17c4eefc)
0x17c4eefc:   6509f8be 1d18e360 17c4ef1c 77672ce8
0x17c4ef0c:   1d2d9718 17963800 184c4a40 1d2d9710
0x17c4ef1c:   17c4ef68 2d6d59b0 1c5bc8c0 00000000
0x17c4ef2c:   17c4ef9c 00000001 17963800 13c18ff8
0x17c4ef3c:   184c4a40 00000034 65281000 6528191c
0x17c4ef4c:   17c4ef60 6509f970 17c4ef00 17c4f1f8
0x17c4ef5c:   75d68cd5 d46e5c14 184c4a40 17c4efd8
0x17c4ef6c:   6511da5a 184c4a40 00000002 17c4f01c 

Instructions: (pc=0x7070632e)
0x7070630e:   
[error occurred during error reporting (printing registers, top of stack, instructions near pc), id 0xc0000005]

Register to memory mapping:

EAX=0x7070632e is an unknown value
EBX=0x2d6d59b0 is an unknown value
ECX=0x184c4a40 is an unknown value
EDX=0x6529013a is an unknown value
ESP=0x17c4eefc is pointing into the stack for thread: 0x17963800
EBP=0x17c4ef68 is pointing into the stack for thread: 0x17963800
ESI=0x13c18ff8 is an oop
{method} 
 - klass: {other class}
EDI=0x17963800 is a thread


Stack: [0x17c00000,0x17c50000],  sp=0x17c4eefc,  free space=315k
Native frames: (J=compiled Java code, j=interpreted, Vv=VM code, C=native code)
C  0x7070632e
C  [gdx-bullet.dll+0x9da5a]
C  [gdx-bullet.dll+0x9dc10]
j  com.badlogic.gdx.physics.bullet.btDiscreteDynamicsWorld.delete()V+25
j  com.badlogic.gdx.physics.bullet.BulletBase.dispose()V+74
j  com.badlogic.gdx.physics.bullet.BulletBase.destroy()V+108
j  com.badlogic.gdx.physics.bullet.btDiscreteDynamicsWorld.finalize()V+8
v  ~StubRoutines::call_stub
V  [jvm.dll+0x124afa]
V  [jvm.dll+0x1d224e]
V  [jvm.dll+0x124b7d]
V  [jvm.dll+0xab2f6]
V  [jvm.dll+0xae9ff]
C  [java.dll+0x20b5]  Java_java_lang_ref_Finalizer_invokeFinalizeMethod+0x39
J  java.lang.ref.Finalizer.runFinalizer()V
v  ~StubRoutines::call_stub
V  [jvm.dll+0x124afa]
V  [jvm.dll+0x1d224e]
V  [jvm.dll+0x124caf]
V  [jvm.dll+0x124d17]
V  [jvm.dll+0xcf06f]
V  [jvm.dll+0x144447]
V  [jvm.dll+0x1445b0]
V  [jvm.dll+0x177bb9]
C  [msvcr100.dll+0x5c6de]  endthreadex+0x3a
C  [msvcr100.dll+0x5c788]  endthreadex+0xe4
C  [kernel32.dll+0x4ed5c]  BaseThreadInitThunk+0x12
C  [ntdll.dll+0x637eb]  RtlInitializeExceptionChain+0xef
C  [ntdll.dll+0x637be]  RtlInitializeExceptionChain+0xc2

Java frames: (J=compiled Java code, j=interpreted, Vv=VM code)
j  com.badlogic.gdx.physics.bullet.gdxBulletJNI.delete_btDiscreteDynamicsWorld(J)V+0
j  com.badlogic.gdx.physics.bullet.btDiscreteDynamicsWorld.delete()V+25
j  com.badlogic.gdx.physics.bullet.BulletBase.dispose()V+74
j  com.badlogic.gdx.physics.bullet.BulletBase.destroy()V+108
j  com.badlogic.gdx.physics.bullet.btDiscreteDynamicsWorld.finalize()V+8
v  ~StubRoutines::call_stub
J  java.lang.ref.Finalizer.invokeFinalizeMethod(Ljava/lang/Object;)V
J  java.lang.ref.Finalizer.runFinalizer()V
J  java.lang.ref.Finalizer.access$100(Ljava/lang/ref/Finalizer;)V
j  java.lang.ref.Finalizer$FinalizerThread.run()V+24
v  ~StubRoutines::call_stub

---------------  P R O C E S S  ---------------

Java Threads: ( => current thread )
  0x194ee800 JavaThread "LWJGL Timer" daemon [_thread_blocked, id=6208, stack(0x1abe0000,0x1ac30000)]
  0x194d2000 JavaThread "AsynchExecutor-Thread" daemon [_thread_blocked, id=7404, stack(0x1a9e0000,0x1aa30000)]
  0x0039b000 JavaThread "DestroyJavaVM" [_thread_blocked, id=6908, stack(0x00410000,0x00460000)]
  0x17af2400 JavaThread "LWJGL Application" [_thread_in_native, id=7636, stack(0x184f0000,0x18540000)]
  0x179ea400 JavaThread "Service Thread" daemon [_thread_blocked, id=7516, stack(0x18560000,0x185b0000)]
  0x179df800 JavaThread "C1 CompilerThread0" daemon [_thread_blocked, id=7264, stack(0x18070000,0x180c0000)]
  0x179d4400 JavaThread "JDWP Command Reader" daemon [_thread_in_native, id=7832, stack(0x182e0000,0x18330000)]
  0x179cd000 JavaThread "JDWP Event Helper Thread" daemon [_thread_blocked, id=6764, stack(0x17b70000,0x17bc0000)]
  0x179c4400 JavaThread "JDWP Transport Listener: dt_socket" daemon [_thread_blocked, id=6472, stack(0x181d0000,0x18220000)]
  0x179bd800 JavaThread "Attach Listener" daemon [_thread_blocked, id=2504, stack(0x17d20000,0x17d70000)]
  0x179ba400 JavaThread "Signal Dispatcher" daemon [_thread_blocked, id=6236, stack(0x17c50000,0x17ca0000)]
=>0x17963800 JavaThread "Finalizer" daemon [_thread_in_native, id=4840, stack(0x17c00000,0x17c50000)]
  0x0127cc00 JavaThread "Reference Handler" daemon [_thread_blocked, id=6000, stack(0x178b0000,0x17900000)]

Other Threads:
  0x01278c00 VMThread [stack: 0x17910000,0x17960000] [id=1196]
  0x179f3800 WatcherThread [stack: 0x17cd0000,0x17d20000] [id=6708]

VM state:not at safepoint (normal execution)

VM Mutex/Monitor currently owned by a thread: None

Heap
 def new generation   total 8320K, used 7273K [0x03700000, 0x04000000, 0x08c50000)
  eden space 7424K,  85% used [0x03700000, 0x03d3a460, 0x03e40000)
  from space 896K, 100% used [0x03e40000, 0x03f20000, 0x03f20000)
  to   space 896K,   0% used [0x03f20000, 0x03f20000, 0x04000000)
 tenured generation   total 18384K, used 14852K [0x08c50000, 0x09e44000, 0x13700000)
   the space 18384K,  80% used [0x08c50000, 0x09ad12b8, 0x09ad1400, 0x09e44000)
 compacting perm gen  total 12288K, used 5687K [0x13700000, 0x14300000, 0x17700000)
   the space 12288K,  46% used [0x13700000, 0x13c8dc38, 0x13c8de00, 0x14300000)
No shared spaces configured.

Card table byte_map: [0x17700000,0x177b0000] byte_map_base: 0x176e4800

Polling page: 0x00170000

Code Cache  [0x01680000, 0x01828000, 0x03680000)
 total_blobs=1125 nmethods=681 adapters=387 free_code_cache=31078Kb largest_free_block=31824512

Compilation events (10 events):
Event: 6.656 Thread 0x179df800  633             java.lang.CharacterDataLatin1::isOtherUppercase (18 bytes)
Event: 6.656 Thread 0x179df800 nmethod 633 0x01813d08 code [0x01813e00, 0x01813ec0]
Event: 6.656 Thread 0x179df800  634             java.lang.CharacterDataLatin1::getPropertiesEx (11 bytes)
Event: 6.656 Thread 0x179df800 nmethod 634 0x01813fc8 code [0x018140c0, 0x01814170]
Event: 6.656 Thread 0x179df800  635             java.util.Formatter$FormatSpecifier::index (5 bytes)
Event: 6.657 Thread 0x179df800 nmethod 635 0x01814248 code [0x01814340, 0x018143c0]
Event: 6.657 Thread 0x179df800  636             java.util.Formatter$FormatSpecifier::print (243 bytes)
Event: 6.657 Thread 0x179df800 nmethod 636 0x01814408 code [0x018145a0, 0x01814884]
Event: 6.883 Thread 0x179df800  637             com.badlogic.gdx.utils.BufferUtils::copy (45 bytes)
Event: 6.883 Thread 0x179df800 nmethod 637 0x01814dc8 code [0x01814ef0, 0x01815060]

GC Heap History (10 events):
Event: 6.000 GC heap before
{Heap before GC invocations=25 (full 2):
 def new generation   total 5888K, used 5887K [0x03700000, 0x03d60000, 0x08c50000)
  eden space 5248K, 100% used [0x03700000, 0x03c20000, 0x03c20000)
  from space 640K,  99% used [0x03cc0000, 0x03d5fff8, 0x03d60000)
  to   space 640K,   0% used [0x03c20000, 0x03c20000, 0x03cc0000)
 tenured generation   total 12952K, used 10615K [0x08c50000, 0x098f6000, 0x13700000)
   the space 12952K,  81% used [0x08c50000, 0x096adf48, 0x096ae000, 0x098f6000)
 compacting perm gen  total 12288K, used 5687K [0x13700000, 0x14300000, 0x17700000)
   the space 12288K,  46% used [0x13700000, 0x13c8dc18, 0x13c8de00, 0x14300000)
No shared spaces configured.
Event: 6.004 GC heap after
Heap after GC invocations=26 (full 2):
 def new generation   total 5888K, used 640K [0x03700000, 0x03d60000, 0x08c50000)
  eden space 5248K,   0% used [0x03700000, 0x03700000, 0x03c20000)
  from space 640K, 100% used [0x03c20000, 0x03cc0000, 0x03cc0000)
  to   space 640K,   0% used [0x03cc0000, 0x03cc0000, 0x03d60000)
 tenured generation   total 12952K, used 11301K [0x08c50000, 0x098f6000, 0x13700000)
   the space 12952K,  87% used [0x08c50000, 0x09759600, 0x09759600, 0x098f6000)
 compacting perm gen  total 12288K, used 5687K [0x13700000, 0x14300000, 0x17700000)
   the space 12288K,  46% used [0x13700000, 0x13c8dc18, 0x13c8de00, 0x14300000)
No shared spaces configured.
}
Event: 6.152 GC heap before
{Heap before GC invocations=26 (full 2):
 def new generation   total 5888K, used 5888K [0x03700000, 0x03d60000, 0x08c50000)
  eden space 5248K, 100% used [0x03700000, 0x03c20000, 0x03c20000)
  from space 640K, 100% used [0x03c20000, 0x03cc0000, 0x03cc0000)
  to   space 640K,   0% used [0x03cc0000, 0x03cc0000, 0x03d60000)
 tenured generation   total 12952K, used 11301K [0x08c50000, 0x098f6000, 0x13700000)
   the space 12952K,  87% used [0x08c50000, 0x09759600, 0x09759600, 0x098f6000)
 compacting perm gen  total 12288K, used 5687K [0x13700000, 0x14300000, 0x17700000)
   the space 12288K,  46% used [0x13700000, 0x13c8dc18, 0x13c8de00, 0x14300000)
No shared spaces configured.
Event: 6.156 GC heap after
Heap after GC invocations=27 (full 2):
 def new generation   total 5888K, used 640K [0x03700000, 0x03d60000, 0x08c50000)
  eden space 5248K,   0% used [0x03700000, 0x03700000, 0x03c20000)
  from space 640K, 100% used [0x03cc0000, 0x03d60000, 0x03d60000)
  to   space 640K,   0% used [0x03c20000, 0x03c20000, 0x03cc0000)
 tenured generation   total 12952K, used 12017K [0x08c50000, 0x098f6000, 0x13700000)
   the space 12952K,  92% used [0x08c50000, 0x0980c408, 0x0980c600, 0x098f6000)
 compacting perm gen  total 12288K, used 5687K [0x13700000, 0x14300000, 0x17700000)
   the space 12288K,  46% used [0x13700000, 0x13c8dc18, 0x13c8de00, 0x14300000)
No shared spaces configured.
}
Event: 6.314 GC heap before
{Heap before GC invocations=27 (full 2):
 def new generation   total 5888K, used 5884K [0x03700000, 0x03d60000, 0x08c50000)
  eden space 5248K,  99% used [0x03700000, 0x03c1f260, 0x03c20000)
  from space 640K, 100% used [0x03cc0000, 0x03d60000, 0x03d60000)
  to   space 640K,   0% used [0x03c20000, 0x03c20000, 0x03cc0000)
 tenured generation   total 12952K, used 12017K [0x08c50000, 0x098f6000, 0x13700000)
   the space 12952K,  92% used [0x08c50000, 0x0980c408, 0x0980c600, 0x098f6000)
 compacting perm gen  total 12288K, used 5687K [0x13700000, 0x14300000, 0x17700000)
   the space 12288K,  46% used [0x13700000, 0x13c8dc18, 0x13c8de00, 0x14300000)
No shared spaces configured.
Event: 6.318 GC heap after
Heap after GC invocations=28 (full 2):
 def new generation   total 5888K, used 639K [0x03700000, 0x03d60000, 0x08c50000)
  eden space 5248K,   0% used [0x03700000, 0x03700000, 0x03c20000)
  from space 640K,  99% used [0x03c20000, 0x03cbfff8, 0x03cc0000)
  to   space 640K,   0% used [0x03cc0000, 0x03cc0000, 0x03d60000)
 tenured generation   total 12952K, used 12614K [0x08c50000, 0x098f6000, 0x13700000)
   the space 12952K,  97% used [0x08c50000, 0x098a1a40, 0x098a1c00, 0x098f6000)
 compacting perm gen  total 12288K, used 5687K [0x13700000, 0x14300000, 0x17700000)
   the space 12288K,  46% used [0x13700000, 0x13c8dc18, 0x13c8de00, 0x14300000)
No shared spaces configured.
}
Event: 6.465 GC heap before
{Heap before GC invocations=28 (full 2):
 def new generation   total 5888K, used 5854K [0x03700000, 0x03d60000, 0x08c50000)
  eden space 5248K,  99% used [0x03700000, 0x03c17a10, 0x03c20000)
  from space 640K,  99% used [0x03c20000, 0x03cbfff8, 0x03cc0000)
  to   space 640K,   0% used [0x03cc0000, 0x03cc0000, 0x03d60000)
 tenured generation   total 12952K, used 12614K [0x08c50000, 0x098f6000, 0x13700000)
   the space 12952K,  97% used [0x08c50000, 0x098a1a40, 0x098a1c00, 0x098f6000)
 compacting perm gen  total 12288K, used 5687K [0x13700000, 0x14300000, 0x17700000)
   the space 12288K,  46% used [0x13700000, 0x13c8dc18, 0x13c8de00, 0x14300000)
No shared spaces configured.
Event: 6.531 GC heap after
Heap after GC invocations=29 (full 3):
 def new generation   total 8320K, used 0K [0x03700000, 0x04000000, 0x08c50000)
  eden space 7424K,   0% used [0x03700000, 0x03700000, 0x03e40000)
  from space 896K,   0% used [0x03e40000, 0x03e40000, 0x03f20000)
  to   space 896K,   0% used [0x03f20000, 0x03f20000, 0x04000000)
 tenured generation   total 18384K, used 11029K [0x08c50000, 0x09e44000, 0x13700000)
   the space 18384K,  59% used [0x08c50000, 0x097155c0, 0x09715600, 0x09e44000)
 compacting perm gen  total 12288K, used 5687K [0x13700000, 0x14300000, 0x17700000)
   the space 12288K,  46% used [0x13700000, 0x13c8dc18, 0x13c8de00, 0x14300000)
No shared spaces configured.
}
Event: 6.786 GC heap before
{Heap before GC invocations=29 (full 3):
 def new generation   total 8320K, used 7424K [0x03700000, 0x04000000, 0x08c50000)
  eden space 7424K, 100% used [0x03700000, 0x03e40000, 0x03e40000)
  from space 896K,   0% used [0x03e40000, 0x03e40000, 0x03f20000)
  to   space 896K,   0% used [0x03f20000, 0x03f20000, 0x04000000)
 tenured generation   total 18384K, used 11029K [0x08c50000, 0x09e44000, 0x13700000)
   the space 18384K,  59% used [0x08c50000, 0x097155c0, 0x09715600, 0x09e44000)
 compacting perm gen  total 12288K, used 5687K [0x13700000, 0x14300000, 0x17700000)
   the space 12288K,  46% used [0x13700000, 0x13c8dc28, 0x13c8de00, 0x14300000)
No shared spaces configured.
Event: 6.790 GC heap after
Heap after GC invocations=30 (full 3):
 def new generation   total 8320K, used 896K [0x03700000, 0x04000000, 0x08c50000)
  eden space 7424K,   0% used [0x03700000, 0x03700000, 0x03e40000)
  from space 896K, 100% used [0x03f20000, 0x04000000, 0x04000000)
  to   space 896K,   0% used [0x03e40000, 0x03e40000, 0x03f20000)
 tenured generation   total 18384K, used 11428K [0x08c50000, 0x09e44000, 0x13700000)
   the space 18384K,  62% used [0x08c50000, 0x09779078, 0x09779200, 0x09e44000)
 compacting perm gen  total 12288K, used 5687K [0x13700000, 0x14300000, 0x17700000)
   the space 12288K,  46% used [0x13700000, 0x13c8dc28, 0x13c8de00, 0x14300000)
No shared spaces configured.
}

Deoptimization events (0 events):
No events

Internal exceptions (10 events):
Event: 2.912 Thread 0x17af2400 Threw 0x03935458 at C:\jdk7u2_32P\jdk7u25\hotspot\src\share\vm\prims\jvm.cpp:1235
Event: 2.912 Thread 0x17af2400 Threw 0x0393a5e0 at C:\jdk7u2_32P\jdk7u25\hotspot\src\share\vm\prims\jvm.cpp:1235
Event: 2.913 Thread 0x17af2400 Threw 0x03940ec8 at C:\jdk7u2_32P\jdk7u25\hotspot\src\share\vm\prims\jvm.cpp:1235
Event: 2.913 Thread 0x17af2400 Threw 0x03947700 at C:\jdk7u2_32P\jdk7u25\hotspot\src\share\vm\prims\jvm.cpp:1235
Event: 2.914 Thread 0x17af2400 Threw 0x0394bc20 at C:\jdk7u2_32P\jdk7u25\hotspot\src\share\vm\prims\jvm.cpp:1235
Event: 2.915 Thread 0x17af2400 Threw 0x03951640 at C:\jdk7u2_32P\jdk7u25\hotspot\src\share\vm\prims\jvm.cpp:1235
Event: 2.916 Thread 0x17af2400 Threw 0x0395e0e0 at C:\jdk7u2_32P\jdk7u25\hotspot\src\share\vm\prims\jvm.cpp:1235
Event: 2.918 Thread 0x17af2400 Threw 0x0396d0e0 at C:\jdk7u2_32P\jdk7u25\hotspot\src\share\vm\prims\jvm.cpp:1235
Event: 2.919 Thread 0x17af2400 Threw 0x0397bea0 at C:\jdk7u2_32P\jdk7u25\hotspot\src\share\vm\prims\jvm.cpp:1235
Event: 2.921 Thread 0x17af2400 Threw 0x039978c8 at C:\jdk7u2_32P\jdk7u25\hotspot\src\share\vm\prims\jvm.cpp:1235

Events (10 events):
Event: 6.535 Executing VM operation: RevokeBias
Event: 6.535 Executing VM operation: RevokeBias done
Event: 6.535 Executing VM operation: RevokeBias
Event: 6.535 Executing VM operation: RevokeBias done
Event: 6.535 Executing VM operation: RevokeBias
Event: 6.535 Executing VM operation: RevokeBias done
Event: 6.535 Executing VM operation: BulkRevokeBias
Event: 6.535 Executing VM operation: BulkRevokeBias done
Event: 6.786 Executing VM operation: GenCollectForAllocation
Event: 6.790 Executing VM operation: GenCollectForAllocation done


Dynamic libraries:
0x01300000 - 0x0132f000 	C:\Program Files\Java\jre7\bin\javaw.exe
0x77620000 - 0x7775c000 	C:\Windows\SYSTEM32\ntdll.dll
0x77770000 - 0x77844000 	C:\Windows\system32\kernel32.dll
0x757f0000 - 0x7583b000 	C:\Windows\system32\KERNELBASE.dll
0x75c90000 - 0x75d30000 	C:\Windows\system32\ADVAPI32.dll
0x75d40000 - 0x75dec000 	C:\Windows\system32\msvcrt.dll
0x76170000 - 0x76189000 	C:\Windows\SYSTEM32\sechost.dll
0x760c0000 - 0x76162000 	C:\Windows\system32\RPCRT4.dll
0x77550000 - 0x77619000 	C:\Windows\system32\USER32.dll
0x76070000 - 0x760be000 	C:\Windows\system32\GDI32.dll
0x76390000 - 0x7639a000 	C:\Windows\system32\LPK.dll
0x763a0000 - 0x7643d000 	C:\Windows\system32\USP10.dll
0x744e0000 - 0x7467e000 	C:\Windows\WinSxS\x86_microsoft.windows.common-controls_6595b64144ccf1df_6.0.7601.17514_none_41e6975e2bd6f2b2\COMCTL32.dll
0x767e0000 - 0x76837000 	C:\Windows\system32\SHLWAPI.dll
0x767b0000 - 0x767cf000 	C:\Windows\system32\IMM32.DLL
0x759c0000 - 0x75a8c000 	C:\Windows\system32\MSCTF.dll
0x56a70000 - 0x56b2e000 	C:\Program Files\Java\jre7\bin\msvcr100.dll
0x59e80000 - 0x5a1c2000 	C:\Program Files\Java\jre7\bin\client\jvm.dll
0x69900000 - 0x69907000 	C:\Windows\system32\WSOCK32.dll
0x76350000 - 0x76385000 	C:\Windows\system32\WS2_32.dll
0x767d0000 - 0x767d6000 	C:\Windows\system32\NSI.dll
0x73a20000 - 0x73a52000 	C:\Windows\system32\WINMM.dll
0x77760000 - 0x77765000 	C:\Windows\system32\PSAPI.DLL
0x73660000 - 0x7366c000 	C:\Program Files\Java\jre7\bin\verify.dll
0x6b4c0000 - 0x6b4e0000 	C:\Program Files\Java\jre7\bin\java.dll
0x5a9c0000 - 0x5a9ea000 	C:\Program Files\Java\jre7\bin\jdwp.dll
0x62260000 - 0x62267000 	C:\Program Files\Java\jre7\bin\npt.dll
0x6b4a0000 - 0x6b4b3000 	C:\Program Files\Java\jre7\bin\zip.dll
0x611f0000 - 0x611f8000 	C:\Program Files\Java\jre7\bin\dt_socket.dll
0x73830000 - 0x73840000 	C:\Windows\system32\NLAapi.dll
0x6dd10000 - 0x6dd20000 	C:\Windows\system32\napinsp.dll
0x6dcf0000 - 0x6dd02000 	C:\Windows\system32\pnrpnsp.dll
0x750f0000 - 0x7512c000 	C:\Windows\System32\mswsock.dll
0x74f80000 - 0x74fc4000 	C:\Windows\system32\DNSAPI.dll
0x6dce0000 - 0x6dce8000 	C:\Windows\System32\winrnr.dll
0x6dcb0000 - 0x6dcd4000 	C:\Program Files\Common Files\Microsoft Shared\Windows Live\WLIDNSP.DLL
0x73500000 - 0x7351c000 	C:\Windows\system32\IPHLPAPI.DLL
0x734f0000 - 0x734f7000 	C:\Windows\system32\WINNSI.DLL
0x719f0000 - 0x71a28000 	C:\Windows\System32\fwpuclnt.dll
0x6dca0000 - 0x6dca6000 	C:\Windows\system32\rasadhlp.dll
0x74b00000 - 0x74b05000 	C:\Windows\System32\wshtcpip.dll
0x6cec0000 - 0x6cf42000 	C:\Users\Nemo\AppData\Local\Temp\libgdxNemo\eba0a3db\gdx.dll
0x17810000 - 0x1785c000 	C:\Users\Nemo\AppData\Local\Temp\libgdxNemo\52d76f2b\lwjgl.dll
0x58cc0000 - 0x58d88000 	C:\Windows\system32\OPENGL32.dll
0x59a30000 - 0x59a52000 	C:\Windows\system32\GLU32.dll
0x63430000 - 0x63517000 	C:\Windows\system32\DDRAW.dll
0x6b140000 - 0x6b146000 	C:\Windows\system32\DCIMAN32.dll
0x75ed0000 - 0x7606d000 	C:\Windows\system32\SETUPAPI.dll
0x75710000 - 0x75737000 	C:\Windows\system32\CFGMGR32.dll
0x76720000 - 0x767af000 	C:\Windows\system32\OLEAUT32.dll
0x765c0000 - 0x7671c000 	C:\Windows\system32\ole32.dll
0x75840000 - 0x75852000 	C:\Windows\system32\DEVOBJ.dll
0x741d0000 - 0x741e3000 	C:\Windows\system32\dwmapi.dll
0x74c10000 - 0x74c19000 	C:\Windows\system32\VERSION.dll
0x18330000 - 0x18395000 	C:\Users\Nemo\AppData\Local\Temp\libgdxNemo\52d76f2b\OpenAL32.dll
0x76840000 - 0x7748a000 	C:\Windows\system32\SHELL32.dll
0x755e0000 - 0x755ec000 	C:\Windows\system32\CRYPTBASE.dll
0x74380000 - 0x743c0000 	C:\Windows\system32\uxtheme.dll
0x69cb0000 - 0x69d08000 	C:\Program Files\Common Files\microsoft shared\ink\tiptsf.dll
0x77490000 - 0x77513000 	C:\Windows\system32\CLBCatQ.DLL
0x743c0000 - 0x744b5000 	C:\Windows\System32\PROPSYS.dll
0x756e0000 - 0x7570e000 	C:\Windows\system32\WINTRUST.dll
0x75860000 - 0x75980000 	C:\Windows\system32\CRYPT32.dll
0x756d0000 - 0x756dc000 	C:\Windows\system32\MSASN1.dll
0x73cb0000 - 0x73d22000 	C:\Windows\system32\dsound.dll
0x73e40000 - 0x73e65000 	C:\Windows\system32\POWRPROF.dll
0x74050000 - 0x74089000 	C:\Windows\System32\MMDevApi.dll
0x73840000 - 0x73876000 	C:\Windows\system32\AUDIOSES.DLL
0x54500000 - 0x55949000 	C:\Windows\system32\nvoglv32.DLL
0x74b80000 - 0x74ba1000 	C:\Windows\system32\ntmarta.dll
0x76570000 - 0x765b5000 	C:\Windows\system32\WLDAP32.dll
0x73410000 - 0x7344c000 	C:\Windows\system32\oleacc.dll
0x72890000 - 0x72909000 	C:\Windows\system32\mscms.dll
0x74c80000 - 0x74c97000 	C:\Windows\system32\USERENV.dll
0x75660000 - 0x7566b000 	C:\Windows\system32\profapi.dll
0x5d0c0000 - 0x5d0f8000 	C:\Windows\system32\icm32.dll
0x65080000 - 0x65339000 	C:\Users\Nemo\AppData\Local\Temp\libgdxNemo\447b5737\gdx-bullet.dll
0x6c260000 - 0x6c34b000 	C:\Windows\system32\dbghelp.dll

VM Arguments:
jvm_args: -agentlib:jdwp=transport=dt_socket,suspend=y,address=localhost:63624 -Dfile.encoding=Cp1252 
java_command: com.nemo9955.garden_revolution.Main
Launcher Type: SUN_STANDARD

Environment Variables:
JAVA_HOME=C:\Program Files\Java\jdk1.7.0_21
CLASSPATH=.;C:\Program Files\Java\jre7\lib\ext\QTJava.zip
PATH=C:/Program Files/Java/jre7/bin/client;C:/Program Files/Java/jre7/bin;C:/Program Files/Java/jre7/lib/i386;C:\Program Files\Common Files\Microsoft Shared\Windows Live;C:\Program Files\PC Connectivity Solution\;C:\Program Files\NVIDIA Corporation\PhysX\Common;C:\Windows\system32;C:\Windows;C:\Windows\System32\Wbem;C:\Windows\System32\WindowsPowerShell\v1.0\;C:\Program Files\Java\jdk1.7.0_21\bin;C:\Program Files\QuickTime\QTSystem\;C:\Users\Nemo\Desktop\fbx-conv-master\premake4.exe;C:\ant\bin;C:\Program Files\Common Files\Microsoft Shared\Windows Live;D:\eclipse;
USERNAME=Nemo
OS=Windows_NT
PROCESSOR_IDENTIFIER=x86 Family 6 Model 23 Stepping 10, GenuineIntel



---------------  S Y S T E M  ---------------

OS: Windows 7 Build 7601 Service Pack 1

CPU:total 2 (2 cores per cpu, 1 threads per core) family 6 model 23 stepping 10, cmov, cx8, fxsr, mmx, sse, sse2, sse3, ssse3, tsc

Memory: 4k page, physical 3341624k(386180k free), swap 6679388k(1357596k free)

vm_info: Java HotSpot(TM) Client VM (23.25-b01) for windows-x86 JRE (1.7.0_25-b16), built on Jun 12 2013 20:29:09 by "java_re" with unknown MS VC++:1600

time: Fri Oct 04 18:46:38 2013
elapsed time: 8 seconds

