#
# A fatal error has been detected by the Java Runtime Environment:
#
#  EXCEPTION_ACCESS_VIOLATION (0xc0000005) at pc=0x00000000, pid=6316, tid=7440
#
# JRE version: 7.0_25-b16
# Java VM: Java HotSpot(TM) Client VM (23.25-b01 mixed mode, sharing windows-x86 )
# Problematic frame:
# C  0x00000000
#
# Failed to write core dump. Minidumps are not enabled by default on client versions of Windows
#
# If you would like to submit a bug report, please visit:
#   http://bugreport.sun.com/bugreport/crash.jsp
# The crash happened outside the Java Virtual Machine in native code.
# See problematic frame for where to report the bug.
#

---------------  T H R E A D  ---------------

Current thread (0x0172a400):  JavaThread "Finalizer" daemon [_thread_in_native, id=7440, stack(0x03a30000,0x03a80000)]

siginfo: ExceptionCode=0xc0000005, reading address 0x00000000

Registers:
EAX=0x00000000, EBX=0x083c3820, ECX=0x0845ca30, EDX=0x0a4c7e18
ESP=0x03a7f17c, EBP=0x03a7f1e8, ESI=0x33c09b78, EDI=0x0172a400
EIP=0x00000000, EFLAGS=0x00010202

Top of Stack: (sp=0x03a7f17c)
0x03a7f17c:   6509f8be 0845c830 03a7f19c 77672ce8
0x03a7f18c:   08339330 0172a400 0845ca30 08339328
0x03a7f19c:   03a7f1e8 083c3820 083c0920 00000000
0x03a7f1ac:   03a7f21c 00000001 0172a400 33c09b78
0x03a7f1bc:   0845ca30 00000030 65281000 6528191c
0x03a7f1cc:   03a7f1e0 6509f970 03a7f180 03a7f478
0x03a7f1dc:   75d68cd5 36469b09 0845ca30 03a7f258
0x03a7f1ec:   6511da5a 0845ca30 00000000 03a7f210 

Instructions: (pc=0x00000000)
0xffffffe0:   


Register to memory mapping:

EAX=0x00000000 is an unknown value
EBX=0x083c3820 is an unknown value
ECX=0x0845ca30 is an unknown value
EDX=0x0a4c7e18 is an unknown value
ESP=0x03a7f17c is pointing into the stack for thread: 0x0172a400
EBP=0x03a7f1e8 is pointing into the stack for thread: 0x0172a400
ESI=0x33c09b78 is an oop
{method} 
 - klass: {other class}
EDI=0x0172a400 is a thread


Stack: [0x03a30000,0x03a80000],  sp=0x03a7f17c,  free space=316k
Java frames: (J=compiled Java code, j=interpreted, Vv=VM code)
j  com.badlogic.gdx.physics.bullet.gdxBulletJNI.delete_btDiscreteDynamicsWorld(J)V+0
j  com.badlogic.gdx.physics.bullet.btDiscreteDynamicsWorld.delete()V+25
j  com.badlogic.gdx.physics.bullet.BulletBase.dispose()V+74
j  com.badlogic.gdx.physics.bullet.BulletBase.destroy()V+108
j  com.badlogic.gdx.physics.bullet.btDiscreteDynamicsWorld.finalize()V+8
v  ~StubRoutines::call_stub
j  java.lang.ref.Finalizer.invokeFinalizeMethod(Ljava/lang/Object;)V+0
j  java.lang.ref.Finalizer.runFinalizer()V+45
j  java.lang.ref.Finalizer.access$100(Ljava/lang/ref/Finalizer;)V+1
j  java.lang.ref.Finalizer$FinalizerThread.run()V+24
v  ~StubRoutines::call_stub

---------------  P R O C E S S  ---------------

Java Threads: ( => current thread )
  0x06681800 JavaThread "LWJGL Timer" daemon [_thread_blocked, id=7336, stack(0x06c20000,0x06c70000)]
  0x06681000 JavaThread "AsynchExecutor-Thread" daemon [_thread_blocked, id=7568, stack(0x06b70000,0x06bc0000)]
  0x0119ac00 JavaThread "DestroyJavaVM" [_thread_blocked, id=6356, stack(0x01280000,0x012d0000)]
  0x03e70800 JavaThread "LWJGL Application" [_thread_in_native, id=7116, stack(0x04f80000,0x04fd0000)]
  0x0174d000 JavaThread "Service Thread" daemon [_thread_blocked, id=5796, stack(0x03d00000,0x03d50000)]
  0x0173fc00 JavaThread "C1 CompilerThread0" daemon [_thread_blocked, id=680, stack(0x03c90000,0x03ce0000)]
  0x0173e400 JavaThread "Attach Listener" daemon [_thread_blocked, id=6544, stack(0x03bb0000,0x03c00000)]
  0x0173b000 JavaThread "Signal Dispatcher" daemon [_thread_blocked, id=1732, stack(0x01200000,0x01250000)]
=>0x0172a400 JavaThread "Finalizer" daemon [_thread_in_native, id=7440, stack(0x03a30000,0x03a80000)]
  0x01725800 JavaThread "Reference Handler" daemon [_thread_blocked, id=588, stack(0x017c0000,0x01810000)]

Other Threads:
  0x01724000 VMThread [stack: 0x03930000,0x03980000] [id=6720]
  0x01770800 WatcherThread [stack: 0x03b20000,0x03b70000] [id=6336]

VM state:not at safepoint (normal execution)

VM Mutex/Monitor currently owned by a thread: None

Heap
 def new generation   total 4992K, used 1007K [0x238e0000, 0x23e40000, 0x28e30000)
  eden space 4480K,  22% used [0x238e0000, 0x239dbe98, 0x23d40000)
  from space 512K,   0% used [0x23d40000, 0x23d40000, 0x23dc0000)
  to   space 512K,   0% used [0x23dc0000, 0x23dc0000, 0x23e40000)
 tenured generation   total 10944K, used 5754K [0x28e30000, 0x298e0000, 0x338e0000)
   the space 10944K,  52% used [0x28e30000, 0x293cea08, 0x293cec00, 0x298e0000)
 compacting perm gen  total 12288K, used 3683K [0x338e0000, 0x344e0000, 0x378e0000)
   the space 12288K,  29% used [0x338e0000, 0x33c78f08, 0x33c79000, 0x344e0000)
    ro space 10240K,  42% used [0x378e0000, 0x37d24240, 0x37d24400, 0x382e0000)
    rw space 12288K,  54% used [0x382e0000, 0x38964d58, 0x38964e00, 0x38ee0000)

Card table byte_map: [0x03860000,0x03910000] byte_map_base: 0x03743900

Polling page: 0x001b0000

Code Cache  [0x01860000, 0x019b8000, 0x03860000)
 total_blobs=918 nmethods=465 adapters=388 free_code_cache=31414Kb largest_free_block=32168000

Compilation events (10 events):
Event: 3.479 Thread 0x0173fc00  459             java.nio.CharBuffer::arrayOffset (35 bytes)
Event: 3.480 Thread 0x0173fc00 nmethod 459 0x019b0c88 code [0x019b0da0, 0x019b0f28]
Event: 3.483 Thread 0x0173fc00  460             java.lang.Long::getChars (221 bytes)
Event: 3.484 Thread 0x0173fc00 nmethod 460 0x019b1008 code [0x019b1150, 0x019b14f0]
Event: 3.503 Thread 0x0173fc00  461             java.io.BufferedWriter::ensureOpen (18 bytes)
Event: 3.503 Thread 0x0173fc00 nmethod 461 0x019b1b88 code [0x019b1c90, 0x019b1d8c]
Event: 3.503 Thread 0x0173fc00  462             java.io.PrintStream::ensureOpen (18 bytes)
Event: 3.503 Thread 0x0173fc00 nmethod 462 0x019b1e08 code [0x019b1f10, 0x019b200c]
Event: 3.503 Thread 0x0173fc00  463   !         java.io.BufferedWriter::write (117 bytes)
Event: 3.504 Thread 0x0173fc00 nmethod 463 0x019b2088 code [0x019b21c0, 0x019b24f4]

GC Heap History (10 events):
Event: 2.924 GC heap before
{Heap before GC invocations=9 (full 0):
 def new generation   total 4928K, used 4912K [0x238e0000, 0x23e30000, 0x28e30000)
  eden space 4416K,  99% used [0x238e0000, 0x23d2c0c0, 0x23d30000)
  from space 512K, 100% used [0x23db0000, 0x23e30000, 0x23e30000)
  to   space 512K,   0% used [0x23d30000, 0x23d30000, 0x23db0000)
 tenured generation   total 10944K, used 7768K [0x28e30000, 0x298e0000, 0x338e0000)
   the space 10944K,  70% used [0x28e30000, 0x295c63d8, 0x295c6400, 0x298e0000)
 compacting perm gen  total 12288K, used 3683K [0x338e0000, 0x344e0000, 0x378e0000)
   the space 12288K,  29% used [0x338e0000, 0x33c78d80, 0x33c78e00, 0x344e0000)
    ro space 10240K,  42% used [0x378e0000, 0x37d24240, 0x37d24400, 0x382e0000)
    rw space 12288K,  54% used [0x382e0000, 0x38964d58, 0x38964e00, 0x38ee0000)
Event: 2.928 GC heap after
Heap after GC invocations=10 (full 0):
 def new generation   total 4928K, used 512K [0x238e0000, 0x23e30000, 0x28e30000)
  eden space 4416K,   0% used [0x238e0000, 0x238e0000, 0x23d30000)
  from space 512K, 100% used [0x23d30000, 0x23db0000, 0x23db0000)
  to   space 512K,   0% used [0x23db0000, 0x23db0000, 0x23e30000)
 tenured generation   total 10944K, used 8451K [0x28e30000, 0x298e0000, 0x338e0000)
   the space 10944K,  77% used [0x28e30000, 0x29670cb8, 0x29670e00, 0x298e0000)
 compacting perm gen  total 12288K, used 3683K [0x338e0000, 0x344e0000, 0x378e0000)
   the space 12288K,  29% used [0x338e0000, 0x33c78d80, 0x33c78e00, 0x344e0000)
    ro space 10240K,  42% used [0x378e0000, 0x37d24240, 0x37d24400, 0x382e0000)
    rw space 12288K,  54% used [0x382e0000, 0x38964d58, 0x38964e00, 0x38ee0000)
}
Event: 3.044 GC heap before
{Heap before GC invocations=10 (full 0):
 def new generation   total 4928K, used 4884K [0x238e0000, 0x23e30000, 0x28e30000)
  eden space 4416K,  99% used [0x238e0000, 0x23d251c0, 0x23d30000)
  from space 512K, 100% used [0x23d30000, 0x23db0000, 0x23db0000)
  to   space 512K,   0% used [0x23db0000, 0x23db0000, 0x23e30000)
 tenured generation   total 10944K, used 8451K [0x28e30000, 0x298e0000, 0x338e0000)
   the space 10944K,  77% used [0x28e30000, 0x29670cb8, 0x29670e00, 0x298e0000)
 compacting perm gen  total 12288K, used 3683K [0x338e0000, 0x344e0000, 0x378e0000)
   the space 12288K,  29% used [0x338e0000, 0x33c78d80, 0x33c78e00, 0x344e0000)
    ro space 10240K,  42% used [0x378e0000, 0x37d24240, 0x37d24400, 0x382e0000)
    rw space 12288K,  54% used [0x382e0000, 0x38964d58, 0x38964e00, 0x38ee0000)
Event: 3.047 GC heap after
Heap after GC invocations=11 (full 0):
 def new generation   total 4928K, used 511K [0x238e0000, 0x23e30000, 0x28e30000)
  eden space 4416K,   0% used [0x238e0000, 0x238e0000, 0x23d30000)
  from space 512K,  99% used [0x23db0000, 0x23e2fff8, 0x23e30000)
  to   space 512K,   0% used [0x23d30000, 0x23d30000, 0x23db0000)
 tenured generation   total 10944K, used 9035K [0x28e30000, 0x298e0000, 0x338e0000)
   the space 10944K,  82% used [0x28e30000, 0x29702c60, 0x29702e00, 0x298e0000)
 compacting perm gen  total 12288K, used 3683K [0x338e0000, 0x344e0000, 0x378e0000)
   the space 12288K,  29% used [0x338e0000, 0x33c78d80, 0x33c78e00, 0x344e0000)
    ro space 10240K,  42% used [0x378e0000, 0x37d24240, 0x37d24400, 0x382e0000)
    rw space 12288K,  54% used [0x382e0000, 0x38964d58, 0x38964e00, 0x38ee0000)
}
Event: 3.178 GC heap before
{Heap before GC invocations=11 (full 0):
 def new generation   total 4928K, used 4927K [0x238e0000, 0x23e30000, 0x28e30000)
  eden space 4416K, 100% used [0x238e0000, 0x23d30000, 0x23d30000)
  from space 512K,  99% used [0x23db0000, 0x23e2fff8, 0x23e30000)
  to   space 512K,   0% used [0x23d30000, 0x23d30000, 0x23db0000)
 tenured generation   total 10944K, used 9035K [0x28e30000, 0x298e0000, 0x338e0000)
   the space 10944K,  82% used [0x28e30000, 0x29702c60, 0x29702e00, 0x298e0000)
 compacting perm gen  total 12288K, used 3683K [0x338e0000, 0x344e0000, 0x378e0000)
   the space 12288K,  29% used [0x338e0000, 0x33c78d80, 0x33c78e00, 0x344e0000)
    ro space 10240K,  42% used [0x378e0000, 0x37d24240, 0x37d24400, 0x382e0000)
    rw space 12288K,  54% used [0x382e0000, 0x38964d58, 0x38964e00, 0x38ee0000)
Event: 3.181 GC heap after
Heap after GC invocations=12 (full 0):
 def new generation   total 4928K, used 512K [0x238e0000, 0x23e30000, 0x28e30000)
  eden space 4416K,   0% used [0x238e0000, 0x238e0000, 0x23d30000)
  from space 512K, 100% used [0x23d30000, 0x23db0000, 0x23db0000)
  to   space 512K,   0% used [0x23db0000, 0x23db0000, 0x23e30000)
 tenured generation   total 10944K, used 9547K [0x28e30000, 0x298e0000, 0x338e0000)
   the space 10944K,  87% used [0x28e30000, 0x29782e50, 0x29783000, 0x298e0000)
 compacting perm gen  total 12288K, used 3683K [0x338e0000, 0x344e0000, 0x378e0000)
   the space 12288K,  29% used [0x338e0000, 0x33c78d80, 0x33c78e00, 0x344e0000)
    ro space 10240K,  42% used [0x378e0000, 0x37d24240, 0x37d24400, 0x382e0000)
    rw space 12288K,  54% used [0x382e0000, 0x38964d58, 0x38964e00, 0x38ee0000)
}
Event: 3.308 GC heap before
{Heap before GC invocations=12 (full 0):
 def new generation   total 4928K, used 4891K [0x238e0000, 0x23e30000, 0x28e30000)
  eden space 4416K,  99% used [0x238e0000, 0x23d26c70, 0x23d30000)
  from space 512K, 100% used [0x23d30000, 0x23db0000, 0x23db0000)
  to   space 512K,   0% used [0x23db0000, 0x23db0000, 0x23e30000)
 tenured generation   total 10944K, used 9547K [0x28e30000, 0x298e0000, 0x338e0000)
   the space 10944K,  87% used [0x28e30000, 0x29782e50, 0x29783000, 0x298e0000)
 compacting perm gen  total 12288K, used 3683K [0x338e0000, 0x344e0000, 0x378e0000)
   the space 12288K,  29% used [0x338e0000, 0x33c78ef8, 0x33c79000, 0x344e0000)
    ro space 10240K,  42% used [0x378e0000, 0x37d24240, 0x37d24400, 0x382e0000)
    rw space 12288K,  54% used [0x382e0000, 0x38964d58, 0x38964e00, 0x38ee0000)
Event: 3.311 GC heap after
Heap after GC invocations=13 (full 0):
 def new generation   total 4928K, used 511K [0x238e0000, 0x23e30000, 0x28e30000)
  eden space 4416K,   0% used [0x238e0000, 0x238e0000, 0x23d30000)
  from space 512K,  99% used [0x23db0000, 0x23e2fff8, 0x23e30000)
  to   space 512K,   0% used [0x23d30000, 0x23d30000, 0x23db0000)
 tenured generation   total 10944K, used 10230K [0x28e30000, 0x298e0000, 0x338e0000)
   the space 10944K,  93% used [0x28e30000, 0x2982da18, 0x2982dc00, 0x298e0000)
 compacting perm gen  total 12288K, used 3683K [0x338e0000, 0x344e0000, 0x378e0000)
   the space 12288K,  29% used [0x338e0000, 0x33c78ef8, 0x33c79000, 0x344e0000)
    ro space 10240K,  42% used [0x378e0000, 0x37d24240, 0x37d24400, 0x382e0000)
    rw space 12288K,  54% used [0x382e0000, 0x38964d58, 0x38964e00, 0x38ee0000)
}
Event: 3.428 GC heap before
{Heap before GC invocations=13 (full 0):
 def new generation   total 4928K, used 4927K [0x238e0000, 0x23e30000, 0x28e30000)
  eden space 4416K, 100% used [0x238e0000, 0x23d30000, 0x23d30000)
  from space 512K,  99% used [0x23db0000, 0x23e2fff8, 0x23e30000)
  to   space 512K,   0% used [0x23d30000, 0x23d30000, 0x23db0000)
 tenured generation   total 10944K, used 10230K [0x28e30000, 0x298e0000, 0x338e0000)
   the space 10944K,  93% used [0x28e30000, 0x2982da18, 0x2982dc00, 0x298e0000)
 compacting perm gen  total 12288K, used 3683K [0x338e0000, 0x344e0000, 0x378e0000)
   the space 12288K,  29% used [0x338e0000, 0x33c78f08, 0x33c79000, 0x344e0000)
    ro space 10240K,  42% used [0x378e0000, 0x37d24240, 0x37d24400, 0x382e0000)
    rw space 12288K,  54% used [0x382e0000, 0x38964d58, 0x38964e00, 0x38ee0000)
Event: 3.466 GC heap after
Heap after GC invocations=14 (full 1):
 def new generation   total 4992K, used 0K [0x238e0000, 0x23e40000, 0x28e30000)
  eden space 4480K,   0% used [0x238e0000, 0x238e0000, 0x23d40000)
  from space 512K,   0% used [0x23d40000, 0x23d40000, 0x23dc0000)
  to   space 512K,   0% used [0x23dc0000, 0x23dc0000, 0x23e40000)
 tenured generation   total 10944K, used 5754K [0x28e30000, 0x298e0000, 0x338e0000)
   the space 10944K,  52% used [0x28e30000, 0x293cea08, 0x293cec00, 0x298e0000)
 compacting perm gen  total 12288K, used 3683K [0x338e0000, 0x344e0000, 0x378e0000)
   the space 12288K,  29% used [0x338e0000, 0x33c78f08, 0x33c79000, 0x344e0000)
    ro space 10240K,  42% used [0x378e0000, 0x37d24240, 0x37d24400, 0x382e0000)
    rw space 12288K,  54% used [0x382e0000, 0x38964d58, 0x38964e00, 0x38ee0000)
}

Deoptimization events (0 events):
No events

Internal exceptions (10 events):
Event: 2.329 Thread 0x03e70800 Threw 0x23b02e50 at C:\jdk7u2_32P\jdk7u25\hotspot\src\share\vm\prims\jvm.cpp:1235
Event: 2.330 Thread 0x03e70800 Threw 0x23b08028 at C:\jdk7u2_32P\jdk7u25\hotspot\src\share\vm\prims\jvm.cpp:1235
Event: 2.330 Thread 0x03e70800 Threw 0x23b0e930 at C:\jdk7u2_32P\jdk7u25\hotspot\src\share\vm\prims\jvm.cpp:1235
Event: 2.331 Thread 0x03e70800 Threw 0x23b15150 at C:\jdk7u2_32P\jdk7u25\hotspot\src\share\vm\prims\jvm.cpp:1235
Event: 2.331 Thread 0x03e70800 Threw 0x23b19680 at C:\jdk7u2_32P\jdk7u25\hotspot\src\share\vm\prims\jvm.cpp:1235
Event: 2.332 Thread 0x03e70800 Threw 0x23b1f000 at C:\jdk7u2_32P\jdk7u25\hotspot\src\share\vm\prims\jvm.cpp:1235
Event: 2.334 Thread 0x03e70800 Threw 0x23b2bb88 at C:\jdk7u2_32P\jdk7u25\hotspot\src\share\vm\prims\jvm.cpp:1235
Event: 2.336 Thread 0x03e70800 Threw 0x23b3f270 at C:\jdk7u2_32P\jdk7u25\hotspot\src\share\vm\prims\jvm.cpp:1235
Event: 2.337 Thread 0x03e70800 Threw 0x23b51a28 at C:\jdk7u2_32P\jdk7u25\hotspot\src\share\vm\prims\jvm.cpp:1235
Event: 2.339 Thread 0x03e70800 Threw 0x23b652d8 at C:\jdk7u2_32P\jdk7u25\hotspot\src\share\vm\prims\jvm.cpp:1235

Events (10 events):
Event: 2.924 Executing VM operation: GenCollectForAllocation
Event: 2.928 Executing VM operation: GenCollectForAllocation done
Event: 3.044 Executing VM operation: GenCollectForAllocation
Event: 3.047 Executing VM operation: GenCollectForAllocation done
Event: 3.178 Executing VM operation: GenCollectForAllocation
Event: 3.181 Executing VM operation: GenCollectForAllocation done
Event: 3.308 Executing VM operation: GenCollectForAllocation
Event: 3.311 Executing VM operation: GenCollectForAllocation done
Event: 3.428 Executing VM operation: GenCollectForAllocation
Event: 3.466 Executing VM operation: GenCollectForAllocation done


Dynamic libraries:
0x01300000 - 0x0132f000 	C:\Program Files\Java\jre7\bin\javaw.exe
0x77620000 - 0x7775c000 	C:\Windows\SYSTEM32\ntdll.dll
0x77770000 - 0x77844000 	C:\Windows\system32\kernel32.dll
0x757f0000 - 0x7583b000 	C:\Windows\system32\KERNELBASE.dll
0x75c90000 - 0x75d30000 	C:\Windows\system32\ADVAPI32.dll
0x75d40000 - 0x75dec000 	C:\Windows\system32\msvcrt.dll
0x76170000 - 0x76189000 	C:\Windows\SYSTEM32\sechost.dll
0x760c0000 - 0x76162000 	C:\Windows\system32\RPCRT4.dll
0x77550000 - 0x77619000 	C:\Windows\system32\USER32.dll
0x76070000 - 0x760be000 	C:\Windows\system32\GDI32.dll
0x76390000 - 0x7639a000 	C:\Windows\system32\LPK.dll
0x763a0000 - 0x7643d000 	C:\Windows\system32\USP10.dll
0x744e0000 - 0x7467e000 	C:\Windows\WinSxS\x86_microsoft.windows.common-controls_6595b64144ccf1df_6.0.7601.17514_none_41e6975e2bd6f2b2\COMCTL32.dll
0x767e0000 - 0x76837000 	C:\Windows\system32\SHLWAPI.dll
0x767b0000 - 0x767cf000 	C:\Windows\system32\IMM32.DLL
0x759c0000 - 0x75a8c000 	C:\Windows\system32\MSCTF.dll
0x56a70000 - 0x56b2e000 	C:\Program Files\Java\jre7\bin\msvcr100.dll
0x59e80000 - 0x5a1c2000 	C:\Program Files\Java\jre7\bin\client\jvm.dll
0x69900000 - 0x69907000 	C:\Windows\system32\WSOCK32.dll
0x76350000 - 0x76385000 	C:\Windows\system32\WS2_32.dll
0x767d0000 - 0x767d6000 	C:\Windows\system32\NSI.dll
0x73a20000 - 0x73a52000 	C:\Windows\system32\WINMM.dll
0x77760000 - 0x77765000 	C:\Windows\system32\PSAPI.DLL
0x73660000 - 0x7366c000 	C:\Program Files\Java\jre7\bin\verify.dll
0x6b4c0000 - 0x6b4e0000 	C:\Program Files\Java\jre7\bin\java.dll
0x6b4a0000 - 0x6b4b3000 	C:\Program Files\Java\jre7\bin\zip.dll
0x6cec0000 - 0x6cf42000 	C:\Users\Nemo\AppData\Local\Temp\libgdxNemo\eba0a3db\gdx.dll
0x10000000 - 0x1004c000 	C:\Users\Nemo\AppData\Local\Temp\libgdxNemo\52d76f2b\lwjgl.dll
0x58cc0000 - 0x58d88000 	C:\Windows\system32\OPENGL32.dll
0x59a30000 - 0x59a52000 	C:\Windows\system32\GLU32.dll
0x63430000 - 0x63517000 	C:\Windows\system32\DDRAW.dll
0x6b140000 - 0x6b146000 	C:\Windows\system32\DCIMAN32.dll
0x75ed0000 - 0x7606d000 	C:\Windows\system32\SETUPAPI.dll
0x75710000 - 0x75737000 	C:\Windows\system32\CFGMGR32.dll
0x76720000 - 0x767af000 	C:\Windows\system32\OLEAUT32.dll
0x765c0000 - 0x7671c000 	C:\Windows\system32\ole32.dll
0x75840000 - 0x75852000 	C:\Windows\system32\DEVOBJ.dll
0x741d0000 - 0x741e3000 	C:\Windows\system32\dwmapi.dll
0x74c10000 - 0x74c19000 	C:\Windows\system32\VERSION.dll
0x03980000 - 0x039e5000 	C:\Users\Nemo\AppData\Local\Temp\libgdxNemo\52d76f2b\OpenAL32.dll
0x76840000 - 0x7748a000 	C:\Windows\system32\SHELL32.dll
0x755e0000 - 0x755ec000 	C:\Windows\system32\CRYPTBASE.dll
0x74380000 - 0x743c0000 	C:\Windows\system32\uxtheme.dll
0x69cb0000 - 0x69d08000 	C:\Program Files\Common Files\microsoft shared\ink\tiptsf.dll
0x77490000 - 0x77513000 	C:\Windows\system32\CLBCatQ.DLL
0x743c0000 - 0x744b5000 	C:\Windows\System32\PROPSYS.dll
0x756e0000 - 0x7570e000 	C:\Windows\system32\WINTRUST.dll
0x75860000 - 0x75980000 	C:\Windows\system32\CRYPT32.dll
0x756d0000 - 0x756dc000 	C:\Windows\system32\MSASN1.dll
0x73cb0000 - 0x73d22000 	C:\Windows\system32\dsound.dll
0x73e40000 - 0x73e65000 	C:\Windows\system32\POWRPROF.dll
0x74050000 - 0x74089000 	C:\Windows\System32\MMDevApi.dll
0x73840000 - 0x73876000 	C:\Windows\system32\AUDIOSES.DLL
0x54500000 - 0x55949000 	C:\Windows\system32\nvoglv32.DLL
0x74b80000 - 0x74ba1000 	C:\Windows\system32\ntmarta.dll
0x76570000 - 0x765b5000 	C:\Windows\system32\WLDAP32.dll
0x73410000 - 0x7344c000 	C:\Windows\system32\oleacc.dll
0x72890000 - 0x72909000 	C:\Windows\system32\mscms.dll
0x74c80000 - 0x74c97000 	C:\Windows\system32\USERENV.dll
0x75660000 - 0x7566b000 	C:\Windows\system32\profapi.dll
0x5d0c0000 - 0x5d0f8000 	C:\Windows\system32\icm32.dll
0x65080000 - 0x65339000 	C:\Users\Nemo\AppData\Local\Temp\libgdxNemo\447b5737\gdx-bullet.dll
0x6c260000 - 0x6c34b000 	C:\Windows\system32\dbghelp.dll

VM Arguments:
jvm_args: -Dfile.encoding=Cp1252 
java_command: com.nemo9955.garden_revolution.Main
Launcher Type: SUN_STANDARD

Environment Variables:
JAVA_HOME=C:\Program Files\Java\jdk1.7.0_21
CLASSPATH=.;C:\Program Files\Java\jre7\lib\ext\QTJava.zip
PATH=C:/Program Files/Java/jre7/bin/client;C:/Program Files/Java/jre7/bin;C:/Program Files/Java/jre7/lib/i386;C:\Program Files\Common Files\Microsoft Shared\Windows Live;C:\Program Files\PC Connectivity Solution\;C:\Program Files\NVIDIA Corporation\PhysX\Common;C:\Windows\system32;C:\Windows;C:\Windows\System32\Wbem;C:\Windows\System32\WindowsPowerShell\v1.0\;C:\Program Files\Java\jdk1.7.0_21\bin;C:\Program Files\QuickTime\QTSystem\;C:\Users\Nemo\Desktop\fbx-conv-master\premake4.exe;C:\ant\bin;C:\Program Files\Common Files\Microsoft Shared\Windows Live;D:\eclipse;
USERNAME=Nemo
OS=Windows_NT
PROCESSOR_IDENTIFIER=x86 Family 6 Model 23 Stepping 10, GenuineIntel



---------------  S Y S T E M  ---------------

OS: Windows 7 Build 7601 Service Pack 1

CPU:total 2 (2 cores per cpu, 1 threads per core) family 6 model 23 stepping 10, cmov, cx8, fxsr, mmx, sse, sse2, sse3, ssse3, tsc

Memory: 4k page, physical 3341624k(902316k free), swap 6679388k(1757892k free)

vm_info: Java HotSpot(TM) Client VM (23.25-b01) for windows-x86 JRE (1.7.0_25-b16), built on Jun 12 2013 20:29:09 by "java_re" with unknown MS VC++:1600

time: Fri Oct 04 18:47:42 2013
elapsed time: 3 seconds

