#
# A fatal error has been detected by the Java Runtime Environment:
#
#  EXCEPTION_ACCESS_VIOLATION (0xc0000005) at pc=0x00000000, pid=7576, tid=8156
#
# JRE version: 7.0_25-b16
# Java VM: Java HotSpot(TM) Client VM (23.25-b01 mixed mode, sharing windows-x86 )
# Problematic frame:
# C  0x00000000
#
# Failed to write core dump. Minidumps are not enabled by default on client versions of Windows
#
# If you would like to submit a bug report, please visit:
#   http://bugreport.sun.com/bugreport/crash.jsp
# The crash happened outside the Java Virtual Machine in native code.
# See problematic frame for where to report the bug.
#

---------------  T H R E A D  ---------------

Current thread (0x017fa400):  JavaThread "Finalizer" daemon [_thread_in_native, id=8156, stack(0x03890000,0x038e0000)]

siginfo: ExceptionCode=0xc0000005, reading address 0x00000000

Registers:
EAX=0x00000000, EBX=0x13b97d10, ECX=0x13c3aba0, EDX=0x652900b8
ESP=0x038df00c, EBP=0x038df078, ESI=0x33c09648, EDI=0x017fa400
EIP=0x00000000, EFLAGS=0x00010202

Top of Stack: (sp=0x038df00c)
0x038df00c:   6509f8be 138d5680 038df02c 77672ce8
0x038df01c:   139f9448 017fa400 13c3aba0 139f9440
0x038df02c:   038df078 13b97d10 13b63ab0 00000000
0x038df03c:   038df0ac 00000001 017fa400 33c09648
0x038df04c:   13c3aba0 00000030 65281000 6528191c
0x038df05c:   038df070 6509f970 038df010 038df308
0x038df06c:   75d68cd5 08ebffa7 13c3aba0 038df0e8
0x038df07c:   6511da5a 13c3aba0 00000000 038df0a0 

Instructions: (pc=0x00000000)
0xffffffe0:   


Register to memory mapping:

EAX=0x00000000 is an unknown value
EBX=0x13b97d10 is an unknown value
ECX=0x13c3aba0 is an unknown value
EDX=0x652900b8 is an unknown value
ESP=0x038df00c is pointing into the stack for thread: 0x017fa400
EBP=0x038df078 is pointing into the stack for thread: 0x017fa400
ESI=0x33c09648 is an oop
{method} 
 - klass: {other class}
EDI=0x017fa400 is a thread


Stack: [0x03890000,0x038e0000],  sp=0x038df00c,  free space=316k
Java frames: (J=compiled Java code, j=interpreted, Vv=VM code)
j  com.badlogic.gdx.physics.bullet.gdxBulletJNI.delete_btDiscreteDynamicsWorld(J)V+0
j  com.badlogic.gdx.physics.bullet.btDiscreteDynamicsWorld.delete()V+25
j  com.badlogic.gdx.physics.bullet.BulletBase.dispose()V+74
j  com.badlogic.gdx.physics.bullet.BulletBase.destroy()V+108
j  com.badlogic.gdx.physics.bullet.btDiscreteDynamicsWorld.finalize()V+8
v  ~StubRoutines::call_stub
j  java.lang.ref.Finalizer.invokeFinalizeMethod(Ljava/lang/Object;)V+0
j  java.lang.ref.Finalizer.runFinalizer()V+45
j  java.lang.ref.Finalizer.access$100(Ljava/lang/ref/Finalizer;)V+1
j  java.lang.ref.Finalizer$FinalizerThread.run()V+24
v  ~StubRoutines::call_stub

---------------  P R O C E S S  ---------------

Java Threads: ( => current thread )
  0x072f7c00 JavaThread "LWJGL Timer" daemon [_thread_blocked, id=7680, stack(0x04f80000,0x04fd0000)]
  0x07300c00 JavaThread "AsynchExecutor-Thread" daemon [_thread_blocked, id=7320, stack(0x066a0000,0x066f0000)]
  0x011aac00 JavaThread "DestroyJavaVM" [_thread_blocked, id=6840, stack(0x01700000,0x01750000)]
  0x03e04000 JavaThread "LWJGL Application" [_thread_in_native, id=2704, stack(0x04f30000,0x04f80000)]
  0x01818c00 JavaThread "Service Thread" daemon [_thread_blocked, id=6340, stack(0x03cd0000,0x03d20000)]
  0x01813c00 JavaThread "C1 CompilerThread0" daemon [_thread_blocked, id=3240, stack(0x03bc0000,0x03c10000)]
  0x0180e400 JavaThread "Attach Listener" daemon [_thread_blocked, id=7892, stack(0x03a30000,0x03a80000)]
  0x0180b000 JavaThread "Signal Dispatcher" daemon [_thread_blocked, id=6924, stack(0x03b40000,0x03b90000)]
=>0x017fa400 JavaThread "Finalizer" daemon [_thread_in_native, id=8156, stack(0x03890000,0x038e0000)]
  0x017f5800 JavaThread "Reference Handler" daemon [_thread_blocked, id=2804, stack(0x03900000,0x03950000)]

Other Threads:
  0x017f4000 VMThread [stack: 0x01690000,0x016e0000] [id=7792]
  0x0182c400 WatcherThread [stack: 0x03c30000,0x03c80000] [id=4860]

VM state:not at safepoint (normal execution)

VM Mutex/Monitor currently owned by a thread: None

Heap
 def new generation   total 4992K, used 784K [0x238e0000, 0x23e40000, 0x28e30000)
  eden space 4480K,   6% used [0x238e0000, 0x239241a8, 0x23d40000)
  from space 512K, 100% used [0x23dc0000, 0x23e40000, 0x23e40000)
  to   space 512K,   0% used [0x23d40000, 0x23d40000, 0x23dc0000)
 tenured generation   total 10944K, used 6138K [0x28e30000, 0x298e0000, 0x338e0000)
   the space 10944K,  56% used [0x28e30000, 0x2942e988, 0x2942ea00, 0x298e0000)
 compacting perm gen  total 12288K, used 3682K [0x338e0000, 0x344e0000, 0x378e0000)
   the space 12288K,  29% used [0x338e0000, 0x33c78b50, 0x33c78c00, 0x344e0000)
    ro space 10240K,  42% used [0x378e0000, 0x37d24240, 0x37d24400, 0x382e0000)
    rw space 12288K,  54% used [0x382e0000, 0x38964d58, 0x38964e00, 0x38ee0000)

Card table byte_map: [0x011b0000,0x01260000] byte_map_base: 0x01093900

Polling page: 0x00170000

Code Cache  [0x01850000, 0x019a8000, 0x03850000)
 total_blobs=926 nmethods=473 adapters=388 free_code_cache=31406Kb largest_free_block=32159424

Compilation events (10 events):
Event: 3.274 Thread 0x01813c00  468             java.lang.Math::abs (14 bytes)
Event: 3.275 Thread 0x01813c00 nmethod 468 0x0199f908 code [0x0199fa00, 0x0199fa90]
Event: 3.310 Thread 0x01813c00  469             com.badlogic.gdx.graphics.glutils.VertexArray::bind (296 bytes)
Event: 3.313 Thread 0x01813c00 nmethod 469 0x0199fac8 code [0x0199fd80, 0x019a08c8]
Event: 3.313 Thread 0x01813c00  470             com.badlogic.gdx.graphics.glutils.VertexArray::unbind (91 bytes)
Event: 3.314 Thread 0x01813c00 nmethod 470 0x019a22c8 code [0x019a24a0, 0x019a2a64]
Event: 3.374 Thread 0x01813c00  471             com.badlogic.gdx.math.Frustum::<init> (148 bytes)
Event: 3.374 Thread 0x01813c00 nmethod 471 0x019a3808 code [0x019a3980, 0x019a423c]
Event: 3.383 Thread 0x01813c00  472             java.nio.ByteBuffer::hasArray (20 bytes)
Event: 3.383 Thread 0x01813c00 nmethod 472 0x019a4748 code [0x019a4840, 0x019a48f0]

GC Heap History (10 events):
Event: 2.790 GC heap before
{Heap before GC invocations=10 (full 0):
 def new generation   total 4928K, used 4922K [0x238e0000, 0x23e30000, 0x28e30000)
  eden space 4416K,  99% used [0x238e0000, 0x23d2eae8, 0x23d30000)
  from space 512K, 100% used [0x23d30000, 0x23db0000, 0x23db0000)
  to   space 512K,   0% used [0x23db0000, 0x23db0000, 0x23e30000)
 tenured generation   total 10944K, used 8480K [0x28e30000, 0x298e0000, 0x338e0000)
   the space 10944K,  77% used [0x28e30000, 0x29678010, 0x29678200, 0x298e0000)
 compacting perm gen  total 12288K, used 3682K [0x338e0000, 0x344e0000, 0x378e0000)
   the space 12288K,  29% used [0x338e0000, 0x33c78860, 0x33c78a00, 0x344e0000)
    ro space 10240K,  42% used [0x378e0000, 0x37d24240, 0x37d24400, 0x382e0000)
    rw space 12288K,  54% used [0x382e0000, 0x38964d58, 0x38964e00, 0x38ee0000)
Event: 2.793 GC heap after
Heap after GC invocations=11 (full 0):
 def new generation   total 4928K, used 511K [0x238e0000, 0x23e30000, 0x28e30000)
  eden space 4416K,   0% used [0x238e0000, 0x238e0000, 0x23d30000)
  from space 512K,  99% used [0x23db0000, 0x23e2fff8, 0x23e30000)
  to   space 512K,   0% used [0x23d30000, 0x23d30000, 0x23db0000)
 tenured generation   total 10944K, used 9171K [0x28e30000, 0x298e0000, 0x338e0000)
   the space 10944K,  83% used [0x28e30000, 0x29724c70, 0x29724e00, 0x298e0000)
 compacting perm gen  total 12288K, used 3682K [0x338e0000, 0x344e0000, 0x378e0000)
   the space 12288K,  29% used [0x338e0000, 0x33c78860, 0x33c78a00, 0x344e0000)
    ro space 10240K,  42% used [0x378e0000, 0x37d24240, 0x37d24400, 0x382e0000)
    rw space 12288K,  54% used [0x382e0000, 0x38964d58, 0x38964e00, 0x38ee0000)
}
Event: 2.912 GC heap before
{Heap before GC invocations=11 (full 0):
 def new generation   total 4928K, used 4882K [0x238e0000, 0x23e30000, 0x28e30000)
  eden space 4416K,  98% used [0x238e0000, 0x23d24c00, 0x23d30000)
  from space 512K,  99% used [0x23db0000, 0x23e2fff8, 0x23e30000)
  to   space 512K,   0% used [0x23d30000, 0x23d30000, 0x23db0000)
 tenured generation   total 10944K, used 9171K [0x28e30000, 0x298e0000, 0x338e0000)
   the space 10944K,  83% used [0x28e30000, 0x29724c70, 0x29724e00, 0x298e0000)
 compacting perm gen  total 12288K, used 3682K [0x338e0000, 0x344e0000, 0x378e0000)
   the space 12288K,  29% used [0x338e0000, 0x33c78860, 0x33c78a00, 0x344e0000)
    ro space 10240K,  42% used [0x378e0000, 0x37d24240, 0x37d24400, 0x382e0000)
    rw space 12288K,  54% used [0x382e0000, 0x38964d58, 0x38964e00, 0x38ee0000)
Event: 2.916 GC heap after
Heap after GC invocations=12 (full 0):
 def new generation   total 4928K, used 512K [0x238e0000, 0x23e30000, 0x28e30000)
  eden space 4416K,   0% used [0x238e0000, 0x238e0000, 0x23d30000)
  from space 512K, 100% used [0x23d30000, 0x23db0000, 0x23db0000)
  to   space 512K,   0% used [0x23db0000, 0x23db0000, 0x23e30000)
 tenured generation   total 10944K, used 9614K [0x28e30000, 0x298e0000, 0x338e0000)
   the space 10944K,  87% used [0x28e30000, 0x29793988, 0x29793a00, 0x298e0000)
 compacting perm gen  total 12288K, used 3682K [0x338e0000, 0x344e0000, 0x378e0000)
   the space 12288K,  29% used [0x338e0000, 0x33c78860, 0x33c78a00, 0x344e0000)
    ro space 10240K,  42% used [0x378e0000, 0x37d24240, 0x37d24400, 0x382e0000)
    rw space 12288K,  54% used [0x382e0000, 0x38964d58, 0x38964e00, 0x38ee0000)
}
Event: 3.044 GC heap before
{Heap before GC invocations=12 (full 0):
 def new generation   total 4928K, used 4928K [0x238e0000, 0x23e30000, 0x28e30000)
  eden space 4416K, 100% used [0x238e0000, 0x23d30000, 0x23d30000)
  from space 512K, 100% used [0x23d30000, 0x23db0000, 0x23db0000)
  to   space 512K,   0% used [0x23db0000, 0x23db0000, 0x23e30000)
 tenured generation   total 10944K, used 9614K [0x28e30000, 0x298e0000, 0x338e0000)
   the space 10944K,  87% used [0x28e30000, 0x29793988, 0x29793a00, 0x298e0000)
 compacting perm gen  total 12288K, used 3682K [0x338e0000, 0x344e0000, 0x378e0000)
   the space 12288K,  29% used [0x338e0000, 0x33c78b40, 0x33c78c00, 0x344e0000)
    ro space 10240K,  42% used [0x378e0000, 0x37d24240, 0x37d24400, 0x382e0000)
    rw space 12288K,  54% used [0x382e0000, 0x38964d58, 0x38964e00, 0x38ee0000)
Event: 3.048 GC heap after
Heap after GC invocations=13 (full 0):
 def new generation   total 4928K, used 512K [0x238e0000, 0x23e30000, 0x28e30000)
  eden space 4416K,   0% used [0x238e0000, 0x238e0000, 0x23d30000)
  from space 512K, 100% used [0x23db0000, 0x23e30000, 0x23e30000)
  to   space 512K,   0% used [0x23d30000, 0x23d30000, 0x23db0000)
 tenured generation   total 10944K, used 10371K [0x28e30000, 0x298e0000, 0x338e0000)
   the space 10944K,  94% used [0x28e30000, 0x29850f98, 0x29851000, 0x298e0000)
 compacting perm gen  total 12288K, used 3682K [0x338e0000, 0x344e0000, 0x378e0000)
   the space 12288K,  29% used [0x338e0000, 0x33c78b40, 0x33c78c00, 0x344e0000)
    ro space 10240K,  42% used [0x378e0000, 0x37d24240, 0x37d24400, 0x382e0000)
    rw space 12288K,  54% used [0x382e0000, 0x38964d58, 0x38964e00, 0x38ee0000)
}
Event: 3.173 GC heap before
{Heap before GC invocations=13 (full 0):
 def new generation   total 4928K, used 4906K [0x238e0000, 0x23e30000, 0x28e30000)
  eden space 4416K,  99% used [0x238e0000, 0x23d2a880, 0x23d30000)
  from space 512K, 100% used [0x23db0000, 0x23e30000, 0x23e30000)
  to   space 512K,   0% used [0x23d30000, 0x23d30000, 0x23db0000)
 tenured generation   total 10944K, used 10371K [0x28e30000, 0x298e0000, 0x338e0000)
   the space 10944K,  94% used [0x28e30000, 0x29850f98, 0x29851000, 0x298e0000)
 compacting perm gen  total 12288K, used 3682K [0x338e0000, 0x344e0000, 0x378e0000)
   the space 12288K,  29% used [0x338e0000, 0x33c78b50, 0x33c78c00, 0x344e0000)
    ro space 10240K,  42% used [0x378e0000, 0x37d24240, 0x37d24400, 0x382e0000)
    rw space 12288K,  54% used [0x382e0000, 0x38964d58, 0x38964e00, 0x38ee0000)
Event: 3.210 GC heap after
Heap after GC invocations=14 (full 1):
 def new generation   total 4992K, used 0K [0x238e0000, 0x23e40000, 0x28e30000)
  eden space 4480K,   0% used [0x238e0000, 0x238e0000, 0x23d40000)
  from space 512K,   0% used [0x23d40000, 0x23d40000, 0x23dc0000)
  to   space 512K,   0% used [0x23dc0000, 0x23dc0000, 0x23e40000)
 tenured generation   total 10944K, used 5606K [0x28e30000, 0x298e0000, 0x338e0000)
   the space 10944K,  51% used [0x28e30000, 0x293a9990, 0x293a9a00, 0x298e0000)
 compacting perm gen  total 12288K, used 3682K [0x338e0000, 0x344e0000, 0x378e0000)
   the space 12288K,  29% used [0x338e0000, 0x33c78b50, 0x33c78c00, 0x344e0000)
    ro space 10240K,  42% used [0x378e0000, 0x37d24240, 0x37d24400, 0x382e0000)
    rw space 12288K,  54% used [0x382e0000, 0x38964d58, 0x38964e00, 0x38ee0000)
}
Event: 3.380 GC heap before
{Heap before GC invocations=14 (full 1):
 def new generation   total 4992K, used 4480K [0x238e0000, 0x23e40000, 0x28e30000)
  eden space 4480K, 100% used [0x238e0000, 0x23d40000, 0x23d40000)
  from space 512K,   0% used [0x23d40000, 0x23d40000, 0x23dc0000)
  to   space 512K,   0% used [0x23dc0000, 0x23dc0000, 0x23e40000)
 tenured generation   total 10944K, used 5606K [0x28e30000, 0x298e0000, 0x338e0000)
   the space 10944K,  51% used [0x28e30000, 0x293a9990, 0x293a9a00, 0x298e0000)
 compacting perm gen  total 12288K, used 3682K [0x338e0000, 0x344e0000, 0x378e0000)
   the space 12288K,  29% used [0x338e0000, 0x33c78b50, 0x33c78c00, 0x344e0000)
    ro space 10240K,  42% used [0x378e0000, 0x37d24240, 0x37d24400, 0x382e0000)
    rw space 12288K,  54% used [0x382e0000, 0x38964d58, 0x38964e00, 0x38ee0000)
Event: 3.383 GC heap after
Heap after GC invocations=15 (full 1):
 def new generation   total 4992K, used 512K [0x238e0000, 0x23e40000, 0x28e30000)
  eden space 4480K,   0% used [0x238e0000, 0x238e0000, 0x23d40000)
  from space 512K, 100% used [0x23dc0000, 0x23e40000, 0x23e40000)
  to   space 512K,   0% used [0x23d40000, 0x23d40000, 0x23dc0000)
 tenured generation   total 10944K, used 6138K [0x28e30000, 0x298e0000, 0x338e0000)
   the space 10944K,  56% used [0x28e30000, 0x2942e988, 0x2942ea00, 0x298e0000)
 compacting perm gen  total 12288K, used 3682K [0x338e0000, 0x344e0000, 0x378e0000)
   the space 12288K,  29% used [0x338e0000, 0x33c78b50, 0x33c78c00, 0x344e0000)
    ro space 10240K,  42% used [0x378e0000, 0x37d24240, 0x37d24400, 0x382e0000)
    rw space 12288K,  54% used [0x382e0000, 0x38964d58, 0x38964e00, 0x38ee0000)
}

Deoptimization events (0 events):
No events

Internal exceptions (10 events):
Event: 2.067 Thread 0x03e04000 Threw 0x23b05e58 at C:\jdk7u2_32P\jdk7u25\hotspot\src\share\vm\prims\jvm.cpp:1235
Event: 2.067 Thread 0x03e04000 Threw 0x23b0aff8 at C:\jdk7u2_32P\jdk7u25\hotspot\src\share\vm\prims\jvm.cpp:1235
Event: 2.068 Thread 0x03e04000 Threw 0x23b118e8 at C:\jdk7u2_32P\jdk7u25\hotspot\src\share\vm\prims\jvm.cpp:1235
Event: 2.068 Thread 0x03e04000 Threw 0x23b18120 at C:\jdk7u2_32P\jdk7u25\hotspot\src\share\vm\prims\jvm.cpp:1235
Event: 2.068 Thread 0x03e04000 Threw 0x23b1c640 at C:\jdk7u2_32P\jdk7u25\hotspot\src\share\vm\prims\jvm.cpp:1235
Event: 2.070 Thread 0x03e04000 Threw 0x23b22020 at C:\jdk7u2_32P\jdk7u25\hotspot\src\share\vm\prims\jvm.cpp:1235
Event: 2.071 Thread 0x03e04000 Threw 0x23b2eaa0 at C:\jdk7u2_32P\jdk7u25\hotspot\src\share\vm\prims\jvm.cpp:1235
Event: 2.073 Thread 0x03e04000 Threw 0x23b42168 at C:\jdk7u2_32P\jdk7u25\hotspot\src\share\vm\prims\jvm.cpp:1235
Event: 2.074 Thread 0x03e04000 Threw 0x23b54918 at C:\jdk7u2_32P\jdk7u25\hotspot\src\share\vm\prims\jvm.cpp:1235
Event: 2.076 Thread 0x03e04000 Threw 0x23b63b70 at C:\jdk7u2_32P\jdk7u25\hotspot\src\share\vm\prims\jvm.cpp:1235

Events (10 events):
Event: 2.790 Executing VM operation: GenCollectForAllocation
Event: 2.793 Executing VM operation: GenCollectForAllocation done
Event: 2.912 Executing VM operation: GenCollectForAllocation
Event: 2.916 Executing VM operation: GenCollectForAllocation done
Event: 3.044 Executing VM operation: GenCollectForAllocation
Event: 3.048 Executing VM operation: GenCollectForAllocation done
Event: 3.173 Executing VM operation: GenCollectForAllocation
Event: 3.210 Executing VM operation: GenCollectForAllocation done
Event: 3.380 Executing VM operation: GenCollectForAllocation
Event: 3.383 Executing VM operation: GenCollectForAllocation done


Dynamic libraries:
0x01300000 - 0x0132f000 	C:\Program Files\Java\jre7\bin\javaw.exe
0x77620000 - 0x7775c000 	C:\Windows\SYSTEM32\ntdll.dll
0x77770000 - 0x77844000 	C:\Windows\system32\kernel32.dll
0x757f0000 - 0x7583b000 	C:\Windows\system32\KERNELBASE.dll
0x75c90000 - 0x75d30000 	C:\Windows\system32\ADVAPI32.dll
0x75d40000 - 0x75dec000 	C:\Windows\system32\msvcrt.dll
0x76170000 - 0x76189000 	C:\Windows\SYSTEM32\sechost.dll
0x760c0000 - 0x76162000 	C:\Windows\system32\RPCRT4.dll
0x77550000 - 0x77619000 	C:\Windows\system32\USER32.dll
0x76070000 - 0x760be000 	C:\Windows\system32\GDI32.dll
0x76390000 - 0x7639a000 	C:\Windows\system32\LPK.dll
0x763a0000 - 0x7643d000 	C:\Windows\system32\USP10.dll
0x744e0000 - 0x7467e000 	C:\Windows\WinSxS\x86_microsoft.windows.common-controls_6595b64144ccf1df_6.0.7601.17514_none_41e6975e2bd6f2b2\COMCTL32.dll
0x767e0000 - 0x76837000 	C:\Windows\system32\SHLWAPI.dll
0x767b0000 - 0x767cf000 	C:\Windows\system32\IMM32.DLL
0x759c0000 - 0x75a8c000 	C:\Windows\system32\MSCTF.dll
0x56a70000 - 0x56b2e000 	C:\Program Files\Java\jre7\bin\msvcr100.dll
0x59e80000 - 0x5a1c2000 	C:\Program Files\Java\jre7\bin\client\jvm.dll
0x69900000 - 0x69907000 	C:\Windows\system32\WSOCK32.dll
0x76350000 - 0x76385000 	C:\Windows\system32\WS2_32.dll
0x767d0000 - 0x767d6000 	C:\Windows\system32\NSI.dll
0x73a20000 - 0x73a52000 	C:\Windows\system32\WINMM.dll
0x77760000 - 0x77765000 	C:\Windows\system32\PSAPI.DLL
0x73660000 - 0x7366c000 	C:\Program Files\Java\jre7\bin\verify.dll
0x6b4c0000 - 0x6b4e0000 	C:\Program Files\Java\jre7\bin\java.dll
0x6b4a0000 - 0x6b4b3000 	C:\Program Files\Java\jre7\bin\zip.dll
0x6cec0000 - 0x6cf42000 	C:\Users\Nemo\AppData\Local\Temp\libgdxNemo\eba0a3db\gdx.dll
0x10000000 - 0x1004c000 	C:\Users\Nemo\AppData\Local\Temp\libgdxNemo\52d76f2b\lwjgl.dll
0x58cc0000 - 0x58d88000 	C:\Windows\system32\OPENGL32.dll
0x59a30000 - 0x59a52000 	C:\Windows\system32\GLU32.dll
0x63430000 - 0x63517000 	C:\Windows\system32\DDRAW.dll
0x6b140000 - 0x6b146000 	C:\Windows\system32\DCIMAN32.dll
0x75ed0000 - 0x7606d000 	C:\Windows\system32\SETUPAPI.dll
0x75710000 - 0x75737000 	C:\Windows\system32\CFGMGR32.dll
0x76720000 - 0x767af000 	C:\Windows\system32\OLEAUT32.dll
0x765c0000 - 0x7671c000 	C:\Windows\system32\ole32.dll
0x75840000 - 0x75852000 	C:\Windows\system32\DEVOBJ.dll
0x741d0000 - 0x741e3000 	C:\Windows\system32\dwmapi.dll
0x74c10000 - 0x74c19000 	C:\Windows\system32\VERSION.dll
0x03950000 - 0x039b5000 	C:\Users\Nemo\AppData\Local\Temp\libgdxNemo\52d76f2b\OpenAL32.dll
0x76840000 - 0x7748a000 	C:\Windows\system32\SHELL32.dll
0x755e0000 - 0x755ec000 	C:\Windows\system32\CRYPTBASE.dll
0x74380000 - 0x743c0000 	C:\Windows\system32\uxtheme.dll
0x69cb0000 - 0x69d08000 	C:\Program Files\Common Files\microsoft shared\ink\tiptsf.dll
0x77490000 - 0x77513000 	C:\Windows\system32\CLBCatQ.DLL
0x743c0000 - 0x744b5000 	C:\Windows\System32\PROPSYS.dll
0x756e0000 - 0x7570e000 	C:\Windows\system32\WINTRUST.dll
0x75860000 - 0x75980000 	C:\Windows\system32\CRYPT32.dll
0x756d0000 - 0x756dc000 	C:\Windows\system32\MSASN1.dll
0x73cb0000 - 0x73d22000 	C:\Windows\system32\dsound.dll
0x73e40000 - 0x73e65000 	C:\Windows\system32\POWRPROF.dll
0x74050000 - 0x74089000 	C:\Windows\System32\MMDevApi.dll
0x73840000 - 0x73876000 	C:\Windows\system32\AUDIOSES.DLL
0x54500000 - 0x55949000 	C:\Windows\system32\nvoglv32.DLL
0x74b80000 - 0x74ba1000 	C:\Windows\system32\ntmarta.dll
0x76570000 - 0x765b5000 	C:\Windows\system32\WLDAP32.dll
0x73410000 - 0x7344c000 	C:\Windows\system32\oleacc.dll
0x72890000 - 0x72909000 	C:\Windows\system32\mscms.dll
0x74c80000 - 0x74c97000 	C:\Windows\system32\USERENV.dll
0x75660000 - 0x7566b000 	C:\Windows\system32\profapi.dll
0x5d0c0000 - 0x5d0f8000 	C:\Windows\system32\icm32.dll
0x65080000 - 0x65339000 	C:\Users\Nemo\AppData\Local\Temp\libgdxNemo\447b5737\gdx-bullet.dll
0x6c260000 - 0x6c34b000 	C:\Windows\system32\dbghelp.dll

VM Arguments:
jvm_args: -Dfile.encoding=Cp1252 
java_command: com.nemo9955.garden_revolution.Main
Launcher Type: SUN_STANDARD

Environment Variables:
JAVA_HOME=C:\Program Files\Java\jdk1.7.0_21
CLASSPATH=.;C:\Program Files\Java\jre7\lib\ext\QTJava.zip
PATH=C:/Program Files/Java/jre7/bin/client;C:/Program Files/Java/jre7/bin;C:/Program Files/Java/jre7/lib/i386;C:\Program Files\Common Files\Microsoft Shared\Windows Live;C:\Program Files\PC Connectivity Solution\;C:\Program Files\NVIDIA Corporation\PhysX\Common;C:\Windows\system32;C:\Windows;C:\Windows\System32\Wbem;C:\Windows\System32\WindowsPowerShell\v1.0\;C:\Program Files\Java\jdk1.7.0_21\bin;C:\Program Files\QuickTime\QTSystem\;C:\Users\Nemo\Desktop\fbx-conv-master\premake4.exe;C:\ant\bin;C:\Program Files\Common Files\Microsoft Shared\Windows Live;D:\eclipse;
USERNAME=Nemo
OS=Windows_NT
PROCESSOR_IDENTIFIER=x86 Family 6 Model 23 Stepping 10, GenuineIntel



---------------  S Y S T E M  ---------------

OS: Windows 7 Build 7601 Service Pack 1

CPU:total 2 (2 cores per cpu, 1 threads per core) family 6 model 23 stepping 10, cmov, cx8, fxsr, mmx, sse, sse2, sse3, ssse3, tsc

Memory: 4k page, physical 3341624k(923328k free), swap 6679388k(1749584k free)

vm_info: Java HotSpot(TM) Client VM (23.25-b01) for windows-x86 JRE (1.7.0_25-b16), built on Jun 12 2013 20:29:09 by "java_re" with unknown MS VC++:1600

time: Fri Oct 04 18:48:30 2013
elapsed time: 3 seconds

